<?xml version="1.0" encoding="UTF-8"?>
<testsuite name="org.springframework.jdbc.datasource.init.ScriptUtilsUnitTests" tests="12" skipped="0" failures="0" errors="0" timestamp="2020-06-22T06:04:09" hostname="aiguoxindeMacBook-Pro.local" time="0.01">
  <properties/>
  <testcase name="readAndSplitScriptContainingMultiLineComments()" classname="org.springframework.jdbc.datasource.init.ScriptUtilsUnitTests" time="0.003"/>
  <testcase name="splitSqlScriptDelimitedWithSemicolon()" classname="org.springframework.jdbc.datasource.init.ScriptUtilsUnitTests" time="0.0"/>
  <testcase name="splitSqlScriptDelimitedWithNewLine()" classname="org.springframework.jdbc.datasource.init.ScriptUtilsUnitTests" time="0.0"/>
  <testcase name="readAndSplitScriptContainingCommentsWithMultiplePrefixes()" classname="org.springframework.jdbc.datasource.init.ScriptUtilsUnitTests" time="0.001"/>
  <testcase name="readAndSplitScriptContainingCommentsWithWindowsLineEnding()" classname="org.springframework.jdbc.datasource.init.ScriptUtilsUnitTests" time="0.001"/>
  <testcase name="containsDelimiters()" classname="org.springframework.jdbc.datasource.init.ScriptUtilsUnitTests" time="0.001"/>
  <testcase name="readAndSplitScriptContainingMultiLineNestedComments()" classname="org.springframework.jdbc.datasource.init.ScriptUtilsUnitTests" time="0.001"/>
  <testcase name="readAndSplitScriptWithMultipleNewlinesAsSeparator()" classname="org.springframework.jdbc.datasource.init.ScriptUtilsUnitTests" time="0.0"/>
  <testcase name="readAndSplitScriptContainingCommentsWithLeadingTabs()" classname="org.springframework.jdbc.datasource.init.ScriptUtilsUnitTests" time="0.0"/>
  <testcase name="splitScriptWithSingleQuotesNestedInsideDoubleQuotes()" classname="org.springframework.jdbc.datasource.init.ScriptUtilsUnitTests" time="0.0"/>
  <testcase name="readAndSplitScriptContainingComments()" classname="org.springframework.jdbc.datasource.init.ScriptUtilsUnitTests" time="0.0"/>
  <testcase name="splitSqlScriptDelimitedWithNewLineButDefaultDelimiterSpecified()" classname="org.springframework.jdbc.datasource.init.ScriptUtilsUnitTests" time="0.001"/>
  <system-out><![CDATA[]]></system-out>
  <system-err><![CDATA[]]></system-err>
</testsuite>
