<?xml version="1.0" encoding="UTF-8"?>
<testsuite name="org.springframework.jdbc.core.namedparam.BeanPropertySqlParameterSourceTests" tests="10" skipped="0" failures="0" errors="0" timestamp="2020-06-22T06:03:57" hostname="aiguoxindeMacBook-Pro.local" time="0.029">
  <properties/>
  <testcase name="hasValueWhereTheUnderlyingBeanPropertyIsNotReadable()" classname="org.springframework.jdbc.core.namedparam.BeanPropertySqlParameterSourceTests" time="0.002"/>
  <testcase name="hasValueWhereTheUnderlyingBeanHasNoSuchProperty()" classname="org.springframework.jdbc.core.namedparam.BeanPropertySqlParameterSourceTests" time="0.011"/>
  <testcase name="getValueWhereTheUnderlyingBeanHasNoSuchProperty()" classname="org.springframework.jdbc.core.namedparam.BeanPropertySqlParameterSourceTests" time="0.001"/>
  <testcase name="toStringDoesNotShowTypeUnknown()" classname="org.springframework.jdbc.core.namedparam.BeanPropertySqlParameterSourceTests" time="0.007"/>
  <testcase name="getValueWhereTheUnderlyingBeanPropertyIsNotReadable()" classname="org.springframework.jdbc.core.namedparam.BeanPropertySqlParameterSourceTests" time="0.0"/>
  <testcase name="successfulPropertyAccessWithOverriddenSqlType()" classname="org.springframework.jdbc.core.namedparam.BeanPropertySqlParameterSourceTests" time="0.0"/>
  <testcase name="withNullBeanPassedToCtor()" classname="org.springframework.jdbc.core.namedparam.BeanPropertySqlParameterSourceTests" time="0.002"/>
  <testcase name="toStringShowsCustomSqlType()" classname="org.springframework.jdbc.core.namedparam.BeanPropertySqlParameterSourceTests" time="0.001"/>
  <testcase name="successfulPropertyAccess()" classname="org.springframework.jdbc.core.namedparam.BeanPropertySqlParameterSourceTests" time="0.001"/>
  <testcase name="toStringShowsParameterDetails()" classname="org.springframework.jdbc.core.namedparam.BeanPropertySqlParameterSourceTests" time="0.001"/>
  <system-out><![CDATA[]]></system-out>
  <system-err><![CDATA[]]></system-err>
</testsuite>
