<?xml version="1.0" encoding="UTF-8"?>
<testsuite name="org.springframework.jdbc.object.RdbmsOperationTests" tests="13" skipped="0" failures="0" errors="0" timestamp="2020-06-22T06:04:09" hostname="aiguoxindeMacBook-Pro.local" time="0.009">
  <properties/>
  <testcase name="parameterPropagation()" classname="org.springframework.jdbc.object.RdbmsOperationTests" time="0.0"/>
  <testcase name="emptyDataSource()" classname="org.springframework.jdbc.object.RdbmsOperationTests" time="0.001"/>
  <testcase name="validateInOutParameter()" classname="org.springframework.jdbc.object.RdbmsOperationTests" time="0.001"/>
  <testcase name="parametersSetWithList()" classname="org.springframework.jdbc.object.RdbmsOperationTests" time="0.0"/>
  <testcase name="operationConfiguredViaJdbcTemplateMustGetDataSource()" classname="org.springframework.jdbc.object.RdbmsOperationTests" time="0.001"/>
  <testcase name="tooManyParameters()" classname="org.springframework.jdbc.object.RdbmsOperationTests" time="0.001"/>
  <testcase name="tooFewMapParameters()" classname="org.springframework.jdbc.object.RdbmsOperationTests" time="0.001"/>
  <testcase name="compileTwice()" classname="org.springframework.jdbc.object.RdbmsOperationTests" time="0.0"/>
  <testcase name="tooFewParameters()" classname="org.springframework.jdbc.object.RdbmsOperationTests" time="0.001"/>
  <testcase name="setTypeAfterCompile()" classname="org.springframework.jdbc.object.RdbmsOperationTests" time="0.001"/>
  <testcase name="unspecifiedMapParameters()" classname="org.springframework.jdbc.object.RdbmsOperationTests" time="0.0"/>
  <testcase name="declareParameterAfterCompile()" classname="org.springframework.jdbc.object.RdbmsOperationTests" time="0.001"/>
  <testcase name="emptySql()" classname="org.springframework.jdbc.object.RdbmsOperationTests" time="0.0"/>
  <system-out><![CDATA[]]></system-out>
  <system-err><![CDATA[]]></system-err>
</testsuite>
