<?xml version="1.0" encoding="UTF-8"?>
<testsuite name="org.springframework.jdbc.core.JdbcOperationsExtensionsTests" tests="12" skipped="0" failures="0" errors="0" timestamp="2020-06-22T06:04:14" hostname="aiguoxindeMacBook-Pro.local" time="2.83">
  <properties/>
  <testcase name="queryForObject with nullable RowMapper-like function()" classname="org.springframework.jdbc.core.JdbcOperationsExtensionsTests" time="2.38"/>
  <testcase name="queryForObject with reified type parameters()" classname="org.springframework.jdbc.core.JdbcOperationsExtensionsTests" time="0.014"/>
  <testcase name="queryForObject with RowMapper-like function()" classname="org.springframework.jdbc.core.JdbcOperationsExtensionsTests" time="0.018"/>
  <testcase name="queryForList with reified type parameters and argTypes()" classname="org.springframework.jdbc.core.JdbcOperationsExtensionsTests" time="0.27"/>
  <testcase name="query with ResultSetExtractor-like function()" classname="org.springframework.jdbc.core.JdbcOperationsExtensionsTests" time="0.018"/>
  <testcase name="queryForList with reified type parameters()" classname="org.springframework.jdbc.core.JdbcOperationsExtensionsTests" time="0.019"/>
  <testcase name="query with nullable ResultSetExtractor-like function()" classname="org.springframework.jdbc.core.JdbcOperationsExtensionsTests" time="0.013"/>
  <testcase name="queryForObject with reified type parameters and argTypes()" classname="org.springframework.jdbc.core.JdbcOperationsExtensionsTests" time="0.01"/>
  <testcase name="queryForObject with reified type parameters and args()" classname="org.springframework.jdbc.core.JdbcOperationsExtensionsTests" time="0.011"/>
  <testcase name="query with RowMapper-like function()" classname="org.springframework.jdbc.core.JdbcOperationsExtensionsTests" time="0.025"/>
  <testcase name="queryForList with reified type parameters and args()" classname="org.springframework.jdbc.core.JdbcOperationsExtensionsTests" time="0.009"/>
  <testcase name="query with RowCallbackHandler-like function()" classname="org.springframework.jdbc.core.JdbcOperationsExtensionsTests" time="0.027"/>
  <system-out><![CDATA[]]></system-out>
  <system-err><![CDATA[]]></system-err>
</testsuite>
