<?xml version="1.0" encoding="UTF-8"?>
<testsuite name="org.springframework.jdbc.datasource.DriverManagerDataSourceTests" tests="4" skipped="0" failures="0" errors="0" timestamp="2020-06-22T06:04:01" hostname="aiguoxindeMacBook-Pro.local" time="0.004">
  <properties/>
  <testcase name="testUsageWithConnectionProperties()" classname="org.springframework.jdbc.datasource.DriverManagerDataSourceTests" time="0.001"/>
  <testcase name="testInvalidClassName()" classname="org.springframework.jdbc.datasource.DriverManagerDataSourceTests" time="0.001"/>
  <testcase name="testStandardUsage()" classname="org.springframework.jdbc.datasource.DriverManagerDataSourceTests" time="0.001"/>
  <testcase name="testUsageWithConnectionPropertiesAndUserCredentials()" classname="org.springframework.jdbc.datasource.DriverManagerDataSourceTests" time="0.001"/>
  <system-out><![CDATA[]]></system-out>
  <system-err><![CDATA[]]></system-err>
</testsuite>
