<?xml version="1.0" encoding="UTF-8"?>
<testsuite name="org.springframework.jdbc.object.GenericStoredProcedureTests" tests="1" skipped="0" failures="0" errors="0" timestamp="2020-06-22T06:04:09" hostname="aiguoxindeMacBook-Pro.local" time="0.027">
  <properties/>
  <testcase name="testAddInvoices()" classname="org.springframework.jdbc.object.GenericStoredProcedureTests" time="0.027"/>
  <system-out><![CDATA[]]></system-out>
  <system-err><![CDATA[]]></system-err>
</testsuite>
