<?xml version="1.0" encoding="UTF-8"?>
<testsuite name="org.springframework.web.method.annotation.CookieValueMethodArgumentResolverTests" tests="3" skipped="0" failures="0" errors="0" timestamp="2020-06-22T06:40:10" hostname="aiguoxindeMacBook-Pro.local" time="0.009">
  <properties/>
  <testcase name="resolveCookieDefaultValue()" classname="org.springframework.web.method.annotation.CookieValueMethodArgumentResolverTests" time="0.007"/>
  <testcase name="notFound()" classname="org.springframework.web.method.annotation.CookieValueMethodArgumentResolverTests" time="0.001"/>
  <testcase name="supportsParameter()" classname="org.springframework.web.method.annotation.CookieValueMethodArgumentResolverTests" time="0.0"/>
  <system-out><![CDATA[]]></system-out>
  <system-err><![CDATA[]]></system-err>
</testsuite>
