<?xml version="1.0" encoding="UTF-8"?>
<testsuite name="org.springframework.web.method.annotation.ModelFactoryOrderingTests" tests="4" skipped="0" failures="0" errors="0" timestamp="2020-06-22T06:40:10" hostname="aiguoxindeMacBook-Pro.local" time="0.022">
  <properties/>
  <testcase name="unresolvedDependency()" classname="org.springframework.web.method.annotation.ModelFactoryOrderingTests" time="0.012"/>
  <testcase name="treeDependency()" classname="org.springframework.web.method.annotation.ModelFactoryOrderingTests" time="0.003"/>
  <testcase name="straightLineDependency()" classname="org.springframework.web.method.annotation.ModelFactoryOrderingTests" time="0.003"/>
  <testcase name="InvertedTreeDependency()" classname="org.springframework.web.method.annotation.ModelFactoryOrderingTests" time="0.003"/>
  <system-out><![CDATA[14:40:10.431 [Test worker] DEBUG o.s.w.m.a.ModelFactoryOrderingTests -  >> getA >> getC4 >> getC3 >> getC2 >> getC1
14:40:10.435 [Test worker] DEBUG o.s.w.m.a.ModelFactoryOrderingTests -  >> getA >> getB1 >> getC1 >> getC2 >> getB2 >> getC3 >> getC4
14:40:10.438 [Test worker] DEBUG o.s.w.m.a.ModelFactoryOrderingTests -  >> getA >> getB1 >> getB2 >> getC1 >> getC2 >> getC3 >> getC4
14:40:10.442 [Test worker] DEBUG o.s.w.m.a.ModelFactoryOrderingTests -  >> getC2 >> getC3 >> getC1 >> getC4 >> getB1 >> getB2 >> getA
]]></system-out>
  <system-err><![CDATA[]]></system-err>
</testsuite>
