<?xml version="1.0" encoding="UTF-8"?>
<testsuite name="org.springframework.http.client.BufferedSimpleAsyncHttpRequestFactoryTests" tests="7" skipped="0" failures="0" errors="0" timestamp="2020-06-22T06:39:28" hostname="aiguoxindeMacBook-Pro.local" time="0.263">
  <properties/>
  <testcase name="cancel()" classname="org.springframework.http.client.BufferedSimpleAsyncHttpRequestFactoryTests" time="0.185"/>
  <testcase name="headersAfterExecute()" classname="org.springframework.http.client.BufferedSimpleAsyncHttpRequestFactoryTests" time="0.034"/>
  <testcase name="status()" classname="org.springframework.http.client.BufferedSimpleAsyncHttpRequestFactoryTests" time="0.005"/>
  <testcase name="echo()" classname="org.springframework.http.client.BufferedSimpleAsyncHttpRequestFactoryTests" time="0.005"/>
  <testcase name="statusCallback()" classname="org.springframework.http.client.BufferedSimpleAsyncHttpRequestFactoryTests" time="0.004"/>
  <testcase name="multipleWrites()" classname="org.springframework.http.client.BufferedSimpleAsyncHttpRequestFactoryTests" time="0.006"/>
  <testcase name="httpMethods()" classname="org.springframework.http.client.BufferedSimpleAsyncHttpRequestFactoryTests" time="0.02"/>
  <system-out><![CDATA[]]></system-out>
  <system-err><![CDATA[六月 22, 2020 2:39:28 下午 okhttp3.mockwebserver.MockWebServer$3 execute
信息: MockWebServer[62967] starting to accept connections
六月 22, 2020 2:39:28 下午 okhttp3.mockwebserver.MockWebServer$3 acceptConnections
信息: MockWebServer[62967] done accepting connections: Socket closed
六月 22, 2020 2:39:28 下午 okhttp3.mockwebserver.MockWebServer$3 execute
信息: MockWebServer[62969] starting to accept connections
六月 22, 2020 2:39:28 下午 okhttp3.mockwebserver.MockWebServer$4 processOneRequest
信息: MockWebServer[62969] received request: POST /echo HTTP/1.1 and responded: HTTP/1.1 200 OK
六月 22, 2020 2:39:28 下午 okhttp3.mockwebserver.MockWebServer$3 acceptConnections
信息: MockWebServer[62969] done accepting connections: Socket closed
六月 22, 2020 2:39:28 下午 okhttp3.mockwebserver.MockWebServer$3 execute
信息: MockWebServer[62971] starting to accept connections
六月 22, 2020 2:39:28 下午 okhttp3.mockwebserver.MockWebServer$4 processOneRequest
信息: MockWebServer[62971] received request: GET /status/notfound HTTP/1.1 and responded: HTTP/1.1 404 Client Error
六月 22, 2020 2:39:28 下午 okhttp3.mockwebserver.MockWebServer$3 acceptConnections
信息: MockWebServer[62971] done accepting connections: Socket closed
六月 22, 2020 2:39:28 下午 okhttp3.mockwebserver.MockWebServer$3 execute
信息: MockWebServer[62973] starting to accept connections
六月 22, 2020 2:39:28 下午 okhttp3.mockwebserver.MockWebServer$4 processOneRequest
信息: MockWebServer[62973] received request: PUT /echo HTTP/1.1 and responded: HTTP/1.1 200 OK
六月 22, 2020 2:39:28 下午 okhttp3.mockwebserver.MockWebServer$3 acceptConnections
信息: MockWebServer[62973] done accepting connections: Socket closed
六月 22, 2020 2:39:28 下午 okhttp3.mockwebserver.MockWebServer$3 execute
信息: MockWebServer[62975] starting to accept connections
六月 22, 2020 2:39:28 下午 okhttp3.mockwebserver.MockWebServer$4 processOneRequest
信息: MockWebServer[62975] received request: GET /status/notfound HTTP/1.1 and responded: HTTP/1.1 404 Client Error
六月 22, 2020 2:39:28 下午 okhttp3.mockwebserver.MockWebServer$3 acceptConnections
信息: MockWebServer[62975] done accepting connections: Socket closed
六月 22, 2020 2:39:28 下午 okhttp3.mockwebserver.MockWebServer$3 execute
信息: MockWebServer[62977] starting to accept connections
六月 22, 2020 2:39:28 下午 okhttp3.mockwebserver.MockWebServer$4 processOneRequest
信息: MockWebServer[62977] received request: POST /echo HTTP/1.1 and responded: HTTP/1.1 200 OK
六月 22, 2020 2:39:28 下午 okhttp3.mockwebserver.MockWebServer$3 acceptConnections
信息: MockWebServer[62977] done accepting connections: Socket closed
六月 22, 2020 2:39:28 下午 okhttp3.mockwebserver.MockWebServer$3 execute
信息: MockWebServer[62979] starting to accept connections
六月 22, 2020 2:39:28 下午 okhttp3.mockwebserver.MockWebServer$4 processOneRequest
信息: MockWebServer[62979] received request: GET /methods/get HTTP/1.1 and responded: HTTP/1.1 200 OK
六月 22, 2020 2:39:28 下午 okhttp3.mockwebserver.MockWebServer$4 processOneRequest
信息: MockWebServer[62979] received request: HEAD /methods/head HTTP/1.1 and responded: HTTP/1.1 200 OK
六月 22, 2020 2:39:28 下午 okhttp3.mockwebserver.MockWebServer$4 processOneRequest
信息: MockWebServer[62979] received request: POST /methods/post HTTP/1.1 and responded: HTTP/1.1 200 OK
六月 22, 2020 2:39:28 下午 okhttp3.mockwebserver.MockWebServer$4 processOneRequest
信息: MockWebServer[62979] received request: PUT /methods/put HTTP/1.1 and responded: HTTP/1.1 200 OK
六月 22, 2020 2:39:28 下午 okhttp3.mockwebserver.MockWebServer$4 processOneRequest
信息: MockWebServer[62979] received request: OPTIONS /methods/options HTTP/1.1 and responded: HTTP/1.1 200 OK
六月 22, 2020 2:39:28 下午 okhttp3.mockwebserver.MockWebServer$4 processOneRequest
信息: MockWebServer[62979] received request: DELETE /methods/delete HTTP/1.1 and responded: HTTP/1.1 200 OK
六月 22, 2020 2:39:28 下午 okhttp3.mockwebserver.MockWebServer$3 acceptConnections
信息: MockWebServer[62979] done accepting connections: Socket closed
]]></system-err>
</testsuite>
