<?xml version="1.0" encoding="UTF-8"?>
<testsuite name="org.springframework.http.server.reactive.ListenerReadPublisherTests" tests="3" skipped="0" failures="0" errors="0" timestamp="2020-06-22T06:40:03" hostname="aiguoxindeMacBook-Pro.local" time="0.016">
  <properties/>
  <testcase name="discardDataOnCancel()" classname="org.springframework.http.server.reactive.ListenerReadPublisherTests" time="0.016"/>
  <testcase name="twoReads()" classname="org.springframework.http.server.reactive.ListenerReadPublisherTests" time="0.0"/>
  <testcase name="discardDataOnError()" classname="org.springframework.http.server.reactive.ListenerReadPublisherTests" time="0.0"/>
  <system-out><![CDATA[]]></system-out>
  <system-err><![CDATA[]]></system-err>
</testsuite>
