<?xml version="1.0" encoding="UTF-8"?>
<testsuite name="org.springframework.http.converter.feed.RssChannelHttpMessageConverterTests" tests="5" skipped="0" failures="0" errors="0" timestamp="2020-06-22T06:39:53" hostname="aiguoxindeMacBook-Pro.local" time="0.037">
  <properties/>
  <testcase name="writeOtherCharset()" classname="org.springframework.http.converter.feed.RssChannelHttpMessageConverterTests" time="0.011"/>
  <testcase name="writeOtherContentTypeParameters()" classname="org.springframework.http.converter.feed.RssChannelHttpMessageConverterTests" time="0.001"/>
  <testcase name="read()" classname="org.springframework.http.converter.feed.RssChannelHttpMessageConverterTests" time="0.005"/>
  <testcase name="write()" classname="org.springframework.http.converter.feed.RssChannelHttpMessageConverterTests" time="0.018"/>
  <testcase name="canReadAndWrite()" classname="org.springframework.http.converter.feed.RssChannelHttpMessageConverterTests" time="0.001"/>
  <system-out><![CDATA[]]></system-out>
  <system-err><![CDATA[]]></system-err>
</testsuite>
