<?xml version="1.0" encoding="UTF-8"?>
<testsuite name="org.springframework.http.client.Netty4AsyncClientHttpRequestFactoryTests" tests="7" skipped="0" failures="0" errors="0" timestamp="2020-06-22T06:39:30" hostname="aiguoxindeMacBook-Pro.local" time="0.287">
  <properties/>
  <testcase name="cancel()" classname="org.springframework.http.client.Netty4AsyncClientHttpRequestFactoryTests" time="0.165"/>
  <testcase name="headersAfterExecute()" classname="org.springframework.http.client.Netty4AsyncClientHttpRequestFactoryTests" time="0.041"/>
  <testcase name="status()" classname="org.springframework.http.client.Netty4AsyncClientHttpRequestFactoryTests" time="0.014"/>
  <testcase name="echo()" classname="org.springframework.http.client.Netty4AsyncClientHttpRequestFactoryTests" time="0.013"/>
  <testcase name="statusCallback()" classname="org.springframework.http.client.Netty4AsyncClientHttpRequestFactoryTests" time="0.007"/>
  <testcase name="multipleWrites()" classname="org.springframework.http.client.Netty4AsyncClientHttpRequestFactoryTests" time="0.009"/>
  <testcase name="httpMethods()" classname="org.springframework.http.client.Netty4AsyncClientHttpRequestFactoryTests" time="0.035"/>
  <system-out><![CDATA[]]></system-out>
  <system-err><![CDATA[六月 22, 2020 2:39:30 下午 okhttp3.mockwebserver.MockWebServer$3 execute
信息: MockWebServer[63054] starting to accept connections
六月 22, 2020 2:39:30 下午 okhttp3.mockwebserver.MockWebServer$3 acceptConnections
信息: MockWebServer[63054] done accepting connections: Socket closed
六月 22, 2020 2:39:30 下午 okhttp3.mockwebserver.MockWebServer$3 execute
信息: MockWebServer[63055] starting to accept connections
六月 22, 2020 2:39:30 下午 okhttp3.mockwebserver.MockWebServer$4 processOneRequest
信息: MockWebServer[63055] received request: POST /echo HTTP/1.1 and responded: HTTP/1.1 200 OK
六月 22, 2020 2:39:30 下午 okhttp3.mockwebserver.MockWebServer$3 acceptConnections
信息: MockWebServer[63055] done accepting connections: Socket closed
六月 22, 2020 2:39:30 下午 okhttp3.mockwebserver.MockWebServer$3 execute
信息: MockWebServer[63058] starting to accept connections
六月 22, 2020 2:39:30 下午 okhttp3.mockwebserver.MockWebServer$4 processOneRequest
信息: MockWebServer[63058] received request: GET /status/notfound HTTP/1.1 and responded: HTTP/1.1 404 Client Error
六月 22, 2020 2:39:30 下午 okhttp3.mockwebserver.MockWebServer$3 acceptConnections
信息: MockWebServer[63058] done accepting connections: Socket closed
六月 22, 2020 2:39:30 下午 okhttp3.mockwebserver.MockWebServer$3 execute
信息: MockWebServer[63060] starting to accept connections
六月 22, 2020 2:39:30 下午 okhttp3.mockwebserver.MockWebServer$4 processOneRequest
信息: MockWebServer[63060] received request: PUT /echo HTTP/1.1 and responded: HTTP/1.1 200 OK
六月 22, 2020 2:39:30 下午 okhttp3.mockwebserver.MockWebServer$3 acceptConnections
信息: MockWebServer[63060] done accepting connections: Socket closed
六月 22, 2020 2:39:30 下午 okhttp3.mockwebserver.MockWebServer$3 execute
信息: MockWebServer[63062] starting to accept connections
六月 22, 2020 2:39:30 下午 okhttp3.mockwebserver.MockWebServer$4 processOneRequest
信息: MockWebServer[63062] received request: GET /status/notfound HTTP/1.1 and responded: HTTP/1.1 404 Client Error
六月 22, 2020 2:39:30 下午 okhttp3.mockwebserver.MockWebServer$3 acceptConnections
信息: MockWebServer[63062] done accepting connections: Socket closed
六月 22, 2020 2:39:30 下午 okhttp3.mockwebserver.MockWebServer$3 execute
信息: MockWebServer[63064] starting to accept connections
六月 22, 2020 2:39:30 下午 okhttp3.mockwebserver.MockWebServer$4 processOneRequest
信息: MockWebServer[63064] received request: POST /echo HTTP/1.1 and responded: HTTP/1.1 200 OK
六月 22, 2020 2:39:30 下午 okhttp3.mockwebserver.MockWebServer$3 acceptConnections
信息: MockWebServer[63064] done accepting connections: Socket closed
六月 22, 2020 2:39:30 下午 okhttp3.mockwebserver.MockWebServer$3 execute
信息: MockWebServer[63067] starting to accept connections
六月 22, 2020 2:39:30 下午 okhttp3.mockwebserver.MockWebServer$4 processOneRequest
信息: MockWebServer[63067] received request: GET /methods/get HTTP/1.1 and responded: HTTP/1.1 200 OK
六月 22, 2020 2:39:30 下午 okhttp3.mockwebserver.MockWebServer$4 processOneRequest
信息: MockWebServer[63067] received request: HEAD /methods/head HTTP/1.1 and responded: HTTP/1.1 200 OK
六月 22, 2020 2:39:30 下午 okhttp3.mockwebserver.MockWebServer$4 processOneRequest
信息: MockWebServer[63067] received request: POST /methods/post HTTP/1.1 and responded: HTTP/1.1 200 OK
六月 22, 2020 2:39:30 下午 okhttp3.mockwebserver.MockWebServer$4 processOneRequest
信息: MockWebServer[63067] received request: PUT /methods/put HTTP/1.1 and responded: HTTP/1.1 200 OK
六月 22, 2020 2:39:30 下午 okhttp3.mockwebserver.MockWebServer$4 processOneRequest
信息: MockWebServer[63067] received request: OPTIONS /methods/options HTTP/1.1 and responded: HTTP/1.1 200 OK
六月 22, 2020 2:39:30 下午 okhttp3.mockwebserver.MockWebServer$4 processOneRequest
信息: MockWebServer[63067] received request: DELETE /methods/delete HTTP/1.1 and responded: HTTP/1.1 200 OK
六月 22, 2020 2:39:30 下午 okhttp3.mockwebserver.MockWebServer$4 processOneRequest
信息: MockWebServer[63067] received request: PATCH /methods/patch HTTP/1.1 and responded: HTTP/1.1 200 OK
六月 22, 2020 2:39:30 下午 okhttp3.mockwebserver.MockWebServer$3 acceptConnections
信息: MockWebServer[63067] done accepting connections: Socket closed
]]></system-err>
</testsuite>
