<?xml version="1.0" encoding="UTF-8"?>
<testsuite name="org.springframework.http.client.InterceptingStreamingHttpComponentsTests" tests="6" skipped="0" failures="0" errors="0" timestamp="2020-06-22T06:39:30" hostname="aiguoxindeMacBook-Pro.local" time="0.028">
  <properties/>
  <testcase name="headersAfterExecute()" classname="org.springframework.http.client.InterceptingStreamingHttpComponentsTests" time="0.006"/>
  <testcase name="status()" classname="org.springframework.http.client.InterceptingStreamingHttpComponentsTests" time="0.003"/>
  <testcase name="echo()" classname="org.springframework.http.client.InterceptingStreamingHttpComponentsTests" time="0.003"/>
  <testcase name="multipleWrites()" classname="org.springframework.http.client.InterceptingStreamingHttpComponentsTests" time="0.004"/>
  <testcase name="queryParameters()" classname="org.springframework.http.client.InterceptingStreamingHttpComponentsTests" time="0.005"/>
  <testcase name="httpMethods()" classname="org.springframework.http.client.InterceptingStreamingHttpComponentsTests" time="0.004"/>
  <system-out><![CDATA[]]></system-out>
  <system-err><![CDATA[六月 22, 2020 2:39:30 下午 okhttp3.mockwebserver.MockWebServer$3 execute
信息: MockWebServer[63042] starting to accept connections
六月 22, 2020 2:39:30 下午 okhttp3.mockwebserver.MockWebServer$4 processOneRequest
信息: MockWebServer[63042] received request: POST /status/ok HTTP/1.1 and responded: HTTP/1.1 200 OK
六月 22, 2020 2:39:30 下午 okhttp3.mockwebserver.MockWebServer$3 acceptConnections
信息: MockWebServer[63042] done accepting connections: Socket closed
六月 22, 2020 2:39:30 下午 okhttp3.mockwebserver.MockWebServer$3 execute
信息: MockWebServer[63044] starting to accept connections
六月 22, 2020 2:39:30 下午 okhttp3.mockwebserver.MockWebServer$4 processOneRequest
信息: MockWebServer[63044] received request: GET /status/notfound HTTP/1.1 and responded: HTTP/1.1 404 Client Error
六月 22, 2020 2:39:30 下午 okhttp3.mockwebserver.MockWebServer$3 acceptConnections
信息: MockWebServer[63044] done accepting connections: Socket closed
六月 22, 2020 2:39:30 下午 okhttp3.mockwebserver.MockWebServer$3 execute
信息: MockWebServer[63046] starting to accept connections
六月 22, 2020 2:39:30 下午 okhttp3.mockwebserver.MockWebServer$4 processOneRequest
信息: MockWebServer[63046] received request: PUT /echo HTTP/1.1 and responded: HTTP/1.1 200 OK
六月 22, 2020 2:39:30 下午 okhttp3.mockwebserver.MockWebServer$3 acceptConnections
信息: MockWebServer[63046] done accepting connections: Socket closed
六月 22, 2020 2:39:30 下午 okhttp3.mockwebserver.MockWebServer$3 execute
信息: MockWebServer[63048] starting to accept connections
六月 22, 2020 2:39:30 下午 okhttp3.mockwebserver.MockWebServer$4 processOneRequest
信息: MockWebServer[63048] received request: POST /echo HTTP/1.1 and responded: HTTP/1.1 200 OK
六月 22, 2020 2:39:30 下午 okhttp3.mockwebserver.MockWebServer$3 acceptConnections
信息: MockWebServer[63048] done accepting connections: Socket closed
六月 22, 2020 2:39:30 下午 okhttp3.mockwebserver.MockWebServer$3 execute
信息: MockWebServer[63050] starting to accept connections
六月 22, 2020 2:39:30 下午 okhttp3.mockwebserver.MockWebServer$4 processOneRequest
信息: MockWebServer[63050] received request: GET /params?param1=value&param2=value1&param2=value2 HTTP/1.1 and responded: HTTP/1.1 200 OK
六月 22, 2020 2:39:30 下午 okhttp3.mockwebserver.MockWebServer$3 acceptConnections
信息: MockWebServer[63050] done accepting connections: Socket closed
六月 22, 2020 2:39:30 下午 okhttp3.mockwebserver.MockWebServer$3 execute
信息: MockWebServer[63052] starting to accept connections
六月 22, 2020 2:39:30 下午 okhttp3.mockwebserver.MockWebServer$4 processOneRequest
信息: MockWebServer[63052] received request: PATCH /methods/patch HTTP/1.1 and responded: HTTP/1.1 200 OK
六月 22, 2020 2:39:30 下午 okhttp3.mockwebserver.MockWebServer$3 acceptConnections
信息: MockWebServer[63052] done accepting connections: Socket closed
]]></system-err>
</testsuite>
