<?xml version="1.0" encoding="UTF-8"?>
<testsuite name="org.springframework.web.bind.EscapedErrorsTests" tests="1" skipped="0" failures="0" errors="0" timestamp="2020-06-22T06:40:06" hostname="aiguoxindeMacBook-Pro.local" time="0.03">
  <properties/>
  <testcase name="testEscapedErrors()" classname="org.springframework.web.bind.EscapedErrorsTests" time="0.03"/>
  <system-out><![CDATA[]]></system-out>
  <system-err><![CDATA[]]></system-err>
</testsuite>
