<?xml version="1.0" encoding="UTF-8"?>
<testsuite name="org.springframework.web.method.annotation.ErrorsMethodArgumentResolverTests" tests="4" skipped="0" failures="0" errors="0" timestamp="2020-06-22T06:40:10" hostname="aiguoxindeMacBook-Pro.local" time="0.007">
  <properties/>
  <testcase name="supports()" classname="org.springframework.web.method.annotation.ErrorsMethodArgumentResolverTests" time="0.001"/>
  <testcase name="bindingResultNotFound()" classname="org.springframework.web.method.annotation.ErrorsMethodArgumentResolverTests" time="0.005"/>
  <testcase name="noBindingResult()" classname="org.springframework.web.method.annotation.ErrorsMethodArgumentResolverTests" time="0.0"/>
  <testcase name="bindingResult()" classname="org.springframework.web.method.annotation.ErrorsMethodArgumentResolverTests" time="0.0"/>
  <system-out><![CDATA[]]></system-out>
  <system-err><![CDATA[]]></system-err>
</testsuite>
