<?xml version="1.0" encoding="UTF-8"?>
<testsuite name="org.springframework.web.cors.UrlBasedCorsConfigurationSourceTests" tests="6" skipped="0" failures="0" errors="0" timestamp="2020-06-22T06:40:09" hostname="aiguoxindeMacBook-Pro.local" time="0.005">
  <properties/>
  <testcase name="registerAndMatch(Function)[1]" classname="org.springframework.web.cors.UrlBasedCorsConfigurationSourceTests" time="0.001"/>
  <testcase name="registerAndMatch(Function)[2]" classname="org.springframework.web.cors.UrlBasedCorsConfigurationSourceTests" time="0.001"/>
  <testcase name="allowInitLookupPath()" classname="org.springframework.web.cors.UrlBasedCorsConfigurationSourceTests" time="0.0"/>
  <testcase name="empty(Function)[1]" classname="org.springframework.web.cors.UrlBasedCorsConfigurationSourceTests" time="0.0"/>
  <testcase name="empty(Function)[2]" classname="org.springframework.web.cors.UrlBasedCorsConfigurationSourceTests" time="0.001"/>
  <testcase name="unmodifiableConfigurationsMap()" classname="org.springframework.web.cors.UrlBasedCorsConfigurationSourceTests" time="0.001"/>
  <system-out><![CDATA[]]></system-out>
  <system-err><![CDATA[]]></system-err>
</testsuite>
