<?xml version="1.0" encoding="UTF-8"?>
<testsuite name="org.springframework.http.codec.multipart.MultipartHttpMessageWriterTests" tests="6" skipped="0" failures="0" errors="0" timestamp="2020-06-22T06:39:40" hostname="aiguoxindeMacBook-Pro.local" time="0.365">
  <properties/>
  <testcase name="singleSubscriberWithStrings()" classname="org.springframework.http.codec.multipart.MultipartHttpMessageWriterTests" time="0.016"/>
  <testcase name="canWrite()" classname="org.springframework.http.codec.multipart.MultipartHttpMessageWriterTests" time="0.001"/>
  <testcase name="writeMultipartRelated()" classname="org.springframework.http.codec.multipart.MultipartHttpMessageWriterTests" time="0.097"/>
  <testcase name="customContentDisposition()" classname="org.springframework.http.codec.multipart.MultipartHttpMessageWriterTests" time="0.074"/>
  <testcase name="writeMultipartFormData()" classname="org.springframework.http.codec.multipart.MultipartHttpMessageWriterTests" time="0.143"/>
  <testcase name="singleSubscriberWithResource()" classname="org.springframework.http.codec.multipart.MultipartHttpMessageWriterTests" time="0.011"/>
  <system-out><![CDATA[14:39:40.724 [Test worker] DEBUG o.s.w.HttpLogging - Encoding parts [name] (content masked)
14:39:40.748 [Test worker] DEBUG o.s.w.HttpLogging - Encoding parts [name 1, name 2] (content masked)
14:39:40.842 [Test worker] DEBUG o.s.w.HttpLogging - Parsed parts [name 2, name 1] (content masked)
14:39:40.851 [Test worker] DEBUG o.s.w.HttpLogging - Encoding parts [resource, buffers] (content masked)
14:39:40.918 [Test worker] DEBUG o.s.w.HttpLogging - Parsed parts [buffers, resource] (content masked)
14:39:40.965 [Test worker] DEBUG o.s.w.HttpLogging - Encoding parts [name 1, name 2, logo, utf8, json, publisher, filePublisher] (content masked)
14:39:41.060 [Test worker] DEBUG o.s.w.HttpLogging - Parsed parts [name 2, name 1, utf8, publisher, json, logo, filePublisher] (content masked)
14:39:41.077 [Test worker] DEBUG o.s.w.HttpLogging - Encoding parts [logo] (content masked)
14:39:41.087 [Test worker] DEBUG o.s.w.HttpLogging - Parsed parts [logo] (content masked)
]]></system-out>
  <system-err><![CDATA[]]></system-err>
</testsuite>
