<?xml version="1.0" encoding="UTF-8"?>
<testsuite name="org.springframework.http.codec.ServerSentEventHttpMessageWriterTests" tests="48" skipped="0" failures="0" errors="0" timestamp="2020-06-22T06:39:52" hostname="aiguoxindeMacBook-Pro.local" time="0.149">
  <properties/>
  <testcase name="writeServerSentEvent(String, DataBufferFactory)[1]" classname="org.springframework.http.codec.ServerSentEventHttpMessageWriterTests" time="0.003"/>
  <testcase name="writeServerSentEvent(String, DataBufferFactory)[2]" classname="org.springframework.http.codec.ServerSentEventHttpMessageWriterTests" time="0.001"/>
  <testcase name="writeServerSentEvent(String, DataBufferFactory)[3]" classname="org.springframework.http.codec.ServerSentEventHttpMessageWriterTests" time="0.004"/>
  <testcase name="writeServerSentEvent(String, DataBufferFactory)[4]" classname="org.springframework.http.codec.ServerSentEventHttpMessageWriterTests" time="0.001"/>
  <testcase name="writeServerSentEvent(String, DataBufferFactory)[5]" classname="org.springframework.http.codec.ServerSentEventHttpMessageWriterTests" time="0.001"/>
  <testcase name="writeServerSentEvent(String, DataBufferFactory)[6]" classname="org.springframework.http.codec.ServerSentEventHttpMessageWriterTests" time="0.001"/>
  <testcase name="writeStringWithCustomCharset(String, DataBufferFactory)[1]" classname="org.springframework.http.codec.ServerSentEventHttpMessageWriterTests" time="0.002"/>
  <testcase name="writeStringWithCustomCharset(String, DataBufferFactory)[2]" classname="org.springframework.http.codec.ServerSentEventHttpMessageWriterTests" time="0.0"/>
  <testcase name="writeStringWithCustomCharset(String, DataBufferFactory)[3]" classname="org.springframework.http.codec.ServerSentEventHttpMessageWriterTests" time="0.001"/>
  <testcase name="writeStringWithCustomCharset(String, DataBufferFactory)[4]" classname="org.springframework.http.codec.ServerSentEventHttpMessageWriterTests" time="0.001"/>
  <testcase name="writeStringWithCustomCharset(String, DataBufferFactory)[5]" classname="org.springframework.http.codec.ServerSentEventHttpMessageWriterTests" time="0.001"/>
  <testcase name="writeStringWithCustomCharset(String, DataBufferFactory)[6]" classname="org.springframework.http.codec.ServerSentEventHttpMessageWriterTests" time="0.001"/>
  <testcase name="writePojo(String, DataBufferFactory)[1]" classname="org.springframework.http.codec.ServerSentEventHttpMessageWriterTests" time="0.003"/>
  <testcase name="writePojo(String, DataBufferFactory)[2]" classname="org.springframework.http.codec.ServerSentEventHttpMessageWriterTests" time="0.002"/>
  <testcase name="writePojo(String, DataBufferFactory)[3]" classname="org.springframework.http.codec.ServerSentEventHttpMessageWriterTests" time="0.005"/>
  <testcase name="writePojo(String, DataBufferFactory)[4]" classname="org.springframework.http.codec.ServerSentEventHttpMessageWriterTests" time="0.006"/>
  <testcase name="writePojo(String, DataBufferFactory)[5]" classname="org.springframework.http.codec.ServerSentEventHttpMessageWriterTests" time="0.005"/>
  <testcase name="writePojo(String, DataBufferFactory)[6]" classname="org.springframework.http.codec.ServerSentEventHttpMessageWriterTests" time="0.004"/>
  <testcase name="writePojoWithCustomEncoding(String, DataBufferFactory)[1]" classname="org.springframework.http.codec.ServerSentEventHttpMessageWriterTests" time="0.004"/>
  <testcase name="writePojoWithCustomEncoding(String, DataBufferFactory)[2]" classname="org.springframework.http.codec.ServerSentEventHttpMessageWriterTests" time="0.002"/>
  <testcase name="writePojoWithCustomEncoding(String, DataBufferFactory)[3]" classname="org.springframework.http.codec.ServerSentEventHttpMessageWriterTests" time="0.004"/>
  <testcase name="writePojoWithCustomEncoding(String, DataBufferFactory)[4]" classname="org.springframework.http.codec.ServerSentEventHttpMessageWriterTests" time="0.002"/>
  <testcase name="writePojoWithCustomEncoding(String, DataBufferFactory)[5]" classname="org.springframework.http.codec.ServerSentEventHttpMessageWriterTests" time="0.003"/>
  <testcase name="writePojoWithCustomEncoding(String, DataBufferFactory)[6]" classname="org.springframework.http.codec.ServerSentEventHttpMessageWriterTests" time="0.002"/>
  <testcase name="canWrite(String, DataBufferFactory)[1]" classname="org.springframework.http.codec.ServerSentEventHttpMessageWriterTests" time="0.001"/>
  <testcase name="canWrite(String, DataBufferFactory)[2]" classname="org.springframework.http.codec.ServerSentEventHttpMessageWriterTests" time="0.0"/>
  <testcase name="canWrite(String, DataBufferFactory)[3]" classname="org.springframework.http.codec.ServerSentEventHttpMessageWriterTests" time="0.0"/>
  <testcase name="canWrite(String, DataBufferFactory)[4]" classname="org.springframework.http.codec.ServerSentEventHttpMessageWriterTests" time="0.001"/>
  <testcase name="canWrite(String, DataBufferFactory)[5]" classname="org.springframework.http.codec.ServerSentEventHttpMessageWriterTests" time="0.0"/>
  <testcase name="canWrite(String, DataBufferFactory)[6]" classname="org.springframework.http.codec.ServerSentEventHttpMessageWriterTests" time="0.0"/>
  <testcase name="writePojoWithPrettyPrint(String, DataBufferFactory)[1]" classname="org.springframework.http.codec.ServerSentEventHttpMessageWriterTests" time="0.004"/>
  <testcase name="writePojoWithPrettyPrint(String, DataBufferFactory)[2]" classname="org.springframework.http.codec.ServerSentEventHttpMessageWriterTests" time="0.004"/>
  <testcase name="writePojoWithPrettyPrint(String, DataBufferFactory)[3]" classname="org.springframework.http.codec.ServerSentEventHttpMessageWriterTests" time="0.004"/>
  <testcase name="writePojoWithPrettyPrint(String, DataBufferFactory)[4]" classname="org.springframework.http.codec.ServerSentEventHttpMessageWriterTests" time="0.004"/>
  <testcase name="writePojoWithPrettyPrint(String, DataBufferFactory)[5]" classname="org.springframework.http.codec.ServerSentEventHttpMessageWriterTests" time="0.002"/>
  <testcase name="writePojoWithPrettyPrint(String, DataBufferFactory)[6]" classname="org.springframework.http.codec.ServerSentEventHttpMessageWriterTests" time="0.003"/>
  <testcase name="writeMultiLineString(String, DataBufferFactory)[1]" classname="org.springframework.http.codec.ServerSentEventHttpMessageWriterTests" time="0.001"/>
  <testcase name="writeMultiLineString(String, DataBufferFactory)[2]" classname="org.springframework.http.codec.ServerSentEventHttpMessageWriterTests" time="0.001"/>
  <testcase name="writeMultiLineString(String, DataBufferFactory)[3]" classname="org.springframework.http.codec.ServerSentEventHttpMessageWriterTests" time="0.0"/>
  <testcase name="writeMultiLineString(String, DataBufferFactory)[4]" classname="org.springframework.http.codec.ServerSentEventHttpMessageWriterTests" time="0.001"/>
  <testcase name="writeMultiLineString(String, DataBufferFactory)[5]" classname="org.springframework.http.codec.ServerSentEventHttpMessageWriterTests" time="0.0"/>
  <testcase name="writeMultiLineString(String, DataBufferFactory)[6]" classname="org.springframework.http.codec.ServerSentEventHttpMessageWriterTests" time="0.001"/>
  <testcase name="writeString(String, DataBufferFactory)[1]" classname="org.springframework.http.codec.ServerSentEventHttpMessageWriterTests" time="0.001"/>
  <testcase name="writeString(String, DataBufferFactory)[2]" classname="org.springframework.http.codec.ServerSentEventHttpMessageWriterTests" time="0.001"/>
  <testcase name="writeString(String, DataBufferFactory)[3]" classname="org.springframework.http.codec.ServerSentEventHttpMessageWriterTests" time="0.001"/>
  <testcase name="writeString(String, DataBufferFactory)[4]" classname="org.springframework.http.codec.ServerSentEventHttpMessageWriterTests" time="0.001"/>
  <testcase name="writeString(String, DataBufferFactory)[5]" classname="org.springframework.http.codec.ServerSentEventHttpMessageWriterTests" time="0.001"/>
  <testcase name="writeString(String, DataBufferFactory)[6]" classname="org.springframework.http.codec.ServerSentEventHttpMessageWriterTests" time="0.0"/>
  <system-out><![CDATA[14:39:52.243 [Test worker] DEBUG o.s.w.HttpLogging - Encoding [Pojo[foo='foofoo', bar='barbar']]
14:39:52.244 [Test worker] DEBUG o.s.w.HttpLogging - Encoding [Pojo[foo='foofoofoo', bar='barbarbar']]
14:39:52.247 [Test worker] DEBUG o.s.w.HttpLogging - Encoding [Pojo[foo='foofoo', bar='barbar']]
14:39:52.248 [Test worker] DEBUG o.s.w.HttpLogging - Encoding [Pojo[foo='foofoofoo', bar='barbarbar']]
14:39:52.250 [Test worker] DEBUG o.s.w.HttpLogging - Encoding [Pojo[foo='foofoo', bar='barbar']]
14:39:52.253 [Test worker] DEBUG o.s.w.HttpLogging - Encoding [Pojo[foo='foofoofoo', bar='barbarbar']]
14:39:52.256 [Test worker] DEBUG o.s.w.HttpLogging - Encoding [Pojo[foo='foofoo', bar='barbar']]
14:39:52.260 [Test worker] DEBUG o.s.w.HttpLogging - Encoding [Pojo[foo='foofoofoo', bar='barbarbar']]
14:39:52.264 [Test worker] DEBUG o.s.w.HttpLogging - Encoding [Pojo[foo='foofoo', bar='barbar']]
14:39:52.266 [Test worker] DEBUG o.s.w.HttpLogging - Encoding [Pojo[foo='foofoofoo', bar='barbarbar']]
14:39:52.271 [Test worker] DEBUG o.s.w.HttpLogging - Encoding [Pojo[foo='foofoo', bar='barbar']]
14:39:52.273 [Test worker] DEBUG o.s.w.HttpLogging - Encoding [Pojo[foo='foofoofoo', bar='barbarbar']]
14:39:52.277 [Test worker] DEBUG o.s.w.HttpLogging - Encoding [Pojo[foo='foo]]>&#x1d11e;<![CDATA[', bar='bar]]>&#x1d11e;<![CDATA[']]
14:39:52.282 [Test worker] DEBUG o.s.w.HttpLogging - Encoding [Pojo[foo='foo]]>&#x1d11e;<![CDATA[', bar='bar]]>&#x1d11e;<![CDATA[']]
14:39:52.285 [Test worker] DEBUG o.s.w.HttpLogging - Encoding [Pojo[foo='foo]]>&#x1d11e;<![CDATA[', bar='bar]]>&#x1d11e;<![CDATA[']]
14:39:52.290 [Test worker] DEBUG o.s.w.HttpLogging - Encoding [Pojo[foo='foo]]>&#x1d11e;<![CDATA[', bar='bar]]>&#x1d11e;<![CDATA[']]
14:39:52.294 [Test worker] DEBUG o.s.w.HttpLogging - Encoding [Pojo[foo='foo]]>&#x1d11e;<![CDATA[', bar='bar]]>&#x1d11e;<![CDATA[']]
14:39:52.298 [Test worker] DEBUG o.s.w.HttpLogging - Encoding [Pojo[foo='foo]]>&#x1d11e;<![CDATA[', bar='bar]]>&#x1d11e;<![CDATA[']]
14:39:52.314 [Test worker] DEBUG o.s.w.HttpLogging - Encoding [Pojo[foo='foofoo', bar='barbar']]
14:39:52.316 [Test worker] DEBUG o.s.w.HttpLogging - Encoding [Pojo[foo='foofoofoo', bar='barbarbar']]
14:39:52.319 [Test worker] DEBUG o.s.w.HttpLogging - Encoding [Pojo[foo='foofoo', bar='barbar']]
14:39:52.321 [Test worker] DEBUG o.s.w.HttpLogging - Encoding [Pojo[foo='foofoofoo', bar='barbarbar']]
14:39:52.324 [Test worker] DEBUG o.s.w.HttpLogging - Encoding [Pojo[foo='foofoo', bar='barbar']]
14:39:52.326 [Test worker] DEBUG o.s.w.HttpLogging - Encoding [Pojo[foo='foofoofoo', bar='barbarbar']]
14:39:52.328 [Test worker] DEBUG o.s.w.HttpLogging - Encoding [Pojo[foo='foofoo', bar='barbar']]
14:39:52.330 [Test worker] DEBUG o.s.w.HttpLogging - Encoding [Pojo[foo='foofoofoo', bar='barbarbar']]
14:39:52.332 [Test worker] DEBUG o.s.w.HttpLogging - Encoding [Pojo[foo='foofoo', bar='barbar']]
14:39:52.333 [Test worker] DEBUG o.s.w.HttpLogging - Encoding [Pojo[foo='foofoofoo', bar='barbarbar']]
14:39:52.336 [Test worker] DEBUG o.s.w.HttpLogging - Encoding [Pojo[foo='foofoo', bar='barbar']]
14:39:52.338 [Test worker] DEBUG o.s.w.HttpLogging - Encoding [Pojo[foo='foofoofoo', bar='barbarbar']]
]]></system-out>
  <system-err><![CDATA[]]></system-err>
</testsuite>
