<?xml version="1.0" encoding="UTF-8"?>
<testsuite name="org.springframework.http.RequestEntityTests" tests="7" skipped="0" failures="0" errors="0" timestamp="2020-06-22T06:39:55" hostname="aiguoxindeMacBook-Pro.local" time="0.006">
  <properties/>
  <testcase name="normal()" classname="org.springframework.http.RequestEntityTests" time="0.0"/>
  <testcase name="get()" classname="org.springframework.http.RequestEntityTests" time="0.0"/>
  <testcase name="types()" classname="org.springframework.http.RequestEntityTests" time="0.0"/>
  <testcase name="headers()" classname="org.springframework.http.RequestEntityTests" time="0.001"/>
  <testcase name="methods()" classname="org.springframework.http.RequestEntityTests" time="0.0"/>
  <testcase name="uriVariablesExpansion()" classname="org.springframework.http.RequestEntityTests" time="0.002"/>
  <testcase name="uriExpansion()" classname="org.springframework.http.RequestEntityTests" time="0.001"/>
  <system-out><![CDATA[]]></system-out>
  <system-err><![CDATA[]]></system-err>
</testsuite>
