<?xml version="1.0" encoding="UTF-8"?>
<testsuite name="org.springframework.http.client.StreamingSimpleClientHttpRequestFactoryTests" tests="8" skipped="1" failures="0" errors="0" timestamp="2020-06-22T06:39:38" hostname="aiguoxindeMacBook-Pro.local" time="0.045">
  <properties/>
  <testcase name="headersAfterExecute()" classname="org.springframework.http.client.StreamingSimpleClientHttpRequestFactoryTests" time="0.013"/>
  <testcase name="status()" classname="org.springframework.http.client.StreamingSimpleClientHttpRequestFactoryTests" time="0.005"/>
  <testcase name="echo()" classname="org.springframework.http.client.StreamingSimpleClientHttpRequestFactoryTests" time="0.003"/>
  <testcase name="multipleWrites()" classname="org.springframework.http.client.StreamingSimpleClientHttpRequestFactoryTests" time="0.003"/>
  <testcase name="queryParameters()" classname="org.springframework.http.client.StreamingSimpleClientHttpRequestFactoryTests" time="0.003"/>
  <testcase name="httpMethods()" classname="org.springframework.http.client.StreamingSimpleClientHttpRequestFactoryTests" time="0.009"/>
  <testcase name="largeFileUpload()" classname="org.springframework.http.client.StreamingSimpleClientHttpRequestFactoryTests" time="0.001">
    <skipped/>
  </testcase>
  <testcase name="interceptor()" classname="org.springframework.http.client.StreamingSimpleClientHttpRequestFactoryTests" time="0.004"/>
  <system-out><![CDATA[]]></system-out>
  <system-err><![CDATA[六月 22, 2020 2:39:38 下午 okhttp3.mockwebserver.MockWebServer$3 execute
信息: MockWebServer[63217] starting to accept connections
六月 22, 2020 2:39:38 下午 okhttp3.mockwebserver.MockWebServer$4 processOneRequest
信息: MockWebServer[63217] received request: POST /status/ok HTTP/1.1 and responded: HTTP/1.1 200 OK
六月 22, 2020 2:39:38 下午 okhttp3.mockwebserver.MockWebServer$3 acceptConnections
信息: MockWebServer[63217] done accepting connections: Socket closed
六月 22, 2020 2:39:38 下午 okhttp3.mockwebserver.MockWebServer$3 execute
信息: MockWebServer[63219] starting to accept connections
六月 22, 2020 2:39:38 下午 okhttp3.mockwebserver.MockWebServer$4 processOneRequest
信息: MockWebServer[63219] received request: GET /status/notfound HTTP/1.1 and responded: HTTP/1.1 404 Client Error
六月 22, 2020 2:39:38 下午 okhttp3.mockwebserver.MockWebServer$3 acceptConnections
信息: MockWebServer[63219] done accepting connections: Socket closed
六月 22, 2020 2:39:38 下午 okhttp3.mockwebserver.MockWebServer$3 execute
信息: MockWebServer[63221] starting to accept connections
六月 22, 2020 2:39:38 下午 okhttp3.mockwebserver.MockWebServer$4 processOneRequest
信息: MockWebServer[63221] received request: PUT /echo HTTP/1.1 and responded: HTTP/1.1 200 OK
六月 22, 2020 2:39:38 下午 okhttp3.mockwebserver.MockWebServer$3 acceptConnections
信息: MockWebServer[63221] done accepting connections: Socket closed
六月 22, 2020 2:39:38 下午 okhttp3.mockwebserver.MockWebServer$3 execute
信息: MockWebServer[63223] starting to accept connections
六月 22, 2020 2:39:38 下午 okhttp3.mockwebserver.MockWebServer$3 acceptConnections
信息: MockWebServer[63223] done accepting connections: Socket closed
六月 22, 2020 2:39:38 下午 okhttp3.mockwebserver.MockWebServer$4 execute
信息: MockWebServer[63223] connection from /127.0.0.1 failed: java.net.SocketException: Socket closed
六月 22, 2020 2:39:38 下午 okhttp3.mockwebserver.MockWebServer$3 execute
信息: MockWebServer[63225] starting to accept connections
六月 22, 2020 2:39:38 下午 okhttp3.mockwebserver.MockWebServer$4 processOneRequest
信息: MockWebServer[63225] received request: GET /params?param1=value&param2=value1&param2=value2 HTTP/1.1 and responded: HTTP/1.1 200 OK
六月 22, 2020 2:39:38 下午 okhttp3.mockwebserver.MockWebServer$3 acceptConnections
信息: MockWebServer[63225] done accepting connections: Socket closed
六月 22, 2020 2:39:38 下午 okhttp3.mockwebserver.MockWebServer$3 execute
信息: MockWebServer[63227] starting to accept connections
六月 22, 2020 2:39:38 下午 okhttp3.mockwebserver.MockWebServer$4 processOneRequest
信息: MockWebServer[63227] received request: GET /methods/get HTTP/1.1 and responded: HTTP/1.1 200 OK
六月 22, 2020 2:39:38 下午 okhttp3.mockwebserver.MockWebServer$4 processOneRequest
信息: MockWebServer[63227] received request: HEAD /methods/head HTTP/1.1 and responded: HTTP/1.1 200 OK
六月 22, 2020 2:39:38 下午 okhttp3.mockwebserver.MockWebServer$4 processOneRequest
信息: MockWebServer[63227] received request: POST /methods/post HTTP/1.1 and responded: HTTP/1.1 200 OK
六月 22, 2020 2:39:38 下午 okhttp3.mockwebserver.MockWebServer$4 processOneRequest
信息: MockWebServer[63227] received request: PUT /methods/put HTTP/1.1 and responded: HTTP/1.1 200 OK
六月 22, 2020 2:39:38 下午 okhttp3.mockwebserver.MockWebServer$4 processOneRequest
信息: MockWebServer[63227] received request: OPTIONS /methods/options HTTP/1.1 and responded: HTTP/1.1 200 OK
六月 22, 2020 2:39:38 下午 okhttp3.mockwebserver.MockWebServer$4 processOneRequest
信息: MockWebServer[63227] received request: DELETE /methods/delete HTTP/1.1 and responded: HTTP/1.1 200 OK
六月 22, 2020 2:39:38 下午 okhttp3.mockwebserver.MockWebServer$3 acceptConnections
信息: MockWebServer[63227] done accepting connections: Socket closed
六月 22, 2020 2:39:38 下午 okhttp3.mockwebserver.MockWebServer$3 execute
信息: MockWebServer[63229] starting to accept connections
六月 22, 2020 2:39:38 下午 okhttp3.mockwebserver.MockWebServer$4 processOneRequest
信息: MockWebServer[63229] received request: GET /echo HTTP/1.1 and responded: HTTP/1.1 200 OK
六月 22, 2020 2:39:38 下午 okhttp3.mockwebserver.MockWebServer$3 acceptConnections
信息: MockWebServer[63229] done accepting connections: Socket closed
]]></system-err>
</testsuite>
