<?xml version="1.0" encoding="UTF-8"?>
<testsuite name="org.springframework.http.server.reactive.CookieIntegrationTests" tests="4" skipped="0" failures="0" errors="0" timestamp="2020-06-22T06:40:03" hostname="aiguoxindeMacBook-Pro.local" time="0.065">
  <properties/>
  <testcase name="basicTest(HttpServer)[1]" classname="org.springframework.http.server.reactive.CookieIntegrationTests" time="0.012"/>
  <testcase name="basicTest(HttpServer)[2]" classname="org.springframework.http.server.reactive.CookieIntegrationTests" time="0.006"/>
  <testcase name="basicTest(HttpServer)[3]" classname="org.springframework.http.server.reactive.CookieIntegrationTests" time="0.028"/>
  <testcase name="basicTest(HttpServer)[4]" classname="org.springframework.http.server.reactive.CookieIntegrationTests" time="0.017"/>
  <system-out><![CDATA[14:40:03.508 [Test worker] DEBUG o.s.w.t.h.s.r.b.JettyHttpServer - Starting JettyHttpServer...
14:40:03.511 [Test worker] DEBUG o.s.w.t.h.s.r.b.JettyHttpServer - Server started on port 63262(0 millis).
14:40:03.514 [Test worker] DEBUG o.s.w.c.RestTemplate - HTTP GET http://localhost:63262
14:40:03.514 [Test worker] DEBUG o.s.w.c.RestTemplate - Accept=[application/xml, text/xml, application/json, application/x-jackson-smile, application/cbor, application/*+xml, application/*+json]
14:40:03.516 [Test worker] DEBUG o.s.w.c.RestTemplate - Response 200 OK
14:40:03.518 [Test worker] DEBUG o.s.w.t.h.s.r.b.JettyHttpServer - Stopping JettyHttpServer...
14:40:03.519 [Test worker] DEBUG o.s.w.t.h.s.r.b.JettyHttpServer - Server stopped (0 millis).
14:40:03.520 [Test worker] DEBUG o.s.w.t.h.s.r.b.ReactorHttpServer - Starting ReactorHttpServer...
14:40:03.521 [Test worker] DEBUG o.s.w.t.h.s.r.b.ReactorHttpServer - Server started on port 63264(0 millis).
14:40:03.523 [Test worker] DEBUG o.s.w.c.RestTemplate - HTTP GET http://localhost:63264
14:40:03.523 [Test worker] DEBUG o.s.w.c.RestTemplate - Accept=[application/xml, text/xml, application/json, application/x-jackson-smile, application/cbor, application/*+xml, application/*+json]
14:40:03.526 [Test worker] DEBUG o.s.w.c.RestTemplate - Response 200 OK
14:40:03.526 [Test worker] DEBUG o.s.w.t.h.s.r.b.ReactorHttpServer - Stopping ReactorHttpServer...
14:40:03.526 [Test worker] DEBUG o.s.w.t.h.s.r.b.ReactorHttpServer - Server stopped (0 millis).
14:40:03.527 [Test worker] DEBUG o.s.w.t.h.s.r.b.TomcatHttpServer - Starting TomcatHttpServer...
14:40:03.533 [Test worker] DEBUG o.s.w.t.h.s.r.b.TomcatHttpServer - Server started on port 63266(0 millis).
14:40:03.535 [Test worker] DEBUG o.s.w.c.RestTemplate - HTTP GET http://localhost:63266
14:40:03.536 [Test worker] DEBUG o.s.w.c.RestTemplate - Accept=[application/xml, text/xml, application/json, application/x-jackson-smile, application/cbor, application/*+xml, application/*+json]
14:40:03.539 [Test worker] DEBUG o.s.w.c.RestTemplate - Response 200 OK
14:40:03.540 [Test worker] DEBUG o.s.w.t.h.s.r.b.TomcatHttpServer - Stopping TomcatHttpServer...
14:40:03.555 [Test worker] DEBUG o.s.w.t.h.s.r.b.TomcatHttpServer - Server stopped (0 millis).
14:40:03.555 [Test worker] DEBUG o.s.w.t.h.s.r.b.UndertowHttpServer - Starting UndertowHttpServer...
14:40:03.558 [Test worker] DEBUG o.s.w.t.h.s.r.b.UndertowHttpServer - Server started on port 63269(0 millis).
14:40:03.560 [Test worker] DEBUG o.s.w.c.RestTemplate - HTTP GET http://localhost:63269
14:40:03.560 [Test worker] DEBUG o.s.w.c.RestTemplate - Accept=[application/xml, text/xml, application/json, application/x-jackson-smile, application/cbor, application/*+xml, application/*+json]
14:40:03.570 [Test worker] DEBUG o.s.w.c.RestTemplate - Response 200 OK
14:40:03.571 [Test worker] DEBUG o.s.w.t.h.s.r.b.UndertowHttpServer - Stopping UndertowHttpServer...
14:40:03.572 [Test worker] DEBUG o.s.w.t.h.s.r.b.UndertowHttpServer - Server stopped (0 millis).
]]></system-out>
  <system-err><![CDATA[六月 22, 2020 2:40:03 下午 org.apache.catalina.core.StandardService startInternal
信息: Starting service [Tomcat]
六月 22, 2020 2:40:03 下午 org.apache.catalina.core.StandardEngine startInternal
信息: Starting Servlet engine: [Apache Tomcat/9.0.36]
六月 22, 2020 2:40:03 下午 org.apache.coyote.AbstractProtocol init
信息: Initializing ProtocolHandler ["http-nio-auto-7"]
六月 22, 2020 2:40:03 下午 org.apache.coyote.AbstractProtocol start
信息: Starting ProtocolHandler ["http-nio-auto-7-63266"]
六月 22, 2020 2:40:03 下午 org.apache.coyote.AbstractProtocol pause
信息: Pausing ProtocolHandler ["http-nio-auto-7-63266"]
六月 22, 2020 2:40:03 下午 org.apache.catalina.core.StandardService stopInternal
信息: Stopping service [Tomcat]
六月 22, 2020 2:40:03 下午 org.apache.coyote.AbstractProtocol stop
信息: Stopping ProtocolHandler ["http-nio-auto-7-63266"]
六月 22, 2020 2:40:03 下午 org.apache.coyote.AbstractProtocol destroy
信息: Destroying ProtocolHandler ["http-nio-auto-7-63266"]
]]></system-err>
</testsuite>
