<?xml version="1.0" encoding="UTF-8"?>
<testsuite name="org.springframework.http.client.StreamingHttpComponentsClientHttpRequestFactoryTests" tests="6" skipped="0" failures="0" errors="0" timestamp="2020-06-22T06:39:38" hostname="aiguoxindeMacBook-Pro.local" time="0.029">
  <properties/>
  <testcase name="headersAfterExecute()" classname="org.springframework.http.client.StreamingHttpComponentsClientHttpRequestFactoryTests" time="0.002"/>
  <testcase name="status()" classname="org.springframework.http.client.StreamingHttpComponentsClientHttpRequestFactoryTests" time="0.006"/>
  <testcase name="echo()" classname="org.springframework.http.client.StreamingHttpComponentsClientHttpRequestFactoryTests" time="0.004"/>
  <testcase name="multipleWrites()" classname="org.springframework.http.client.StreamingHttpComponentsClientHttpRequestFactoryTests" time="0.007"/>
  <testcase name="queryParameters()" classname="org.springframework.http.client.StreamingHttpComponentsClientHttpRequestFactoryTests" time="0.004"/>
  <testcase name="httpMethods()" classname="org.springframework.http.client.StreamingHttpComponentsClientHttpRequestFactoryTests" time="0.005"/>
  <system-out><![CDATA[]]></system-out>
  <system-err><![CDATA[六月 22, 2020 2:39:38 下午 okhttp3.mockwebserver.MockWebServer$3 execute
信息: MockWebServer[63206] starting to accept connections
六月 22, 2020 2:39:38 下午 okhttp3.mockwebserver.MockWebServer$3 acceptConnections
信息: MockWebServer[63206] done accepting connections: Socket closed
六月 22, 2020 2:39:38 下午 okhttp3.mockwebserver.MockWebServer$3 execute
信息: MockWebServer[63207] starting to accept connections
六月 22, 2020 2:39:38 下午 okhttp3.mockwebserver.MockWebServer$4 processOneRequest
信息: MockWebServer[63207] received request: GET /status/notfound HTTP/1.1 and responded: HTTP/1.1 404 Client Error
六月 22, 2020 2:39:38 下午 okhttp3.mockwebserver.MockWebServer$3 acceptConnections
信息: MockWebServer[63207] done accepting connections: Socket closed
六月 22, 2020 2:39:38 下午 okhttp3.mockwebserver.MockWebServer$3 execute
信息: MockWebServer[63209] starting to accept connections
六月 22, 2020 2:39:38 下午 okhttp3.mockwebserver.MockWebServer$4 processOneRequest
信息: MockWebServer[63209] received request: PUT /echo HTTP/1.1 and responded: HTTP/1.1 200 OK
六月 22, 2020 2:39:38 下午 okhttp3.mockwebserver.MockWebServer$3 acceptConnections
信息: MockWebServer[63209] done accepting connections: Socket closed
六月 22, 2020 2:39:38 下午 okhttp3.mockwebserver.MockWebServer$3 execute
信息: MockWebServer[63211] starting to accept connections
六月 22, 2020 2:39:38 下午 okhttp3.mockwebserver.MockWebServer$4 processOneRequest
信息: MockWebServer[63211] received request: POST /echo HTTP/1.1 and responded: HTTP/1.1 200 OK
六月 22, 2020 2:39:38 下午 okhttp3.mockwebserver.MockWebServer$3 acceptConnections
信息: MockWebServer[63211] done accepting connections: Socket closed
六月 22, 2020 2:39:38 下午 okhttp3.mockwebserver.MockWebServer$3 execute
信息: MockWebServer[63213] starting to accept connections
六月 22, 2020 2:39:38 下午 okhttp3.mockwebserver.MockWebServer$4 processOneRequest
信息: MockWebServer[63213] received request: GET /params?param1=value&param2=value1&param2=value2 HTTP/1.1 and responded: HTTP/1.1 200 OK
六月 22, 2020 2:39:38 下午 okhttp3.mockwebserver.MockWebServer$3 acceptConnections
信息: MockWebServer[63213] done accepting connections: Socket closed
六月 22, 2020 2:39:38 下午 okhttp3.mockwebserver.MockWebServer$3 execute
信息: MockWebServer[63215] starting to accept connections
六月 22, 2020 2:39:38 下午 okhttp3.mockwebserver.MockWebServer$4 processOneRequest
信息: MockWebServer[63215] received request: PATCH /methods/patch HTTP/1.1 and responded: HTTP/1.1 200 OK
六月 22, 2020 2:39:38 下午 okhttp3.mockwebserver.MockWebServer$3 acceptConnections
信息: MockWebServer[63215] done accepting connections: Socket closed
]]></system-err>
</testsuite>
