<?xml version="1.0" encoding="UTF-8"?>
<testsuite name="org.springframework.http.client.Netty4ClientHttpRequestFactoryTests" tests="6" skipped="0" failures="0" errors="0" timestamp="2020-06-22T06:39:32" hostname="aiguoxindeMacBook-Pro.local" time="0.061">
  <properties/>
  <testcase name="headersAfterExecute()" classname="org.springframework.http.client.Netty4ClientHttpRequestFactoryTests" time="0.006"/>
  <testcase name="status()" classname="org.springframework.http.client.Netty4ClientHttpRequestFactoryTests" time="0.006"/>
  <testcase name="echo()" classname="org.springframework.http.client.Netty4ClientHttpRequestFactoryTests" time="0.009"/>
  <testcase name="multipleWrites()" classname="org.springframework.http.client.Netty4ClientHttpRequestFactoryTests" time="0.006"/>
  <testcase name="queryParameters()" classname="org.springframework.http.client.Netty4ClientHttpRequestFactoryTests" time="0.006"/>
  <testcase name="httpMethods()" classname="org.springframework.http.client.Netty4ClientHttpRequestFactoryTests" time="0.025"/>
  <system-out><![CDATA[]]></system-out>
  <system-err><![CDATA[六月 22, 2020 2:39:32 下午 okhttp3.mockwebserver.MockWebServer$3 execute
信息: MockWebServer[63077] starting to accept connections
六月 22, 2020 2:39:32 下午 okhttp3.mockwebserver.MockWebServer$4 processOneRequest
信息: MockWebServer[63077] received request: POST /status/ok HTTP/1.1 and responded: HTTP/1.1 200 OK
六月 22, 2020 2:39:32 下午 okhttp3.mockwebserver.MockWebServer$3 acceptConnections
信息: MockWebServer[63077] done accepting connections: Socket closed
六月 22, 2020 2:39:32 下午 okhttp3.mockwebserver.MockWebServer$3 execute
信息: MockWebServer[63079] starting to accept connections
六月 22, 2020 2:39:32 下午 okhttp3.mockwebserver.MockWebServer$4 processOneRequest
信息: MockWebServer[63079] received request: GET /status/notfound HTTP/1.1 and responded: HTTP/1.1 404 Client Error
六月 22, 2020 2:39:32 下午 okhttp3.mockwebserver.MockWebServer$3 acceptConnections
信息: MockWebServer[63079] done accepting connections: Socket closed
六月 22, 2020 2:39:32 下午 okhttp3.mockwebserver.MockWebServer$3 execute
信息: MockWebServer[63081] starting to accept connections
六月 22, 2020 2:39:32 下午 okhttp3.mockwebserver.MockWebServer$4 processOneRequest
信息: MockWebServer[63081] received request: PUT /echo HTTP/1.1 and responded: HTTP/1.1 200 OK
六月 22, 2020 2:39:32 下午 okhttp3.mockwebserver.MockWebServer$3 acceptConnections
信息: MockWebServer[63081] done accepting connections: Socket closed
六月 22, 2020 2:39:32 下午 okhttp3.mockwebserver.MockWebServer$3 execute
信息: MockWebServer[63083] starting to accept connections
六月 22, 2020 2:39:32 下午 okhttp3.mockwebserver.MockWebServer$4 processOneRequest
信息: MockWebServer[63083] received request: POST /echo HTTP/1.1 and responded: HTTP/1.1 200 OK
六月 22, 2020 2:39:32 下午 okhttp3.mockwebserver.MockWebServer$3 acceptConnections
信息: MockWebServer[63083] done accepting connections: Socket closed
六月 22, 2020 2:39:32 下午 okhttp3.mockwebserver.MockWebServer$3 execute
信息: MockWebServer[63085] starting to accept connections
六月 22, 2020 2:39:32 下午 okhttp3.mockwebserver.MockWebServer$4 processOneRequest
信息: MockWebServer[63085] received request: GET /params?param1=value&param2=value1&param2=value2 HTTP/1.1 and responded: HTTP/1.1 200 OK
六月 22, 2020 2:39:32 下午 okhttp3.mockwebserver.MockWebServer$3 acceptConnections
信息: MockWebServer[63085] done accepting connections: Socket closed
六月 22, 2020 2:39:32 下午 okhttp3.mockwebserver.MockWebServer$3 execute
信息: MockWebServer[63087] starting to accept connections
六月 22, 2020 2:39:32 下午 okhttp3.mockwebserver.MockWebServer$4 processOneRequest
信息: MockWebServer[63087] received request: GET /methods/get HTTP/1.1 and responded: HTTP/1.1 200 OK
六月 22, 2020 2:39:32 下午 okhttp3.mockwebserver.MockWebServer$4 processOneRequest
信息: MockWebServer[63087] received request: HEAD /methods/head HTTP/1.1 and responded: HTTP/1.1 200 OK
六月 22, 2020 2:39:32 下午 okhttp3.mockwebserver.MockWebServer$4 processOneRequest
信息: MockWebServer[63087] received request: POST /methods/post HTTP/1.1 and responded: HTTP/1.1 200 OK
六月 22, 2020 2:39:32 下午 okhttp3.mockwebserver.MockWebServer$4 processOneRequest
信息: MockWebServer[63087] received request: PUT /methods/put HTTP/1.1 and responded: HTTP/1.1 200 OK
六月 22, 2020 2:39:32 下午 okhttp3.mockwebserver.MockWebServer$4 processOneRequest
信息: MockWebServer[63087] received request: OPTIONS /methods/options HTTP/1.1 and responded: HTTP/1.1 200 OK
六月 22, 2020 2:39:32 下午 okhttp3.mockwebserver.MockWebServer$4 processOneRequest
信息: MockWebServer[63087] received request: DELETE /methods/delete HTTP/1.1 and responded: HTTP/1.1 200 OK
六月 22, 2020 2:39:32 下午 okhttp3.mockwebserver.MockWebServer$4 processOneRequest
信息: MockWebServer[63087] received request: PATCH /methods/patch HTTP/1.1 and responded: HTTP/1.1 200 OK
六月 22, 2020 2:39:32 下午 okhttp3.mockwebserver.MockWebServer$3 acceptConnections
信息: MockWebServer[63087] done accepting connections: Socket closed
]]></system-err>
</testsuite>
