<?xml version="1.0" encoding="UTF-8"?>
<testsuite name="org.springframework.http.codec.xml.Jaxb2XmlEncoderTests" tests="4" skipped="0" failures="0" errors="0" timestamp="2020-06-22T06:39:52" hostname="aiguoxindeMacBook-Pro.local" time="0.095">
  <properties/>
  <testcase name="encode()" classname="org.springframework.http.codec.xml.Jaxb2XmlEncoderTests" time="0.059"/>
  <testcase name="canEncode()" classname="org.springframework.http.codec.xml.Jaxb2XmlEncoderTests" time="0.002"/>
  <testcase name="encodeElementsWithCommonType()" classname="org.springframework.http.codec.xml.Jaxb2XmlEncoderTests" time="0.032"/>
  <testcase name="encodeError()" classname="org.springframework.http.codec.xml.Jaxb2XmlEncoderTests" time="0.002"/>
  <system-out><![CDATA[]]></system-out>
  <system-err><![CDATA[]]></system-err>
</testsuite>
