<?xml version="1.0" encoding="UTF-8"?>
<testsuite name="org.springframework.http.client.HttpComponentsAsyncClientHttpRequestFactoryTests" tests="9" skipped="0" failures="0" errors="0" timestamp="2020-06-22T06:39:29" hostname="aiguoxindeMacBook-Pro.local" time="0.229">
  <properties/>
  <testcase name="cancel()" classname="org.springframework.http.client.HttpComponentsAsyncClientHttpRequestFactoryTests" time="0.119"/>
  <testcase name="headersAfterExecute()" classname="org.springframework.http.client.HttpComponentsAsyncClientHttpRequestFactoryTests" time="0.023"/>
  <testcase name="status()" classname="org.springframework.http.client.HttpComponentsAsyncClientHttpRequestFactoryTests" time="0.009"/>
  <testcase name="echo()" classname="org.springframework.http.client.HttpComponentsAsyncClientHttpRequestFactoryTests" time="0.012"/>
  <testcase name="statusCallback()" classname="org.springframework.http.client.HttpComponentsAsyncClientHttpRequestFactoryTests" time="0.009"/>
  <testcase name="multipleWrites()" classname="org.springframework.http.client.HttpComponentsAsyncClientHttpRequestFactoryTests" time="0.013"/>
  <testcase name="defaultSettingsOfHttpAsyncClientLostOnExecutorCustomization()" classname="org.springframework.http.client.HttpComponentsAsyncClientHttpRequestFactoryTests" time="0.008"/>
  <testcase name="customHttpAsyncClientUsesItsDefault()" classname="org.springframework.http.client.HttpComponentsAsyncClientHttpRequestFactoryTests" time="0.006"/>
  <testcase name="httpMethods()" classname="org.springframework.http.client.HttpComponentsAsyncClientHttpRequestFactoryTests" time="0.025"/>
  <system-out><![CDATA[]]></system-out>
  <system-err><![CDATA[六月 22, 2020 2:39:29 下午 okhttp3.mockwebserver.MockWebServer$3 execute
信息: MockWebServer[63008] starting to accept connections
六月 22, 2020 2:39:29 下午 okhttp3.mockwebserver.MockWebServer$4 processConnection
警告: MockWebServer[63008] connection from /127.0.0.1 didn't make a request
六月 22, 2020 2:39:29 下午 okhttp3.mockwebserver.MockWebServer$3 acceptConnections
信息: MockWebServer[63008] done accepting connections: Socket closed
六月 22, 2020 2:39:29 下午 okhttp3.mockwebserver.MockWebServer$3 execute
信息: MockWebServer[63010] starting to accept connections
六月 22, 2020 2:39:29 下午 okhttp3.mockwebserver.MockWebServer$4 processOneRequest
信息: MockWebServer[63010] received request: POST /echo HTTP/1.1 and responded: HTTP/1.1 200 OK
六月 22, 2020 2:39:29 下午 okhttp3.mockwebserver.MockWebServer$3 acceptConnections
信息: MockWebServer[63010] done accepting connections: Socket closed
六月 22, 2020 2:39:29 下午 okhttp3.mockwebserver.MockWebServer$3 execute
信息: MockWebServer[63012] starting to accept connections
六月 22, 2020 2:39:29 下午 okhttp3.mockwebserver.MockWebServer$4 processOneRequest
信息: MockWebServer[63012] received request: GET /status/notfound HTTP/1.1 and responded: HTTP/1.1 404 Client Error
六月 22, 2020 2:39:29 下午 okhttp3.mockwebserver.MockWebServer$3 acceptConnections
信息: MockWebServer[63012] done accepting connections: Socket closed
六月 22, 2020 2:39:29 下午 okhttp3.mockwebserver.MockWebServer$3 execute
信息: MockWebServer[63014] starting to accept connections
六月 22, 2020 2:39:29 下午 okhttp3.mockwebserver.MockWebServer$4 processOneRequest
信息: MockWebServer[63014] received request: PUT /echo HTTP/1.1 and responded: HTTP/1.1 200 OK
六月 22, 2020 2:39:29 下午 okhttp3.mockwebserver.MockWebServer$3 acceptConnections
信息: MockWebServer[63014] done accepting connections: Socket closed
六月 22, 2020 2:39:29 下午 okhttp3.mockwebserver.MockWebServer$3 execute
信息: MockWebServer[63016] starting to accept connections
六月 22, 2020 2:39:29 下午 okhttp3.mockwebserver.MockWebServer$4 processOneRequest
信息: MockWebServer[63016] received request: GET /status/notfound HTTP/1.1 and responded: HTTP/1.1 404 Client Error
六月 22, 2020 2:39:29 下午 okhttp3.mockwebserver.MockWebServer$3 acceptConnections
信息: MockWebServer[63016] done accepting connections: Socket closed
六月 22, 2020 2:39:29 下午 okhttp3.mockwebserver.MockWebServer$3 execute
信息: MockWebServer[63018] starting to accept connections
六月 22, 2020 2:39:29 下午 okhttp3.mockwebserver.MockWebServer$4 processOneRequest
信息: MockWebServer[63018] received request: POST /echo HTTP/1.1 and responded: HTTP/1.1 200 OK
六月 22, 2020 2:39:29 下午 okhttp3.mockwebserver.MockWebServer$3 acceptConnections
信息: MockWebServer[63018] done accepting connections: Socket closed
六月 22, 2020 2:39:29 下午 okhttp3.mockwebserver.MockWebServer$3 execute
信息: MockWebServer[63021] starting to accept connections
六月 22, 2020 2:39:29 下午 okhttp3.mockwebserver.MockWebServer$3 acceptConnections
信息: MockWebServer[63021] done accepting connections: Socket closed
六月 22, 2020 2:39:29 下午 okhttp3.mockwebserver.MockWebServer$3 execute
信息: MockWebServer[63022] starting to accept connections
六月 22, 2020 2:39:29 下午 okhttp3.mockwebserver.MockWebServer$3 acceptConnections
信息: MockWebServer[63022] done accepting connections: Socket closed
六月 22, 2020 2:39:29 下午 okhttp3.mockwebserver.MockWebServer$3 execute
信息: MockWebServer[63023] starting to accept connections
六月 22, 2020 2:39:29 下午 okhttp3.mockwebserver.MockWebServer$4 processOneRequest
信息: MockWebServer[63023] received request: GET /methods/get HTTP/1.1 and responded: HTTP/1.1 200 OK
六月 22, 2020 2:39:29 下午 okhttp3.mockwebserver.MockWebServer$4 processOneRequest
信息: MockWebServer[63023] received request: HEAD /methods/head HTTP/1.1 and responded: HTTP/1.1 200 OK
六月 22, 2020 2:39:29 下午 okhttp3.mockwebserver.MockWebServer$4 processOneRequest
信息: MockWebServer[63023] received request: POST /methods/post HTTP/1.1 and responded: HTTP/1.1 200 OK
六月 22, 2020 2:39:29 下午 okhttp3.mockwebserver.MockWebServer$4 processOneRequest
信息: MockWebServer[63023] received request: PUT /methods/put HTTP/1.1 and responded: HTTP/1.1 200 OK
六月 22, 2020 2:39:29 下午 okhttp3.mockwebserver.MockWebServer$4 processOneRequest
信息: MockWebServer[63023] received request: OPTIONS /methods/options HTTP/1.1 and responded: HTTP/1.1 200 OK
六月 22, 2020 2:39:29 下午 okhttp3.mockwebserver.MockWebServer$4 processOneRequest
信息: MockWebServer[63023] received request: DELETE /methods/delete HTTP/1.1 and responded: HTTP/1.1 200 OK
六月 22, 2020 2:39:29 下午 okhttp3.mockwebserver.MockWebServer$4 processOneRequest
信息: MockWebServer[63023] received request: PATCH /methods/patch HTTP/1.1 and responded: HTTP/1.1 200 OK
六月 22, 2020 2:39:29 下午 okhttp3.mockwebserver.MockWebServer$3 acceptConnections
信息: MockWebServer[63023] done accepting connections: Socket closed
]]></system-err>
</testsuite>
