<?xml version="1.0" encoding="UTF-8"?>
<testsuite name="org.springframework.web.filter.OncePerRequestFilterTests" tests="4" skipped="0" failures="0" errors="0" timestamp="2020-06-22T06:40:10" hostname="aiguoxindeMacBook-Pro.local" time="0.001">
  <properties/>
  <testcase name="shouldNotFilterErrorDispatch()" classname="org.springframework.web.filter.OncePerRequestFilterTests" time="0.0"/>
  <testcase name="filterOnce()" classname="org.springframework.web.filter.OncePerRequestFilterTests" time="0.001"/>
  <testcase name="filterNestedErrorDispatch()" classname="org.springframework.web.filter.OncePerRequestFilterTests" time="0.0"/>
  <testcase name="shouldNotFilterNestedErrorDispatch()" classname="org.springframework.web.filter.OncePerRequestFilterTests" time="0.0"/>
  <system-out><![CDATA[]]></system-out>
  <system-err><![CDATA[]]></system-err>
</testsuite>
