<?xml version="1.0" encoding="UTF-8"?>
<testsuite name="org.springframework.http.codec.FormHttpMessageReaderTests" tests="4" skipped="0" failures="0" errors="0" timestamp="2020-06-22T06:39:39" hostname="aiguoxindeMacBook-Pro.local" time="0.055">
  <properties/>
  <testcase name="readFormError()" classname="org.springframework.http.codec.FormHttpMessageReaderTests" time="0.044"/>
  <testcase name="readFormAsFlux()" classname="org.springframework.http.codec.FormHttpMessageReaderTests" time="0.005"/>
  <testcase name="readFormAsMono()" classname="org.springframework.http.codec.FormHttpMessageReaderTests" time="0.001"/>
  <testcase name="canRead()" classname="org.springframework.http.codec.FormHttpMessageReaderTests" time="0.002"/>
  <system-out><![CDATA[14:39:39.516 [Test worker] DEBUG o.s.w.HttpLogging - Read form fields [name 1, name 2, name 3] (content masked)
14:39:39.520 [Test worker] DEBUG o.s.w.HttpLogging - Read form fields [name 1, name 2, name 3] (content masked)
]]></system-out>
  <system-err><![CDATA[]]></system-err>
</testsuite>
