<?xml version="1.0" encoding="UTF-8"?>
<testsuite name="org.springframework.http.converter.json.JsonbHttpMessageConverterTests" tests="14" skipped="0" failures="0" errors="0" timestamp="2020-06-22T06:39:54" hostname="aiguoxindeMacBook-Pro.local" time="0.16">
  <properties/>
  <testcase name="readAndWriteGenerics()" classname="org.springframework.http.converter.json.JsonbHttpMessageConverterTests" time="0.083"/>
  <testcase name="readInvalidJson()" classname="org.springframework.http.converter.json.JsonbHttpMessageConverterTests" time="0.007"/>
  <testcase name="prefixJson()" classname="org.springframework.http.converter.json.JsonbHttpMessageConverterTests" time="0.0"/>
  <testcase name="readTyped()" classname="org.springframework.http.converter.json.JsonbHttpMessageConverterTests" time="0.008"/>
  <testcase name="readUntyped()" classname="org.springframework.http.converter.json.JsonbHttpMessageConverterTests" time="0.001"/>
  <testcase name="writeUTF16()" classname="org.springframework.http.converter.json.JsonbHttpMessageConverterTests" time="0.001"/>
  <testcase name="writeParameterizedBaseType()" classname="org.springframework.http.converter.json.JsonbHttpMessageConverterTests" time="0.008"/>
  <testcase name="canWrite()" classname="org.springframework.http.converter.json.JsonbHttpMessageConverterTests" time="0.0"/>
  <testcase name="readAndWriteParameterizedType()" classname="org.springframework.http.converter.json.JsonbHttpMessageConverterTests" time="0.006"/>
  <testcase name="write()" classname="org.springframework.http.converter.json.JsonbHttpMessageConverterTests" time="0.01"/>
  <testcase name="canRead()" classname="org.springframework.http.converter.json.JsonbHttpMessageConverterTests" time="0.0"/>
  <testcase name="prefixJsonCustom()" classname="org.springframework.http.converter.json.JsonbHttpMessageConverterTests" time="0.002"/>
  <testcase name="canReadAndWriteMicroformats()" classname="org.springframework.http.converter.json.JsonbHttpMessageConverterTests" time="0.001"/>
  <testcase name="writeWithBaseType()" classname="org.springframework.http.converter.json.JsonbHttpMessageConverterTests" time="0.005"/>
  <system-out><![CDATA[]]></system-out>
  <system-err><![CDATA[]]></system-err>
</testsuite>
