<?xml version="1.0" encoding="UTF-8"?>
<testsuite name="org.springframework.web.context.support.StandardServletEnvironmentTests" tests="1" skipped="0" failures="0" errors="0" timestamp="2020-06-22T06:40:09" hostname="aiguoxindeMacBook-Pro.local" time="0.003">
  <properties/>
  <testcase name="propertySourceOrder()" classname="org.springframework.web.context.support.StandardServletEnvironmentTests" time="0.003"/>
  <system-out><![CDATA[]]></system-out>
  <system-err><![CDATA[]]></system-err>
</testsuite>
