<?xml version="1.0" encoding="UTF-8"?>
<testsuite name="org.springframework.http.codec.ResourceHttpMessageWriterTests" tests="5" skipped="0" failures="0" errors="0" timestamp="2020-06-22T06:39:41" hostname="aiguoxindeMacBook-Pro.local" time="0.052">
  <properties/>
  <testcase name="writeSingleRegion()" classname="org.springframework.http.codec.ResourceHttpMessageWriterTests" time="0.013"/>
  <testcase name="writeMultipleRegions()" classname="org.springframework.http.codec.ResourceHttpMessageWriterTests" time="0.03"/>
  <testcase name="invalidRange()" classname="org.springframework.http.codec.ResourceHttpMessageWriterTests" time="0.002"/>
  <testcase name="getWritableMediaTypes()" classname="org.springframework.http.codec.ResourceHttpMessageWriterTests" time="0.003"/>
  <testcase name="writeResource()" classname="org.springframework.http.codec.ResourceHttpMessageWriterTests" time="0.002"/>
  <system-out><![CDATA[]]></system-out>
  <system-err><![CDATA[]]></system-err>
</testsuite>
