<?xml version="1.0" encoding="UTF-8"?>
<testsuite name="org.springframework.http.server.reactive.MultipartIntegrationTests" tests="4" skipped="0" failures="0" errors="0" timestamp="2020-06-22T06:40:03" hostname="aiguoxindeMacBook-Pro.local" time="0.068">
  <properties/>
  <testcase name="getFormParts(HttpServer)[1]" classname="org.springframework.http.server.reactive.MultipartIntegrationTests" time="0.014"/>
  <testcase name="getFormParts(HttpServer)[2]" classname="org.springframework.http.server.reactive.MultipartIntegrationTests" time="0.009"/>
  <testcase name="getFormParts(HttpServer)[3]" classname="org.springframework.http.server.reactive.MultipartIntegrationTests" time="0.03"/>
  <testcase name="getFormParts(HttpServer)[4]" classname="org.springframework.http.server.reactive.MultipartIntegrationTests" time="0.013"/>
  <system-out><![CDATA[14:40:03.850 [Test worker] DEBUG o.s.w.t.h.s.r.b.JettyHttpServer - Starting JettyHttpServer...
14:40:03.853 [Test worker] DEBUG o.s.w.t.h.s.r.b.JettyHttpServer - Server started on port 63307(0 millis).
14:40:03.856 [Test worker] DEBUG o.s.w.c.RestTemplate - HTTP POST http://localhost:63307/form-parts
14:40:03.856 [Test worker] DEBUG o.s.w.c.RestTemplate - Accept=[application/xml, text/xml, application/json, application/x-jackson-smile, application/cbor, application/*+xml, application/*+json]
14:40:03.857 [Test worker] DEBUG o.s.w.c.RestTemplate - Writing [{fooPart=[<class path resource [org/springframework/http/codec/multipart/foo.txt],[Content-Type:"text/plain"]>], barPart=[<bar,[]>]}] as "multipart/form-data"
14:40:03.860 [qtp2083137961-884] DEBUG o.s.w.s.a.HttpWebHandlerAdapter - [6f643919] HTTP POST "/form-parts"
14:40:03.861 [qtp2083137961-884] DEBUG o.s.w.HttpLogging - [6f643919] Parsed parts [barPart, fooPart] (content masked)
14:40:03.862 [qtp2083137961-884] DEBUG o.s.w.s.a.HttpWebHandlerAdapter - [6f643919] Completed 200 OK
14:40:03.862 [Test worker] DEBUG o.s.w.c.RestTemplate - Response 200 OK
14:40:03.862 [Test worker] DEBUG o.s.w.t.h.s.r.b.JettyHttpServer - Stopping JettyHttpServer...
14:40:03.863 [Test worker] DEBUG o.s.w.t.h.s.r.b.JettyHttpServer - Server stopped (0 millis).
14:40:03.864 [Test worker] DEBUG o.s.w.t.h.s.r.b.ReactorHttpServer - Starting ReactorHttpServer...
14:40:03.864 [Test worker] DEBUG o.s.w.t.h.s.r.b.ReactorHttpServer - Server started on port 63309(0 millis).
14:40:03.866 [Test worker] DEBUG o.s.w.c.RestTemplate - HTTP POST http://localhost:63309/form-parts
14:40:03.867 [Test worker] DEBUG o.s.w.c.RestTemplate - Accept=[application/xml, text/xml, application/json, application/x-jackson-smile, application/cbor, application/*+xml, application/*+json]
14:40:03.867 [Test worker] DEBUG o.s.w.c.RestTemplate - Writing [{fooPart=[<class path resource [org/springframework/http/codec/multipart/foo.txt],[Content-Type:"text/plain"]>], barPart=[<bar,[]>]}] as "multipart/form-data"
14:40:03.870 [reactor-http-nio-6] DEBUG o.s.w.s.a.HttpWebHandlerAdapter - [12f31802-18] HTTP POST "/form-parts"
14:40:03.872 [reactor-http-nio-6] DEBUG o.s.w.HttpLogging - [12f31802-18] Parsed parts [barPart, fooPart] (content masked)
14:40:03.872 [reactor-http-nio-6] DEBUG o.s.w.s.a.HttpWebHandlerAdapter - [12f31802-18] Completed 200 OK
14:40:03.873 [Test worker] DEBUG o.s.w.c.RestTemplate - Response 200 OK
14:40:03.873 [Test worker] DEBUG o.s.w.t.h.s.r.b.ReactorHttpServer - Stopping ReactorHttpServer...
14:40:03.873 [Test worker] DEBUG o.s.w.t.h.s.r.b.ReactorHttpServer - Server stopped (0 millis).
14:40:03.874 [Test worker] DEBUG o.s.w.t.h.s.r.b.TomcatHttpServer - Starting TomcatHttpServer...
14:40:03.879 [Test worker] DEBUG o.s.w.t.h.s.r.b.TomcatHttpServer - Server started on port 63311(0 millis).
14:40:03.881 [Test worker] DEBUG o.s.w.c.RestTemplate - HTTP POST http://localhost:63311/form-parts
14:40:03.881 [Test worker] DEBUG o.s.w.c.RestTemplate - Accept=[application/xml, text/xml, application/json, application/x-jackson-smile, application/cbor, application/*+xml, application/*+json]
14:40:03.882 [Test worker] DEBUG o.s.w.c.RestTemplate - Writing [{fooPart=[<class path resource [org/springframework/http/codec/multipart/foo.txt],[Content-Type:"text/plain"]>], barPart=[<bar,[]>]}] as "multipart/form-data"
14:40:03.885 [http-nio-auto-12-exec-1] DEBUG o.s.w.s.a.HttpWebHandlerAdapter - [d87f152] HTTP POST "/form-parts"
14:40:03.886 [http-nio-auto-12-exec-1] DEBUG o.s.w.HttpLogging - [d87f152] Parsed parts [barPart, fooPart] (content masked)
14:40:03.886 [http-nio-auto-12-exec-1] DEBUG o.s.w.s.a.HttpWebHandlerAdapter - [d87f152] Completed 200 OK
14:40:03.887 [Test worker] DEBUG o.s.w.c.RestTemplate - Response 200 OK
14:40:03.887 [Test worker] DEBUG o.s.w.t.h.s.r.b.TomcatHttpServer - Stopping TomcatHttpServer...
14:40:03.902 [Test worker] DEBUG o.s.w.t.h.s.r.b.TomcatHttpServer - Server stopped (0 millis).
14:40:03.904 [Test worker] DEBUG o.s.w.t.h.s.r.b.UndertowHttpServer - Starting UndertowHttpServer...
14:40:03.909 [Test worker] DEBUG o.s.w.t.h.s.r.b.UndertowHttpServer - Server started on port 63314(0 millis).
14:40:03.911 [Test worker] DEBUG o.s.w.c.RestTemplate - HTTP POST http://localhost:63314/form-parts
14:40:03.911 [Test worker] DEBUG o.s.w.c.RestTemplate - Accept=[application/xml, text/xml, application/json, application/x-jackson-smile, application/cbor, application/*+xml, application/*+json]
14:40:03.911 [Test worker] DEBUG o.s.w.c.RestTemplate - Writing [{fooPart=[<class path resource [org/springframework/http/codec/multipart/foo.txt],[Content-Type:"text/plain"]>], barPart=[<bar,[]>]}] as "multipart/form-data"
14:40:03.914 [XNIO-12 I/O-2] DEBUG o.s.w.s.a.HttpWebHandlerAdapter - [6faefaf] HTTP POST "/form-parts"
14:40:03.915 [XNIO-12 I/O-2] DEBUG o.s.w.HttpLogging - [6faefaf] Parsed parts [barPart, fooPart] (content masked)
14:40:03.916 [XNIO-12 I/O-2] DEBUG o.s.w.s.a.HttpWebHandlerAdapter - [6faefaf] Completed 200 OK
14:40:03.916 [Test worker] DEBUG o.s.w.c.RestTemplate - Response 200 OK
14:40:03.916 [Test worker] DEBUG o.s.w.t.h.s.r.b.UndertowHttpServer - Stopping UndertowHttpServer...
14:40:03.917 [Test worker] DEBUG o.s.w.t.h.s.r.b.UndertowHttpServer - Server stopped (0 millis).
]]></system-out>
  <system-err><![CDATA[六月 22, 2020 2:40:03 下午 org.apache.catalina.core.StandardService startInternal
信息: Starting service [Tomcat]
六月 22, 2020 2:40:03 下午 org.apache.catalina.core.StandardEngine startInternal
信息: Starting Servlet engine: [Apache Tomcat/9.0.36]
六月 22, 2020 2:40:03 下午 org.apache.coyote.AbstractProtocol init
信息: Initializing ProtocolHandler ["http-nio-auto-12"]
六月 22, 2020 2:40:03 下午 org.apache.coyote.AbstractProtocol start
信息: Starting ProtocolHandler ["http-nio-auto-12-63311"]
六月 22, 2020 2:40:03 下午 org.apache.coyote.AbstractProtocol pause
信息: Pausing ProtocolHandler ["http-nio-auto-12-63311"]
六月 22, 2020 2:40:03 下午 org.apache.catalina.core.StandardService stopInternal
信息: Stopping service [Tomcat]
六月 22, 2020 2:40:03 下午 org.apache.coyote.AbstractProtocol stop
信息: Stopping ProtocolHandler ["http-nio-auto-12-63311"]
六月 22, 2020 2:40:03 下午 org.apache.coyote.AbstractProtocol destroy
信息: Destroying ProtocolHandler ["http-nio-auto-12-63311"]
]]></system-err>
</testsuite>
