<?xml version="1.0" encoding="UTF-8"?>
<testsuite name="org.springframework.http.client.OkHttp3ClientHttpRequestFactoryTests" tests="6" skipped="0" failures="0" errors="0" timestamp="2020-06-22T06:39:35" hostname="aiguoxindeMacBook-Pro.local" time="0.051">
  <properties/>
  <testcase name="headersAfterExecute()" classname="org.springframework.http.client.OkHttp3ClientHttpRequestFactoryTests" time="0.006"/>
  <testcase name="status()" classname="org.springframework.http.client.OkHttp3ClientHttpRequestFactoryTests" time="0.006"/>
  <testcase name="echo()" classname="org.springframework.http.client.OkHttp3ClientHttpRequestFactoryTests" time="0.006"/>
  <testcase name="multipleWrites()" classname="org.springframework.http.client.OkHttp3ClientHttpRequestFactoryTests" time="0.005"/>
  <testcase name="queryParameters()" classname="org.springframework.http.client.OkHttp3ClientHttpRequestFactoryTests" time="0.004"/>
  <testcase name="httpMethods()" classname="org.springframework.http.client.OkHttp3ClientHttpRequestFactoryTests" time="0.024"/>
  <system-out><![CDATA[]]></system-out>
  <system-err><![CDATA[六月 22, 2020 2:39:35 下午 okhttp3.mockwebserver.MockWebServer$3 execute
信息: MockWebServer[63135] starting to accept connections
六月 22, 2020 2:39:35 下午 okhttp3.mockwebserver.MockWebServer$4 processOneRequest
信息: MockWebServer[63135] received request: POST /status/ok HTTP/1.1 and responded: HTTP/1.1 200 OK
六月 22, 2020 2:39:35 下午 okhttp3.mockwebserver.MockWebServer$3 acceptConnections
信息: MockWebServer[63135] done accepting connections: Socket closed
六月 22, 2020 2:39:35 下午 okhttp3.mockwebserver.MockWebServer$3 execute
信息: MockWebServer[63137] starting to accept connections
六月 22, 2020 2:39:35 下午 okhttp3.mockwebserver.MockWebServer$4 processOneRequest
信息: MockWebServer[63137] received request: GET /status/notfound HTTP/1.1 and responded: HTTP/1.1 404 Client Error
六月 22, 2020 2:39:35 下午 okhttp3.mockwebserver.MockWebServer$3 acceptConnections
信息: MockWebServer[63137] done accepting connections: Socket closed
六月 22, 2020 2:39:35 下午 okhttp3.mockwebserver.MockWebServer$3 execute
信息: MockWebServer[63139] starting to accept connections
六月 22, 2020 2:39:35 下午 okhttp3.mockwebserver.MockWebServer$4 processOneRequest
信息: MockWebServer[63139] received request: PUT /echo HTTP/1.1 and responded: HTTP/1.1 200 OK
六月 22, 2020 2:39:35 下午 okhttp3.mockwebserver.MockWebServer$3 acceptConnections
信息: MockWebServer[63139] done accepting connections: Socket closed
六月 22, 2020 2:39:35 下午 okhttp3.mockwebserver.MockWebServer$3 execute
信息: MockWebServer[63141] starting to accept connections
六月 22, 2020 2:39:35 下午 okhttp3.mockwebserver.MockWebServer$4 processOneRequest
信息: MockWebServer[63141] received request: POST /echo HTTP/1.1 and responded: HTTP/1.1 200 OK
六月 22, 2020 2:39:35 下午 okhttp3.mockwebserver.MockWebServer$3 acceptConnections
信息: MockWebServer[63141] done accepting connections: Socket closed
六月 22, 2020 2:39:35 下午 okhttp3.mockwebserver.MockWebServer$3 execute
信息: MockWebServer[63143] starting to accept connections
六月 22, 2020 2:39:35 下午 okhttp3.mockwebserver.MockWebServer$4 processOneRequest
信息: MockWebServer[63143] received request: GET /params?param1=value&param2=value1&param2=value2 HTTP/1.1 and responded: HTTP/1.1 200 OK
六月 22, 2020 2:39:35 下午 okhttp3.mockwebserver.MockWebServer$3 acceptConnections
信息: MockWebServer[63143] done accepting connections: Socket closed
六月 22, 2020 2:39:35 下午 okhttp3.mockwebserver.MockWebServer$3 execute
信息: MockWebServer[63145] starting to accept connections
六月 22, 2020 2:39:35 下午 okhttp3.mockwebserver.MockWebServer$4 processOneRequest
信息: MockWebServer[63145] received request: GET /methods/get HTTP/1.1 and responded: HTTP/1.1 200 OK
六月 22, 2020 2:39:35 下午 okhttp3.mockwebserver.MockWebServer$4 processOneRequest
信息: MockWebServer[63145] received request: HEAD /methods/head HTTP/1.1 and responded: HTTP/1.1 200 OK
六月 22, 2020 2:39:35 下午 okhttp3.mockwebserver.MockWebServer$4 processOneRequest
信息: MockWebServer[63145] received request: POST /methods/post HTTP/1.1 and responded: HTTP/1.1 200 OK
六月 22, 2020 2:39:35 下午 okhttp3.mockwebserver.MockWebServer$4 processOneRequest
信息: MockWebServer[63145] received request: PUT /methods/put HTTP/1.1 and responded: HTTP/1.1 200 OK
六月 22, 2020 2:39:35 下午 okhttp3.mockwebserver.MockWebServer$4 processOneRequest
信息: MockWebServer[63145] received request: OPTIONS /methods/options HTTP/1.1 and responded: HTTP/1.1 200 OK
六月 22, 2020 2:39:35 下午 okhttp3.mockwebserver.MockWebServer$4 processOneRequest
信息: MockWebServer[63145] received request: DELETE /methods/delete HTTP/1.1 and responded: HTTP/1.1 200 OK
六月 22, 2020 2:39:35 下午 okhttp3.mockwebserver.MockWebServer$4 processOneRequest
信息: MockWebServer[63145] received request: PATCH /methods/patch HTTP/1.1 and responded: HTTP/1.1 200 OK
六月 22, 2020 2:39:35 下午 okhttp3.mockwebserver.MockWebServer$3 acceptConnections
信息: MockWebServer[63145] done accepting connections: Socket closed
]]></system-err>
</testsuite>
