<?xml version="1.0" encoding="UTF-8"?>
<testsuite name="org.springframework.http.client.support.BasicAuthorizationInterceptorTests" tests="4" skipped="0" failures="0" errors="0" timestamp="2020-06-22T06:39:38" hostname="aiguoxindeMacBook-Pro.local" time="0.033">
  <properties/>
  <testcase name="createWhenUsernameContainsColonShouldThrowException()" classname="org.springframework.http.client.support.BasicAuthorizationInterceptorTests" time="0.002"/>
  <testcase name="createWhenUsernameIsNullShouldUseEmptyUsername()" classname="org.springframework.http.client.support.BasicAuthorizationInterceptorTests" time="0.015"/>
  <testcase name="createWhenPasswordIsNullShouldUseEmptyPassword()" classname="org.springframework.http.client.support.BasicAuthorizationInterceptorTests" time="0.0"/>
  <testcase name="interceptShouldAddHeader()" classname="org.springframework.http.client.support.BasicAuthorizationInterceptorTests" time="0.015"/>
  <system-out><![CDATA[]]></system-out>
  <system-err><![CDATA[]]></system-err>
</testsuite>
