<?xml version="1.0" encoding="UTF-8"?>
<testsuite name="org.springframework.http.client.OkHttp3AsyncClientHttpRequestFactoryTests" tests="7" skipped="0" failures="0" errors="0" timestamp="2020-06-22T06:39:35" hostname="aiguoxindeMacBook-Pro.local" time="0.091">
  <properties/>
  <testcase name="cancel()" classname="org.springframework.http.client.OkHttp3AsyncClientHttpRequestFactoryTests" time="0.013"/>
  <testcase name="headersAfterExecute()" classname="org.springframework.http.client.OkHttp3AsyncClientHttpRequestFactoryTests" time="0.028"/>
  <testcase name="status()" classname="org.springframework.http.client.OkHttp3AsyncClientHttpRequestFactoryTests" time="0.007"/>
  <testcase name="echo()" classname="org.springframework.http.client.OkHttp3AsyncClientHttpRequestFactoryTests" time="0.006"/>
  <testcase name="statusCallback()" classname="org.springframework.http.client.OkHttp3AsyncClientHttpRequestFactoryTests" time="0.008"/>
  <testcase name="multipleWrites()" classname="org.springframework.http.client.OkHttp3AsyncClientHttpRequestFactoryTests" time="0.005"/>
  <testcase name="httpMethods()" classname="org.springframework.http.client.OkHttp3AsyncClientHttpRequestFactoryTests" time="0.023"/>
  <system-out><![CDATA[]]></system-out>
  <system-err><![CDATA[六月 22, 2020 2:39:35 下午 okhttp3.mockwebserver.MockWebServer$3 execute
信息: MockWebServer[63122] starting to accept connections
六月 22, 2020 2:39:35 下午 okhttp3.mockwebserver.MockWebServer$3 acceptConnections
信息: MockWebServer[63122] done accepting connections: Socket closed
六月 22, 2020 2:39:35 下午 okhttp3.mockwebserver.MockWebServer$3 execute
信息: MockWebServer[63123] starting to accept connections
六月 22, 2020 2:39:35 下午 okhttp3.mockwebserver.MockWebServer$4 processOneRequest
信息: MockWebServer[63123] received request: POST /echo HTTP/1.1 and responded: HTTP/1.1 200 OK
六月 22, 2020 2:39:35 下午 okhttp3.mockwebserver.MockWebServer$3 acceptConnections
信息: MockWebServer[63123] done accepting connections: Socket closed
六月 22, 2020 2:39:35 下午 okhttp3.mockwebserver.MockWebServer$3 execute
信息: MockWebServer[63125] starting to accept connections
六月 22, 2020 2:39:35 下午 okhttp3.mockwebserver.MockWebServer$4 processOneRequest
信息: MockWebServer[63125] received request: GET /status/notfound HTTP/1.1 and responded: HTTP/1.1 404 Client Error
六月 22, 2020 2:39:35 下午 okhttp3.mockwebserver.MockWebServer$3 acceptConnections
信息: MockWebServer[63125] done accepting connections: Socket closed
六月 22, 2020 2:39:35 下午 okhttp3.mockwebserver.MockWebServer$3 execute
信息: MockWebServer[63127] starting to accept connections
六月 22, 2020 2:39:35 下午 okhttp3.mockwebserver.MockWebServer$4 processOneRequest
信息: MockWebServer[63127] received request: PUT /echo HTTP/1.1 and responded: HTTP/1.1 200 OK
六月 22, 2020 2:39:35 下午 okhttp3.mockwebserver.MockWebServer$3 acceptConnections
信息: MockWebServer[63127] done accepting connections: Socket closed
六月 22, 2020 2:39:35 下午 okhttp3.mockwebserver.MockWebServer$3 execute
信息: MockWebServer[63129] starting to accept connections
六月 22, 2020 2:39:35 下午 okhttp3.mockwebserver.MockWebServer$4 processOneRequest
信息: MockWebServer[63129] received request: GET /status/notfound HTTP/1.1 and responded: HTTP/1.1 404 Client Error
六月 22, 2020 2:39:35 下午 okhttp3.mockwebserver.MockWebServer$3 acceptConnections
信息: MockWebServer[63129] done accepting connections: Socket closed
六月 22, 2020 2:39:35 下午 okhttp3.mockwebserver.MockWebServer$3 execute
信息: MockWebServer[63131] starting to accept connections
六月 22, 2020 2:39:35 下午 okhttp3.mockwebserver.MockWebServer$4 processOneRequest
信息: MockWebServer[63131] received request: POST /echo HTTP/1.1 and responded: HTTP/1.1 200 OK
六月 22, 2020 2:39:35 下午 okhttp3.mockwebserver.MockWebServer$3 acceptConnections
信息: MockWebServer[63131] done accepting connections: Socket closed
六月 22, 2020 2:39:35 下午 okhttp3.mockwebserver.MockWebServer$3 execute
信息: MockWebServer[63133] starting to accept connections
六月 22, 2020 2:39:35 下午 okhttp3.mockwebserver.MockWebServer$4 processOneRequest
信息: MockWebServer[63133] received request: GET /methods/get HTTP/1.1 and responded: HTTP/1.1 200 OK
六月 22, 2020 2:39:35 下午 okhttp3.mockwebserver.MockWebServer$4 processOneRequest
信息: MockWebServer[63133] received request: HEAD /methods/head HTTP/1.1 and responded: HTTP/1.1 200 OK
六月 22, 2020 2:39:35 下午 okhttp3.mockwebserver.MockWebServer$4 processOneRequest
信息: MockWebServer[63133] received request: POST /methods/post HTTP/1.1 and responded: HTTP/1.1 200 OK
六月 22, 2020 2:39:35 下午 okhttp3.mockwebserver.MockWebServer$4 processOneRequest
信息: MockWebServer[63133] received request: PUT /methods/put HTTP/1.1 and responded: HTTP/1.1 200 OK
六月 22, 2020 2:39:35 下午 okhttp3.mockwebserver.MockWebServer$4 processOneRequest
信息: MockWebServer[63133] received request: OPTIONS /methods/options HTTP/1.1 and responded: HTTP/1.1 200 OK
六月 22, 2020 2:39:35 下午 okhttp3.mockwebserver.MockWebServer$4 processOneRequest
信息: MockWebServer[63133] received request: DELETE /methods/delete HTTP/1.1 and responded: HTTP/1.1 200 OK
六月 22, 2020 2:39:35 下午 okhttp3.mockwebserver.MockWebServer$4 processOneRequest
信息: MockWebServer[63133] received request: PATCH /methods/patch HTTP/1.1 and responded: HTTP/1.1 200 OK
六月 22, 2020 2:39:35 下午 okhttp3.mockwebserver.MockWebServer$3 acceptConnections
信息: MockWebServer[63133] done accepting connections: Socket closed
]]></system-err>
</testsuite>
