<?xml version="1.0" encoding="UTF-8"?>
<testsuite name="org.springframework.http.server.reactive.ListenerWriteProcessorTests" tests="3" skipped="0" failures="0" errors="0" timestamp="2020-06-22T06:40:03" hostname="aiguoxindeMacBook-Pro.local" time="0.001">
  <properties/>
  <testcase name="onNextWithoutDemand()" classname="org.springframework.http.server.reactive.ListenerWriteProcessorTests" time="0.0"/>
  <testcase name="writePublisherError()" classname="org.springframework.http.server.reactive.ListenerWriteProcessorTests" time="0.0"/>
  <testcase name="ioExceptionDuringWrite()" classname="org.springframework.http.server.reactive.ListenerWriteProcessorTests" time="0.0"/>
  <system-out><![CDATA[]]></system-out>
  <system-err><![CDATA[]]></system-err>
</testsuite>
