<?xml version="1.0" encoding="UTF-8"?>
<testsuite name="org.springframework.http.server.reactive.ErrorHandlerIntegrationTests" tests="12" skipped="0" failures="0" errors="0" timestamp="2020-06-22T06:40:03" hostname="aiguoxindeMacBook-Pro.local" time="0.161">
  <properties/>
  <testcase name="handlingError(HttpServer)[1]" classname="org.springframework.http.server.reactive.ErrorHandlerIntegrationTests" time="0.009"/>
  <testcase name="handlingError(HttpServer)[2]" classname="org.springframework.http.server.reactive.ErrorHandlerIntegrationTests" time="0.01"/>
  <testcase name="handlingError(HttpServer)[3]" classname="org.springframework.http.server.reactive.ErrorHandlerIntegrationTests" time="0.026"/>
  <testcase name="handlingError(HttpServer)[4]" classname="org.springframework.http.server.reactive.ErrorHandlerIntegrationTests" time="0.009"/>
  <testcase name="responseBodyError(HttpServer)[1]" classname="org.springframework.http.server.reactive.ErrorHandlerIntegrationTests" time="0.011"/>
  <testcase name="responseBodyError(HttpServer)[2]" classname="org.springframework.http.server.reactive.ErrorHandlerIntegrationTests" time="0.006"/>
  <testcase name="responseBodyError(HttpServer)[3]" classname="org.springframework.http.server.reactive.ErrorHandlerIntegrationTests" time="0.028"/>
  <testcase name="responseBodyError(HttpServer)[4]" classname="org.springframework.http.server.reactive.ErrorHandlerIntegrationTests" time="0.007"/>
  <testcase name="emptyPathSegments(HttpServer)[1]" classname="org.springframework.http.server.reactive.ErrorHandlerIntegrationTests" time="0.009"/>
  <testcase name="emptyPathSegments(HttpServer)[2]" classname="org.springframework.http.server.reactive.ErrorHandlerIntegrationTests" time="0.005"/>
  <testcase name="emptyPathSegments(HttpServer)[3]" classname="org.springframework.http.server.reactive.ErrorHandlerIntegrationTests" time="0.027"/>
  <testcase name="emptyPathSegments(HttpServer)[4]" classname="org.springframework.http.server.reactive.ErrorHandlerIntegrationTests" time="0.007"/>
  <system-out><![CDATA[14:40:03.637 [Test worker] DEBUG o.s.w.t.h.s.r.b.JettyHttpServer - Starting JettyHttpServer...
14:40:03.640 [Test worker] DEBUG o.s.w.t.h.s.r.b.JettyHttpServer - Server started on port 63280(0 millis).
14:40:03.642 [Test worker] DEBUG o.s.w.c.RestTemplate - HTTP GET http://localhost:63280/handling-error
14:40:03.642 [Test worker] DEBUG o.s.w.c.RestTemplate - Accept=[text/plain, application/xml, text/xml, application/json, application/x-jackson-smile, application/cbor, application/*+xml, application/*+json, */*]
14:40:03.644 [Test worker] DEBUG o.s.w.c.RestTemplate - Response 500 INTERNAL_SERVER_ERROR
14:40:03.645 [Test worker] DEBUG o.s.w.t.h.s.r.b.JettyHttpServer - Stopping JettyHttpServer...
14:40:03.646 [Test worker] DEBUG o.s.w.t.h.s.r.b.JettyHttpServer - Server stopped (0 millis).
14:40:03.647 [Test worker] DEBUG o.s.w.t.h.s.r.b.ReactorHttpServer - Starting ReactorHttpServer...
14:40:03.647 [Test worker] DEBUG o.s.w.t.h.s.r.b.ReactorHttpServer - Server started on port 63282(0 millis).
14:40:03.649 [Test worker] DEBUG o.s.w.c.RestTemplate - HTTP GET http://localhost:63282/handling-error
14:40:03.649 [Test worker] DEBUG o.s.w.c.RestTemplate - Accept=[text/plain, application/xml, text/xml, application/json, application/x-jackson-smile, application/cbor, application/*+xml, application/*+json, */*]
14:40:03.652 [reactor-http-nio-8] ERROR r.n.h.s.HttpServerOperations - [id: 0x68edc3c7, L:/127.0.0.1:63282 - R:/127.0.0.1:63283] Error starting response. Replying error status
java.lang.UnsupportedOperationException: null
	at org.springframework.http.server.reactive.ErrorHandlerIntegrationTests$ErrorHandler.handle(ErrorHandlerIntegrationTests.java:91) ~[test/:?]
	at org.springframework.http.server.reactive.ReactorHttpHandlerAdapter.apply(ReactorHttpHandlerAdapter.java:65) ~[spring-web-5.3.0-SNAPSHOT.jar:?]
	at org.springframework.http.server.reactive.ReactorHttpHandlerAdapter.apply(ReactorHttpHandlerAdapter.java:40) ~[spring-web-5.3.0-SNAPSHOT.jar:?]
	at reactor.netty.http.server.HttpServer$HttpServerHandle.onStateChange(HttpServer.java:503) [reactor-netty-1.0.0-SNAPSHOT.jar:1.0.0-SNAPSHOT]
	at reactor.netty.transport.ServerTransport$ChildObserver.onStateChange(ServerTransport.java:440) [reactor-netty-1.0.0-SNAPSHOT.jar:1.0.0-SNAPSHOT]
	at reactor.netty.http.server.HttpServerOperations.onInboundNext(HttpServerOperations.java:475) [reactor-netty-1.0.0-SNAPSHOT.jar:1.0.0-SNAPSHOT]
	at reactor.netty.channel.ChannelOperationsHandler.channelRead(ChannelOperationsHandler.java:94) [reactor-netty-1.0.0-SNAPSHOT.jar:1.0.0-SNAPSHOT]
	at io.netty.channel.AbstractChannelHandlerContext.invokeChannelRead(AbstractChannelHandlerContext.java:379) [netty-transport-4.1.50.Final.jar:4.1.50.Final]
	at io.netty.channel.AbstractChannelHandlerContext.invokeChannelRead(AbstractChannelHandlerContext.java:365) [netty-transport-4.1.50.Final.jar:4.1.50.Final]
	at io.netty.channel.AbstractChannelHandlerContext.fireChannelRead(AbstractChannelHandlerContext.java:357) [netty-transport-4.1.50.Final.jar:4.1.50.Final]
	at reactor.netty.http.server.HttpTrafficHandler.channelRead(HttpTrafficHandler.java:178) [reactor-netty-1.0.0-SNAPSHOT.jar:1.0.0-SNAPSHOT]
	at io.netty.channel.AbstractChannelHandlerContext.invokeChannelRead(AbstractChannelHandlerContext.java:379) [netty-transport-4.1.50.Final.jar:4.1.50.Final]
	at io.netty.channel.AbstractChannelHandlerContext.invokeChannelRead(AbstractChannelHandlerContext.java:365) [netty-transport-4.1.50.Final.jar:4.1.50.Final]
	at io.netty.channel.AbstractChannelHandlerContext.fireChannelRead(AbstractChannelHandlerContext.java:357) [netty-transport-4.1.50.Final.jar:4.1.50.Final]
	at io.netty.channel.CombinedChannelDuplexHandler$DelegatingChannelHandlerContext.fireChannelRead(CombinedChannelDuplexHandler.java:436) [netty-transport-4.1.50.Final.jar:4.1.50.Final]
	at io.netty.handler.codec.ByteToMessageDecoder.fireChannelRead(ByteToMessageDecoder.java:324) [netty-codec-4.1.50.Final.jar:4.1.50.Final]
	at io.netty.handler.codec.ByteToMessageDecoder.channelRead(ByteToMessageDecoder.java:296) [netty-codec-4.1.50.Final.jar:4.1.50.Final]
	at io.netty.channel.CombinedChannelDuplexHandler.channelRead(CombinedChannelDuplexHandler.java:251) [netty-transport-4.1.50.Final.jar:4.1.50.Final]
	at io.netty.channel.AbstractChannelHandlerContext.invokeChannelRead(AbstractChannelHandlerContext.java:379) [netty-transport-4.1.50.Final.jar:4.1.50.Final]
	at io.netty.channel.AbstractChannelHandlerContext.invokeChannelRead(AbstractChannelHandlerContext.java:365) [netty-transport-4.1.50.Final.jar:4.1.50.Final]
	at io.netty.channel.AbstractChannelHandlerContext.fireChannelRead(AbstractChannelHandlerContext.java:357) [netty-transport-4.1.50.Final.jar:4.1.50.Final]
	at io.netty.channel.DefaultChannelPipeline$HeadContext.channelRead(DefaultChannelPipeline.java:1410) [netty-transport-4.1.50.Final.jar:4.1.50.Final]
	at io.netty.channel.AbstractChannelHandlerContext.invokeChannelRead(AbstractChannelHandlerContext.java:379) [netty-transport-4.1.50.Final.jar:4.1.50.Final]
	at io.netty.channel.AbstractChannelHandlerContext.invokeChannelRead(AbstractChannelHandlerContext.java:365) [netty-transport-4.1.50.Final.jar:4.1.50.Final]
	at io.netty.channel.DefaultChannelPipeline.fireChannelRead(DefaultChannelPipeline.java:919) [netty-transport-4.1.50.Final.jar:4.1.50.Final]
	at io.netty.channel.nio.AbstractNioByteChannel$NioByteUnsafe.read(AbstractNioByteChannel.java:163) [netty-transport-4.1.50.Final.jar:4.1.50.Final]
	at io.netty.channel.nio.NioEventLoop.processSelectedKey(NioEventLoop.java:714) [netty-transport-4.1.50.Final.jar:4.1.50.Final]
	at io.netty.channel.nio.NioEventLoop.processSelectedKeysOptimized(NioEventLoop.java:650) [netty-transport-4.1.50.Final.jar:4.1.50.Final]
	at io.netty.channel.nio.NioEventLoop.processSelectedKeys(NioEventLoop.java:576) [netty-transport-4.1.50.Final.jar:4.1.50.Final]
	at io.netty.channel.nio.NioEventLoop.run(NioEventLoop.java:493) [netty-transport-4.1.50.Final.jar:4.1.50.Final]
	at io.netty.util.concurrent.SingleThreadEventExecutor$4.run(SingleThreadEventExecutor.java:989) [netty-common-4.1.50.Final.jar:4.1.50.Final]
	at io.netty.util.internal.ThreadExecutorMap$2.run(ThreadExecutorMap.java:74) [netty-common-4.1.50.Final.jar:4.1.50.Final]
	at io.netty.util.concurrent.FastThreadLocalRunnable.run(FastThreadLocalRunnable.java:30) [netty-common-4.1.50.Final.jar:4.1.50.Final]
	at java.lang.Thread.run(Thread.java:745) [?:1.8.0_73]
14:40:03.654 [Test worker] DEBUG o.s.w.c.RestTemplate - Response 500 INTERNAL_SERVER_ERROR
14:40:03.655 [Test worker] DEBUG o.s.w.t.h.s.r.b.ReactorHttpServer - Stopping ReactorHttpServer...
14:40:03.655 [Test worker] DEBUG o.s.w.t.h.s.r.b.ReactorHttpServer - Server stopped (0 millis).
14:40:03.656 [Test worker] DEBUG o.s.w.t.h.s.r.b.TomcatHttpServer - Starting TomcatHttpServer...
14:40:03.663 [Test worker] DEBUG o.s.w.t.h.s.r.b.TomcatHttpServer - Server started on port 63284(0 millis).
14:40:03.665 [Test worker] DEBUG o.s.w.c.RestTemplate - HTTP GET http://localhost:63284/handling-error
14:40:03.665 [Test worker] DEBUG o.s.w.c.RestTemplate - Accept=[text/plain, application/xml, text/xml, application/json, application/x-jackson-smile, application/cbor, application/*+xml, application/*+json, */*]
14:40:03.670 [Test worker] DEBUG o.s.w.c.RestTemplate - Response 500 INTERNAL_SERVER_ERROR
14:40:03.671 [Test worker] DEBUG o.s.w.t.h.s.r.b.TomcatHttpServer - Stopping TomcatHttpServer...
14:40:03.682 [Test worker] DEBUG o.s.w.t.h.s.r.b.TomcatHttpServer - Server stopped (0 millis).
14:40:03.683 [Test worker] DEBUG o.s.w.t.h.s.r.b.UndertowHttpServer - Starting UndertowHttpServer...
14:40:03.686 [Test worker] DEBUG o.s.w.t.h.s.r.b.UndertowHttpServer - Server started on port 63287(0 millis).
14:40:03.689 [Test worker] DEBUG o.s.w.c.RestTemplate - HTTP GET http://localhost:63287/handling-error
14:40:03.689 [Test worker] DEBUG o.s.w.c.RestTemplate - Accept=[text/plain, application/xml, text/xml, application/json, application/x-jackson-smile, application/cbor, application/*+xml, application/*+json, */*]
14:40:03.690 [XNIO-9 I/O-1] DEBUG o.s.w.HttpLogging - [6e177cea] Setting HttpServerExchange status to 500 Server Error
14:40:03.691 [Test worker] DEBUG o.s.w.c.RestTemplate - Response 500 INTERNAL_SERVER_ERROR
14:40:03.691 [Test worker] DEBUG o.s.w.t.h.s.r.b.UndertowHttpServer - Stopping UndertowHttpServer...
14:40:03.692 [Test worker] DEBUG o.s.w.t.h.s.r.b.UndertowHttpServer - Server stopped (0 millis).
14:40:03.693 [Test worker] DEBUG o.s.w.t.h.s.r.b.JettyHttpServer - Starting JettyHttpServer...
14:40:03.696 [Test worker] DEBUG o.s.w.t.h.s.r.b.JettyHttpServer - Server started on port 63289(0 millis).
14:40:03.699 [Test worker] DEBUG o.s.w.c.RestTemplate - HTTP GET http://localhost:63289/response-body-error
14:40:03.699 [Test worker] DEBUG o.s.w.c.RestTemplate - Accept=[text/plain, application/xml, text/xml, application/json, application/x-jackson-smile, application/cbor, application/*+xml, application/*+json, */*]
14:40:03.701 [Test worker] DEBUG o.s.w.c.RestTemplate - Response 500 INTERNAL_SERVER_ERROR
14:40:03.701 [Test worker] DEBUG o.s.w.t.h.s.r.b.JettyHttpServer - Stopping JettyHttpServer...
14:40:03.703 [Test worker] DEBUG o.s.w.t.h.s.r.b.JettyHttpServer - Server stopped (0 millis).
14:40:03.704 [Test worker] DEBUG o.s.w.t.h.s.r.b.ReactorHttpServer - Starting ReactorHttpServer...
14:40:03.705 [Test worker] DEBUG o.s.w.t.h.s.r.b.ReactorHttpServer - Server started on port 63291(0 millis).
14:40:03.707 [Test worker] DEBUG o.s.w.c.RestTemplate - HTTP GET http://localhost:63291/response-body-error
14:40:03.707 [Test worker] DEBUG o.s.w.c.RestTemplate - Accept=[text/plain, application/xml, text/xml, application/json, application/x-jackson-smile, application/cbor, application/*+xml, application/*+json, */*]
14:40:03.709 [reactor-http-nio-2] ERROR r.n.h.s.HttpServerOperations - [id: 0x400db56e, L:/127.0.0.1:63291 - R:/127.0.0.1:63292] Error starting response. Replying error status
java.lang.UnsupportedOperationException: null
	at org.springframework.http.server.reactive.ErrorHandlerIntegrationTests$ErrorHandler.handle(ErrorHandlerIntegrationTests.java:91) ~[test/:?]
	at org.springframework.http.server.reactive.ReactorHttpHandlerAdapter.apply(ReactorHttpHandlerAdapter.java:65) ~[spring-web-5.3.0-SNAPSHOT.jar:?]
	at org.springframework.http.server.reactive.ReactorHttpHandlerAdapter.apply(ReactorHttpHandlerAdapter.java:40) ~[spring-web-5.3.0-SNAPSHOT.jar:?]
	at reactor.netty.http.server.HttpServer$HttpServerHandle.onStateChange(HttpServer.java:503) [reactor-netty-1.0.0-SNAPSHOT.jar:1.0.0-SNAPSHOT]
	at reactor.netty.transport.ServerTransport$ChildObserver.onStateChange(ServerTransport.java:440) [reactor-netty-1.0.0-SNAPSHOT.jar:1.0.0-SNAPSHOT]
	at reactor.netty.http.server.HttpServerOperations.onInboundNext(HttpServerOperations.java:475) [reactor-netty-1.0.0-SNAPSHOT.jar:1.0.0-SNAPSHOT]
	at reactor.netty.channel.ChannelOperationsHandler.channelRead(ChannelOperationsHandler.java:94) [reactor-netty-1.0.0-SNAPSHOT.jar:1.0.0-SNAPSHOT]
	at io.netty.channel.AbstractChannelHandlerContext.invokeChannelRead(AbstractChannelHandlerContext.java:379) [netty-transport-4.1.50.Final.jar:4.1.50.Final]
	at io.netty.channel.AbstractChannelHandlerContext.invokeChannelRead(AbstractChannelHandlerContext.java:365) [netty-transport-4.1.50.Final.jar:4.1.50.Final]
	at io.netty.channel.AbstractChannelHandlerContext.fireChannelRead(AbstractChannelHandlerContext.java:357) [netty-transport-4.1.50.Final.jar:4.1.50.Final]
	at reactor.netty.http.server.HttpTrafficHandler.channelRead(HttpTrafficHandler.java:178) [reactor-netty-1.0.0-SNAPSHOT.jar:1.0.0-SNAPSHOT]
	at io.netty.channel.AbstractChannelHandlerContext.invokeChannelRead(AbstractChannelHandlerContext.java:379) [netty-transport-4.1.50.Final.jar:4.1.50.Final]
	at io.netty.channel.AbstractChannelHandlerContext.invokeChannelRead(AbstractChannelHandlerContext.java:365) [netty-transport-4.1.50.Final.jar:4.1.50.Final]
	at io.netty.channel.AbstractChannelHandlerContext.fireChannelRead(AbstractChannelHandlerContext.java:357) [netty-transport-4.1.50.Final.jar:4.1.50.Final]
	at io.netty.channel.CombinedChannelDuplexHandler$DelegatingChannelHandlerContext.fireChannelRead(CombinedChannelDuplexHandler.java:436) [netty-transport-4.1.50.Final.jar:4.1.50.Final]
	at io.netty.handler.codec.ByteToMessageDecoder.fireChannelRead(ByteToMessageDecoder.java:324) [netty-codec-4.1.50.Final.jar:4.1.50.Final]
	at io.netty.handler.codec.ByteToMessageDecoder.channelRead(ByteToMessageDecoder.java:296) [netty-codec-4.1.50.Final.jar:4.1.50.Final]
	at io.netty.channel.CombinedChannelDuplexHandler.channelRead(CombinedChannelDuplexHandler.java:251) [netty-transport-4.1.50.Final.jar:4.1.50.Final]
	at io.netty.channel.AbstractChannelHandlerContext.invokeChannelRead(AbstractChannelHandlerContext.java:379) [netty-transport-4.1.50.Final.jar:4.1.50.Final]
	at io.netty.channel.AbstractChannelHandlerContext.invokeChannelRead(AbstractChannelHandlerContext.java:365) [netty-transport-4.1.50.Final.jar:4.1.50.Final]
	at io.netty.channel.AbstractChannelHandlerContext.fireChannelRead(AbstractChannelHandlerContext.java:357) [netty-transport-4.1.50.Final.jar:4.1.50.Final]
	at io.netty.channel.DefaultChannelPipeline$HeadContext.channelRead(DefaultChannelPipeline.java:1410) [netty-transport-4.1.50.Final.jar:4.1.50.Final]
	at io.netty.channel.AbstractChannelHandlerContext.invokeChannelRead(AbstractChannelHandlerContext.java:379) [netty-transport-4.1.50.Final.jar:4.1.50.Final]
	at io.netty.channel.AbstractChannelHandlerContext.invokeChannelRead(AbstractChannelHandlerContext.java:365) [netty-transport-4.1.50.Final.jar:4.1.50.Final]
	at io.netty.channel.DefaultChannelPipeline.fireChannelRead(DefaultChannelPipeline.java:919) [netty-transport-4.1.50.Final.jar:4.1.50.Final]
	at io.netty.channel.nio.AbstractNioByteChannel$NioByteUnsafe.read(AbstractNioByteChannel.java:163) [netty-transport-4.1.50.Final.jar:4.1.50.Final]
	at io.netty.channel.nio.NioEventLoop.processSelectedKey(NioEventLoop.java:714) [netty-transport-4.1.50.Final.jar:4.1.50.Final]
	at io.netty.channel.nio.NioEventLoop.processSelectedKeysOptimized(NioEventLoop.java:650) [netty-transport-4.1.50.Final.jar:4.1.50.Final]
	at io.netty.channel.nio.NioEventLoop.processSelectedKeys(NioEventLoop.java:576) [netty-transport-4.1.50.Final.jar:4.1.50.Final]
	at io.netty.channel.nio.NioEventLoop.run(NioEventLoop.java:493) [netty-transport-4.1.50.Final.jar:4.1.50.Final]
	at io.netty.util.concurrent.SingleThreadEventExecutor$4.run(SingleThreadEventExecutor.java:989) [netty-common-4.1.50.Final.jar:4.1.50.Final]
	at io.netty.util.internal.ThreadExecutorMap$2.run(ThreadExecutorMap.java:74) [netty-common-4.1.50.Final.jar:4.1.50.Final]
	at io.netty.util.concurrent.FastThreadLocalRunnable.run(FastThreadLocalRunnable.java:30) [netty-common-4.1.50.Final.jar:4.1.50.Final]
	at java.lang.Thread.run(Thread.java:745) [?:1.8.0_73]
14:40:03.710 [Test worker] DEBUG o.s.w.c.RestTemplate - Response 500 INTERNAL_SERVER_ERROR
14:40:03.710 [Test worker] DEBUG o.s.w.t.h.s.r.b.ReactorHttpServer - Stopping ReactorHttpServer...
14:40:03.710 [Test worker] DEBUG o.s.w.t.h.s.r.b.ReactorHttpServer - Server stopped (0 millis).
14:40:03.711 [Test worker] DEBUG o.s.w.t.h.s.r.b.TomcatHttpServer - Starting TomcatHttpServer...
14:40:03.719 [Test worker] DEBUG o.s.w.t.h.s.r.b.TomcatHttpServer - Server started on port 63293(0 millis).
14:40:03.721 [Test worker] DEBUG o.s.w.c.RestTemplate - HTTP GET http://localhost:63293/response-body-error
14:40:03.722 [Test worker] DEBUG o.s.w.c.RestTemplate - Accept=[text/plain, application/xml, text/xml, application/json, application/x-jackson-smile, application/cbor, application/*+xml, application/*+json, */*]
14:40:03.726 [Test worker] DEBUG o.s.w.c.RestTemplate - Response 500 INTERNAL_SERVER_ERROR
14:40:03.727 [Test worker] DEBUG o.s.w.t.h.s.r.b.TomcatHttpServer - Stopping TomcatHttpServer...
14:40:03.739 [Test worker] DEBUG o.s.w.t.h.s.r.b.TomcatHttpServer - Server stopped (0 millis).
14:40:03.740 [Test worker] DEBUG o.s.w.t.h.s.r.b.UndertowHttpServer - Starting UndertowHttpServer...
14:40:03.742 [Test worker] DEBUG o.s.w.t.h.s.r.b.UndertowHttpServer - Server started on port 63296(0 millis).
14:40:03.744 [Test worker] DEBUG o.s.w.c.RestTemplate - HTTP GET http://localhost:63296/response-body-error
14:40:03.744 [Test worker] DEBUG o.s.w.c.RestTemplate - Accept=[text/plain, application/xml, text/xml, application/json, application/x-jackson-smile, application/cbor, application/*+xml, application/*+json, */*]
14:40:03.746 [XNIO-10 I/O-3] DEBUG o.s.w.HttpLogging - [564cc74e] Setting HttpServerExchange status to 500 Server Error
14:40:03.746 [Test worker] DEBUG o.s.w.c.RestTemplate - Response 500 INTERNAL_SERVER_ERROR
14:40:03.746 [Test worker] DEBUG o.s.w.t.h.s.r.b.UndertowHttpServer - Stopping UndertowHttpServer...
14:40:03.747 [Test worker] DEBUG o.s.w.t.h.s.r.b.UndertowHttpServer - Server stopped (0 millis).
14:40:03.748 [Test worker] DEBUG o.s.w.t.h.s.r.b.JettyHttpServer - Starting JettyHttpServer...
14:40:03.752 [Test worker] DEBUG o.s.w.t.h.s.r.b.JettyHttpServer - Server started on port 63298(0 millis).
14:40:03.754 [Test worker] DEBUG o.s.w.c.RestTemplate - HTTP GET http://localhost:63298//
14:40:03.754 [Test worker] DEBUG o.s.w.c.RestTemplate - Accept=[text/plain, application/xml, text/xml, application/json, application/x-jackson-smile, application/cbor, application/*+xml, application/*+json, */*]
14:40:03.756 [Test worker] DEBUG o.s.w.c.RestTemplate - Response 200 OK
14:40:03.756 [Test worker] DEBUG o.s.w.t.h.s.r.b.JettyHttpServer - Stopping JettyHttpServer...
14:40:03.757 [Test worker] DEBUG o.s.w.t.h.s.r.b.JettyHttpServer - Server stopped (0 millis).
14:40:03.758 [Test worker] DEBUG o.s.w.t.h.s.r.b.ReactorHttpServer - Starting ReactorHttpServer...
14:40:03.758 [Test worker] DEBUG o.s.w.t.h.s.r.b.ReactorHttpServer - Server started on port 63300(0 millis).
14:40:03.761 [Test worker] DEBUG o.s.w.c.RestTemplate - HTTP GET http://localhost:63300//
14:40:03.761 [Test worker] DEBUG o.s.w.c.RestTemplate - Accept=[text/plain, application/xml, text/xml, application/json, application/x-jackson-smile, application/cbor, application/*+xml, application/*+json, */*]
14:40:03.763 [Test worker] DEBUG o.s.w.c.RestTemplate - Response 200 OK
14:40:03.763 [Test worker] DEBUG o.s.w.t.h.s.r.b.ReactorHttpServer - Stopping ReactorHttpServer...
14:40:03.763 [Test worker] DEBUG o.s.w.t.h.s.r.b.ReactorHttpServer - Server stopped (0 millis).
14:40:03.764 [Test worker] DEBUG o.s.w.t.h.s.r.b.TomcatHttpServer - Starting TomcatHttpServer...
14:40:03.772 [Test worker] DEBUG o.s.w.t.h.s.r.b.TomcatHttpServer - Server started on port 63302(0 millis).
14:40:03.774 [Test worker] DEBUG o.s.w.c.RestTemplate - HTTP GET http://localhost:63302//
14:40:03.774 [Test worker] DEBUG o.s.w.c.RestTemplate - Accept=[text/plain, application/xml, text/xml, application/json, application/x-jackson-smile, application/cbor, application/*+xml, application/*+json, */*]
14:40:03.777 [Test worker] DEBUG o.s.w.c.RestTemplate - Response 200 OK
14:40:03.778 [Test worker] DEBUG o.s.w.t.h.s.r.b.TomcatHttpServer - Stopping TomcatHttpServer...
14:40:03.790 [Test worker] DEBUG o.s.w.t.h.s.r.b.TomcatHttpServer - Server stopped (0 millis).
14:40:03.791 [Test worker] DEBUG o.s.w.t.h.s.r.b.UndertowHttpServer - Starting UndertowHttpServer...
14:40:03.794 [Test worker] DEBUG o.s.w.t.h.s.r.b.UndertowHttpServer - Server started on port 63305(0 millis).
14:40:03.795 [Test worker] DEBUG o.s.w.c.RestTemplate - HTTP GET http://localhost:63305//
14:40:03.796 [Test worker] DEBUG o.s.w.c.RestTemplate - Accept=[text/plain, application/xml, text/xml, application/json, application/x-jackson-smile, application/cbor, application/*+xml, application/*+json, */*]
14:40:03.797 [Test worker] DEBUG o.s.w.c.RestTemplate - Response 200 OK
14:40:03.797 [Test worker] DEBUG o.s.w.t.h.s.r.b.UndertowHttpServer - Stopping UndertowHttpServer...
14:40:03.798 [Test worker] DEBUG o.s.w.t.h.s.r.b.UndertowHttpServer - Server stopped (0 millis).
]]></system-out>
  <system-err><![CDATA[六月 22, 2020 2:40:03 下午 org.apache.catalina.core.StandardService startInternal
信息: Starting service [Tomcat]
六月 22, 2020 2:40:03 下午 org.apache.catalina.core.StandardEngine startInternal
信息: Starting Servlet engine: [Apache Tomcat/9.0.36]
六月 22, 2020 2:40:03 下午 org.apache.coyote.AbstractProtocol init
信息: Initializing ProtocolHandler ["http-nio-auto-9"]
六月 22, 2020 2:40:03 下午 org.apache.coyote.AbstractProtocol start
信息: Starting ProtocolHandler ["http-nio-auto-9-63284"]
六月 22, 2020 2:40:03 下午 org.apache.coyote.AbstractProtocol pause
信息: Pausing ProtocolHandler ["http-nio-auto-9-63284"]
六月 22, 2020 2:40:03 下午 org.apache.catalina.core.StandardService stopInternal
信息: Stopping service [Tomcat]
六月 22, 2020 2:40:03 下午 org.apache.coyote.AbstractProtocol stop
信息: Stopping ProtocolHandler ["http-nio-auto-9-63284"]
六月 22, 2020 2:40:03 下午 org.apache.coyote.AbstractProtocol destroy
信息: Destroying ProtocolHandler ["http-nio-auto-9-63284"]
六月 22, 2020 2:40:03 下午 org.apache.catalina.core.StandardService startInternal
信息: Starting service [Tomcat]
六月 22, 2020 2:40:03 下午 org.apache.catalina.core.StandardEngine startInternal
信息: Starting Servlet engine: [Apache Tomcat/9.0.36]
六月 22, 2020 2:40:03 下午 org.apache.coyote.AbstractProtocol init
信息: Initializing ProtocolHandler ["http-nio-auto-10"]
六月 22, 2020 2:40:03 下午 org.apache.coyote.AbstractProtocol start
信息: Starting ProtocolHandler ["http-nio-auto-10-63293"]
六月 22, 2020 2:40:03 下午 org.apache.coyote.AbstractProtocol pause
信息: Pausing ProtocolHandler ["http-nio-auto-10-63293"]
六月 22, 2020 2:40:03 下午 org.apache.catalina.core.StandardService stopInternal
信息: Stopping service [Tomcat]
六月 22, 2020 2:40:03 下午 org.apache.coyote.AbstractProtocol stop
信息: Stopping ProtocolHandler ["http-nio-auto-10-63293"]
六月 22, 2020 2:40:03 下午 org.apache.coyote.AbstractProtocol destroy
信息: Destroying ProtocolHandler ["http-nio-auto-10-63293"]
六月 22, 2020 2:40:03 下午 org.apache.catalina.core.StandardService startInternal
信息: Starting service [Tomcat]
六月 22, 2020 2:40:03 下午 org.apache.catalina.core.StandardEngine startInternal
信息: Starting Servlet engine: [Apache Tomcat/9.0.36]
六月 22, 2020 2:40:03 下午 org.apache.coyote.AbstractProtocol init
信息: Initializing ProtocolHandler ["http-nio-auto-11"]
六月 22, 2020 2:40:03 下午 org.apache.coyote.AbstractProtocol start
信息: Starting ProtocolHandler ["http-nio-auto-11-63302"]
六月 22, 2020 2:40:03 下午 org.apache.coyote.AbstractProtocol pause
信息: Pausing ProtocolHandler ["http-nio-auto-11-63302"]
六月 22, 2020 2:40:03 下午 org.apache.catalina.core.StandardService stopInternal
信息: Stopping service [Tomcat]
六月 22, 2020 2:40:03 下午 org.apache.coyote.AbstractProtocol stop
信息: Stopping ProtocolHandler ["http-nio-auto-11-63302"]
六月 22, 2020 2:40:03 下午 org.apache.coyote.AbstractProtocol destroy
信息: Destroying ProtocolHandler ["http-nio-auto-11-63302"]
]]></system-err>
</testsuite>
