<?xml version="1.0" encoding="UTF-8"?>
<testsuite name="org.springframework.web.util.pattern.PathPatternRouteMatcherTests" tests="4" skipped="0" failures="0" errors="0" timestamp="2020-06-22T06:40:11" hostname="aiguoxindeMacBook-Pro.local" time="0.003">
  <properties/>
  <testcase name="separatorOnlyDecoded()" classname="org.springframework.web.util.pattern.PathPatternRouteMatcherTests" time="0.003"/>
  <testcase name="matchRouteWithCustomSeparator()" classname="org.springframework.web.util.pattern.PathPatternRouteMatcherTests" time="0.0"/>
  <testcase name="noDecodingAndNoParamParsing()" classname="org.springframework.web.util.pattern.PathPatternRouteMatcherTests" time="0.0"/>
  <testcase name="matchRoute()" classname="org.springframework.web.util.pattern.PathPatternRouteMatcherTests" time="0.0"/>
  <system-out><![CDATA[]]></system-out>
  <system-err><![CDATA[]]></system-err>
</testsuite>
