<?xml version="1.0" encoding="UTF-8"?>
<testsuite name="org.springframework.web.method.annotation.WebArgumentResolverAdapterTests" tests="8" skipped="0" failures="0" errors="0" timestamp="2020-06-22T06:40:10" hostname="aiguoxindeMacBook-Pro.local" time="0.028">
  <properties/>
  <testcase name="resolveArgumentUnresolved()" classname="org.springframework.web.method.annotation.WebArgumentResolverAdapterTests" time="0.023"/>
  <testcase name="resolveArgumentThrowsException()" classname="org.springframework.web.method.annotation.WebArgumentResolverAdapterTests" time="0.001"/>
  <testcase name="resolveArgument()" classname="org.springframework.web.method.annotation.WebArgumentResolverAdapterTests" time="0.001"/>
  <testcase name="supportsParameterUnresolved()" classname="org.springframework.web.method.annotation.WebArgumentResolverAdapterTests" time="0.0"/>
  <testcase name="supportsParameterWrongType()" classname="org.springframework.web.method.annotation.WebArgumentResolverAdapterTests" time="0.001"/>
  <testcase name="resolveArgumentWrongType()" classname="org.springframework.web.method.annotation.WebArgumentResolverAdapterTests" time="0.001"/>
  <testcase name="supportsParameter()" classname="org.springframework.web.method.annotation.WebArgumentResolverAdapterTests" time="0.0"/>
  <testcase name="supportsParameterThrowsException()" classname="org.springframework.web.method.annotation.WebArgumentResolverAdapterTests" time="0.001"/>
  <system-out><![CDATA[14:40:10.774 [Test worker] DEBUG o.s.w.m.a.WebArgumentResolverAdapterTests$TestWebArgumentResolverAdapter - Error in checking support for parameter [method 'handle' parameter 0]: null
]]></system-out>
  <system-err><![CDATA[]]></system-err>
</testsuite>
