<?xml version="1.0" encoding="UTF-8"?>
<testsuite name="org.springframework.http.converter.ResourceRegionHttpMessageConverterTests" tests="8" skipped="0" failures="0" errors="0" timestamp="2020-06-22T06:39:55" hostname="aiguoxindeMacBook-Pro.local" time="0.057">
  <properties/>
  <testcase name="partialContentMultipleByteRanges()" classname="org.springframework.http.converter.ResourceRegionHttpMessageConverterTests" time="0.008"/>
  <testcase name="canWriteResourceCollection()" classname="org.springframework.http.converter.ResourceRegionHttpMessageConverterTests" time="0.002"/>
  <testcase name="partialContentMultipleByteRangesInRandomOrderAndOverlapping()" classname="org.springframework.http.converter.ResourceRegionHttpMessageConverterTests" time="0.007"/>
  <testcase name="canWriteResource()" classname="org.springframework.http.converter.ResourceRegionHttpMessageConverterTests" time="0.0"/>
  <testcase name="shouldWritePartialContentByteRangeNoEnd()" classname="org.springframework.http.converter.ResourceRegionHttpMessageConverterTests" time="0.002"/>
  <testcase name="applicationOctetStreamDefaultContentType()" classname="org.springframework.http.converter.ResourceRegionHttpMessageConverterTests" time="0.035"/>
  <testcase name="canReadResource()" classname="org.springframework.http.converter.ResourceRegionHttpMessageConverterTests" time="0.0"/>
  <testcase name="shouldWritePartialContentByteRange()" classname="org.springframework.http.converter.ResourceRegionHttpMessageConverterTests" time="0.001"/>
  <system-out><![CDATA[]]></system-out>
  <system-err><![CDATA[]]></system-err>
</testsuite>
