<?xml version="1.0" encoding="UTF-8"?>
<testsuite name="org.springframework.web.cors.reactive.UrlBasedCorsConfigurationSourceTests" tests="2" skipped="0" failures="0" errors="0" timestamp="2020-06-22T06:40:09" hostname="aiguoxindeMacBook-Pro.local" time="0.006">
  <properties/>
  <testcase name="registerAndMatch()" classname="org.springframework.web.cors.reactive.UrlBasedCorsConfigurationSourceTests" time="0.006"/>
  <testcase name="empty()" classname="org.springframework.web.cors.reactive.UrlBasedCorsConfigurationSourceTests" time="0.0"/>
  <system-out><![CDATA[]]></system-out>
  <system-err><![CDATA[]]></system-err>
</testsuite>
