<?xml version="1.0" encoding="UTF-8"?>
<testsuite name="org.springframework.web.multipart.support.StandardMultipartHttpServletRequestTests" tests="4" skipped="0" failures="0" errors="0" timestamp="2020-06-22T06:40:10" hostname="aiguoxindeMacBook-Pro.local" time="0.015">
  <properties/>
  <testcase name="filename()" classname="org.springframework.web.multipart.support.StandardMultipartHttpServletRequestTests" time="0.001"/>
  <testcase name="multipartFileResource()" classname="org.springframework.web.multipart.support.StandardMultipartHttpServletRequestTests" time="0.002"/>
  <testcase name="filenameRfc2047()" classname="org.springframework.web.multipart.support.StandardMultipartHttpServletRequestTests" time="0.011"/>
  <testcase name="filenameRfc5987()" classname="org.springframework.web.multipart.support.StandardMultipartHttpServletRequestTests" time="0.001"/>
  <system-out><![CDATA[]]></system-out>
  <system-err><![CDATA[]]></system-err>
</testsuite>
