<?xml version="1.0" encoding="UTF-8"?>
<testsuite name="org.springframework.web.method.ControllerAdviceBeanTests" tests="18" skipped="0" failures="0" errors="0" timestamp="2020-06-22T06:40:10" hostname="aiguoxindeMacBook-Pro.local" time="0.046">
  <properties/>
  <testcase name="annotationSupport()" classname="org.springframework.web.method.ControllerAdviceBeanTests" time="0.007"/>
  <testcase name="orderedViaAnnotationForBeanInstance()" classname="org.springframework.web.method.ControllerAdviceBeanTests" time="0.001"/>
  <testcase name="orderedWithLowestPrecedenceByDefaultForBeanInstance()" classname="org.springframework.web.method.ControllerAdviceBeanTests" time="0.0"/>
  <testcase name="shouldMatchAll()" classname="org.springframework.web.method.ControllerAdviceBeanTests" time="0.0"/>
  <testcase name="multipleMatch()" classname="org.springframework.web.method.ControllerAdviceBeanTests" time="0.001"/>
  <testcase name="orderedViaAnnotationForBeanName()" classname="org.springframework.web.method.ControllerAdviceBeanTests" time="0.013"/>
  <testcase name="equalsHashCodeAndToStringForBeanName()" classname="org.springframework.web.method.ControllerAdviceBeanTests" time="0.001"/>
  <testcase name="constructorPreconditions()" classname="org.springframework.web.method.ControllerAdviceBeanTests" time="0.001"/>
  <testcase name="basePackageSupport()" classname="org.springframework.web.method.ControllerAdviceBeanTests" time="0.001"/>
  <testcase name="assignableTypesSupport()" classname="org.springframework.web.method.ControllerAdviceBeanTests" time="0.001"/>
  <testcase name="orderedViaOrderedInterfaceForBeanName()" classname="org.springframework.web.method.ControllerAdviceBeanTests" time="0.001"/>
  <testcase name="shouldNotMatch()" classname="org.springframework.web.method.ControllerAdviceBeanTests" time="0.0"/>
  <testcase name="markerClassSupport()" classname="org.springframework.web.method.ControllerAdviceBeanTests" time="0.0"/>
  <testcase name="findAnnotatedBeansSortsBeans()" classname="org.springframework.web.method.ControllerAdviceBeanTests" time="0.012"/>
  <testcase name="orderedViaOrderedInterfaceForBeanInstance()" classname="org.springframework.web.method.ControllerAdviceBeanTests" time="0.0"/>
  <testcase name="orderedWithLowestPrecedenceByDefaultForBeanName()" classname="org.springframework.web.method.ControllerAdviceBeanTests" time="0.001"/>
  <testcase name="basePackageValueSupport()" classname="org.springframework.web.method.ControllerAdviceBeanTests" time="0.0"/>
  <testcase name="equalsHashCodeAndToStringForBeanInstance()" classname="org.springframework.web.method.ControllerAdviceBeanTests" time="0.001"/>
  <system-out><![CDATA[]]></system-out>
  <system-err><![CDATA[]]></system-err>
</testsuite>
