<?xml version="1.0" encoding="UTF-8"?>
<testsuite name="org.springframework.web.util.HtmlUtilsTests" tests="5" skipped="0" failures="0" errors="0" timestamp="2020-06-22T06:40:11" hostname="aiguoxindeMacBook-Pro.local" time="0.002">
  <properties/>
  <testcase name="testDecodeFromHtmlCharacterSet()" classname="org.springframework.web.util.HtmlUtilsTests" time="0.001"/>
  <testcase name="testEncodeIntoHtmlCharacterSetFromUtf8()" classname="org.springframework.web.util.HtmlUtilsTests" time="0.0"/>
  <testcase name="testHtmlEscape()" classname="org.springframework.web.util.HtmlUtilsTests" time="0.0"/>
  <testcase name="testHtmlUnescape()" classname="org.springframework.web.util.HtmlUtilsTests" time="0.0"/>
  <testcase name="testEncodeIntoHtmlCharacterSet()" classname="org.springframework.web.util.HtmlUtilsTests" time="0.0"/>
  <system-out><![CDATA[]]></system-out>
  <system-err><![CDATA[]]></system-err>
</testsuite>
