<?xml version="1.0" encoding="UTF-8"?>
<testsuite name="org.springframework.http.client.NoOutputStreamingStreamingSimpleHttpRequestFactoryTests" tests="6" skipped="0" failures="0" errors="0" timestamp="2020-06-22T06:39:35" hostname="aiguoxindeMacBook-Pro.local" time="0.025">
  <properties/>
  <testcase name="headersAfterExecute()" classname="org.springframework.http.client.NoOutputStreamingStreamingSimpleHttpRequestFactoryTests" time="0.003"/>
  <testcase name="status()" classname="org.springframework.http.client.NoOutputStreamingStreamingSimpleHttpRequestFactoryTests" time="0.003"/>
  <testcase name="echo()" classname="org.springframework.http.client.NoOutputStreamingStreamingSimpleHttpRequestFactoryTests" time="0.003"/>
  <testcase name="multipleWrites()" classname="org.springframework.http.client.NoOutputStreamingStreamingSimpleHttpRequestFactoryTests" time="0.002"/>
  <testcase name="queryParameters()" classname="org.springframework.http.client.NoOutputStreamingStreamingSimpleHttpRequestFactoryTests" time="0.003"/>
  <testcase name="httpMethods()" classname="org.springframework.http.client.NoOutputStreamingStreamingSimpleHttpRequestFactoryTests" time="0.009"/>
  <system-out><![CDATA[]]></system-out>
  <system-err><![CDATA[六月 22, 2020 2:39:35 下午 okhttp3.mockwebserver.MockWebServer$3 execute
信息: MockWebServer[63110] starting to accept connections
六月 22, 2020 2:39:35 下午 okhttp3.mockwebserver.MockWebServer$4 processOneRequest
信息: MockWebServer[63110] received request: POST /status/ok HTTP/1.1 and responded: HTTP/1.1 200 OK
六月 22, 2020 2:39:35 下午 okhttp3.mockwebserver.MockWebServer$3 acceptConnections
信息: MockWebServer[63110] done accepting connections: Socket closed
六月 22, 2020 2:39:35 下午 okhttp3.mockwebserver.MockWebServer$3 execute
信息: MockWebServer[63112] starting to accept connections
六月 22, 2020 2:39:35 下午 okhttp3.mockwebserver.MockWebServer$4 processOneRequest
信息: MockWebServer[63112] received request: GET /status/notfound HTTP/1.1 and responded: HTTP/1.1 404 Client Error
六月 22, 2020 2:39:35 下午 okhttp3.mockwebserver.MockWebServer$3 acceptConnections
信息: MockWebServer[63112] done accepting connections: Socket closed
六月 22, 2020 2:39:35 下午 okhttp3.mockwebserver.MockWebServer$3 execute
信息: MockWebServer[63114] starting to accept connections
六月 22, 2020 2:39:35 下午 okhttp3.mockwebserver.MockWebServer$4 processOneRequest
信息: MockWebServer[63114] received request: PUT /echo HTTP/1.1 and responded: HTTP/1.1 200 OK
六月 22, 2020 2:39:35 下午 okhttp3.mockwebserver.MockWebServer$3 acceptConnections
信息: MockWebServer[63114] done accepting connections: Socket closed
六月 22, 2020 2:39:35 下午 okhttp3.mockwebserver.MockWebServer$3 execute
信息: MockWebServer[63116] starting to accept connections
六月 22, 2020 2:39:35 下午 okhttp3.mockwebserver.MockWebServer$3 acceptConnections
信息: MockWebServer[63116] done accepting connections: Socket closed
六月 22, 2020 2:39:35 下午 okhttp3.mockwebserver.MockWebServer$4 processConnection
警告: MockWebServer[63116] connection from /127.0.0.1 didn't make a request
六月 22, 2020 2:39:35 下午 okhttp3.mockwebserver.MockWebServer$3 execute
信息: MockWebServer[63118] starting to accept connections
六月 22, 2020 2:39:35 下午 okhttp3.mockwebserver.MockWebServer$4 processOneRequest
信息: MockWebServer[63118] received request: GET /params?param1=value&param2=value1&param2=value2 HTTP/1.1 and responded: HTTP/1.1 200 OK
六月 22, 2020 2:39:35 下午 okhttp3.mockwebserver.MockWebServer$3 acceptConnections
信息: MockWebServer[63118] done accepting connections: Socket closed
六月 22, 2020 2:39:35 下午 okhttp3.mockwebserver.MockWebServer$3 execute
信息: MockWebServer[63120] starting to accept connections
六月 22, 2020 2:39:35 下午 okhttp3.mockwebserver.MockWebServer$4 processOneRequest
信息: MockWebServer[63120] received request: GET /methods/get HTTP/1.1 and responded: HTTP/1.1 200 OK
六月 22, 2020 2:39:35 下午 okhttp3.mockwebserver.MockWebServer$4 processOneRequest
信息: MockWebServer[63120] received request: HEAD /methods/head HTTP/1.1 and responded: HTTP/1.1 200 OK
六月 22, 2020 2:39:35 下午 okhttp3.mockwebserver.MockWebServer$4 processOneRequest
信息: MockWebServer[63120] received request: POST /methods/post HTTP/1.1 and responded: HTTP/1.1 200 OK
六月 22, 2020 2:39:35 下午 okhttp3.mockwebserver.MockWebServer$4 processOneRequest
信息: MockWebServer[63120] received request: PUT /methods/put HTTP/1.1 and responded: HTTP/1.1 200 OK
六月 22, 2020 2:39:35 下午 okhttp3.mockwebserver.MockWebServer$4 processOneRequest
信息: MockWebServer[63120] received request: OPTIONS /methods/options HTTP/1.1 and responded: HTTP/1.1 200 OK
六月 22, 2020 2:39:35 下午 okhttp3.mockwebserver.MockWebServer$4 processOneRequest
信息: MockWebServer[63120] received request: DELETE /methods/delete HTTP/1.1 and responded: HTTP/1.1 200 OK
六月 22, 2020 2:39:35 下午 okhttp3.mockwebserver.MockWebServer$3 acceptConnections
信息: MockWebServer[63120] done accepting connections: Socket closed
]]></system-err>
</testsuite>
