<?xml version="1.0" encoding="UTF-8"?>
<testsuite name="org.springframework.web.context.support.ResourceTests" tests="2" skipped="0" failures="0" errors="0" timestamp="2020-06-22T06:40:09" hostname="aiguoxindeMacBook-Pro.local" time="0.002">
  <properties/>
  <testcase name="testServletContextResourceWithRelativePath()" classname="org.springframework.web.context.support.ResourceTests" time="0.001"/>
  <testcase name="testServletContextResource()" classname="org.springframework.web.context.support.ResourceTests" time="0.001"/>
  <system-out><![CDATA[]]></system-out>
  <system-err><![CDATA[]]></system-err>
</testsuite>
