<?xml version="1.0" encoding="UTF-8"?>
<testsuite name="org.springframework.remoting.caucho.CauchoRemotingTests" tests="5" skipped="0" failures="0" errors="0" timestamp="2020-06-22T06:40:04" hostname="aiguoxindeMacBook-Pro.local" time="0.086">
  <properties/>
  <testcase name="hessianProxyFactoryBeanWithAuthenticationAndAccessError()" classname="org.springframework.remoting.caucho.CauchoRemotingTests" time="0.034"/>
  <testcase name="simpleHessianServiceExporter()" classname="org.springframework.remoting.caucho.CauchoRemotingTests" time="0.048"/>
  <testcase name="hessianProxyFactoryBeanWithCustomProxyFactory()" classname="org.springframework.remoting.caucho.CauchoRemotingTests" time="0.0"/>
  <testcase name="hessianProxyFactoryBeanWithClassInsteadOfInterface()" classname="org.springframework.remoting.caucho.CauchoRemotingTests" time="0.0"/>
  <testcase name="hessianProxyFactoryBeanWithAccessError()" classname="org.springframework.remoting.caucho.CauchoRemotingTests" time="0.001"/>
  <system-out><![CDATA[]]></system-out>
  <system-err><![CDATA[]]></system-err>
</testsuite>
