<?xml version="1.0" encoding="UTF-8"?>
<testsuite name="org.springframework.web.client.RestOperationsExtensionsTests" tests="24" skipped="0" failures="0" errors="0" timestamp="2020-06-22T06:40:12" hostname="aiguoxindeMacBook-Pro.local" time="1.157">
  <properties/>
  <testcase name="postForObject with reified type parameters and String()" classname="org.springframework.web.client.RestOperationsExtensionsTests" time="0.548"/>
  <testcase name="exchange with reified type parameters, String, HttpMethod, HttpEntity and varargs()" classname="org.springframework.web.client.RestOperationsExtensionsTests" time="0.103"/>
  <testcase name="getForEntity with reified type parameters and Map()" classname="org.springframework.web.client.RestOperationsExtensionsTests" time="0.009"/>
  <testcase name="patchForObject with reified type parameters()" classname="org.springframework.web.client.RestOperationsExtensionsTests" time="0.019"/>
  <testcase name="patchForObject with reified type parameters, String and Map()" classname="org.springframework.web.client.RestOperationsExtensionsTests" time="0.007"/>
  <testcase name="postForEntity with reified type parameters and String()" classname="org.springframework.web.client.RestOperationsExtensionsTests" time="0.014"/>
  <testcase name="exchange with reified type parameters, String and HttpEntity()" classname="org.springframework.web.client.RestOperationsExtensionsTests" time="0.178"/>
  <testcase name="patchForObject with reified type parameters and String()" classname="org.springframework.web.client.RestOperationsExtensionsTests" time="0.007"/>
  <testcase name="exchange with reified type parameters, String and HttpMethod()" classname="org.springframework.web.client.RestOperationsExtensionsTests" time="0.011"/>
  <testcase name="postForObject with reified type parameters()" classname="org.springframework.web.client.RestOperationsExtensionsTests" time="0.008"/>
  <testcase name="getForObject with reified type parameters, String and varargs()" classname="org.springframework.web.client.RestOperationsExtensionsTests" time="0.008"/>
  <testcase name="postForObject with reified type parameters, String and varargs()" classname="org.springframework.web.client.RestOperationsExtensionsTests" time="0.008"/>
  <testcase name="postForEntity with reified type parameters, String and Map()" classname="org.springframework.web.client.RestOperationsExtensionsTests" time="0.01"/>
  <testcase name="postForObject with reified type parameters, String and Map()" classname="org.springframework.web.client.RestOperationsExtensionsTests" time="0.008"/>
  <testcase name="getForEntity with reified type parameters, String and varargs()" classname="org.springframework.web.client.RestOperationsExtensionsTests" time="0.013"/>
  <testcase name="exchange with reified type parameters, String, HttpMethod and HttpEntity()" classname="org.springframework.web.client.RestOperationsExtensionsTests" time="0.016"/>
  <testcase name="postForEntity with reified type parameters, String and varargs()" classname="org.springframework.web.client.RestOperationsExtensionsTests" time="0.007"/>
  <testcase name="getForEntity with reified type parameters, String and URI()" classname="org.springframework.web.client.RestOperationsExtensionsTests" time="0.006"/>
  <testcase name="getForObject with reified type parameters, String and Map()" classname="org.springframework.web.client.RestOperationsExtensionsTests" time="0.007"/>
  <testcase name="getForObject with reified type parameters and URI()" classname="org.springframework.web.client.RestOperationsExtensionsTests" time="0.009"/>
  <testcase name="RestOperations are available()" classname="org.springframework.web.client.RestOperationsExtensionsTests" time="0.096"/>
  <testcase name="postForEntity with reified type parameters()" classname="org.springframework.web.client.RestOperationsExtensionsTests" time="0.008"/>
  <testcase name="exchange with reified type parameters, String, HttpMethod, HttpEntity and Map()" classname="org.springframework.web.client.RestOperationsExtensionsTests" time="0.015"/>
  <testcase name="patchForObject with reified type parameters, String and varargs()" classname="org.springframework.web.client.RestOperationsExtensionsTests" time="0.006"/>
  <system-out><![CDATA[]]></system-out>
  <system-err><![CDATA[]]></system-err>
</testsuite>
