<?xml version="1.0" encoding="UTF-8"?>
<testsuite name="org.springframework.http.client.BufferingClientHttpRequestFactoryTests" tests="7" skipped="0" failures="0" errors="0" timestamp="2020-06-22T06:39:29" hostname="aiguoxindeMacBook-Pro.local" time="0.294">
  <properties/>
  <testcase name="headersAfterExecute()" classname="org.springframework.http.client.BufferingClientHttpRequestFactoryTests" time="0.23"/>
  <testcase name="status()" classname="org.springframework.http.client.BufferingClientHttpRequestFactoryTests" time="0.006"/>
  <testcase name="echo()" classname="org.springframework.http.client.BufferingClientHttpRequestFactoryTests" time="0.008"/>
  <testcase name="multipleWrites()" classname="org.springframework.http.client.BufferingClientHttpRequestFactoryTests" time="0.01"/>
  <testcase name="queryParameters()" classname="org.springframework.http.client.BufferingClientHttpRequestFactoryTests" time="0.007"/>
  <testcase name="httpMethods()" classname="org.springframework.http.client.BufferingClientHttpRequestFactoryTests" time="0.016"/>
  <testcase name="repeatableRead()" classname="org.springframework.http.client.BufferingClientHttpRequestFactoryTests" time="0.008"/>
  <system-out><![CDATA[]]></system-out>
  <system-err><![CDATA[六月 22, 2020 2:39:29 下午 okhttp3.mockwebserver.MockWebServer$3 execute
信息: MockWebServer[62994] starting to accept connections
六月 22, 2020 2:39:29 下午 okhttp3.mockwebserver.MockWebServer$4 processOneRequest
信息: MockWebServer[62994] received request: POST /status/ok HTTP/1.1 and responded: HTTP/1.1 200 OK
六月 22, 2020 2:39:29 下午 okhttp3.mockwebserver.MockWebServer$3 acceptConnections
信息: MockWebServer[62994] done accepting connections: Socket closed
六月 22, 2020 2:39:29 下午 okhttp3.mockwebserver.MockWebServer$3 execute
信息: MockWebServer[62996] starting to accept connections
六月 22, 2020 2:39:29 下午 okhttp3.mockwebserver.MockWebServer$4 processOneRequest
信息: MockWebServer[62996] received request: GET /status/notfound HTTP/1.1 and responded: HTTP/1.1 404 Client Error
六月 22, 2020 2:39:29 下午 okhttp3.mockwebserver.MockWebServer$3 acceptConnections
信息: MockWebServer[62996] done accepting connections: Socket closed
六月 22, 2020 2:39:29 下午 okhttp3.mockwebserver.MockWebServer$3 execute
信息: MockWebServer[62998] starting to accept connections
六月 22, 2020 2:39:29 下午 okhttp3.mockwebserver.MockWebServer$4 processOneRequest
信息: MockWebServer[62998] received request: PUT /echo HTTP/1.1 and responded: HTTP/1.1 200 OK
六月 22, 2020 2:39:29 下午 okhttp3.mockwebserver.MockWebServer$3 acceptConnections
信息: MockWebServer[62998] done accepting connections: Socket closed
六月 22, 2020 2:39:29 下午 okhttp3.mockwebserver.MockWebServer$3 execute
信息: MockWebServer[63000] starting to accept connections
六月 22, 2020 2:39:29 下午 okhttp3.mockwebserver.MockWebServer$4 processOneRequest
信息: MockWebServer[63000] received request: POST /echo HTTP/1.1 and responded: HTTP/1.1 200 OK
六月 22, 2020 2:39:29 下午 okhttp3.mockwebserver.MockWebServer$3 acceptConnections
信息: MockWebServer[63000] done accepting connections: Socket closed
六月 22, 2020 2:39:29 下午 okhttp3.mockwebserver.MockWebServer$3 execute
信息: MockWebServer[63002] starting to accept connections
六月 22, 2020 2:39:29 下午 okhttp3.mockwebserver.MockWebServer$4 processOneRequest
信息: MockWebServer[63002] received request: GET /params?param1=value&param2=value1&param2=value2 HTTP/1.1 and responded: HTTP/1.1 200 OK
六月 22, 2020 2:39:29 下午 okhttp3.mockwebserver.MockWebServer$3 acceptConnections
信息: MockWebServer[63002] done accepting connections: Socket closed
六月 22, 2020 2:39:29 下午 okhttp3.mockwebserver.MockWebServer$3 execute
信息: MockWebServer[63004] starting to accept connections
六月 22, 2020 2:39:29 下午 okhttp3.mockwebserver.MockWebServer$4 processOneRequest
信息: MockWebServer[63004] received request: GET /methods/get HTTP/1.1 and responded: HTTP/1.1 200 OK
六月 22, 2020 2:39:29 下午 okhttp3.mockwebserver.MockWebServer$4 processOneRequest
信息: MockWebServer[63004] received request: HEAD /methods/head HTTP/1.1 and responded: HTTP/1.1 200 OK
六月 22, 2020 2:39:29 下午 okhttp3.mockwebserver.MockWebServer$4 processOneRequest
信息: MockWebServer[63004] received request: POST /methods/post HTTP/1.1 and responded: HTTP/1.1 200 OK
六月 22, 2020 2:39:29 下午 okhttp3.mockwebserver.MockWebServer$4 processOneRequest
信息: MockWebServer[63004] received request: PUT /methods/put HTTP/1.1 and responded: HTTP/1.1 200 OK
六月 22, 2020 2:39:29 下午 okhttp3.mockwebserver.MockWebServer$4 processOneRequest
信息: MockWebServer[63004] received request: OPTIONS /methods/options HTTP/1.1 and responded: HTTP/1.1 200 OK
六月 22, 2020 2:39:29 下午 okhttp3.mockwebserver.MockWebServer$4 processOneRequest
信息: MockWebServer[63004] received request: DELETE /methods/delete HTTP/1.1 and responded: HTTP/1.1 200 OK
六月 22, 2020 2:39:29 下午 okhttp3.mockwebserver.MockWebServer$3 acceptConnections
信息: MockWebServer[63004] done accepting connections: Socket closed
六月 22, 2020 2:39:29 下午 okhttp3.mockwebserver.MockWebServer$3 execute
信息: MockWebServer[63006] starting to accept connections
六月 22, 2020 2:39:29 下午 okhttp3.mockwebserver.MockWebServer$4 processOneRequest
信息: MockWebServer[63006] received request: PUT /echo HTTP/1.1 and responded: HTTP/1.1 200 OK
六月 22, 2020 2:39:29 下午 okhttp3.mockwebserver.MockWebServer$3 acceptConnections
信息: MockWebServer[63006] done accepting connections: Socket closed
]]></system-err>
</testsuite>
