<?xml version="1.0" encoding="UTF-8"?>
<testsuite name="org.springframework.http.server.reactive.ServerHttpRequestIntegrationTests" tests="4" skipped="0" failures="0" errors="0" timestamp="2020-06-22T06:40:03" hostname="aiguoxindeMacBook-Pro.local" time="0.053">
  <properties/>
  <testcase name="checkUri(HttpServer)[1]" classname="org.springframework.http.server.reactive.ServerHttpRequestIntegrationTests" time="0.011"/>
  <testcase name="checkUri(HttpServer)[2]" classname="org.springframework.http.server.reactive.ServerHttpRequestIntegrationTests" time="0.005"/>
  <testcase name="checkUri(HttpServer)[3]" classname="org.springframework.http.server.reactive.ServerHttpRequestIntegrationTests" time="0.027"/>
  <testcase name="checkUri(HttpServer)[4]" classname="org.springframework.http.server.reactive.ServerHttpRequestIntegrationTests" time="0.008"/>
  <system-out><![CDATA[14:40:03.981 [Test worker] DEBUG o.s.w.t.h.s.r.b.JettyHttpServer - Starting JettyHttpServer...
14:40:03.985 [Test worker] DEBUG o.s.w.t.h.s.r.b.JettyHttpServer - Server started on port 63325(0 millis).
14:40:03.988 [Test worker] DEBUG o.s.w.c.RestTemplate - HTTP POST http://localhost:63325/foo?param=bar
14:40:03.988 [Test worker] DEBUG o.s.w.c.RestTemplate - Accept=[application/xml, text/xml, application/json, application/x-jackson-smile, application/cbor, application/*+xml, application/*+json]
14:40:03.990 [Test worker] DEBUG o.s.w.c.RestTemplate - Response 200 OK
14:40:03.990 [Test worker] DEBUG o.s.w.t.h.s.r.b.JettyHttpServer - Stopping JettyHttpServer...
14:40:03.991 [Test worker] DEBUG o.s.w.t.h.s.r.b.JettyHttpServer - Server stopped (0 millis).
14:40:03.992 [Test worker] DEBUG o.s.w.t.h.s.r.b.ReactorHttpServer - Starting ReactorHttpServer...
14:40:03.992 [Test worker] DEBUG o.s.w.t.h.s.r.b.ReactorHttpServer - Server started on port 63327(0 millis).
14:40:03.994 [Test worker] DEBUG o.s.w.c.RestTemplate - HTTP POST http://localhost:63327/foo?param=bar
14:40:03.995 [Test worker] DEBUG o.s.w.c.RestTemplate - Accept=[application/xml, text/xml, application/json, application/x-jackson-smile, application/cbor, application/*+xml, application/*+json]
14:40:03.997 [Test worker] DEBUG o.s.w.c.RestTemplate - Response 200 OK
14:40:03.997 [Test worker] DEBUG o.s.w.t.h.s.r.b.ReactorHttpServer - Stopping ReactorHttpServer...
14:40:03.997 [Test worker] DEBUG o.s.w.t.h.s.r.b.ReactorHttpServer - Server stopped (0 millis).
14:40:03.998 [Test worker] DEBUG o.s.w.t.h.s.r.b.TomcatHttpServer - Starting TomcatHttpServer...
14:40:04.005 [Test worker] DEBUG o.s.w.t.h.s.r.b.TomcatHttpServer - Server started on port 63329(0 millis).
14:40:04.007 [Test worker] DEBUG o.s.w.c.RestTemplate - HTTP POST http://localhost:63329/foo?param=bar
14:40:04.007 [Test worker] DEBUG o.s.w.c.RestTemplate - Accept=[application/xml, text/xml, application/json, application/x-jackson-smile, application/cbor, application/*+xml, application/*+json]
14:40:04.011 [Test worker] DEBUG o.s.w.c.RestTemplate - Response 200 OK
14:40:04.011 [Test worker] DEBUG o.s.w.t.h.s.r.b.TomcatHttpServer - Stopping TomcatHttpServer...
14:40:04.024 [Test worker] DEBUG o.s.w.t.h.s.r.b.TomcatHttpServer - Server stopped (0 millis).
14:40:04.025 [Test worker] DEBUG o.s.w.t.h.s.r.b.UndertowHttpServer - Starting UndertowHttpServer...
14:40:04.028 [Test worker] DEBUG o.s.w.t.h.s.r.b.UndertowHttpServer - Server started on port 63332(0 millis).
14:40:04.029 [Test worker] DEBUG o.s.w.c.RestTemplate - HTTP POST http://localhost:63332/foo?param=bar
14:40:04.030 [Test worker] DEBUG o.s.w.c.RestTemplate - Accept=[application/xml, text/xml, application/json, application/x-jackson-smile, application/cbor, application/*+xml, application/*+json]
14:40:04.032 [Test worker] DEBUG o.s.w.c.RestTemplate - Response 200 OK
14:40:04.032 [Test worker] DEBUG o.s.w.t.h.s.r.b.UndertowHttpServer - Stopping UndertowHttpServer...
14:40:04.033 [Test worker] DEBUG o.s.w.t.h.s.r.b.UndertowHttpServer - Server stopped (0 millis).
]]></system-out>
  <system-err><![CDATA[六月 22, 2020 2:40:03 下午 org.apache.catalina.core.StandardService startInternal
信息: Starting service [Tomcat]
六月 22, 2020 2:40:03 下午 org.apache.catalina.core.StandardEngine startInternal
信息: Starting Servlet engine: [Apache Tomcat/9.0.36]
六月 22, 2020 2:40:04 下午 org.apache.coyote.AbstractProtocol init
信息: Initializing ProtocolHandler ["http-nio-auto-14"]
六月 22, 2020 2:40:04 下午 org.apache.coyote.AbstractProtocol start
信息: Starting ProtocolHandler ["http-nio-auto-14-63329"]
六月 22, 2020 2:40:04 下午 org.apache.coyote.AbstractProtocol pause
信息: Pausing ProtocolHandler ["http-nio-auto-14-63329"]
六月 22, 2020 2:40:04 下午 org.apache.catalina.core.StandardService stopInternal
信息: Stopping service [Tomcat]
六月 22, 2020 2:40:04 下午 org.apache.coyote.AbstractProtocol stop
信息: Stopping ProtocolHandler ["http-nio-auto-14-63329"]
六月 22, 2020 2:40:04 下午 org.apache.coyote.AbstractProtocol destroy
信息: Destroying ProtocolHandler ["http-nio-auto-14-63329"]
]]></system-err>
</testsuite>
