<?xml version="1.0" encoding="UTF-8"?>
<testsuite name="org.springframework.web.server.session.DefaultWebSessionManagerTests" tests="4" skipped="0" failures="0" errors="0" timestamp="2020-06-22T06:40:11" hostname="aiguoxindeMacBook-Pro.local" time="0.028">
  <properties/>
  <testcase name="existingSession()" classname="org.springframework.web.server.session.DefaultWebSessionManagerTests" time="0.021"/>
  <testcase name="multipleSessionIds()" classname="org.springframework.web.server.session.DefaultWebSessionManagerTests" time="0.002"/>
  <testcase name="getSessionSaveWhenCreatedAndStartedThenSavesAndSetsId()" classname="org.springframework.web.server.session.DefaultWebSessionManagerTests" time="0.003"/>
  <testcase name="getSessionSaveWhenCreatedAndNotStartedThenNotSaved()" classname="org.springframework.web.server.session.DefaultWebSessionManagerTests" time="0.002"/>
  <system-out><![CDATA[14:40:11.165 [Test worker] DEBUG o.s.w.s.s.DefaultWebSessionManager - Created new WebSession.
14:40:11.168 [Test worker] DEBUG o.s.w.s.s.DefaultWebSessionManager - Created new WebSession.
]]></system-out>
  <system-err><![CDATA[]]></system-err>
</testsuite>
