<?xml version="1.0" encoding="UTF-8"?>
<testsuite name="org.springframework.web.context.request.async.WebAsyncManagerTests" tests="16" skipped="0" failures="0" errors="0" timestamp="2020-06-22T06:40:08" hostname="aiguoxindeMacBook-Pro.local" time="0.097">
  <properties/>
  <testcase name="startCallableProcessingNullInput()" classname="org.springframework.web.context.request.async.WebAsyncManagerTests" time="0.039"/>
  <testcase name="startCallableProcessingPostProcessContinueAfterException()" classname="org.springframework.web.context.request.async.WebAsyncManagerTests" time="0.004"/>
  <testcase name="startDeferredResultProcessingPreProcessException()" classname="org.springframework.web.context.request.async.WebAsyncManagerTests" time="0.003"/>
  <testcase name="setAsyncWebRequestAfterAsyncStarted()" classname="org.springframework.web.context.request.async.WebAsyncManagerTests" time="0.003"/>
  <testcase name="isConcurrentHandlingStarted()" classname="org.springframework.web.context.request.async.WebAsyncManagerTests" time="0.002"/>
  <testcase name="startCallableProcessingPreProcessException()" classname="org.springframework.web.context.request.async.WebAsyncManagerTests" time="0.003"/>
  <testcase name="startCallableProcessingWithAsyncTask()" classname="org.springframework.web.context.request.async.WebAsyncManagerTests" time="0.01"/>
  <testcase name="startCallableProcessing()" classname="org.springframework.web.context.request.async.WebAsyncManagerTests" time="0.002"/>
  <testcase name="startDeferredResultProcessingNullInput()" classname="org.springframework.web.context.request.async.WebAsyncManagerTests" time="0.001"/>
  <testcase name="startAsyncProcessingWithoutAsyncWebRequest()" classname="org.springframework.web.context.request.async.WebAsyncManagerTests" time="0.001"/>
  <testcase name="startDeferredResultProcessing()" classname="org.springframework.web.context.request.async.WebAsyncManagerTests" time="0.003"/>
  <testcase name="startCallableProcessingBeforeConcurrentHandlingException()" classname="org.springframework.web.context.request.async.WebAsyncManagerTests" time="0.005"/>
  <testcase name="startCallableProcessingCallableException()" classname="org.springframework.web.context.request.async.WebAsyncManagerTests" time="0.003"/>
  <testcase name="startCallableProcessingPostProcessException()" classname="org.springframework.web.context.request.async.WebAsyncManagerTests" time="0.004"/>
  <testcase name="startDeferredResultProcessingPostProcessException()" classname="org.springframework.web.context.request.async.WebAsyncManagerTests" time="0.005"/>
  <testcase name="startDeferredResultProcessingBeforeConcurrentHandlingException()" classname="org.springframework.web.context.request.async.WebAsyncManagerTests" time="0.002"/>
  <system-out><![CDATA[14:40:08.747 [Test worker] WARN  o.s.w.c.r.a.WebAsyncManager - 
!!!
An Executor is required to handle java.util.concurrent.Callable return values.
Please, configure a TaskExecutor in the MVC config under "async support".
The SyncTaskExecutor currently in use is not suitable under load.
-------------------------------
Request URI: ''
!!!
14:40:08.747 [Test worker] DEBUG o.s.w.c.r.a.WebAsyncManager - Started async request
14:40:08.748 [Test worker] DEBUG o.s.w.c.r.a.WebAsyncManager - Async error, dispatch to 
14:40:08.751 [Test worker] DEBUG o.s.w.c.r.a.WebAsyncManager - Started async request
14:40:08.751 [Test worker] DEBUG o.s.w.c.r.a.WebAsyncManager - Async error, dispatch to 
14:40:08.761 [Test worker] DEBUG o.s.w.c.r.a.WebAsyncManager - Started async request
14:40:08.761 [Test worker] DEBUG o.s.w.c.r.a.WebAsyncManager - Async error, dispatch to 
14:40:08.772 [Test worker] DEBUG o.s.w.c.r.a.WebAsyncManager - Started async request
14:40:08.774 [Test worker] DEBUG o.s.w.c.r.a.WebAsyncManager - Started async request
14:40:08.774 [Test worker] DEBUG o.s.w.c.r.a.WebAsyncManager - Async result set, dispatch to 
14:40:08.779 [Test worker] DEBUG o.s.w.c.r.a.WebAsyncManager - Started async request
14:40:08.779 [Test worker] DEBUG o.s.w.c.r.a.WebAsyncManager - Async result set, dispatch to 
14:40:08.790 [Test worker] DEBUG o.s.w.c.r.a.WebAsyncManager - Started async request
14:40:08.790 [Test worker] DEBUG o.s.w.c.r.a.WebAsyncManager - Async error, dispatch to 
14:40:08.794 [Test worker] DEBUG o.s.w.c.r.a.WebAsyncManager - Started async request
14:40:08.795 [Test worker] DEBUG o.s.w.c.r.a.WebAsyncManager - Async error, dispatch to 
14:40:08.799 [Test worker] DEBUG o.s.w.c.r.a.WebAsyncManager - Started async request
14:40:08.799 [Test worker] DEBUG o.s.w.c.r.a.WebAsyncManager - Async error, dispatch to 
]]></system-out>
  <system-err><![CDATA[]]></system-err>
</testsuite>
