<?xml version="1.0" encoding="UTF-8"?>
<testsuite name="org.springframework.web.context.request.SessionScopeTests" tests="6" skipped="0" failures="0" errors="0" timestamp="2020-06-22T06:40:09" hostname="aiguoxindeMacBook-Pro.local" time="0.037">
  <properties/>
  <testcase name="destructionWithSessionSerializationAndSerializableBeanPostProcessor()" classname="org.springframework.web.context.request.SessionScopeTests" time="0.016"/>
  <testcase name="destructionAtSessionTermination()" classname="org.springframework.web.context.request.SessionScopeTests" time="0.005"/>
  <testcase name="getFromScopeWithSingleAccess()" classname="org.springframework.web.context.request.SessionScopeTests" time="0.005"/>
  <testcase name="getFromScope()" classname="org.springframework.web.context.request.SessionScopeTests" time="0.003"/>
  <testcase name="destructionWithSessionSerialization()" classname="org.springframework.web.context.request.SessionScopeTests" time="0.004"/>
  <testcase name="destructionWithSessionSerializationAndBeanPostProcessor()" classname="org.springframework.web.context.request.SessionScopeTests" time="0.003"/>
  <system-out><![CDATA[]]></system-out>
  <system-err><![CDATA[]]></system-err>
</testsuite>
