<?xml version="1.0" encoding="UTF-8"?>
<testsuite name="org.springframework.web.client.AsyncRestTemplateIntegrationTests" tests="42" skipped="0" failures="0" errors="0" timestamp="2020-06-22T06:40:06" hostname="aiguoxindeMacBook-Pro.local" time="0.557">
  <properties/>
  <testcase name="postForEntityCallbackWithLambdas()" classname="org.springframework.web.client.AsyncRestTemplateIntegrationTests" time="0.012"/>
  <testcase name="exchangeGet()" classname="org.springframework.web.client.AsyncRestTemplateIntegrationTests" time="0.007"/>
  <testcase name="postForLocationCallback()" classname="org.springframework.web.client.AsyncRestTemplateIntegrationTests" time="0.009"/>
  <testcase name="headForHeadersCallbackWithLambdas()" classname="org.springframework.web.client.AsyncRestTemplateIntegrationTests" time="0.009"/>
  <testcase name="delete()" classname="org.springframework.web.client.AsyncRestTemplateIntegrationTests" time="0.005"/>
  <testcase name="notFoundCallback()" classname="org.springframework.web.client.AsyncRestTemplateIntegrationTests" time="0.009"/>
  <testcase name="getEntityCallbackWithLambdas()" classname="org.springframework.web.client.AsyncRestTemplateIntegrationTests" time="0.01"/>
  <testcase name="getNoContentTypeHeader()" classname="org.springframework.web.client.AsyncRestTemplateIntegrationTests" time="0.006"/>
  <testcase name="headForHeadersCallback()" classname="org.springframework.web.client.AsyncRestTemplateIntegrationTests" time="0.01"/>
  <testcase name="getNotModified()" classname="org.springframework.web.client.AsyncRestTemplateIntegrationTests" time="0.004"/>
  <testcase name="serverErrorCallback()" classname="org.springframework.web.client.AsyncRestTemplateIntegrationTests" time="0.009"/>
  <testcase name="serverError()" classname="org.springframework.web.client.AsyncRestTemplateIntegrationTests" time="0.007"/>
  <testcase name="serverErrorCallbackWithLambdas()" classname="org.springframework.web.client.AsyncRestTemplateIntegrationTests" time="0.028"/>
  <testcase name="getEntityCallback()" classname="org.springframework.web.client.AsyncRestTemplateIntegrationTests" time="0.013"/>
  <testcase name="headForHeaders()" classname="org.springframework.web.client.AsyncRestTemplateIntegrationTests" time="0.006"/>
  <testcase name="getEntityFromCompletable()" classname="org.springframework.web.client.AsyncRestTemplateIntegrationTests" time="0.006"/>
  <testcase name="postForEntity()" classname="org.springframework.web.client.AsyncRestTemplateIntegrationTests" time="0.004"/>
  <testcase name="exchangeGetCallbackWithLambdas()" classname="org.springframework.web.client.AsyncRestTemplateIntegrationTests" time="0.011"/>
  <testcase name="putCallback()" classname="org.springframework.web.client.AsyncRestTemplateIntegrationTests" time="0.008"/>
  <testcase name="postForEntityCallback()" classname="org.springframework.web.client.AsyncRestTemplateIntegrationTests" time="0.01"/>
  <testcase name="postForLocation()" classname="org.springframework.web.client.AsyncRestTemplateIntegrationTests" time="0.005"/>
  <testcase name="postForLocationCallbackWithLambdas()" classname="org.springframework.web.client.AsyncRestTemplateIntegrationTests" time="0.008"/>
  <testcase name="put()" classname="org.springframework.web.client.AsyncRestTemplateIntegrationTests" time="0.005"/>
  <testcase name="multipleFutureGets()" classname="org.springframework.web.client.AsyncRestTemplateIntegrationTests" time="0.007"/>
  <testcase name="deleteCallbackWithLambdas()" classname="org.springframework.web.client.AsyncRestTemplateIntegrationTests" time="0.009"/>
  <testcase name="exchangeGetCallback()" classname="org.springframework.web.client.AsyncRestTemplateIntegrationTests" time="0.008"/>
  <testcase name="optionsForAllowCallbackWithLambdas()" classname="org.springframework.web.client.AsyncRestTemplateIntegrationTests" time="0.008"/>
  <testcase name="getAndInterceptError()" classname="org.springframework.web.client.AsyncRestTemplateIntegrationTests" time="0.008"/>
  <testcase name="getEntity()" classname="org.springframework.web.client.AsyncRestTemplateIntegrationTests" time="0.005"/>
  <testcase name="exchangePostCallbackWithLambdas()" classname="org.springframework.web.client.AsyncRestTemplateIntegrationTests" time="0.01"/>
  <testcase name="getNoResponse()" classname="org.springframework.web.client.AsyncRestTemplateIntegrationTests" time="0.006"/>
  <testcase name="notFoundGet()" classname="org.springframework.web.client.AsyncRestTemplateIntegrationTests" time="0.007"/>
  <testcase name="optionsForAllow()" classname="org.springframework.web.client.AsyncRestTemplateIntegrationTests" time="0.004"/>
  <testcase name="optionsForAllowCallback()" classname="org.springframework.web.client.AsyncRestTemplateIntegrationTests" time="0.008"/>
  <testcase name="notFoundCallbackWithLambdas()" classname="org.springframework.web.client.AsyncRestTemplateIntegrationTests" time="0.01"/>
  <testcase name="getAndInterceptResponse()" classname="org.springframework.web.client.AsyncRestTemplateIntegrationTests" time="0.007"/>
  <testcase name="identicalExceptionThroughGetAndCallback()" classname="org.springframework.web.client.AsyncRestTemplateIntegrationTests" time="0.008"/>
  <testcase name="exchangePost()" classname="org.springframework.web.client.AsyncRestTemplateIntegrationTests" time="0.006"/>
  <testcase name="getNoContent()" classname="org.springframework.web.client.AsyncRestTemplateIntegrationTests" time="0.005"/>
  <testcase name="multipartFormData()" classname="org.springframework.web.client.AsyncRestTemplateIntegrationTests" time="0.011"/>
  <testcase name="deleteCallback()" classname="org.springframework.web.client.AsyncRestTemplateIntegrationTests" time="0.008"/>
  <testcase name="exchangePostCallback()" classname="org.springframework.web.client.AsyncRestTemplateIntegrationTests" time="0.01"/>
  <system-out><![CDATA[14:40:06.363 [Test worker] DEBUG o.s.w.c.AsyncRestTemplate - Created asynchronous POST request for "http://localhost:63355/post"
14:40:06.364 [Test worker] DEBUG o.s.w.c.RestTemplate - Accept=[text/plain, application/xml, text/xml, application/json, application/x-jackson-smile, application/cbor, application/*+xml, application/*+json, */*]
14:40:06.364 [Test worker] DEBUG o.s.w.c.RestTemplate - Writing [Héllo Wörld] with org.springframework.http.converter.StringHttpMessageConverter
14:40:06.372 [Test worker] DEBUG o.s.w.c.AsyncRestTemplate - Async POST request for "http://localhost:63355/post" resulted in 201 (OK)
14:40:06.372 [Test worker] DEBUG o.s.w.c.RestTemplate - Reading to [java.lang.String] as "text/plain;charset=UTF-8"
14:40:06.379 [Test worker] DEBUG o.s.w.c.AsyncRestTemplate - Created asynchronous GET request for "http://localhost:63357/get"
14:40:06.381 [Test worker] DEBUG o.s.w.c.RestTemplate - Accept=[text/plain, application/xml, text/xml, application/json, application/x-jackson-smile, application/cbor, application/*+xml, application/*+json, */*]
14:40:06.384 [Test worker] DEBUG o.s.w.c.AsyncRestTemplate - Async GET request for "http://localhost:63357/get" resulted in 200 (OK)
14:40:06.384 [Test worker] DEBUG o.s.w.c.RestTemplate - Reading to [java.lang.String] as "text/plain;charset=UTF-8"
14:40:06.390 [Test worker] DEBUG o.s.w.c.AsyncRestTemplate - Created asynchronous POST request for "http://localhost:63359/post"
14:40:06.390 [Test worker] DEBUG o.s.w.c.RestTemplate - Writing [Héllo Wörld] as "text/plain;charset=ISO-8859-1"
14:40:06.393 [I/O dispatcher 105] DEBUG o.s.w.c.AsyncRestTemplate - Async POST request for "http://localhost:63359/post" resulted in 201 (OK)
14:40:06.404 [Test worker] DEBUG o.s.w.c.AsyncRestTemplate - Created asynchronous HEAD request for "http://localhost:63361/get"
14:40:06.407 [I/O dispatcher 113] DEBUG o.s.w.c.AsyncRestTemplate - Async HEAD request for "http://localhost:63361/get" resulted in 200 (OK)
14:40:06.416 [Test worker] DEBUG o.s.w.c.AsyncRestTemplate - Created asynchronous DELETE request for "http://localhost:63363/delete"
14:40:06.419 [Test worker] DEBUG o.s.w.c.AsyncRestTemplate - Async DELETE request for "http://localhost:63363/delete" resulted in 200 (OK)
14:40:06.424 [Test worker] DEBUG o.s.w.c.AsyncRestTemplate - Created asynchronous GET request for "http://localhost:63365/status/notfound"
14:40:06.427 [I/O dispatcher 129] WARN  o.s.w.c.AsyncRestTemplate - Async GET request for "http://localhost:63365/status/notfound" resulted in 404 (Client Error); invoking error handler
14:40:06.439 [Test worker] DEBUG o.s.w.c.AsyncRestTemplate - Created asynchronous GET request for "http://localhost:63367/get"
14:40:06.439 [Test worker] DEBUG o.s.w.c.RestTemplate - Accept=[text/plain, application/xml, text/xml, application/json, application/x-jackson-smile, application/cbor, application/*+xml, application/*+json, */*]
14:40:06.445 [I/O dispatcher 137] DEBUG o.s.w.c.AsyncRestTemplate - Async GET request for "http://localhost:63367/get" resulted in 200 (OK)
14:40:06.445 [I/O dispatcher 137] DEBUG o.s.w.c.RestTemplate - Reading to [java.lang.String] as "text/plain;charset=UTF-8"
14:40:06.453 [Test worker] DEBUG o.s.w.c.AsyncRestTemplate - Created asynchronous GET request for "http://localhost:63369/get/nocontenttype"
14:40:06.455 [Test worker] DEBUG o.s.w.c.RestTemplate - Accept=[application/octet-stream, application/xml, text/xml, application/json, application/x-jackson-smile, application/cbor, application/*+xml, application/*+json, */*]
14:40:06.457 [Test worker] DEBUG o.s.w.c.AsyncRestTemplate - Async GET request for "http://localhost:63369/get/nocontenttype" resulted in 200 (OK)
14:40:06.457 [Test worker] DEBUG o.s.w.c.RestTemplate - Reading to [[B] as "application/octet-stream"
14:40:06.463 [Test worker] DEBUG o.s.w.c.AsyncRestTemplate - Created asynchronous HEAD request for "http://localhost:63371/get"
14:40:06.466 [I/O dispatcher 153] DEBUG o.s.w.c.AsyncRestTemplate - Async HEAD request for "http://localhost:63371/get" resulted in 200 (OK)
14:40:06.476 [Test worker] DEBUG o.s.w.c.AsyncRestTemplate - Created asynchronous GET request for "http://localhost:63373/status/notmodified"
14:40:06.476 [Test worker] DEBUG o.s.w.c.RestTemplate - Accept=[text/plain, application/xml, text/xml, application/json, application/x-jackson-smile, application/cbor, application/*+xml, application/*+json, */*]
14:40:06.479 [Test worker] DEBUG o.s.w.c.AsyncRestTemplate - Async GET request for "http://localhost:63373/status/notmodified" resulted in 304 (Redirection)
14:40:06.486 [Test worker] DEBUG o.s.w.c.AsyncRestTemplate - Created asynchronous GET request for "http://localhost:63375/status/server"
14:40:06.489 [I/O dispatcher 169] WARN  o.s.w.c.AsyncRestTemplate - Async GET request for "http://localhost:63375/status/server" resulted in 500 (Server Error); invoking error handler
14:40:06.500 [Test worker] DEBUG o.s.w.c.AsyncRestTemplate - Created asynchronous GET request for "http://localhost:63377/status/server"
14:40:06.504 [Test worker] WARN  o.s.w.c.AsyncRestTemplate - Async GET request for "http://localhost:63377/status/server" resulted in 500 (Server Error); invoking error handler
14:40:06.510 [Test worker] DEBUG o.s.w.c.AsyncRestTemplate - Created asynchronous GET request for "http://localhost:63379/status/server"
14:40:06.530 [I/O dispatcher 185] WARN  o.s.w.c.AsyncRestTemplate - Async GET request for "http://localhost:63379/status/server" resulted in 500 (Server Error); invoking error handler
14:40:06.568 [Test worker] DEBUG o.s.w.c.AsyncRestTemplate - Created asynchronous GET request for "http://localhost:63381/get"
14:40:06.569 [Test worker] DEBUG o.s.w.c.RestTemplate - Accept=[text/plain, application/xml, text/xml, application/json, application/x-jackson-smile, application/cbor, application/*+xml, application/*+json, */*]
14:40:06.575 [I/O dispatcher 193] DEBUG o.s.w.c.AsyncRestTemplate - Async GET request for "http://localhost:63381/get" resulted in 200 (OK)
14:40:06.576 [I/O dispatcher 193] DEBUG o.s.w.c.RestTemplate - Reading to [java.lang.String] as "text/plain;charset=UTF-8"
14:40:06.586 [Test worker] DEBUG o.s.w.c.AsyncRestTemplate - Created asynchronous HEAD request for "http://localhost:63383/get"
14:40:06.589 [Test worker] DEBUG o.s.w.c.AsyncRestTemplate - Async HEAD request for "http://localhost:63383/get" resulted in 200 (OK)
14:40:06.596 [Test worker] DEBUG o.s.w.c.AsyncRestTemplate - Created asynchronous GET request for "http://localhost:63385/get"
14:40:06.597 [Test worker] DEBUG o.s.w.c.RestTemplate - Accept=[text/plain, application/xml, text/xml, application/json, application/x-jackson-smile, application/cbor, application/*+xml, application/*+json, */*]
14:40:06.599 [I/O dispatcher 209] DEBUG o.s.w.c.AsyncRestTemplate - Async GET request for "http://localhost:63385/get" resulted in 200 (OK)
14:40:06.599 [I/O dispatcher 209] DEBUG o.s.w.c.RestTemplate - Reading to [java.lang.String] as "text/plain;charset=UTF-8"
14:40:06.607 [Test worker] DEBUG o.s.w.c.AsyncRestTemplate - Created asynchronous POST request for "http://localhost:63387/post"
14:40:06.607 [Test worker] DEBUG o.s.w.c.RestTemplate - Accept=[text/plain, application/xml, text/xml, application/json, application/x-jackson-smile, application/cbor, application/*+xml, application/*+json, */*]
14:40:06.607 [Test worker] DEBUG o.s.w.c.RestTemplate - Writing [Héllo Wörld] with org.springframework.http.converter.StringHttpMessageConverter
14:40:06.609 [Test worker] DEBUG o.s.w.c.AsyncRestTemplate - Async POST request for "http://localhost:63387/post" resulted in 201 (OK)
14:40:06.609 [Test worker] DEBUG o.s.w.c.RestTemplate - Reading to [java.lang.String] as "text/plain;charset=UTF-8"
14:40:06.615 [Test worker] DEBUG o.s.w.c.AsyncRestTemplate - Created asynchronous GET request for "http://localhost:63389/get"
14:40:06.615 [Test worker] DEBUG o.s.w.c.RestTemplate - Accept=[text/plain, application/xml, text/xml, application/json, application/x-jackson-smile, application/cbor, application/*+xml, application/*+json, */*]
14:40:06.617 [I/O dispatcher 225] DEBUG o.s.w.c.AsyncRestTemplate - Async GET request for "http://localhost:63389/get" resulted in 200 (OK)
14:40:06.617 [I/O dispatcher 225] DEBUG o.s.w.c.RestTemplate - Reading to [java.lang.String] as "text/plain;charset=UTF-8"
14:40:06.630 [Test worker] DEBUG o.s.w.c.AsyncRestTemplate - Created asynchronous PUT request for "http://localhost:63391/put"
14:40:06.630 [Test worker] DEBUG o.s.w.c.RestTemplate - Writing [Héllo Wörld] with org.springframework.http.converter.StringHttpMessageConverter
14:40:06.633 [I/O dispatcher 233] DEBUG o.s.w.c.AsyncRestTemplate - Async PUT request for "http://localhost:63391/put" resulted in 202 (OK)
14:40:06.642 [Test worker] DEBUG o.s.w.c.AsyncRestTemplate - Created asynchronous POST request for "http://localhost:63393/post"
14:40:06.642 [Test worker] DEBUG o.s.w.c.RestTemplate - Accept=[text/plain, application/xml, text/xml, application/json, application/x-jackson-smile, application/cbor, application/*+xml, application/*+json, */*]
14:40:06.642 [Test worker] DEBUG o.s.w.c.RestTemplate - Writing [Héllo Wörld] with org.springframework.http.converter.StringHttpMessageConverter
14:40:06.645 [I/O dispatcher 241] DEBUG o.s.w.c.AsyncRestTemplate - Async POST request for "http://localhost:63393/post" resulted in 201 (OK)
14:40:06.645 [I/O dispatcher 241] DEBUG o.s.w.c.RestTemplate - Reading to [java.lang.String] as "text/plain;charset=UTF-8"
14:40:06.657 [Test worker] DEBUG o.s.w.c.AsyncRestTemplate - Created asynchronous POST request for "http://localhost:63395/post"
14:40:06.657 [Test worker] DEBUG o.s.w.c.RestTemplate - Writing [Héllo Wörld] as "text/plain;charset=ISO-8859-1"
14:40:06.660 [Test worker] DEBUG o.s.w.c.AsyncRestTemplate - Async POST request for "http://localhost:63395/post" resulted in 201 (OK)
14:40:06.665 [Test worker] DEBUG o.s.w.c.AsyncRestTemplate - Created asynchronous POST request for "http://localhost:63397/post"
14:40:06.665 [Test worker] DEBUG o.s.w.c.RestTemplate - Writing [Héllo Wörld] as "text/plain;charset=ISO-8859-1"
14:40:06.668 [I/O dispatcher 257] DEBUG o.s.w.c.AsyncRestTemplate - Async POST request for "http://localhost:63397/post" resulted in 201 (OK)
14:40:06.694 [Test worker] DEBUG o.s.w.c.AsyncRestTemplate - Created asynchronous PUT request for "http://localhost:63399/put"
14:40:06.694 [Test worker] DEBUG o.s.w.c.RestTemplate - Writing [Héllo Wörld] with org.springframework.http.converter.StringHttpMessageConverter
14:40:06.696 [Test worker] DEBUG o.s.w.c.AsyncRestTemplate - Async PUT request for "http://localhost:63399/put" resulted in 202 (OK)
14:40:06.705 [Test worker] DEBUG o.s.w.c.AsyncRestTemplate - Created asynchronous GET request for "http://localhost:63401/get"
14:40:06.706 [Test worker] DEBUG o.s.w.c.RestTemplate - Accept=[text/plain, application/xml, text/xml, application/json, application/x-jackson-smile, application/cbor, application/*+xml, application/*+json, */*]
14:40:06.709 [Test worker] DEBUG o.s.w.c.AsyncRestTemplate - Async GET request for "http://localhost:63401/get" resulted in 200 (OK)
14:40:06.709 [Test worker] DEBUG o.s.w.c.RestTemplate - Reading to [java.lang.String] as "text/plain;charset=UTF-8"
14:40:06.714 [Test worker] DEBUG o.s.w.c.AsyncRestTemplate - Created asynchronous DELETE request for "http://localhost:63403/delete"
14:40:06.716 [I/O dispatcher 281] DEBUG o.s.w.c.AsyncRestTemplate - Async DELETE request for "http://localhost:63403/delete" resulted in 200 (OK)
14:40:06.726 [Test worker] DEBUG o.s.w.c.AsyncRestTemplate - Created asynchronous GET request for "http://localhost:63405/get"
14:40:06.727 [Test worker] DEBUG o.s.w.c.RestTemplate - Accept=[text/plain, application/xml, text/xml, application/json, application/x-jackson-smile, application/cbor, application/*+xml, application/*+json, */*]
14:40:06.729 [I/O dispatcher 289] DEBUG o.s.w.c.AsyncRestTemplate - Async GET request for "http://localhost:63405/get" resulted in 200 (OK)
14:40:06.729 [I/O dispatcher 289] DEBUG o.s.w.c.RestTemplate - Reading to [java.lang.String] as "text/plain;charset=UTF-8"
14:40:06.740 [Test worker] DEBUG o.s.w.c.AsyncRestTemplate - Created asynchronous OPTIONS request for "http://localhost:63407/get"
14:40:06.742 [I/O dispatcher 297] DEBUG o.s.w.c.AsyncRestTemplate - Async OPTIONS request for "http://localhost:63407/get" resulted in 200 (OK)
14:40:06.755 [Test worker] DEBUG o.s.w.c.AsyncRestTemplate - Created asynchronous GET request for "http://localhost:63409/status/notfound"
14:40:06.755 [Test worker] DEBUG o.s.w.c.RestTemplate - Accept=[text/plain, application/xml, text/xml, application/json, application/x-jackson-smile, application/cbor, application/*+xml, application/*+json, */*]
14:40:06.765 [Test worker] DEBUG o.s.w.c.AsyncRestTemplate - Created asynchronous GET request for "http://localhost:63411/get"
14:40:06.765 [Test worker] DEBUG o.s.w.c.RestTemplate - Accept=[text/plain, application/xml, text/xml, application/json, application/x-jackson-smile, application/cbor, application/*+xml, application/*+json, */*]
14:40:06.768 [Test worker] DEBUG o.s.w.c.AsyncRestTemplate - Async GET request for "http://localhost:63411/get" resulted in 200 (OK)
14:40:06.768 [Test worker] DEBUG o.s.w.c.RestTemplate - Reading to [java.lang.String] as "text/plain;charset=UTF-8"
14:40:06.773 [Test worker] DEBUG o.s.w.c.AsyncRestTemplate - Created asynchronous POST request for "http://localhost:63413/post"
14:40:06.773 [Test worker] DEBUG o.s.w.c.RestTemplate - Accept=[application/xml, text/xml, application/json, application/x-jackson-smile, application/cbor, application/*+xml, application/*+json]
14:40:06.773 [Test worker] DEBUG o.s.w.c.RestTemplate - Writing [Héllo Wörld] as "text/plain"
14:40:06.776 [I/O dispatcher 321] DEBUG o.s.w.c.AsyncRestTemplate - Async POST request for "http://localhost:63413/post" resulted in 201 (OK)
14:40:06.786 [Test worker] DEBUG o.s.w.c.AsyncRestTemplate - Created asynchronous GET request for "http://localhost:63415/get/nothing"
14:40:06.786 [Test worker] DEBUG o.s.w.c.RestTemplate - Accept=[text/plain, application/xml, text/xml, application/json, application/x-jackson-smile, application/cbor, application/*+xml, application/*+json, */*]
14:40:06.790 [Test worker] DEBUG o.s.w.c.AsyncRestTemplate - Async GET request for "http://localhost:63415/get/nothing" resulted in 200 (OK)
14:40:06.795 [Test worker] DEBUG o.s.w.c.AsyncRestTemplate - Created asynchronous GET request for "http://localhost:63417/status/notfound"
14:40:06.798 [Test worker] WARN  o.s.w.c.AsyncRestTemplate - Async GET request for "http://localhost:63417/status/notfound" resulted in 404 (Client Error); invoking error handler
14:40:06.805 [Test worker] DEBUG o.s.w.c.AsyncRestTemplate - Created asynchronous OPTIONS request for "http://localhost:63419/get"
14:40:06.808 [Test worker] DEBUG o.s.w.c.AsyncRestTemplate - Async OPTIONS request for "http://localhost:63419/get" resulted in 200 (OK)
14:40:06.813 [Test worker] DEBUG o.s.w.c.AsyncRestTemplate - Created asynchronous OPTIONS request for "http://localhost:63421/get"
14:40:06.815 [I/O dispatcher 353] DEBUG o.s.w.c.AsyncRestTemplate - Async OPTIONS request for "http://localhost:63421/get" resulted in 200 (OK)
14:40:06.824 [Test worker] DEBUG o.s.w.c.AsyncRestTemplate - Created asynchronous GET request for "http://localhost:63423/status/notfound"
14:40:06.827 [I/O dispatcher 361] WARN  o.s.w.c.AsyncRestTemplate - Async GET request for "http://localhost:63423/status/notfound" resulted in 404 (Client Error); invoking error handler
14:40:06.839 [Test worker] DEBUG o.s.w.c.AsyncRestTemplate - Created asynchronous GET request for "http://localhost:63425/get"
14:40:06.840 [Test worker] DEBUG o.s.w.c.RestTemplate - Accept=[text/plain, application/xml, text/xml, application/json, application/x-jackson-smile, application/cbor, application/*+xml, application/*+json, */*]
14:40:06.844 [Test worker] DEBUG o.s.w.c.AsyncRestTemplate - Async GET request for "http://localhost:63425/get" resulted in 200 (OK)
14:40:06.844 [Test worker] DEBUG o.s.w.c.RestTemplate - Reading to [java.lang.String] as "text/plain;charset=UTF-8"
14:40:06.849 [Test worker] DEBUG o.s.w.c.AsyncRestTemplate - Created asynchronous GET request for "http://localhost:63427/status/notfound"
14:40:06.853 [I/O dispatcher 377] WARN  o.s.w.c.AsyncRestTemplate - Async GET request for "http://localhost:63427/status/notfound" resulted in 404 (Client Error); invoking error handler
14:40:06.861 [Test worker] DEBUG o.s.w.c.AsyncRestTemplate - Created asynchronous POST request for "http://localhost:63429/post"
14:40:06.862 [Test worker] DEBUG o.s.w.c.RestTemplate - Accept=[application/xml, text/xml, application/json, application/x-jackson-smile, application/cbor, application/*+xml, application/*+json]
14:40:06.862 [Test worker] DEBUG o.s.w.c.RestTemplate - Writing [Héllo Wörld] as "text/plain"
14:40:06.865 [Test worker] DEBUG o.s.w.c.AsyncRestTemplate - Async POST request for "http://localhost:63429/post" resulted in 201 (OK)
14:40:06.871 [Test worker] DEBUG o.s.w.c.AsyncRestTemplate - Created asynchronous GET request for "http://localhost:63431/status/nocontent"
14:40:06.872 [Test worker] DEBUG o.s.w.c.RestTemplate - Accept=[text/plain, application/xml, text/xml, application/json, application/x-jackson-smile, application/cbor, application/*+xml, application/*+json, */*]
14:40:06.874 [Test worker] DEBUG o.s.w.c.AsyncRestTemplate - Async GET request for "http://localhost:63431/status/nocontent" resulted in 204 (OK)
14:40:06.880 [Test worker] DEBUG o.s.w.c.AsyncRestTemplate - Created asynchronous POST request for "http://localhost:63433/multipartFormData"
14:40:06.880 [Test worker] DEBUG o.s.w.c.RestTemplate - Writing [{name 1=[value 1], name 2=[value 2+1, value 2+2], logo=[class path resource [org/springframework/http/converter/logo.jpg]]}] with org.springframework.http.converter.support.AllEncompassingFormHttpMessageConverter
14:40:06.889 [Test worker] DEBUG o.s.w.c.AsyncRestTemplate - Async POST request for "http://localhost:63433/multipartFormData" resulted in 200 (OK)
14:40:06.896 [Test worker] DEBUG o.s.w.c.AsyncRestTemplate - Created asynchronous DELETE request for "http://localhost:63435/delete"
14:40:06.900 [I/O dispatcher 409] DEBUG o.s.w.c.AsyncRestTemplate - Async DELETE request for "http://localhost:63435/delete" resulted in 200 (OK)
14:40:06.908 [Test worker] DEBUG o.s.w.c.AsyncRestTemplate - Created asynchronous POST request for "http://localhost:63437/post"
14:40:06.909 [Test worker] DEBUG o.s.w.c.RestTemplate - Accept=[application/xml, text/xml, application/json, application/x-jackson-smile, application/cbor, application/*+xml, application/*+json]
14:40:06.909 [Test worker] DEBUG o.s.w.c.RestTemplate - Writing [Héllo Wörld] as "text/plain"
14:40:06.911 [I/O dispatcher 417] DEBUG o.s.w.c.AsyncRestTemplate - Async POST request for "http://localhost:63437/post" resulted in 201 (OK)
]]></system-out>
  <system-err><![CDATA[六月 22, 2020 2:40:06 下午 okhttp3.mockwebserver.MockWebServer$3 execute
信息: MockWebServer[63355] starting to accept connections
六月 22, 2020 2:40:06 下午 okhttp3.mockwebserver.MockWebServer$4 processOneRequest
信息: MockWebServer[63355] received request: POST /post HTTP/1.1 and responded: HTTP/1.1 201 OK
六月 22, 2020 2:40:06 下午 okhttp3.mockwebserver.MockWebServer$3 acceptConnections
信息: MockWebServer[63355] done accepting connections: Socket closed
六月 22, 2020 2:40:06 下午 okhttp3.mockwebserver.MockWebServer$3 execute
信息: MockWebServer[63357] starting to accept connections
六月 22, 2020 2:40:06 下午 okhttp3.mockwebserver.MockWebServer$4 processOneRequest
信息: MockWebServer[63357] received request: GET /get HTTP/1.1 and responded: HTTP/1.1 200 OK
六月 22, 2020 2:40:06 下午 okhttp3.mockwebserver.MockWebServer$3 acceptConnections
信息: MockWebServer[63357] done accepting connections: Socket closed
六月 22, 2020 2:40:06 下午 okhttp3.mockwebserver.MockWebServer$3 execute
信息: MockWebServer[63359] starting to accept connections
六月 22, 2020 2:40:06 下午 okhttp3.mockwebserver.MockWebServer$4 processOneRequest
信息: MockWebServer[63359] received request: POST /post HTTP/1.1 and responded: HTTP/1.1 201 OK
六月 22, 2020 2:40:06 下午 okhttp3.mockwebserver.MockWebServer$3 acceptConnections
信息: MockWebServer[63359] done accepting connections: Socket closed
六月 22, 2020 2:40:06 下午 okhttp3.mockwebserver.MockWebServer$3 execute
信息: MockWebServer[63361] starting to accept connections
六月 22, 2020 2:40:06 下午 okhttp3.mockwebserver.MockWebServer$4 processOneRequest
信息: MockWebServer[63361] received request: HEAD /get HTTP/1.1 and responded: HTTP/1.1 200 OK
六月 22, 2020 2:40:06 下午 okhttp3.mockwebserver.MockWebServer$3 acceptConnections
信息: MockWebServer[63361] done accepting connections: Socket closed
六月 22, 2020 2:40:06 下午 okhttp3.mockwebserver.MockWebServer$3 execute
信息: MockWebServer[63363] starting to accept connections
六月 22, 2020 2:40:06 下午 okhttp3.mockwebserver.MockWebServer$4 processOneRequest
信息: MockWebServer[63363] received request: DELETE /delete HTTP/1.1 and responded: HTTP/1.1 200 OK
六月 22, 2020 2:40:06 下午 okhttp3.mockwebserver.MockWebServer$3 acceptConnections
信息: MockWebServer[63363] done accepting connections: Socket closed
六月 22, 2020 2:40:06 下午 okhttp3.mockwebserver.MockWebServer$3 execute
信息: MockWebServer[63365] starting to accept connections
六月 22, 2020 2:40:06 下午 okhttp3.mockwebserver.MockWebServer$4 processOneRequest
信息: MockWebServer[63365] received request: GET /status/notfound HTTP/1.1 and responded: HTTP/1.1 404 Client Error
六月 22, 2020 2:40:06 下午 okhttp3.mockwebserver.MockWebServer$3 acceptConnections
信息: MockWebServer[63365] done accepting connections: Socket closed
六月 22, 2020 2:40:06 下午 okhttp3.mockwebserver.MockWebServer$3 execute
信息: MockWebServer[63367] starting to accept connections
六月 22, 2020 2:40:06 下午 okhttp3.mockwebserver.MockWebServer$4 processOneRequest
信息: MockWebServer[63367] received request: GET /get HTTP/1.1 and responded: HTTP/1.1 200 OK
六月 22, 2020 2:40:06 下午 okhttp3.mockwebserver.MockWebServer$3 acceptConnections
信息: MockWebServer[63367] done accepting connections: Socket closed
六月 22, 2020 2:40:06 下午 okhttp3.mockwebserver.MockWebServer$3 execute
信息: MockWebServer[63369] starting to accept connections
六月 22, 2020 2:40:06 下午 okhttp3.mockwebserver.MockWebServer$4 processOneRequest
信息: MockWebServer[63369] received request: GET /get/nocontenttype HTTP/1.1 and responded: HTTP/1.1 200 OK
六月 22, 2020 2:40:06 下午 okhttp3.mockwebserver.MockWebServer$3 acceptConnections
信息: MockWebServer[63369] done accepting connections: Socket closed
六月 22, 2020 2:40:06 下午 okhttp3.mockwebserver.MockWebServer$3 execute
信息: MockWebServer[63371] starting to accept connections
六月 22, 2020 2:40:06 下午 okhttp3.mockwebserver.MockWebServer$4 processOneRequest
信息: MockWebServer[63371] received request: HEAD /get HTTP/1.1 and responded: HTTP/1.1 200 OK
六月 22, 2020 2:40:06 下午 okhttp3.mockwebserver.MockWebServer$3 acceptConnections
信息: MockWebServer[63371] done accepting connections: Socket closed
六月 22, 2020 2:40:06 下午 okhttp3.mockwebserver.MockWebServer$3 execute
信息: MockWebServer[63373] starting to accept connections
六月 22, 2020 2:40:06 下午 okhttp3.mockwebserver.MockWebServer$4 processOneRequest
信息: MockWebServer[63373] received request: GET /status/notmodified HTTP/1.1 and responded: HTTP/1.1 304 Redirection
六月 22, 2020 2:40:06 下午 okhttp3.mockwebserver.MockWebServer$3 acceptConnections
信息: MockWebServer[63373] done accepting connections: Socket closed
六月 22, 2020 2:40:06 下午 okhttp3.mockwebserver.MockWebServer$3 execute
信息: MockWebServer[63375] starting to accept connections
六月 22, 2020 2:40:06 下午 okhttp3.mockwebserver.MockWebServer$4 processOneRequest
信息: MockWebServer[63375] received request: GET /status/server HTTP/1.1 and responded: HTTP/1.1 500 Server Error
六月 22, 2020 2:40:06 下午 okhttp3.mockwebserver.MockWebServer$3 acceptConnections
信息: MockWebServer[63375] done accepting connections: Socket closed
六月 22, 2020 2:40:06 下午 okhttp3.mockwebserver.MockWebServer$3 execute
信息: MockWebServer[63377] starting to accept connections
六月 22, 2020 2:40:06 下午 okhttp3.mockwebserver.MockWebServer$4 processOneRequest
信息: MockWebServer[63377] received request: GET /status/server HTTP/1.1 and responded: HTTP/1.1 500 Server Error
六月 22, 2020 2:40:06 下午 okhttp3.mockwebserver.MockWebServer$3 acceptConnections
信息: MockWebServer[63377] done accepting connections: Socket closed
六月 22, 2020 2:40:06 下午 okhttp3.mockwebserver.MockWebServer$3 execute
信息: MockWebServer[63379] starting to accept connections
六月 22, 2020 2:40:06 下午 okhttp3.mockwebserver.MockWebServer$4 processOneRequest
信息: MockWebServer[63379] received request: GET /status/server HTTP/1.1 and responded: HTTP/1.1 500 Server Error
六月 22, 2020 2:40:06 下午 okhttp3.mockwebserver.MockWebServer$3 acceptConnections
信息: MockWebServer[63379] done accepting connections: Socket closed
六月 22, 2020 2:40:06 下午 okhttp3.mockwebserver.MockWebServer$3 execute
信息: MockWebServer[63381] starting to accept connections
六月 22, 2020 2:40:06 下午 okhttp3.mockwebserver.MockWebServer$4 processOneRequest
信息: MockWebServer[63381] received request: GET /get HTTP/1.1 and responded: HTTP/1.1 200 OK
六月 22, 2020 2:40:06 下午 okhttp3.mockwebserver.MockWebServer$3 acceptConnections
信息: MockWebServer[63381] done accepting connections: Socket closed
六月 22, 2020 2:40:06 下午 okhttp3.mockwebserver.MockWebServer$3 execute
信息: MockWebServer[63383] starting to accept connections
六月 22, 2020 2:40:06 下午 okhttp3.mockwebserver.MockWebServer$4 processOneRequest
信息: MockWebServer[63383] received request: HEAD /get HTTP/1.1 and responded: HTTP/1.1 200 OK
六月 22, 2020 2:40:06 下午 okhttp3.mockwebserver.MockWebServer$3 acceptConnections
信息: MockWebServer[63383] done accepting connections: Socket closed
六月 22, 2020 2:40:06 下午 okhttp3.mockwebserver.MockWebServer$3 execute
信息: MockWebServer[63385] starting to accept connections
六月 22, 2020 2:40:06 下午 okhttp3.mockwebserver.MockWebServer$4 processOneRequest
信息: MockWebServer[63385] received request: GET /get HTTP/1.1 and responded: HTTP/1.1 200 OK
六月 22, 2020 2:40:06 下午 okhttp3.mockwebserver.MockWebServer$3 acceptConnections
信息: MockWebServer[63385] done accepting connections: Socket closed
六月 22, 2020 2:40:06 下午 okhttp3.mockwebserver.MockWebServer$3 execute
信息: MockWebServer[63387] starting to accept connections
六月 22, 2020 2:40:06 下午 okhttp3.mockwebserver.MockWebServer$4 processOneRequest
信息: MockWebServer[63387] received request: POST /post HTTP/1.1 and responded: HTTP/1.1 201 OK
六月 22, 2020 2:40:06 下午 okhttp3.mockwebserver.MockWebServer$3 acceptConnections
信息: MockWebServer[63387] done accepting connections: Socket closed
六月 22, 2020 2:40:06 下午 okhttp3.mockwebserver.MockWebServer$3 execute
信息: MockWebServer[63389] starting to accept connections
六月 22, 2020 2:40:06 下午 okhttp3.mockwebserver.MockWebServer$4 processOneRequest
信息: MockWebServer[63389] received request: GET /get HTTP/1.1 and responded: HTTP/1.1 200 OK
六月 22, 2020 2:40:06 下午 okhttp3.mockwebserver.MockWebServer$3 acceptConnections
信息: MockWebServer[63389] done accepting connections: Socket closed
六月 22, 2020 2:40:06 下午 okhttp3.mockwebserver.MockWebServer$3 execute
信息: MockWebServer[63391] starting to accept connections
六月 22, 2020 2:40:06 下午 okhttp3.mockwebserver.MockWebServer$4 processOneRequest
信息: MockWebServer[63391] received request: PUT /put HTTP/1.1 and responded: HTTP/1.1 202 OK
六月 22, 2020 2:40:06 下午 okhttp3.mockwebserver.MockWebServer$3 acceptConnections
信息: MockWebServer[63391] done accepting connections: Socket closed
六月 22, 2020 2:40:06 下午 okhttp3.mockwebserver.MockWebServer$3 execute
信息: MockWebServer[63393] starting to accept connections
六月 22, 2020 2:40:06 下午 okhttp3.mockwebserver.MockWebServer$4 processOneRequest
信息: MockWebServer[63393] received request: POST /post HTTP/1.1 and responded: HTTP/1.1 201 OK
六月 22, 2020 2:40:06 下午 okhttp3.mockwebserver.MockWebServer$3 acceptConnections
信息: MockWebServer[63393] done accepting connections: Socket closed
六月 22, 2020 2:40:06 下午 okhttp3.mockwebserver.MockWebServer$3 execute
信息: MockWebServer[63395] starting to accept connections
六月 22, 2020 2:40:06 下午 okhttp3.mockwebserver.MockWebServer$4 processOneRequest
信息: MockWebServer[63395] received request: POST /post HTTP/1.1 and responded: HTTP/1.1 201 OK
六月 22, 2020 2:40:06 下午 okhttp3.mockwebserver.MockWebServer$3 acceptConnections
信息: MockWebServer[63395] done accepting connections: Socket closed
六月 22, 2020 2:40:06 下午 okhttp3.mockwebserver.MockWebServer$3 execute
信息: MockWebServer[63397] starting to accept connections
六月 22, 2020 2:40:06 下午 okhttp3.mockwebserver.MockWebServer$4 processOneRequest
信息: MockWebServer[63397] received request: POST /post HTTP/1.1 and responded: HTTP/1.1 201 OK
六月 22, 2020 2:40:06 下午 okhttp3.mockwebserver.MockWebServer$3 acceptConnections
信息: MockWebServer[63397] done accepting connections: Socket closed
六月 22, 2020 2:40:06 下午 okhttp3.mockwebserver.MockWebServer$3 execute
信息: MockWebServer[63399] starting to accept connections
六月 22, 2020 2:40:06 下午 okhttp3.mockwebserver.MockWebServer$4 processOneRequest
信息: MockWebServer[63399] received request: PUT /put HTTP/1.1 and responded: HTTP/1.1 202 OK
六月 22, 2020 2:40:06 下午 okhttp3.mockwebserver.MockWebServer$3 acceptConnections
信息: MockWebServer[63399] done accepting connections: Socket closed
六月 22, 2020 2:40:06 下午 okhttp3.mockwebserver.MockWebServer$3 execute
信息: MockWebServer[63401] starting to accept connections
六月 22, 2020 2:40:06 下午 okhttp3.mockwebserver.MockWebServer$4 processOneRequest
信息: MockWebServer[63401] received request: GET /get HTTP/1.1 and responded: HTTP/1.1 200 OK
六月 22, 2020 2:40:06 下午 okhttp3.mockwebserver.MockWebServer$3 acceptConnections
信息: MockWebServer[63401] done accepting connections: Socket closed
六月 22, 2020 2:40:06 下午 okhttp3.mockwebserver.MockWebServer$3 execute
信息: MockWebServer[63403] starting to accept connections
六月 22, 2020 2:40:06 下午 okhttp3.mockwebserver.MockWebServer$4 processOneRequest
信息: MockWebServer[63403] received request: DELETE /delete HTTP/1.1 and responded: HTTP/1.1 200 OK
六月 22, 2020 2:40:06 下午 okhttp3.mockwebserver.MockWebServer$3 acceptConnections
信息: MockWebServer[63403] done accepting connections: Socket closed
六月 22, 2020 2:40:06 下午 okhttp3.mockwebserver.MockWebServer$3 execute
信息: MockWebServer[63405] starting to accept connections
六月 22, 2020 2:40:06 下午 okhttp3.mockwebserver.MockWebServer$4 processOneRequest
信息: MockWebServer[63405] received request: GET /get HTTP/1.1 and responded: HTTP/1.1 200 OK
六月 22, 2020 2:40:06 下午 okhttp3.mockwebserver.MockWebServer$3 acceptConnections
信息: MockWebServer[63405] done accepting connections: Socket closed
六月 22, 2020 2:40:06 下午 okhttp3.mockwebserver.MockWebServer$3 execute
信息: MockWebServer[63407] starting to accept connections
六月 22, 2020 2:40:06 下午 okhttp3.mockwebserver.MockWebServer$4 processOneRequest
信息: MockWebServer[63407] received request: OPTIONS /get HTTP/1.1 and responded: HTTP/1.1 200 OK
六月 22, 2020 2:40:06 下午 okhttp3.mockwebserver.MockWebServer$3 acceptConnections
信息: MockWebServer[63407] done accepting connections: Socket closed
六月 22, 2020 2:40:06 下午 okhttp3.mockwebserver.MockWebServer$3 execute
信息: MockWebServer[63409] starting to accept connections
六月 22, 2020 2:40:06 下午 okhttp3.mockwebserver.MockWebServer$4 processOneRequest
信息: MockWebServer[63409] received request: GET /status/notfound HTTP/1.1 and responded: HTTP/1.1 404 Client Error
六月 22, 2020 2:40:06 下午 okhttp3.mockwebserver.MockWebServer$3 acceptConnections
信息: MockWebServer[63409] done accepting connections: Socket closed
六月 22, 2020 2:40:06 下午 okhttp3.mockwebserver.MockWebServer$3 execute
信息: MockWebServer[63411] starting to accept connections
六月 22, 2020 2:40:06 下午 okhttp3.mockwebserver.MockWebServer$4 processOneRequest
信息: MockWebServer[63411] received request: GET /get HTTP/1.1 and responded: HTTP/1.1 200 OK
六月 22, 2020 2:40:06 下午 okhttp3.mockwebserver.MockWebServer$3 acceptConnections
信息: MockWebServer[63411] done accepting connections: Socket closed
六月 22, 2020 2:40:06 下午 okhttp3.mockwebserver.MockWebServer$3 execute
信息: MockWebServer[63413] starting to accept connections
六月 22, 2020 2:40:06 下午 okhttp3.mockwebserver.MockWebServer$4 processOneRequest
信息: MockWebServer[63413] received request: POST /post HTTP/1.1 and responded: HTTP/1.1 201 OK
六月 22, 2020 2:40:06 下午 okhttp3.mockwebserver.MockWebServer$3 acceptConnections
信息: MockWebServer[63413] done accepting connections: Socket closed
六月 22, 2020 2:40:06 下午 okhttp3.mockwebserver.MockWebServer$3 execute
信息: MockWebServer[63415] starting to accept connections
六月 22, 2020 2:40:06 下午 okhttp3.mockwebserver.MockWebServer$4 processOneRequest
信息: MockWebServer[63415] received request: GET /get/nothing HTTP/1.1 and responded: HTTP/1.1 200 OK
六月 22, 2020 2:40:06 下午 okhttp3.mockwebserver.MockWebServer$3 acceptConnections
信息: MockWebServer[63415] done accepting connections: Socket closed
六月 22, 2020 2:40:06 下午 okhttp3.mockwebserver.MockWebServer$3 execute
信息: MockWebServer[63417] starting to accept connections
六月 22, 2020 2:40:06 下午 okhttp3.mockwebserver.MockWebServer$4 processOneRequest
信息: MockWebServer[63417] received request: GET /status/notfound HTTP/1.1 and responded: HTTP/1.1 404 Client Error
六月 22, 2020 2:40:06 下午 okhttp3.mockwebserver.MockWebServer$3 acceptConnections
信息: MockWebServer[63417] done accepting connections: Socket closed
六月 22, 2020 2:40:06 下午 okhttp3.mockwebserver.MockWebServer$3 execute
信息: MockWebServer[63419] starting to accept connections
六月 22, 2020 2:40:06 下午 okhttp3.mockwebserver.MockWebServer$4 processOneRequest
信息: MockWebServer[63419] received request: OPTIONS /get HTTP/1.1 and responded: HTTP/1.1 200 OK
六月 22, 2020 2:40:06 下午 okhttp3.mockwebserver.MockWebServer$3 acceptConnections
信息: MockWebServer[63419] done accepting connections: Socket closed
六月 22, 2020 2:40:06 下午 okhttp3.mockwebserver.MockWebServer$3 execute
信息: MockWebServer[63421] starting to accept connections
六月 22, 2020 2:40:06 下午 okhttp3.mockwebserver.MockWebServer$4 processOneRequest
信息: MockWebServer[63421] received request: OPTIONS /get HTTP/1.1 and responded: HTTP/1.1 200 OK
六月 22, 2020 2:40:06 下午 okhttp3.mockwebserver.MockWebServer$3 acceptConnections
信息: MockWebServer[63421] done accepting connections: Socket closed
六月 22, 2020 2:40:06 下午 okhttp3.mockwebserver.MockWebServer$3 execute
信息: MockWebServer[63423] starting to accept connections
六月 22, 2020 2:40:06 下午 okhttp3.mockwebserver.MockWebServer$4 processOneRequest
信息: MockWebServer[63423] received request: GET /status/notfound HTTP/1.1 and responded: HTTP/1.1 404 Client Error
六月 22, 2020 2:40:06 下午 okhttp3.mockwebserver.MockWebServer$3 acceptConnections
信息: MockWebServer[63423] done accepting connections: Socket closed
六月 22, 2020 2:40:06 下午 okhttp3.mockwebserver.MockWebServer$3 execute
信息: MockWebServer[63425] starting to accept connections
六月 22, 2020 2:40:06 下午 okhttp3.mockwebserver.MockWebServer$4 processOneRequest
信息: MockWebServer[63425] received request: GET /get HTTP/1.1 and responded: HTTP/1.1 200 OK
六月 22, 2020 2:40:06 下午 okhttp3.mockwebserver.MockWebServer$3 acceptConnections
信息: MockWebServer[63425] done accepting connections: Socket closed
六月 22, 2020 2:40:06 下午 okhttp3.mockwebserver.MockWebServer$3 execute
信息: MockWebServer[63427] starting to accept connections
六月 22, 2020 2:40:06 下午 okhttp3.mockwebserver.MockWebServer$4 processOneRequest
信息: MockWebServer[63427] received request: GET /status/notfound HTTP/1.1 and responded: HTTP/1.1 404 Client Error
六月 22, 2020 2:40:06 下午 okhttp3.mockwebserver.MockWebServer$3 acceptConnections
信息: MockWebServer[63427] done accepting connections: Socket closed
六月 22, 2020 2:40:06 下午 okhttp3.mockwebserver.MockWebServer$3 execute
信息: MockWebServer[63429] starting to accept connections
六月 22, 2020 2:40:06 下午 okhttp3.mockwebserver.MockWebServer$4 processOneRequest
信息: MockWebServer[63429] received request: POST /post HTTP/1.1 and responded: HTTP/1.1 201 OK
六月 22, 2020 2:40:06 下午 okhttp3.mockwebserver.MockWebServer$3 acceptConnections
信息: MockWebServer[63429] done accepting connections: Socket closed
六月 22, 2020 2:40:06 下午 okhttp3.mockwebserver.MockWebServer$3 execute
信息: MockWebServer[63431] starting to accept connections
六月 22, 2020 2:40:06 下午 okhttp3.mockwebserver.MockWebServer$4 processOneRequest
信息: MockWebServer[63431] received request: GET /status/nocontent HTTP/1.1 and responded: HTTP/1.1 204 OK
六月 22, 2020 2:40:06 下午 okhttp3.mockwebserver.MockWebServer$3 acceptConnections
信息: MockWebServer[63431] done accepting connections: Socket closed
六月 22, 2020 2:40:06 下午 okhttp3.mockwebserver.MockWebServer$3 execute
信息: MockWebServer[63433] starting to accept connections
六月 22, 2020 2:40:06 下午 okhttp3.mockwebserver.MockWebServer$4 processOneRequest
信息: MockWebServer[63433] received request: POST /multipartFormData HTTP/1.1 and responded: HTTP/1.1 200 OK
六月 22, 2020 2:40:06 下午 okhttp3.mockwebserver.MockWebServer$3 acceptConnections
信息: MockWebServer[63433] done accepting connections: Socket closed
六月 22, 2020 2:40:06 下午 okhttp3.mockwebserver.MockWebServer$3 execute
信息: MockWebServer[63435] starting to accept connections
六月 22, 2020 2:40:06 下午 okhttp3.mockwebserver.MockWebServer$4 processOneRequest
信息: MockWebServer[63435] received request: DELETE /delete HTTP/1.1 and responded: HTTP/1.1 200 OK
六月 22, 2020 2:40:06 下午 okhttp3.mockwebserver.MockWebServer$3 acceptConnections
信息: MockWebServer[63435] done accepting connections: Socket closed
六月 22, 2020 2:40:06 下午 okhttp3.mockwebserver.MockWebServer$3 execute
信息: MockWebServer[63437] starting to accept connections
六月 22, 2020 2:40:06 下午 okhttp3.mockwebserver.MockWebServer$4 processOneRequest
信息: MockWebServer[63437] received request: POST /post HTTP/1.1 and responded: HTTP/1.1 201 OK
六月 22, 2020 2:40:06 下午 okhttp3.mockwebserver.MockWebServer$3 acceptConnections
信息: MockWebServer[63437] done accepting connections: Socket closed
]]></system-err>
</testsuite>
