<?xml version="1.0" encoding="UTF-8"?>
<testsuite name="org.springframework.http.client.HttpComponentsClientHttpRequestFactoryTests" tests="11" skipped="0" failures="0" errors="0" timestamp="2020-06-22T06:39:29" hostname="aiguoxindeMacBook-Pro.local" time="0.946">
  <properties/>
  <testcase name="headersAfterExecute()" classname="org.springframework.http.client.HttpComponentsClientHttpRequestFactoryTests" time="0.007"/>
  <testcase name="status()" classname="org.springframework.http.client.HttpComponentsClientHttpRequestFactoryTests" time="0.004"/>
  <testcase name="echo()" classname="org.springframework.http.client.HttpComponentsClientHttpRequestFactoryTests" time="0.009"/>
  <testcase name="multipleWrites()" classname="org.springframework.http.client.HttpComponentsClientHttpRequestFactoryTests" time="0.004"/>
  <testcase name="queryParameters()" classname="org.springframework.http.client.HttpComponentsClientHttpRequestFactoryTests" time="0.005"/>
  <testcase name="createHttpUriRequest()" classname="org.springframework.http.client.HttpComponentsClientHttpRequestFactoryTests" time="0.003"/>
  <testcase name="mergeBasedOnCurrentHttpClient()" classname="org.springframework.http.client.HttpComponentsClientHttpRequestFactoryTests" time="0.884"/>
  <testcase name="assertCustomConfig()" classname="org.springframework.http.client.HttpComponentsClientHttpRequestFactoryTests" time="0.005"/>
  <testcase name="localSettingsOverrideClientDefaultSettings()" classname="org.springframework.http.client.HttpComponentsClientHttpRequestFactoryTests" time="0.003"/>
  <testcase name="httpMethods()" classname="org.springframework.http.client.HttpComponentsClientHttpRequestFactoryTests" time="0.013"/>
  <testcase name="defaultSettingsOfHttpClientMergedOnExecutorCustomization()" classname="org.springframework.http.client.HttpComponentsClientHttpRequestFactoryTests" time="0.002"/>
  <system-out><![CDATA[]]></system-out>
  <system-err><![CDATA[六月 22, 2020 2:39:29 下午 okhttp3.mockwebserver.MockWebServer$3 execute
信息: MockWebServer[63025] starting to accept connections
六月 22, 2020 2:39:29 下午 okhttp3.mockwebserver.MockWebServer$4 processOneRequest
信息: MockWebServer[63025] received request: POST /status/ok HTTP/1.1 and responded: HTTP/1.1 200 OK
六月 22, 2020 2:39:29 下午 okhttp3.mockwebserver.MockWebServer$3 acceptConnections
信息: MockWebServer[63025] done accepting connections: Socket closed
六月 22, 2020 2:39:29 下午 okhttp3.mockwebserver.MockWebServer$3 execute
信息: MockWebServer[63027] starting to accept connections
六月 22, 2020 2:39:29 下午 okhttp3.mockwebserver.MockWebServer$4 processOneRequest
信息: MockWebServer[63027] received request: GET /status/notfound HTTP/1.1 and responded: HTTP/1.1 404 Client Error
六月 22, 2020 2:39:29 下午 okhttp3.mockwebserver.MockWebServer$3 acceptConnections
信息: MockWebServer[63027] done accepting connections: Socket closed
六月 22, 2020 2:39:29 下午 okhttp3.mockwebserver.MockWebServer$3 execute
信息: MockWebServer[63029] starting to accept connections
六月 22, 2020 2:39:29 下午 okhttp3.mockwebserver.MockWebServer$4 processOneRequest
信息: MockWebServer[63029] received request: PUT /echo HTTP/1.1 and responded: HTTP/1.1 200 OK
六月 22, 2020 2:39:29 下午 okhttp3.mockwebserver.MockWebServer$3 acceptConnections
信息: MockWebServer[63029] done accepting connections: Socket closed
六月 22, 2020 2:39:29 下午 okhttp3.mockwebserver.MockWebServer$3 execute
信息: MockWebServer[63031] starting to accept connections
六月 22, 2020 2:39:29 下午 okhttp3.mockwebserver.MockWebServer$4 processOneRequest
信息: MockWebServer[63031] received request: POST /echo HTTP/1.1 and responded: HTTP/1.1 200 OK
六月 22, 2020 2:39:29 下午 okhttp3.mockwebserver.MockWebServer$3 acceptConnections
信息: MockWebServer[63031] done accepting connections: Socket closed
六月 22, 2020 2:39:29 下午 okhttp3.mockwebserver.MockWebServer$3 execute
信息: MockWebServer[63033] starting to accept connections
六月 22, 2020 2:39:29 下午 okhttp3.mockwebserver.MockWebServer$4 processOneRequest
信息: MockWebServer[63033] received request: GET /params?param1=value&param2=value1&param2=value2 HTTP/1.1 and responded: HTTP/1.1 200 OK
六月 22, 2020 2:39:29 下午 okhttp3.mockwebserver.MockWebServer$3 acceptConnections
信息: MockWebServer[63033] done accepting connections: Socket closed
六月 22, 2020 2:39:29 下午 okhttp3.mockwebserver.MockWebServer$3 execute
信息: MockWebServer[63035] starting to accept connections
六月 22, 2020 2:39:29 下午 okhttp3.mockwebserver.MockWebServer$3 acceptConnections
信息: MockWebServer[63035] done accepting connections: Socket closed
六月 22, 2020 2:39:29 下午 okhttp3.mockwebserver.MockWebServer$3 execute
信息: MockWebServer[63036] starting to accept connections
六月 22, 2020 2:39:30 下午 okhttp3.mockwebserver.MockWebServer$3 acceptConnections
信息: MockWebServer[63036] done accepting connections: Socket closed
六月 22, 2020 2:39:30 下午 okhttp3.mockwebserver.MockWebServer$3 execute
信息: MockWebServer[63037] starting to accept connections
六月 22, 2020 2:39:30 下午 okhttp3.mockwebserver.MockWebServer$3 acceptConnections
信息: MockWebServer[63037] done accepting connections: Socket closed
六月 22, 2020 2:39:30 下午 okhttp3.mockwebserver.MockWebServer$3 execute
信息: MockWebServer[63038] starting to accept connections
六月 22, 2020 2:39:30 下午 okhttp3.mockwebserver.MockWebServer$3 acceptConnections
信息: MockWebServer[63038] done accepting connections: Socket closed
六月 22, 2020 2:39:30 下午 okhttp3.mockwebserver.MockWebServer$3 execute
信息: MockWebServer[63039] starting to accept connections
六月 22, 2020 2:39:30 下午 okhttp3.mockwebserver.MockWebServer$4 processOneRequest
信息: MockWebServer[63039] received request: GET /methods/get HTTP/1.1 and responded: HTTP/1.1 200 OK
六月 22, 2020 2:39:30 下午 okhttp3.mockwebserver.MockWebServer$4 processOneRequest
信息: MockWebServer[63039] received request: HEAD /methods/head HTTP/1.1 and responded: HTTP/1.1 200 OK
六月 22, 2020 2:39:30 下午 okhttp3.mockwebserver.MockWebServer$4 processOneRequest
信息: MockWebServer[63039] received request: POST /methods/post HTTP/1.1 and responded: HTTP/1.1 200 OK
六月 22, 2020 2:39:30 下午 okhttp3.mockwebserver.MockWebServer$4 processOneRequest
信息: MockWebServer[63039] received request: PUT /methods/put HTTP/1.1 and responded: HTTP/1.1 200 OK
六月 22, 2020 2:39:30 下午 okhttp3.mockwebserver.MockWebServer$4 processOneRequest
信息: MockWebServer[63039] received request: OPTIONS /methods/options HTTP/1.1 and responded: HTTP/1.1 200 OK
六月 22, 2020 2:39:30 下午 okhttp3.mockwebserver.MockWebServer$4 processOneRequest
信息: MockWebServer[63039] received request: DELETE /methods/delete HTTP/1.1 and responded: HTTP/1.1 200 OK
六月 22, 2020 2:39:30 下午 okhttp3.mockwebserver.MockWebServer$4 processOneRequest
信息: MockWebServer[63039] received request: PATCH /methods/patch HTTP/1.1 and responded: HTTP/1.1 200 OK
六月 22, 2020 2:39:30 下午 okhttp3.mockwebserver.MockWebServer$3 acceptConnections
信息: MockWebServer[63039] done accepting connections: Socket closed
六月 22, 2020 2:39:30 下午 okhttp3.mockwebserver.MockWebServer$3 execute
信息: MockWebServer[63041] starting to accept connections
六月 22, 2020 2:39:30 下午 okhttp3.mockwebserver.MockWebServer$3 acceptConnections
信息: MockWebServer[63041] done accepting connections: Socket closed
]]></system-err>
</testsuite>
