<?xml version="1.0" encoding="UTF-8"?>
<testsuite name="org.springframework.http.server.reactive.AsyncIntegrationTests" tests="4" skipped="0" failures="0" errors="0" timestamp="2020-06-22T06:39:56" hostname="aiguoxindeMacBook-Pro.local" time="7.21">
  <properties/>
  <testcase name="basicTest(HttpServer)[1]" classname="org.springframework.http.server.reactive.AsyncIntegrationTests" time="0.57"/>
  <testcase name="basicTest(HttpServer)[2]" classname="org.springframework.http.server.reactive.AsyncIntegrationTests" time="5.541"/>
  <testcase name="basicTest(HttpServer)[3]" classname="org.springframework.http.server.reactive.AsyncIntegrationTests" time="0.556"/>
  <testcase name="basicTest(HttpServer)[4]" classname="org.springframework.http.server.reactive.AsyncIntegrationTests" time="0.541"/>
  <system-out><![CDATA[14:39:56.051 [Test worker] DEBUG o.s.w.t.h.s.r.b.JettyHttpServer - Starting JettyHttpServer...
14:39:56.058 [Test worker] DEBUG o.s.w.t.h.s.r.b.JettyHttpServer - Server started on port 63248(0 millis).
14:39:56.077 [Test worker] DEBUG o.s.w.c.RestTemplate - HTTP GET http://localhost:63248
14:39:56.077 [Test worker] DEBUG o.s.w.c.RestTemplate - Accept=[text/plain, application/xml, text/xml, application/json, application/x-jackson-smile, application/cbor, application/*+xml, application/*+json, */*]
14:39:56.615 [Test worker] DEBUG o.s.w.c.RestTemplate - Response 200 OK
14:39:56.617 [Test worker] DEBUG o.s.w.c.RestTemplate - Reading to [java.lang.String] as "application/octet-stream"
14:39:56.617 [Test worker] DEBUG o.s.w.t.h.s.r.b.JettyHttpServer - Stopping JettyHttpServer...
14:39:56.619 [Test worker] DEBUG o.s.w.t.h.s.r.b.JettyHttpServer - Server stopped (0 millis).
14:39:56.621 [Test worker] DEBUG o.s.w.t.h.s.r.b.ReactorHttpServer - Starting ReactorHttpServer...
14:39:56.622 [Test worker] DEBUG o.s.w.t.h.s.r.b.ReactorHttpServer - Server started on port 63250(0 millis).
14:39:56.627 [Test worker] DEBUG o.s.w.c.RestTemplate - HTTP GET http://localhost:63250
14:39:56.627 [Test worker] DEBUG o.s.w.c.RestTemplate - Accept=[text/plain, application/xml, text/xml, application/json, application/x-jackson-smile, application/cbor, application/*+xml, application/*+json, */*]
14:40:02.160 [Test worker] DEBUG o.s.w.c.RestTemplate - Response 200 OK
14:40:02.160 [Test worker] DEBUG o.s.w.c.RestTemplate - Reading to [java.lang.String] as "application/octet-stream"
14:40:02.160 [Test worker] DEBUG o.s.w.t.h.s.r.b.ReactorHttpServer - Stopping ReactorHttpServer...
14:40:02.160 [Test worker] DEBUG o.s.w.t.h.s.r.b.ReactorHttpServer - Server stopped (0 millis).
14:40:02.162 [Test worker] DEBUG o.s.w.t.h.s.r.b.TomcatHttpServer - Starting TomcatHttpServer...
14:40:02.172 [Test worker] DEBUG o.s.w.t.h.s.r.b.TomcatHttpServer - Server started on port 63257(0 millis).
14:40:02.174 [Test worker] DEBUG o.s.w.c.RestTemplate - HTTP GET http://localhost:63257
14:40:02.174 [Test worker] DEBUG o.s.w.c.RestTemplate - Accept=[text/plain, application/xml, text/xml, application/json, application/x-jackson-smile, application/cbor, application/*+xml, application/*+json, */*]
14:40:02.703 [Test worker] DEBUG o.s.w.c.RestTemplate - Response 200 OK
14:40:02.704 [Test worker] DEBUG o.s.w.c.RestTemplate - Reading to [java.lang.String] as "application/octet-stream"
14:40:02.705 [Test worker] DEBUG o.s.w.t.h.s.r.b.TomcatHttpServer - Stopping TomcatHttpServer...
14:40:02.717 [Test worker] DEBUG o.s.w.t.h.s.r.b.TomcatHttpServer - Server stopped (0 millis).
14:40:02.718 [Test worker] DEBUG o.s.w.t.h.s.r.b.UndertowHttpServer - Starting UndertowHttpServer...
14:40:02.723 [Test worker] DEBUG o.s.w.t.h.s.r.b.UndertowHttpServer - Server started on port 63260(0 millis).
14:40:02.725 [Test worker] DEBUG o.s.w.c.RestTemplate - HTTP GET http://localhost:63260
14:40:02.725 [Test worker] DEBUG o.s.w.c.RestTemplate - Accept=[text/plain, application/xml, text/xml, application/json, application/x-jackson-smile, application/cbor, application/*+xml, application/*+json, */*]
14:40:03.257 [Test worker] DEBUG o.s.w.c.RestTemplate - Response 200 OK
14:40:03.257 [Test worker] DEBUG o.s.w.c.RestTemplate - Reading to [java.lang.String] as "application/octet-stream"
14:40:03.257 [Test worker] DEBUG o.s.w.t.h.s.r.b.UndertowHttpServer - Stopping UndertowHttpServer...
14:40:03.258 [Test worker] DEBUG o.s.w.t.h.s.r.b.UndertowHttpServer - Server stopped (0 millis).
]]></system-out>
  <system-err><![CDATA[六月 22, 2020 2:40:02 下午 org.apache.catalina.core.StandardService startInternal
信息: Starting service [Tomcat]
六月 22, 2020 2:40:02 下午 org.apache.catalina.core.StandardEngine startInternal
信息: Starting Servlet engine: [Apache Tomcat/9.0.36]
六月 22, 2020 2:40:02 下午 org.apache.coyote.AbstractProtocol init
信息: Initializing ProtocolHandler ["http-nio-auto-6"]
六月 22, 2020 2:40:02 下午 org.apache.coyote.AbstractProtocol start
信息: Starting ProtocolHandler ["http-nio-auto-6-63257"]
六月 22, 2020 2:40:02 下午 org.apache.coyote.AbstractProtocol pause
信息: Pausing ProtocolHandler ["http-nio-auto-6-63257"]
六月 22, 2020 2:40:02 下午 org.apache.catalina.core.StandardService stopInternal
信息: Stopping service [Tomcat]
六月 22, 2020 2:40:02 下午 org.apache.coyote.AbstractProtocol stop
信息: Stopping ProtocolHandler ["http-nio-auto-6-63257"]
六月 22, 2020 2:40:02 下午 org.apache.coyote.AbstractProtocol destroy
信息: Destroying ProtocolHandler ["http-nio-auto-6-63257"]
]]></system-err>
</testsuite>
