<?xml version="1.0" encoding="UTF-8"?>
<testsuite name="org.springframework.http.converter.ByteArrayHttpMessageConverterTests" tests="4" skipped="0" failures="0" errors="0" timestamp="2020-06-22T06:39:53" hostname="aiguoxindeMacBook-Pro.local" time="0.004">
  <properties/>
  <testcase name="canWrite()" classname="org.springframework.http.converter.ByteArrayHttpMessageConverterTests" time="0.001"/>
  <testcase name="read()" classname="org.springframework.http.converter.ByteArrayHttpMessageConverterTests" time="0.001"/>
  <testcase name="write()" classname="org.springframework.http.converter.ByteArrayHttpMessageConverterTests" time="0.001"/>
  <testcase name="canRead()" classname="org.springframework.http.converter.ByteArrayHttpMessageConverterTests" time="0.0"/>
  <system-out><![CDATA[]]></system-out>
  <system-err><![CDATA[]]></system-err>
</testsuite>
