<?xml version="1.0" encoding="UTF-8"?>
<testsuite name="org.springframework.web.cors.CorsUtilsTests" tests="4" skipped="0" failures="0" errors="0" timestamp="2020-06-22T06:40:09" hostname="aiguoxindeMacBook-Pro.local" time="0.001">
  <properties/>
  <testcase name="isCorsRequest()" classname="org.springframework.web.cors.CorsUtilsTests" time="0.0"/>
  <testcase name="isNotCorsRequest()" classname="org.springframework.web.cors.CorsUtilsTests" time="0.0"/>
  <testcase name="isNotPreFlightRequest()" classname="org.springframework.web.cors.CorsUtilsTests" time="0.0"/>
  <testcase name="isPreFlightRequest()" classname="org.springframework.web.cors.CorsUtilsTests" time="0.0"/>
  <system-out><![CDATA[]]></system-out>
  <system-err><![CDATA[]]></system-err>
</testsuite>
