<?xml version="1.0" encoding="UTF-8"?>
<testsuite name="org.springframework.web.bind.support.WebRequestDataBinderTests" tests="18" skipped="0" failures="0" errors="0" timestamp="2020-06-22T06:40:06" hostname="aiguoxindeMacBook-Pro.local" time="0.033">
  <properties/>
  <testcase name="testFieldDefault()" classname="org.springframework.web.bind.support.WebRequestDataBinderTests" time="0.001"/>
  <testcase name="testMultipleValuesForParameter()" classname="org.springframework.web.bind.support.WebRequestDataBinderTests" time="0.0"/>
  <testcase name="testNoParameters()" classname="org.springframework.web.bind.support.WebRequestDataBinderTests" time="0.001"/>
  <testcase name="testFieldPrefixCausesFieldReset()" classname="org.springframework.web.bind.support.WebRequestDataBinderTests" time="0.0"/>
  <testcase name="testBindingWithNestedObjectCreation()" classname="org.springframework.web.bind.support.WebRequestDataBinderTests" time="0.002"/>
  <testcase name="testCollectionFieldsDefault()" classname="org.springframework.web.bind.support.WebRequestDataBinderTests" time="0.003"/>
  <testcase name="testFieldDefaultPreemptsFieldMarker()" classname="org.springframework.web.bind.support.WebRequestDataBinderTests" time="0.0"/>
  <testcase name="testMultipartFilesAsStringArray()" classname="org.springframework.web.bind.support.WebRequestDataBinderTests" time="0.007"/>
  <testcase name="testEnumBinding()" classname="org.springframework.web.bind.support.WebRequestDataBinderTests" time="0.006"/>
  <testcase name="testFieldDefaultNonBoolean()" classname="org.springframework.web.bind.support.WebRequestDataBinderTests" time="0.001"/>
  <testcase name="testMultipartFileAsString()" classname="org.springframework.web.bind.support.WebRequestDataBinderTests" time="0.001"/>
  <testcase name="testFieldPrefixCausesFieldResetWithIgnoreUnknownFields()" classname="org.springframework.web.bind.support.WebRequestDataBinderTests" time="0.0"/>
  <testcase name="testWithCommaSeparatedStringArray()" classname="org.springframework.web.bind.support.WebRequestDataBinderTests" time="0.0"/>
  <testcase name="testNoPrefix()" classname="org.springframework.web.bind.support.WebRequestDataBinderTests" time="0.001"/>
  <testcase name="testFieldDefaultWithNestedProperty()" classname="org.springframework.web.bind.support.WebRequestDataBinderTests" time="0.001"/>
  <testcase name="testBindingWithNestedObjectCreationThroughAutoGrow()" classname="org.springframework.web.bind.support.WebRequestDataBinderTests" time="0.004"/>
  <testcase name="testPrefix()" classname="org.springframework.web.bind.support.WebRequestDataBinderTests" time="0.001"/>
  <testcase name="testMultipartFileAsStringArray()" classname="org.springframework.web.bind.support.WebRequestDataBinderTests" time="0.001"/>
  <system-out><![CDATA[]]></system-out>
  <system-err><![CDATA[]]></system-err>
</testsuite>
