<?xml version="1.0" encoding="UTF-8"?>
<testsuite name="org.springframework.http.client.support.InterceptingHttpAccessorTests" tests="1" skipped="0" failures="0" errors="0" timestamp="2020-06-22T06:39:38" hostname="aiguoxindeMacBook-Pro.local" time="0.032">
  <properties/>
  <testcase name="getInterceptors()" classname="org.springframework.http.client.support.InterceptingHttpAccessorTests" time="0.032"/>
  <system-out><![CDATA[]]></system-out>
  <system-err><![CDATA[]]></system-err>
</testsuite>
