<?xml version="1.0" encoding="UTF-8"?>
<testsuite name="org.springframework.context.index.processor.PropertiesMarshallerTests" tests="2" skipped="0" failures="0" errors="0" timestamp="2020-06-22T06:03:31" hostname="aiguoxindeMacBook-Pro.local" time="0.013">
  <properties/>
  <testcase name="readWrite()" classname="org.springframework.context.index.processor.PropertiesMarshallerTests" time="0.001"/>
  <testcase name="metadataIsWrittenDeterministically()" classname="org.springframework.context.index.processor.PropertiesMarshallerTests" time="0.012"/>
  <system-out><![CDATA[]]></system-out>
  <system-err><![CDATA[]]></system-err>
</testsuite>
