<?xml version="1.0" encoding="UTF-8"?>
<testsuite name="org.springframework.context.annotation.AutoProxyLazyInitTests" tests="4" skipped="0" failures="0" errors="0" timestamp="2020-06-22T06:05:10" hostname="aiguoxindeMacBook-Pro.local" time="0.136">
  <properties/>
  <testcase name="withNonStaticBeanMethodAndInterface()" classname="org.springframework.context.annotation.AutoProxyLazyInitTests" time="0.041"/>
  <testcase name="withStaticBeanMethodAndInterface()" classname="org.springframework.context.annotation.AutoProxyLazyInitTests" time="0.026"/>
  <testcase name="withStaticBeanMethod()" classname="org.springframework.context.annotation.AutoProxyLazyInitTests" time="0.055"/>
  <testcase name="withNonStaticBeanMethod()" classname="org.springframework.context.annotation.AutoProxyLazyInitTests" time="0.013"/>
  <system-out><![CDATA[]]></system-out>
  <system-err><![CDATA[]]></system-err>
</testsuite>
