<?xml version="1.0" encoding="UTF-8"?>
<testsuite name="org.springframework.context.annotation.configuration.AutowiredConfigurationTests" tests="15" skipped="0" failures="0" errors="0" timestamp="2020-06-22T06:05:17" hostname="aiguoxindeMacBook-Pro.local" time="0.321">
  <properties/>
  <testcase name="testAutowiredConfigurationDependencies()" classname="org.springframework.context.annotation.configuration.AutowiredConfigurationTests" time="0.03"/>
  <testcase name="testValueInjectionWithProviderFields()" classname="org.springframework.context.annotation.configuration.AutowiredConfigurationTests" time="0.02"/>
  <testcase name="testValueInjectionWithProviderConstructorArguments()" classname="org.springframework.context.annotation.configuration.AutowiredConfigurationTests" time="0.004"/>
  <testcase name="testAutowiredConfigurationMethodDependencies()" classname="org.springframework.context.annotation.configuration.AutowiredConfigurationTests" time="0.007"/>
  <testcase name="testAutowiredSingleConstructorSupported()" classname="org.springframework.context.annotation.configuration.AutowiredConfigurationTests" time="0.034"/>
  <testcase name="testValueInjectionWithAliasedMetaAnnotation()" classname="org.springframework.context.annotation.configuration.AutowiredConfigurationTests" time="0.023"/>
  <testcase name="testObjectFactoryConstructorWithTypeVariable()" classname="org.springframework.context.annotation.configuration.AutowiredConfigurationTests" time="0.01"/>
  <testcase name="testAutowiredAnnotatedConstructorSupported()" classname="org.springframework.context.annotation.configuration.AutowiredConfigurationTests" time="0.018"/>
  <testcase name="testValueInjectionWithMetaAnnotation()" classname="org.springframework.context.annotation.configuration.AutowiredConfigurationTests" time="0.041"/>
  <testcase name="testAutowiredConfigurationMethodDependenciesWithOptionalAndAvailable()" classname="org.springframework.context.annotation.configuration.AutowiredConfigurationTests" time="0.025"/>
  <testcase name="testValueInjectionWithProviderMethodArguments()" classname="org.springframework.context.annotation.configuration.AutowiredConfigurationTests" time="0.011"/>
  <testcase name="testCustomPropertiesWithGenericContext()" classname="org.springframework.context.annotation.configuration.AutowiredConfigurationTests" time="0.019"/>
  <testcase name="testAutowiredConfigurationMethodDependenciesWithOptionalAndNotAvailable()" classname="org.springframework.context.annotation.configuration.AutowiredConfigurationTests" time="0.002"/>
  <testcase name="testValueInjection()" classname="org.springframework.context.annotation.configuration.AutowiredConfigurationTests" time="0.043"/>
  <testcase name="testCustomPropertiesWithClassPathContext()" classname="org.springframework.context.annotation.configuration.AutowiredConfigurationTests" time="0.032"/>
  <system-out><![CDATA[]]></system-out>
  <system-err><![CDATA[]]></system-err>
</testsuite>
