<?xml version="1.0" encoding="UTF-8"?>
<testsuite name="org.springframework.aop.aspectj.AfterAdviceBindingTests" tests="6" skipped="0" failures="0" errors="0" timestamp="2020-06-22T06:04:34" hostname="aiguoxindeMacBook-Pro.local" time="4.823">
  <properties/>
  <testcase name="testNeedsJoinPoint()" classname="org.springframework.aop.aspectj.AfterAdviceBindingTests" time="3.953"/>
  <testcase name="testOneObjectArgBindingTarget()" classname="org.springframework.aop.aspectj.AfterAdviceBindingTests" time="0.185"/>
  <testcase name="testOneIntAndOneObjectArgs()" classname="org.springframework.aop.aspectj.AfterAdviceBindingTests" time="0.19"/>
  <testcase name="testNeedsJoinPointStaticPart()" classname="org.springframework.aop.aspectj.AfterAdviceBindingTests" time="0.129"/>
  <testcase name="testOneIntArg()" classname="org.springframework.aop.aspectj.AfterAdviceBindingTests" time="0.212"/>
  <testcase name="testOneObjectArgBindingProxyWithThis()" classname="org.springframework.aop.aspectj.AfterAdviceBindingTests" time="0.121"/>
  <system-out><![CDATA[]]></system-out>
  <system-err><![CDATA[]]></system-err>
</testsuite>
