<?xml version="1.0" encoding="UTF-8"?>
<testsuite name="org.springframework.context.groovy.GroovyApplicationContextDynamicBeanPropertyTests" tests="2" skipped="0" failures="0" errors="0" timestamp="2020-06-22T06:05:57" hostname="aiguoxindeMacBook-Pro.local" time="0.147">
  <properties/>
  <testcase name="testAccessDynamicBeanProperties()" classname="org.springframework.context.groovy.GroovyApplicationContextDynamicBeanPropertyTests" time="0.098"/>
  <testcase name="testAccessingNonExistentBeanViaDynamicProperty()" classname="org.springframework.context.groovy.GroovyApplicationContextDynamicBeanPropertyTests" time="0.049"/>
  <system-out><![CDATA[]]></system-out>
  <system-err><![CDATA[]]></system-err>
</testsuite>
