<?xml version="1.0" encoding="UTF-8"?>
<testsuite name="org.springframework.context.support.DefaultLifecycleProcessorTests" tests="20" skipped="5" failures="0" errors="0" timestamp="2020-06-22T06:05:32" hostname="aiguoxindeMacBook-Pro.local" time="1.095">
  <properties/>
  <testcase name="dependencyStartedFirstAndIsSmartLifecycle()" classname="org.springframework.context.support.DefaultLifecycleProcessorTests" time="0.046"/>
  <testcase name="dependentShutdownFirstButNotSmartLifecycle()" classname="org.springframework.context.support.DefaultLifecycleProcessorTests" time="0.0">
    <skipped/>
  </testcase>
  <testcase name="singleSmartLifecycleAutoStartup()" classname="org.springframework.context.support.DefaultLifecycleProcessorTests" time="0.003"/>
  <testcase name="defaultLifecycleProcessorInstance()" classname="org.springframework.context.support.DefaultLifecycleProcessorTests" time="0.004"/>
  <testcase name="mixedShutdown()" classname="org.springframework.context.support.DefaultLifecycleProcessorTests" time="0.917"/>
  <testcase name="singleLifecycleShutdown()" classname="org.springframework.context.support.DefaultLifecycleProcessorTests" time="0.0"/>
  <testcase name="dependencyStartedFirstButNotSmartLifecycle()" classname="org.springframework.context.support.DefaultLifecycleProcessorTests" time="0.002"/>
  <testcase name="customLifecycleProcessorInstance()" classname="org.springframework.context.support.DefaultLifecycleProcessorTests" time="0.004"/>
  <testcase name="singleSmartLifecycleAutoStartupWithNonAutoStartupDependency()" classname="org.springframework.context.support.DefaultLifecycleProcessorTests" time="0.009"/>
  <testcase name="singleSmartLifecycleWithoutAutoStartup()" classname="org.springframework.context.support.DefaultLifecycleProcessorTests" time="0.005"/>
  <testcase name="dependencyStartedFirstEvenIfItsPhaseIsHigher()" classname="org.springframework.context.support.DefaultLifecycleProcessorTests" time="0.035"/>
  <testcase name="smartLifecycleGroupShutdown()" classname="org.springframework.context.support.DefaultLifecycleProcessorTests" time="0.0">
    <skipped/>
  </testcase>
  <testcase name="singleSmartLifecycleShutdown()" classname="org.springframework.context.support.DefaultLifecycleProcessorTests" time="0.0">
    <skipped/>
  </testcase>
  <testcase name="singleSmartLifecycleAutoStartupWithLazyInitFactoryBean()" classname="org.springframework.context.support.DefaultLifecycleProcessorTests" time="0.0"/>
  <testcase name="contextRefreshThenStopAndRestartWithMixedBeans()" classname="org.springframework.context.support.DefaultLifecycleProcessorTests" time="0.022"/>
  <testcase name="smartLifecycleGroupStartup()" classname="org.springframework.context.support.DefaultLifecycleProcessorTests" time="0.042"/>
  <testcase name="singleSmartLifecycleAutoStartupWithLazyInit()" classname="org.springframework.context.support.DefaultLifecycleProcessorTests" time="0.0"/>
  <testcase name="dependentShutdownFirstEvenIfItsPhaseIsLower()" classname="org.springframework.context.support.DefaultLifecycleProcessorTests" time="0.0">
    <skipped/>
  </testcase>
  <testcase name="contextRefreshThenStartWithMixedBeans()" classname="org.springframework.context.support.DefaultLifecycleProcessorTests" time="0.001"/>
  <testcase name="dependentShutdownFirstAndIsSmartLifecycle()" classname="org.springframework.context.support.DefaultLifecycleProcessorTests" time="0.0">
    <skipped/>
  </testcase>
  <system-out><![CDATA[]]></system-out>
  <system-err><![CDATA[]]></system-err>
</testsuite>
