<?xml version="1.0" encoding="UTF-8"?>
<testsuite name="org.springframework.aop.config.AopNamespaceHandlerProxyTargetClassTests" tests="6" skipped="0" failures="0" errors="0" timestamp="2020-06-22T06:04:53" hostname="aiguoxindeMacBook-Pro.local" time="0.141">
  <properties/>
  <testcase name="testAspectAppliedForInitializeBeanWithEmptyName()" classname="org.springframework.aop.config.AopNamespaceHandlerProxyTargetClassTests" time="0.054"/>
  <testcase name="testAdviceInvokedCorrectly()" classname="org.springframework.aop.config.AopNamespaceHandlerProxyTargetClassTests" time="0.017"/>
  <testcase name="testAspectAppliedForInitializeBeanWithNullName()" classname="org.springframework.aop.config.AopNamespaceHandlerProxyTargetClassTests" time="0.014"/>
  <testcase name="testIsProxy()" classname="org.springframework.aop.config.AopNamespaceHandlerProxyTargetClassTests" time="0.016"/>
  <testcase name="testAspectApplied()" classname="org.springframework.aop.config.AopNamespaceHandlerProxyTargetClassTests" time="0.016"/>
  <testcase name="testIsClassProxy()" classname="org.springframework.aop.config.AopNamespaceHandlerProxyTargetClassTests" time="0.021"/>
  <system-out><![CDATA[]]></system-out>
  <system-err><![CDATA[]]></system-err>
</testsuite>
