<?xml version="1.0" encoding="UTF-8"?>
<testsuite name="org.springframework.context.annotation.Spr15275Tests" tests="6" skipped="0" failures="0" errors="0" timestamp="2020-06-22T06:05:24" hostname="aiguoxindeMacBook-Pro.local" time="0.07">
  <properties/>
  <testcase name="testWithAbstractFactoryBeanForInterface()" classname="org.springframework.context.annotation.Spr15275Tests" time="0.015"/>
  <testcase name="testWithFactoryBean()" classname="org.springframework.context.annotation.Spr15275Tests" time="0.024"/>
  <testcase name="testWithAbstractFactoryBean()" classname="org.springframework.context.annotation.Spr15275Tests" time="0.006"/>
  <testcase name="testWithFinalFactoryBean()" classname="org.springframework.context.annotation.Spr15275Tests" time="0.009"/>
  <testcase name="testWithAbstractFactoryBeanAsReturnType()" classname="org.springframework.context.annotation.Spr15275Tests" time="0.007"/>
  <testcase name="testWithFinalFactoryBeanAsReturnType()" classname="org.springframework.context.annotation.Spr15275Tests" time="0.008"/>
  <system-out><![CDATA[]]></system-out>
  <system-err><![CDATA[]]></system-err>
</testsuite>
