<?xml version="1.0" encoding="UTF-8"?>
<testsuite name="org.springframework.aop.aspectj.AspectAndAdvicePrecedenceTests" tests="1" skipped="0" failures="0" errors="0" timestamp="2020-06-22T06:04:45" hostname="aiguoxindeMacBook-Pro.local" time="0.19">
  <properties/>
  <testcase name="testAdviceOrder()" classname="org.springframework.aop.aspectj.AspectAndAdvicePrecedenceTests" time="0.19"/>
  <system-out><![CDATA[]]></system-out>
  <system-err><![CDATA[]]></system-err>
</testsuite>
