<?xml version="1.0" encoding="UTF-8"?>
<testsuite name="org.springframework.context.annotation.ConfigurationClassPostConstructAndAutowiringTests" tests="2" skipped="0" failures="0" errors="0" timestamp="2020-06-22T06:05:19" hostname="aiguoxindeMacBook-Pro.local" time="0.016">
  <properties/>
  <testcase name="originalReproCase()" classname="org.springframework.context.annotation.ConfigurationClassPostConstructAndAutowiringTests" time="0.009"/>
  <testcase name="control()" classname="org.springframework.context.annotation.ConfigurationClassPostConstructAndAutowiringTests" time="0.006"/>
  <system-out><![CDATA[]]></system-out>
  <system-err><![CDATA[]]></system-err>
</testsuite>
