<?xml version="1.0" encoding="UTF-8"?>
<testsuite name="org.springframework.aop.aspectj.generic.GenericBridgeMethodMatchingClassProxyTests" tests="4" skipped="0" failures="0" errors="0" timestamp="2020-06-22T06:04:51" hostname="aiguoxindeMacBook-Pro.local" time="0.156">
  <properties/>
  <testcase name="testGenericBaseInterfaceMethodThroughInterface()" classname="org.springframework.aop.aspectj.generic.GenericBridgeMethodMatchingClassProxyTests" time="0.054"/>
  <testcase name="testGenericDerivedInterfaceMethodThroughInterface()" classname="org.springframework.aop.aspectj.generic.GenericBridgeMethodMatchingClassProxyTests" time="0.063"/>
  <testcase name="testGenericBaseInterfaceMethodThroughClass()" classname="org.springframework.aop.aspectj.generic.GenericBridgeMethodMatchingClassProxyTests" time="0.022"/>
  <testcase name="testGenericDerivedInterfaceMethodThroughClass()" classname="org.springframework.aop.aspectj.generic.GenericBridgeMethodMatchingClassProxyTests" time="0.014"/>
  <system-out><![CDATA[]]></system-out>
  <system-err><![CDATA[]]></system-err>
</testsuite>
