<?xml version="1.0" encoding="UTF-8"?>
<testsuite name="org.springframework.context.annotation.ImportVersusDirectRegistrationTests" tests="3" skipped="0" failures="0" errors="0" timestamp="2020-06-22T06:05:23" hostname="aiguoxindeMacBook-Pro.local" time="0.008">
  <properties/>
  <testcase name="thingIsNotAvailableWhenOuterConfigurationIsRegisteredDirectly()" classname="org.springframework.context.annotation.ImportVersusDirectRegistrationTests" time="0.003"/>
  <testcase name="thingIsNotAvailableWhenOuterConfigurationIsImported()" classname="org.springframework.context.annotation.ImportVersusDirectRegistrationTests" time="0.003"/>
  <testcase name="thingIsNotAvailableWhenOuterConfigurationIsRegisteredWithClassName()" classname="org.springframework.context.annotation.ImportVersusDirectRegistrationTests" time="0.002"/>
  <system-out><![CDATA[]]></system-out>
  <system-err><![CDATA[]]></system-err>
</testsuite>
