<?xml version="1.0" encoding="UTF-8"?>
<testsuite name="org.springframework.cache.interceptor.CacheResolverCustomizationTests" tests="7" skipped="0" failures="0" errors="0" timestamp="2020-06-22T06:05:09" hostname="aiguoxindeMacBook-Pro.local" time="0.244">
  <properties/>
  <testcase name="customCacheResolver()" classname="org.springframework.cache.interceptor.CacheResolverCustomizationTests" time="0.07"/>
  <testcase name="runtimeResolution()" classname="org.springframework.cache.interceptor.CacheResolverCustomizationTests" time="0.018"/>
  <testcase name="namedResolution()" classname="org.springframework.cache.interceptor.CacheResolverCustomizationTests" time="0.019"/>
  <testcase name="noCustomization()" classname="org.springframework.cache.interceptor.CacheResolverCustomizationTests" time="0.014"/>
  <testcase name="customCacheManager()" classname="org.springframework.cache.interceptor.CacheResolverCustomizationTests" time="0.037"/>
  <testcase name="noCacheResolved()" classname="org.springframework.cache.interceptor.CacheResolverCustomizationTests" time="0.017"/>
  <testcase name="unknownCacheResolver()" classname="org.springframework.cache.interceptor.CacheResolverCustomizationTests" time="0.036"/>
  <system-out><![CDATA[]]></system-out>
  <system-err><![CDATA[]]></system-err>
</testsuite>
