<?xml version="1.0" encoding="UTF-8"?>
<testsuite name="org.springframework.context.annotation.ConfigurationClassWithConditionTests" tests="14" skipped="0" failures="0" errors="0" timestamp="2020-06-22T06:05:20" hostname="aiguoxindeMacBook-Pro.local" time="0.215">
  <properties/>
  <testcase name="conditionalOnBeanMatch()" classname="org.springframework.context.annotation.ConfigurationClassWithConditionTests" time="0.07"/>
  <testcase name="conditionalOnMissingBeanNoMatch()" classname="org.springframework.context.annotation.ConfigurationClassWithConditionTests" time="0.007"/>
  <testcase name="noConditionOnOverriddenMethodHonored()" classname="org.springframework.context.annotation.ConfigurationClassWithConditionTests" time="0.002"/>
  <testcase name="metaConditionalWithAsm()" classname="org.springframework.context.annotation.ConfigurationClassWithConditionTests" time="0.018"/>
  <testcase name="conditionOnOverriddenMethodHonored()" classname="org.springframework.context.annotation.ConfigurationClassWithConditionTests" time="0.002"/>
  <testcase name="conditionalOnBeanNoMatch()" classname="org.springframework.context.annotation.ConfigurationClassWithConditionTests" time="0.028"/>
  <testcase name="nonConfigurationClassWithAsm()" classname="org.springframework.context.annotation.ConfigurationClassWithConditionTests" time="0.015"/>
  <testcase name="nonConfigurationClass()" classname="org.springframework.context.annotation.ConfigurationClassWithConditionTests" time="0.002"/>
  <testcase name="methodConditional()" classname="org.springframework.context.annotation.ConfigurationClassWithConditionTests" time="0.033"/>
  <testcase name="conditionalOnMissingBeanMatch()" classname="org.springframework.context.annotation.ConfigurationClassWithConditionTests" time="0.004"/>
  <testcase name="methodConditionalWithAsm()" classname="org.springframework.context.annotation.ConfigurationClassWithConditionTests" time="0.002"/>
  <testcase name="metaConditional()" classname="org.springframework.context.annotation.ConfigurationClassWithConditionTests" time="0.002"/>
  <testcase name="importsNotCreated()" classname="org.springframework.context.annotation.ConfigurationClassWithConditionTests" time="0.002"/>
  <testcase name="configWithAlternativeBeans()" classname="org.springframework.context.annotation.ConfigurationClassWithConditionTests" time="0.024"/>
  <system-out><![CDATA[]]></system-out>
  <system-err><![CDATA[]]></system-err>
</testsuite>
