<?xml version="1.0" encoding="UTF-8"?>
<testsuite name="org.springframework.aop.aspectj.AfterThrowingAdviceBindingTests" tests="6" skipped="0" failures="0" errors="0" timestamp="2020-06-22T06:04:42" hostname="aiguoxindeMacBook-Pro.local" time="1.601">
  <properties/>
  <testcase name="testSimpleAfterThrowing()" classname="org.springframework.aop.aspectj.AfterThrowingAdviceBindingTests" time="0.259"/>
  <testcase name="testAfterThrowingWithTypeSpecified()" classname="org.springframework.aop.aspectj.AfterThrowingAdviceBindingTests" time="0.274"/>
  <testcase name="testAfterThrowingWithRuntimeExceptionBinding()" classname="org.springframework.aop.aspectj.AfterThrowingAdviceBindingTests" time="0.188"/>
  <testcase name="testAfterThrowingWithBinding()" classname="org.springframework.aop.aspectj.AfterThrowingAdviceBindingTests" time="0.306"/>
  <testcase name="testAfterThrowingWithRuntimeTypeSpecified()" classname="org.springframework.aop.aspectj.AfterThrowingAdviceBindingTests" time="0.198"/>
  <testcase name="testAfterThrowingWithNamedTypeRestriction()" classname="org.springframework.aop.aspectj.AfterThrowingAdviceBindingTests" time="0.33"/>
  <system-out><![CDATA[]]></system-out>
  <system-err><![CDATA[]]></system-err>
</testsuite>
