<?xml version="1.0" encoding="UTF-8"?>
<testsuite name="org.springframework.aop.aspectj.autoproxy.spr3064.SPR3064Tests" tests="1" skipped="0" failures="0" errors="0" timestamp="2020-06-22T06:04:49" hostname="aiguoxindeMacBook-Pro.local" time="0.096">
  <properties/>
  <testcase name="testServiceIsAdvised()" classname="org.springframework.aop.aspectj.autoproxy.spr3064.SPR3064Tests" time="0.096"/>
  <system-out><![CDATA[]]></system-out>
  <system-err><![CDATA[]]></system-err>
</testsuite>
