<?xml version="1.0" encoding="UTF-8"?>
<testsuite name="org.springframework.aop.aspectj.ImplicitJPArgumentMatchingAtAspectJTests" tests="1" skipped="0" failures="0" errors="0" timestamp="2020-06-22T06:04:52" hostname="aiguoxindeMacBook-Pro.local" time="0.085">
  <properties/>
  <testcase name="testAspect()" classname="org.springframework.aop.aspectj.ImplicitJPArgumentMatchingAtAspectJTests" time="0.085"/>
  <system-out><![CDATA[]]></system-out>
  <system-err><![CDATA[]]></system-err>
</testsuite>
