<?xml version="1.0" encoding="UTF-8"?>
<testsuite name="org.springframework.context.annotation.AggressiveFactoryBeanInstantiationTests" tests="2" skipped="0" failures="0" errors="0" timestamp="2020-06-22T06:05:09" hostname="aiguoxindeMacBook-Pro.local" time="0.017">
  <properties/>
  <testcase name="directlyRegisteredFactoryBean()" classname="org.springframework.context.annotation.AggressiveFactoryBeanInstantiationTests" time="0.008"/>
  <testcase name="beanMethodFactoryBean()" classname="org.springframework.context.annotation.AggressiveFactoryBeanInstantiationTests" time="0.009"/>
  <system-out><![CDATA[]]></system-out>
  <system-err><![CDATA[]]></system-err>
</testsuite>
