<?xml version="1.0" encoding="UTF-8"?>
<testsuite name="org.springframework.format.datetime.joda.DateTimeFormatterFactoryTests" tests="6" skipped="0" failures="0" errors="0" timestamp="2020-06-22T06:05:34" hostname="aiguoxindeMacBook-Pro.local" time="0.016">
  <properties/>
  <testcase name="createDateTimeFormatterInOrderOfPropertyPriority()" classname="org.springframework.format.datetime.joda.DateTimeFormatterFactoryTests" time="0.011"/>
  <testcase name="createDateTimeFormatterWithPattern()" classname="org.springframework.format.datetime.joda.DateTimeFormatterFactoryTests" time="0.0"/>
  <testcase name="createDateTimeFormatter()" classname="org.springframework.format.datetime.joda.DateTimeFormatterFactoryTests" time="0.001"/>
  <testcase name="createDateTimeFormatterWithNullFallback()" classname="org.springframework.format.datetime.joda.DateTimeFormatterFactoryTests" time="0.0"/>
  <testcase name="createDateTimeFormatterWithFallback()" classname="org.springframework.format.datetime.joda.DateTimeFormatterFactoryTests" time="0.0"/>
  <testcase name="createDateTimeFormatterWithTimeZone()" classname="org.springframework.format.datetime.joda.DateTimeFormatterFactoryTests" time="0.004"/>
  <system-out><![CDATA[]]></system-out>
  <system-err><![CDATA[]]></system-err>
</testsuite>
