<?xml version="1.0" encoding="UTF-8"?>
<testsuite name="org.springframework.context.annotation.SimpleConfigTests" tests="1" skipped="0" failures="0" errors="0" timestamp="2020-06-22T06:05:23" hostname="aiguoxindeMacBook-Pro.local" time="0.05">
  <properties/>
  <testcase name="testFooService()" classname="org.springframework.context.annotation.SimpleConfigTests" time="0.05"/>
  <system-out><![CDATA[SimpleAsyncTaskExecutor-1
]]></system-out>
  <system-err><![CDATA[]]></system-err>
</testsuite>
