<?xml version="1.0" encoding="UTF-8"?>
<testsuite name="org.springframework.cache.interceptor.CacheSyncFailureTests" tests="5" skipped="0" failures="0" errors="0" timestamp="2020-06-22T06:05:09" hostname="aiguoxindeMacBook-Pro.local" time="0.129">
  <properties/>
  <testcase name="syncWithTwoGetOperations()" classname="org.springframework.cache.interceptor.CacheSyncFailureTests" time="0.058"/>
  <testcase name="unlessSync()" classname="org.springframework.cache.interceptor.CacheSyncFailureTests" time="0.027"/>
  <testcase name="severalCachesWithResolvedSync()" classname="org.springframework.cache.interceptor.CacheSyncFailureTests" time="0.024"/>
  <testcase name="severalCachesSync()" classname="org.springframework.cache.interceptor.CacheSyncFailureTests" time="0.009"/>
  <testcase name="syncWithAnotherOperation()" classname="org.springframework.cache.interceptor.CacheSyncFailureTests" time="0.009"/>
  <system-out><![CDATA[]]></system-out>
  <system-err><![CDATA[]]></system-err>
</testsuite>
