<?xml version="1.0" encoding="UTF-8"?>
<testsuite name="org.springframework.context.annotation.configuration.ConfigurationMetaAnnotationTests" tests="1" skipped="0" failures="0" errors="0" timestamp="2020-06-22T06:05:18" hostname="aiguoxindeMacBook-Pro.local" time="0.018">
  <properties/>
  <testcase name="customConfigurationStereotype()" classname="org.springframework.context.annotation.configuration.ConfigurationMetaAnnotationTests" time="0.018"/>
  <system-out><![CDATA[]]></system-out>
  <system-err><![CDATA[]]></system-err>
</testsuite>
