<?xml version="1.0" encoding="UTF-8"?>
<testsuite name="org.springframework.aop.config.PrototypeProxyTests" tests="1" skipped="0" failures="0" errors="0" timestamp="2020-06-22T06:04:53" hostname="aiguoxindeMacBook-Pro.local" time="0.019">
  <properties/>
  <testcase name="injectionBeforeWrappingCheckDoesNotKickInForPrototypeProxy()" classname="org.springframework.aop.config.PrototypeProxyTests" time="0.019"/>
  <system-out><![CDATA[]]></system-out>
  <system-err><![CDATA[]]></system-err>
</testsuite>
