<?xml version="1.0" encoding="UTF-8"?>
<testsuite name="org.springframework.ejb.config.JeeNamespaceHandlerEventTests" tests="3" skipped="0" failures="0" errors="0" timestamp="2020-06-22T06:05:34" hostname="aiguoxindeMacBook-Pro.local" time="0.031">
  <properties/>
  <testcase name="testLocalSlsbComponentEventReceived()" classname="org.springframework.ejb.config.JeeNamespaceHandlerEventTests" time="0.014"/>
  <testcase name="testJndiLookupComponentEventReceived()" classname="org.springframework.ejb.config.JeeNamespaceHandlerEventTests" time="0.009"/>
  <testcase name="testRemoteSlsbComponentEventReceived()" classname="org.springframework.ejb.config.JeeNamespaceHandlerEventTests" time="0.008"/>
  <system-out><![CDATA[]]></system-out>
  <system-err><![CDATA[]]></system-err>
</testsuite>
