<?xml version="1.0" encoding="UTF-8"?>
<testsuite name="org.springframework.jmx.support.JmxUtilsTests" tests="12" skipped="0" failures="0" errors="0" timestamp="2020-06-22T06:05:44" hostname="aiguoxindeMacBook-Pro.local" time="0.01">
  <properties/>
  <testcase name="notAnMBean()" classname="org.springframework.jmx.support.JmxUtilsTests" time="0.0"/>
  <testcase name="isMBeanWithDynamicMBean()" classname="org.springframework.jmx.support.JmxUtilsTests" time="0.0"/>
  <testcase name="getAttributeNameWithoutStrictCasing()" classname="org.springframework.jmx.support.JmxUtilsTests" time="0.002"/>
  <testcase name="simpleMXBean()" classname="org.springframework.jmx.support.JmxUtilsTests" time="0.0"/>
  <testcase name="isMBeanWithStandardMBeanWrapper()" classname="org.springframework.jmx.support.JmxUtilsTests" time="0.0"/>
  <testcase name="simpleMBean()" classname="org.springframework.jmx.support.JmxUtilsTests" time="0.0"/>
  <testcase name="simpleMBeanThroughInheritance()" classname="org.springframework.jmx.support.JmxUtilsTests" time="0.0"/>
  <testcase name="locatePlatformMBeanServer()" classname="org.springframework.jmx.support.JmxUtilsTests" time="0.003"/>
  <testcase name="isMBeanWithStandardMBeanInherited()" classname="org.springframework.jmx.support.JmxUtilsTests" time="0.002"/>
  <testcase name="getAttributeNameWithStrictCasing()" classname="org.springframework.jmx.support.JmxUtilsTests" time="0.0"/>
  <testcase name="appendIdentityToObjectName()" classname="org.springframework.jmx.support.JmxUtilsTests" time="0.0"/>
  <testcase name="isMBean()" classname="org.springframework.jmx.support.JmxUtilsTests" time="0.0"/>
  <system-out><![CDATA[]]></system-out>
  <system-err><![CDATA[]]></system-err>
</testsuite>
