<?xml version="1.0" encoding="UTF-8"?>
<testsuite name="org.springframework.aop.aspectj.ThisAndTargetSelectionOnlyPointcutsTests" tests="7" skipped="0" failures="0" errors="0" timestamp="2020-06-22T06:04:53" hostname="aiguoxindeMacBook-Pro.local" time="0.142">
  <properties/>
  <testcase name="testThisAsInterfaceAndTargetAsClassCounterMatch()" classname="org.springframework.aop.aspectj.ThisAndTargetSelectionOnlyPointcutsTests" time="0.033"/>
  <testcase name="testTargetAsClassDoesMatch()" classname="org.springframework.aop.aspectj.ThisAndTargetSelectionOnlyPointcutsTests" time="0.013"/>
  <testcase name="testTargetAsInterfaceMatch()" classname="org.springframework.aop.aspectj.ThisAndTargetSelectionOnlyPointcutsTests" time="0.022"/>
  <testcase name="testThisAsClassDoesNotMatch()" classname="org.springframework.aop.aspectj.ThisAndTargetSelectionOnlyPointcutsTests" time="0.022"/>
  <testcase name="testThisAsInterfaceAndTargetAsInterfaceCounterMatch()" classname="org.springframework.aop.aspectj.ThisAndTargetSelectionOnlyPointcutsTests" time="0.018"/>
  <testcase name="testThisAsClassAndTargetAsClassCounterNotMatch()" classname="org.springframework.aop.aspectj.ThisAndTargetSelectionOnlyPointcutsTests" time="0.015"/>
  <testcase name="testThisAsInterfaceMatch()" classname="org.springframework.aop.aspectj.ThisAndTargetSelectionOnlyPointcutsTests" time="0.015"/>
  <system-out><![CDATA[]]></system-out>
  <system-err><![CDATA[]]></system-err>
</testsuite>
