<?xml version="1.0" encoding="UTF-8"?>
<testsuite name="org.springframework.context.annotation.spr16756.Spr16756Tests" tests="1" skipped="0" failures="0" errors="0" timestamp="2020-06-22T06:05:24" hostname="aiguoxindeMacBook-Pro.local" time="0.038">
  <properties/>
  <testcase name="shouldNotFailOnNestedScopedComponent()" classname="org.springframework.context.annotation.spr16756.Spr16756Tests" time="0.038"/>
  <system-out><![CDATA[]]></system-out>
  <system-err><![CDATA[]]></system-err>
</testsuite>
