<?xml version="1.0" encoding="UTF-8"?>
<testsuite name="org.springframework.context.support.GenericXmlApplicationContextTests" tests="4" skipped="0" failures="0" errors="0" timestamp="2020-06-22T06:05:33" hostname="aiguoxindeMacBook-Pro.local" time="0.02">
  <properties/>
  <testcase name="classRelativeResourceLoading_ctor()" classname="org.springframework.context.support.GenericXmlApplicationContextTests" time="0.005"/>
  <testcase name="classRelativeResourceLoading_load()" classname="org.springframework.context.support.GenericXmlApplicationContextTests" time="0.004"/>
  <testcase name="fullyQualifiedResourceLoading_ctor()" classname="org.springframework.context.support.GenericXmlApplicationContextTests" time="0.005"/>
  <testcase name="fullyQualifiedResourceLoading_load()" classname="org.springframework.context.support.GenericXmlApplicationContextTests" time="0.005"/>
  <system-out><![CDATA[]]></system-out>
  <system-err><![CDATA[]]></system-err>
</testsuite>
