<?xml version="1.0" encoding="UTF-8"?>
<testsuite name="org.springframework.context.annotation.EnableAspectJAutoProxyTests" tests="5" skipped="0" failures="0" errors="0" timestamp="2020-06-22T06:05:21" hostname="aiguoxindeMacBook-Pro.local" time="0.239">
  <properties/>
  <testcase name="withCglibProxy()" classname="org.springframework.context.annotation.EnableAspectJAutoProxyTests" time="0.045"/>
  <testcase name="withJdkProxy()" classname="org.springframework.context.annotation.EnableAspectJAutoProxyTests" time="0.045"/>
  <testcase name="withAnnotationOnArgumentAndCglibProxy()" classname="org.springframework.context.annotation.EnableAspectJAutoProxyTests" time="0.08"/>
  <testcase name="withAnnotationOnArgumentAndJdkProxy()" classname="org.springframework.context.annotation.EnableAspectJAutoProxyTests" time="0.045"/>
  <testcase name="withExposedProxy()" classname="org.springframework.context.annotation.EnableAspectJAutoProxyTests" time="0.02"/>
  <system-out><![CDATA[]]></system-out>
  <system-err><![CDATA[]]></system-err>
</testsuite>
