<?xml version="1.0" encoding="UTF-8"?>
<testsuite name="org.springframework.aop.aspectj.autoproxy.AnnotationBindingTests" tests="2" skipped="0" failures="0" errors="0" timestamp="2020-06-22T06:04:45" hostname="aiguoxindeMacBook-Pro.local" time="0.488">
  <properties/>
  <testcase name="testAnnotationBindingInAroundAdvice()" classname="org.springframework.aop.aspectj.autoproxy.AnnotationBindingTests" time="0.367"/>
  <testcase name="testNoMatchingWithoutAnnotationPresent()" classname="org.springframework.aop.aspectj.autoproxy.AnnotationBindingTests" time="0.12"/>
  <system-out><![CDATA[]]></system-out>
  <system-err><![CDATA[]]></system-err>
</testsuite>
