<?xml version="1.0" encoding="UTF-8"?>
<testsuite name="org.springframework.context.annotation.SimpleScanTests" tests="1" skipped="0" failures="0" errors="0" timestamp="2020-06-22T06:05:23" hostname="aiguoxindeMacBook-Pro.local" time="0.03">
  <properties/>
  <testcase name="testFooService()" classname="org.springframework.context.annotation.SimpleScanTests" time="0.03"/>
  <system-out><![CDATA[]]></system-out>
  <system-err><![CDATA[]]></system-err>
</testsuite>
