<?xml version="1.0" encoding="UTF-8"?>
<testsuite name="org.springframework.cache.interceptor.CachePutEvaluationTests" tests="2" skipped="0" failures="0" errors="0" timestamp="2020-06-22T06:05:09" hostname="aiguoxindeMacBook-Pro.local" time="0.042">
  <properties/>
  <testcase name="getAndPut()" classname="org.springframework.cache.interceptor.CachePutEvaluationTests" time="0.031"/>
  <testcase name="mutualGetPutExclusion()" classname="org.springframework.cache.interceptor.CachePutEvaluationTests" time="0.011"/>
  <system-out><![CDATA[]]></system-out>
  <system-err><![CDATA[]]></system-err>
</testsuite>
