<?xml version="1.0" encoding="UTF-8"?>
<testsuite name="org.springframework.context.annotation.configuration.ImportResourceTests" tests="8" skipped="0" failures="0" errors="0" timestamp="2020-06-22T06:05:18" hostname="aiguoxindeMacBook-Pro.local" time="0.23">
  <properties/>
  <testcase name="importNonXmlResource()" classname="org.springframework.context.annotation.configuration.ImportResourceTests" time="0.007"/>
  <testcase name="importXml()" classname="org.springframework.context.annotation.configuration.ImportResourceTests" time="0.043"/>
  <testcase name="importWithPlaceholder()" classname="org.springframework.context.annotation.configuration.ImportResourceTests" time="0.023"/>
  <testcase name="importXmlWithNamespaceConfig()" classname="org.springframework.context.annotation.configuration.ImportResourceTests" time="0.054"/>
  <testcase name="importXmlWithAutowiredConfig()" classname="org.springframework.context.annotation.configuration.ImportResourceTests" time="0.024"/>
  <testcase name="importXmlIsInheritedFromSuperclassDeclarations()" classname="org.springframework.context.annotation.configuration.ImportResourceTests" time="0.012"/>
  <testcase name="importXmlIsMergedFromSuperclassDeclarations()" classname="org.springframework.context.annotation.configuration.ImportResourceTests" time="0.014"/>
  <testcase name="importXmlWithOtherConfigurationClass()" classname="org.springframework.context.annotation.configuration.ImportResourceTests" time="0.043"/>
  <system-out><![CDATA[]]></system-out>
  <system-err><![CDATA[]]></system-err>
</testsuite>
