<?xml version="1.0" encoding="UTF-8"?>
<testsuite name="org.springframework.validation.beanvalidation.SpringValidatorAdapterTests" tests="8" skipped="0" failures="0" errors="0" timestamp="2020-06-22T06:05:56" hostname="aiguoxindeMacBook-Pro.local" time="0.164">
  <properties/>
  <testcase name="testPatternMessage()" classname="org.springframework.validation.beanvalidation.SpringValidatorAdapterTests" time="0.018"/>
  <testcase name="testNoStringArgumentValue()" classname="org.springframework.validation.beanvalidation.SpringValidatorAdapterTests" time="0.005"/>
  <testcase name="testWithList()" classname="org.springframework.validation.beanvalidation.SpringValidatorAdapterTests" time="0.066"/>
  <testcase name="testApplyMessageSourceResolvableToStringArgumentValueWithUnresolvedLogicalFieldName()" classname="org.springframework.validation.beanvalidation.SpringValidatorAdapterTests" time="0.004"/>
  <testcase name="testWithSet()" classname="org.springframework.validation.beanvalidation.SpringValidatorAdapterTests" time="0.039"/>
  <testcase name="testApplyMessageSourceResolvableToStringArgumentValueWithAlwaysUseMessageFormat()" classname="org.springframework.validation.beanvalidation.SpringValidatorAdapterTests" time="0.006"/>
  <testcase name="testUnwrap()" classname="org.springframework.validation.beanvalidation.SpringValidatorAdapterTests" time="0.001"/>
  <testcase name="testApplyMessageSourceResolvableToStringArgumentValueWithResolvedLogicalFieldName()" classname="org.springframework.validation.beanvalidation.SpringValidatorAdapterTests" time="0.005"/>
  <system-out><![CDATA[]]></system-out>
  <system-err><![CDATA[]]></system-err>
</testsuite>
