<?xml version="1.0" encoding="UTF-8"?>
<testsuite name="org.springframework.aop.aspectj.autoproxy.AtAspectJAfterThrowingTests" tests="1" skipped="0" failures="0" errors="0" timestamp="2020-06-22T06:04:48" hostname="aiguoxindeMacBook-Pro.local" time="0.081">
  <properties/>
  <testcase name="testAccessThrowable()" classname="org.springframework.aop.aspectj.autoproxy.AtAspectJAfterThrowingTests" time="0.081"/>
  <system-out><![CDATA[]]></system-out>
  <system-err><![CDATA[]]></system-err>
</testsuite>
