<?xml version="1.0" encoding="UTF-8"?>
<testsuite name="org.springframework.context.annotation.configuration.ImportedConfigurationClassEnhancementTests" tests="5" skipped="0" failures="0" errors="0" timestamp="2020-06-22T06:05:18" hostname="aiguoxindeMacBook-Pro.local" time="0.033">
  <properties/>
  <testcase name="autowiredConfigClassIsEnhancedWhenRegisteredViaConstructor()" classname="org.springframework.context.annotation.configuration.ImportedConfigurationClassEnhancementTests" time="0.013"/>
  <testcase name="autowiredConfigClassIsEnhancedWhenImported()" classname="org.springframework.context.annotation.configuration.ImportedConfigurationClassEnhancementTests" time="0.003"/>
  <testcase name="importingNonConfigurationClassCausesBeanDefinitionParsingException()" classname="org.springframework.context.annotation.configuration.ImportedConfigurationClassEnhancementTests" time="0.004"/>
  <testcase name="autowiredConfigClassBeanMethodsRespectScopingWhenImported()" classname="org.springframework.context.annotation.configuration.ImportedConfigurationClassEnhancementTests" time="0.01"/>
  <testcase name="autowiredConfigClassBeanMethodsRespectScopingWhenRegisteredViaConstructor()" classname="org.springframework.context.annotation.configuration.ImportedConfigurationClassEnhancementTests" time="0.002"/>
  <system-out><![CDATA[]]></system-out>
  <system-err><![CDATA[]]></system-err>
</testsuite>
