<?xml version="1.0" encoding="UTF-8"?>
<testsuite name="org.springframework.scripting.groovy.GroovyAspectIntegrationTests" tests="4" skipped="0" failures="0" errors="0" timestamp="2020-06-22T06:05:52" hostname="aiguoxindeMacBook-Pro.local" time="0.165">
  <properties/>
  <testcase name="testJavaBean()" classname="org.springframework.scripting.groovy.GroovyAspectIntegrationTests" time="0.017"/>
  <testcase name="testGroovyBeanProxyTargetClass()" classname="org.springframework.scripting.groovy.GroovyAspectIntegrationTests" time="0.083"/>
  <testcase name="testGroovyBeanDynamic()" classname="org.springframework.scripting.groovy.GroovyAspectIntegrationTests" time="0.031"/>
  <testcase name="testGroovyBeanInterface()" classname="org.springframework.scripting.groovy.GroovyAspectIntegrationTests" time="0.033"/>
  <system-out><![CDATA[]]></system-out>
  <system-err><![CDATA[]]></system-err>
</testsuite>
