<?xml version="1.0" encoding="UTF-8"?>
<testsuite name="org.springframework.jmx.export.MBeanExporterOperationsTests" tests="4" skipped="0" failures="0" errors="0" timestamp="2020-06-22T06:05:44" hostname="aiguoxindeMacBook-Pro.local" time="0.006">
  <properties/>
  <testcase name="testRegisterExistingMBeanWithUserSuppliedObjectName()" classname="org.springframework.jmx.export.MBeanExporterOperationsTests" time="0.0"/>
  <testcase name="testRegisterManagedResourceWithGeneratedObjectName()" classname="org.springframework.jmx.export.MBeanExporterOperationsTests" time="0.002"/>
  <testcase name="testRegisterManagedResourceWithUserSuppliedObjectName()" classname="org.springframework.jmx.export.MBeanExporterOperationsTests" time="0.001"/>
  <testcase name="testRegisterManagedResourceWithGeneratedObjectNameWithoutUniqueness()" classname="org.springframework.jmx.export.MBeanExporterOperationsTests" time="0.003"/>
  <system-out><![CDATA[]]></system-out>
  <system-err><![CDATA[]]></system-err>
</testsuite>
