<?xml version="1.0" encoding="UTF-8"?>
<testsuite name="org.springframework.context.annotation.ClassPathFactoryBeanDefinitionScannerTests" tests="1" skipped="0" failures="0" errors="0" timestamp="2020-06-22T06:05:11" hostname="aiguoxindeMacBook-Pro.local" time="0.061">
  <properties/>
  <testcase name="testSingletonScopedFactoryMethod()" classname="org.springframework.context.annotation.ClassPathFactoryBeanDefinitionScannerTests" time="0.061"/>
  <system-out><![CDATA[]]></system-out>
  <system-err><![CDATA[]]></system-err>
</testsuite>
