<?xml version="1.0" encoding="UTF-8"?>
<testsuite name="org.springframework.context.annotation.PrimitiveBeanLookupAndAutowiringTests" tests="4" skipped="0" failures="0" errors="0" timestamp="2020-06-22T06:05:23" hostname="aiguoxindeMacBook-Pro.local" time="0.023">
  <properties/>
  <testcase name="primitiveAutowiredInjection()" classname="org.springframework.context.annotation.PrimitiveBeanLookupAndAutowiringTests" time="0.008"/>
  <testcase name="primitiveLookupByName()" classname="org.springframework.context.annotation.PrimitiveBeanLookupAndAutowiringTests" time="0.003"/>
  <testcase name="primitiveLookupByType()" classname="org.springframework.context.annotation.PrimitiveBeanLookupAndAutowiringTests" time="0.004"/>
  <testcase name="primitiveResourceInjection()" classname="org.springframework.context.annotation.PrimitiveBeanLookupAndAutowiringTests" time="0.007"/>
  <system-out><![CDATA[]]></system-out>
  <system-err><![CDATA[]]></system-err>
</testsuite>
