<?xml version="1.0" encoding="UTF-8"?>
<testsuite name="org.springframework.context.conversionservice.ConversionServiceContextConfigTests" tests="1" skipped="0" failures="0" errors="0" timestamp="2020-06-22T06:05:24" hostname="aiguoxindeMacBook-Pro.local" time="0.032">
  <properties/>
  <testcase name="testConfigOk()" classname="org.springframework.context.conversionservice.ConversionServiceContextConfigTests" time="0.032"/>
  <system-out><![CDATA[]]></system-out>
  <system-err><![CDATA[]]></system-err>
</testsuite>
