<?xml version="1.0" encoding="UTF-8"?>
<testsuite name="org.springframework.aop.aspectj.autoproxy.AspectJAutoProxyCreatorAndLazyInitTargetSourceTests" tests="1" skipped="0" failures="0" errors="0" timestamp="2020-06-22T06:04:46" hostname="aiguoxindeMacBook-Pro.local" time="0.227">
  <properties/>
  <testcase name="testAdrian()" classname="org.springframework.aop.aspectj.autoproxy.AspectJAutoProxyCreatorAndLazyInitTargetSourceTests" time="0.227"/>
  <system-out><![CDATA[]]></system-out>
  <system-err><![CDATA[]]></system-err>
</testsuite>
