<?xml version="1.0" encoding="UTF-8"?>
<testsuite name="org.springframework.scheduling.concurrent.ThreadPoolExecutorFactoryBeanTests" tests="1" skipped="0" failures="0" errors="0" timestamp="2020-06-22T06:05:45" hostname="aiguoxindeMacBook-Pro.local" time="0.008">
  <properties/>
  <testcase name="defaultExecutor()" classname="org.springframework.scheduling.concurrent.ThreadPoolExecutorFactoryBeanTests" time="0.008"/>
  <system-out><![CDATA[]]></system-out>
  <system-err><![CDATA[]]></system-err>
</testsuite>
