<?xml version="1.0" encoding="UTF-8"?>
<testsuite name="org.springframework.jmx.export.annotation.AnnotationLazyInitMBeanTests" tests="3" skipped="0" failures="0" errors="0" timestamp="2020-06-22T06:05:42" hostname="aiguoxindeMacBook-Pro.local" time="0.23">
  <properties/>
  <testcase name="lazyAssembling()" classname="org.springframework.jmx.export.annotation.AnnotationLazyInitMBeanTests" time="0.163"/>
  <testcase name="lazyNaming()" classname="org.springframework.jmx.export.annotation.AnnotationLazyInitMBeanTests" time="0.017"/>
  <testcase name="componentScan()" classname="org.springframework.jmx.export.annotation.AnnotationLazyInitMBeanTests" time="0.049"/>
  <system-out><![CDATA[]]></system-out>
  <system-err><![CDATA[Jun 22, 2020 2:05:42 PM ClientIntermediary close
INFO: java.io.IOException: The connection is not currently established.
java.io.IOException: The connection is not currently established.
	at com.sun.jmx.remote.generic.ClientSynchroMessageConnectionImpl.checkState(ClientSynchroMessageConnectionImpl.java:617)
	at com.sun.jmx.remote.generic.ClientSynchroMessageConnectionImpl.sendOneWay(ClientSynchroMessageConnectionImpl.java:202)
	at javax.management.remote.generic.GenericConnector.close(GenericConnector.java:300)
	at javax.management.remote.generic.GenericConnector.close(GenericConnector.java:271)
	at javax.management.remote.generic.ClientIntermediary$GenericClientCommunicatorAdmin.doStop(ClientIntermediary.java:897)
	at com.sun.jmx.remote.opt.internal.ClientCommunicatorAdmin.restart(ClientCommunicatorAdmin.java:172)
	at com.sun.jmx.remote.opt.internal.ClientCommunicatorAdmin.gotIOException(ClientCommunicatorAdmin.java:73)
	at javax.management.remote.generic.GenericConnector$RequestHandler.execute(GenericConnector.java:662)
	at com.sun.jmx.remote.generic.ClientSynchroMessageConnectionImpl$RemoteJob.run(ClientSynchroMessageConnectionImpl.java:568)
	at com.sun.jmx.remote.opt.util.ThreadService$ThreadServiceJob.run(ThreadService.java:248)
	at com.sun.jmx.remote.opt.util.JobExecutor.run(JobExecutor.java:99)

]]></system-err>
</testsuite>
