<?xml version="1.0" encoding="UTF-8"?>
<testsuite name="org.springframework.scripting.groovy.GroovyScriptEvaluatorTests" tests="8" skipped="0" failures="0" errors="0" timestamp="2020-06-22T06:05:52" hostname="aiguoxindeMacBook-Pro.local" time="0.162">
  <properties/>
  <testcase name="testGroovyScriptWithArguments()" classname="org.springframework.scripting.groovy.GroovyScriptEvaluatorTests" time="0.048"/>
  <testcase name="testGroovyScriptWithImportCustomizer()" classname="org.springframework.scripting.groovy.GroovyScriptEvaluatorTests" time="0.03"/>
  <testcase name="testGroovyScriptFromFileUsingJsr223()" classname="org.springframework.scripting.groovy.GroovyScriptEvaluatorTests" time="0.043"/>
  <testcase name="testGroovyScriptWithArgumentsUsingJsr223()" classname="org.springframework.scripting.groovy.GroovyScriptEvaluatorTests" time="0.012"/>
  <testcase name="testGroovyScriptFromFile()" classname="org.springframework.scripting.groovy.GroovyScriptEvaluatorTests" time="0.009"/>
  <testcase name="testGroovyScriptFromStringUsingJsr223()" classname="org.springframework.scripting.groovy.GroovyScriptEvaluatorTests" time="0.007"/>
  <testcase name="testGroovyScriptWithCompilerConfiguration()" classname="org.springframework.scripting.groovy.GroovyScriptEvaluatorTests" time="0.007"/>
  <testcase name="testGroovyScriptFromString()" classname="org.springframework.scripting.groovy.GroovyScriptEvaluatorTests" time="0.006"/>
  <system-out><![CDATA[]]></system-out>
  <system-err><![CDATA[]]></system-err>
</testsuite>
