<?xml version="1.0" encoding="UTF-8"?>
<testsuite name="org.springframework.aop.aspectj.generic.GenericParameterMatchingTests" tests="3" skipped="0" failures="0" errors="0" timestamp="2020-06-22T06:04:52" hostname="aiguoxindeMacBook-Pro.local" time="0.189">
  <properties/>
  <testcase name="testGenericInterfaceSubtypeGenericCollectionArgExecution()" classname="org.springframework.aop.aspectj.generic.GenericParameterMatchingTests" time="0.105"/>
  <testcase name="testGenericInterfaceGenericArgExecution()" classname="org.springframework.aop.aspectj.generic.GenericParameterMatchingTests" time="0.037"/>
  <testcase name="testGenericInterfaceGenericCollectionArgExecution()" classname="org.springframework.aop.aspectj.generic.GenericParameterMatchingTests" time="0.045"/>
  <system-out><![CDATA[]]></system-out>
  <system-err><![CDATA[]]></system-err>
</testsuite>
