<?xml version="1.0" encoding="UTF-8"?>
<testsuite name="org.springframework.context.annotation.ComponentScanAnnotationIntegrationTests" tests="17" skipped="0" failures="0" errors="0" timestamp="2020-06-22T06:05:11" hostname="aiguoxindeMacBook-Pro.local" time="1.533">
  <properties/>
  <testcase name="controlScan()" classname="org.springframework.context.annotation.ComponentScanAnnotationIntegrationTests" time="0.035"/>
  <testcase name="withScopedProxy()" classname="org.springframework.context.annotation.ComponentScanAnnotationIntegrationTests" time="0.052"/>
  <testcase name="withScopeResolver()" classname="org.springframework.context.annotation.ComponentScanAnnotationIntegrationTests" time="0.018"/>
  <testcase name="multiComponentScan()" classname="org.springframework.context.annotation.ComponentScanAnnotationIntegrationTests" time="0.026"/>
  <testcase name="withScopedProxyThroughAspectJPattern()" classname="org.springframework.context.annotation.ComponentScanAnnotationIntegrationTests" time="0.178"/>
  <testcase name="withAwareTypeFilter()" classname="org.springframework.context.annotation.ComponentScanAnnotationIntegrationTests" time="0.495"/>
  <testcase name="withCustomBeanNameGenerator()" classname="org.springframework.context.annotation.ComponentScanAnnotationIntegrationTests" time="0.031"/>
  <testcase name="viaContextRegistration_FromPackageOfConfigClass()" classname="org.springframework.context.annotation.ComponentScanAnnotationIntegrationTests" time="0.005"/>
  <testcase name="withMultipleAnnotationIncludeFilters1()" classname="org.springframework.context.annotation.ComponentScanAnnotationIntegrationTests" time="0.069"/>
  <testcase name="withMultipleAnnotationIncludeFilters2()" classname="org.springframework.context.annotation.ComponentScanAnnotationIntegrationTests" time="0.029"/>
  <testcase name="viaContextRegistration()" classname="org.springframework.context.annotation.ComponentScanAnnotationIntegrationTests" time="0.033"/>
  <testcase name="viaContextRegistration_WithComposedAnnotation()" classname="org.springframework.context.annotation.ComponentScanAnnotationIntegrationTests" time="0.012"/>
  <testcase name="withBasePackagesAndValueAlias()" classname="org.springframework.context.annotation.ComponentScanAnnotationIntegrationTests" time="0.023"/>
  <testcase name="withScopedProxyThroughRegex()" classname="org.springframework.context.annotation.ComponentScanAnnotationIntegrationTests" time="0.018"/>
  <testcase name="withCustomTypeFilter()" classname="org.springframework.context.annotation.ComponentScanAnnotationIntegrationTests" time="0.461"/>
  <testcase name="viaBeanRegistration()" classname="org.springframework.context.annotation.ComponentScanAnnotationIntegrationTests" time="0.012"/>
  <testcase name="viaContextRegistration_WithValueAttribute()" classname="org.springframework.context.annotation.ComponentScanAnnotationIntegrationTests" time="0.032"/>
  <system-out><![CDATA[]]></system-out>
  <system-err><![CDATA[]]></system-err>
</testsuite>
