<?xml version="1.0" encoding="UTF-8"?>
<testsuite name="org.springframework.context.annotation.Spr12636Tests" tests="2" skipped="0" failures="0" errors="0" timestamp="2020-06-22T06:05:24" hostname="aiguoxindeMacBook-Pro.local" time="0.028">
  <properties/>
  <testcase name="orderOnImplementation()" classname="org.springframework.context.annotation.Spr12636Tests" time="0.003"/>
  <testcase name="orderOnImplementationWithProxy()" classname="org.springframework.context.annotation.Spr12636Tests" time="0.025"/>
  <system-out><![CDATA[]]></system-out>
  <system-err><![CDATA[]]></system-err>
</testsuite>
