<?xml version="1.0" encoding="UTF-8"?>
<testsuite name="org.springframework.context.annotation.configuration.ConfigurationClassProcessingTests" tests="17" skipped="0" failures="0" errors="0" timestamp="2020-06-22T06:05:18" hostname="aiguoxindeMacBook-Pro.local" time="0.22">
  <properties/>
  <testcase name="configWithSetWithProviderImplementation()" classname="org.springframework.context.annotation.configuration.ConfigurationClassProcessingTests" time="0.01"/>
  <testcase name="aliasesAreRespectedWhenConfiguredViaNameAttribute()" classname="org.springframework.context.annotation.configuration.ConfigurationClassProcessingTests" time="0.012"/>
  <testcase name="configWithFactoryBeanReturnType()" classname="org.springframework.context.annotation.configuration.ConfigurationClassProcessingTests" time="0.008"/>
  <testcase name="customBeanNameIsRespectedWhenConfiguredViaNameAttribute()" classname="org.springframework.context.annotation.configuration.ConfigurationClassProcessingTests" time="0.005"/>
  <testcase name="configurationWithNullReference()" classname="org.springframework.context.annotation.configuration.ConfigurationClassProcessingTests" time="0.025"/>
  <testcase name="configurationWithAdaptivePrototypes()" classname="org.springframework.context.annotation.configuration.ConfigurationClassProcessingTests" time="0.02"/>
  <testcase name="configurationWithAdaptiveResourcePrototypes()" classname="org.springframework.context.annotation.configuration.ConfigurationClassProcessingTests" time="0.006"/>
  <testcase name="testFinalBeanMethod()" classname="org.springframework.context.annotation.configuration.ConfigurationClassProcessingTests" time="0.001"/>
  <testcase name="aliasesAreRespectedWhenConfiguredViaValueAttribute()" classname="org.springframework.context.annotation.configuration.ConfigurationClassProcessingTests" time="0.024"/>
  <testcase name="configWithBeanWithProviderImplementation()" classname="org.springframework.context.annotation.configuration.ConfigurationClassProcessingTests" time="0.015"/>
  <testcase name="configWithObjectReturnType()" classname="org.springframework.context.annotation.configuration.ConfigurationClassProcessingTests" time="0.001"/>
  <testcase name="configurationWithPostProcessor()" classname="org.springframework.context.annotation.configuration.ConfigurationClassProcessingTests" time="0.008"/>
  <testcase name="configurationWithFunctionalRegistration()" classname="org.springframework.context.annotation.configuration.ConfigurationClassProcessingTests" time="0.012"/>
  <testcase name="configurationWithPrototypeScopedBeans()" classname="org.springframework.context.annotation.configuration.ConfigurationClassProcessingTests" time="0.001"/>
  <testcase name="customBeanNameIsRespectedWhenConfiguredViaValueAttribute()" classname="org.springframework.context.annotation.configuration.ConfigurationClassProcessingTests" time="0.008"/>
  <testcase name="simplestPossibleConfig()" classname="org.springframework.context.annotation.configuration.ConfigurationClassProcessingTests" time="0.039"/>
  <testcase name="configurationWithApplicationListener()" classname="org.springframework.context.annotation.configuration.ConfigurationClassProcessingTests" time="0.014"/>
  <system-out><![CDATA[]]></system-out>
  <system-err><![CDATA[]]></system-err>
</testsuite>
