<?xml version="1.0" encoding="UTF-8"?>
<testsuite name="org.springframework.context.annotation.configuration.ScopingTests" tests="6" skipped="0" failures="0" errors="0" timestamp="2020-06-22T06:05:19" hostname="aiguoxindeMacBook-Pro.local" time="0.085">
  <properties/>
  <testcase name="testRawScopes()" classname="org.springframework.context.annotation.configuration.ScopingTests" time="0.025"/>
  <testcase name="testScopedProxyConfigurationWithClasses()" classname="org.springframework.context.annotation.configuration.ScopingTests" time="0.006"/>
  <testcase name="testScopedProxyConfiguration()" classname="org.springframework.context.annotation.configuration.ScopingTests" time="0.007"/>
  <testcase name="testScopeOnClasses()" classname="org.springframework.context.annotation.configuration.ScopingTests" time="0.004"/>
  <testcase name="testScopeOnInterfaces()" classname="org.springframework.context.annotation.configuration.ScopingTests" time="0.03"/>
  <testcase name="testSameScopeOnDifferentBeans()" classname="org.springframework.context.annotation.configuration.ScopingTests" time="0.005"/>
  <system-out><![CDATA[]]></system-out>
  <system-err><![CDATA[]]></system-err>
</testsuite>
