<?xml version="1.0" encoding="UTF-8"?>
<testsuite name="org.springframework.context.support.ConversionServiceFactoryBeanTests" tests="5" skipped="0" failures="0" errors="0" timestamp="2020-06-22T06:05:32" hostname="aiguoxindeMacBook-Pro.local" time="0.028">
  <properties/>
  <testcase name="createDefaultConversionService()" classname="org.springframework.context.support.ConversionServiceFactoryBeanTests" time="0.001"/>
  <testcase name="conversionServiceInApplicationContext()" classname="org.springframework.context.support.ConversionServiceFactoryBeanTests" time="0.013"/>
  <testcase name="conversionServiceInApplicationContextWithResourceOverriding()" classname="org.springframework.context.support.ConversionServiceFactoryBeanTests" time="0.007"/>
  <testcase name="createDefaultConversionServiceWithInvalidSupplements()" classname="org.springframework.context.support.ConversionServiceFactoryBeanTests" time="0.001"/>
  <testcase name="createDefaultConversionServiceWithSupplements()" classname="org.springframework.context.support.ConversionServiceFactoryBeanTests" time="0.004"/>
  <system-out><![CDATA[]]></system-out>
  <system-err><![CDATA[]]></system-err>
</testsuite>
