<?xml version="1.0" encoding="UTF-8"?>
<testsuite name="org.springframework.jms.support.JmsMessageHeaderAccessorTests" tests="1" skipped="0" failures="0" errors="0" timestamp="2020-06-22T06:04:02" hostname="aiguoxindeMacBook-Pro.local" time="0.003">
  <properties/>
  <testcase name="validateJmsHeaders()" classname="org.springframework.jms.support.JmsMessageHeaderAccessorTests" time="0.003"/>
  <system-out><![CDATA[]]></system-out>
  <system-err><![CDATA[]]></system-err>
</testsuite>
