<?xml version="1.0" encoding="UTF-8"?>
<testsuite name="org.springframework.jms.annotation.JmsListenerAnnotationBeanPostProcessorTests" tests="5" skipped="0" failures="0" errors="0" timestamp="2020-06-22T06:03:57" hostname="aiguoxindeMacBook-Pro.local" time="0.48">
  <properties/>
  <testcase name="simpleMessageListener()" classname="org.springframework.jms.annotation.JmsListenerAnnotationBeanPostProcessorTests" time="0.057"/>
  <testcase name="invalidProxy()" classname="org.springframework.jms.annotation.JmsListenerAnnotationBeanPostProcessorTests" time="0.183"/>
  <testcase name="sendToAnnotationFoundOnCglibProxy()" classname="org.springframework.jms.annotation.JmsListenerAnnotationBeanPostProcessorTests" time="0.156"/>
  <testcase name="metaAnnotationIsDiscovered()" classname="org.springframework.jms.annotation.JmsListenerAnnotationBeanPostProcessorTests" time="0.017"/>
  <testcase name="sendToAnnotationFoundOnInterfaceProxy()" classname="org.springframework.jms.annotation.JmsListenerAnnotationBeanPostProcessorTests" time="0.065"/>
  <system-out><![CDATA[]]></system-out>
  <system-err><![CDATA[]]></system-err>
</testsuite>
