<?xml version="1.0" encoding="UTF-8"?>
<testsuite name="org.springframework.jms.config.JmsListenerContainerFactoryTests" tests="6" skipped="0" failures="0" errors="0" timestamp="2020-06-22T06:03:58" hostname="aiguoxindeMacBook-Pro.local" time="0.015">
  <properties/>
  <testcase name="endpointConcurrencyTakesPrecedence()" classname="org.springframework.jms.config.JmsListenerContainerFactoryTests" time="0.001"/>
  <testcase name="createJmsContainerFullConfig()" classname="org.springframework.jms.config.JmsListenerContainerFactoryTests" time="0.001"/>
  <testcase name="createJcaContainerFullConfig()" classname="org.springframework.jms.config.JmsListenerContainerFactoryTests" time="0.006"/>
  <testcase name="backOffOverridesRecoveryInterval()" classname="org.springframework.jms.config.JmsListenerContainerFactoryTests" time="0.002"/>
  <testcase name="jcaExclusiveProperties()" classname="org.springframework.jms.config.JmsListenerContainerFactoryTests" time="0.001"/>
  <testcase name="createSimpleContainer()" classname="org.springframework.jms.config.JmsListenerContainerFactoryTests" time="0.0"/>
  <system-out><![CDATA[]]></system-out>
  <system-err><![CDATA[]]></system-err>
</testsuite>
