<?xml version="1.0" encoding="UTF-8"?>
<testsuite name="org.springframework.jms.config.JmsListenerEndpointRegistrarTests" tests="6" skipped="0" failures="0" errors="0" timestamp="2020-06-22T06:03:58" hostname="aiguoxindeMacBook-Pro.local" time="0.008">
  <properties/>
  <testcase name="registerEmptyEndpointId()" classname="org.springframework.jms.config.JmsListenerEndpointRegistrarTests" time="0.001"/>
  <testcase name="registerContainerWithoutFactory()" classname="org.springframework.jms.config.JmsListenerEndpointRegistrarTests" time="0.001"/>
  <testcase name="registerNullContainerFactoryWithNoDefault()" classname="org.springframework.jms.config.JmsListenerEndpointRegistrarTests" time="0.001"/>
  <testcase name="registerNullContainerFactoryIsAllowed()" classname="org.springframework.jms.config.JmsListenerEndpointRegistrarTests" time="0.0"/>
  <testcase name="registerNullEndpointId()" classname="org.springframework.jms.config.JmsListenerEndpointRegistrarTests" time="0.001"/>
  <testcase name="registerNullEndpoint()" classname="org.springframework.jms.config.JmsListenerEndpointRegistrarTests" time="0.002"/>
  <system-out><![CDATA[]]></system-out>
  <system-err><![CDATA[]]></system-err>
</testsuite>
