<?xml version="1.0" encoding="UTF-8"?>
<testsuite name="org.springframework.jms.listener.DefaultMessageListenerContainerTests" tests="4" skipped="0" failures="0" errors="0" timestamp="2020-06-22T06:04:01" hostname="aiguoxindeMacBook-Pro.local" time="0.152">
  <properties/>
  <testcase name="runnableIsInvokedEvenIfContainerIsNotRunning()" classname="org.springframework.jms.listener.DefaultMessageListenerContainerTests" time="0.004"/>
  <testcase name="recoverResetBackOff()" classname="org.springframework.jms.listener.DefaultMessageListenerContainerTests" time="0.083"/>
  <testcase name="applyBackOff()" classname="org.springframework.jms.listener.DefaultMessageListenerContainerTests" time="0.005"/>
  <testcase name="applyBackOffRetry()" classname="org.springframework.jms.listener.DefaultMessageListenerContainerTests" time="0.059"/>
  <system-out><![CDATA[14:04:01.829 [Test worker] ERROR o.s.j.l.DefaultMessageListenerContainer - Could not refresh JMS Connection for destination 'org.springframework.jms.listener.DefaultMessageListenerContainerTests$1@779d3a7f' - retrying using Mock for BackOffExecution, hashCode: 495245268. Cause: Test exception (attempt 1)
14:04:01.890 [Test worker] ERROR o.s.j.l.DefaultMessageListenerContainer - Could not refresh JMS Connection for destination 'org.springframework.jms.listener.DefaultMessageListenerContainerTests$1@1b715fce' - retrying using Mock for BackOffExecution, hashCode: 2003550428. Cause: Test exception
14:04:01.891 [Test worker] ERROR o.s.j.l.DefaultMessageListenerContainer - Stopping container for destination 'org.springframework.jms.listener.DefaultMessageListenerContainerTests$1@1b715fce': back-off policy does not allow for further attempts.
14:04:01.893 [Test worker] ERROR o.s.j.l.DefaultMessageListenerContainer - Could not refresh JMS Connection for destination 'org.springframework.jms.listener.DefaultMessageListenerContainerTests$1@4d194be6' - retrying using Mock for BackOffExecution, hashCode: 1845104552. Cause: Test exception
14:04:01.948 [Test worker] ERROR o.s.j.l.DefaultMessageListenerContainer - Could not refresh JMS Connection for destination 'org.springframework.jms.listener.DefaultMessageListenerContainerTests$1@4d194be6' - retrying using Mock for BackOffExecution, hashCode: 1845104552. Cause: Test exception
14:04:01.949 [Test worker] ERROR o.s.j.l.DefaultMessageListenerContainer - Stopping container for destination 'org.springframework.jms.listener.DefaultMessageListenerContainerTests$1@4d194be6': back-off policy does not allow for further attempts.
]]></system-out>
  <system-err><![CDATA[]]></system-err>
</testsuite>
