<?xml version="1.0" encoding="UTF-8"?>
<testsuite name="org.springframework.jms.annotation.EnableJmsTests" tests="14" skipped="0" failures="0" errors="0" timestamp="2020-06-22T06:03:56" hostname="aiguoxindeMacBook-Pro.local" time="0.885">
  <properties/>
  <testcase name="jmsListeners()" classname="org.springframework.jms.annotation.EnableJmsTests" time="0.434"/>
  <testcase name="unknownFactory()" classname="org.springframework.jms.annotation.EnableJmsTests" time="0.039"/>
  <testcase name="sampleConfiguration()" classname="org.springframework.jms.annotation.EnableJmsTests" time="0.044"/>
  <testcase name="customConfiguration()" classname="org.springframework.jms.annotation.EnableJmsTests" time="0.07"/>
  <testcase name="composedJmsListeners()" classname="org.springframework.jms.annotation.EnableJmsTests" time="0.028"/>
  <testcase name="containerCanBeStarterViaTheRegistry()" classname="org.springframework.jms.annotation.EnableJmsTests" time="0.034"/>
  <testcase name="jmsHandlerMethodFactoryConfiguration()" classname="org.springframework.jms.annotation.EnableJmsTests" time="0.034"/>
  <testcase name="explicitContainerFactory()" classname="org.springframework.jms.annotation.EnableJmsTests" time="0.033"/>
  <testcase name="fullConfiguration()" classname="org.springframework.jms.annotation.EnableJmsTests" time="0.03"/>
  <testcase name="lazyComponent()" classname="org.springframework.jms.annotation.EnableJmsTests" time="0.015"/>
  <testcase name="defaultContainerFactory()" classname="org.springframework.jms.annotation.EnableJmsTests" time="0.022"/>
  <testcase name="fullConfigurableConfiguration()" classname="org.springframework.jms.annotation.EnableJmsTests" time="0.059"/>
  <testcase name="jmsListenerIsRepeatable()" classname="org.springframework.jms.annotation.EnableJmsTests" time="0.013"/>
  <testcase name="containerAreStartedByDefault()" classname="org.springframework.jms.annotation.EnableJmsTests" time="0.016"/>
  <system-out><![CDATA[]]></system-out>
  <system-err><![CDATA[]]></system-err>
</testsuite>
