<?xml version="1.0" encoding="UTF-8"?>
<testsuite name="org.springframework.jms.support.converter.MessagingMessageConverterTests" tests="3" skipped="0" failures="0" errors="0" timestamp="2020-06-22T06:04:02" hostname="aiguoxindeMacBook-Pro.local" time="0.023">
  <properties/>
  <testcase name="simpleObject()" classname="org.springframework.jms.support.converter.MessagingMessageConverterTests" time="0.021"/>
  <testcase name="onlyHandlesMessage()" classname="org.springframework.jms.support.converter.MessagingMessageConverterTests" time="0.001"/>
  <testcase name="customPayloadConverter()" classname="org.springframework.jms.support.converter.MessagingMessageConverterTests" time="0.001"/>
  <system-out><![CDATA[]]></system-out>
  <system-err><![CDATA[]]></system-err>
</testsuite>
