<?xml version="1.0" encoding="UTF-8"?>
<testsuite name="org.springframework.core.task.SimpleAsyncTaskExecutorTests" tests="1" skipped="0" failures="0" errors="0" timestamp="2020-06-22T07:01:47" hostname="aiguoxindeMacBook-Pro.local" time="0.543">
  <properties/>
  <testcase name="throttleIsNotActiveByDefault()" classname="org.springframework.core.task.SimpleAsyncTaskExecutorTests" time="0.543"/>
  <system-out><![CDATA[]]></system-out>
  <system-err><![CDATA[]]></system-err>
</testsuite>
