<?xml version="1.0" encoding="UTF-8"?>
<testsuite name="org.springframework.web.socket.server.support.HandshakeInterceptorChainTests" tests="3" skipped="0" failures="0" errors="0" timestamp="2020-06-22T06:05:48" hostname="aiguoxindeMacBook-Pro.local" time="0.013">
  <properties/>
  <testcase name="success()" classname="org.springframework.web.socket.server.support.HandshakeInterceptorChainTests" time="0.01"/>
  <testcase name="applyBeforeHandshakeWithFalseReturnValue()" classname="org.springframework.web.socket.server.support.HandshakeInterceptorChainTests" time="0.002"/>
  <testcase name="applyAfterHandshakeOnly()" classname="org.springframework.web.socket.server.support.HandshakeInterceptorChainTests" time="0.001"/>
  <system-out><![CDATA[]]></system-out>
  <system-err><![CDATA[]]></system-err>
</testsuite>
