<?xml version="1.0" encoding="UTF-8"?>
<testsuite name="org.springframework.web.socket.client.WebSocketConnectionManagerTests" tests="2" skipped="0" failures="0" errors="0" timestamp="2020-06-22T06:05:39" hostname="aiguoxindeMacBook-Pro.local" time="0.019">
  <properties/>
  <testcase name="openConnection()" classname="org.springframework.web.socket.client.WebSocketConnectionManagerTests" time="0.018"/>
  <testcase name="clientLifecycle()" classname="org.springframework.web.socket.client.WebSocketConnectionManagerTests" time="0.001"/>
  <system-out><![CDATA[]]></system-out>
  <system-err><![CDATA[]]></system-err>
</testsuite>
