<?xml version="1.0" encoding="UTF-8"?>
<testsuite name="org.springframework.web.socket.messaging.WebSocketAnnotationMethodMessageHandlerTests" tests="1" skipped="0" failures="0" errors="0" timestamp="2020-06-22T06:05:47" hostname="aiguoxindeMacBook-Pro.local" time="0.011">
  <properties/>
  <testcase name="globalException()" classname="org.springframework.web.socket.messaging.WebSocketAnnotationMethodMessageHandlerTests" time="0.011"/>
  <system-out><![CDATA[]]></system-out>
  <system-err><![CDATA[]]></system-err>
</testsuite>
