<?xml version="1.0" encoding="UTF-8"?>
<testsuite name="org.springframework.web.socket.adapter.jetty.JettyWebSocketSessionTests" tests="4" skipped="0" failures="0" errors="0" timestamp="2020-06-22T06:05:32" hostname="aiguoxindeMacBook-Pro.local" time="0.143">
  <properties/>
  <testcase name="getPrincipalWithConstructorArg()" classname="org.springframework.web.socket.adapter.jetty.JettyWebSocketSessionTests" time="0.12"/>
  <testcase name="getPrincipalNotAvailable()" classname="org.springframework.web.socket.adapter.jetty.JettyWebSocketSessionTests" time="0.004"/>
  <testcase name="getPrincipalFromNativeSession()" classname="org.springframework.web.socket.adapter.jetty.JettyWebSocketSessionTests" time="0.004"/>
  <testcase name="getAcceptedProtocol()" classname="org.springframework.web.socket.adapter.jetty.JettyWebSocketSessionTests" time="0.012"/>
  <system-out><![CDATA[]]></system-out>
  <system-err><![CDATA[]]></system-err>
</testsuite>
