<?xml version="1.0" encoding="UTF-8"?>
<testsuite name="org.springframework.web.socket.messaging.WebSocketStompClientIntegrationTests" tests="1" skipped="0" failures="0" errors="0" timestamp="2020-06-22T06:05:47" hostname="aiguoxindeMacBook-Pro.local" time="1.075">
  <properties/>
  <testcase name="publishSubscribe()" classname="org.springframework.web.socket.messaging.WebSocketStompClientIntegrationTests" time="1.075"/>
  <system-out><![CDATA[14:05:48.292 [WebSocketClient-AsyncIO-1] ERROR o.s.w.s.m.WebSocketStompClientIntegrationTests - org.springframework.messaging.simp.stomp.ConnectionLostException: Connection closed
]]></system-out>
  <system-err><![CDATA[六月 22, 2020 2:05:47 下午 org.apache.coyote.AbstractProtocol init
信息: Initializing ProtocolHandler ["http-nio-auto-9"]
六月 22, 2020 2:05:47 下午 org.apache.catalina.core.StandardService startInternal
信息: Starting service [Tomcat]
六月 22, 2020 2:05:47 下午 org.apache.catalina.core.StandardEngine startInternal
信息: Starting Servlet engine: [Apache Tomcat/9.0.36]
六月 22, 2020 2:05:47 下午 org.apache.coyote.AbstractProtocol start
信息: Starting ProtocolHandler ["http-nio-auto-9-59281"]
六月 22, 2020 2:05:47 下午 org.apache.catalina.core.ApplicationContext log
信息: Initializing Spring DispatcherServlet 'dispatcherServlet'
六月 22, 2020 2:05:48 下午 org.apache.catalina.core.ApplicationContext log
信息: Destroying Spring FrameworkServlet 'dispatcherServlet'
六月 22, 2020 2:05:48 下午 org.apache.coyote.AbstractProtocol pause
信息: Pausing ProtocolHandler ["http-nio-auto-9-59281"]
六月 22, 2020 2:05:48 下午 org.apache.catalina.core.StandardService stopInternal
信息: Stopping service [Tomcat]
六月 22, 2020 2:05:48 下午 org.apache.coyote.AbstractProtocol stop
信息: Stopping ProtocolHandler ["http-nio-auto-9-59281"]
]]></system-err>
</testsuite>
