<?xml version="1.0" encoding="UTF-8"?>
<testsuite name="org.springframework.web.socket.client.standard.StandardWebSocketClientTests" tests="9" skipped="0" failures="0" errors="0" timestamp="2020-06-22T06:05:39" hostname="aiguoxindeMacBook-Pro.local" time="0.052">
  <properties/>
  <testcase name="standardWebSocketClientConfiguratorInsertsHandshakeHeaders()" classname="org.springframework.web.socket.client.standard.StandardWebSocketClientTests" time="0.027"/>
  <testcase name="testGetLocalAddress()" classname="org.springframework.web.socket.client.standard.StandardWebSocketClientTests" time="0.002"/>
  <testcase name="clientEndpointConfig()" classname="org.springframework.web.socket.client.standard.StandardWebSocketClientTests" time="0.01"/>
  <testcase name="handshakeHeaders()" classname="org.springframework.web.socket.client.standard.StandardWebSocketClientTests" time="0.001"/>
  <testcase name="testGetLocalAddressWss()" classname="org.springframework.web.socket.client.standard.StandardWebSocketClientTests" time="0.001"/>
  <testcase name="taskExecutor()" classname="org.springframework.web.socket.client.standard.StandardWebSocketClientTests" time="0.001"/>
  <testcase name="clientEndpointConfigWithUserProperties()" classname="org.springframework.web.socket.client.standard.StandardWebSocketClientTests" time="0.007"/>
  <testcase name="testGetLocalAddressNoScheme()" classname="org.springframework.web.socket.client.standard.StandardWebSocketClientTests" time="0.001"/>
  <testcase name="testGetRemoteAddress()" classname="org.springframework.web.socket.client.standard.StandardWebSocketClientTests" time="0.001"/>
  <system-out><![CDATA[]]></system-out>
  <system-err><![CDATA[]]></system-err>
</testsuite>
