<?xml version="1.0" encoding="UTF-8"?>
<testsuite name="org.springframework.web.socket.sockjs.support.SockJsServiceTests" tests="13" skipped="0" failures="0" errors="0" timestamp="2020-06-22T06:05:48" hostname="aiguoxindeMacBook-Pro.local" time="0.084">
  <properties/>
  <testcase name="handleIframeRequest()" classname="org.springframework.web.socket.sockjs.support.SockJsServiceTests" time="0.002"/>
  <testcase name="handleInfoGetWithOrigin()" classname="org.springframework.web.socket.sockjs.support.SockJsServiceTests" time="0.002"/>
  <testcase name="handleInfoGet()" classname="org.springframework.web.socket.sockjs.support.SockJsServiceTests" time="0.001"/>
  <testcase name="handleInfoOptionsWithAllowedOrigin()" classname="org.springframework.web.socket.sockjs.support.SockJsServiceTests" time="0.007"/>
  <testcase name="handleInfoGetWildflyNPE()" classname="org.springframework.web.socket.sockjs.support.SockJsServiceTests" time="0.061"/>
  <testcase name="handleEmptyContentType()" classname="org.springframework.web.socket.sockjs.support.SockJsServiceTests" time="0.0"/>
  <testcase name="handleInfoOptionsWithForbiddenOrigin()" classname="org.springframework.web.socket.sockjs.support.SockJsServiceTests" time="0.001"/>
  <testcase name="handleInfoOptionsWithOriginAndCorsHeadersDisabled()" classname="org.springframework.web.socket.sockjs.support.SockJsServiceTests" time="0.001"/>
  <testcase name="handleIframeRequestNotModified()" classname="org.springframework.web.socket.sockjs.support.SockJsServiceTests" time="0.001"/>
  <testcase name="handleRawWebSocketRequest()" classname="org.springframework.web.socket.sockjs.support.SockJsServiceTests" time="0.001"/>
  <testcase name="validateRequest()" classname="org.springframework.web.socket.sockjs.support.SockJsServiceTests" time="0.002"/>
  <testcase name="handleInfoOptions()" classname="org.springframework.web.socket.sockjs.support.SockJsServiceTests" time="0.0"/>
  <testcase name="handleInfoGetCorsFilter()" classname="org.springframework.web.socket.sockjs.support.SockJsServiceTests" time="0.0"/>
  <system-out><![CDATA[14:05:48.902 [Test worker] WARN  o.s.w.s.s.s.SockJsServiceTests$TestSockJsService - Origin header value 'http://mydomain2.example' not allowed.
14:05:48.974 [Test worker] WARN  o.s.w.s.s.s.SockJsServiceTests$TestSockJsService - Origin header value 'https://mydomain2.example' not allowed.
14:05:48.974 [Test worker] WARN  o.s.w.s.s.s.SockJsServiceTests$TestSockJsService - Origin header value 'https://mydomain2.example' not allowed.
14:05:48.975 [Test worker] WARN  o.s.w.s.s.s.SockJsServiceTests$TestSockJsService - Origin header value 'https://mydomain2.example' not allowed.
14:05:48.978 [Test worker] WARN  o.s.w.s.s.s.SockJsServiceTests$TestSockJsService - Invalid SockJS path '//' - required to have 3 path segments
14:05:48.979 [Test worker] WARN  o.s.w.s.s.s.SockJsServiceTests$TestSockJsService - Invalid SockJS path '///' - required to have 3 path segments
14:05:48.979 [Test worker] WARN  o.s.w.s.s.s.SockJsServiceTests$TestSockJsService - Invalid SockJS path '/other' - required to have 3 path segments
14:05:48.979 [Test worker] WARN  o.s.w.s.s.s.SockJsServiceTests$TestSockJsService - Invalid SockJS path '//service/websocket' - required to have 3 path segments
14:05:48.979 [Test worker] WARN  o.s.w.s.s.s.SockJsServiceTests$TestSockJsService - Invalid SockJS path '/server//websocket' - required to have 3 path segments
14:05:48.980 [Test worker] WARN  o.s.w.s.s.s.SockJsServiceTests$TestSockJsService - Invalid SockJS path '/server/session/' - required to have 3 path segments
14:05:48.980 [Test worker] WARN  o.s.w.s.s.s.SockJsServiceTests$TestSockJsService - Either server or session contains a "." which is not allowed by SockJS protocol.
14:05:48.980 [Test worker] WARN  o.s.w.s.s.s.SockJsServiceTests$TestSockJsService - Either server or session contains a "." which is not allowed by SockJS protocol.
]]></system-out>
  <system-err><![CDATA[]]></system-err>
</testsuite>
