<?xml version="1.0" encoding="UTF-8"?>
<testsuite name="org.springframework.web.socket.config.MessageBrokerBeanDefinitionParserTests" tests="8" skipped="0" failures="0" errors="0" timestamp="2020-06-22T06:05:43" hostname="aiguoxindeMacBook-Pro.local" time="1.233">
  <properties/>
  <testcase name="messageConvertersDefaultsOff()" classname="org.springframework.web.socket.config.MessageBrokerBeanDefinitionParserTests" time="0.118"/>
  <testcase name="simpleBroker()" classname="org.springframework.web.socket.config.MessageBrokerBeanDefinitionParserTests" time="0.314"/>
  <testcase name="customChannels()" classname="org.springframework.web.socket.config.MessageBrokerBeanDefinitionParserTests" time="0.048"/>
  <testcase name="customChannelsWithDefaultExecutor()" classname="org.springframework.web.socket.config.MessageBrokerBeanDefinitionParserTests" time="0.045"/>
  <testcase name="annotationMethodMessageHandler()" classname="org.springframework.web.socket.config.MessageBrokerBeanDefinitionParserTests" time="0.057"/>
  <testcase name="messageConverters()" classname="org.springframework.web.socket.config.MessageBrokerBeanDefinitionParserTests" time="0.049"/>
  <testcase name="customArgumentAndReturnValueTypes()" classname="org.springframework.web.socket.config.MessageBrokerBeanDefinitionParserTests" time="0.059"/>
  <testcase name="stompBrokerRelay()" classname="org.springframework.web.socket.config.MessageBrokerBeanDefinitionParserTests" time="0.538"/>
  <system-out><![CDATA[]]></system-out>
  <system-err><![CDATA[]]></system-err>
</testsuite>
