<?xml version="1.0" encoding="UTF-8"?>
<testsuite name="org.springframework.web.socket.server.DefaultHandshakeHandlerTests" tests="4" skipped="0" failures="0" errors="0" timestamp="2020-06-22T06:05:48" hostname="aiguoxindeMacBook-Pro.local" time="0.01">
  <properties/>
  <testcase name="subProtocolCapableHandlerNoMatch()" classname="org.springframework.web.socket.server.DefaultHandshakeHandlerTests" time="0.006"/>
  <testcase name="supportedExtensions()" classname="org.springframework.web.socket.server.DefaultHandshakeHandlerTests" time="0.002"/>
  <testcase name="subProtocolCapableHandler()" classname="org.springframework.web.socket.server.DefaultHandshakeHandlerTests" time="0.001"/>
  <testcase name="supportedSubProtocols()" classname="org.springframework.web.socket.server.DefaultHandshakeHandlerTests" time="0.001"/>
  <system-out><![CDATA[]]></system-out>
  <system-err><![CDATA[]]></system-err>
</testsuite>
