<?xml version="1.0" encoding="UTF-8"?>
<testsuite name="org.springframework.web.socket.server.standard.ServerEndpointExporterTests" tests="6" skipped="0" failures="0" errors="0" timestamp="2020-06-22T06:05:48" hostname="aiguoxindeMacBook-Pro.local" time="0.045">
  <properties/>
  <testcase name="addServerEndpointConfigBeanWithExplicitServerContainer()" classname="org.springframework.web.socket.server.standard.ServerEndpointExporterTests" time="0.024"/>
  <testcase name="addAnnotatedEndpointClassesWithExplicitServerContainerOnly()" classname="org.springframework.web.socket.server.standard.ServerEndpointExporterTests" time="0.004"/>
  <testcase name="addServerEndpointConfigBean()" classname="org.springframework.web.socket.server.standard.ServerEndpointExporterTests" time="0.004"/>
  <testcase name="addAnnotatedEndpointClasses()" classname="org.springframework.web.socket.server.standard.ServerEndpointExporterTests" time="0.004"/>
  <testcase name="addAnnotatedEndpointClassesWithServletContextOnly()" classname="org.springframework.web.socket.server.standard.ServerEndpointExporterTests" time="0.004"/>
  <testcase name="addServerEndpointConfigBeanWithExplicitServletContext()" classname="org.springframework.web.socket.server.standard.ServerEndpointExporterTests" time="0.003"/>
  <system-out><![CDATA[]]></system-out>
  <system-err><![CDATA[]]></system-err>
</testsuite>
