<?xml version="1.0" encoding="UTF-8"?>
<testsuite name="org.springframework.transaction.config.AnnotationDrivenTests" tests="5" skipped="0" failures="0" errors="0" timestamp="2020-06-22T06:04:46" hostname="aiguoxindeMacBook-Pro.local" time="0.973">
  <properties/>
  <testcase name="withProxyTargetClass()" classname="org.springframework.transaction.config.AnnotationDrivenTests" time="0.282"/>
  <testcase name="serializableWithoutPreviousUsage()" classname="org.springframework.transaction.config.AnnotationDrivenTests" time="0.193"/>
  <testcase name="withConfigurationClass()" classname="org.springframework.transaction.config.AnnotationDrivenTests" time="0.213"/>
  <testcase name="serializableWithPreviousUsage()" classname="org.springframework.transaction.config.AnnotationDrivenTests" time="0.161"/>
  <testcase name="withAnnotatedTransactionManagers()" classname="org.springframework.transaction.config.AnnotationDrivenTests" time="0.121"/>
  <system-out><![CDATA[]]></system-out>
  <system-err><![CDATA[]]></system-err>
</testsuite>
