<?xml version="1.0" encoding="UTF-8"?>
<testsuite name="org.springframework.transaction.annotation.AnnotationTransactionNamespaceHandlerTests" tests="5" skipped="0" failures="0" errors="0" timestamp="2020-06-22T06:04:43" hostname="aiguoxindeMacBook-Pro.local" time="1.484">
  <properties/>
  <testcase name="invokeTransactional()" classname="org.springframework.transaction.annotation.AnnotationTransactionNamespaceHandlerTests" time="0.178"/>
  <testcase name="nonPublicMethodsNotAdvised()" classname="org.springframework.transaction.annotation.AnnotationTransactionNamespaceHandlerTests" time="0.001"/>
  <testcase name="transactionalEventListenerRegisteredProperly()" classname="org.springframework.transaction.annotation.AnnotationTransactionNamespaceHandlerTests" time="0.033"/>
  <testcase name="mBeanExportAlsoWorks()" classname="org.springframework.transaction.annotation.AnnotationTransactionNamespaceHandlerTests" time="0.024"/>
  <testcase name="isProxy()" classname="org.springframework.transaction.annotation.AnnotationTransactionNamespaceHandlerTests" time="0.005"/>
  <system-out><![CDATA[]]></system-out>
  <system-err><![CDATA[]]></system-err>
</testsuite>
