<?xml version="1.0" encoding="UTF-8"?>
<testsuite name="org.springframework.jca.cci.CciTemplateTests" tests="19" skipped="0" failures="0" errors="0" timestamp="2020-06-22T06:04:37" hostname="aiguoxindeMacBook-Pro.local" time="1.712">
  <properties/>
  <testcase name="testTemplateExecuteInputGeneratorTrueWithCreator()" classname="org.springframework.jca.cci.CciTemplateTests" time="0.052"/>
  <testcase name="testTemplateExecuteInputTrueWithCreator2()" classname="org.springframework.jca.cci.CciTemplateTests" time="0.01"/>
  <testcase name="testTemplateExecuteConnectionCallback()" classname="org.springframework.jca.cci.CciTemplateTests" time="0.14"/>
  <testcase name="testTemplateExecuteInputFalse()" classname="org.springframework.jca.cci.CciTemplateTests" time="0.025"/>
  <testcase name="testTemplateExecuteInputExtractorFalse()" classname="org.springframework.jca.cci.CciTemplateTests" time="0.031"/>
  <testcase name="testCreateMappedRecord()" classname="org.springframework.jca.cci.CciTemplateTests" time="0.331"/>
  <testcase name="testTemplateExecuteInputTrueTrue()" classname="org.springframework.jca.cci.CciTemplateTests" time="0.003"/>
  <testcase name="testTemplateExecuteInputFalseTrue()" classname="org.springframework.jca.cci.CciTemplateTests" time="0.003"/>
  <testcase name="testTemplateExecuteWithCreatorAndRecordFactoryNotSupported()" classname="org.springframework.jca.cci.CciTemplateTests" time="0.02"/>
  <testcase name="testTemplateExecuteInputOutputConnectionSpec()" classname="org.springframework.jca.cci.CciTemplateTests" time="0.054"/>
  <testcase name="testTemplateExecuteInteractionCallback()" classname="org.springframework.jca.cci.CciTemplateTests" time="0.017"/>
  <testcase name="testTemplateExecuteInputTrueTrueWithCreator()" classname="org.springframework.jca.cci.CciTemplateTests" time="0.006"/>
  <testcase name="testTemplateExecuteInputOutput()" classname="org.springframework.jca.cci.CciTemplateTests" time="0.003"/>
  <testcase name="testTemplateExecuteInputGeneratorFalse()" classname="org.springframework.jca.cci.CciTemplateTests" time="0.003"/>
  <testcase name="testTemplateExecuteInputExtractorTrueWithCreator()" classname="org.springframework.jca.cci.CciTemplateTests" time="0.033"/>
  <testcase name="testTemplateExecuteInputGeneratorExtractorTrueWithCreator()" classname="org.springframework.jca.cci.CciTemplateTests" time="0.004"/>
  <testcase name="testTemplateExecuteInputGeneratorExtractorFalse()" classname="org.springframework.jca.cci.CciTemplateTests" time="0.004"/>
  <testcase name="testCreateIndexedRecord()" classname="org.springframework.jca.cci.CciTemplateTests" time="0.358"/>
  <testcase name="testTemplateExecuteInputOutputResultsSetFalse()" classname="org.springframework.jca.cci.CciTemplateTests" time="0.557"/>
  <system-out><![CDATA[]]></system-out>
  <system-err><![CDATA[]]></system-err>
</testsuite>
