<?xml version="1.0" encoding="UTF-8"?>
<testsuite name="org.springframework.transaction.interceptor.TransactionAttributeSourceAdvisorTests" tests="1" skipped="0" failures="0" errors="0" timestamp="2020-06-22T06:04:51" hostname="aiguoxindeMacBook-Pro.local" time="0.007">
  <properties/>
  <testcase name="serializability()" classname="org.springframework.transaction.interceptor.TransactionAttributeSourceAdvisorTests" time="0.007"/>
  <system-out><![CDATA[]]></system-out>
  <system-err><![CDATA[]]></system-err>
</testsuite>
