<?xml version="1.0" encoding="UTF-8"?>
<testsuite name="org.springframework.transaction.interceptor.BeanFactoryTransactionTests" tests="9" skipped="0" failures="0" errors="0" timestamp="2020-06-22T06:04:49" hostname="aiguoxindeMacBook-Pro.local" time="0.991">
  <properties/>
  <testcase name="testGetsAreNotTransactionalWithProxyFactory2Cglib()" classname="org.springframework.transaction.interceptor.BeanFactoryTransactionTests" time="0.431"/>
  <testcase name="testGetsAreNotTransactionalWithProxyFactory1()" classname="org.springframework.transaction.interceptor.BeanFactoryTransactionTests" time="0.096"/>
  <testcase name="testGetsAreNotTransactionalWithProxyFactory3()" classname="org.springframework.transaction.interceptor.BeanFactoryTransactionTests" time="0.08"/>
  <testcase name="testGetBeansOfTypeWithAbstract()" classname="org.springframework.transaction.interceptor.BeanFactoryTransactionTests" time="0.177"/>
  <testcase name="testGetsAreNotTransactionalWithProxyFactory2DynamicProxy()" classname="org.springframework.transaction.interceptor.BeanFactoryTransactionTests" time="0.096"/>
  <testcase name="testDynamicTargetSource()" classname="org.springframework.transaction.interceptor.BeanFactoryTransactionTests" time="0.068"/>
  <testcase name="testNoTransactionAttributeSource()" classname="org.springframework.transaction.interceptor.BeanFactoryTransactionTests" time="0.017"/>
  <testcase name="testCglibTransactionProxyImplementsNoInterfaces()" classname="org.springframework.transaction.interceptor.BeanFactoryTransactionTests" time="0.015"/>
  <testcase name="testProxyFactory2Lazy()" classname="org.springframework.transaction.interceptor.BeanFactoryTransactionTests" time="0.008"/>
  <system-out><![CDATA[]]></system-out>
  <system-err><![CDATA[]]></system-err>
</testsuite>
