<?xml version="1.0" encoding="UTF-8"?>
<testsuite name="org.springframework.jca.cci.EisOperationTests" tests="5" skipped="0" failures="0" errors="0" timestamp="2020-06-22T06:04:39" hostname="aiguoxindeMacBook-Pro.local" time="0.09">
  <properties/>
  <testcase name="testSimpleRecordOperationWithInputOutputRecord()" classname="org.springframework.jca.cci.EisOperationTests" time="0.003"/>
  <testcase name="testMappingRecordOperationWithOutputRecordCreator()" classname="org.springframework.jca.cci.EisOperationTests" time="0.065"/>
  <testcase name="testSimpleRecordOperation()" classname="org.springframework.jca.cci.EisOperationTests" time="0.007"/>
  <testcase name="testSimpleRecordOperationWithExplicitOutputRecord()" classname="org.springframework.jca.cci.EisOperationTests" time="0.004"/>
  <testcase name="testMappingRecordOperation()" classname="org.springframework.jca.cci.EisOperationTests" time="0.008"/>
  <system-out><![CDATA[]]></system-out>
  <system-err><![CDATA[]]></system-err>
</testsuite>
