<?xml version="1.0" encoding="UTF-8"?>
<testsuite name="org.springframework.jca.support.LocalConnectionFactoryBeanTests" tests="5" skipped="0" failures="0" errors="0" timestamp="2020-06-22T06:04:39" hostname="aiguoxindeMacBook-Pro.local" time="0.097">
  <properties/>
  <testcase name="testIsSingleton()" classname="org.springframework.jca.support.LocalConnectionFactoryBeanTests" time="0.001"/>
  <testcase name="testGetObjectTypeIsNullIfConnectionFactoryHasNotBeenConfigured()" classname="org.springframework.jca.support.LocalConnectionFactoryBeanTests" time="0.004"/>
  <testcase name="testCreatesVanillaConnectionFactoryIfNoConnectionManagerHasBeenConfigured()" classname="org.springframework.jca.support.LocalConnectionFactoryBeanTests" time="0.015"/>
  <testcase name="testCreatesManagedConnectionFactoryIfAConnectionManagerHasBeenConfigured()" classname="org.springframework.jca.support.LocalConnectionFactoryBeanTests" time="0.074"/>
  <testcase name="testManagedConnectionFactoryIsRequired()" classname="org.springframework.jca.support.LocalConnectionFactoryBeanTests" time="0.001"/>
  <system-out><![CDATA[]]></system-out>
  <system-err><![CDATA[]]></system-err>
</testsuite>
