<?xml version="1.0" encoding="UTF-8"?>
<testsuite name="org.springframework.transaction.interceptor.TransactionAttributeEditorTests" tests="10" skipped="0" failures="0" errors="0" timestamp="2020-06-22T06:04:51" hostname="aiguoxindeMacBook-Pro.local" time="0.008">
  <properties/>
  <testcase name="testInvalidPropagationCodeOnly()" classname="org.springframework.transaction.interceptor.TransactionAttributeEditorTests" time="0.001"/>
  <testcase name="testRuleBasedTransactionAttributeToString()" classname="org.springframework.transaction.interceptor.TransactionAttributeEditorTests" time="0.001"/>
  <testcase name="testValidPropagationAndIsolationCodesAndInvalidRollbackRule()" classname="org.springframework.transaction.interceptor.TransactionAttributeEditorTests" time="0.0"/>
  <testcase name="testNull()" classname="org.springframework.transaction.interceptor.TransactionAttributeEditorTests" time="0.0"/>
  <testcase name="testDefaultTransactionAttributeToString()" classname="org.springframework.transaction.interceptor.TransactionAttributeEditorTests" time="0.0"/>
  <testcase name="testEmptyString()" classname="org.springframework.transaction.interceptor.TransactionAttributeEditorTests" time="0.0"/>
  <testcase name="testValidPropagationCodeAndIsolationCodeAndRollbackRules1()" classname="org.springframework.transaction.interceptor.TransactionAttributeEditorTests" time="0.001"/>
  <testcase name="testValidPropagationCodeAndIsolationCodeAndRollbackRules2()" classname="org.springframework.transaction.interceptor.TransactionAttributeEditorTests" time="0.001"/>
  <testcase name="testValidPropagationCodeAndIsolationCode()" classname="org.springframework.transaction.interceptor.TransactionAttributeEditorTests" time="0.0"/>
  <testcase name="testValidPropagationCodeOnly()" classname="org.springframework.transaction.interceptor.TransactionAttributeEditorTests" time="0.001"/>
  <system-out><![CDATA[]]></system-out>
  <system-err><![CDATA[]]></system-err>
</testsuite>
