<?xml version="1.0" encoding="UTF-8"?>
<testsuite name="org.springframework.oxm.config.OxmNamespaceHandlerTests" tests="2" skipped="0" failures="0" errors="0" timestamp="2020-06-22T06:03:32" hostname="aiguoxindeMacBook-Pro.local" time="0.104">
  <properties/>
  <testcase name="jaxb2ClassesToBeBoundMarshaller()" classname="org.springframework.oxm.config.OxmNamespaceHandlerTests" time="0.064"/>
  <testcase name="jaxb2ContextPathMarshaller()" classname="org.springframework.oxm.config.OxmNamespaceHandlerTests" time="0.001"/>
  <system-out><![CDATA[]]></system-out>
  <system-err><![CDATA[]]></system-err>
</testsuite>
