<?xml version="1.0" encoding="UTF-8"?>
<testsuite name="org.springframework.oxm.jaxb.Jaxb2UnmarshallerTests" tests="12" skipped="0" failures="0" errors="0" timestamp="2020-06-22T06:03:33" hostname="aiguoxindeMacBook-Pro.local" time="0.267">
  <properties/>
  <testcase name="unmarshalStreamSourceReader()" classname="org.springframework.oxm.jaxb.Jaxb2UnmarshallerTests" time="0.076"/>
  <testcase name="unmarshalJaxp14StaxSourceXmlEventReader()" classname="org.springframework.oxm.jaxb.Jaxb2UnmarshallerTests" time="0.026"/>
  <testcase name="unmarshalStaxSourceXmlStreamReader()" classname="org.springframework.oxm.jaxb.Jaxb2UnmarshallerTests" time="0.011"/>
  <testcase name="unmarshalSAXSource()" classname="org.springframework.oxm.jaxb.Jaxb2UnmarshallerTests" time="0.008"/>
  <testcase name="unmarshalStreamSourceInputStream()" classname="org.springframework.oxm.jaxb.Jaxb2UnmarshallerTests" time="0.008"/>
  <testcase name="unmarshalJaxp14StaxSourceXmlStreamReader()" classname="org.springframework.oxm.jaxb.Jaxb2UnmarshallerTests" time="0.01"/>
  <testcase name="unmarshalStaxSourceXmlEventReader()" classname="org.springframework.oxm.jaxb.Jaxb2UnmarshallerTests" time="0.009"/>
  <testcase name="unmarshalDomSource()" classname="org.springframework.oxm.jaxb.Jaxb2UnmarshallerTests" time="0.016"/>
  <testcase name="marshalAttachments()" classname="org.springframework.oxm.jaxb.Jaxb2UnmarshallerTests" time="0.04"/>
  <testcase name="unmarshalPartialStaxSourceXmlStreamReader()" classname="org.springframework.oxm.jaxb.Jaxb2UnmarshallerTests" time="0.009"/>
  <testcase name="unmarshalFile()" classname="org.springframework.oxm.jaxb.Jaxb2UnmarshallerTests" time="0.01"/>
  <testcase name="unmarshalAnXmlReferingToAWrappedXmlElementDecl()" classname="org.springframework.oxm.jaxb.Jaxb2UnmarshallerTests" time="0.036"/>
  <system-out><![CDATA[]]></system-out>
  <system-err><![CDATA[]]></system-err>
</testsuite>
