<?xml version="1.0" encoding="UTF-8"?>
<testsuite name="org.springframework.oxm.jibx.JibxMarshallerTests" tests="13" skipped="0" failures="0" errors="0" timestamp="2020-06-22T06:03:34" hostname="aiguoxindeMacBook-Pro.local" time="0.158">
  <properties/>
  <testcase name="marshalStreamResultOutputStream()" classname="org.springframework.oxm.jibx.JibxMarshallerTests" time="0.038"/>
  <testcase name="marshalStaxResultEventWriter()" classname="org.springframework.oxm.jibx.JibxMarshallerTests" time="0.031"/>
  <testcase name="marshalEmptyDOMResult()" classname="org.springframework.oxm.jibx.JibxMarshallerTests" time="0.019"/>
  <testcase name="marshalStreamResultWriter()" classname="org.springframework.oxm.jibx.JibxMarshallerTests" time="0.017"/>
  <testcase name="marshalDOMResult()" classname="org.springframework.oxm.jibx.JibxMarshallerTests" time="0.005"/>
  <testcase name="marshalJaxp14StaxResultEventWriter()" classname="org.springframework.oxm.jibx.JibxMarshallerTests" time="0.01"/>
  <testcase name="marshalStaxResultStreamWriter()" classname="org.springframework.oxm.jibx.JibxMarshallerTests" time="0.01"/>
  <testcase name="marshalJaxp14StaxResultStreamWriter()" classname="org.springframework.oxm.jibx.JibxMarshallerTests" time="0.009"/>
  <testcase name="supports()" classname="org.springframework.oxm.jibx.JibxMarshallerTests" time="0.001"/>
  <testcase name="afterPropertiesSetNoContextPath()" classname="org.springframework.oxm.jibx.JibxMarshallerTests" time="0.002"/>
  <testcase name="encodingAndStandalone()" classname="org.springframework.oxm.jibx.JibxMarshallerTests" time="0.002"/>
  <testcase name="dtd()" classname="org.springframework.oxm.jibx.JibxMarshallerTests" time="0.001"/>
  <testcase name="indentation()" classname="org.springframework.oxm.jibx.JibxMarshallerTests" time="0.008"/>
  <system-out><![CDATA[]]></system-out>
  <system-err><![CDATA[]]></system-err>
</testsuite>
