<?xml version="1.0" encoding="UTF-8"?>
<testsuite name="org.springframework.r2dbc.connection.DelegatingConnectionFactoryUnitTests" tests="2" skipped="0" failures="0" errors="0" timestamp="2020-06-22T06:04:30" hostname="aiguoxindeMacBook-Pro.local" time="0.223">
  <properties/>
  <testcase name="shouldDelegateGetConnection()" classname="org.springframework.r2dbc.connection.DelegatingConnectionFactoryUnitTests" time="0.222"/>
  <testcase name="shouldDelegateUnwrapWithoutImplementing()" classname="org.springframework.r2dbc.connection.DelegatingConnectionFactoryUnitTests" time="0.0"/>
  <system-out><![CDATA[]]></system-out>
  <system-err><![CDATA[]]></system-err>
</testsuite>
