<?xml version="1.0" encoding="UTF-8"?>
<testsuite name="org.springframework.r2dbc.connection.init.ResourceDatabasePopulatorUnitTests" tests="10" skipped="0" failures="0" errors="0" timestamp="2020-06-22T06:04:33" hostname="aiguoxindeMacBook-Pro.local" time="0.147">
  <properties/>
  <testcase name="addScriptsWithNullResourceArray()" classname="org.springframework.r2dbc.connection.init.ResourceDatabasePopulatorUnitTests" time="0.009"/>
  <testcase name="constructWithNullResourceArray()" classname="org.springframework.r2dbc.connection.init.ResourceDatabasePopulatorUnitTests" time="0.012"/>
  <testcase name="setScriptsWithNullResourceArray()" classname="org.springframework.r2dbc.connection.init.ResourceDatabasePopulatorUnitTests" time="0.003"/>
  <testcase name="constructWithMultipleResourcesAndThenAddScript()" classname="org.springframework.r2dbc.connection.init.ResourceDatabasePopulatorUnitTests" time="0.1"/>
  <testcase name="constructWithNullResource()" classname="org.springframework.r2dbc.connection.init.ResourceDatabasePopulatorUnitTests" time="0.002"/>
  <testcase name="setScriptsAndThenAddScript()" classname="org.springframework.r2dbc.connection.init.ResourceDatabasePopulatorUnitTests" time="0.0"/>
  <testcase name="setScriptsWithNullResource()" classname="org.springframework.r2dbc.connection.init.ResourceDatabasePopulatorUnitTests" time="0.001"/>
  <testcase name="constructWithResource()" classname="org.springframework.r2dbc.connection.init.ResourceDatabasePopulatorUnitTests" time="0.0"/>
  <testcase name="constructWithMultipleResources()" classname="org.springframework.r2dbc.connection.init.ResourceDatabasePopulatorUnitTests" time="0.0"/>
  <testcase name="addScriptsWithNullResource()" classname="org.springframework.r2dbc.connection.init.ResourceDatabasePopulatorUnitTests" time="0.001"/>
  <system-out><![CDATA[]]></system-out>
  <system-err><![CDATA[]]></system-err>
</testsuite>
