<?xml version="1.0" encoding="UTF-8"?>
<testsuite name="org.springframework.r2dbc.core.binding.AnonymousBindMarkersUnitTests" tests="2" skipped="0" failures="0" errors="0" timestamp="2020-06-22T06:04:34" hostname="aiguoxindeMacBook-Pro.local" time="0.066">
  <properties/>
  <testcase name="shouldBindByIndex()" classname="org.springframework.r2dbc.core.binding.AnonymousBindMarkersUnitTests" time="0.063"/>
  <testcase name="shouldCreateNewBindMarkers()" classname="org.springframework.r2dbc.core.binding.AnonymousBindMarkersUnitTests" time="0.001"/>
  <system-out><![CDATA[]]></system-out>
  <system-err><![CDATA[]]></system-err>
</testsuite>
