<?xml version="1.0" encoding="UTF-8"?>
<testsuite name="org.springframework.r2dbc.connection.SingleConnectionFactoryUnitTests" tests="6" skipped="0" failures="0" errors="0" timestamp="2020-06-22T06:04:34" hostname="aiguoxindeMacBook-Pro.local" time="0.108">
  <properties/>
  <testcase name="releaseConnectionShouldNotCloseConnection()" classname="org.springframework.r2dbc.connection.SingleConnectionFactoryUnitTests" time="0.045"/>
  <testcase name="shouldApplyAutoCommit()" classname="org.springframework.r2dbc.connection.SingleConnectionFactoryUnitTests" time="0.019"/>
  <testcase name="releaseConnectionShouldCloseUnrelatedConnection()" classname="org.springframework.r2dbc.connection.SingleConnectionFactoryUnitTests" time="0.002"/>
  <testcase name="shouldNotSuppressClose()" classname="org.springframework.r2dbc.connection.SingleConnectionFactoryUnitTests" time="0.024"/>
  <testcase name="shouldSuppressClose()" classname="org.springframework.r2dbc.connection.SingleConnectionFactoryUnitTests" time="0.005"/>
  <testcase name="shouldAllocateSameConnection()" classname="org.springframework.r2dbc.connection.SingleConnectionFactoryUnitTests" time="0.008"/>
  <system-out><![CDATA[]]></system-out>
  <system-err><![CDATA[]]></system-err>
</testsuite>
