<?xml version="1.0" encoding="UTF-8"?>
<testsuite name="org.springframework.r2dbc.connection.lookup.MapConnectionFactoryLookupUnitTests" tests="5" skipped="0" failures="0" errors="0" timestamp="2020-06-22T06:04:33" hostname="aiguoxindeMacBook-Pro.local" time="0.006">
  <properties/>
  <testcase name="getConnectionFactoryWhereSuppliedMapHasNonConnectionFactoryTypeUnderSpecifiedKey()" classname="org.springframework.r2dbc.connection.lookup.MapConnectionFactoryLookupUnitTests" time="0.002"/>
  <testcase name="getConnectionFactorysReturnsUnmodifiableMap()" classname="org.springframework.r2dbc.connection.lookup.MapConnectionFactoryLookupUnitTests" time="0.001"/>
  <testcase name="shouldLookupConnectionFactory()" classname="org.springframework.r2dbc.connection.lookup.MapConnectionFactoryLookupUnitTests" time="0.0"/>
  <testcase name="getConnectionFactoryWhereSuppliedMapHasNoEntryForSpecifiedKey()" classname="org.springframework.r2dbc.connection.lookup.MapConnectionFactoryLookupUnitTests" time="0.0"/>
  <testcase name="addingConnectionFactoryPermitsOverride()" classname="org.springframework.r2dbc.connection.lookup.MapConnectionFactoryLookupUnitTests" time="0.0"/>
  <system-out><![CDATA[]]></system-out>
  <system-err><![CDATA[]]></system-err>
</testsuite>
