<?xml version="1.0" encoding="UTF-8"?>
<testsuite name="org.springframework.r2dbc.connection.lookup.AbstractRoutingConnectionFactoryUnitTests" tests="9" skipped="0" failures="0" errors="0" timestamp="2020-06-22T06:04:33" hostname="aiguoxindeMacBook-Pro.local" time="0.149">
  <properties/>
  <testcase name="shouldDetermineRoutedFactory()" classname="org.springframework.r2dbc.connection.lookup.AbstractRoutingConnectionFactoryUnitTests" time="0.087"/>
  <testcase name="connectionFactoryRetrievalWithoutLookupKeyShouldReturnDefaultConnectionFactory()" classname="org.springframework.r2dbc.connection.lookup.AbstractRoutingConnectionFactoryUnitTests" time="0.006"/>
  <testcase name="shouldLookupFromMap()" classname="org.springframework.r2dbc.connection.lookup.AbstractRoutingConnectionFactoryUnitTests" time="0.003"/>
  <testcase name="connectionFactoryRetrievalWithUnknownLookupKeyShouldReturnDefaultConnectionFactory()" classname="org.springframework.r2dbc.connection.lookup.AbstractRoutingConnectionFactoryUnitTests" time="0.011"/>
  <testcase name="unresolvableConnectionFactoryRetrievalShouldFail()" classname="org.springframework.r2dbc.connection.lookup.AbstractRoutingConnectionFactoryUnitTests" time="0.002"/>
  <testcase name="shouldAllowModificationsAfterInitialization()" classname="org.springframework.r2dbc.connection.lookup.AbstractRoutingConnectionFactoryUnitTests" time="0.002"/>
  <testcase name="initializationShouldFailUnresolvableKey()" classname="org.springframework.r2dbc.connection.lookup.AbstractRoutingConnectionFactoryUnitTests" time="0.015"/>
  <testcase name="shouldFallbackToDefaultConnectionFactory()" classname="org.springframework.r2dbc.connection.lookup.AbstractRoutingConnectionFactoryUnitTests" time="0.004"/>
  <testcase name="initializationShouldFailUnsupportedLookupKey()" classname="org.springframework.r2dbc.connection.lookup.AbstractRoutingConnectionFactoryUnitTests" time="0.002"/>
  <system-out><![CDATA[]]></system-out>
  <system-err><![CDATA[]]></system-err>
</testsuite>
