<?xml version="1.0" encoding="UTF-8"?>
<testsuite name="org.springframework.r2dbc.core.RowsFetchSpecExtensionsTests" tests="9" skipped="0" failures="0" errors="0" timestamp="2020-06-22T06:04:49" hostname="aiguoxindeMacBook-Pro.local" time="2.229">
  <properties/>
  <testcase name="awaitOneWithValue()" classname="org.springframework.r2dbc.core.RowsFetchSpecExtensionsTests" time="0.204"/>
  <testcase name="awaitFirstOrNullWithNull()" classname="org.springframework.r2dbc.core.RowsFetchSpecExtensionsTests" time="0.012"/>
  <testcase name="allAsFlow()" classname="org.springframework.r2dbc.core.RowsFetchSpecExtensionsTests" time="1.909"/>
  <testcase name="awaitFirstOrNullWithValue()" classname="org.springframework.r2dbc.core.RowsFetchSpecExtensionsTests" time="0.01"/>
  <testcase name="awaitOneOrNullWithValue()" classname="org.springframework.r2dbc.core.RowsFetchSpecExtensionsTests" time="0.008"/>
  <testcase name="awaitOneOrNullWithNull()" classname="org.springframework.r2dbc.core.RowsFetchSpecExtensionsTests" time="0.007"/>
  <testcase name="awaitFirstWithNull()" classname="org.springframework.r2dbc.core.RowsFetchSpecExtensionsTests" time="0.05"/>
  <testcase name="awaitOneWithNull()" classname="org.springframework.r2dbc.core.RowsFetchSpecExtensionsTests" time="0.015"/>
  <testcase name="awaitFirstWithValue()" classname="org.springframework.r2dbc.core.RowsFetchSpecExtensionsTests" time="0.009"/>
  <system-out><![CDATA[]]></system-out>
  <system-err><![CDATA[]]></system-err>
</testsuite>
