<?xml version="1.0" encoding="UTF-8"?>
<testsuite name="org.springframework.r2dbc.connection.init.CompositeDatabasePopulatorTests" tests="5" skipped="0" failures="0" errors="0" timestamp="2020-06-22T06:04:30" hostname="aiguoxindeMacBook-Pro.local" time="0.476">
  <properties/>
  <testcase name="addPopulators()" classname="org.springframework.r2dbc.connection.init.CompositeDatabasePopulatorTests" time="0.32"/>
  <testcase name="constructWithCollection()" classname="org.springframework.r2dbc.connection.init.CompositeDatabasePopulatorTests" time="0.002"/>
  <testcase name="setPopulatorsForOverride()" classname="org.springframework.r2dbc.connection.init.CompositeDatabasePopulatorTests" time="0.002"/>
  <testcase name="constructWithVarargs()" classname="org.springframework.r2dbc.connection.init.CompositeDatabasePopulatorTests" time="0.003"/>
  <testcase name="setPopulatorsWithMultiple()" classname="org.springframework.r2dbc.connection.init.CompositeDatabasePopulatorTests" time="0.003"/>
  <system-out><![CDATA[]]></system-out>
  <system-err><![CDATA[]]></system-err>
</testsuite>
