<?xml version="1.0" encoding="UTF-8"?>
<testsuite name="org.springframework.r2dbc.connection.init.ConnectionFactoryInitializerUnitTests" tests="2" skipped="0" failures="0" errors="0" timestamp="2020-06-22T06:04:30" hostname="aiguoxindeMacBook-Pro.local" time="0.046">
  <properties/>
  <testcase name="shouldCleanConnectionFactory()" classname="org.springframework.r2dbc.connection.init.ConnectionFactoryInitializerUnitTests" time="0.043"/>
  <testcase name="shouldInitializeConnectionFactory()" classname="org.springframework.r2dbc.connection.init.ConnectionFactoryInitializerUnitTests" time="0.003"/>
  <system-out><![CDATA[]]></system-out>
  <system-err><![CDATA[]]></system-err>
</testsuite>
