<?xml version="1.0" encoding="UTF-8"?>
<testsuite name="org.springframework.r2dbc.core.DatabaseClientExtensionsTests" tests="5" skipped="0" failures="0" errors="0" timestamp="2020-06-22T06:04:36" hostname="aiguoxindeMacBook-Pro.local" time="12.558">
  <properties/>
  <testcase name="bindByIndexShouldBindNull()" classname="org.springframework.r2dbc.core.DatabaseClientExtensionsTests" time="10.629"/>
  <testcase name="genericExecuteSpecAwait()" classname="org.springframework.r2dbc.core.DatabaseClientExtensionsTests" time="1.735"/>
  <testcase name="bindByIndexShouldBindValue()" classname="org.springframework.r2dbc.core.DatabaseClientExtensionsTests" time="0.066"/>
  <testcase name="bindByNameShouldBindValue()" classname="org.springframework.r2dbc.core.DatabaseClientExtensionsTests" time="0.078"/>
  <testcase name="bindByNameShouldBindNull()" classname="org.springframework.r2dbc.core.DatabaseClientExtensionsTests" time="0.03"/>
  <system-out><![CDATA[]]></system-out>
  <system-err><![CDATA[]]></system-err>
</testsuite>
