<?xml version="1.0" encoding="UTF-8"?>
<testsuite name="org.springframework.orm.jpa.persistenceunit.DefaultPersistenceUnitManagerTests" tests="2" skipped="0" failures="0" errors="0" timestamp="2020-06-22T06:05:19" hostname="aiguoxindeMacBook-Pro.local" time="0.081">
  <properties/>
  <testcase name="defaultDomainWithIndex()" classname="org.springframework.orm.jpa.persistenceunit.DefaultPersistenceUnitManagerTests" time="0.017"/>
  <testcase name="defaultDomainWithScan()" classname="org.springframework.orm.jpa.persistenceunit.DefaultPersistenceUnitManagerTests" time="0.064"/>
  <system-out><![CDATA[]]></system-out>
  <system-err><![CDATA[]]></system-err>
</testsuite>
