<?xml version="1.0" encoding="UTF-8"?>
<testsuite name="org.springframework.orm.jpa.support.OpenEntityManagerInViewTests" tests="6" skipped="0" failures="0" errors="0" timestamp="2020-06-22T06:05:20" hostname="aiguoxindeMacBook-Pro.local" time="0.397">
  <properties/>
  <testcase name="testOpenEntityManagerInViewInterceptorAsyncScenario()" classname="org.springframework.orm.jpa.support.OpenEntityManagerInViewTests" time="0.084"/>
  <testcase name="testOpenEntityManagerInViewInterceptor()" classname="org.springframework.orm.jpa.support.OpenEntityManagerInViewTests" time="0.003"/>
  <testcase name="testOpenEntityManagerInViewFilter()" classname="org.springframework.orm.jpa.support.OpenEntityManagerInViewTests" time="0.111"/>
  <testcase name="testOpenEntityManagerInViewInterceptorAsyncTimeoutScenario()" classname="org.springframework.orm.jpa.support.OpenEntityManagerInViewTests" time="0.043"/>
  <testcase name="testOpenEntityManagerInViewFilterAsyncScenario()" classname="org.springframework.orm.jpa.support.OpenEntityManagerInViewTests" time="0.15"/>
  <testcase name="testOpenEntityManagerInViewInterceptorAsyncErrorScenario()" classname="org.springframework.orm.jpa.support.OpenEntityManagerInViewTests" time="0.003"/>
  <system-out><![CDATA[]]></system-out>
  <system-err><![CDATA[]]></system-err>
</testsuite>
