<?xml version="1.0" encoding="UTF-8"?>
<testsuite name="org.springframework.orm.jpa.LocalContainerEntityManagerFactoryBeanTests" tests="9" skipped="0" failures="0" errors="0" timestamp="2020-06-22T06:05:19" hostname="aiguoxindeMacBook-Pro.local" time="0.12">
  <properties/>
  <testcase name="testValidPersistenceUnit()" classname="org.springframework.orm.jpa.LocalContainerEntityManagerFactoryBeanTests" time="0.003"/>
  <testcase name="testApplicationManagedEntityManagerWithJtaTransaction()" classname="org.springframework.orm.jpa.LocalContainerEntityManagerFactoryBeanTests" time="0.041"/>
  <testcase name="testApplicationManagedEntityManagerWithTransaction()" classname="org.springframework.orm.jpa.LocalContainerEntityManagerFactoryBeanTests" time="0.035"/>
  <testcase name="testRejectsMissingPersistenceUnitInfo()" classname="org.springframework.orm.jpa.LocalContainerEntityManagerFactoryBeanTests" time="0.01"/>
  <testcase name="testApplicationManagedEntityManagerWithoutTransaction()" classname="org.springframework.orm.jpa.LocalContainerEntityManagerFactoryBeanTests" time="0.01"/>
  <testcase name="testEntityManagerFactoryIsProxied()" classname="org.springframework.orm.jpa.LocalContainerEntityManagerFactoryBeanTests" time="0.007"/>
  <testcase name="testApplicationManagedEntityManagerWithTransactionAndCommitException()" classname="org.springframework.orm.jpa.LocalContainerEntityManagerFactoryBeanTests" time="0.005"/>
  <testcase name="testInvalidPersistenceUnitName()" classname="org.springframework.orm.jpa.LocalContainerEntityManagerFactoryBeanTests" time="0.002"/>
  <testcase name="testExceptionTranslationWithNoDialect()" classname="org.springframework.orm.jpa.LocalContainerEntityManagerFactoryBeanTests" time="0.002"/>
  <system-out><![CDATA[]]></system-out>
  <system-err><![CDATA[]]></system-err>
</testsuite>
