<?xml version="1.0" encoding="UTF-8"?>
<testsuite name="org.springframework.orm.jpa.support.SharedEntityManagerFactoryTests" tests="1" skipped="0" failures="0" errors="0" timestamp="2020-06-22T06:05:21" hostname="aiguoxindeMacBook-Pro.local" time="0.002">
  <properties/>
  <testcase name="testValidUsage()" classname="org.springframework.orm.jpa.support.SharedEntityManagerFactoryTests" time="0.002"/>
  <system-out><![CDATA[]]></system-out>
  <system-err><![CDATA[]]></system-err>
</testsuite>
