<?xml version="1.0" encoding="UTF-8"?>
<testsuite name="org.springframework.orm.jpa.EntityManagerFactoryBeanSupportTests" tests="1" skipped="0" failures="0" errors="0" timestamp="2020-06-22T06:05:14" hostname="aiguoxindeMacBook-Pro.local" time="0.045">
  <properties/>
  <testcase name="testHookIsCalled()" classname="org.springframework.orm.jpa.EntityManagerFactoryBeanSupportTests" time="0.045"/>
  <system-out><![CDATA[]]></system-out>
  <system-err><![CDATA[]]></system-err>
</testsuite>
