<?xml version="1.0" encoding="UTF-8"?>
<testsuite name="org.springframework.orm.jpa.EntityManagerFactoryUtilsTests" tests="6" skipped="0" failures="0" errors="0" timestamp="2020-06-22T06:05:14" hostname="aiguoxindeMacBook-Pro.local" time="0.017">
  <properties/>
  <testcase name="testConvertJpaPersistenceException()" classname="org.springframework.orm.jpa.EntityManagerFactoryUtilsTests" time="0.008"/>
  <testcase name="testDoesNotTranslateUnfamiliarException()" classname="org.springframework.orm.jpa.EntityManagerFactoryUtilsTests" time="0.0"/>
  <testcase name="testTranslatesIllegalArgumentException()" classname="org.springframework.orm.jpa.EntityManagerFactoryUtilsTests" time="0.0"/>
  <testcase name="testDoGetEntityManager()" classname="org.springframework.orm.jpa.EntityManagerFactoryUtilsTests" time="0.001"/>
  <testcase name="testTranslatesIllegalStateException()" classname="org.springframework.orm.jpa.EntityManagerFactoryUtilsTests" time="0.0"/>
  <testcase name="testDoGetEntityManagerWithTx()" classname="org.springframework.orm.jpa.EntityManagerFactoryUtilsTests" time="0.002"/>
  <system-out><![CDATA[]]></system-out>
  <system-err><![CDATA[]]></system-err>
</testsuite>
