<?xml version="1.0" encoding="UTF-8"?>
<testsuite name="org.springframework.orm.jpa.ApplicationManagedEntityManagerIntegrationTests" tests="8" skipped="0" failures="0" errors="0" timestamp="2020-06-22T06:05:04" hostname="aiguoxindeMacBook-Pro.local" time="7.443">
  <properties/>
  <testcase name="testEntityManagerProxyAcceptsProgrammaticTxJoining()" classname="org.springframework.orm.jpa.ApplicationManagedEntityManagerIntegrationTests" time="6.664"/>
  <testcase name="testStateClean()" classname="org.springframework.orm.jpa.ApplicationManagedEntityManagerIntegrationTests" time="0.084"/>
  <testcase name="testCommitOccurs()" classname="org.springframework.orm.jpa.ApplicationManagedEntityManagerIntegrationTests" time="0.096"/>
  <testcase name="testEntityManagerProxyIsProxy()" classname="org.springframework.orm.jpa.ApplicationManagedEntityManagerIntegrationTests" time="0.512"/>
  <testcase name="testCannotFlushWithoutGettingTransaction()" classname="org.springframework.orm.jpa.ApplicationManagedEntityManagerIntegrationTests" time="0.032"/>
  <testcase name="testRollbackOccurs()" classname="org.springframework.orm.jpa.ApplicationManagedEntityManagerIntegrationTests" time="0.007"/>
  <testcase name="testReuseInNewTransaction()" classname="org.springframework.orm.jpa.ApplicationManagedEntityManagerIntegrationTests" time="0.033"/>
  <testcase name="testInstantiateAndSave()" classname="org.springframework.orm.jpa.ApplicationManagedEntityManagerIntegrationTests" time="0.008"/>
  <system-out><![CDATA[[EL Info]: 2020-06-22 14:05:09.102--ServerSession(1349001927)--EclipseLink, version: Eclipse Persistence Services - 2.7.7.v20200504-69f2c2b80d
[EL Warning]: metadata: 2020-06-22 14:05:10.614--ServerSession(1349001927)--Reverting the lazy setting on the OneToOne or ManyToOne attribute [driversLicense] for the entity class [class org.springframework.orm.jpa.domain.Person] since weaving was not enabled or did not occur.
[EL Fine]: sql: 2020-06-22 14:05:10.901--ServerSession(1349001927)--Connection(1834272819)--CREATE TABLE PERSON (ID INTEGER NOT NULL, FIRST_NAME VARCHAR(255), LAST_NAME VARCHAR(255), DRIVERS_LICENSE_ID INTEGER, PRIMARY KEY (ID))
[EL Fine]: sql: 2020-06-22 14:05:10.903--ServerSession(1349001927)--Connection(609274743)--CREATE TABLE DRIVERS_LICENSE (ID INTEGER NOT NULL, SERIAL_NUMBER VARCHAR(255), PRIMARY KEY (ID))
[EL Fine]: sql: 2020-06-22 14:05:10.909--ServerSession(1349001927)--Connection(1969532389)--ALTER TABLE PERSON ADD CONSTRAINT FK_PERSON_DRIVERS_LICENSE_ID FOREIGN KEY (DRIVERS_LICENSE_ID) REFERENCES DRIVERS_LICENSE (ID)
[EL Fine]: sql: 2020-06-22 14:05:10.915--ServerSession(1349001927)--Connection(62142034)--CREATE TABLE SEQUENCE (SEQ_NAME VARCHAR(50) NOT NULL, SEQ_COUNT NUMERIC(38), PRIMARY KEY (SEQ_NAME))
[EL Fine]: sql: 2020-06-22 14:05:10.916--ServerSession(1349001927)--Connection(945400409)--SELECT * FROM SEQUENCE WHERE SEQ_NAME = 'SEQ_GEN'
[EL Fine]: sql: 2020-06-22 14:05:10.92--ServerSession(1349001927)--Connection(1140722646)--INSERT INTO SEQUENCE(SEQ_NAME, SEQ_COUNT) values ('SEQ_GEN', 0)
[EL Fine]: sql: 2020-06-22 14:05:11.455--ClientSession(718596719)--Connection(2019983952)--UPDATE SEQUENCE SET SEQ_COUNT = SEQ_COUNT + ? WHERE SEQ_NAME = ?
	bind => [50, SEQ_GEN]
[EL Fine]: sql: 2020-06-22 14:05:11.459--ClientSession(718596719)--Connection(2019983952)--SELECT SEQ_COUNT FROM SEQUENCE WHERE SEQ_NAME = ?
	bind => [SEQ_GEN]
[EL Fine]: sql: 2020-06-22 14:05:11.49--ClientSession(718596719)--Connection(440280230)--INSERT INTO PERSON (ID, FIRST_NAME, LAST_NAME, DRIVERS_LICENSE_ID) VALUES (?, ?, ?, ?)
	bind => [1, Tony, Blair, null]
[EL Fine]: sql: 2020-06-22 14:05:11.498--ClientSession(718596719)--Connection(440280230)--SELECT COUNT(0) FROM person
[EL Fine]: sql: 2020-06-22 14:05:11.528--ServerSession(1349001927)--Connection(1396398631)--SELECT COUNT(0) FROM person
[EL Fine]: sql: 2020-06-22 14:05:11.991--ServerSession(1349001927)--Connection(600640180)--SELECT ID, FIRST_NAME, LAST_NAME, DRIVERS_LICENSE_ID FROM PERSON
[EL Fine]: sql: 2020-06-22 14:05:12.082--ClientSession(1291089350)--Connection(424960271)--DELETE FROM PERSON
[EL Fine]: sql: 2020-06-22 14:05:12.089--ClientSession(356470206)--Connection(1872790120)--INSERT INTO PERSON (ID, FIRST_NAME, LAST_NAME, DRIVERS_LICENSE_ID) VALUES (?, ?, ?, ?)
	bind => [3, Tony, Blair, null]
[EL Fine]: sql: 2020-06-22 14:05:12.091--ClientSession(356470206)--Connection(1872790120)--SELECT COUNT(0) FROM person
[EL Fine]: sql: 2020-06-22 14:05:12.092--ServerSession(1349001927)--Connection(1662309511)--SELECT COUNT(0) FROM person
[EL Fine]: sql: 2020-06-22 14:05:12.097--ClientSession(27270593)--Connection(1403267468)--INSERT INTO PERSON (ID, FIRST_NAME, LAST_NAME, DRIVERS_LICENSE_ID) VALUES (?, ?, ?, ?)
	bind => [4, Tony, Blair, null]
[EL Fine]: sql: 2020-06-22 14:05:12.098--ClientSession(27270593)--Connection(1403267468)--SELECT COUNT(0) FROM person
[EL Fine]: sql: 2020-06-22 14:05:12.101--ClientSession(1207111866)--Connection(52423587)--INSERT INTO PERSON (ID, FIRST_NAME, LAST_NAME, DRIVERS_LICENSE_ID) VALUES (?, ?, ?, ?)
	bind => [5, Tony, Blair, null]
[EL Fine]: sql: 2020-06-22 14:05:12.114--ClientSession(1207111866)--Connection(52423587)--SELECT COUNT(0) FROM person
[EL Fine]: sql: 2020-06-22 14:05:12.117--ServerSession(1349001927)--Connection(1718348582)--SELECT COUNT(0) FROM person
[EL Fine]: sql: 2020-06-22 14:05:12.123--ClientSession(1207111866)--Connection(1818627978)--DELETE FROM PERSON
[EL Fine]: sql: 2020-06-22 14:05:12.125--ClientSession(1207111866)--Connection(1818627978)--SELECT COUNT(0) FROM person
[EL Fine]: sql: 2020-06-22 14:05:12.132--ClientSession(1531949225)--Connection(1467634842)--INSERT INTO PERSON (ID, FIRST_NAME, LAST_NAME, DRIVERS_LICENSE_ID) VALUES (?, ?, ?, ?)
	bind => [6, Tony, Blair, null]
[EL Fine]: sql: 2020-06-22 14:05:12.134--ClientSession(1531949225)--Connection(1467634842)--SELECT COUNT(0) FROM person
]]></system-out>
  <system-err><![CDATA[]]></system-err>
</testsuite>
