<?xml version="1.0" encoding="UTF-8"?>
<testsuite name="org.springframework.beans.factory.xml.MetadataAttachmentTests" tests="3" skipped="0" failures="0" errors="0" timestamp="2020-06-22T06:03:18" hostname="aiguoxindeMacBook-Pro.local" time="0.055">
  <properties/>
  <testcase name="propertyMetadata()" classname="org.springframework.beans.factory.xml.MetadataAttachmentTests" time="0.009"/>
  <testcase name="metadataIsInherited()" classname="org.springframework.beans.factory.xml.MetadataAttachmentTests" time="0.016"/>
  <testcase name="metadataAttachment()" classname="org.springframework.beans.factory.xml.MetadataAttachmentTests" time="0.027"/>
  <system-out><![CDATA[]]></system-out>
  <system-err><![CDATA[]]></system-err>
</testsuite>
