<?xml version="1.0" encoding="UTF-8"?>
<testsuite name="org.springframework.beans.factory.ConcurrentBeanFactoryTests" tests="2" skipped="2" failures="0" errors="0" timestamp="2020-06-22T06:03:15" hostname="aiguoxindeMacBook-Pro.local" time="0.0">
  <properties/>
  <testcase name="testSingleThread()" classname="org.springframework.beans.factory.ConcurrentBeanFactoryTests" time="0.0">
    <skipped/>
  </testcase>
  <testcase name="testConcurrent()" classname="org.springframework.beans.factory.ConcurrentBeanFactoryTests" time="0.0">
    <skipped/>
  </testcase>
  <system-out><![CDATA[]]></system-out>
  <system-err><![CDATA[]]></system-err>
</testsuite>
