<?xml version="1.0" encoding="UTF-8"?>
<testsuite name="org.springframework.beans.factory.xml.ProfileXmlBeanDefinitionTests" tests="4" skipped="0" failures="0" errors="0" timestamp="2020-06-22T06:03:18" hostname="aiguoxindeMacBook-Pro.local" time="0.393">
  <properties/>
  <testcase name="testDefaultAndNonDefaultProfile()" classname="org.springframework.beans.factory.xml.ProfileXmlBeanDefinitionTests" time="0.081"/>
  <testcase name="testDefaultProfile()" classname="org.springframework.beans.factory.xml.ProfileXmlBeanDefinitionTests" time="0.026"/>
  <testcase name="testProfilePermutations()" classname="org.springframework.beans.factory.xml.ProfileXmlBeanDefinitionTests" time="0.284"/>
  <testcase name="testProfileValidation()" classname="org.springframework.beans.factory.xml.ProfileXmlBeanDefinitionTests" time="0.001"/>
  <system-out><![CDATA[]]></system-out>
  <system-err><![CDATA[]]></system-err>
</testsuite>
