<?xml version="1.0" encoding="UTF-8"?>
<testsuite name="org.springframework.beans.factory.xml.SimplePropertyNamespaceHandlerTests" tests="4" skipped="0" failures="0" errors="0" timestamp="2020-06-22T06:03:19" hostname="aiguoxindeMacBook-Pro.local" time="0.037">
  <properties/>
  <testcase name="simpleBeanConfigured()" classname="org.springframework.beans.factory.xml.SimplePropertyNamespaceHandlerTests" time="0.011"/>
  <testcase name="propertyWithNameEndingInRef()" classname="org.springframework.beans.factory.xml.SimplePropertyNamespaceHandlerTests" time="0.008"/>
  <testcase name="withPropertyDefinedTwice()" classname="org.springframework.beans.factory.xml.SimplePropertyNamespaceHandlerTests" time="0.01"/>
  <testcase name="innerBeanConfigured()" classname="org.springframework.beans.factory.xml.SimplePropertyNamespaceHandlerTests" time="0.008"/>
  <system-out><![CDATA[]]></system-out>
  <system-err><![CDATA[]]></system-err>
</testsuite>
