<?xml version="1.0" encoding="UTF-8"?>
<testsuite name="org.springframework.beans.factory.xml.SimpleConstructorNamespaceHandlerTests" tests="8" skipped="0" failures="0" errors="0" timestamp="2020-06-22T06:03:18" hostname="aiguoxindeMacBook-Pro.local" time="0.097">
  <properties/>
  <testcase name="simpleRef()" classname="org.springframework.beans.factory.xml.SimpleConstructorNamespaceHandlerTests" time="0.014"/>
  <testcase name="simpleValue()" classname="org.springframework.beans.factory.xml.SimpleConstructorNamespaceHandlerTests" time="0.006"/>
  <testcase name="typeIndexedRef()" classname="org.springframework.beans.factory.xml.SimpleConstructorNamespaceHandlerTests" time="0.009"/>
  <testcase name="constructorWithNameEndingInRef()" classname="org.springframework.beans.factory.xml.SimpleConstructorNamespaceHandlerTests" time="0.008"/>
  <testcase name="ambiguousConstructor()" classname="org.springframework.beans.factory.xml.SimpleConstructorNamespaceHandlerTests" time="0.025"/>
  <testcase name="typeIndexedValue()" classname="org.springframework.beans.factory.xml.SimpleConstructorNamespaceHandlerTests" time="0.007"/>
  <testcase name="nameValue()" classname="org.springframework.beans.factory.xml.SimpleConstructorNamespaceHandlerTests" time="0.013"/>
  <testcase name="nameRef()" classname="org.springframework.beans.factory.xml.SimpleConstructorNamespaceHandlerTests" time="0.012"/>
  <system-out><![CDATA[]]></system-out>
  <system-err><![CDATA[]]></system-err>
</testsuite>
