<?xml version="1.0" encoding="UTF-8"?>
<testsuite name="org.springframework.beans.factory.config.ObjectFactoryCreatingFactoryBeanTests" tests="9" skipped="0" failures="0" errors="0" timestamp="2020-06-22T06:03:15" hostname="aiguoxindeMacBook-Pro.local" time="0.106">
  <properties/>
  <testcase name="testWhenTargetBeanNameIsEmptyString()" classname="org.springframework.beans.factory.config.ObjectFactoryCreatingFactoryBeanTests" time="0.006"/>
  <testcase name="testWhenTargetBeanNameIsNull()" classname="org.springframework.beans.factory.config.ObjectFactoryCreatingFactoryBeanTests" time="0.004"/>
  <testcase name="testFactoryOperation()" classname="org.springframework.beans.factory.config.ObjectFactoryCreatingFactoryBeanTests" time="0.011"/>
  <testcase name="testProviderSerialization()" classname="org.springframework.beans.factory.config.ObjectFactoryCreatingFactoryBeanTests" time="0.011"/>
  <testcase name="testDoesNotComplainWhenTargetBeanNameRefersToSingleton()" classname="org.springframework.beans.factory.config.ObjectFactoryCreatingFactoryBeanTests" time="0.054"/>
  <testcase name="testWhenTargetBeanNameIsWhitespacedString()" classname="org.springframework.beans.factory.config.ObjectFactoryCreatingFactoryBeanTests" time="0.005"/>
  <testcase name="testFactorySerialization()" classname="org.springframework.beans.factory.config.ObjectFactoryCreatingFactoryBeanTests" time="0.006"/>
  <testcase name="testEnsureOFBFBReportsThatItActuallyCreatesObjectFactoryInstances()" classname="org.springframework.beans.factory.config.ObjectFactoryCreatingFactoryBeanTests" time="0.004"/>
  <testcase name="testProviderOperation()" classname="org.springframework.beans.factory.config.ObjectFactoryCreatingFactoryBeanTests" time="0.004"/>
  <system-out><![CDATA[]]></system-out>
  <system-err><![CDATA[]]></system-err>
</testsuite>
