<?xml version="1.0" encoding="UTF-8"?>
<testsuite name="org.springframework.beans.factory.config.SimpleScopeTests" tests="1" skipped="0" failures="0" errors="0" timestamp="2020-06-22T06:03:15" hostname="aiguoxindeMacBook-Pro.local" time="0.016">
  <properties/>
  <testcase name="testCanGetScopedObject()" classname="org.springframework.beans.factory.config.SimpleScopeTests" time="0.016"/>
  <system-out><![CDATA[]]></system-out>
  <system-err><![CDATA[]]></system-err>
</testsuite>
