<?xml version="1.0" encoding="UTF-8"?>
<testsuite name="org.springframework.beans.factory.xml.NestedBeansElementTests" tests="2" skipped="0" failures="0" errors="0" timestamp="2020-06-22T06:03:18" hostname="aiguoxindeMacBook-Pro.local" time="0.029">
  <properties/>
  <testcase name="getBean_withActiveProfile()" classname="org.springframework.beans.factory.xml.NestedBeansElementTests" time="0.012"/>
  <testcase name="getBean_withoutActiveProfile()" classname="org.springframework.beans.factory.xml.NestedBeansElementTests" time="0.017"/>
  <system-out><![CDATA[]]></system-out>
  <system-err><![CDATA[]]></system-err>
</testsuite>
