<?xml version="1.0" encoding="UTF-8"?>
<testsuite name="org.springframework.beans.factory.support.LookupMethodTests" tests="6" skipped="0" failures="0" errors="0" timestamp="2020-06-22T06:03:17" hostname="aiguoxindeMacBook-Pro.local" time="0.104">
  <properties/>
  <testcase name="testWithOverriddenLookupMethod()" classname="org.springframework.beans.factory.support.LookupMethodTests" time="0.047"/>
  <testcase name="testWithoutConstructorArg()" classname="org.springframework.beans.factory.support.LookupMethodTests" time="0.015"/>
  <testcase name="testWithOverloadedArg()" classname="org.springframework.beans.factory.support.LookupMethodTests" time="0.014"/>
  <testcase name="testWithThreeArgsShouldFail()" classname="org.springframework.beans.factory.support.LookupMethodTests" time="0.01"/>
  <testcase name="testWithOneConstructorArg()" classname="org.springframework.beans.factory.support.LookupMethodTests" time="0.008"/>
  <testcase name="testWithTwoConstructorArg()" classname="org.springframework.beans.factory.support.LookupMethodTests" time="0.009"/>
  <system-out><![CDATA[]]></system-out>
  <system-err><![CDATA[]]></system-err>
</testsuite>
