<?xml version="1.0" encoding="UTF-8"?>
<testsuite name="org.springframework.beans.propertyeditors.CharArrayPropertyEditorTests" tests="2" skipped="0" failures="0" errors="0" timestamp="2020-06-22T06:03:20" hostname="aiguoxindeMacBook-Pro.local" time="0.003">
  <properties/>
  <testcase name="getAsTextReturnsEmptyStringIfValueIsNull()" classname="org.springframework.beans.propertyeditors.CharArrayPropertyEditorTests" time="0.0"/>
  <testcase name="sunnyDaySetAsText()" classname="org.springframework.beans.propertyeditors.CharArrayPropertyEditorTests" time="0.002"/>
  <system-out><![CDATA[]]></system-out>
  <system-err><![CDATA[]]></system-err>
</testsuite>
