<?xml version="1.0" encoding="UTF-8"?>
<testsuite name="org.springframework.beans.factory.xml.SchemaValidationTests" tests="3" skipped="0" failures="0" errors="0" timestamp="2020-06-22T06:03:18" hostname="aiguoxindeMacBook-Pro.local" time="0.044">
  <properties/>
  <testcase name="withAutodetection()" classname="org.springframework.beans.factory.xml.SchemaValidationTests" time="0.029"/>
  <testcase name="loadDefinitions()" classname="org.springframework.beans.factory.xml.SchemaValidationTests" time="0.009"/>
  <testcase name="withExplicitValidationMode()" classname="org.springframework.beans.factory.xml.SchemaValidationTests" time="0.006"/>
  <system-out><![CDATA[]]></system-out>
  <system-err><![CDATA[]]></system-err>
</testsuite>
