<?xml version="1.0" encoding="UTF-8"?>
<testsuite name="org.springframework.beans.MutablePropertyValuesTests" tests="8" skipped="0" failures="0" errors="0" timestamp="2020-06-22T06:03:20" hostname="aiguoxindeMacBook-Pro.local" time="0.013">
  <properties/>
  <testcase name="testAddOrOverride()" classname="org.springframework.beans.MutablePropertyValuesTests" time="0.0"/>
  <testcase name="streamContainsPropertyValue()" classname="org.springframework.beans.MutablePropertyValuesTests" time="0.005"/>
  <testcase name="testValid()" classname="org.springframework.beans.MutablePropertyValuesTests" time="0.0"/>
  <testcase name="iteratorIsEmptyForEmptyValues()" classname="org.springframework.beans.MutablePropertyValuesTests" time="0.0"/>
  <testcase name="iteratorContainsPropertyValue()" classname="org.springframework.beans.MutablePropertyValuesTests" time="0.001"/>
  <testcase name="streamIsEmptyForEmptyValues()" classname="org.springframework.beans.MutablePropertyValuesTests" time="0.001"/>
  <testcase name="testChangesOnEquals()" classname="org.springframework.beans.MutablePropertyValuesTests" time="0.001"/>
  <testcase name="testChangeOfOneField()" classname="org.springframework.beans.MutablePropertyValuesTests" time="0.001"/>
  <system-out><![CDATA[]]></system-out>
  <system-err><![CDATA[]]></system-err>
</testsuite>
