<?xml version="1.0" encoding="UTF-8"?>
<testsuite name="org.springframework.beans.factory.config.CustomEditorConfigurerTests" tests="3" skipped="0" failures="0" errors="0" timestamp="2020-06-22T06:03:15" hostname="aiguoxindeMacBook-Pro.local" time="0.018">
  <properties/>
  <testcase name="testCustomEditorConfigurerWithPropertyEditorRegistrar()" classname="org.springframework.beans.factory.config.CustomEditorConfigurerTests" time="0.015"/>
  <testcase name="testCustomEditorConfigurerWithEditorAsClass()" classname="org.springframework.beans.factory.config.CustomEditorConfigurerTests" time="0.002"/>
  <testcase name="testCustomEditorConfigurerWithRequiredTypeArray()" classname="org.springframework.beans.factory.config.CustomEditorConfigurerTests" time="0.001"/>
  <system-out><![CDATA[]]></system-out>
  <system-err><![CDATA[]]></system-err>
</testsuite>
