<?xml version="1.0" encoding="UTF-8"?>
<testsuite name="org.springframework.test.web.servlet.samples.standalone.ViewResolutionTests" tests="5" skipped="0" failures="0" errors="0" timestamp="2020-06-22T06:40:14" hostname="aiguoxindeMacBook-Pro.local" time="0.075">
  <properties/>
  <testcase name="testJspOnly()" classname="org.springframework.test.web.servlet.samples.standalone.ViewResolutionTests" time="0.011"/>
  <testcase name="testJsonOnly()" classname="org.springframework.test.web.servlet.samples.standalone.ViewResolutionTests" time="0.015"/>
  <testcase name="defaultViewResolver()" classname="org.springframework.test.web.servlet.samples.standalone.ViewResolutionTests" time="0.011"/>
  <testcase name="testContentNegotiation()" classname="org.springframework.test.web.servlet.samples.standalone.ViewResolutionTests" time="0.025"/>
  <testcase name="testXmlOnly()" classname="org.springframework.test.web.servlet.samples.standalone.ViewResolutionTests" time="0.013"/>
  <system-out><![CDATA[]]></system-out>
  <system-err><![CDATA[]]></system-err>
</testsuite>
