<?xml version="1.0" encoding="UTF-8"?>
<testsuite name="org.springframework.test.web.client.samples.SampleAsyncTests" tests="4" skipped="0" failures="0" errors="0" timestamp="2020-06-22T06:39:56" hostname="aiguoxindeMacBook-Pro.local" time="0.034">
  <properties/>
  <testcase name="performGetManyTimes()" classname="org.springframework.test.web.client.samples.SampleAsyncTests" time="0.003"/>
  <testcase name="verify()" classname="org.springframework.test.web.client.samples.SampleAsyncTests" time="0.001"/>
  <testcase name="performGetWithResponseBodyFromFile()" classname="org.springframework.test.web.client.samples.SampleAsyncTests" time="0.002"/>
  <testcase name="performGet()" classname="org.springframework.test.web.client.samples.SampleAsyncTests" time="0.001"/>
  <system-out><![CDATA[]]></system-out>
  <system-err><![CDATA[]]></system-err>
</testsuite>
