<?xml version="1.0" encoding="UTF-8"?>
<testsuite name="org.springframework.test.web.servlet.setup.SharedHttpSessionTests" tests="2" skipped="0" failures="0" errors="0" timestamp="2020-06-22T06:40:14" hostname="aiguoxindeMacBook-Pro.local" time="0.026">
  <properties/>
  <testcase name="httpSession()" classname="org.springframework.test.web.servlet.setup.SharedHttpSessionTests" time="0.014"/>
  <testcase name="noHttpSession()" classname="org.springframework.test.web.servlet.setup.SharedHttpSessionTests" time="0.012"/>
  <system-out><![CDATA[]]></system-out>
  <system-err><![CDATA[]]></system-err>
</testsuite>
