<?xml version="1.0" encoding="UTF-8"?>
<testsuite name="org.springframework.test.context.cache.SpringExtensionContextCacheTests" tests="3" skipped="0" failures="0" errors="0" timestamp="2020-06-22T06:39:32" hostname="aiguoxindeMacBook-Pro.local" time="0.05">
  <properties/>
  <testcase name="dirtyContext()" classname="org.springframework.test.context.cache.SpringExtensionContextCacheTests" time="0.001"/>
  <testcase name="verifyContextDirty()" classname="org.springframework.test.context.cache.SpringExtensionContextCacheTests" time="0.006"/>
  <testcase name="verifyContextNotDirty()" classname="org.springframework.test.context.cache.SpringExtensionContextCacheTests" time="0.001"/>
  <system-out><![CDATA[]]></system-out>
  <system-err><![CDATA[]]></system-err>
</testsuite>
