<?xml version="1.0" encoding="UTF-8"?>
<testsuite name="org.springframework.test.web.servlet.samples.standalone.resultmatchers.SessionAttributeAssertionTests" tests="3" skipped="0" failures="0" errors="0" timestamp="2020-06-22T06:40:13" hostname="aiguoxindeMacBook-Pro.local" time="0.044">
  <properties/>
  <testcase name="sessionAttributeEqualTo()" classname="org.springframework.test.web.servlet.samples.standalone.resultmatchers.SessionAttributeAssertionTests" time="0.003"/>
  <testcase name="sessionAttributeDoesNotExist()" classname="org.springframework.test.web.servlet.samples.standalone.resultmatchers.SessionAttributeAssertionTests" time="0.003"/>
  <testcase name="sessionAttributeMatcher()" classname="org.springframework.test.web.servlet.samples.standalone.resultmatchers.SessionAttributeAssertionTests" time="0.002"/>
  <system-out><![CDATA[]]></system-out>
  <system-err><![CDATA[]]></system-err>
</testsuite>
