<?xml version="1.0" encoding="UTF-8"?>
<testsuite name="org.springframework.test.context.DynamicPropertySourceIntegrationTests" tests="2" skipped="0" failures="0" errors="0" timestamp="2020-06-22T06:39:33" hostname="aiguoxindeMacBook-Pro.local" time="0.007">
  <properties/>
  <testcase name="serviceHasInjectedValues(Service)" classname="org.springframework.test.context.DynamicPropertySourceIntegrationTests" time="0.004"/>
  <testcase name="dynamicPropertySourceOverridesTestPropertySourceAndSystemProperty(ConfigurableEnvironment)" classname="org.springframework.test.context.DynamicPropertySourceIntegrationTests" time="0.003"/>
  <system-out><![CDATA[]]></system-out>
  <system-err><![CDATA[]]></system-err>
</testsuite>
