<?xml version="1.0" encoding="UTF-8"?>
<testsuite name="org.springframework.test.context.junit4.rules.ClassLevelDisabledSpringRuleTests" tests="1" skipped="1" failures="0" errors="0" timestamp="2020-06-22T06:40:25" hostname="aiguoxindeMacBook-Pro.local" time="0.0">
  <properties/>
  <testcase name="testIfProfileValueDisabled" classname="org.springframework.test.context.junit4.rules.ClassLevelDisabledSpringRuleTests" time="0.0">
    <skipped/>
  </testcase>
  <system-out><![CDATA[]]></system-out>
  <system-err><![CDATA[]]></system-err>
</testsuite>
