<?xml version="1.0" encoding="UTF-8"?>
<testsuite name="org.springframework.test.web.servlet.samples.standalone.resultmatchers.XmlContentAssertionTests" tests="2" skipped="0" failures="0" errors="0" timestamp="2020-06-22T06:40:14" hostname="aiguoxindeMacBook-Pro.local" time="0.066">
  <properties/>
  <testcase name="testNodeHamcrestMatcher()" classname="org.springframework.test.web.servlet.samples.standalone.resultmatchers.XmlContentAssertionTests" time="0.016"/>
  <testcase name="testXmlEqualTo()" classname="org.springframework.test.web.servlet.samples.standalone.resultmatchers.XmlContentAssertionTests" time="0.05"/>
  <system-out><![CDATA[]]></system-out>
  <system-err><![CDATA[]]></system-err>
</testsuite>
