<?xml version="1.0" encoding="UTF-8"?>
<testsuite name="org.springframework.test.web.reactive.server.ApplicationContextSpecTests" tests="1" skipped="0" failures="0" errors="0" timestamp="2020-06-22T06:39:56" hostname="aiguoxindeMacBook-Pro.local" time="0.266">
  <properties/>
  <testcase name="sessionManagerBean()" classname="org.springframework.test.web.reactive.server.ApplicationContextSpecTests" time="0.266"/>
  <system-out><![CDATA[]]></system-out>
  <system-err><![CDATA[]]></system-err>
</testsuite>
