<?xml version="1.0" encoding="UTF-8"?>
<testsuite name="org.springframework.test.context.junit4.RollbackOverrideDefaultRollbackFalseTransactionalTests" tests="1" skipped="0" failures="0" errors="0" timestamp="2020-06-22T06:40:24" hostname="aiguoxindeMacBook-Pro.local" time="0.002">
  <properties/>
  <testcase name="modifyTestDataWithinTransaction" classname="org.springframework.test.context.junit4.RollbackOverrideDefaultRollbackFalseTransactionalTests" time="0.002"/>
  <system-out><![CDATA[]]></system-out>
  <system-err><![CDATA[]]></system-err>
</testsuite>
