<?xml version="1.0" encoding="UTF-8"?>
<testsuite name="org.springframework.test.context.expression.ExpressionUsageTests" tests="2" skipped="0" failures="0" errors="0" timestamp="2020-06-22T06:39:34" hostname="aiguoxindeMacBook-Pro.local" time="0.003">
  <properties/>
  <testcase name="testSpr5847()" classname="org.springframework.test.context.expression.ExpressionUsageTests" time="0.001"/>
  <testcase name="testSpr5906()" classname="org.springframework.test.context.expression.ExpressionUsageTests" time="0.001"/>
  <system-out><![CDATA[]]></system-out>
  <system-err><![CDATA[]]></system-err>
</testsuite>
