<?xml version="1.0" encoding="UTF-8"?>
<testsuite name="org.springframework.test.context.hierarchies.standard.ClassHierarchyWithMergedConfigLevelTwoTests" tests="1" skipped="0" failures="0" errors="0" timestamp="2020-06-22T06:39:35" hostname="aiguoxindeMacBook-Pro.local" time="0.001">
  <properties/>
  <testcase name="loadContextHierarchy()" classname="org.springframework.test.context.hierarchies.standard.ClassHierarchyWithMergedConfigLevelTwoTests" time="0.001"/>
  <system-out><![CDATA[]]></system-out>
  <system-err><![CDATA[]]></system-err>
</testsuite>
