<?xml version="1.0" encoding="UTF-8"?>
<testsuite name="org.springframework.test.web.client.samples.matchers.ContentRequestMatchersIntegrationTests" tests="5" skipped="0" failures="0" errors="0" timestamp="2020-06-22T06:39:56" hostname="aiguoxindeMacBook-Pro.local" time="0.035">
  <properties/>
  <testcase name="contentTypeNoMatch()" classname="org.springframework.test.web.client.samples.matchers.ContentRequestMatchersIntegrationTests" time="0.005"/>
  <testcase name="contentAsBytes()" classname="org.springframework.test.web.client.samples.matchers.ContentRequestMatchersIntegrationTests" time="0.005"/>
  <testcase name="contentType()" classname="org.springframework.test.web.client.samples.matchers.ContentRequestMatchersIntegrationTests" time="0.012"/>
  <testcase name="contentStringStartsWith()" classname="org.springframework.test.web.client.samples.matchers.ContentRequestMatchersIntegrationTests" time="0.006"/>
  <testcase name="contentAsString()" classname="org.springframework.test.web.client.samples.matchers.ContentRequestMatchersIntegrationTests" time="0.007"/>
  <system-out><![CDATA[]]></system-out>
  <system-err><![CDATA[]]></system-err>
</testsuite>
