<?xml version="1.0" encoding="UTF-8"?>
<testsuite name="org.springframework.test.context.junit.jupiter.transaction.TimedTransactionalSpringExtensionTests" tests="1" skipped="0" failures="0" errors="0" timestamp="2020-06-22T06:39:48" hostname="aiguoxindeMacBook-Pro.local" time="0.158">
  <properties/>
  <testcase name="springTransactionsWorkWithJUnitJupiterTimeouts()" classname="org.springframework.test.context.junit.jupiter.transaction.TimedTransactionalSpringExtensionTests" time="0.158"/>
  <system-out><![CDATA[]]></system-out>
  <system-err><![CDATA[]]></system-err>
</testsuite>
