<?xml version="1.0" encoding="UTF-8"?>
<testsuite name="org.springframework.test.web.servlet.samples.standalone.resultmatchers.XpathAssertionTests" tests="7" skipped="0" failures="0" errors="0" timestamp="2020-06-22T06:40:14" hostname="aiguoxindeMacBook-Pro.local" time="0.177">
  <properties/>
  <testcase name="testFeedWithLinefeedChars()" classname="org.springframework.test.web.servlet.samples.standalone.resultmatchers.XpathAssertionTests" time="0.027"/>
  <testcase name="testBoolean()" classname="org.springframework.test.web.servlet.samples.standalone.resultmatchers.XpathAssertionTests" time="0.018"/>
  <testcase name="testDoesNotExist()" classname="org.springframework.test.web.servlet.samples.standalone.resultmatchers.XpathAssertionTests" time="0.024"/>
  <testcase name="testNodeCount()" classname="org.springframework.test.web.servlet.samples.standalone.resultmatchers.XpathAssertionTests" time="0.026"/>
  <testcase name="testExists()" classname="org.springframework.test.web.servlet.samples.standalone.resultmatchers.XpathAssertionTests" time="0.03"/>
  <testcase name="testNumber()" classname="org.springframework.test.web.servlet.samples.standalone.resultmatchers.XpathAssertionTests" time="0.024"/>
  <testcase name="testString()" classname="org.springframework.test.web.servlet.samples.standalone.resultmatchers.XpathAssertionTests" time="0.028"/>
  <system-out><![CDATA[]]></system-out>
  <system-err><![CDATA[]]></system-err>
</testsuite>
