<?xml version="1.0" encoding="UTF-8"?>
<testsuite name="org.springframework.mock.web.MockCookieTests" tests="10" skipped="0" failures="0" errors="0" timestamp="2020-06-22T06:39:28" hostname="aiguoxindeMacBook-Pro.local" time="0.091">
  <properties/>
  <testcase name="parseInvalidAttribute()" classname="org.springframework.mock.web.MockCookieTests" time="0.021"/>
  <testcase name="parseHeaderWithInvalidExpiresAttribute(String)[1]" classname="org.springframework.mock.web.MockCookieTests" time="0.027"/>
  <testcase name="parseHeaderWithInvalidExpiresAttribute(String)[2]" classname="org.springframework.mock.web.MockCookieTests" time="0.002"/>
  <testcase name="setSameSite()" classname="org.springframework.mock.web.MockCookieTests" time="0.002"/>
  <testcase name="parseHeaderWithoutAttributes()" classname="org.springframework.mock.web.MockCookieTests" time="0.007"/>
  <testcase name="parseNullHeader()" classname="org.springframework.mock.web.MockCookieTests" time="0.003"/>
  <testcase name="parseHeaderWithAttributes()" classname="org.springframework.mock.web.MockCookieTests" time="0.006"/>
  <testcase name="constructCookie()" classname="org.springframework.mock.web.MockCookieTests" time="0.001"/>
  <testcase name="parseInvalidHeader()" classname="org.springframework.mock.web.MockCookieTests" time="0.002"/>
  <testcase name="parseHeaderWithAttributesCaseSensitivity()" classname="org.springframework.mock.web.MockCookieTests" time="0.0"/>
  <system-out><![CDATA[]]></system-out>
  <system-err><![CDATA[]]></system-err>
</testsuite>
