<?xml version="1.0" encoding="UTF-8"?>
<testsuite name="org.springframework.test.context.junit4.annotation.ExplicitConfigClassesInheritedTests" tests="2" skipped="0" failures="0" errors="0" timestamp="2020-06-22T06:40:19" hostname="aiguoxindeMacBook-Pro.local" time="0.002">
  <properties/>
  <testcase name="verifyPetSetFromExtendedContextConfig" classname="org.springframework.test.context.junit4.annotation.ExplicitConfigClassesInheritedTests" time="0.001"/>
  <testcase name="verifyEmployeeSetFromBaseContextConfig" classname="org.springframework.test.context.junit4.annotation.ExplicitConfigClassesInheritedTests" time="0.0"/>
  <system-out><![CDATA[]]></system-out>
  <system-err><![CDATA[]]></system-err>
</testsuite>
