<?xml version="1.0" encoding="UTF-8"?>
<testsuite name="org.springframework.test.web.reactive.server.samples.HeaderAndCookieTests" tests="3" skipped="0" failures="0" errors="0" timestamp="2020-06-22T06:39:57" hostname="aiguoxindeMacBook-Pro.local" time="0.079">
  <properties/>
  <testcase name="requestResponseHeaderPair()" classname="org.springframework.test.web.reactive.server.samples.HeaderAndCookieTests" time="0.011"/>
  <testcase name="setCookies()" classname="org.springframework.test.web.reactive.server.samples.HeaderAndCookieTests" time="0.004"/>
  <testcase name="headerMultipleValues()" classname="org.springframework.test.web.reactive.server.samples.HeaderAndCookieTests" time="0.003"/>
  <system-out><![CDATA[]]></system-out>
  <system-err><![CDATA[]]></system-err>
</testsuite>
