<?xml version="1.0" encoding="UTF-8"?>
<testsuite name="org.springframework.test.util.ReflectionTestUtilsTests" tests="46" skipped="1" failures="0" errors="0" timestamp="2020-06-22T06:39:55" hostname="aiguoxindeMacBook-Pro.local" time="0.073">
  <properties/>
  <testcase name="invokeStaticMethodWithNullMethodName()" classname="org.springframework.test.util.ReflectionTestUtilsTests" time="0.001"/>
  <testcase name="invokePrivateStaticMethodWithoutArguments()" classname="org.springframework.test.util.ReflectionTestUtilsTests" time="0.001"/>
  <testcase name="invokeMethodWithTooManyArguments()" classname="org.springframework.test.util.ReflectionTestUtilsTests" time="0.0"/>
  <testcase name="setFieldWithNullValueForPrimitiveLong()" classname="org.springframework.test.util.ReflectionTestUtilsTests" time="0.002"/>
  <testcase name="setFieldWithNullTargetObject()" classname="org.springframework.test.util.ReflectionTestUtilsTests" time="0.0"/>
  <testcase name="invokeMethodWithAutoboxingAndUnboxing()" classname="org.springframework.test.util.ReflectionTestUtilsTests" time="0.001"/>
  <testcase name="invokeMethodWithIncompatibleArgumentTypes()" classname="org.springframework.test.util.ReflectionTestUtilsTests" time="0.0"/>
  <testcase name="setFieldOnLegacyEntityWithSideEffectsInToString()" classname="org.springframework.test.util.ReflectionTestUtilsTests" time="0.0"/>
  <testcase name="setFieldWithNullTargetClass()" classname="org.springframework.test.util.ReflectionTestUtilsTests" time="0.001"/>
  <testcase name="setFieldWithNullValueForPrimitiveInt()" classname="org.springframework.test.util.ReflectionTestUtilsTests" time="0.001"/>
  <testcase name="invokePublicStaticMethodWithoutArguments()" classname="org.springframework.test.util.ReflectionTestUtilsTests" time="0.002"/>
  <testcase name="setFieldWithNullValuesForNonPrimitives()" classname="org.springframework.test.util.ReflectionTestUtilsTests" time="0.002"/>
  <testcase name="invokeSetterMethodAndInvokeGetterMethodWithExplicitMethodNames()" classname="org.springframework.test.util.ReflectionTestUtilsTests" time="0.002"/>
  <testcase name="setFieldAndGetFieldForStandardUseCases()" classname="org.springframework.test.util.ReflectionTestUtilsTests" time="0.002"/>
  <testcase name="invokeGetterMethodOnLegacyEntityWithSideEffectsInToString()" classname="org.springframework.test.util.ReflectionTestUtilsTests" time="0.001"/>
  <testcase name="setFieldAndGetFieldViaCglibProxy()" classname="org.springframework.test.util.ReflectionTestUtilsTests" time="0.016"/>
  <testcase name="invokeMethodWithPrimitiveVarArgsAsSingleArgument()" classname="org.springframework.test.util.ReflectionTestUtilsTests" time="0.001"/>
  <testcase name="setFieldAndGetFieldViaJdkDynamicProxy()" classname="org.springframework.test.util.ReflectionTestUtilsTests" time="0.005"/>
  <testcase name="invokeStaticMethodWithNullTargetObjectAndNullTargetClass()" classname="org.springframework.test.util.ReflectionTestUtilsTests" time="0.001"/>
  <testcase name="invokeStaticMethodWithNullTargetClass()" classname="org.springframework.test.util.ReflectionTestUtilsTests" time="0.0"/>
  <testcase name="invokeMethodWithPrimitiveVarArgs()" classname="org.springframework.test.util.ReflectionTestUtilsTests" time="0.0">
    <skipped/>
  </testcase>
  <testcase name="invokeSetterMethodWithNullValuesForNonPrimitives()" classname="org.springframework.test.util.ReflectionTestUtilsTests" time="0.001"/>
  <testcase name="setStaticFieldViaClassWithExplicitType()" classname="org.springframework.test.util.ReflectionTestUtilsTests" time="0.0"/>
  <testcase name="invokeSetterMethodOnLegacyEntityWithSideEffectsInToString()" classname="org.springframework.test.util.ReflectionTestUtilsTests" time="0.0"/>
  <testcase name="invokeSetterMethodWithNullValueForPrimitiveLong()" classname="org.springframework.test.util.ReflectionTestUtilsTests" time="0.001"/>
  <testcase name="invokePublicStaticVoidMethodWithArguments()" classname="org.springframework.test.util.ReflectionTestUtilsTests" time="0.001"/>
  <testcase name="getFieldWithNullTargetClass()" classname="org.springframework.test.util.ReflectionTestUtilsTests" time="0.001"/>
  <testcase name="invokeMethodOnLegacyEntityWithSideEffectsInToString()" classname="org.springframework.test.util.ReflectionTestUtilsTests" time="0.0"/>
  <testcase name="invokePrivateStaticVoidMethodWithArguments()" classname="org.springframework.test.util.ReflectionTestUtilsTests" time="0.001"/>
  <testcase name="invokeInitMethodBeforeAutowiring()" classname="org.springframework.test.util.ReflectionTestUtilsTests" time="0.001"/>
  <testcase name="invokeSetterMethodWithNullValueForPrimitiveBoolean()" classname="org.springframework.test.util.ReflectionTestUtilsTests" time="0.001"/>
  <testcase name="getStaticFieldViaClass()" classname="org.springframework.test.util.ReflectionTestUtilsTests" time="0.001"/>
  <testcase name="getFieldOnLegacyEntityWithSideEffectsInToString()" classname="org.springframework.test.util.ReflectionTestUtilsTests" time="0.001"/>
  <testcase name="getStaticFieldViaInstance()" classname="org.springframework.test.util.ReflectionTestUtilsTests" time="0.001"/>
  <testcase name="getFieldWithNullTargetObject()" classname="org.springframework.test.util.ReflectionTestUtilsTests" time="0.0"/>
  <testcase name="invokeStaticMethodWithEmptyMethodName()" classname="org.springframework.test.util.ReflectionTestUtilsTests" time="0.001"/>
  <testcase name="setStaticFieldViaInstance()" classname="org.springframework.test.util.ReflectionTestUtilsTests" time="0.001"/>
  <testcase name="invokeMethodWithTooFewArguments()" classname="org.springframework.test.util.ReflectionTestUtilsTests" time="0.0"/>
  <testcase name="invokeSetterMethodAndInvokeGetterMethodWithJavaBeanPropertyNames()" classname="org.springframework.test.util.ReflectionTestUtilsTests" time="0.003"/>
  <testcase name="setFieldWithNullNameAndNullType()" classname="org.springframework.test.util.ReflectionTestUtilsTests" time="0.001"/>
  <testcase name="setStaticFieldViaClass()" classname="org.springframework.test.util.ReflectionTestUtilsTests" time="0.001"/>
  <testcase name="invokeSetterMethodWithNullValueForPrimitiveInt()" classname="org.springframework.test.util.ReflectionTestUtilsTests" time="0.001"/>
  <testcase name="setFieldWithWrongType()" classname="org.springframework.test.util.ReflectionTestUtilsTests" time="0.0"/>
  <testcase name="setFieldWithNullValueForPrimitiveBoolean()" classname="org.springframework.test.util.ReflectionTestUtilsTests" time="0.0"/>
  <testcase name="setFieldWithBogusName()" classname="org.springframework.test.util.ReflectionTestUtilsTests" time="0.001"/>
  <testcase name="invokeMethodSimulatingLifecycleEvents()" classname="org.springframework.test.util.ReflectionTestUtilsTests" time="0.002"/>
  <system-out><![CDATA[14:39:55.146 [Test worker] DEBUG o.s.t.u.ReflectionTestUtils - Invoking method 'privateMethod' on target object [null] or target class [org.springframework.test.util.subpackage.StaticMethods] with arguments {}
14:39:55.147 [Test worker] DEBUG o.s.t.u.ReflectionTestUtils - Setting field 'id' of type [long] on target object [[PersonEntity@2b010cf8 id = 0, name = [null], age = 0, eyeColor = [null], likesPets = false, favoriteNumber = [null]]] or target class [class org.springframework.test.util.subpackage.PersonEntity] to value [null]
14:39:55.149 [Test worker] DEBUG o.s.t.u.ReflectionTestUtils - Invoking method 'subtract' on target object [org.springframework.test.util.subpackage.Component@7f37cccc] or target class [null] with arguments {5, 2}
14:39:55.150 [Test worker] DEBUG o.s.t.u.ReflectionTestUtils - Setting field 'collaborator' of type [class java.lang.Object] on target of type [org.springframework.test.util.subpackage.LegacyEntity] whose toString() method threw [org.springframework.test.util.subpackage.LegacyEntityException: Invoking toString() on the default collaborator causes an undesirable side effect] or target class [class org.springframework.test.util.subpackage.LegacyEntity] to value [test collaborator]
14:39:55.153 [Test worker] DEBUG o.s.t.u.ReflectionTestUtils - Setting field 'age' of type [int] on target object [[PersonEntity@3b6bcccf id = 0, name = [null], age = 0, eyeColor = [null], likesPets = false, favoriteNumber = [null]]] or target class [class org.springframework.test.util.subpackage.PersonEntity] to value [null]
14:39:55.154 [Test worker] DEBUG o.s.t.u.ReflectionTestUtils - Invoking method 'publicMethod' on target object [null] or target class [org.springframework.test.util.subpackage.StaticMethods] with arguments {}
14:39:55.156 [Test worker] DEBUG o.s.t.u.ReflectionTestUtils - Setting field 'name' of type [null] on target object [[PersonEntity@4b6fc5d5 id = 0, name = [null], age = 0, eyeColor = [null], likesPets = false, favoriteNumber = [null]]] or target class [class org.springframework.test.util.subpackage.PersonEntity] to value [Tom]
14:39:55.156 [Test worker] DEBUG o.s.t.u.ReflectionTestUtils - Setting field 'eyeColor' of type [class java.lang.String] on target object [[PersonEntity@4b6fc5d5 id = 0, name = 'Tom', age = 0, eyeColor = [null], likesPets = false, favoriteNumber = [null]]] or target class [class org.springframework.test.util.subpackage.PersonEntity] to value [blue]
14:39:55.156 [Test worker] DEBUG o.s.t.u.ReflectionTestUtils - Setting field 'favoriteNumber' of type [class java.lang.Number] on target object [[PersonEntity@4b6fc5d5 id = 0, name = 'Tom', age = 0, eyeColor = 'blue', likesPets = false, favoriteNumber = [null]]] or target class [class org.springframework.test.util.subpackage.PersonEntity] to value [3.142857]
14:39:55.156 [Test worker] DEBUG o.s.t.u.ReflectionTestUtils - Setting field 'name' of type [class java.lang.String] on target object [[PersonEntity@4b6fc5d5 id = 0, name = 'Tom', age = 0, eyeColor = 'blue', likesPets = false, favoriteNumber = 3.142857]] or target class [class org.springframework.test.util.subpackage.PersonEntity] to value [null]
14:39:55.157 [Test worker] DEBUG o.s.t.u.ReflectionTestUtils - Setting field 'eyeColor' of type [class java.lang.String] on target object [[PersonEntity@4b6fc5d5 id = 0, name = [null], age = 0, eyeColor = 'blue', likesPets = false, favoriteNumber = 3.142857]] or target class [class org.springframework.test.util.subpackage.PersonEntity] to value [null]
14:39:55.157 [Test worker] DEBUG o.s.t.u.ReflectionTestUtils - Setting field 'favoriteNumber' of type [class java.lang.Number] on target object [[PersonEntity@4b6fc5d5 id = 0, name = [null], age = 0, eyeColor = [null], likesPets = false, favoriteNumber = 3.142857]] or target class [class org.springframework.test.util.subpackage.PersonEntity] to value [null]
14:39:55.158 [Test worker] DEBUG o.s.t.u.ReflectionTestUtils - Invoking setter method 'setId' on target object [[PersonEntity@6bdd27e4 id = 0, name = [null], age = 0, eyeColor = [null], likesPets = false, favoriteNumber = [null]]] with value [1]
14:39:55.158 [Test worker] DEBUG o.s.t.u.ReflectionTestUtils - Invoking setter method 'setName' on target object [[PersonEntity@6bdd27e4 id = 1, name = [null], age = 0, eyeColor = [null], likesPets = false, favoriteNumber = [null]]] with value [Jerry]
14:39:55.158 [Test worker] DEBUG o.s.t.u.ReflectionTestUtils - Invoking setter method 'setAge' on target object [[PersonEntity@6bdd27e4 id = 1, name = 'Jerry', age = 0, eyeColor = [null], likesPets = false, favoriteNumber = [null]]] with value [33]
14:39:55.158 [Test worker] DEBUG o.s.t.u.ReflectionTestUtils - Invoking setter method 'setEyeColor' on target object [[PersonEntity@6bdd27e4 id = 1, name = 'Jerry', age = 33, eyeColor = [null], likesPets = false, favoriteNumber = [null]]] with value [green]
14:39:55.158 [Test worker] DEBUG o.s.t.u.ReflectionTestUtils - Invoking setter method 'setLikesPets' on target object [[PersonEntity@6bdd27e4 id = 1, name = 'Jerry', age = 33, eyeColor = 'green', likesPets = false, favoriteNumber = [null]]] with value [false]
14:39:55.158 [Test worker] DEBUG o.s.t.u.ReflectionTestUtils - Invoking setter method 'setFavoriteNumber' on target object [[PersonEntity@6bdd27e4 id = 1, name = 'Jerry', age = 33, eyeColor = 'green', likesPets = false, favoriteNumber = [null]]] with value [42]
14:39:55.159 [Test worker] DEBUG o.s.t.u.ReflectionTestUtils - Invoking getter method 'getId' on target object [[PersonEntity@6bdd27e4 id = 1, name = 'Jerry', age = 33, eyeColor = 'green', likesPets = false, favoriteNumber = 42]]
14:39:55.159 [Test worker] DEBUG o.s.t.u.ReflectionTestUtils - Invoking getter method 'getName' on target object [[PersonEntity@6bdd27e4 id = 1, name = 'Jerry', age = 33, eyeColor = 'green', likesPets = false, favoriteNumber = 42]]
14:39:55.159 [Test worker] DEBUG o.s.t.u.ReflectionTestUtils - Invoking getter method 'getAge' on target object [[PersonEntity@6bdd27e4 id = 1, name = 'Jerry', age = 33, eyeColor = 'green', likesPets = false, favoriteNumber = 42]]
14:39:55.159 [Test worker] DEBUG o.s.t.u.ReflectionTestUtils - Invoking getter method 'getEyeColor' on target object [[PersonEntity@6bdd27e4 id = 1, name = 'Jerry', age = 33, eyeColor = 'green', likesPets = false, favoriteNumber = 42]]
14:39:55.159 [Test worker] DEBUG o.s.t.u.ReflectionTestUtils - Invoking getter method 'likesPets' on target object [[PersonEntity@6bdd27e4 id = 1, name = 'Jerry', age = 33, eyeColor = 'green', likesPets = false, favoriteNumber = 42]]
14:39:55.160 [Test worker] DEBUG o.s.t.u.ReflectionTestUtils - Invoking getter method 'getFavoriteNumber' on target object [[PersonEntity@6bdd27e4 id = 1, name = 'Jerry', age = 33, eyeColor = 'green', likesPets = false, favoriteNumber = 42]]
14:39:55.160 [Test worker] DEBUG o.s.t.u.ReflectionTestUtils - Setting field 'id' of type [long] on target object [[PersonEntity@eb583e4 id = 0, name = [null], age = 0, eyeColor = [null], likesPets = false, favoriteNumber = [null]]] or target class [class org.springframework.test.util.subpackage.PersonEntity] to value [99]
14:39:55.160 [Test worker] DEBUG o.s.t.u.ReflectionTestUtils - Setting field 'name' of type [null] on target object [[PersonEntity@eb583e4 id = 99, name = [null], age = 0, eyeColor = [null], likesPets = false, favoriteNumber = [null]]] or target class [class org.springframework.test.util.subpackage.PersonEntity] to value [Tom]
14:39:55.160 [Test worker] DEBUG o.s.t.u.ReflectionTestUtils - Setting field 'age' of type [null] on target object [[PersonEntity@eb583e4 id = 99, name = 'Tom', age = 0, eyeColor = [null], likesPets = false, favoriteNumber = [null]]] or target class [class org.springframework.test.util.subpackage.PersonEntity] to value [42]
14:39:55.161 [Test worker] DEBUG o.s.t.u.ReflectionTestUtils - Setting field 'eyeColor' of type [class java.lang.String] on target object [[PersonEntity@eb583e4 id = 99, name = 'Tom', age = 42, eyeColor = [null], likesPets = false, favoriteNumber = [null]]] or target class [class org.springframework.test.util.subpackage.PersonEntity] to value [blue]
14:39:55.161 [Test worker] DEBUG o.s.t.u.ReflectionTestUtils - Setting field 'likesPets' of type [null] on target object [[PersonEntity@eb583e4 id = 99, name = 'Tom', age = 42, eyeColor = 'blue', likesPets = false, favoriteNumber = [null]]] or target class [class org.springframework.test.util.subpackage.PersonEntity] to value [true]
14:39:55.161 [Test worker] DEBUG o.s.t.u.ReflectionTestUtils - Setting field 'favoriteNumber' of type [class java.lang.Number] on target object [[PersonEntity@eb583e4 id = 99, name = 'Tom', age = 42, eyeColor = 'blue', likesPets = true, favoriteNumber = [null]]] or target class [class org.springframework.test.util.subpackage.PersonEntity] to value [3.142857]
14:39:55.161 [Test worker] DEBUG o.s.t.u.ReflectionTestUtils - Getting field 'id' from target object [[PersonEntity@eb583e4 id = 99, name = 'Tom', age = 42, eyeColor = 'blue', likesPets = true, favoriteNumber = 3.142857]] or target class [class org.springframework.test.util.subpackage.PersonEntity]
14:39:55.161 [Test worker] DEBUG o.s.t.u.ReflectionTestUtils - Getting field 'name' from target object [[PersonEntity@eb583e4 id = 99, name = 'Tom', age = 42, eyeColor = 'blue', likesPets = true, favoriteNumber = 3.142857]] or target class [class org.springframework.test.util.subpackage.PersonEntity]
14:39:55.162 [Test worker] DEBUG o.s.t.u.ReflectionTestUtils - Getting field 'age' from target object [[PersonEntity@eb583e4 id = 99, name = 'Tom', age = 42, eyeColor = 'blue', likesPets = true, favoriteNumber = 3.142857]] or target class [class org.springframework.test.util.subpackage.PersonEntity]
14:39:55.162 [Test worker] DEBUG o.s.t.u.ReflectionTestUtils - Getting field 'eyeColor' from target object [[PersonEntity@eb583e4 id = 99, name = 'Tom', age = 42, eyeColor = 'blue', likesPets = true, favoriteNumber = 3.142857]] or target class [class org.springframework.test.util.subpackage.PersonEntity]
14:39:55.162 [Test worker] DEBUG o.s.t.u.ReflectionTestUtils - Getting field 'likesPets' from target object [[PersonEntity@eb583e4 id = 99, name = 'Tom', age = 42, eyeColor = 'blue', likesPets = true, favoriteNumber = 3.142857]] or target class [class org.springframework.test.util.subpackage.PersonEntity]
14:39:55.162 [Test worker] DEBUG o.s.t.u.ReflectionTestUtils - Getting field 'favoriteNumber' from target object [[PersonEntity@eb583e4 id = 99, name = 'Tom', age = 42, eyeColor = 'blue', likesPets = true, favoriteNumber = 3.142857]] or target class [class org.springframework.test.util.subpackage.PersonEntity]
14:39:55.163 [Test worker] DEBUG o.s.t.u.ReflectionTestUtils - Invoking getter method 'getCollaborator' on target of type [org.springframework.test.util.subpackage.LegacyEntity] whose toString() method threw [org.springframework.test.util.subpackage.LegacyEntityException: Invoking toString() on the default collaborator causes an undesirable side effect]
14:39:55.169 [Test worker] DEBUG o.s.t.u.ReflectionTestUtils - Setting field 'id' of type [long] on target object [[PersonEntity@5b72281c id = 0, name = [null], age = 0, eyeColor = [null], likesPets = false, favoriteNumber = [null]]] or target class [class org.springframework.test.util.subpackage.PersonEntity] to value [99]
14:39:55.169 [Test worker] DEBUG o.s.t.u.ReflectionTestUtils - Setting field 'name' of type [null] on target object [[PersonEntity@5b72281c id = 99, name = [null], age = 0, eyeColor = [null], likesPets = false, favoriteNumber = [null]]] or target class [class org.springframework.test.util.subpackage.PersonEntity] to value [Tom]
14:39:55.170 [Test worker] DEBUG o.s.t.u.ReflectionTestUtils - Setting field 'age' of type [null] on target object [[PersonEntity@5b72281c id = 99, name = 'Tom', age = 0, eyeColor = [null], likesPets = false, favoriteNumber = [null]]] or target class [class org.springframework.test.util.subpackage.PersonEntity] to value [42]
14:39:55.170 [Test worker] DEBUG o.s.t.u.ReflectionTestUtils - Setting field 'eyeColor' of type [class java.lang.String] on target object [[PersonEntity@5b72281c id = 99, name = 'Tom', age = 42, eyeColor = [null], likesPets = false, favoriteNumber = [null]]] or target class [class org.springframework.test.util.subpackage.PersonEntity] to value [blue]
14:39:55.171 [Test worker] DEBUG o.s.t.u.ReflectionTestUtils - Setting field 'likesPets' of type [null] on target object [[PersonEntity@5b72281c id = 99, name = 'Tom', age = 42, eyeColor = 'blue', likesPets = false, favoriteNumber = [null]]] or target class [class org.springframework.test.util.subpackage.PersonEntity] to value [true]
14:39:55.171 [Test worker] DEBUG o.s.t.u.ReflectionTestUtils - Setting field 'favoriteNumber' of type [class java.lang.Number] on target object [[PersonEntity@5b72281c id = 99, name = 'Tom', age = 42, eyeColor = 'blue', likesPets = true, favoriteNumber = [null]]] or target class [class org.springframework.test.util.subpackage.PersonEntity] to value [3.142857]
14:39:55.171 [Test worker] DEBUG o.s.t.u.ReflectionTestUtils - Getting field 'id' from target object [[PersonEntity@5b72281c id = 99, name = 'Tom', age = 42, eyeColor = 'blue', likesPets = true, favoriteNumber = 3.142857]] or target class [class org.springframework.test.util.subpackage.PersonEntity]
14:39:55.171 [Test worker] DEBUG o.s.t.u.ReflectionTestUtils - Getting field 'name' from target object [[PersonEntity@5b72281c id = 99, name = 'Tom', age = 42, eyeColor = 'blue', likesPets = true, favoriteNumber = 3.142857]] or target class [class org.springframework.test.util.subpackage.PersonEntity]
14:39:55.172 [Test worker] DEBUG o.s.t.u.ReflectionTestUtils - Getting field 'age' from target object [[PersonEntity@5b72281c id = 99, name = 'Tom', age = 42, eyeColor = 'blue', likesPets = true, favoriteNumber = 3.142857]] or target class [class org.springframework.test.util.subpackage.PersonEntity]
14:39:55.172 [Test worker] DEBUG o.s.t.u.ReflectionTestUtils - Getting field 'eyeColor' from target object [[PersonEntity@5b72281c id = 99, name = 'Tom', age = 42, eyeColor = 'blue', likesPets = true, favoriteNumber = 3.142857]] or target class [class org.springframework.test.util.subpackage.PersonEntity]
14:39:55.172 [Test worker] DEBUG o.s.t.u.ReflectionTestUtils - Getting field 'likesPets' from target object [[PersonEntity@5b72281c id = 99, name = 'Tom', age = 42, eyeColor = 'blue', likesPets = true, favoriteNumber = 3.142857]] or target class [class org.springframework.test.util.subpackage.PersonEntity]
14:39:55.172 [Test worker] DEBUG o.s.t.u.ReflectionTestUtils - Getting field 'favoriteNumber' from target object [[PersonEntity@5b72281c id = 99, name = 'Tom', age = 42, eyeColor = 'blue', likesPets = true, favoriteNumber = 3.142857]] or target class [class org.springframework.test.util.subpackage.PersonEntity]
14:39:55.180 [Test worker] DEBUG o.s.t.u.ReflectionTestUtils - Invoking method 'add' on target object [org.springframework.test.util.subpackage.Component@470c1e5d] or target class [null] with arguments {[I@39040c24}
14:39:55.182 [Test worker] DEBUG o.s.t.u.ReflectionTestUtils - Setting field 'id' of type [long] on target object [[PersonEntity@21f4af3a id = 0, name = [null], age = 0, eyeColor = [null], likesPets = false, favoriteNumber = [null]]] or target class [class org.springframework.test.util.subpackage.PersonEntity] to value [99]
14:39:55.183 [Test worker] DEBUG o.s.t.u.ReflectionTestUtils - Setting field 'name' of type [null] on target object [[PersonEntity@21f4af3a id = 99, name = [null], age = 0, eyeColor = [null], likesPets = false, favoriteNumber = [null]]] or target class [class org.springframework.test.util.subpackage.PersonEntity] to value [Tom]
14:39:55.183 [Test worker] DEBUG o.s.t.u.ReflectionTestUtils - Setting field 'age' of type [null] on target object [[PersonEntity@21f4af3a id = 99, name = 'Tom', age = 0, eyeColor = [null], likesPets = false, favoriteNumber = [null]]] or target class [class org.springframework.test.util.subpackage.PersonEntity] to value [42]
14:39:55.183 [Test worker] DEBUG o.s.t.u.ReflectionTestUtils - Setting field 'eyeColor' of type [class java.lang.String] on target object [[PersonEntity@21f4af3a id = 99, name = 'Tom', age = 42, eyeColor = [null], likesPets = false, favoriteNumber = [null]]] or target class [class org.springframework.test.util.subpackage.PersonEntity] to value [blue]
14:39:55.183 [Test worker] DEBUG o.s.t.u.ReflectionTestUtils - Setting field 'likesPets' of type [null] on target object [[PersonEntity@21f4af3a id = 99, name = 'Tom', age = 42, eyeColor = 'blue', likesPets = false, favoriteNumber = [null]]] or target class [class org.springframework.test.util.subpackage.PersonEntity] to value [true]
14:39:55.184 [Test worker] DEBUG o.s.t.u.ReflectionTestUtils - Setting field 'favoriteNumber' of type [class java.lang.Number] on target object [[PersonEntity@21f4af3a id = 99, name = 'Tom', age = 42, eyeColor = 'blue', likesPets = true, favoriteNumber = [null]]] or target class [class org.springframework.test.util.subpackage.PersonEntity] to value [3.142857]
14:39:55.184 [Test worker] DEBUG o.s.t.u.ReflectionTestUtils - Getting field 'id' from target object [[PersonEntity@21f4af3a id = 99, name = 'Tom', age = 42, eyeColor = 'blue', likesPets = true, favoriteNumber = 3.142857]] or target class [class org.springframework.test.util.subpackage.PersonEntity]
14:39:55.184 [Test worker] DEBUG o.s.t.u.ReflectionTestUtils - Getting field 'name' from target object [[PersonEntity@21f4af3a id = 99, name = 'Tom', age = 42, eyeColor = 'blue', likesPets = true, favoriteNumber = 3.142857]] or target class [class org.springframework.test.util.subpackage.PersonEntity]
14:39:55.184 [Test worker] DEBUG o.s.t.u.ReflectionTestUtils - Getting field 'age' from target object [[PersonEntity@21f4af3a id = 99, name = 'Tom', age = 42, eyeColor = 'blue', likesPets = true, favoriteNumber = 3.142857]] or target class [class org.springframework.test.util.subpackage.PersonEntity]
14:39:55.185 [Test worker] DEBUG o.s.t.u.ReflectionTestUtils - Getting field 'eyeColor' from target object [[PersonEntity@21f4af3a id = 99, name = 'Tom', age = 42, eyeColor = 'blue', likesPets = true, favoriteNumber = 3.142857]] or target class [class org.springframework.test.util.subpackage.PersonEntity]
14:39:55.185 [Test worker] DEBUG o.s.t.u.ReflectionTestUtils - Getting field 'likesPets' from target object [[PersonEntity@21f4af3a id = 99, name = 'Tom', age = 42, eyeColor = 'blue', likesPets = true, favoriteNumber = 3.142857]] or target class [class org.springframework.test.util.subpackage.PersonEntity]
14:39:55.185 [Test worker] DEBUG o.s.t.u.ReflectionTestUtils - Getting field 'favoriteNumber' from target object [[PersonEntity@21f4af3a id = 99, name = 'Tom', age = 42, eyeColor = 'blue', likesPets = true, favoriteNumber = 3.142857]] or target class [class org.springframework.test.util.subpackage.PersonEntity]
14:39:55.187 [Test worker] DEBUG o.s.t.u.ReflectionTestUtils - Invoking setter method 'setName' on target object [[PersonEntity@12996130 id = 0, name = [null], age = 0, eyeColor = [null], likesPets = false, favoriteNumber = [null]]] with value [null]
14:39:55.187 [Test worker] DEBUG o.s.t.u.ReflectionTestUtils - Invoking setter method 'setEyeColor' on target object [[PersonEntity@12996130 id = 0, name = [null], age = 0, eyeColor = [null], likesPets = false, favoriteNumber = [null]]] with value [null]
14:39:55.188 [Test worker] DEBUG o.s.t.u.ReflectionTestUtils - Invoking setter method 'setFavoriteNumber' on target object [[PersonEntity@12996130 id = 0, name = [null], age = 0, eyeColor = [null], likesPets = false, favoriteNumber = [null]]] with value [null]
14:39:55.188 [Test worker] DEBUG o.s.t.u.ReflectionTestUtils - Setting field 'publicField' of type [class java.lang.String] on target object [null] or target class [class org.springframework.test.util.subpackage.StaticFields] to value [xxx]
14:39:55.188 [Test worker] DEBUG o.s.t.u.ReflectionTestUtils - Setting field 'privateField' of type [class java.lang.String] on target object [null] or target class [class org.springframework.test.util.subpackage.StaticFields] to value [yyy]
14:39:55.193 [Test worker] DEBUG o.s.t.u.ReflectionTestUtils - Invoking setter method 'setCollaborator' on target of type [org.springframework.test.util.subpackage.LegacyEntity] whose toString() method threw [org.springframework.test.util.subpackage.LegacyEntityException: Invoking toString() on the default collaborator causes an undesirable side effect] with value [test collaborator]
14:39:55.194 [Test worker] DEBUG o.s.t.u.ReflectionTestUtils - Invoking setter method 'setId' on target object [[PersonEntity@2216a829 id = 0, name = [null], age = 0, eyeColor = [null], likesPets = false, favoriteNumber = [null]]] with value [null]
14:39:55.195 [Test worker] DEBUG o.s.t.u.ReflectionTestUtils - Invoking method 'publicMethod' on target object [null] or target class [org.springframework.test.util.subpackage.StaticMethods] with arguments {test collaborator}
14:39:55.196 [Test worker] DEBUG o.s.t.u.ReflectionTestUtils - Invoking method 'configure' on target of type [org.springframework.test.util.subpackage.LegacyEntity] whose toString() method threw [org.springframework.test.util.subpackage.LegacyEntityException: Invoking toString() on the default collaborator causes an undesirable side effect] or target class [null] with arguments {42, enigma}
14:39:55.197 [Test worker] DEBUG o.s.t.u.ReflectionTestUtils - Invoking method 'privateMethod' on target object [null] or target class [org.springframework.test.util.subpackage.StaticMethods] with arguments {test collaborator}
14:39:55.198 [Test worker] DEBUG o.s.t.u.ReflectionTestUtils - Invoking method 'init' on target object [org.springframework.test.util.subpackage.Component@37946bea] or target class [null] with arguments {}
14:39:55.200 [Test worker] DEBUG o.s.t.u.ReflectionTestUtils - Invoking setter method 'setLikesPets' on target object [[PersonEntity@421e9b0b id = 0, name = [null], age = 0, eyeColor = [null], likesPets = false, favoriteNumber = [null]]] with value [null]
14:39:55.201 [Test worker] DEBUG o.s.t.u.ReflectionTestUtils - Getting field 'publicField' from target object [null] or target class [class org.springframework.test.util.subpackage.StaticFields]
14:39:55.203 [Test worker] DEBUG o.s.t.u.ReflectionTestUtils - Getting field 'privateField' from target object [null] or target class [class org.springframework.test.util.subpackage.StaticFields]
14:39:55.204 [Test worker] DEBUG o.s.t.u.ReflectionTestUtils - Getting field 'collaborator' from target of type [org.springframework.test.util.subpackage.LegacyEntity] whose toString() method threw [org.springframework.test.util.subpackage.LegacyEntityException: Invoking toString() on the default collaborator causes an undesirable side effect] or target class [class org.springframework.test.util.subpackage.LegacyEntity]
14:39:55.204 [Test worker] DEBUG o.s.t.u.ReflectionTestUtils - Getting field 'publicField' from target object [org.springframework.test.util.subpackage.StaticFields@5052feb1] or target class [class org.springframework.test.util.subpackage.StaticFields]
14:39:55.205 [Test worker] DEBUG o.s.t.u.ReflectionTestUtils - Getting field 'privateField' from target object [org.springframework.test.util.subpackage.StaticFields@5052feb1] or target class [class org.springframework.test.util.subpackage.StaticFields]
14:39:55.207 [Test worker] DEBUG o.s.t.u.ReflectionTestUtils - Setting field 'publicField' of type [null] on target object [org.springframework.test.util.subpackage.StaticFields@1a9df634] or target class [class org.springframework.test.util.subpackage.StaticFields] to value [xxx]
14:39:55.207 [Test worker] DEBUG o.s.t.u.ReflectionTestUtils - Setting field 'privateField' of type [null] on target object [org.springframework.test.util.subpackage.StaticFields@1a9df634] or target class [class org.springframework.test.util.subpackage.StaticFields] to value [yyy]
14:39:55.208 [Test worker] DEBUG o.s.t.u.ReflectionTestUtils - Invoking setter method 'setId' on target object [[PersonEntity@7d2737b id = 0, name = [null], age = 0, eyeColor = [null], likesPets = false, favoriteNumber = [null]]] with value [99]
14:39:55.208 [Test worker] DEBUG o.s.t.u.ReflectionTestUtils - Invoking setter method 'setName' on target object [[PersonEntity@7d2737b id = 99, name = [null], age = 0, eyeColor = [null], likesPets = false, favoriteNumber = [null]]] with value [Tom]
14:39:55.208 [Test worker] DEBUG o.s.t.u.ReflectionTestUtils - Invoking setter method 'setAge' on target object [[PersonEntity@7d2737b id = 99, name = 'Tom', age = 0, eyeColor = [null], likesPets = false, favoriteNumber = [null]]] with value [42]
14:39:55.209 [Test worker] DEBUG o.s.t.u.ReflectionTestUtils - Invoking setter method 'setEyeColor' on target object [[PersonEntity@7d2737b id = 99, name = 'Tom', age = 42, eyeColor = [null], likesPets = false, favoriteNumber = [null]]] with value [blue]
14:39:55.209 [Test worker] DEBUG o.s.t.u.ReflectionTestUtils - Invoking setter method 'setLikesPets' on target object [[PersonEntity@7d2737b id = 99, name = 'Tom', age = 42, eyeColor = 'blue', likesPets = false, favoriteNumber = [null]]] with value [true]
14:39:55.209 [Test worker] DEBUG o.s.t.u.ReflectionTestUtils - Invoking setter method 'setFavoriteNumber' on target object [[PersonEntity@7d2737b id = 99, name = 'Tom', age = 42, eyeColor = 'blue', likesPets = true, favoriteNumber = [null]]] with value [3.142857]
14:39:55.209 [Test worker] DEBUG o.s.t.u.ReflectionTestUtils - Invoking getter method 'getId' on target object [[PersonEntity@7d2737b id = 99, name = 'Tom', age = 42, eyeColor = 'blue', likesPets = true, favoriteNumber = 3.142857]]
14:39:55.209 [Test worker] DEBUG o.s.t.u.ReflectionTestUtils - Invoking getter method 'getName' on target object [[PersonEntity@7d2737b id = 99, name = 'Tom', age = 42, eyeColor = 'blue', likesPets = true, favoriteNumber = 3.142857]]
14:39:55.210 [Test worker] DEBUG o.s.t.u.ReflectionTestUtils - Invoking getter method 'getAge' on target object [[PersonEntity@7d2737b id = 99, name = 'Tom', age = 42, eyeColor = 'blue', likesPets = true, favoriteNumber = 3.142857]]
14:39:55.210 [Test worker] DEBUG o.s.t.u.ReflectionTestUtils - Invoking getter method 'getEyeColor' on target object [[PersonEntity@7d2737b id = 99, name = 'Tom', age = 42, eyeColor = 'blue', likesPets = true, favoriteNumber = 3.142857]]
14:39:55.210 [Test worker] DEBUG o.s.t.u.ReflectionTestUtils - Invoking getter method 'likesPets' on target object [[PersonEntity@7d2737b id = 99, name = 'Tom', age = 42, eyeColor = 'blue', likesPets = true, favoriteNumber = 3.142857]]
14:39:55.210 [Test worker] DEBUG o.s.t.u.ReflectionTestUtils - Invoking getter method 'getFavoriteNumber' on target object [[PersonEntity@7d2737b id = 99, name = 'Tom', age = 42, eyeColor = 'blue', likesPets = true, favoriteNumber = 3.142857]]
14:39:55.212 [Test worker] DEBUG o.s.t.u.ReflectionTestUtils - Setting field 'publicField' of type [null] on target object [null] or target class [class org.springframework.test.util.subpackage.StaticFields] to value [xxx]
14:39:55.212 [Test worker] DEBUG o.s.t.u.ReflectionTestUtils - Setting field 'privateField' of type [null] on target object [null] or target class [class org.springframework.test.util.subpackage.StaticFields] to value [yyy]
14:39:55.213 [Test worker] DEBUG o.s.t.u.ReflectionTestUtils - Invoking setter method 'setAge' on target object [[PersonEntity@2a20d442 id = 0, name = [null], age = 0, eyeColor = [null], likesPets = false, favoriteNumber = [null]]] with value [null]
14:39:55.214 [Test worker] DEBUG o.s.t.u.ReflectionTestUtils - Setting field 'likesPets' of type [boolean] on target object [[PersonEntity@2c0ceb05 id = 0, name = [null], age = 0, eyeColor = [null], likesPets = false, favoriteNumber = [null]]] or target class [class org.springframework.test.util.subpackage.PersonEntity] to value [null]
14:39:55.216 [Test worker] DEBUG o.s.t.u.ReflectionTestUtils - Invoking method 'configure' on target object [org.springframework.test.util.subpackage.Component@7a93d69a] or target class [null] with arguments {42, enigma}
14:39:55.217 [Test worker] DEBUG o.s.t.u.ReflectionTestUtils - Invoking method 'init' on target object [org.springframework.test.util.subpackage.Component@7a93d69a] or target class [null] with arguments {}
14:39:55.217 [Test worker] DEBUG o.s.t.u.ReflectionTestUtils - Invoking method 'destroy' on target object [org.springframework.test.util.subpackage.Component@7a93d69a] or target class [null] with arguments {}
]]></system-out>
  <system-err><![CDATA[]]></system-err>
</testsuite>
