<?xml version="1.0" encoding="UTF-8"?>
<testsuite name="org.springframework.test.context.junit.jupiter.SpringJUnitJupiterAutowiredConstructorInjectionTests" tests="3" skipped="0" failures="0" errors="0" timestamp="2020-06-22T06:39:48" hostname="aiguoxindeMacBook-Pro.local" time="0.004">
  <properties/>
  <testcase name="applicationContextInjected()" classname="org.springframework.test.context.junit.jupiter.SpringJUnitJupiterAutowiredConstructorInjectionTests" time="0.0"/>
  <testcase name="propertyPlaceholderInjected()" classname="org.springframework.test.context.junit.jupiter.SpringJUnitJupiterAutowiredConstructorInjectionTests" time="0.001"/>
  <testcase name="beansInjected()" classname="org.springframework.test.context.junit.jupiter.SpringJUnitJupiterAutowiredConstructorInjectionTests" time="0.001"/>
  <system-out><![CDATA[]]></system-out>
  <system-err><![CDATA[]]></system-err>
</testsuite>
