<?xml version="1.0" encoding="UTF-8"?>
<testsuite name="org.springframework.test.context.hierarchies.web.RootWacEarTests" tests="2" skipped="1" failures="0" errors="0" timestamp="2020-06-22T06:39:36" hostname="aiguoxindeMacBook-Pro.local" time="0.002">
  <properties/>
  <testcase name="verifyRootWacConfig()" classname="org.springframework.test.context.hierarchies.web.RootWacEarTests" time="0.001"/>
  <testcase name="verifyEarConfig()" classname="org.springframework.test.context.hierarchies.web.RootWacEarTests" time="0.001">
    <skipped/>
  </testcase>
  <system-out><![CDATA[]]></system-out>
  <system-err><![CDATA[]]></system-err>
</testsuite>
