<?xml version="1.0" encoding="UTF-8"?>
<testsuite name="org.springframework.test.context.junit4.CustomDefaultContextLoaderClassSpringRunnerTests" tests="1" skipped="0" failures="0" errors="0" timestamp="2020-06-22T06:40:20" hostname="aiguoxindeMacBook-Pro.local" time="0.001">
  <properties/>
  <testcase name="verifyAnnotationAutowiredFields" classname="org.springframework.test.context.junit4.CustomDefaultContextLoaderClassSpringRunnerTests" time="0.001"/>
  <system-out><![CDATA[]]></system-out>
  <system-err><![CDATA[]]></system-err>
</testsuite>
