<?xml version="1.0" encoding="UTF-8"?>
<testsuite name="org.springframework.test.context.env.ExplicitPropertiesFileTestPropertySourceTests$ClasspathTests$RelativePathsTests" tests="1" skipped="0" failures="0" errors="0" timestamp="2020-06-22T06:39:33" hostname="aiguoxindeMacBook-Pro.local" time="0.0">
  <properties/>
  <testcase name="verifyPropertiesAreAvailableInEnvironment()" classname="org.springframework.test.context.env.ExplicitPropertiesFileTestPropertySourceTests$ClasspathTests$RelativePathsTests" time="0.0"/>
  <system-out><![CDATA[]]></system-out>
  <system-err><![CDATA[]]></system-err>
</testsuite>
