<?xml version="1.0" encoding="UTF-8"?>
<testsuite name="org.springframework.test.context.support.DynamicPropertiesContextCustomizerTests" tests="7" skipped="0" failures="0" errors="0" timestamp="2020-06-22T06:39:50" hostname="aiguoxindeMacBook-Pro.local" time="0.062">
  <properties/>
  <testcase name="createWhenNonStaticDynamicPropertiesMethodThrowsException()" classname="org.springframework.test.context.support.DynamicPropertiesContextCustomizerTests" time="0.001"/>
  <testcase name="nullPropertyNameResultsInException()" classname="org.springframework.test.context.support.DynamicPropertiesContextCustomizerTests" time="0.057"/>
  <testcase name="equalsAndHashCode()" classname="org.springframework.test.context.support.DynamicPropertiesContextCustomizerTests" time="0.0"/>
  <testcase name="nullValueSupplierResultsInException()" classname="org.springframework.test.context.support.DynamicPropertiesContextCustomizerTests" time="0.001"/>
  <testcase name="emptyPropertyNameResultsInException()" classname="org.springframework.test.context.support.DynamicPropertiesContextCustomizerTests" time="0.001"/>
  <testcase name="customizeContextAddsPropertySource()" classname="org.springframework.test.context.support.DynamicPropertiesContextCustomizerTests" time="0.001"/>
  <testcase name="createWhenBadDynamicPropertiesSignatureThrowsException()" classname="org.springframework.test.context.support.DynamicPropertiesContextCustomizerTests" time="0.001"/>
  <system-out><![CDATA[]]></system-out>
  <system-err><![CDATA[]]></system-err>
</testsuite>
