<?xml version="1.0" encoding="UTF-8"?>
<testsuite name="org.springframework.test.context.junit4.rules.Subclass2AppCtxRuleTests" tests="2" skipped="0" failures="0" errors="0" timestamp="2020-06-22T06:40:25" hostname="aiguoxindeMacBook-Pro.local" time="0.01">
  <properties/>
  <testcase name="baz" classname="org.springframework.test.context.junit4.rules.Subclass2AppCtxRuleTests" time="0.009"/>
  <testcase name="foo" classname="org.springframework.test.context.junit4.rules.Subclass2AppCtxRuleTests" time="0.0"/>
  <system-out><![CDATA[]]></system-out>
  <system-err><![CDATA[]]></system-err>
</testsuite>
