<?xml version="1.0" encoding="UTF-8"?>
<testsuite name="org.springframework.test.context.junit.jupiter.nested.NestedTestsWithConstructorInjectionWithSpringAndJUnitJupiterTests$SpelConstructorParameterTests" tests="1" skipped="0" failures="0" errors="0" timestamp="2020-06-22T06:39:38" hostname="aiguoxindeMacBook-Pro.local" time="0.001">
  <properties/>
  <testcase name="nestedTest()" classname="org.springframework.test.context.junit.jupiter.nested.NestedTestsWithConstructorInjectionWithSpringAndJUnitJupiterTests$SpelConstructorParameterTests" time="0.001"/>
  <system-out><![CDATA[]]></system-out>
  <system-err><![CDATA[]]></system-err>
</testsuite>
