<?xml version="1.0" encoding="UTF-8"?>
<testsuite name="org.springframework.test.web.client.MockRestServiceServerTests" tests="8" skipped="0" failures="0" errors="0" timestamp="2020-06-22T06:39:56" hostname="aiguoxindeMacBook-Pro.local" time="0.069">
  <properties/>
  <testcase name="verifyShouldFailIfRequestsFailed()" classname="org.springframework.test.web.client.MockRestServiceServerTests" time="0.026"/>
  <testcase name="buildMultipleTimes()" classname="org.springframework.test.web.client.MockRestServiceServerTests" time="0.01"/>
  <testcase name="resetClearsRequestFailures()" classname="org.springframework.test.web.client.MockRestServiceServerTests" time="0.001"/>
  <testcase name="resetAndReuseServer()" classname="org.springframework.test.web.client.MockRestServiceServerTests" time="0.001"/>
  <testcase name="followUpRequestAfterFailure()" classname="org.springframework.test.web.client.MockRestServiceServerTests" time="0.003"/>
  <testcase name="exactExpectOrder()" classname="org.springframework.test.web.client.MockRestServiceServerTests" time="0.001"/>
  <testcase name="resetAndReuseServerWithUnorderedExpectationManager()" classname="org.springframework.test.web.client.MockRestServiceServerTests" time="0.0"/>
  <testcase name="ignoreExpectOrder()" classname="org.springframework.test.web.client.MockRestServiceServerTests" time="0.0"/>
  <system-out><![CDATA[]]></system-out>
  <system-err><![CDATA[]]></system-err>
</testsuite>
