<?xml version="1.0" encoding="UTF-8"?>
<testsuite name="org.springframework.test.context.junit.jupiter.TestConstructorIntegrationTests" tests="3" skipped="0" failures="0" errors="0" timestamp="2020-06-22T06:39:48" hostname="aiguoxindeMacBook-Pro.local" time="0.065">
  <properties/>
  <testcase name="autowireModeNotSetToAll()" classname="org.springframework.test.context.junit.jupiter.TestConstructorIntegrationTests" time="0.016"/>
  <testcase name="autowireModeSetToAllViaSpringProperties()" classname="org.springframework.test.context.junit.jupiter.TestConstructorIntegrationTests" time="0.024"/>
  <testcase name="autowireModeSetToAllViaJUnitPlatformConfigurationParameter()" classname="org.springframework.test.context.junit.jupiter.TestConstructorIntegrationTests" time="0.019"/>
  <system-out><![CDATA[]]></system-out>
  <system-err><![CDATA[]]></system-err>
</testsuite>
