<?xml version="1.0" encoding="UTF-8"?>
<testsuite name="org.springframework.test.context.TestContextConcurrencyTests" tests="1" skipped="0" failures="0" errors="0" timestamp="2020-06-22T06:39:50" hostname="aiguoxindeMacBook-Pro.local" time="0.008">
  <properties/>
  <testcase name="invokeTestContextManagerFromConcurrentThreads()" classname="org.springframework.test.context.TestContextConcurrencyTests" time="0.008"/>
  <system-out><![CDATA[]]></system-out>
  <system-err><![CDATA[]]></system-err>
</testsuite>
