<?xml version="1.0" encoding="UTF-8"?>
<testsuite name="org.springframework.test.context.cache.LruContextCacheTests" tests="6" skipped="0" failures="0" errors="0" timestamp="2020-06-22T06:39:32" hostname="aiguoxindeMacBook-Pro.local" time="0.011">
  <properties/>
  <testcase name="maxCacheSizeOne()" classname="org.springframework.test.context.cache.LruContextCacheTests" time="0.003"/>
  <testcase name="maxCacheSizeNegativeOne()" classname="org.springframework.test.context.cache.LruContextCacheTests" time="0.0"/>
  <testcase name="maxCacheSizeZero()" classname="org.springframework.test.context.cache.LruContextCacheTests" time="0.0"/>
  <testcase name="maxCacheSizeThree()" classname="org.springframework.test.context.cache.LruContextCacheTests" time="0.001"/>
  <testcase name="ensureLruOrderingIsUpdated()" classname="org.springframework.test.context.cache.LruContextCacheTests" time="0.001"/>
  <testcase name="ensureEvictedContextsAreClosed()" classname="org.springframework.test.context.cache.LruContextCacheTests" time="0.002"/>
  <system-out><![CDATA[14:39:32.018 [Test worker] DEBUG o.s.t.u.ReflectionTestUtils - Getting field 'contextMap' from target object [[DefaultContextCache@5ac11943 size = 1, maxSize = 1, parentContextCount = 0, hitCount = 0, missCount = 0]] or target class [class org.springframework.test.context.cache.DefaultContextCache]
14:39:32.019 [Test worker] DEBUG o.s.t.u.ReflectionTestUtils - Getting field 'contextMap' from target object [[DefaultContextCache@5ac11943 size = 1, maxSize = 1, parentContextCount = 0, hitCount = 0, missCount = 0]] or target class [class org.springframework.test.context.cache.DefaultContextCache]
14:39:32.020 [Test worker] DEBUG o.s.t.u.ReflectionTestUtils - Getting field 'contextMap' from target object [[DefaultContextCache@5ac11943 size = 1, maxSize = 1, parentContextCount = 0, hitCount = 0, missCount = 0]] or target class [class org.springframework.test.context.cache.DefaultContextCache]
14:39:32.020 [Test worker] DEBUG o.s.t.u.ReflectionTestUtils - Getting field 'contextMap' from target object [[DefaultContextCache@5ac11943 size = 1, maxSize = 1, parentContextCount = 0, hitCount = 0, missCount = 0]] or target class [class org.springframework.test.context.cache.DefaultContextCache]
14:39:32.023 [Test worker] DEBUG o.s.t.u.ReflectionTestUtils - Getting field 'contextMap' from target object [[DefaultContextCache@677fee68 size = 1, maxSize = 3, parentContextCount = 0, hitCount = 0, missCount = 0]] or target class [class org.springframework.test.context.cache.DefaultContextCache]
14:39:32.023 [Test worker] DEBUG o.s.t.u.ReflectionTestUtils - Getting field 'contextMap' from target object [[DefaultContextCache@677fee68 size = 1, maxSize = 3, parentContextCount = 0, hitCount = 0, missCount = 0]] or target class [class org.springframework.test.context.cache.DefaultContextCache]
14:39:32.024 [Test worker] DEBUG o.s.t.u.ReflectionTestUtils - Getting field 'contextMap' from target object [[DefaultContextCache@677fee68 size = 2, maxSize = 3, parentContextCount = 0, hitCount = 0, missCount = 0]] or target class [class org.springframework.test.context.cache.DefaultContextCache]
14:39:32.024 [Test worker] DEBUG o.s.t.u.ReflectionTestUtils - Getting field 'contextMap' from target object [[DefaultContextCache@677fee68 size = 3, maxSize = 3, parentContextCount = 0, hitCount = 0, missCount = 0]] or target class [class org.springframework.test.context.cache.DefaultContextCache]
14:39:32.024 [Test worker] DEBUG o.s.t.u.ReflectionTestUtils - Getting field 'contextMap' from target object [[DefaultContextCache@677fee68 size = 3, maxSize = 3, parentContextCount = 0, hitCount = 0, missCount = 0]] or target class [class org.springframework.test.context.cache.DefaultContextCache]
14:39:32.025 [Test worker] DEBUG o.s.t.u.ReflectionTestUtils - Getting field 'contextMap' from target object [[DefaultContextCache@b96d8da size = 3, maxSize = 3, parentContextCount = 0, hitCount = 0, missCount = 0]] or target class [class org.springframework.test.context.cache.DefaultContextCache]
14:39:32.025 [Test worker] DEBUG o.s.t.u.ReflectionTestUtils - Getting field 'contextMap' from target object [[DefaultContextCache@b96d8da size = 3, maxSize = 3, parentContextCount = 0, hitCount = 1, missCount = 0]] or target class [class org.springframework.test.context.cache.DefaultContextCache]
14:39:32.026 [Test worker] DEBUG o.s.t.u.ReflectionTestUtils - Getting field 'contextMap' from target object [[DefaultContextCache@b96d8da size = 3, maxSize = 3, parentContextCount = 0, hitCount = 2, missCount = 0]] or target class [class org.springframework.test.context.cache.DefaultContextCache]
14:39:32.026 [Test worker] DEBUG o.s.t.u.ReflectionTestUtils - Getting field 'contextMap' from target object [[DefaultContextCache@b96d8da size = 3, maxSize = 3, parentContextCount = 0, hitCount = 3, missCount = 0]] or target class [class org.springframework.test.context.cache.DefaultContextCache]
14:39:32.026 [Test worker] DEBUG o.s.t.u.ReflectionTestUtils - Getting field 'contextMap' from target object [[DefaultContextCache@b96d8da size = 3, maxSize = 3, parentContextCount = 0, hitCount = 4, missCount = 0]] or target class [class org.springframework.test.context.cache.DefaultContextCache]
14:39:32.027 [Test worker] DEBUG o.s.t.u.ReflectionTestUtils - Getting field 'contextMap' from target object [[DefaultContextCache@13827b6e size = 2, maxSize = 2, parentContextCount = 0, hitCount = 0, missCount = 0]] or target class [class org.springframework.test.context.cache.DefaultContextCache]
14:39:32.027 [Test worker] DEBUG o.s.t.u.ReflectionTestUtils - Getting field 'contextMap' from target object [[DefaultContextCache@13827b6e size = 2, maxSize = 2, parentContextCount = 0, hitCount = 0, missCount = 0]] or target class [class org.springframework.test.context.cache.DefaultContextCache]
14:39:32.027 [Test worker] DEBUG o.s.t.u.ReflectionTestUtils - Getting field 'contextMap' from target object [[DefaultContextCache@13827b6e size = 2, maxSize = 2, parentContextCount = 0, hitCount = 0, missCount = 0]] or target class [class org.springframework.test.context.cache.DefaultContextCache]
]]></system-out>
  <system-err><![CDATA[]]></system-err>
</testsuite>
