<?xml version="1.0" encoding="UTF-8"?>
<testsuite name="org.springframework.test.context.junit4.rules.TimedSpringRuleTests" tests="1" skipped="0" failures="0" errors="0" timestamp="2020-06-22T06:40:25" hostname="aiguoxindeMacBook-Pro.local" time="0.743">
  <properties/>
  <testcase name="timedTests" classname="org.springframework.test.context.junit4.rules.TimedSpringRuleTests" time="0.743"/>
  <system-out><![CDATA[]]></system-out>
  <system-err><![CDATA[]]></system-err>
</testsuite>
