<?xml version="1.0" encoding="UTF-8"?>
<testsuite name="org.springframework.test.web.servlet.samples.standalone.resultmatchers.HeaderAssertionTests" tests="15" skipped="0" failures="0" errors="0" timestamp="2020-06-22T06:40:13" hostname="aiguoxindeMacBook-Pro.local" time="0.3">
  <properties/>
  <testcase name="longValueWithMissingResponseHeader()" classname="org.springframework.test.web.servlet.samples.standalone.resultmatchers.HeaderAssertionTests" time="0.017"/>
  <testcase name="exists()" classname="org.springframework.test.web.servlet.samples.standalone.resultmatchers.HeaderAssertionTests" time="0.018"/>
  <testcase name="stringWithMatcherAndMissingResponseHeader()" classname="org.springframework.test.web.servlet.samples.standalone.resultmatchers.HeaderAssertionTests" time="0.015"/>
  <testcase name="stringWithMatcherAndCorrectResponseHeaderValue()" classname="org.springframework.test.web.servlet.samples.standalone.resultmatchers.HeaderAssertionTests" time="0.021"/>
  <testcase name="multiStringHeaderValue()" classname="org.springframework.test.web.servlet.samples.standalone.resultmatchers.HeaderAssertionTests" time="0.017"/>
  <testcase name="longValueWithIncorrectResponseHeaderValue()" classname="org.springframework.test.web.servlet.samples.standalone.resultmatchers.HeaderAssertionTests" time="0.019"/>
  <testcase name="doesNotExist()" classname="org.springframework.test.web.servlet.samples.standalone.resultmatchers.HeaderAssertionTests" time="0.02"/>
  <testcase name="existsFail()" classname="org.springframework.test.web.servlet.samples.standalone.resultmatchers.HeaderAssertionTests" time="0.017"/>
  <testcase name="doesNotExistFail()" classname="org.springframework.test.web.servlet.samples.standalone.resultmatchers.HeaderAssertionTests" time="0.024"/>
  <testcase name="multiStringHeaderValueWithMatchers()" classname="org.springframework.test.web.servlet.samples.standalone.resultmatchers.HeaderAssertionTests" time="0.019"/>
  <testcase name="stringWithMissingResponseHeader()" classname="org.springframework.test.web.servlet.samples.standalone.resultmatchers.HeaderAssertionTests" time="0.017"/>
  <testcase name="dateValueWithCorrectResponseHeaderValue()" classname="org.springframework.test.web.servlet.samples.standalone.resultmatchers.HeaderAssertionTests" time="0.019"/>
  <testcase name="longValueWithCorrectResponseHeaderValue()" classname="org.springframework.test.web.servlet.samples.standalone.resultmatchers.HeaderAssertionTests" time="0.024"/>
  <testcase name="stringWithMatcherAndIncorrectResponseHeaderValue()" classname="org.springframework.test.web.servlet.samples.standalone.resultmatchers.HeaderAssertionTests" time="0.03"/>
  <testcase name="stringWithCorrectResponseHeaderValue()" classname="org.springframework.test.web.servlet.samples.standalone.resultmatchers.HeaderAssertionTests" time="0.02"/>
  <system-out><![CDATA[]]></system-out>
  <system-err><![CDATA[]]></system-err>
</testsuite>
