<?xml version="1.0" encoding="UTF-8"?>
<testsuite name="org.springframework.test.context.web.ServletContextAwareBeanWacTests" tests="1" skipped="0" failures="0" errors="0" timestamp="2020-06-22T06:40:27" hostname="aiguoxindeMacBook-Pro.local" time="0.006">
  <properties/>
  <testcase name="ensureServletContextAwareBeanIsProcessedProperlyWhenExecutingJUnitManually" classname="org.springframework.test.context.web.ServletContextAwareBeanWacTests" time="0.006"/>
  <system-out><![CDATA[]]></system-out>
  <system-err><![CDATA[]]></system-err>
</testsuite>
