<?xml version="1.0" encoding="UTF-8"?>
<testsuite name="org.springframework.test.context.junit.jupiter.web.MultipleWebRequestsSpringExtensionTests" tests="2" skipped="0" failures="0" errors="0" timestamp="2020-06-22T06:39:49" hostname="aiguoxindeMacBook-Pro.local" time="0.221">
  <properties/>
  <testcase name="getPerson42()" classname="org.springframework.test.context.junit.jupiter.web.MultipleWebRequestsSpringExtensionTests" time="0.218"/>
  <testcase name="getPerson99()" classname="org.springframework.test.context.junit.jupiter.web.MultipleWebRequestsSpringExtensionTests" time="0.003"/>
  <system-out><![CDATA[]]></system-out>
  <system-err><![CDATA[]]></system-err>
</testsuite>
