<?xml version="1.0" encoding="UTF-8"?>
<testsuite name="org.springframework.test.context.support.BootstrapTestUtilsContextInitializerTests" tests="5" skipped="0" failures="0" errors="0" timestamp="2020-06-22T06:39:49" hostname="aiguoxindeMacBook-Pro.local" time="0.005">
  <properties/>
  <testcase name="buildMergedConfigWithOverriddenInitializers()" classname="org.springframework.test.context.support.BootstrapTestUtilsContextInitializerTests" time="0.001"/>
  <testcase name="buildMergedConfigWithLocalAndInheritedInitializer()" classname="org.springframework.test.context.support.BootstrapTestUtilsContextInitializerTests" time="0.001"/>
  <testcase name="buildMergedConfigWithOverriddenInitializersAndClasses()" classname="org.springframework.test.context.support.BootstrapTestUtilsContextInitializerTests" time="0.0"/>
  <testcase name="buildMergedConfigWithSingleLocalInitializer()" classname="org.springframework.test.context.support.BootstrapTestUtilsContextInitializerTests" time="0.001"/>
  <testcase name="buildMergedConfigWithLocalInitializerAndConfigClass()" classname="org.springframework.test.context.support.BootstrapTestUtilsContextInitializerTests" time="0.001"/>
  <system-out><![CDATA[]]></system-out>
  <system-err><![CDATA[]]></system-err>
</testsuite>
