<?xml version="1.0" encoding="UTF-8"?>
<testsuite name="org.springframework.test.web.servlet.samples.spr.FormContentTests" tests="1" skipped="0" failures="0" errors="0" timestamp="2020-06-22T06:40:07" hostname="aiguoxindeMacBook-Pro.local" time="0.047">
  <properties/>
  <testcase name="formContentIsNotDuplicated()" classname="org.springframework.test.web.servlet.samples.spr.FormContentTests" time="0.047"/>
  <system-out><![CDATA[]]></system-out>
  <system-err><![CDATA[]]></system-err>
</testsuite>
