<?xml version="1.0" encoding="UTF-8"?>
<testsuite name="org.springframework.test.context.jdbc.RepeatableSqlAnnotationSqlScriptsTests" tests="2" skipped="0" failures="0" errors="0" timestamp="2020-06-22T06:39:37" hostname="aiguoxindeMacBook-Pro.local" time="0.009">
  <properties/>
  <testcase name="classLevelScripts()" classname="org.springframework.test.context.jdbc.RepeatableSqlAnnotationSqlScriptsTests" time="0.004"/>
  <testcase name="methodLevelScripts()" classname="org.springframework.test.context.jdbc.RepeatableSqlAnnotationSqlScriptsTests" time="0.004"/>
  <system-out><![CDATA[]]></system-out>
  <system-err><![CDATA[]]></system-err>
</testsuite>
