<?xml version="1.0" encoding="UTF-8"?>
<testsuite name="org.springframework.test.context.hierarchies.meta.MetaHierarchyLevelTwoTests" tests="3" skipped="0" failures="0" errors="0" timestamp="2020-06-22T06:39:35" hostname="aiguoxindeMacBook-Pro.local" time="0.003">
  <properties/>
  <testcase name="foo()" classname="org.springframework.test.context.hierarchies.meta.MetaHierarchyLevelTwoTests" time="0.001"/>
  <testcase name="contextHierarchy()" classname="org.springframework.test.context.hierarchies.meta.MetaHierarchyLevelTwoTests" time="0.0"/>
  <testcase name="bar()" classname="org.springframework.test.context.hierarchies.meta.MetaHierarchyLevelTwoTests" time="0.0"/>
  <system-out><![CDATA[]]></system-out>
  <system-err><![CDATA[]]></system-err>
</testsuite>
