<?xml version="1.0" encoding="UTF-8"?>
<testsuite name="org.springframework.test.web.servlet.samples.standalone.RedirectTests" tests="5" skipped="0" failures="0" errors="0" timestamp="2020-06-22T06:40:12" hostname="aiguoxindeMacBook-Pro.local" time="0.12">
  <properties/>
  <testcase name="saveSpecial()" classname="org.springframework.test.web.servlet.samples.standalone.RedirectTests" time="0.015"/>
  <testcase name="saveSpecialWithErrors()" classname="org.springframework.test.web.servlet.samples.standalone.RedirectTests" time="0.041"/>
  <testcase name="save()" classname="org.springframework.test.web.servlet.samples.standalone.RedirectTests" time="0.024"/>
  <testcase name="saveWithErrors()" classname="org.springframework.test.web.servlet.samples.standalone.RedirectTests" time="0.022"/>
  <testcase name="getPerson()" classname="org.springframework.test.web.servlet.samples.standalone.RedirectTests" time="0.017"/>
  <system-out><![CDATA[]]></system-out>
  <system-err><![CDATA[]]></system-err>
</testsuite>
