<?xml version="1.0" encoding="UTF-8"?>
<testsuite name="org.springframework.test.web.servlet.result.StatusResultMatchersExtensionsTests" tests="2" skipped="0" failures="0" errors="0" timestamp="2020-06-22T06:40:18" hostname="aiguoxindeMacBook-Pro.local" time="0.293">
  <properties/>
  <testcase name="StatusResultMatchers#is with int parameter is called as expected when using isEqualTo extension()" classname="org.springframework.test.web.servlet.result.StatusResultMatchersExtensionsTests" time="0.162"/>
  <testcase name="StatusResultMatchers#is with Matcher parameter is called as expected when using isEqualTo extension()" classname="org.springframework.test.web.servlet.result.StatusResultMatchersExtensionsTests" time="0.128"/>
  <system-out><![CDATA[]]></system-out>
  <system-err><![CDATA[]]></system-err>
</testsuite>
