<?xml version="1.0" encoding="UTF-8"?>
<testsuite name="org.springframework.test.context.junit4.rules.ProgrammaticTxMgmtSpringRuleTests" tests="12" skipped="0" failures="0" errors="0" timestamp="2020-06-22T06:40:25" hostname="aiguoxindeMacBook-Pro.local" time="0.061">
  <properties/>
  <testcase name="rollbackTxAndStartNewTx" classname="org.springframework.test.context.junit4.rules.ProgrammaticTxMgmtSpringRuleTests" time="0.035"/>
  <testcase name="isFlaggedForRollbackWithNonExistentTransactionContext" classname="org.springframework.test.context.junit4.rules.ProgrammaticTxMgmtSpringRuleTests" time="0.002"/>
  <testcase name="flagForCommitWithNonExistentTransactionContext" classname="org.springframework.test.context.junit4.rules.ProgrammaticTxMgmtSpringRuleTests" time="0.002"/>
  <testcase name="isActiveWithNonExistentTransactionContext" classname="org.springframework.test.context.junit4.rules.ProgrammaticTxMgmtSpringRuleTests" time="0.002"/>
  <testcase name="flagForRollbackWithNonExistentTransactionContext" classname="org.springframework.test.context.junit4.rules.ProgrammaticTxMgmtSpringRuleTests" time="0.002"/>
  <testcase name="endTxWithNonExistentTransactionContext" classname="org.springframework.test.context.junit4.rules.ProgrammaticTxMgmtSpringRuleTests" time="0.001"/>
  <testcase name="rollbackTxButDoNotStartNewTx" classname="org.springframework.test.context.junit4.rules.ProgrammaticTxMgmtSpringRuleTests" time="0.001"/>
  <testcase name="startTxWithExistingTransaction" classname="org.springframework.test.context.junit4.rules.ProgrammaticTxMgmtSpringRuleTests" time="0.004"/>
  <testcase name="startTxWithNonExistentTransactionContext" classname="org.springframework.test.context.junit4.rules.ProgrammaticTxMgmtSpringRuleTests" time="0.002"/>
  <testcase name="commitTxButDoNotStartNewTx" classname="org.springframework.test.context.junit4.rules.ProgrammaticTxMgmtSpringRuleTests" time="0.003"/>
  <testcase name="commitTxAndStartNewTx" classname="org.springframework.test.context.junit4.rules.ProgrammaticTxMgmtSpringRuleTests" time="0.003"/>
  <testcase name="rollbackTxAndStartNewTxWithDefaultCommitSemantics" classname="org.springframework.test.context.junit4.rules.ProgrammaticTxMgmtSpringRuleTests" time="0.004"/>
  <system-out><![CDATA[]]></system-out>
  <system-err><![CDATA[]]></system-err>
</testsuite>
