<?xml version="1.0" encoding="UTF-8"?>
<testsuite name="org.springframework.test.context.web.BasicXmlWacTests" tests="2" skipped="0" failures="0" errors="0" timestamp="2020-06-22T06:40:27" hostname="aiguoxindeMacBook-Pro.local" time="0.002">
  <properties/>
  <testcase name="fooBarAutowired" classname="org.springframework.test.context.web.BasicXmlWacTests" time="0.001"/>
  <testcase name="basicWacFeatures" classname="org.springframework.test.context.web.BasicXmlWacTests" time="0.0"/>
  <system-out><![CDATA[]]></system-out>
  <system-err><![CDATA[]]></system-err>
</testsuite>
