<?xml version="1.0" encoding="UTF-8"?>
<testsuite name="org.springframework.test.web.servlet.samples.standalone.resultmatchers.ViewNameAssertionTests" tests="2" skipped="0" failures="0" errors="0" timestamp="2020-06-22T06:40:14" hostname="aiguoxindeMacBook-Pro.local" time="0.037">
  <properties/>
  <testcase name="testHamcrestMatcher()" classname="org.springframework.test.web.servlet.samples.standalone.resultmatchers.ViewNameAssertionTests" time="0.019"/>
  <testcase name="testEqualTo()" classname="org.springframework.test.web.servlet.samples.standalone.resultmatchers.ViewNameAssertionTests" time="0.017"/>
  <system-out><![CDATA[]]></system-out>
  <system-err><![CDATA[]]></system-err>
</testsuite>
