<?xml version="1.0" encoding="UTF-8"?>
<testsuite name="org.springframework.mock.web.MockFilterChainTests" tests="7" skipped="0" failures="0" errors="0" timestamp="2020-06-22T06:39:28" hostname="aiguoxindeMacBook-Pro.local" time="0.629">
  <properties/>
  <testcase name="doFilterNullResponse()" classname="org.springframework.mock.web.MockFilterChainTests" time="0.018"/>
  <testcase name="constructorNullServlet()" classname="org.springframework.mock.web.MockFilterChainTests" time="0.001"/>
  <testcase name="constructorNullFilter()" classname="org.springframework.mock.web.MockFilterChainTests" time="0.581"/>
  <testcase name="doFilterNullRequest()" classname="org.springframework.mock.web.MockFilterChainTests" time="0.001"/>
  <testcase name="doFilterWithServlet()" classname="org.springframework.mock.web.MockFilterChainTests" time="0.023"/>
  <testcase name="doFilterEmptyChain()" classname="org.springframework.mock.web.MockFilterChainTests" time="0.002"/>
  <testcase name="doFilterWithServletAndFilters()" classname="org.springframework.mock.web.MockFilterChainTests" time="0.001"/>
  <system-out><![CDATA[]]></system-out>
  <system-err><![CDATA[]]></system-err>
</testsuite>
