<?xml version="1.0" encoding="UTF-8"?>
<testsuite name="org.springframework.test.context.junit4.rules.BeforeAndAfterTransactionAnnotationSpringRuleTests" tests="3" skipped="0" failures="0" errors="0" timestamp="2020-06-22T06:40:25" hostname="aiguoxindeMacBook-Pro.local" time="0.014">
  <properties/>
  <testcase name="transactionalMethod1" classname="org.springframework.test.context.junit4.rules.BeforeAndAfterTransactionAnnotationSpringRuleTests" time="0.005"/>
  <testcase name="transactionalMethod2" classname="org.springframework.test.context.junit4.rules.BeforeAndAfterTransactionAnnotationSpringRuleTests" time="0.005"/>
  <testcase name="nonTransactionalMethod" classname="org.springframework.test.context.junit4.rules.BeforeAndAfterTransactionAnnotationSpringRuleTests" time="0.004"/>
  <system-out><![CDATA[]]></system-out>
  <system-err><![CDATA[]]></system-err>
</testsuite>
