<?xml version="1.0" encoding="UTF-8"?>
<testsuite name="org.springframework.mock.web.MockServletContextTests$MockServletContextWithFileSystemResourceLoaderTests" tests="4" skipped="0" failures="0" errors="0" timestamp="2020-06-22T06:39:29" hostname="aiguoxindeMacBook-Pro.local" time="0.012">
  <properties/>
  <testcase name="getResourceWithRelativePathToWindowsCDrive()" classname="org.springframework.mock.web.MockServletContextTests$MockServletContextWithFileSystemResourceLoaderTests" time="0.003"/>
  <testcase name="getResourcePathsWithRelativePathToWindowsCDrive()" classname="org.springframework.mock.web.MockServletContextTests$MockServletContextWithFileSystemResourceLoaderTests" time="0.001"/>
  <testcase name="getRealPathWithRelativePathToWindowsCDrive()" classname="org.springframework.mock.web.MockServletContextTests$MockServletContextWithFileSystemResourceLoaderTests" time="0.005"/>
  <testcase name="getResourceAsStreamWithRelativePathToWindowsCDrive()" classname="org.springframework.mock.web.MockServletContextTests$MockServletContextWithFileSystemResourceLoaderTests" time="0.001"/>
  <system-out><![CDATA[]]></system-out>
  <system-err><![CDATA[]]></system-err>
</testsuite>
