<?xml version="1.0" encoding="UTF-8"?>
<testsuite name="org.springframework.test.web.servlet.samples.spr.MockMvcBuilderMethodChainTests" tests="1" skipped="0" failures="0" errors="0" timestamp="2020-06-22T06:40:08" hostname="aiguoxindeMacBook-Pro.local" time="0.001">
  <properties/>
  <testcase name="chainMultiple()" classname="org.springframework.test.web.servlet.samples.spr.MockMvcBuilderMethodChainTests" time="0.001"/>
  <system-out><![CDATA[]]></system-out>
  <system-err><![CDATA[]]></system-err>
</testsuite>
