<?xml version="1.0" encoding="UTF-8"?>
<testsuite name="org.springframework.test.web.reactive.server.samples.XmlContentTests" tests="5" skipped="0" failures="0" errors="0" timestamp="2020-06-22T06:39:58" hostname="aiguoxindeMacBook-Pro.local" time="0.194">
  <properties/>
  <testcase name="postXmlContent()" classname="org.springframework.test.web.reactive.server.samples.XmlContentTests" time="0.046"/>
  <testcase name="xpathIsEqualTo()" classname="org.springframework.test.web.reactive.server.samples.XmlContentTests" time="0.026"/>
  <testcase name="xpathContainsSubstringViaRegex()" classname="org.springframework.test.web.reactive.server.samples.XmlContentTests" time="0.005"/>
  <testcase name="xmlContent()" classname="org.springframework.test.web.reactive.server.samples.XmlContentTests" time="0.024"/>
  <testcase name="xpathMatches()" classname="org.springframework.test.web.reactive.server.samples.XmlContentTests" time="0.015"/>
  <system-out><![CDATA[]]></system-out>
  <system-err><![CDATA[]]></system-err>
</testsuite>
