<?xml version="1.0" encoding="UTF-8"?>
<testsuite name="org.springframework.test.context.groovy.DefaultScriptDetectionGroovySpringContextTests" tests="1" skipped="0" failures="0" errors="0" timestamp="2020-06-22T06:39:35" hostname="aiguoxindeMacBook-Pro.local" time="0.007">
  <properties/>
  <testcase name="verifyAnnotationAutowiredFields()" classname="org.springframework.test.context.groovy.DefaultScriptDetectionGroovySpringContextTests" time="0.007"/>
  <system-out><![CDATA[]]></system-out>
  <system-err><![CDATA[]]></system-err>
</testsuite>
