<?xml version="1.0" encoding="UTF-8"?>
<testsuite name="org.springframework.test.web.client.DefaultRequestExpectationTests" tests="4" skipped="0" failures="0" errors="0" timestamp="2020-06-22T06:39:55" hostname="aiguoxindeMacBook-Pro.local" time="0.007">
  <properties/>
  <testcase name="hasRemainingCount()" classname="org.springframework.test.web.client.DefaultRequestExpectationTests" time="0.005"/>
  <testcase name="isSatisfied()" classname="org.springframework.test.web.client.DefaultRequestExpectationTests" time="0.0"/>
  <testcase name="match()" classname="org.springframework.test.web.client.DefaultRequestExpectationTests" time="0.001"/>
  <testcase name="matchWithFailedExpectation()" classname="org.springframework.test.web.client.DefaultRequestExpectationTests" time="0.001"/>
  <system-out><![CDATA[]]></system-out>
  <system-err><![CDATA[]]></system-err>
</testsuite>
