<?xml version="1.0" encoding="UTF-8"?>
<testsuite name="org.springframework.test.context.groovy.RelativePathGroovySpringContextTests" tests="6" skipped="0" failures="0" errors="0" timestamp="2020-06-22T06:39:35" hostname="aiguoxindeMacBook-Pro.local" time="0.009">
  <properties/>
  <testcase name="verifyResourceAnnotationWiredFields()" classname="org.springframework.test.context.groovy.RelativePathGroovySpringContextTests" time="0.0"/>
  <testcase name="verifyResourceAnnotationWiredMethods()" classname="org.springframework.test.context.groovy.RelativePathGroovySpringContextTests" time="0.001"/>
  <testcase name="verifyBeanInitialized()" classname="org.springframework.test.context.groovy.RelativePathGroovySpringContextTests" time="0.001"/>
  <testcase name="verifyBeanNameSet()" classname="org.springframework.test.context.groovy.RelativePathGroovySpringContextTests" time="0.0"/>
  <testcase name="verifyAnnotationAutowiredFields()" classname="org.springframework.test.context.groovy.RelativePathGroovySpringContextTests" time="0.0"/>
  <testcase name="verifyAnnotationAutowiredMethods()" classname="org.springframework.test.context.groovy.RelativePathGroovySpringContextTests" time="0.0"/>
  <system-out><![CDATA[]]></system-out>
  <system-err><![CDATA[]]></system-err>
</testsuite>
