<?xml version="1.0" encoding="UTF-8"?>
<testsuite name="org.springframework.test.web.servlet.samples.standalone.ExceptionHandlerTests" tests="3" skipped="0" failures="0" errors="0" timestamp="2020-06-22T06:40:08" hostname="aiguoxindeMacBook-Pro.local" time="0.065">
  <properties/>
  <testcase name="testGlobalExceptionHandlerMethodUsingClassArgument()" classname="org.springframework.test.web.servlet.samples.standalone.ExceptionHandlerTests" time="0.02"/>
  <testcase name="testExceptionHandlerMethod()" classname="org.springframework.test.web.servlet.samples.standalone.ExceptionHandlerTests" time="0.022"/>
  <testcase name="testGlobalExceptionHandlerMethod()" classname="org.springframework.test.web.servlet.samples.standalone.ExceptionHandlerTests" time="0.021"/>
  <system-out><![CDATA[]]></system-out>
  <system-err><![CDATA[]]></system-err>
</testsuite>
