<?xml version="1.0" encoding="UTF-8"?>
<testsuite name="org.springframework.test.web.servlet.samples.standalone.RequestParameterTests" tests="1" skipped="0" failures="0" errors="0" timestamp="2020-06-22T06:40:12" hostname="aiguoxindeMacBook-Pro.local" time="0.018">
  <properties/>
  <testcase name="queryParameter()" classname="org.springframework.test.web.servlet.samples.standalone.RequestParameterTests" time="0.018"/>
  <system-out><![CDATA[]]></system-out>
  <system-err><![CDATA[]]></system-err>
</testsuite>
