<?xml version="1.0" encoding="UTF-8"?>
<testsuite name="org.springframework.test.web.servlet.samples.standalone.AsyncTests" tests="10" skipped="0" failures="0" errors="0" timestamp="2020-06-22T06:40:08" hostname="aiguoxindeMacBook-Pro.local" time="0.566">
  <properties/>
  <testcase name="printAsyncResult()" classname="org.springframework.test.web.servlet.samples.standalone.AsyncTests" time="0.007"/>
  <testcase name="streaming()" classname="org.springframework.test.web.servlet.samples.standalone.AsyncTests" time="0.006"/>
  <testcase name="callable()" classname="org.springframework.test.web.servlet.samples.standalone.AsyncTests" time="0.008"/>
  <testcase name="completableFutureWithImmediateValue()" classname="org.springframework.test.web.servlet.samples.standalone.AsyncTests" time="0.011"/>
  <testcase name="listenableFuture()" classname="org.springframework.test.web.servlet.samples.standalone.AsyncTests" time="0.006"/>
  <testcase name="deferredResultWithImmediateValue()" classname="org.springframework.test.web.servlet.samples.standalone.AsyncTests" time="0.004"/>
  <testcase name="deferredResult()" classname="org.springframework.test.web.servlet.samples.standalone.AsyncTests" time="0.002"/>
  <testcase name="streamingJson()" classname="org.springframework.test.web.servlet.samples.standalone.AsyncTests" time="0.003"/>
  <testcase name="streamingSlow()" classname="org.springframework.test.web.servlet.samples.standalone.AsyncTests" time="0.203"/>
  <testcase name="deferredResultWithDelayedError()" classname="org.springframework.test.web.servlet.samples.standalone.AsyncTests" time="0.113"/>
  <system-out><![CDATA[]]></system-out>
  <system-err><![CDATA[]]></system-err>
</testsuite>
