<?xml version="1.0" encoding="UTF-8"?>
<testsuite name="org.springframework.test.context.junit4.MethodLevelTransactionalSpringRunnerTests" tests="2" skipped="0" failures="0" errors="0" timestamp="2020-06-22T06:40:20" hostname="aiguoxindeMacBook-Pro.local" time="0.006">
  <properties/>
  <testcase name="modifyTestDataWithinTransaction" classname="org.springframework.test.context.junit4.MethodLevelTransactionalSpringRunnerTests" time="0.003"/>
  <testcase name="modifyTestDataWithoutTransaction" classname="org.springframework.test.context.junit4.MethodLevelTransactionalSpringRunnerTests" time="0.003"/>
  <system-out><![CDATA[]]></system-out>
  <system-err><![CDATA[]]></system-err>
</testsuite>
