<?xml version="1.0" encoding="UTF-8"?>
<testsuite name="org.springframework.test.context.jdbc.IsolatedTransactionModeSqlScriptsTests" tests="1" skipped="0" failures="0" errors="0" timestamp="2020-06-22T06:39:36" hostname="aiguoxindeMacBook-Pro.local" time="0.004">
  <properties/>
  <testcase name="methodLevelScripts()" classname="org.springframework.test.context.jdbc.IsolatedTransactionModeSqlScriptsTests" time="0.004"/>
  <system-out><![CDATA[]]></system-out>
  <system-err><![CDATA[]]></system-err>
</testsuite>
