<?xml version="1.0" encoding="UTF-8"?>
<testsuite name="org.springframework.test.web.reactive.server.DefaultRouterFunctionSpecTests" tests="2" skipped="0" failures="0" errors="0" timestamp="2020-06-22T06:39:57" hostname="aiguoxindeMacBook-Pro.local" time="0.034">
  <properties/>
  <testcase name="webFilter()" classname="org.springframework.test.web.reactive.server.DefaultRouterFunctionSpecTests" time="0.019"/>
  <testcase name="exceptionHandler()" classname="org.springframework.test.web.reactive.server.DefaultRouterFunctionSpecTests" time="0.015"/>
  <system-out><![CDATA[]]></system-out>
  <system-err><![CDATA[]]></system-err>
</testsuite>
