<?xml version="1.0" encoding="UTF-8"?>
<testsuite name="org.springframework.test.context.configuration.ContextConfigurationWithPropertiesExtendingPropertiesAndInheritedLoaderTests" tests="2" skipped="0" failures="0" errors="0" timestamp="2020-06-22T06:40:19" hostname="aiguoxindeMacBook-Pro.local" time="0.005">
  <properties/>
  <testcase name="verifyExtendedAnnotationAutowiredFields" classname="org.springframework.test.context.configuration.ContextConfigurationWithPropertiesExtendingPropertiesAndInheritedLoaderTests" time="0.004"/>
  <testcase name="verifyAnnotationAutowiredFields" classname="org.springframework.test.context.configuration.ContextConfigurationWithPropertiesExtendingPropertiesAndInheritedLoaderTests" time="0.0"/>
  <system-out><![CDATA[]]></system-out>
  <system-err><![CDATA[]]></system-err>
</testsuite>
