<?xml version="1.0" encoding="UTF-8"?>
<testsuite name="org.springframework.test.web.servlet.samples.standalone.resultmatchers.RequestAttributeAssertionTests" tests="2" skipped="0" failures="0" errors="0" timestamp="2020-06-22T06:40:13" hostname="aiguoxindeMacBook-Pro.local" time="0.02">
  <properties/>
  <testcase name="requestAttributeMatcher()" classname="org.springframework.test.web.servlet.samples.standalone.resultmatchers.RequestAttributeAssertionTests" time="0.002"/>
  <testcase name="requestAttributeEqualTo()" classname="org.springframework.test.web.servlet.samples.standalone.resultmatchers.RequestAttributeAssertionTests" time="0.002"/>
  <system-out><![CDATA[]]></system-out>
  <system-err><![CDATA[]]></system-err>
</testsuite>
