<?xml version="1.0" encoding="UTF-8"?>
<testsuite name="org.springframework.test.web.servlet.htmlunit.webdriver.MockMvcHtmlUnitDriverBuilderTests" tests="7" skipped="0" failures="0" errors="0" timestamp="2020-06-22T06:40:05" hostname="aiguoxindeMacBook-Pro.local" time="0.342">
  <properties/>
  <testcase name="mockMvcSetupWithDefaultDriverDelegate()" classname="org.springframework.test.web.servlet.htmlunit.webdriver.MockMvcHtmlUnitDriverBuilderTests" time="0.102"/>
  <testcase name="mockMvcSetupWithCustomDriverDelegate()" classname="org.springframework.test.web.servlet.htmlunit.webdriver.MockMvcHtmlUnitDriverBuilderTests" time="0.157"/>
  <testcase name="cookieManagerShared()" classname="org.springframework.test.web.servlet.htmlunit.webdriver.MockMvcHtmlUnitDriverBuilderTests" time="0.054"/>
  <testcase name="javaScriptDisabled()" classname="org.springframework.test.web.servlet.htmlunit.webdriver.MockMvcHtmlUnitDriverBuilderTests" time="0.011"/>
  <testcase name="webAppContextSetupNull()" classname="org.springframework.test.web.servlet.htmlunit.webdriver.MockMvcHtmlUnitDriverBuilderTests" time="0.001"/>
  <testcase name="mockMvcSetupNull()" classname="org.springframework.test.web.servlet.htmlunit.webdriver.MockMvcHtmlUnitDriverBuilderTests" time="0.001"/>
  <testcase name="javaScriptEnabledByDefault()" classname="org.springframework.test.web.servlet.htmlunit.webdriver.MockMvcHtmlUnitDriverBuilderTests" time="0.012"/>
  <system-out><![CDATA[]]></system-out>
  <system-err><![CDATA[]]></system-err>
</testsuite>
