<?xml version="1.0" encoding="UTF-8"?>
<testsuite name="org.springframework.test.context.junit4.spr9051.AtBeanLiteModeScopeTests" tests="2" skipped="0" failures="0" errors="0" timestamp="2020-06-22T06:40:26" hostname="aiguoxindeMacBook-Pro.local" time="0.001">
  <properties/>
  <testcase name="prototypeLiteBean" classname="org.springframework.test.context.junit4.spr9051.AtBeanLiteModeScopeTests" time="0.0"/>
  <testcase name="singletonLiteBean" classname="org.springframework.test.context.junit4.spr9051.AtBeanLiteModeScopeTests" time="0.0"/>
  <system-out><![CDATA[]]></system-out>
  <system-err><![CDATA[]]></system-err>
</testsuite>
