<?xml version="1.0" encoding="UTF-8"?>
<testsuite name="org.springframework.test.context.transaction.ejb.CommitForRequiredEjbTxDaoTests" tests="3" skipped="0" failures="0" errors="0" timestamp="2020-06-22T06:39:52" hostname="aiguoxindeMacBook-Pro.local" time="0.167">
  <properties/>
  <testcase name="test1InitialState()" classname="org.springframework.test.context.transaction.ejb.CommitForRequiredEjbTxDaoTests" time="0.15"/>
  <testcase name="test2IncrementCount1()" classname="org.springframework.test.context.transaction.ejb.CommitForRequiredEjbTxDaoTests" time="0.014"/>
  <testcase name="test3IncrementCount2()" classname="org.springframework.test.context.transaction.ejb.CommitForRequiredEjbTxDaoTests" time="0.002"/>
  <system-out><![CDATA[]]></system-out>
  <system-err><![CDATA[]]></system-err>
</testsuite>
