<?xml version="1.0" encoding="UTF-8"?>
<testsuite name="org.springframework.test.jdbc.JdbcTestUtilsTests" tests="3" skipped="0" failures="0" errors="0" timestamp="2020-06-22T06:39:54" hostname="aiguoxindeMacBook-Pro.local" time="0.242">
  <properties/>
  <testcase name="deleteWithoutWhereClause()" classname="org.springframework.test.jdbc.JdbcTestUtilsTests" time="0.239"/>
  <testcase name="deleteWithWhereClauseAndArguments()" classname="org.springframework.test.jdbc.JdbcTestUtilsTests" time="0.001"/>
  <testcase name="deleteWithWhereClause()" classname="org.springframework.test.jdbc.JdbcTestUtilsTests" time="0.001"/>
  <system-out><![CDATA[]]></system-out>
  <system-err><![CDATA[]]></system-err>
</testsuite>
