<?xml version="1.0" encoding="UTF-8"?>
<testsuite name="org.springframework.test.context.junit4.orm.HibernateSessionFlushingTests" tests="6" skipped="0" failures="0" errors="0" timestamp="2020-06-22T06:40:24" hostname="aiguoxindeMacBook-Pro.local" time="0.303">
  <properties/>
  <testcase name="findSamWithReadOnlySession" classname="org.springframework.test.context.junit4.orm.HibernateSessionFlushingTests" time="0.266"/>
  <testcase name="saveJuergenWithNullDriversLicense" classname="org.springframework.test.context.junit4.orm.HibernateSessionFlushingTests" time="0.014"/>
  <testcase name="findSam" classname="org.springframework.test.context.junit4.orm.HibernateSessionFlushingTests" time="0.004"/>
  <testcase name="updateSamWithNullDriversLicenseWithSessionFlush" classname="org.springframework.test.context.junit4.orm.HibernateSessionFlushingTests" time="0.01"/>
  <testcase name="saveJuergenWithDriversLicense" classname="org.springframework.test.context.junit4.orm.HibernateSessionFlushingTests" time="0.006"/>
  <testcase name="updateSamWithNullDriversLicenseWithoutSessionFlush" classname="org.springframework.test.context.junit4.orm.HibernateSessionFlushingTests" time="0.002"/>
  <system-out><![CDATA[14:40:24.471 [Test worker] ERROR o.h.e.j.s.SqlExceptionHelper - integrity constraint violation: NOT NULL check constraint; SYS_CT_10095 table: PERSON column: DRIVERS_LICENSE_ID
14:40:24.483 [Test worker] ERROR o.h.e.j.s.SqlExceptionHelper - integrity constraint violation: NOT NULL check constraint; SYS_CT_10095 table: PERSON column: DRIVERS_LICENSE_ID
]]></system-out>
  <system-err><![CDATA[]]></system-err>
</testsuite>
