<?xml version="1.0" encoding="UTF-8"?>
<testsuite name="org.springframework.test.context.junit4.nested.NestedTestsWithSpringRulesTests$NestedTestCase" tests="1" skipped="0" failures="0" errors="0" timestamp="2020-06-22T06:40:20" hostname="aiguoxindeMacBook-Pro.local" time="0.011">
  <properties/>
  <testcase name="nestedTest" classname="org.springframework.test.context.junit4.nested.NestedTestsWithSpringRulesTests$NestedTestCase" time="0.011"/>
  <system-out><![CDATA[]]></system-out>
  <system-err><![CDATA[]]></system-err>
</testsuite>
