<?xml version="1.0" encoding="UTF-8"?>
<testsuite name="org.springframework.test.web.servlet.MockMvcReuseTests" tests="2" skipped="0" failures="0" errors="0" timestamp="2020-06-22T06:40:06" hostname="aiguoxindeMacBook-Pro.local" time="0.013">
  <properties/>
  <testcase name="requestParametersAreClearedBetweenInvocations()" classname="org.springframework.test.web.servlet.MockMvcReuseTests" time="0.005"/>
  <testcase name="sessionAttributesAreClearedBetweenInvocations()" classname="org.springframework.test.web.servlet.MockMvcReuseTests" time="0.008"/>
  <system-out><![CDATA[]]></system-out>
  <system-err><![CDATA[]]></system-err>
</testsuite>
