<?xml version="1.0" encoding="UTF-8"?>
<testsuite name="org.springframework.test.web.reactive.server.MockServerTests" tests="4" skipped="0" failures="0" errors="0" timestamp="2020-06-22T06:39:57" hostname="aiguoxindeMacBook-Pro.local" time="0.025">
  <properties/>
  <testcase name="exchangeResultHasCookieHeaders()" classname="org.springframework.test.web.reactive.server.MockServerTests" time="0.003"/>
  <testcase name="mutateDoesNotCreateNewSession()" classname="org.springframework.test.web.reactive.server.MockServerTests" time="0.006"/>
  <testcase name="responseBodyContentWithFluxExchangeResult()" classname="org.springframework.test.web.reactive.server.MockServerTests" time="0.011"/>
  <testcase name="mutateDoesCopy()" classname="org.springframework.test.web.reactive.server.MockServerTests" time="0.005"/>
  <system-out><![CDATA[]]></system-out>
  <system-err><![CDATA[]]></system-err>
</testsuite>
