<?xml version="1.0" encoding="UTF-8"?>
<testsuite name="org.springframework.test.context.jdbc.DefaultScriptDetectionSqlScriptsTests" tests="2" skipped="0" failures="0" errors="0" timestamp="2020-06-22T06:39:36" hostname="aiguoxindeMacBook-Pro.local" time="0.015">
  <properties/>
  <testcase name="methodLevel()" classname="org.springframework.test.context.jdbc.DefaultScriptDetectionSqlScriptsTests" time="0.009"/>
  <testcase name="classLevel()" classname="org.springframework.test.context.jdbc.DefaultScriptDetectionSqlScriptsTests" time="0.005"/>
  <system-out><![CDATA[]]></system-out>
  <system-err><![CDATA[]]></system-err>
</testsuite>
