<?xml version="1.0" encoding="UTF-8"?>
<testsuite name="org.springframework.web.reactive.function.server.DefaultEntityResponseBuilderTests" tests="17" skipped="0" failures="0" errors="0" timestamp="2020-06-22T06:07:03" hostname="aiguoxindeMacBook-Pro.local" time="0.221">
  <properties/>
  <testcase name="notModifiedEtag()" classname="org.springframework.web.reactive.function.server.DefaultEntityResponseBuilderTests" time="0.034"/>
  <testcase name="status()" classname="org.springframework.web.reactive.function.server.DefaultEntityResponseBuilderTests" time="0.004"/>
  <testcase name="varyBy()" classname="org.springframework.web.reactive.function.server.DefaultEntityResponseBuilderTests" time="0.002"/>
  <testcase name="fromPublisher()" classname="org.springframework.web.reactive.function.server.DefaultEntityResponseBuilderTests" time="0.001"/>
  <testcase name="contentLength()" classname="org.springframework.web.reactive.function.server.DefaultEntityResponseBuilderTests" time="0.002"/>
  <testcase name="contentType()" classname="org.springframework.web.reactive.function.server.DefaultEntityResponseBuilderTests" time="0.001"/>
  <testcase name="etag()" classname="org.springframework.web.reactive.function.server.DefaultEntityResponseBuilderTests" time="0.001"/>
  <testcase name="allow()" classname="org.springframework.web.reactive.function.server.DefaultEntityResponseBuilderTests" time="0.001"/>
  <testcase name="cacheControlTag()" classname="org.springframework.web.reactive.function.server.DefaultEntityResponseBuilderTests" time="0.001"/>
  <testcase name="notModifiedLastModified()" classname="org.springframework.web.reactive.function.server.DefaultEntityResponseBuilderTests" time="0.011"/>
  <testcase name="bodyInserter()" classname="org.springframework.web.reactive.function.server.DefaultEntityResponseBuilderTests" time="0.003"/>
  <testcase name="headers()" classname="org.springframework.web.reactive.function.server.DefaultEntityResponseBuilderTests" time="0.0"/>
  <testcase name="fromProducer()" classname="org.springframework.web.reactive.function.server.DefaultEntityResponseBuilderTests" time="0.107"/>
  <testcase name="cookies()" classname="org.springframework.web.reactive.function.server.DefaultEntityResponseBuilderTests" time="0.006"/>
  <testcase name="fromPublisherClass()" classname="org.springframework.web.reactive.function.server.DefaultEntityResponseBuilderTests" time="0.001"/>
  <testcase name="lastModified()" classname="org.springframework.web.reactive.function.server.DefaultEntityResponseBuilderTests" time="0.002"/>
  <testcase name="fromObject()" classname="org.springframework.web.reactive.function.server.DefaultEntityResponseBuilderTests" time="0.001"/>
  <system-out><![CDATA[]]></system-out>
  <system-err><![CDATA[]]></system-err>
</testsuite>
