<?xml version="1.0" encoding="UTF-8"?>
<testsuite name="org.springframework.web.reactive.function.BodyInsertersTests" tests="16" skipped="0" failures="0" errors="0" timestamp="2020-06-22T06:07:03" hostname="aiguoxindeMacBook-Pro.local" time="1.286">
  <properties/>
  <testcase name="fromMultipartData()" classname="org.springframework.web.reactive.function.BodyInsertersTests" time="0.119"/>
  <testcase name="ofDataBuffers()" classname="org.springframework.web.reactive.function.BodyInsertersTests" time="0.068"/>
  <testcase name="ofObject()" classname="org.springframework.web.reactive.function.BodyInsertersTests" time="0.316"/>
  <testcase name="fromFormDataMap()" classname="org.springframework.web.reactive.function.BodyInsertersTests" time="0.071"/>
  <testcase name="ofPublisher()" classname="org.springframework.web.reactive.function.BodyInsertersTests" time="0.012"/>
  <testcase name="ofString()" classname="org.springframework.web.reactive.function.BodyInsertersTests" time="0.005"/>
  <testcase name="ofObjectWithHints()" classname="org.springframework.web.reactive.function.BodyInsertersTests" time="0.007"/>
  <testcase name="ofResource()" classname="org.springframework.web.reactive.function.BodyInsertersTests" time="0.241"/>
  <testcase name="fromMultipartDataWithMultipleValues()" classname="org.springframework.web.reactive.function.BodyInsertersTests" time="0.058"/>
  <testcase name="ofProducerWithFlux()" classname="org.springframework.web.reactive.function.BodyInsertersTests" time="0.005"/>
  <testcase name="ofProducerWithMono()" classname="org.springframework.web.reactive.function.BodyInsertersTests" time="0.01"/>
  <testcase name="ofResourceRange()" classname="org.springframework.web.reactive.function.BodyInsertersTests" time="0.064"/>
  <testcase name="fromFormDataWith()" classname="org.springframework.web.reactive.function.BodyInsertersTests" time="0.024"/>
  <testcase name="ofProducerWithSingle()" classname="org.springframework.web.reactive.function.BodyInsertersTests" time="0.123"/>
  <testcase name="ofServerSentEventFlux()" classname="org.springframework.web.reactive.function.BodyInsertersTests" time="0.068"/>
  <testcase name="ofResourceWithExplicitMediaType()" classname="org.springframework.web.reactive.function.BodyInsertersTests" time="0.052"/>
  <system-out><![CDATA[14:07:03.299 [Test worker] DEBUG o.s.h.c.m.MultipartHttpMessageWriter - Encoding parts [name 1, name 2, name 3] (content masked)
14:07:03.685 [Test worker] DEBUG o.s.h.c.j.Jackson2JsonEncoder - Encoding [org.springframework.web.reactive.function.BodyInsertersTests$User@22c53585]
14:07:03.813 [Test worker] DEBUG o.s.h.c.FormHttpMessageWriter - Writing form fields [name 1, name 2, name 3] (content masked)
14:07:03.846 [Test worker] DEBUG o.s.c.c.CharSequenceEncoder - Writing "foo"
14:07:03.852 [Test worker] DEBUG o.s.c.c.CharSequenceEncoder - Writing "foo"
14:07:03.858 [Test worker] DEBUG o.s.h.c.j.Jackson2JsonEncoder - Encoding [org.springframework.web.reactive.function.BodyInsertersTests$User@552393f2]
14:07:03.869 [Test worker] DEBUG o.s.h.c.ResourceHttpMessageWriter - Resource associated with 'text/plain'
14:07:03.874 [Test worker] DEBUG o.s.c.c.ResourceEncoder - Writing [class path resource [org/springframework/web/reactive/function/response.txt]]
14:07:04.121 [Test worker] DEBUG o.s.h.c.m.MultipartHttpMessageWriter - Encoding parts [name] (content masked)
14:07:04.167 [Test worker] DEBUG o.s.c.c.CharSequenceEncoder - Writing "foo"
14:07:04.177 [Test worker] DEBUG o.s.h.c.j.Jackson2JsonEncoder - Encoding [org.springframework.web.reactive.function.BodyInsertersTests$User@7da5933]
14:07:04.264 [Test worker] DEBUG o.s.h.c.ResourceHttpMessageWriter - Resource associated with 'text/plain'
14:07:04.267 [Test worker] DEBUG o.s.c.c.ResourceRegionEncoder - Writing region 10-49 of [class path resource [org/springframework/web/reactive/function/response.txt]]
14:07:04.296 [Test worker] DEBUG o.s.h.c.FormHttpMessageWriter - Writing form fields [name 1, name 2, name 3] (content masked)
14:07:04.420 [Test worker] DEBUG o.s.h.c.j.Jackson2JsonEncoder - Encoding [org.springframework.web.reactive.function.BodyInsertersTests$User@3ef194d]
14:07:04.538 [Test worker] DEBUG o.s.c.c.ResourceEncoder - Writing [class path resource [org/springframework/web/reactive/function/response.txt]]
]]></system-out>
  <system-err><![CDATA[]]></system-err>
</testsuite>
