<?xml version="1.0" encoding="UTF-8"?>
<testsuite name="org.springframework.web.reactive.result.KotlinInvocableHandlerMethodTests" tests="6" skipped="0" failures="0" errors="0" timestamp="2020-06-22T06:08:15" hostname="aiguoxindeMacBook-Pro.local" time="0.907">
  <properties/>
  <testcase name="resolveArg()" classname="org.springframework.web.reactive.result.KotlinInvocableHandlerMethodTests" time="0.611"/>
  <testcase name="voidMethodWithResponseArg()" classname="org.springframework.web.reactive.result.KotlinInvocableHandlerMethodTests" time="0.11"/>
  <testcase name="resolveNoArgs()" classname="org.springframework.web.reactive.result.KotlinInvocableHandlerMethodTests" time="0.036"/>
  <testcase name="invocationTargetException()" classname="org.springframework.web.reactive.result.KotlinInvocableHandlerMethodTests" time="0.014"/>
  <testcase name="resolveNoArg()" classname="org.springframework.web.reactive.result.KotlinInvocableHandlerMethodTests" time="0.054"/>
  <testcase name="responseStatusAnnotation()" classname="org.springframework.web.reactive.result.KotlinInvocableHandlerMethodTests" time="0.051"/>
  <system-out><![CDATA[]]></system-out>
  <system-err><![CDATA[]]></system-err>
</testsuite>
