<?xml version="1.0" encoding="UTF-8"?>
<testsuite name="org.springframework.web.reactive.function.server.PublisherHandlerFunctionIntegrationTests" tests="12" skipped="0" failures="0" errors="0" timestamp="2020-06-22T06:07:25" hostname="aiguoxindeMacBook-Pro.local" time="1.798">
  <properties/>
  <testcase name="flux(HttpServer)[1]" classname="org.springframework.web.reactive.function.server.PublisherHandlerFunctionIntegrationTests" time="0.162"/>
  <testcase name="flux(HttpServer)[2]" classname="org.springframework.web.reactive.function.server.PublisherHandlerFunctionIntegrationTests" time="0.071"/>
  <testcase name="flux(HttpServer)[3]" classname="org.springframework.web.reactive.function.server.PublisherHandlerFunctionIntegrationTests" time="0.119"/>
  <testcase name="flux(HttpServer)[4]" classname="org.springframework.web.reactive.function.server.PublisherHandlerFunctionIntegrationTests" time="0.122"/>
  <testcase name="mono(HttpServer)[1]" classname="org.springframework.web.reactive.function.server.PublisherHandlerFunctionIntegrationTests" time="0.04"/>
  <testcase name="mono(HttpServer)[2]" classname="org.springframework.web.reactive.function.server.PublisherHandlerFunctionIntegrationTests" time="0.044"/>
  <testcase name="mono(HttpServer)[3]" classname="org.springframework.web.reactive.function.server.PublisherHandlerFunctionIntegrationTests" time="0.122"/>
  <testcase name="mono(HttpServer)[4]" classname="org.springframework.web.reactive.function.server.PublisherHandlerFunctionIntegrationTests" time="0.11"/>
  <testcase name="postMono(HttpServer)[1]" classname="org.springframework.web.reactive.function.server.PublisherHandlerFunctionIntegrationTests" time="0.211"/>
  <testcase name="postMono(HttpServer)[2]" classname="org.springframework.web.reactive.function.server.PublisherHandlerFunctionIntegrationTests" time="0.06"/>
  <testcase name="postMono(HttpServer)[3]" classname="org.springframework.web.reactive.function.server.PublisherHandlerFunctionIntegrationTests" time="0.143"/>
  <testcase name="postMono(HttpServer)[4]" classname="org.springframework.web.reactive.function.server.PublisherHandlerFunctionIntegrationTests" time="0.065"/>
  <system-out><![CDATA[14:07:25.323 [Test worker] DEBUG o.s.w.s.a.HttpWebHandlerAdapter - enableLoggingRequestDetails='false': form data and headers will be masked to prevent unsafe logging of potentially sensitive data
14:07:25.323 [Test worker] WARN  o.e.j.s.h.ContextHandler - Empty contextPath
14:07:25.323 [Test worker] INFO  o.e.j.s.h.ContextHandler - Started o.e.j.s.ServletContextHandler@1a268b31{/,null,AVAILABLE}
14:07:25.324 [Test worker] DEBUG o.s.w.t.h.s.r.b.JettyHttpServer - Starting JettyHttpServer...
14:07:25.324 [Test worker] INFO  o.e.j.s.Server - jetty-9.4.30.v20200611; built: 2020-06-11T12:34:51.929Z; git: 271836e4c1f4612f12b7bb13ef5a92a927634b0d; jvm 1.8.0_73-b02
14:07:25.328 [Test worker] INFO  o.e.j.s.AbstractConnector - Started ServerConnector@36b9f058{HTTP/1.1, (http/1.1)}{0.0.0.0:60533}
14:07:25.328 [Test worker] INFO  o.e.j.s.Server - Started @45051ms
14:07:25.328 [Test worker] DEBUG o.s.w.t.h.s.r.b.JettyHttpServer - Server started on port 60533(0 millis).
14:07:25.353 [Test worker] DEBUG o.s.w.c.RestTemplate - HTTP GET http://localhost:60533/flux
14:07:25.382 [Test worker] DEBUG o.s.w.c.RestTemplate - Accept=[application/json, application/x-jackson-smile, application/*+json]
14:07:25.389 [qtp1049125935-1028] DEBUG o.s.w.s.a.HttpWebHandlerAdapter - [17c150bb] HTTP GET "/flux"
14:07:25.395 [qtp1049125935-1028] DEBUG o.s.h.c.j.Jackson2JsonEncoder - [17c150bb] Encoding [[Person{name='John'}, Person{name='Jane'}]]
14:07:25.397 [qtp1049125935-1028] DEBUG o.s.w.s.a.HttpWebHandlerAdapter - [17c150bb] Completed 200 OK
14:07:25.408 [Test worker] DEBUG o.s.w.c.RestTemplate - Response 200 OK
14:07:25.412 [Test worker] DEBUG o.s.w.c.RestTemplate - Reading to [java.util.List<org.springframework.web.reactive.function.server.PublisherHandlerFunctionIntegrationTests$Person>]
14:07:25.437 [Test worker] DEBUG o.s.w.t.h.s.r.b.JettyHttpServer - Stopping JettyHttpServer...
14:07:25.438 [Test worker] INFO  o.e.j.s.h.ContextHandler - Stopped o.e.j.s.ServletContextHandler@1a268b31{/,null,UNAVAILABLE}
14:07:25.440 [Test worker] INFO  o.e.j.s.AbstractConnector - Stopped ServerConnector@36b9f058{HTTP/1.1, (http/1.1)}{0.0.0.0:0}
14:07:25.451 [Test worker] DEBUG o.s.w.t.h.s.r.b.JettyHttpServer - Server stopped (0 millis).
14:07:25.542 [Test worker] DEBUG o.s.w.s.a.HttpWebHandlerAdapter - enableLoggingRequestDetails='false': form data and headers will be masked to prevent unsafe logging of potentially sensitive data
14:07:25.543 [Test worker] DEBUG o.s.w.t.h.s.r.b.ReactorHttpServer - Starting ReactorHttpServer...
14:07:25.544 [Test worker] DEBUG o.s.w.t.h.s.r.b.ReactorHttpServer - Server started on port 60535(0 millis).
14:07:25.545 [Test worker] DEBUG o.s.w.c.RestTemplate - HTTP GET http://localhost:60535/flux
14:07:25.546 [Test worker] DEBUG o.s.w.c.RestTemplate - Accept=[application/json, application/x-jackson-smile, application/*+json]
14:07:25.553 [reactor-http-nio-3] DEBUG o.s.w.s.a.HttpWebHandlerAdapter - [e26be790-5] HTTP GET "/flux"
14:07:25.554 [reactor-http-nio-3] DEBUG o.s.h.c.j.Jackson2JsonEncoder - [e26be790-5] Encoding [[Person{name='John'}, Person{name='Jane'}]]
14:07:25.555 [Test worker] DEBUG o.s.w.c.RestTemplate - Response 200 OK
14:07:25.556 [reactor-http-nio-3] DEBUG o.s.w.s.a.HttpWebHandlerAdapter - [e26be790-5] Completed 200 OK
14:07:25.556 [Test worker] DEBUG o.s.w.c.RestTemplate - Reading to [java.util.List<org.springframework.web.reactive.function.server.PublisherHandlerFunctionIntegrationTests$Person>]
14:07:25.558 [Test worker] DEBUG o.s.w.t.h.s.r.b.ReactorHttpServer - Stopping ReactorHttpServer...
14:07:25.558 [Test worker] DEBUG o.s.w.t.h.s.r.b.ReactorHttpServer - Server stopped (0 millis).
14:07:25.657 [Test worker] DEBUG o.s.w.s.a.HttpWebHandlerAdapter - enableLoggingRequestDetails='false': form data and headers will be masked to prevent unsafe logging of potentially sensitive data
14:07:25.658 [Test worker] DEBUG o.s.w.t.h.s.r.b.TomcatHttpServer - Starting TomcatHttpServer...
14:07:25.707 [Test worker] DEBUG o.s.w.t.h.s.r.b.TomcatHttpServer - Server started on port 60539(0 millis).
14:07:25.707 [Test worker] DEBUG o.s.w.c.RestTemplate - HTTP GET http://localhost:60539/flux
14:07:25.708 [Test worker] DEBUG o.s.w.c.RestTemplate - Accept=[application/json, application/x-jackson-smile, application/*+json]
14:07:25.724 [http-nio-auto-5-exec-1] DEBUG o.s.w.s.a.HttpWebHandlerAdapter - [5400fd0a] HTTP GET "/flux"
14:07:25.726 [http-nio-auto-5-exec-1] DEBUG o.s.h.c.j.Jackson2JsonEncoder - [5400fd0a] Encoding [[Person{name='John'}, Person{name='Jane'}]]
14:07:25.730 [http-nio-auto-5-exec-1] DEBUG o.s.w.s.a.HttpWebHandlerAdapter - [5400fd0a] Completed 200 OK
14:07:25.735 [Test worker] DEBUG o.s.w.c.RestTemplate - Response 200 OK
14:07:25.735 [Test worker] DEBUG o.s.w.c.RestTemplate - Reading to [java.util.List<org.springframework.web.reactive.function.server.PublisherHandlerFunctionIntegrationTests$Person>]
14:07:25.736 [Test worker] DEBUG o.s.w.t.h.s.r.b.TomcatHttpServer - Stopping TomcatHttpServer...
14:07:25.758 [Test worker] DEBUG o.s.w.t.h.s.r.b.TomcatHttpServer - Server stopped (0 millis).
14:07:25.822 [Test worker] DEBUG o.s.w.s.a.HttpWebHandlerAdapter - enableLoggingRequestDetails='false': form data and headers will be masked to prevent unsafe logging of potentially sensitive data
14:07:25.831 [Test worker] DEBUG o.s.w.t.h.s.r.b.UndertowHttpServer - Starting UndertowHttpServer...
14:07:25.855 [Test worker] INFO  i.undertow - starting server: Undertow - 2.1.3.Final
14:07:25.867 [Test worker] DEBUG o.s.w.t.h.s.r.b.UndertowHttpServer - Server started on port 60542(0 millis).
14:07:25.867 [Test worker] DEBUG o.s.w.c.RestTemplate - HTTP GET http://localhost:60542/flux
14:07:25.868 [Test worker] DEBUG o.s.w.c.RestTemplate - Accept=[application/json, application/x-jackson-smile, application/*+json]
14:07:25.872 [XNIO-5 I/O-6] DEBUG o.s.w.s.a.HttpWebHandlerAdapter - [1d5acf1f] HTTP GET "/flux"
14:07:25.873 [XNIO-5 I/O-6] DEBUG o.s.h.c.j.Jackson2JsonEncoder - [1d5acf1f] Encoding [[Person{name='John'}, Person{name='Jane'}]]
14:07:25.874 [XNIO-5 I/O-6] DEBUG o.s.w.s.a.HttpWebHandlerAdapter - [1d5acf1f] Completed 200 OK
14:07:25.874 [Test worker] DEBUG o.s.w.c.RestTemplate - Response 200 OK
14:07:25.874 [Test worker] DEBUG o.s.w.c.RestTemplate - Reading to [java.util.List<org.springframework.web.reactive.function.server.PublisherHandlerFunctionIntegrationTests$Person>]
14:07:25.877 [Test worker] DEBUG o.s.w.t.h.s.r.b.UndertowHttpServer - Stopping UndertowHttpServer...
14:07:25.877 [Test worker] INFO  i.undertow - stopping server: Undertow - 2.1.3.Final
14:07:25.902 [Test worker] DEBUG o.s.w.t.h.s.r.b.UndertowHttpServer - Server stopped (0 millis).
14:07:25.956 [Test worker] DEBUG o.s.w.s.a.HttpWebHandlerAdapter - enableLoggingRequestDetails='false': form data and headers will be masked to prevent unsafe logging of potentially sensitive data
14:07:25.957 [Test worker] WARN  o.e.j.s.h.ContextHandler - Empty contextPath
14:07:25.957 [Test worker] INFO  o.e.j.s.h.ContextHandler - Started o.e.j.s.ServletContextHandler@783f7b8b{/,null,AVAILABLE}
14:07:25.957 [Test worker] DEBUG o.s.w.t.h.s.r.b.JettyHttpServer - Starting JettyHttpServer...
14:07:25.957 [Test worker] INFO  o.e.j.s.Server - jetty-9.4.30.v20200611; built: 2020-06-11T12:34:51.929Z; git: 271836e4c1f4612f12b7bb13ef5a92a927634b0d; jvm 1.8.0_73-b02
14:07:25.960 [Test worker] INFO  o.e.j.s.AbstractConnector - Started ServerConnector@4d00ab76{HTTP/1.1, (http/1.1)}{0.0.0.0:60548}
14:07:25.960 [Test worker] INFO  o.e.j.s.Server - Started @45683ms
14:07:25.960 [Test worker] DEBUG o.s.w.t.h.s.r.b.JettyHttpServer - Server started on port 60548(0 millis).
14:07:25.961 [Test worker] DEBUG o.s.w.c.RestTemplate - HTTP GET http://localhost:60548/mono
14:07:25.962 [Test worker] DEBUG o.s.w.c.RestTemplate - Accept=[application/json, application/x-jackson-smile, application/*+json]
14:07:25.964 [qtp893262525-1062] DEBUG o.s.w.s.a.HttpWebHandlerAdapter - [770f27ba] HTTP GET "/mono"
14:07:25.965 [qtp893262525-1062] DEBUG o.s.h.c.j.Jackson2JsonEncoder - [770f27ba] Encoding [Person{name='John'}]
14:07:25.966 [qtp893262525-1062] DEBUG o.s.w.s.a.HttpWebHandlerAdapter - [770f27ba] Completed 200 OK
14:07:25.970 [Test worker] DEBUG o.s.w.c.RestTemplate - Response 200 OK
14:07:25.971 [Test worker] DEBUG o.s.w.c.RestTemplate - Reading to [org.springframework.web.reactive.function.server.PublisherHandlerFunctionIntegrationTests$Person]
14:07:25.971 [Test worker] DEBUG o.s.w.t.h.s.r.b.JettyHttpServer - Stopping JettyHttpServer...
14:07:25.971 [Test worker] INFO  o.e.j.s.h.ContextHandler - Stopped o.e.j.s.ServletContextHandler@783f7b8b{/,null,UNAVAILABLE}
14:07:25.973 [Test worker] INFO  o.e.j.s.AbstractConnector - Stopped ServerConnector@4d00ab76{HTTP/1.1, (http/1.1)}{0.0.0.0:0}
14:07:25.983 [Test worker] DEBUG o.s.w.t.h.s.r.b.JettyHttpServer - Server stopped (0 millis).
14:07:26.118 [Test worker] DEBUG o.s.w.s.a.HttpWebHandlerAdapter - enableLoggingRequestDetails='false': form data and headers will be masked to prevent unsafe logging of potentially sensitive data
14:07:26.118 [Test worker] DEBUG o.s.w.t.h.s.r.b.ReactorHttpServer - Starting ReactorHttpServer...
14:07:26.121 [Test worker] DEBUG o.s.w.t.h.s.r.b.ReactorHttpServer - Server started on port 60552(0 millis).
14:07:26.122 [Test worker] DEBUG o.s.w.c.RestTemplate - HTTP GET http://localhost:60552/mono
14:07:26.123 [Test worker] DEBUG o.s.w.c.RestTemplate - Accept=[application/json, application/x-jackson-smile, application/*+json]
14:07:26.130 [reactor-http-nio-5] DEBUG o.s.w.s.a.HttpWebHandlerAdapter - [80b71794-6] HTTP GET "/mono"
14:07:26.132 [reactor-http-nio-5] DEBUG o.s.h.c.j.Jackson2JsonEncoder - [80b71794-6] Encoding [Person{name='John'}]
14:07:26.134 [reactor-http-nio-5] DEBUG o.s.w.s.a.HttpWebHandlerAdapter - [80b71794-6] Completed 200 OK
14:07:26.134 [Test worker] DEBUG o.s.w.c.RestTemplate - Response 200 OK
14:07:26.135 [Test worker] DEBUG o.s.w.c.RestTemplate - Reading to [org.springframework.web.reactive.function.server.PublisherHandlerFunctionIntegrationTests$Person]
14:07:26.136 [Test worker] DEBUG o.s.w.t.h.s.r.b.ReactorHttpServer - Stopping ReactorHttpServer...
14:07:26.137 [Test worker] DEBUG o.s.w.t.h.s.r.b.ReactorHttpServer - Server stopped (0 millis).
14:07:26.244 [Test worker] DEBUG o.s.w.s.a.HttpWebHandlerAdapter - enableLoggingRequestDetails='false': form data and headers will be masked to prevent unsafe logging of potentially sensitive data
14:07:26.245 [Test worker] DEBUG o.s.w.t.h.s.r.b.TomcatHttpServer - Starting TomcatHttpServer...
14:07:26.256 [Test worker] DEBUG o.s.w.t.h.s.r.b.TomcatHttpServer - Server started on port 60554(0 millis).
14:07:26.256 [Test worker] DEBUG o.s.w.c.RestTemplate - HTTP GET http://localhost:60554/mono
14:07:26.257 [Test worker] DEBUG o.s.w.c.RestTemplate - Accept=[application/json, application/x-jackson-smile, application/*+json]
14:07:26.268 [http-nio-auto-6-exec-1] DEBUG o.s.w.s.a.HttpWebHandlerAdapter - [4905db9f] HTTP GET "/mono"
14:07:26.269 [http-nio-auto-6-exec-1] DEBUG o.s.h.c.j.Jackson2JsonEncoder - [4905db9f] Encoding [Person{name='John'}]
14:07:26.269 [http-nio-auto-6-exec-1] DEBUG o.s.w.s.a.HttpWebHandlerAdapter - [4905db9f] Completed 200 OK
14:07:26.273 [Test worker] DEBUG o.s.w.c.RestTemplate - Response 200 OK
14:07:26.273 [Test worker] DEBUG o.s.w.c.RestTemplate - Reading to [org.springframework.web.reactive.function.server.PublisherHandlerFunctionIntegrationTests$Person]
14:07:26.274 [Test worker] DEBUG o.s.w.t.h.s.r.b.TomcatHttpServer - Stopping TomcatHttpServer...
14:07:26.319 [Test worker] DEBUG o.s.w.t.h.s.r.b.TomcatHttpServer - Server stopped (0 millis).
14:07:26.402 [Test worker] DEBUG o.s.w.s.a.HttpWebHandlerAdapter - enableLoggingRequestDetails='false': form data and headers will be masked to prevent unsafe logging of potentially sensitive data
14:07:26.402 [Test worker] DEBUG o.s.w.t.h.s.r.b.UndertowHttpServer - Starting UndertowHttpServer...
14:07:26.402 [Test worker] INFO  i.undertow - starting server: Undertow - 2.1.3.Final
14:07:26.406 [Test worker] DEBUG o.s.w.t.h.s.r.b.UndertowHttpServer - Server started on port 60563(0 millis).
14:07:26.406 [Test worker] DEBUG o.s.w.c.RestTemplate - HTTP GET http://localhost:60563/mono
14:07:26.407 [Test worker] DEBUG o.s.w.c.RestTemplate - Accept=[application/json, application/x-jackson-smile, application/*+json]
14:07:26.424 [XNIO-6 I/O-5] DEBUG o.s.w.s.a.HttpWebHandlerAdapter - [6e2c3978] HTTP GET "/mono"
14:07:26.425 [XNIO-6 I/O-5] DEBUG o.s.h.c.j.Jackson2JsonEncoder - [6e2c3978] Encoding [Person{name='John'}]
14:07:26.426 [XNIO-6 I/O-5] DEBUG o.s.w.s.a.HttpWebHandlerAdapter - [6e2c3978] Completed 200 OK
14:07:26.426 [Test worker] DEBUG o.s.w.c.RestTemplate - Response 200 OK
14:07:26.426 [Test worker] DEBUG o.s.w.c.RestTemplate - Reading to [org.springframework.web.reactive.function.server.PublisherHandlerFunctionIntegrationTests$Person]
14:07:26.427 [Test worker] DEBUG o.s.w.t.h.s.r.b.UndertowHttpServer - Stopping UndertowHttpServer...
14:07:26.427 [Test worker] INFO  i.undertow - stopping server: Undertow - 2.1.3.Final
14:07:26.450 [Test worker] DEBUG o.s.w.t.h.s.r.b.UndertowHttpServer - Server stopped (0 millis).
14:07:26.537 [Test worker] DEBUG o.s.w.s.a.HttpWebHandlerAdapter - enableLoggingRequestDetails='false': form data and headers will be masked to prevent unsafe logging of potentially sensitive data
14:07:26.537 [Test worker] WARN  o.e.j.s.h.ContextHandler - Empty contextPath
14:07:26.538 [Test worker] INFO  o.e.j.s.h.ContextHandler - Started o.e.j.s.ServletContextHandler@7649b69d{/,null,AVAILABLE}
14:07:26.538 [Test worker] DEBUG o.s.w.t.h.s.r.b.JettyHttpServer - Starting JettyHttpServer...
14:07:26.539 [Test worker] INFO  o.e.j.s.Server - jetty-9.4.30.v20200611; built: 2020-06-11T12:34:51.929Z; git: 271836e4c1f4612f12b7bb13ef5a92a927634b0d; jvm 1.8.0_73-b02
14:07:26.545 [Test worker] INFO  o.e.j.s.AbstractConnector - Started ServerConnector@bbd5db4{HTTP/1.1, (http/1.1)}{0.0.0.0:60565}
14:07:26.546 [Test worker] INFO  o.e.j.s.Server - Started @46269ms
14:07:26.546 [Test worker] DEBUG o.s.w.t.h.s.r.b.JettyHttpServer - Server started on port 60565(0 millis).
14:07:26.548 [Test worker] DEBUG o.s.w.c.RestTemplate - HTTP POST http://localhost:60565/mono
14:07:26.552 [Test worker] DEBUG o.s.w.c.RestTemplate - Accept=[application/json, application/x-jackson-smile, application/*+json]
14:07:26.621 [Test worker] DEBUG o.s.w.c.RestTemplate - Writing [Person{name='Jack'}] with org.springframework.http.converter.json.MappingJackson2HttpMessageConverter
14:07:26.651 [qtp857005681-1089] DEBUG o.s.w.s.a.HttpWebHandlerAdapter - [28df36c2] HTTP POST "/mono"
14:07:26.655 [qtp857005681-1089] DEBUG o.s.h.c.j.Jackson2JsonDecoder - [28df36c2] Decoded [Person{name='Jack'}]
14:07:26.655 [qtp857005681-1089] DEBUG o.s.h.c.j.Jackson2JsonEncoder - [28df36c2] Encoding [Person{name='Jack'}]
14:07:26.656 [qtp857005681-1089] DEBUG o.s.w.s.a.HttpWebHandlerAdapter - [28df36c2] Completed 200 OK
14:07:26.656 [Test worker] DEBUG o.s.w.c.RestTemplate - Response 200 OK
14:07:26.656 [Test worker] DEBUG o.s.w.c.RestTemplate - Reading to [org.springframework.web.reactive.function.server.PublisherHandlerFunctionIntegrationTests$Person]
14:07:26.658 [Test worker] DEBUG o.s.w.t.h.s.r.b.JettyHttpServer - Stopping JettyHttpServer...
14:07:26.658 [Test worker] INFO  o.e.j.s.h.ContextHandler - Stopped o.e.j.s.ServletContextHandler@7649b69d{/,null,UNAVAILABLE}
14:07:26.670 [Test worker] INFO  o.e.j.s.AbstractConnector - Stopped ServerConnector@bbd5db4{HTTP/1.1, (http/1.1)}{0.0.0.0:0}
14:07:26.681 [Test worker] DEBUG o.s.w.t.h.s.r.b.JettyHttpServer - Server stopped (0 millis).
14:07:26.768 [Test worker] DEBUG o.s.w.s.a.HttpWebHandlerAdapter - enableLoggingRequestDetails='false': form data and headers will be masked to prevent unsafe logging of potentially sensitive data
14:07:26.768 [Test worker] DEBUG o.s.w.t.h.s.r.b.ReactorHttpServer - Starting ReactorHttpServer...
14:07:26.769 [Test worker] DEBUG o.s.w.t.h.s.r.b.ReactorHttpServer - Server started on port 60573(0 millis).
14:07:26.770 [Test worker] DEBUG o.s.w.c.RestTemplate - HTTP POST http://localhost:60573/mono
14:07:26.771 [Test worker] DEBUG o.s.w.c.RestTemplate - Accept=[application/json, application/x-jackson-smile, application/*+json]
14:07:26.772 [Test worker] DEBUG o.s.w.c.RestTemplate - Writing [Person{name='Jack'}] with org.springframework.http.converter.json.MappingJackson2HttpMessageConverter
14:07:26.777 [reactor-http-nio-7] DEBUG o.s.w.s.a.HttpWebHandlerAdapter - [1f69d568-7] HTTP POST "/mono"
14:07:26.780 [reactor-http-nio-7] DEBUG o.s.h.c.j.Jackson2JsonDecoder - [1f69d568-7] Decoded [Person{name='Jack'}]
14:07:26.780 [reactor-http-nio-7] DEBUG o.s.h.c.j.Jackson2JsonEncoder - [1f69d568-7] Encoding [Person{name='Jack'}]
14:07:26.783 [reactor-http-nio-7] DEBUG o.s.w.s.a.HttpWebHandlerAdapter - [1f69d568-7] Completed 200 OK
14:07:26.786 [Test worker] DEBUG o.s.w.c.RestTemplate - Response 200 OK
14:07:26.787 [Test worker] DEBUG o.s.w.c.RestTemplate - Reading to [org.springframework.web.reactive.function.server.PublisherHandlerFunctionIntegrationTests$Person]
14:07:26.796 [Test worker] DEBUG o.s.w.t.h.s.r.b.ReactorHttpServer - Stopping ReactorHttpServer...
14:07:26.796 [Test worker] DEBUG o.s.w.t.h.s.r.b.ReactorHttpServer - Server stopped (0 millis).
14:07:26.863 [Test worker] DEBUG o.s.w.s.a.HttpWebHandlerAdapter - enableLoggingRequestDetails='false': form data and headers will be masked to prevent unsafe logging of potentially sensitive data
14:07:26.863 [Test worker] DEBUG o.s.w.t.h.s.r.b.TomcatHttpServer - Starting TomcatHttpServer...
14:07:26.884 [Test worker] DEBUG o.s.w.t.h.s.r.b.TomcatHttpServer - Server started on port 60578(0 millis).
14:07:26.884 [Test worker] DEBUG o.s.w.c.RestTemplate - HTTP POST http://localhost:60578/mono
14:07:26.885 [Test worker] DEBUG o.s.w.c.RestTemplate - Accept=[application/json, application/x-jackson-smile, application/*+json]
14:07:26.886 [Test worker] DEBUG o.s.w.c.RestTemplate - Writing [Person{name='Jack'}] with org.springframework.http.converter.json.MappingJackson2HttpMessageConverter
14:07:26.897 [http-nio-auto-7-exec-1] DEBUG o.s.w.s.a.HttpWebHandlerAdapter - [326c7f07] HTTP POST "/mono"
14:07:26.899 [http-nio-auto-7-exec-1] DEBUG o.s.h.c.j.Jackson2JsonDecoder - [326c7f07] Decoded [Person{name='Jack'}]
14:07:26.899 [http-nio-auto-7-exec-1] DEBUG o.s.h.c.j.Jackson2JsonEncoder - [326c7f07] Encoding [Person{name='Jack'}]
14:07:26.900 [http-nio-auto-7-exec-1] DEBUG o.s.w.s.a.HttpWebHandlerAdapter - [326c7f07] Completed 200 OK
14:07:26.901 [Test worker] DEBUG o.s.w.c.RestTemplate - Response 200 OK
14:07:26.907 [Test worker] DEBUG o.s.w.c.RestTemplate - Reading to [org.springframework.web.reactive.function.server.PublisherHandlerFunctionIntegrationTests$Person]
14:07:26.909 [Test worker] DEBUG o.s.w.t.h.s.r.b.TomcatHttpServer - Stopping TomcatHttpServer...
14:07:26.974 [Test worker] DEBUG o.s.w.t.h.s.r.b.TomcatHttpServer - Server stopped (0 millis).
14:07:27.062 [Test worker] DEBUG o.s.w.s.a.HttpWebHandlerAdapter - enableLoggingRequestDetails='false': form data and headers will be masked to prevent unsafe logging of potentially sensitive data
14:07:27.062 [Test worker] DEBUG o.s.w.t.h.s.r.b.UndertowHttpServer - Starting UndertowHttpServer...
14:07:27.062 [Test worker] INFO  i.undertow - starting server: Undertow - 2.1.3.Final
14:07:27.072 [Test worker] DEBUG o.s.w.t.h.s.r.b.UndertowHttpServer - Server started on port 60581(0 millis).
14:07:27.073 [Test worker] DEBUG o.s.w.c.RestTemplate - HTTP POST http://localhost:60581/mono
14:07:27.076 [Test worker] DEBUG o.s.w.c.RestTemplate - Accept=[application/json, application/x-jackson-smile, application/*+json]
14:07:27.077 [Test worker] DEBUG o.s.w.c.RestTemplate - Writing [Person{name='Jack'}] with org.springframework.http.converter.json.MappingJackson2HttpMessageConverter
14:07:27.084 [XNIO-7 I/O-3] DEBUG o.s.w.s.a.HttpWebHandlerAdapter - [893bf6a] HTTP POST "/mono"
14:07:27.086 [XNIO-7 I/O-3] DEBUG o.s.h.c.j.Jackson2JsonDecoder - [893bf6a] Decoded [Person{name='Jack'}]
14:07:27.086 [XNIO-7 I/O-3] DEBUG o.s.h.c.j.Jackson2JsonEncoder - [893bf6a] Encoding [Person{name='Jack'}]
14:07:27.087 [XNIO-7 I/O-3] DEBUG o.s.w.s.a.HttpWebHandlerAdapter - [893bf6a] Completed 200 OK
14:07:27.087 [Test worker] DEBUG o.s.w.c.RestTemplate - Response 200 OK
14:07:27.087 [Test worker] DEBUG o.s.w.c.RestTemplate - Reading to [org.springframework.web.reactive.function.server.PublisherHandlerFunctionIntegrationTests$Person]
14:07:27.088 [Test worker] DEBUG o.s.w.t.h.s.r.b.UndertowHttpServer - Stopping UndertowHttpServer...
14:07:27.088 [Test worker] INFO  i.undertow - stopping server: Undertow - 2.1.3.Final
14:07:27.088 [Test worker] DEBUG o.s.w.t.h.s.r.b.UndertowHttpServer - Server stopped (0 millis).
]]></system-out>
  <system-err><![CDATA[]]></system-err>
</testsuite>
