<?xml version="1.0" encoding="UTF-8"?>
<testsuite name="org.springframework.web.reactive.function.server.support.ServerRequestWrapperTests" tests="16" skipped="0" failures="0" errors="0" timestamp="2020-06-22T06:07:27" hostname="aiguoxindeMacBook-Pro.local" time="0.58">
  <properties/>
  <testcase name="bodyToFluxParameterizedTypeReference()" classname="org.springframework.web.reactive.function.server.support.ServerRequestWrapperTests" time="0.01"/>
  <testcase name="bodyExtractor()" classname="org.springframework.web.reactive.function.server.support.ServerRequestWrapperTests" time="0.002"/>
  <testcase name="queryParams()" classname="org.springframework.web.reactive.function.server.support.ServerRequestWrapperTests" time="0.045"/>
  <testcase name="method()" classname="org.springframework.web.reactive.function.server.support.ServerRequestWrapperTests" time="0.002"/>
  <testcase name="queryParam()" classname="org.springframework.web.reactive.function.server.support.ServerRequestWrapperTests" time="0.003"/>
  <testcase name="uri()" classname="org.springframework.web.reactive.function.server.support.ServerRequestWrapperTests" time="0.0"/>
  <testcase name="path()" classname="org.springframework.web.reactive.function.server.support.ServerRequestWrapperTests" time="0.001"/>
  <testcase name="attribute()" classname="org.springframework.web.reactive.function.server.support.ServerRequestWrapperTests" time="0.001"/>
  <testcase name="bodyToMonoClass()" classname="org.springframework.web.reactive.function.server.support.ServerRequestWrapperTests" time="0.001"/>
  <testcase name="headers()" classname="org.springframework.web.reactive.function.server.support.ServerRequestWrapperTests" time="0.078"/>
  <testcase name="cookies()" classname="org.springframework.web.reactive.function.server.support.ServerRequestWrapperTests" time="0.324"/>
  <testcase name="request()" classname="org.springframework.web.reactive.function.server.support.ServerRequestWrapperTests" time="0.001"/>
  <testcase name="bodyToFluxClass()" classname="org.springframework.web.reactive.function.server.support.ServerRequestWrapperTests" time="0.004"/>
  <testcase name="pathVariables()" classname="org.springframework.web.reactive.function.server.support.ServerRequestWrapperTests" time="0.002"/>
  <testcase name="pathVariable()" classname="org.springframework.web.reactive.function.server.support.ServerRequestWrapperTests" time="0.003"/>
  <testcase name="bodyToMonoParameterizedTypeReference()" classname="org.springframework.web.reactive.function.server.support.ServerRequestWrapperTests" time="0.001"/>
  <system-out><![CDATA[]]></system-out>
  <system-err><![CDATA[]]></system-err>
</testsuite>
