<?xml version="1.0" encoding="UTF-8"?>
<testsuite name="org.springframework.web.reactive.result.method.annotation.ServerWebExchangeMethodArgumentResolverTests" tests="3" skipped="0" failures="0" errors="0" timestamp="2020-06-22T06:08:24" hostname="aiguoxindeMacBook-Pro.local" time="0.01">
  <properties/>
  <testcase name="resolveUriComponentsBuilder()" classname="org.springframework.web.reactive.result.method.annotation.ServerWebExchangeMethodArgumentResolverTests" time="0.001"/>
  <testcase name="resolveArgument()" classname="org.springframework.web.reactive.result.method.annotation.ServerWebExchangeMethodArgumentResolverTests" time="0.002"/>
  <testcase name="supportsParameter()" classname="org.springframework.web.reactive.result.method.annotation.ServerWebExchangeMethodArgumentResolverTests" time="0.005"/>
  <system-out><![CDATA[]]></system-out>
  <system-err><![CDATA[]]></system-err>
</testsuite>
