<?xml version="1.0" encoding="UTF-8"?>
<testsuite name="org.springframework.web.reactive.result.method.annotation.ModelAttributeMethodArgumentResolverTests" tests="13" skipped="0" failures="0" errors="0" timestamp="2020-06-22T06:08:09" hostname="aiguoxindeMacBook-Pro.local" time="0.989">
  <properties/>
  <testcase name="bindExistingMonoToMono()" classname="org.springframework.web.reactive.result.method.annotation.ModelAttributeMethodArgumentResolverTests" time="0.135"/>
  <testcase name="supports()" classname="org.springframework.web.reactive.result.method.annotation.ModelAttributeMethodArgumentResolverTests" time="0.072"/>
  <testcase name="bindExistingMono()" classname="org.springframework.web.reactive.result.method.annotation.ModelAttributeMethodArgumentResolverTests" time="0.064"/>
  <testcase name="createAndBindToSingle()" classname="org.springframework.web.reactive.result.method.annotation.ModelAttributeMethodArgumentResolverTests" time="0.188"/>
  <testcase name="createAndBindToMono()" classname="org.springframework.web.reactive.result.method.annotation.ModelAttributeMethodArgumentResolverTests" time="0.031"/>
  <testcase name="validationErrorToSingle()" classname="org.springframework.web.reactive.result.method.annotation.ModelAttributeMethodArgumentResolverTests" time="0.12"/>
  <testcase name="validationError()" classname="org.springframework.web.reactive.result.method.annotation.ModelAttributeMethodArgumentResolverTests" time="0.098"/>
  <testcase name="supportsWithDefaultResolution()" classname="org.springframework.web.reactive.result.method.annotation.ModelAttributeMethodArgumentResolverTests" time="0.017"/>
  <testcase name="bindExistingSingle()" classname="org.springframework.web.reactive.result.method.annotation.ModelAttributeMethodArgumentResolverTests" time="0.066"/>
  <testcase name="validationErrorToMono()" classname="org.springframework.web.reactive.result.method.annotation.ModelAttributeMethodArgumentResolverTests" time="0.029"/>
  <testcase name="bindDataClass()" classname="org.springframework.web.reactive.result.method.annotation.ModelAttributeMethodArgumentResolverTests" time="0.069"/>
  <testcase name="createAndBind()" classname="org.springframework.web.reactive.result.method.annotation.ModelAttributeMethodArgumentResolverTests" time="0.026"/>
  <testcase name="bindExisting()" classname="org.springframework.web.reactive.result.method.annotation.ModelAttributeMethodArgumentResolverTests" time="0.061"/>
  <system-out><![CDATA[14:08:09.897 [Test worker] DEBUG o.s.h.c.FormHttpMessageReader - [db41f0e] Read form fields [name, age] (content masked)
14:08:10.063 [Test worker] DEBUG o.s.h.c.FormHttpMessageReader - [392f6501] Read form fields [name, age] (content masked)
14:08:10.094 [Test worker] DEBUG o.s.h.c.FormHttpMessageReader - [1a74953d] Read form fields [name, age] (content masked)
14:08:10.289 [Test worker] DEBUG o.s.h.c.FormHttpMessageReader - [798725b4] Read form fields [name, age] (content masked)
14:08:10.401 [Test worker] DEBUG o.s.h.c.FormHttpMessageReader - [385dfb13] Read form fields [age] (content masked)
14:08:10.500 [Test worker] DEBUG o.s.h.c.FormHttpMessageReader - [42bd2be1] Read form fields [age] (content masked)
14:08:10.594 [Test worker] DEBUG o.s.h.c.FormHttpMessageReader - [66b61c1d] Read form fields [name, age] (content masked)
14:08:10.624 [Test worker] DEBUG o.s.h.c.FormHttpMessageReader - [7bb97339] Read form fields [age] (content masked)
14:08:10.678 [Test worker] DEBUG o.s.h.c.FormHttpMessageReader - [5457f6a4] Read form fields [name, age, count] (content masked)
14:08:10.717 [Test worker] DEBUG o.s.h.c.FormHttpMessageReader - [1a7a4ffc] Read form fields [name, age] (content masked)
14:08:10.781 [Test worker] DEBUG o.s.h.c.FormHttpMessageReader - [16ef3814] Read form fields [name, age] (content masked)
]]></system-out>
  <system-err><![CDATA[]]></system-err>
</testsuite>
