<?xml version="1.0" encoding="UTF-8"?>
<testsuite name="org.springframework.web.reactive.function.server.SseHandlerFunctionIntegrationTests" tests="12" skipped="0" failures="0" errors="0" timestamp="2020-06-22T06:07:34" hostname="aiguoxindeMacBook-Pro.local" time="3.451">
  <properties/>
  <testcase name="sseAsEvent(HttpServer)[1]" classname="org.springframework.web.reactive.function.server.SseHandlerFunctionIntegrationTests" time="0.32"/>
  <testcase name="sseAsEvent(HttpServer)[2]" classname="org.springframework.web.reactive.function.server.SseHandlerFunctionIntegrationTests" time="0.225"/>
  <testcase name="sseAsEvent(HttpServer)[3]" classname="org.springframework.web.reactive.function.server.SseHandlerFunctionIntegrationTests" time="0.309"/>
  <testcase name="sseAsEvent(HttpServer)[4]" classname="org.springframework.web.reactive.function.server.SseHandlerFunctionIntegrationTests" time="0.288"/>
  <testcase name="sseAsPerson(HttpServer)[1]" classname="org.springframework.web.reactive.function.server.SseHandlerFunctionIntegrationTests" time="0.292"/>
  <testcase name="sseAsPerson(HttpServer)[2]" classname="org.springframework.web.reactive.function.server.SseHandlerFunctionIntegrationTests" time="0.281"/>
  <testcase name="sseAsPerson(HttpServer)[3]" classname="org.springframework.web.reactive.function.server.SseHandlerFunctionIntegrationTests" time="0.358"/>
  <testcase name="sseAsPerson(HttpServer)[4]" classname="org.springframework.web.reactive.function.server.SseHandlerFunctionIntegrationTests" time="0.276"/>
  <testcase name="sseAsString(HttpServer)[1]" classname="org.springframework.web.reactive.function.server.SseHandlerFunctionIntegrationTests" time="0.262"/>
  <testcase name="sseAsString(HttpServer)[2]" classname="org.springframework.web.reactive.function.server.SseHandlerFunctionIntegrationTests" time="0.238"/>
  <testcase name="sseAsString(HttpServer)[3]" classname="org.springframework.web.reactive.function.server.SseHandlerFunctionIntegrationTests" time="0.282"/>
  <testcase name="sseAsString(HttpServer)[4]" classname="org.springframework.web.reactive.function.server.SseHandlerFunctionIntegrationTests" time="0.307"/>
  <system-out><![CDATA[14:07:34.421 [Test worker] DEBUG o.s.w.s.a.HttpWebHandlerAdapter - enableLoggingRequestDetails='false': form data and headers will be masked to prevent unsafe logging of potentially sensitive data
14:07:34.429 [Test worker] WARN  o.e.j.s.h.ContextHandler - Empty contextPath
14:07:34.429 [Test worker] INFO  o.e.j.s.h.ContextHandler - Started o.e.j.s.ServletContextHandler@592db04c{/,null,AVAILABLE}
14:07:34.429 [Test worker] DEBUG o.s.w.t.h.s.r.b.JettyHttpServer - Starting JettyHttpServer...
14:07:34.430 [Test worker] INFO  o.e.j.s.Server - jetty-9.4.30.v20200611; built: 2020-06-11T12:34:51.929Z; git: 271836e4c1f4612f12b7bb13ef5a92a927634b0d; jvm 1.8.0_73-b02
14:07:34.435 [Test worker] INFO  o.e.j.s.AbstractConnector - Started ServerConnector@3368e32e{HTTP/1.1, (http/1.1)}{0.0.0.0:60698}
14:07:34.436 [Test worker] INFO  o.e.j.s.Server - Started @54146ms
14:07:34.436 [Test worker] DEBUG o.s.w.t.h.s.r.b.JettyHttpServer - Server started on port 60698(0 millis).
14:07:34.438 [Test worker] DEBUG o.s.w.r.f.c.ExchangeFunctions - [6f129eb1] HTTP GET http://localhost:60698/event
14:07:34.443 [qtp1101648518-362] DEBUG o.s.w.s.a.HttpWebHandlerAdapter - [2b3c79da] HTTP GET "/event"
14:07:34.613 [reactor-http-nio-5] DEBUG o.s.w.r.f.c.ExchangeFunctions - [6f129eb1] Response 200 OK
14:07:34.621 [reactor-http-nio-5] DEBUG o.s.c.c.StringDecoder - [6f129eb1] Decoded "id:0"
14:07:34.622 [reactor-http-nio-5] DEBUG o.s.c.c.StringDecoder - [6f129eb1] Decoded ":bar"
14:07:34.622 [reactor-http-nio-5] DEBUG o.s.c.c.StringDecoder - [6f129eb1] Decoded "data:foo"
14:07:34.622 [reactor-http-nio-5] DEBUG o.s.c.c.StringDecoder - [6f129eb1] Decoded ""
14:07:34.658 [parallel-1] DEBUG o.s.w.s.a.HttpWebHandlerAdapter - [2b3c79da] Completed 200 OK
14:07:34.660 [reactor-http-nio-5] DEBUG o.s.c.c.StringDecoder - [6f129eb1] Decoded "id:1"
14:07:34.660 [reactor-http-nio-5] DEBUG o.s.c.c.StringDecoder - [6f129eb1] Decoded ":bar"
14:07:34.660 [reactor-http-nio-5] DEBUG o.s.c.c.StringDecoder - [6f129eb1] Decoded "data:foo"
14:07:34.660 [reactor-http-nio-5] DEBUG o.s.c.c.StringDecoder - [6f129eb1] Decoded ""
14:07:34.661 [Test worker] DEBUG o.s.w.t.h.s.r.b.JettyHttpServer - Stopping JettyHttpServer...
14:07:34.661 [Test worker] INFO  o.e.j.s.h.ContextHandler - Stopped o.e.j.s.ServletContextHandler@592db04c{/,null,UNAVAILABLE}
14:07:34.663 [Test worker] INFO  o.e.j.s.AbstractConnector - Stopped ServerConnector@3368e32e{HTTP/1.1, (http/1.1)}{0.0.0.0:0}
14:07:34.677 [Test worker] DEBUG o.s.w.t.h.s.r.b.JettyHttpServer - Server stopped (0 millis).
14:07:34.693 [Test worker] DEBUG o.s.w.s.a.HttpWebHandlerAdapter - enableLoggingRequestDetails='false': form data and headers will be masked to prevent unsafe logging of potentially sensitive data
14:07:34.693 [Test worker] DEBUG o.s.w.t.h.s.r.b.ReactorHttpServer - Starting ReactorHttpServer...
14:07:34.694 [Test worker] DEBUG o.s.w.t.h.s.r.b.ReactorHttpServer - Server started on port 60706(0 millis).
14:07:34.695 [Test worker] DEBUG o.s.w.r.f.c.ExchangeFunctions - [1b354d8] HTTP GET http://localhost:60706/event
14:07:34.699 [reactor-http-nio-8] DEBUG o.s.w.s.a.HttpWebHandlerAdapter - [a30a171b-11] HTTP GET "/event"
14:07:34.826 [reactor-http-nio-7] DEBUG o.s.w.r.f.c.ExchangeFunctions - [1b354d8] Response 200 OK
14:07:34.842 [reactor-http-nio-7] DEBUG o.s.c.c.StringDecoder - [1b354d8] Decoded "id:0"
14:07:34.842 [reactor-http-nio-7] DEBUG o.s.c.c.StringDecoder - [1b354d8] Decoded ":bar"
14:07:34.842 [reactor-http-nio-7] DEBUG o.s.c.c.StringDecoder - [1b354d8] Decoded "data:foo"
14:07:34.842 [reactor-http-nio-7] DEBUG o.s.c.c.StringDecoder - [1b354d8] Decoded ""
14:07:34.903 [reactor-http-nio-8] DEBUG o.s.w.s.a.HttpWebHandlerAdapter - [a30a171b-11] Completed 200 OK
14:07:34.904 [reactor-http-nio-7] DEBUG o.s.c.c.StringDecoder - [1b354d8] Decoded "id:1"
14:07:34.904 [reactor-http-nio-7] DEBUG o.s.c.c.StringDecoder - [1b354d8] Decoded ":bar"
14:07:34.904 [reactor-http-nio-7] DEBUG o.s.c.c.StringDecoder - [1b354d8] Decoded "data:foo"
14:07:34.904 [reactor-http-nio-7] DEBUG o.s.c.c.StringDecoder - [1b354d8] Decoded ""
14:07:34.905 [Test worker] DEBUG o.s.w.t.h.s.r.b.ReactorHttpServer - Stopping ReactorHttpServer...
14:07:34.905 [Test worker] DEBUG o.s.w.t.h.s.r.b.ReactorHttpServer - Server stopped (0 millis).
14:07:34.931 [Test worker] DEBUG o.s.w.s.a.HttpWebHandlerAdapter - enableLoggingRequestDetails='false': form data and headers will be masked to prevent unsafe logging of potentially sensitive data
14:07:34.932 [Test worker] DEBUG o.s.w.t.h.s.r.b.TomcatHttpServer - Starting TomcatHttpServer...
14:07:34.955 [Test worker] DEBUG o.s.w.t.h.s.r.b.TomcatHttpServer - Server started on port 60713(0 millis).
14:07:34.955 [Test worker] DEBUG o.s.w.r.f.c.ExchangeFunctions - [7ddeb377] HTTP GET http://localhost:60713/event
14:07:34.972 [http-nio-auto-11-exec-1] DEBUG o.s.w.s.a.HttpWebHandlerAdapter - [44001247] HTTP GET "/event"
14:07:35.077 [reactor-http-nio-1] DEBUG o.s.w.r.f.c.ExchangeFunctions - [7ddeb377] Response 200 OK
14:07:35.079 [reactor-http-nio-1] DEBUG o.s.c.c.StringDecoder - [7ddeb377] Decoded "id:0"
14:07:35.079 [reactor-http-nio-1] DEBUG o.s.c.c.StringDecoder - [7ddeb377] Decoded ":bar"
14:07:35.079 [reactor-http-nio-1] DEBUG o.s.c.c.StringDecoder - [7ddeb377] Decoded "data:foo"
14:07:35.080 [reactor-http-nio-1] DEBUG o.s.c.c.StringDecoder - [7ddeb377] Decoded ""
14:07:35.199 [parallel-3] DEBUG o.s.w.s.a.HttpWebHandlerAdapter - [44001247] Completed 200 OK
14:07:35.202 [reactor-http-nio-1] DEBUG o.s.c.c.StringDecoder - [7ddeb377] Decoded "id:1"
14:07:35.202 [reactor-http-nio-1] DEBUG o.s.c.c.StringDecoder - [7ddeb377] Decoded ":bar"
14:07:35.202 [reactor-http-nio-1] DEBUG o.s.c.c.StringDecoder - [7ddeb377] Decoded "data:foo"
14:07:35.202 [reactor-http-nio-1] DEBUG o.s.c.c.StringDecoder - [7ddeb377] Decoded ""
14:07:35.203 [Test worker] DEBUG o.s.w.t.h.s.r.b.TomcatHttpServer - Stopping TomcatHttpServer...
14:07:35.215 [Test worker] DEBUG o.s.w.t.h.s.r.b.TomcatHttpServer - Server stopped (0 millis).
14:07:35.273 [Test worker] DEBUG o.s.w.s.a.HttpWebHandlerAdapter - enableLoggingRequestDetails='false': form data and headers will be masked to prevent unsafe logging of potentially sensitive data
14:07:35.273 [Test worker] DEBUG o.s.w.t.h.s.r.b.UndertowHttpServer - Starting UndertowHttpServer...
14:07:35.273 [Test worker] INFO  i.undertow - starting server: Undertow - 2.1.3.Final
14:07:35.280 [Test worker] DEBUG o.s.w.t.h.s.r.b.UndertowHttpServer - Server started on port 60720(0 millis).
14:07:35.281 [Test worker] DEBUG o.s.w.r.f.c.ExchangeFunctions - [41413a28] HTTP GET http://localhost:60720/event
14:07:35.285 [XNIO-11 I/O-7] DEBUG o.s.w.s.a.HttpWebHandlerAdapter - [3f362eed] HTTP GET "/event"
14:07:35.400 [reactor-http-nio-2] DEBUG o.s.w.r.f.c.ExchangeFunctions - [41413a28] Response 200 OK
14:07:35.401 [reactor-http-nio-2] DEBUG o.s.c.c.StringDecoder - [41413a28] Decoded "id:0"
14:07:35.401 [reactor-http-nio-2] DEBUG o.s.c.c.StringDecoder - [41413a28] Decoded ":bar"
14:07:35.402 [reactor-http-nio-2] DEBUG o.s.c.c.StringDecoder - [41413a28] Decoded "data:foo"
14:07:35.402 [reactor-http-nio-2] DEBUG o.s.c.c.StringDecoder - [41413a28] Decoded ""
14:07:35.500 [XNIO-11 I/O-7] DEBUG o.s.w.s.a.HttpWebHandlerAdapter - [3f362eed] Completed 200 OK
14:07:35.501 [reactor-http-nio-2] DEBUG o.s.c.c.StringDecoder - [41413a28] Decoded "id:1"
14:07:35.502 [reactor-http-nio-2] DEBUG o.s.c.c.StringDecoder - [41413a28] Decoded ":bar"
14:07:35.502 [reactor-http-nio-2] DEBUG o.s.c.c.StringDecoder - [41413a28] Decoded "data:foo"
14:07:35.502 [reactor-http-nio-2] DEBUG o.s.c.c.StringDecoder - [41413a28] Decoded ""
14:07:35.503 [Test worker] DEBUG o.s.w.t.h.s.r.b.UndertowHttpServer - Stopping UndertowHttpServer...
14:07:35.503 [Test worker] INFO  i.undertow - stopping server: Undertow - 2.1.3.Final
14:07:35.504 [Test worker] DEBUG o.s.w.t.h.s.r.b.UndertowHttpServer - Server stopped (0 millis).
14:07:35.528 [Test worker] DEBUG o.s.w.s.a.HttpWebHandlerAdapter - enableLoggingRequestDetails='false': form data and headers will be masked to prevent unsafe logging of potentially sensitive data
14:07:35.529 [Test worker] WARN  o.e.j.s.h.ContextHandler - Empty contextPath
14:07:35.529 [Test worker] INFO  o.e.j.s.h.ContextHandler - Started o.e.j.s.ServletContextHandler@372bcb94{/,null,AVAILABLE}
14:07:35.530 [Test worker] DEBUG o.s.w.t.h.s.r.b.JettyHttpServer - Starting JettyHttpServer...
14:07:35.530 [Test worker] INFO  o.e.j.s.Server - jetty-9.4.30.v20200611; built: 2020-06-11T12:34:51.929Z; git: 271836e4c1f4612f12b7bb13ef5a92a927634b0d; jvm 1.8.0_73-b02
14:07:35.534 [Test worker] INFO  o.e.j.s.AbstractConnector - Started ServerConnector@438fa528{HTTP/1.1, (http/1.1)}{0.0.0.0:60727}
14:07:35.534 [Test worker] INFO  o.e.j.s.Server - Started @55245ms
14:07:35.534 [Test worker] DEBUG o.s.w.t.h.s.r.b.JettyHttpServer - Server started on port 60727(0 millis).
14:07:35.537 [Test worker] DEBUG o.s.w.r.f.c.ExchangeFunctions - [2015b8e9] HTTP GET http://localhost:60727/person
14:07:35.542 [qtp695821673-399] DEBUG o.s.w.s.a.HttpWebHandlerAdapter - [71696bda] HTTP GET "/person"
14:07:35.648 [parallel-5] DEBUG o.s.h.c.j.Jackson2JsonEncoder - [71696bda] Encoding [Person{name='foo 0'}]
14:07:35.651 [reactor-http-nio-3] DEBUG o.s.w.r.f.c.ExchangeFunctions - [2015b8e9] Response 200 OK
14:07:35.666 [reactor-http-nio-3] DEBUG o.s.c.c.StringDecoder - [2015b8e9] Decoded "data:{"name":"foo 0"}"
14:07:35.666 [reactor-http-nio-3] DEBUG o.s.c.c.StringDecoder - [2015b8e9] Decoded ""
14:07:35.666 [reactor-http-nio-3] DEBUG o.s.h.c.j.Jackson2JsonDecoder - [2015b8e9] Decoded [Person{name='foo 0'}]
14:07:35.744 [parallel-5] DEBUG o.s.h.c.j.Jackson2JsonEncoder - [71696bda] Encoding [Person{name='foo 1'}]
14:07:35.765 [parallel-5] DEBUG o.s.w.s.a.HttpWebHandlerAdapter - [71696bda] Completed 200 OK
14:07:35.778 [reactor-http-nio-3] DEBUG o.s.c.c.StringDecoder - [2015b8e9] Decoded "data:{"name":"foo 1"}"
14:07:35.778 [reactor-http-nio-3] DEBUG o.s.c.c.StringDecoder - [2015b8e9] Decoded ""
14:07:35.778 [reactor-http-nio-3] DEBUG o.s.h.c.j.Jackson2JsonDecoder - [2015b8e9] Decoded [Person{name='foo 1'}]
14:07:35.779 [Test worker] DEBUG o.s.w.t.h.s.r.b.JettyHttpServer - Stopping JettyHttpServer...
14:07:35.781 [Test worker] INFO  o.e.j.s.h.ContextHandler - Stopped o.e.j.s.ServletContextHandler@372bcb94{/,null,UNAVAILABLE}
14:07:35.783 [Test worker] INFO  o.e.j.s.AbstractConnector - Stopped ServerConnector@438fa528{HTTP/1.1, (http/1.1)}{0.0.0.0:0}
14:07:35.795 [Test worker] DEBUG o.s.w.t.h.s.r.b.JettyHttpServer - Server stopped (0 millis).
14:07:35.820 [Test worker] DEBUG o.s.w.s.a.HttpWebHandlerAdapter - enableLoggingRequestDetails='false': form data and headers will be masked to prevent unsafe logging of potentially sensitive data
14:07:35.820 [Test worker] DEBUG o.s.w.t.h.s.r.b.ReactorHttpServer - Starting ReactorHttpServer...
14:07:35.821 [Test worker] DEBUG o.s.w.t.h.s.r.b.ReactorHttpServer - Server started on port 60733(0 millis).
14:07:35.823 [Test worker] DEBUG o.s.w.r.f.c.ExchangeFunctions - [634ab104] HTTP GET http://localhost:60733/person
14:07:35.827 [reactor-http-nio-6] DEBUG o.s.w.s.a.HttpWebHandlerAdapter - [3687cf31-12] HTTP GET "/person"
14:07:35.929 [parallel-6] DEBUG o.s.h.c.j.Jackson2JsonEncoder - [3687cf31-12] Encoding [Person{name='foo 0'}]
14:07:35.954 [reactor-http-nio-5] DEBUG o.s.w.r.f.c.ExchangeFunctions - [634ab104] Response 200 OK
14:07:35.956 [reactor-http-nio-5] DEBUG o.s.c.c.StringDecoder - [634ab104] Decoded "data:{"name":"foo 0"}"
14:07:35.956 [reactor-http-nio-5] DEBUG o.s.c.c.StringDecoder - [634ab104] Decoded ""
14:07:35.956 [reactor-http-nio-5] DEBUG o.s.h.c.j.Jackson2JsonDecoder - [634ab104] Decoded [Person{name='foo 0'}]
14:07:36.035 [parallel-6] DEBUG o.s.h.c.j.Jackson2JsonEncoder - [3687cf31-12] Encoding [Person{name='foo 1'}]
14:07:36.078 [reactor-http-nio-6] DEBUG o.s.w.s.a.HttpWebHandlerAdapter - [3687cf31-12] Completed 200 OK
14:07:36.078 [reactor-http-nio-5] DEBUG o.s.c.c.StringDecoder - [634ab104] Decoded "data:{"name":"foo 1"}"
14:07:36.078 [reactor-http-nio-5] DEBUG o.s.c.c.StringDecoder - [634ab104] Decoded ""
14:07:36.079 [reactor-http-nio-5] DEBUG o.s.h.c.j.Jackson2JsonDecoder - [634ab104] Decoded [Person{name='foo 1'}]
14:07:36.079 [Test worker] DEBUG o.s.w.t.h.s.r.b.ReactorHttpServer - Stopping ReactorHttpServer...
14:07:36.080 [Test worker] DEBUG o.s.w.t.h.s.r.b.ReactorHttpServer - Server stopped (0 millis).
14:07:36.122 [Test worker] DEBUG o.s.w.s.a.HttpWebHandlerAdapter - enableLoggingRequestDetails='false': form data and headers will be masked to prevent unsafe logging of potentially sensitive data
14:07:36.123 [Test worker] DEBUG o.s.w.t.h.s.r.b.TomcatHttpServer - Starting TomcatHttpServer...
14:07:36.147 [Test worker] DEBUG o.s.w.t.h.s.r.b.TomcatHttpServer - Server started on port 60740(0 millis).
14:07:36.148 [Test worker] DEBUG o.s.w.r.f.c.ExchangeFunctions - [74d33fad] HTTP GET http://localhost:60740/person
14:07:36.154 [http-nio-auto-12-exec-1] DEBUG o.s.w.s.a.HttpWebHandlerAdapter - [3a4642db] HTTP GET "/person"
14:07:36.256 [parallel-7] DEBUG o.s.h.c.j.Jackson2JsonEncoder - [3a4642db] Encoding [Person{name='foo 0'}]
14:07:36.273 [reactor-http-nio-7] DEBUG o.s.w.r.f.c.ExchangeFunctions - [74d33fad] Response 200 OK
14:07:36.274 [reactor-http-nio-7] DEBUG o.s.c.c.StringDecoder - [74d33fad] Decoded "data:{"name":"foo 0"}"
14:07:36.274 [reactor-http-nio-7] DEBUG o.s.c.c.StringDecoder - [74d33fad] Decoded ""
14:07:36.275 [reactor-http-nio-7] DEBUG o.s.h.c.j.Jackson2JsonDecoder - [74d33fad] Decoded [Person{name='foo 0'}]
14:07:36.359 [parallel-7] DEBUG o.s.h.c.j.Jackson2JsonEncoder - [3a4642db] Encoding [Person{name='foo 1'}]
14:07:36.398 [parallel-7] DEBUG o.s.w.s.a.HttpWebHandlerAdapter - [3a4642db] Completed 200 OK
14:07:36.415 [reactor-http-nio-7] DEBUG o.s.c.c.StringDecoder - [74d33fad] Decoded "data:{"name":"foo 1"}"
14:07:36.415 [reactor-http-nio-7] DEBUG o.s.c.c.StringDecoder - [74d33fad] Decoded ""
14:07:36.415 [reactor-http-nio-7] DEBUG o.s.h.c.j.Jackson2JsonDecoder - [74d33fad] Decoded [Person{name='foo 1'}]
14:07:36.416 [Test worker] DEBUG o.s.w.t.h.s.r.b.TomcatHttpServer - Stopping TomcatHttpServer...
14:07:36.438 [Test worker] DEBUG o.s.w.t.h.s.r.b.TomcatHttpServer - Server stopped (0 millis).
14:07:36.473 [Test worker] DEBUG o.s.w.s.a.HttpWebHandlerAdapter - enableLoggingRequestDetails='false': form data and headers will be masked to prevent unsafe logging of potentially sensitive data
14:07:36.474 [Test worker] DEBUG o.s.w.t.h.s.r.b.UndertowHttpServer - Starting UndertowHttpServer...
14:07:36.474 [Test worker] INFO  i.undertow - starting server: Undertow - 2.1.3.Final
14:07:36.498 [Test worker] DEBUG o.s.w.t.h.s.r.b.UndertowHttpServer - Server started on port 60746(0 millis).
14:07:36.499 [Test worker] DEBUG o.s.w.r.f.c.ExchangeFunctions - [520ac0ab] HTTP GET http://localhost:60746/person
14:07:36.505 [XNIO-12 I/O-6] DEBUG o.s.w.s.a.HttpWebHandlerAdapter - [4cd47562] HTTP GET "/person"
14:07:36.608 [parallel-8] DEBUG o.s.h.c.j.Jackson2JsonEncoder - [4cd47562] Encoding [Person{name='foo 0'}]
14:07:36.610 [reactor-http-nio-8] DEBUG o.s.w.r.f.c.ExchangeFunctions - [520ac0ab] Response 200 OK
14:07:36.612 [reactor-http-nio-8] DEBUG o.s.c.c.StringDecoder - [520ac0ab] Decoded "data:{"name":"foo 0"}"
14:07:36.612 [reactor-http-nio-8] DEBUG o.s.c.c.StringDecoder - [520ac0ab] Decoded ""
14:07:36.612 [reactor-http-nio-8] DEBUG o.s.h.c.j.Jackson2JsonDecoder - [520ac0ab] Decoded [Person{name='foo 0'}]
14:07:36.711 [parallel-8] DEBUG o.s.h.c.j.Jackson2JsonEncoder - [4cd47562] Encoding [Person{name='foo 1'}]
14:07:36.712 [XNIO-12 I/O-6] DEBUG o.s.w.s.a.HttpWebHandlerAdapter - [4cd47562] Completed 200 OK
14:07:36.713 [reactor-http-nio-8] DEBUG o.s.c.c.StringDecoder - [520ac0ab] Decoded "data:{"name":"foo 1"}"
14:07:36.713 [reactor-http-nio-8] DEBUG o.s.c.c.StringDecoder - [520ac0ab] Decoded ""
14:07:36.713 [reactor-http-nio-8] DEBUG o.s.h.c.j.Jackson2JsonDecoder - [520ac0ab] Decoded [Person{name='foo 1'}]
14:07:36.714 [Test worker] DEBUG o.s.w.t.h.s.r.b.UndertowHttpServer - Stopping UndertowHttpServer...
14:07:36.714 [Test worker] INFO  i.undertow - stopping server: Undertow - 2.1.3.Final
14:07:36.715 [Test worker] DEBUG o.s.w.t.h.s.r.b.UndertowHttpServer - Server stopped (0 millis).
14:07:36.729 [Test worker] DEBUG o.s.w.s.a.HttpWebHandlerAdapter - enableLoggingRequestDetails='false': form data and headers will be masked to prevent unsafe logging of potentially sensitive data
14:07:36.729 [Test worker] WARN  o.e.j.s.h.ContextHandler - Empty contextPath
14:07:36.729 [Test worker] INFO  o.e.j.s.h.ContextHandler - Started o.e.j.s.ServletContextHandler@367b8cd9{/,null,AVAILABLE}
14:07:36.730 [Test worker] DEBUG o.s.w.t.h.s.r.b.JettyHttpServer - Starting JettyHttpServer...
14:07:36.730 [Test worker] INFO  o.e.j.s.Server - jetty-9.4.30.v20200611; built: 2020-06-11T12:34:51.929Z; git: 271836e4c1f4612f12b7bb13ef5a92a927634b0d; jvm 1.8.0_73-b02
14:07:36.733 [Test worker] INFO  o.e.j.s.AbstractConnector - Started ServerConnector@17a26d25{HTTP/1.1, (http/1.1)}{0.0.0.0:60750}
14:07:36.733 [Test worker] INFO  o.e.j.s.Server - Started @56444ms
14:07:36.734 [Test worker] DEBUG o.s.w.t.h.s.r.b.JettyHttpServer - Server started on port 60750(0 millis).
14:07:36.735 [Test worker] DEBUG o.s.w.r.f.c.ExchangeFunctions - [51bfa795] HTTP GET http://localhost:60750/string
14:07:36.739 [qtp509053151-436] DEBUG o.s.w.s.a.HttpWebHandlerAdapter - [630479f8] HTTP GET "/string"
14:07:36.853 [reactor-http-nio-1] DEBUG o.s.w.r.f.c.ExchangeFunctions - [51bfa795] Response 200 OK
14:07:36.854 [reactor-http-nio-1] DEBUG o.s.c.c.StringDecoder - [51bfa795] Decoded "data:foo 0"
14:07:36.855 [reactor-http-nio-1] DEBUG o.s.c.c.StringDecoder - [51bfa795] Decoded ""
14:07:36.952 [parallel-1] DEBUG o.s.w.s.a.HttpWebHandlerAdapter - [630479f8] Completed 200 OK
14:07:36.964 [reactor-http-nio-1] DEBUG o.s.c.c.StringDecoder - [51bfa795] Decoded "data:foo 1"
14:07:36.964 [reactor-http-nio-1] DEBUG o.s.c.c.StringDecoder - [51bfa795] Decoded ""
14:07:36.965 [Test worker] DEBUG o.s.w.t.h.s.r.b.JettyHttpServer - Stopping JettyHttpServer...
14:07:36.965 [Test worker] INFO  o.e.j.s.h.ContextHandler - Stopped o.e.j.s.ServletContextHandler@367b8cd9{/,null,UNAVAILABLE}
14:07:36.967 [Test worker] INFO  o.e.j.s.AbstractConnector - Stopped ServerConnector@17a26d25{HTTP/1.1, (http/1.1)}{0.0.0.0:0}
14:07:36.977 [Test worker] DEBUG o.s.w.t.h.s.r.b.JettyHttpServer - Server stopped (0 millis).
14:07:36.994 [Test worker] DEBUG o.s.w.s.a.HttpWebHandlerAdapter - enableLoggingRequestDetails='false': form data and headers will be masked to prevent unsafe logging of potentially sensitive data
14:07:36.994 [Test worker] DEBUG o.s.w.t.h.s.r.b.ReactorHttpServer - Starting ReactorHttpServer...
14:07:36.995 [Test worker] DEBUG o.s.w.t.h.s.r.b.ReactorHttpServer - Server started on port 60757(0 millis).
14:07:36.996 [Test worker] DEBUG o.s.w.r.f.c.ExchangeFunctions - [ae6ff41] HTTP GET http://localhost:60757/string
14:07:37.001 [reactor-http-nio-4] DEBUG o.s.w.s.a.HttpWebHandlerAdapter - [910ea8a3-13] HTTP GET "/string"
14:07:37.129 [reactor-http-nio-3] DEBUG o.s.w.r.f.c.ExchangeFunctions - [ae6ff41] Response 200 OK
14:07:37.131 [reactor-http-nio-3] DEBUG o.s.c.c.StringDecoder - [ae6ff41] Decoded "data:foo 0"
14:07:37.131 [reactor-http-nio-3] DEBUG o.s.c.c.StringDecoder - [ae6ff41] Decoded ""
14:07:37.215 [reactor-http-nio-4] DEBUG o.s.w.s.a.HttpWebHandlerAdapter - [910ea8a3-13] Completed 200 OK
14:07:37.216 [reactor-http-nio-3] DEBUG o.s.c.c.StringDecoder - [ae6ff41] Decoded "data:foo 1"
14:07:37.216 [reactor-http-nio-3] DEBUG o.s.c.c.StringDecoder - [ae6ff41] Decoded ""
14:07:37.217 [Test worker] DEBUG o.s.w.t.h.s.r.b.ReactorHttpServer - Stopping ReactorHttpServer...
14:07:37.217 [Test worker] DEBUG o.s.w.t.h.s.r.b.ReactorHttpServer - Server stopped (0 millis).
14:07:37.262 [Test worker] DEBUG o.s.w.s.a.HttpWebHandlerAdapter - enableLoggingRequestDetails='false': form data and headers will be masked to prevent unsafe logging of potentially sensitive data
14:07:37.263 [Test worker] DEBUG o.s.w.t.h.s.r.b.TomcatHttpServer - Starting TomcatHttpServer...
14:07:37.273 [Test worker] DEBUG o.s.w.t.h.s.r.b.TomcatHttpServer - Server started on port 60763(0 millis).
14:07:37.274 [Test worker] DEBUG o.s.w.r.f.c.ExchangeFunctions - [6d98ebf6] HTTP GET http://localhost:60763/string
14:07:37.279 [http-nio-auto-13-exec-1] DEBUG o.s.w.s.a.HttpWebHandlerAdapter - [5802f7a7] HTTP GET "/string"
14:07:37.395 [reactor-http-nio-5] DEBUG o.s.w.r.f.c.ExchangeFunctions - [6d98ebf6] Response 200 OK
14:07:37.396 [reactor-http-nio-5] DEBUG o.s.c.c.StringDecoder - [6d98ebf6] Decoded "data:foo 0"
14:07:37.396 [reactor-http-nio-5] DEBUG o.s.c.c.StringDecoder - [6d98ebf6] Decoded ""
14:07:37.485 [parallel-3] DEBUG o.s.w.s.a.HttpWebHandlerAdapter - [5802f7a7] Completed 200 OK
14:07:37.487 [reactor-http-nio-5] DEBUG o.s.c.c.StringDecoder - [6d98ebf6] Decoded "data:foo 1"
14:07:37.487 [reactor-http-nio-5] DEBUG o.s.c.c.StringDecoder - [6d98ebf6] Decoded ""
14:07:37.488 [Test worker] DEBUG o.s.w.t.h.s.r.b.TomcatHttpServer - Stopping TomcatHttpServer...
14:07:37.501 [Test worker] DEBUG o.s.w.t.h.s.r.b.TomcatHttpServer - Server stopped (0 millis).
14:07:37.567 [Test worker] DEBUG o.s.w.s.a.HttpWebHandlerAdapter - enableLoggingRequestDetails='false': form data and headers will be masked to prevent unsafe logging of potentially sensitive data
14:07:37.567 [Test worker] DEBUG o.s.w.t.h.s.r.b.UndertowHttpServer - Starting UndertowHttpServer...
14:07:37.567 [Test worker] INFO  i.undertow - starting server: Undertow - 2.1.3.Final
14:07:37.575 [Test worker] DEBUG o.s.w.t.h.s.r.b.UndertowHttpServer - Server started on port 60771(0 millis).
14:07:37.576 [Test worker] DEBUG o.s.w.r.f.c.ExchangeFunctions - [7b6ba9d3] HTTP GET http://localhost:60771/string
14:07:37.579 [XNIO-13 I/O-2] DEBUG o.s.w.s.a.HttpWebHandlerAdapter - [30ac9695] HTTP GET "/string"
14:07:37.693 [reactor-http-nio-6] DEBUG o.s.w.r.f.c.ExchangeFunctions - [7b6ba9d3] Response 200 OK
14:07:37.694 [reactor-http-nio-6] DEBUG o.s.c.c.StringDecoder - [7b6ba9d3] Decoded "data:foo 0"
14:07:37.694 [reactor-http-nio-6] DEBUG o.s.c.c.StringDecoder - [7b6ba9d3] Decoded ""
14:07:37.806 [XNIO-13 I/O-2] DEBUG o.s.w.s.a.HttpWebHandlerAdapter - [30ac9695] Completed 200 OK
14:07:37.806 [reactor-http-nio-6] DEBUG o.s.c.c.StringDecoder - [7b6ba9d3] Decoded "data:foo 1"
14:07:37.807 [reactor-http-nio-6] DEBUG o.s.c.c.StringDecoder - [7b6ba9d3] Decoded ""
14:07:37.807 [Test worker] DEBUG o.s.w.t.h.s.r.b.UndertowHttpServer - Stopping UndertowHttpServer...
14:07:37.808 [Test worker] INFO  i.undertow - stopping server: Undertow - 2.1.3.Final
14:07:37.809 [Test worker] DEBUG o.s.w.t.h.s.r.b.UndertowHttpServer - Server stopped (0 millis).
]]></system-out>
  <system-err><![CDATA[]]></system-err>
</testsuite>
