<?xml version="1.0" encoding="UTF-8"?>
<testsuite name="org.springframework.web.reactive.function.server.RouterFunctionBuilderTests" tests="4" skipped="0" failures="0" errors="0" timestamp="2020-06-22T06:07:21" hostname="aiguoxindeMacBook-Pro.local" time="0.12">
  <properties/>
  <testcase name="resources()" classname="org.springframework.web.reactive.function.server.RouterFunctionBuilderTests" time="0.011"/>
  <testcase name="filters()" classname="org.springframework.web.reactive.function.server.RouterFunctionBuilderTests" time="0.084"/>
  <testcase name="nest()" classname="org.springframework.web.reactive.function.server.RouterFunctionBuilderTests" time="0.005"/>
  <testcase name="route()" classname="org.springframework.web.reactive.function.server.RouterFunctionBuilderTests" time="0.017"/>
  <system-out><![CDATA[]]></system-out>
  <system-err><![CDATA[]]></system-err>
</testsuite>
