<?xml version="1.0" encoding="UTF-8"?>
<testsuite name="org.springframework.web.reactive.function.client.ExchangeStrategiesTests" tests="3" skipped="0" failures="0" errors="0" timestamp="2020-06-22T06:07:16" hostname="aiguoxindeMacBook-Pro.local" time="0.04">
  <properties/>
  <testcase name="withDefaults()" classname="org.springframework.web.reactive.function.client.ExchangeStrategiesTests" time="0.0"/>
  <testcase name="mutate()" classname="org.springframework.web.reactive.function.client.ExchangeStrategiesTests" time="0.038"/>
  <testcase name="empty()" classname="org.springframework.web.reactive.function.client.ExchangeStrategiesTests" time="0.0"/>
  <system-out><![CDATA[]]></system-out>
  <system-err><![CDATA[]]></system-err>
</testsuite>
