<?xml version="1.0" encoding="UTF-8"?>
<testsuite name="org.springframework.web.reactive.function.server.DefaultServerRequestTests" tests="43" skipped="0" failures="0" errors="0" timestamp="2020-06-22T06:07:03" hostname="aiguoxindeMacBook-Pro.local" time="1.9">
  <properties/>
  <testcase name="checkNotModifiedTimestamp(String)[1]" classname="org.springframework.web.reactive.function.server.DefaultServerRequestTests" time="0.199"/>
  <testcase name="checkNotModifiedTimestamp(String)[2]" classname="org.springframework.web.reactive.function.server.DefaultServerRequestTests" time="0.011"/>
  <testcase name="bodyUnacceptable()" classname="org.springframework.web.reactive.function.server.DefaultServerRequestTests" time="0.009"/>
  <testcase name="bodyToFluxParameterizedTypeReference()" classname="org.springframework.web.reactive.function.server.DefaultServerRequestTests" time="0.17"/>
  <testcase name="absentQueryParam()" classname="org.springframework.web.reactive.function.server.DefaultServerRequestTests" time="0.03"/>
  <testcase name="checkNotModifiedWildcardIsIgnored(String)[1]" classname="org.springframework.web.reactive.function.server.DefaultServerRequestTests" time="0.002"/>
  <testcase name="checkNotModifiedWildcardIsIgnored(String)[2]" classname="org.springframework.web.reactive.function.server.DefaultServerRequestTests" time="0.002"/>
  <testcase name="multipartData()" classname="org.springframework.web.reactive.function.server.DefaultServerRequestTests" time="0.117"/>
  <testcase name="queryParams()" classname="org.springframework.web.reactive.function.server.DefaultServerRequestTests" time="0.002"/>
  <testcase name="header()" classname="org.springframework.web.reactive.function.server.DefaultServerRequestTests" time="0.079"/>
  <testcase name="uriBuilder()" classname="org.springframework.web.reactive.function.server.DefaultServerRequestTests" time="0.045"/>
  <testcase name="method()" classname="org.springframework.web.reactive.function.server.DefaultServerRequestTests" time="0.001"/>
  <testcase name="checkNotModifiedETagAndModifiedTimestamp(String)[1]" classname="org.springframework.web.reactive.function.server.DefaultServerRequestTests" time="0.045"/>
  <testcase name="checkNotModifiedETagAndModifiedTimestamp(String)[2]" classname="org.springframework.web.reactive.function.server.DefaultServerRequestTests" time="0.026"/>
  <testcase name="checkModifiedTimestamp(String)[1]" classname="org.springframework.web.reactive.function.server.DefaultServerRequestTests" time="0.003"/>
  <testcase name="checkModifiedTimestamp(String)[2]" classname="org.springframework.web.reactive.function.server.DefaultServerRequestTests" time="0.001"/>
  <testcase name="checkModifiedETagAndNotModifiedTimestamp(String)[1]" classname="org.springframework.web.reactive.function.server.DefaultServerRequestTests" time="0.001"/>
  <testcase name="checkModifiedETagAndNotModifiedTimestamp(String)[2]" classname="org.springframework.web.reactive.function.server.DefaultServerRequestTests" time="0.002"/>
  <testcase name="bodyToFlux()" classname="org.springframework.web.reactive.function.server.DefaultServerRequestTests" time="0.002"/>
  <testcase name="bodyToMono()" classname="org.springframework.web.reactive.function.server.DefaultServerRequestTests" time="0.005"/>
  <testcase name="uri()" classname="org.springframework.web.reactive.function.server.DefaultServerRequestTests" time="0.06"/>
  <testcase name="body()" classname="org.springframework.web.reactive.function.server.DefaultServerRequestTests" time="0.003"/>
  <testcase name="attribute()" classname="org.springframework.web.reactive.function.server.DefaultServerRequestTests" time="0.001"/>
  <testcase name="checkNotModifiedETagWithSeparatorChars(String)[1]" classname="org.springframework.web.reactive.function.server.DefaultServerRequestTests" time="0.002"/>
  <testcase name="checkNotModifiedETagWithSeparatorChars(String)[2]" classname="org.springframework.web.reactive.function.server.DefaultServerRequestTests" time="0.025"/>
  <testcase name="formData()" classname="org.springframework.web.reactive.function.server.DefaultServerRequestTests" time="0.041"/>
  <testcase name="pathVariableNotFound()" classname="org.springframework.web.reactive.function.server.DefaultServerRequestTests" time="0.002"/>
  <testcase name="checkModifiedETag(String)[1]" classname="org.springframework.web.reactive.function.server.DefaultServerRequestTests" time="0.001"/>
  <testcase name="checkModifiedETag(String)[2]" classname="org.springframework.web.reactive.function.server.DefaultServerRequestTests" time="0.001"/>
  <testcase name="cookies()" classname="org.springframework.web.reactive.function.server.DefaultServerRequestTests" time="0.016"/>
  <testcase name="emptyQueryParam()" classname="org.springframework.web.reactive.function.server.DefaultServerRequestTests" time="0.002"/>
  <testcase name="checkNotModifiedETagAndTimestamp(String)[1]" classname="org.springframework.web.reactive.function.server.DefaultServerRequestTests" time="0.004"/>
  <testcase name="checkNotModifiedETagAndTimestamp(String)[2]" classname="org.springframework.web.reactive.function.server.DefaultServerRequestTests" time="0.002"/>
  <testcase name="checkModifiedUnpaddedETag(String)[1]" classname="org.springframework.web.reactive.function.server.DefaultServerRequestTests" time="0.001"/>
  <testcase name="checkModifiedUnpaddedETag(String)[2]" classname="org.springframework.web.reactive.function.server.DefaultServerRequestTests" time="0.031"/>
  <testcase name="pathVariables()" classname="org.springframework.web.reactive.function.server.DefaultServerRequestTests" time="0.001"/>
  <testcase name="pathVariable()" classname="org.springframework.web.reactive.function.server.DefaultServerRequestTests" time="0.001"/>
  <testcase name="checkNotModifiedETag(String)[1]" classname="org.springframework.web.reactive.function.server.DefaultServerRequestTests" time="0.001"/>
  <testcase name="checkNotModifiedETag(String)[2]" classname="org.springframework.web.reactive.function.server.DefaultServerRequestTests" time="0.002"/>
  <testcase name="bodyToMonoParameterizedTypeReference()" classname="org.springframework.web.reactive.function.server.DefaultServerRequestTests" time="0.002"/>
  <testcase name="checkNotModifiedUnpaddedETag(String)[1]" classname="org.springframework.web.reactive.function.server.DefaultServerRequestTests" time="0.001"/>
  <testcase name="checkNotModifiedUnpaddedETag(String)[2]" classname="org.springframework.web.reactive.function.server.DefaultServerRequestTests" time="0.002"/>
  <testcase name="bodyToMonoDecodingException()" classname="org.springframework.web.reactive.function.server.DefaultServerRequestTests" time="0.274"/>
  <system-out><![CDATA[14:07:04.109 [Test worker] DEBUG o.s.c.c.StringDecoder - [70aa0fd8] Decoded "foo"
14:07:04.337 [Test worker] DEBUG o.s.h.c.m.MultipartHttpMessageReader - [5e818f7f] Parsed parts [foo, baz] (content masked)
14:07:04.804 [Test worker] DEBUG o.s.c.c.StringDecoder - [4005e44] Decoded "foo"
14:07:04.812 [Test worker] DEBUG o.s.c.c.StringDecoder - [283873c8] Decoded "foo"
14:07:04.886 [Test worker] DEBUG o.s.c.c.StringDecoder - [4b96750] Decoded "foo"
14:07:04.993 [Test worker] DEBUG o.s.h.c.FormHttpMessageReader - [79629892] Read form fields [foo, baz] (content masked)
14:07:05.302 [Test worker] DEBUG o.s.c.c.StringDecoder - [508736b4] Decoded "foo"
]]></system-out>
  <system-err><![CDATA[]]></system-err>
</testsuite>
