<?xml version="1.0" encoding="UTF-8"?>
<testsuite name="org.springframework.web.reactive.resource.WebJarsResourceResolverTests" tests="7" skipped="0" failures="0" errors="0" timestamp="2020-06-22T06:07:28" hostname="aiguoxindeMacBook-Pro.local" time="4.534">
  <properties/>
  <testcase name="resolveResourceWebJar()" classname="org.springframework.web.reactive.resource.WebJarsResourceResolverTests" time="1.398"/>
  <testcase name="resolveUrlExistingNotInJarFile()" classname="org.springframework.web.reactive.resource.WebJarsResourceResolverTests" time="0.505"/>
  <testcase name="resolveUrlWebJarResource()" classname="org.springframework.web.reactive.resource.WebJarsResourceResolverTests" time="0.514"/>
  <testcase name="resolveResourceNotFound()" classname="org.springframework.web.reactive.resource.WebJarsResourceResolverTests" time="0.973"/>
  <testcase name="resolveUrlExisting()" classname="org.springframework.web.reactive.resource.WebJarsResourceResolverTests" time="0.482"/>
  <testcase name="resolveUrlWebJarResourceNotFound()" classname="org.springframework.web.reactive.resource.WebJarsResourceResolverTests" time="0.345"/>
  <testcase name="resolveResourceExisting()" classname="org.springframework.web.reactive.resource.WebJarsResourceResolverTests" time="0.317"/>
  <system-out><![CDATA[]]></system-out>
  <system-err><![CDATA[]]></system-err>
</testsuite>
