<?xml version="1.0" encoding="UTF-8"?>
<testsuite name="org.springframework.web.reactive.result.view.freemarker.FreeMarkerMacroTests" tests="27" skipped="0" failures="0" errors="0" timestamp="2020-06-22T06:08:55" hostname="aiguoxindeMacBook-Pro.local" time="1.44">
  <properties/>
  <testcase name="formSingleSelectFromList()" classname="org.springframework.web.reactive.result.view.freemarker.FreeMarkerMacroTests" time="0.636"/>
  <testcase name="formInputText()" classname="org.springframework.web.reactive.result.view.freemarker.FreeMarkerMacroTests" time="0.032"/>
  <testcase name="formMultiSelect()" classname="org.springframework.web.reactive.result.view.freemarker.FreeMarkerMacroTests" time="0.031"/>
  <testcase name="formInputWithCss()" classname="org.springframework.web.reactive.result.view.freemarker.FreeMarkerMacroTests" time="0.018"/>
  <testcase name="formRadioButtons()" classname="org.springframework.web.reactive.result.view.freemarker.FreeMarkerMacroTests" time="0.043"/>
  <testcase name="springMacroRequestContextIsAutomaticallyExposedAsModelAttribute()" classname="org.springframework.web.reactive.result.view.freemarker.FreeMarkerMacroTests" time="0.029"/>
  <testcase name="defaultMessage()" classname="org.springframework.web.reactive.result.view.freemarker.FreeMarkerMacroTests" time="0.016"/>
  <testcase name="formCheckboxForStringArray()" classname="org.springframework.web.reactive.result.view.freemarker.FreeMarkerMacroTests" time="0.037"/>
  <testcase name="formInputPassword()" classname="org.springframework.web.reactive.result.view.freemarker.FreeMarkerMacroTests" time="0.048"/>
  <testcase name="formCheckboxForBooleanProperty()" classname="org.springframework.web.reactive.result.view.freemarker.FreeMarkerMacroTests" time="0.039"/>
  <testcase name="formCheckboxForStringProperty()" classname="org.springframework.web.reactive.result.view.freemarker.FreeMarkerMacroTests" time="0.027"/>
  <testcase name="messageArgs()" classname="org.springframework.web.reactive.result.view.freemarker.FreeMarkerMacroTests" time="0.052"/>
  <testcase name="formCheckboxForNestedPath()" classname="org.springframework.web.reactive.result.view.freemarker.FreeMarkerMacroTests" time="0.029"/>
  <testcase name="urlParams()" classname="org.springframework.web.reactive.result.view.freemarker.FreeMarkerMacroTests" time="0.034"/>
  <testcase name="age()" classname="org.springframework.web.reactive.result.view.freemarker.FreeMarkerMacroTests" time="0.018"/>
  <testcase name="url()" classname="org.springframework.web.reactive.result.view.freemarker.FreeMarkerMacroTests" time="0.024"/>
  <testcase name="name()" classname="org.springframework.web.reactive.result.view.freemarker.FreeMarkerMacroTests" time="0.014"/>
  <testcase name="formSingleSelectFromMap()" classname="org.springframework.web.reactive.result.view.freemarker.FreeMarkerMacroTests" time="0.024"/>
  <testcase name="formTextareaWithCustomRowsAndColumns()" classname="org.springframework.web.reactive.result.view.freemarker.FreeMarkerMacroTests" time="0.048"/>
  <testcase name="message()" classname="org.springframework.web.reactive.result.view.freemarker.FreeMarkerMacroTests" time="0.018"/>
  <testcase name="forInputWithNestedPath()" classname="org.springframework.web.reactive.result.view.freemarker.FreeMarkerMacroTests" time="0.025"/>
  <testcase name="formTextarea()" classname="org.springframework.web.reactive.result.view.freemarker.FreeMarkerMacroTests" time="0.019"/>
  <testcase name="messageArgsWithDefaultMessage()" classname="org.springframework.web.reactive.result.view.freemarker.FreeMarkerMacroTests" time="0.01"/>
  <testcase name="formPasswordInput()" classname="org.springframework.web.reactive.result.view.freemarker.FreeMarkerMacroTests" time="0.057"/>
  <testcase name="formHiddenInput()" classname="org.springframework.web.reactive.result.view.freemarker.FreeMarkerMacroTests" time="0.029"/>
  <testcase name="formInput()" classname="org.springframework.web.reactive.result.view.freemarker.FreeMarkerMacroTests" time="0.016"/>
  <testcase name="formInputHidden()" classname="org.springframework.web.reactive.result.view.freemarker.FreeMarkerMacroTests" time="0.016"/>
  <system-out><![CDATA[14:08:55.347 [Test worker] DEBUG o.s.w.r.r.v.f.FreeMarkerConfigurer - Template loader path [class path resource []] resolved to file path [/Volumes/work/aiguoxin/spring-framework/spring-webflux/build/classes/java/test]
14:08:55.351 [Test worker] DEBUG o.s.w.r.r.v.f.FreeMarkerConfigurer - Template loader path [URL [file:/var/folders/5_/dkz6wc1x2z3b8p2gs5wcpggr0000gn/T/]] resolved to file path [/var/folders/5_/dkz6wc1x2z3b8p2gs5wcpggr0000gn/T]
14:08:55.362 [Test worker] DEBUG o.s.w.r.r.v.f.FreeMarkerView - [4884c364] View name 'myView', model {command=Darren, springMacroRequestContext=org.springframework.web.reactive.result.view.DummyMacroRequestContext@3d63f38c, msgArgs=[Ljava.lang.Object;@6e556532, nameOptionMap={Rob&Harrop=Rob Harrop, Darren=Darren Davison, John=John Doe, Fred=Fred Bloggs}, options=[Rob Harrop, Darren Davison, John Doe, Fred Bloggs]}
14:08:55.366 [Test worker] DEBUG o.s.w.r.r.v.f.FreeMarkerView - [4884c364] Rendering [tmp.ftl]
14:08:55.983 [Test worker] DEBUG o.s.w.r.r.v.f.FreeMarkerConfigurer - Template loader path [class path resource []] resolved to file path [/Volumes/work/aiguoxin/spring-framework/spring-webflux/build/classes/java/test]
14:08:55.983 [Test worker] DEBUG o.s.w.r.r.v.f.FreeMarkerConfigurer - Template loader path [URL [file:/var/folders/5_/dkz6wc1x2z3b8p2gs5wcpggr0000gn/T/]] resolved to file path [/var/folders/5_/dkz6wc1x2z3b8p2gs5wcpggr0000gn/T]
14:08:55.984 [Test worker] DEBUG o.s.w.r.r.v.f.FreeMarkerView - [4574fca5] View name 'myView', model {command=Darren, springMacroRequestContext=org.springframework.web.reactive.result.view.DummyMacroRequestContext@61138370, msgArgs=[Ljava.lang.Object;@4641c86d, nameOptionMap={Rob&Harrop=Rob Harrop, Darren=Darren Davison, John=John Doe, Fred=Fred Bloggs}, options=[Rob Harrop, Darren Davison, John Doe, Fred Bloggs]}
14:08:55.984 [Test worker] DEBUG o.s.w.r.r.v.f.FreeMarkerView - [4574fca5] Rendering [tmp.ftl]
14:08:56.017 [Test worker] DEBUG o.s.w.r.r.v.f.FreeMarkerConfigurer - Template loader path [class path resource []] resolved to file path [/Volumes/work/aiguoxin/spring-framework/spring-webflux/build/classes/java/test]
14:08:56.017 [Test worker] DEBUG o.s.w.r.r.v.f.FreeMarkerConfigurer - Template loader path [URL [file:/var/folders/5_/dkz6wc1x2z3b8p2gs5wcpggr0000gn/T/]] resolved to file path [/var/folders/5_/dkz6wc1x2z3b8p2gs5wcpggr0000gn/T]
14:08:56.018 [Test worker] DEBUG o.s.w.r.r.v.f.FreeMarkerView - [1d973e3] View name 'myView', model {command=Darren, springMacroRequestContext=org.springframework.web.reactive.result.view.DummyMacroRequestContext@7ec11bdd, msgArgs=[Ljava.lang.Object;@62ceb7b5, nameOptionMap={Rob&Harrop=Rob Harrop, Darren=Darren Davison, John=John Doe, Fred=Fred Bloggs}, options=[Rob Harrop, Darren Davison, John Doe, Fred Bloggs]}
14:08:56.018 [Test worker] DEBUG o.s.w.r.r.v.f.FreeMarkerView - [1d973e3] Rendering [tmp.ftl]
14:08:56.049 [Test worker] DEBUG o.s.w.r.r.v.f.FreeMarkerConfigurer - Template loader path [class path resource []] resolved to file path [/Volumes/work/aiguoxin/spring-framework/spring-webflux/build/classes/java/test]
14:08:56.049 [Test worker] DEBUG o.s.w.r.r.v.f.FreeMarkerConfigurer - Template loader path [URL [file:/var/folders/5_/dkz6wc1x2z3b8p2gs5wcpggr0000gn/T/]] resolved to file path [/var/folders/5_/dkz6wc1x2z3b8p2gs5wcpggr0000gn/T]
14:08:56.050 [Test worker] DEBUG o.s.w.r.r.v.f.FreeMarkerView - [3b8130a4] View name 'myView', model {command=Darren, springMacroRequestContext=org.springframework.web.reactive.result.view.DummyMacroRequestContext@70f4bc79, msgArgs=[Ljava.lang.Object;@74dc8157, nameOptionMap={Rob&Harrop=Rob Harrop, Darren=Darren Davison, John=John Doe, Fred=Fred Bloggs}, options=[Rob Harrop, Darren Davison, John Doe, Fred Bloggs]}
14:08:56.050 [Test worker] DEBUG o.s.w.r.r.v.f.FreeMarkerView - [3b8130a4] Rendering [tmp.ftl]
14:08:56.067 [Test worker] DEBUG o.s.w.r.r.v.f.FreeMarkerConfigurer - Template loader path [class path resource []] resolved to file path [/Volumes/work/aiguoxin/spring-framework/spring-webflux/build/classes/java/test]
14:08:56.067 [Test worker] DEBUG o.s.w.r.r.v.f.FreeMarkerConfigurer - Template loader path [URL [file:/var/folders/5_/dkz6wc1x2z3b8p2gs5wcpggr0000gn/T/]] resolved to file path [/var/folders/5_/dkz6wc1x2z3b8p2gs5wcpggr0000gn/T]
14:08:56.068 [Test worker] DEBUG o.s.w.r.r.v.f.FreeMarkerView - [7bf63fdf] View name 'myView', model {command=Darren, springMacroRequestContext=org.springframework.web.reactive.result.view.DummyMacroRequestContext@7a1414f2, msgArgs=[Ljava.lang.Object;@50757684, nameOptionMap={Rob&Harrop=Rob Harrop, Darren=Darren Davison, John=John Doe, Fred=Fred Bloggs}, options=[Rob Harrop, Darren Davison, John Doe, Fred Bloggs]}
14:08:56.068 [Test worker] DEBUG o.s.w.r.r.v.f.FreeMarkerView - [7bf63fdf] Rendering [tmp.ftl]
14:08:56.110 [Test worker] DEBUG o.s.w.r.r.v.f.FreeMarkerConfigurer - Template loader path [class path resource []] resolved to file path [/Volumes/work/aiguoxin/spring-framework/spring-webflux/build/classes/java/test]
14:08:56.111 [Test worker] DEBUG o.s.w.r.r.v.f.FreeMarkerConfigurer - Template loader path [URL [file:/var/folders/5_/dkz6wc1x2z3b8p2gs5wcpggr0000gn/T/]] resolved to file path [/var/folders/5_/dkz6wc1x2z3b8p2gs5wcpggr0000gn/T]
14:08:56.111 [Test worker] DEBUG o.s.w.r.r.v.f.FreeMarkerMacroTests$1 - [20363c61] View name 'myView', model {testBean=Dilbert}
14:08:56.112 [Test worker] DEBUG o.s.w.r.r.v.f.FreeMarkerMacroTests$1 - [20363c61] Rendering [tmp.ftl]
14:08:56.141 [Test worker] DEBUG o.s.w.r.r.v.f.FreeMarkerConfigurer - Template loader path [class path resource []] resolved to file path [/Volumes/work/aiguoxin/spring-framework/spring-webflux/build/classes/java/test]
14:08:56.142 [Test worker] DEBUG o.s.w.r.r.v.f.FreeMarkerConfigurer - Template loader path [URL [file:/var/folders/5_/dkz6wc1x2z3b8p2gs5wcpggr0000gn/T/]] resolved to file path [/var/folders/5_/dkz6wc1x2z3b8p2gs5wcpggr0000gn/T]
14:08:56.143 [Test worker] DEBUG o.s.w.r.r.v.f.FreeMarkerView - [4f7f4b7b] View name 'myView', model {command=Darren, springMacroRequestContext=org.springframework.web.reactive.result.view.DummyMacroRequestContext@63411ad1, msgArgs=[Ljava.lang.Object;@1d43c5c0, nameOptionMap={Rob&Harrop=Rob Harrop, Darren=Darren Davison, John=John Doe, Fred=Fred Bloggs}, options=[Rob Harrop, Darren Davison, John Doe, Fred Bloggs]}
14:08:56.143 [Test worker] DEBUG o.s.w.r.r.v.f.FreeMarkerView - [4f7f4b7b] Rendering [tmp.ftl]
14:08:56.158 [Test worker] DEBUG o.s.w.r.r.v.f.FreeMarkerConfigurer - Template loader path [class path resource []] resolved to file path [/Volumes/work/aiguoxin/spring-framework/spring-webflux/build/classes/java/test]
14:08:56.158 [Test worker] DEBUG o.s.w.r.r.v.f.FreeMarkerConfigurer - Template loader path [URL [file:/var/folders/5_/dkz6wc1x2z3b8p2gs5wcpggr0000gn/T/]] resolved to file path [/var/folders/5_/dkz6wc1x2z3b8p2gs5wcpggr0000gn/T]
14:08:56.159 [Test worker] DEBUG o.s.w.r.r.v.f.FreeMarkerView - [4eb1f299] View name 'myView', model {command=Darren, springMacroRequestContext=org.springframework.web.reactive.result.view.DummyMacroRequestContext@1d6966a5, msgArgs=[Ljava.lang.Object;@25bbe8c9, nameOptionMap={Rob&Harrop=Rob Harrop, Darren=Darren Davison, John=John Doe, Fred=Fred Bloggs}, options=[Rob Harrop, Darren Davison, John Doe, Fred Bloggs]}
14:08:56.159 [Test worker] DEBUG o.s.w.r.r.v.f.FreeMarkerView - [4eb1f299] Rendering [tmp.ftl]
14:08:56.195 [Test worker] DEBUG o.s.w.r.r.v.f.FreeMarkerConfigurer - Template loader path [class path resource []] resolved to file path [/Volumes/work/aiguoxin/spring-framework/spring-webflux/build/classes/java/test]
14:08:56.195 [Test worker] DEBUG o.s.w.r.r.v.f.FreeMarkerConfigurer - Template loader path [URL [file:/var/folders/5_/dkz6wc1x2z3b8p2gs5wcpggr0000gn/T/]] resolved to file path [/var/folders/5_/dkz6wc1x2z3b8p2gs5wcpggr0000gn/T]
14:08:56.196 [Test worker] DEBUG o.s.w.r.r.v.f.FreeMarkerView - [7e617ecb] View name 'myView', model {command=Darren, springMacroRequestContext=org.springframework.web.reactive.result.view.DummyMacroRequestContext@18b2ae7f, msgArgs=[Ljava.lang.Object;@e4bf261, nameOptionMap={Rob&Harrop=Rob Harrop, Darren=Darren Davison, John=John Doe, Fred=Fred Bloggs}, options=[Rob Harrop, Darren Davison, John Doe, Fred Bloggs]}
14:08:56.196 [Test worker] DEBUG o.s.w.r.r.v.f.FreeMarkerView - [7e617ecb] Rendering [tmp.ftl]
14:08:56.250 [Test worker] DEBUG o.s.w.r.r.v.f.FreeMarkerConfigurer - Template loader path [class path resource []] resolved to file path [/Volumes/work/aiguoxin/spring-framework/spring-webflux/build/classes/java/test]
14:08:56.250 [Test worker] DEBUG o.s.w.r.r.v.f.FreeMarkerConfigurer - Template loader path [URL [file:/var/folders/5_/dkz6wc1x2z3b8p2gs5wcpggr0000gn/T/]] resolved to file path [/var/folders/5_/dkz6wc1x2z3b8p2gs5wcpggr0000gn/T]
14:08:56.251 [Test worker] DEBUG o.s.w.r.r.v.f.FreeMarkerView - [68e1fb68] View name 'myView', model {command=Darren, springMacroRequestContext=org.springframework.web.reactive.result.view.DummyMacroRequestContext@16bb59a8, msgArgs=[Ljava.lang.Object;@3d50ca5d, nameOptionMap={Rob&Harrop=Rob Harrop, Darren=Darren Davison, John=John Doe, Fred=Fred Bloggs}, options=[Rob Harrop, Darren Davison, John Doe, Fred Bloggs]}
14:08:56.251 [Test worker] DEBUG o.s.w.r.r.v.f.FreeMarkerView - [68e1fb68] Rendering [tmp.ftl]
14:08:56.287 [Test worker] DEBUG o.s.w.r.r.v.f.FreeMarkerConfigurer - Template loader path [class path resource []] resolved to file path [/Volumes/work/aiguoxin/spring-framework/spring-webflux/build/classes/java/test]
14:08:56.287 [Test worker] DEBUG o.s.w.r.r.v.f.FreeMarkerConfigurer - Template loader path [URL [file:/var/folders/5_/dkz6wc1x2z3b8p2gs5wcpggr0000gn/T/]] resolved to file path [/var/folders/5_/dkz6wc1x2z3b8p2gs5wcpggr0000gn/T]
14:08:56.288 [Test worker] DEBUG o.s.w.r.r.v.f.FreeMarkerView - [61df9881] View name 'myView', model {command=Darren, springMacroRequestContext=org.springframework.web.reactive.result.view.DummyMacroRequestContext@6d7bfee0, msgArgs=[Ljava.lang.Object;@74ab0fb, nameOptionMap={Rob&Harrop=Rob Harrop, Darren=Darren Davison, John=John Doe, Fred=Fred Bloggs}, options=[Rob Harrop, Darren Davison, John Doe, Fred Bloggs]}
14:08:56.288 [Test worker] DEBUG o.s.w.r.r.v.f.FreeMarkerView - [61df9881] Rendering [tmp.ftl]
14:08:56.318 [Test worker] DEBUG o.s.w.r.r.v.f.FreeMarkerConfigurer - Template loader path [class path resource []] resolved to file path [/Volumes/work/aiguoxin/spring-framework/spring-webflux/build/classes/java/test]
14:08:56.318 [Test worker] DEBUG o.s.w.r.r.v.f.FreeMarkerConfigurer - Template loader path [URL [file:/var/folders/5_/dkz6wc1x2z3b8p2gs5wcpggr0000gn/T/]] resolved to file path [/var/folders/5_/dkz6wc1x2z3b8p2gs5wcpggr0000gn/T]
14:08:56.319 [Test worker] DEBUG o.s.w.r.r.v.f.FreeMarkerView - [26759a03] View name 'myView', model {command=Darren, springMacroRequestContext=org.springframework.web.reactive.result.view.DummyMacroRequestContext@58758943, msgArgs=[Ljava.lang.Object;@52957f27, nameOptionMap={Rob&Harrop=Rob Harrop, Darren=Darren Davison, John=John Doe, Fred=Fred Bloggs}, options=[Rob Harrop, Darren Davison, John Doe, Fred Bloggs]}
14:08:56.319 [Test worker] DEBUG o.s.w.r.r.v.f.FreeMarkerView - [26759a03] Rendering [tmp.ftl]
14:08:56.370 [Test worker] DEBUG o.s.w.r.r.v.f.FreeMarkerConfigurer - Template loader path [class path resource []] resolved to file path [/Volumes/work/aiguoxin/spring-framework/spring-webflux/build/classes/java/test]
14:08:56.371 [Test worker] DEBUG o.s.w.r.r.v.f.FreeMarkerConfigurer - Template loader path [URL [file:/var/folders/5_/dkz6wc1x2z3b8p2gs5wcpggr0000gn/T/]] resolved to file path [/var/folders/5_/dkz6wc1x2z3b8p2gs5wcpggr0000gn/T]
14:08:56.372 [Test worker] DEBUG o.s.w.r.r.v.f.FreeMarkerView - [1e651423] View name 'myView', model {command=Darren, springMacroRequestContext=org.springframework.web.reactive.result.view.DummyMacroRequestContext@4c750c04, msgArgs=[Ljava.lang.Object;@5b776b26, nameOptionMap={Rob&Harrop=Rob Harrop, Darren=Darren Davison, John=John Doe, Fred=Fred Bloggs}, options=[Rob Harrop, Darren Davison, John Doe, Fred Bloggs]}
14:08:56.372 [Test worker] DEBUG o.s.w.r.r.v.f.FreeMarkerView - [1e651423] Rendering [tmp.ftl]
14:08:56.401 [Test worker] DEBUG o.s.w.r.r.v.f.FreeMarkerConfigurer - Template loader path [class path resource []] resolved to file path [/Volumes/work/aiguoxin/spring-framework/spring-webflux/build/classes/java/test]
14:08:56.401 [Test worker] DEBUG o.s.w.r.r.v.f.FreeMarkerConfigurer - Template loader path [URL [file:/var/folders/5_/dkz6wc1x2z3b8p2gs5wcpggr0000gn/T/]] resolved to file path [/var/folders/5_/dkz6wc1x2z3b8p2gs5wcpggr0000gn/T]
14:08:56.402 [Test worker] DEBUG o.s.w.r.r.v.f.FreeMarkerView - [86014fa] View name 'myView', model {command=Darren, springMacroRequestContext=org.springframework.web.reactive.result.view.DummyMacroRequestContext@538815e4, msgArgs=[Ljava.lang.Object;@66c73f06, nameOptionMap={Rob&Harrop=Rob Harrop, Darren=Darren Davison, John=John Doe, Fred=Fred Bloggs}, options=[Rob Harrop, Darren Davison, John Doe, Fred Bloggs]}
14:08:56.402 [Test worker] DEBUG o.s.w.r.r.v.f.FreeMarkerView - [86014fa] Rendering [tmp.ftl]
14:08:56.436 [Test worker] DEBUG o.s.w.r.r.v.f.FreeMarkerConfigurer - Template loader path [class path resource []] resolved to file path [/Volumes/work/aiguoxin/spring-framework/spring-webflux/build/classes/java/test]
14:08:56.436 [Test worker] DEBUG o.s.w.r.r.v.f.FreeMarkerConfigurer - Template loader path [URL [file:/var/folders/5_/dkz6wc1x2z3b8p2gs5wcpggr0000gn/T/]] resolved to file path [/var/folders/5_/dkz6wc1x2z3b8p2gs5wcpggr0000gn/T]
14:08:56.441 [Test worker] DEBUG o.s.w.r.r.v.f.FreeMarkerView - [5dabbd56] View name 'myView', model {command=Darren, springMacroRequestContext=org.springframework.web.reactive.result.view.DummyMacroRequestContext@77227b1b, msgArgs=[Ljava.lang.Object;@123122b9, nameOptionMap={Rob&Harrop=Rob Harrop, Darren=Darren Davison, John=John Doe, Fred=Fred Bloggs}, options=[Rob Harrop, Darren Davison, John Doe, Fred Bloggs]}
14:08:56.442 [Test worker] DEBUG o.s.w.r.r.v.f.FreeMarkerView - [5dabbd56] Rendering [tmp.ftl]
14:08:56.473 [Test worker] DEBUG o.s.w.r.r.v.f.FreeMarkerConfigurer - Template loader path [class path resource []] resolved to file path [/Volumes/work/aiguoxin/spring-framework/spring-webflux/build/classes/java/test]
14:08:56.473 [Test worker] DEBUG o.s.w.r.r.v.f.FreeMarkerConfigurer - Template loader path [URL [file:/var/folders/5_/dkz6wc1x2z3b8p2gs5wcpggr0000gn/T/]] resolved to file path [/var/folders/5_/dkz6wc1x2z3b8p2gs5wcpggr0000gn/T]
14:08:56.476 [Test worker] DEBUG o.s.w.r.r.v.f.FreeMarkerView - [30be3199] View name 'myView', model {command=Darren, springMacroRequestContext=org.springframework.web.reactive.result.view.DummyMacroRequestContext@1fcd0caa, msgArgs=[Ljava.lang.Object;@7897c3ad, nameOptionMap={Rob&Harrop=Rob Harrop, Darren=Darren Davison, John=John Doe, Fred=Fred Bloggs}, options=[Rob Harrop, Darren Davison, John Doe, Fred Bloggs]}
14:08:56.476 [Test worker] DEBUG o.s.w.r.r.v.f.FreeMarkerView - [30be3199] Rendering [tmp.ftl]
14:08:56.498 [Test worker] DEBUG o.s.w.r.r.v.f.FreeMarkerConfigurer - Template loader path [class path resource []] resolved to file path [/Volumes/work/aiguoxin/spring-framework/spring-webflux/build/classes/java/test]
14:08:56.498 [Test worker] DEBUG o.s.w.r.r.v.f.FreeMarkerConfigurer - Template loader path [URL [file:/var/folders/5_/dkz6wc1x2z3b8p2gs5wcpggr0000gn/T/]] resolved to file path [/var/folders/5_/dkz6wc1x2z3b8p2gs5wcpggr0000gn/T]
14:08:56.500 [Test worker] DEBUG o.s.w.r.r.v.f.FreeMarkerView - [34896fc3] View name 'myView', model {command=Darren, springMacroRequestContext=org.springframework.web.reactive.result.view.DummyMacroRequestContext@46c32c90, msgArgs=[Ljava.lang.Object;@6a25f2b7, nameOptionMap={Rob&Harrop=Rob Harrop, Darren=Darren Davison, John=John Doe, Fred=Fred Bloggs}, options=[Rob Harrop, Darren Davison, John Doe, Fred Bloggs]}
14:08:56.500 [Test worker] DEBUG o.s.w.r.r.v.f.FreeMarkerView - [34896fc3] Rendering [tmp.ftl]
14:08:56.512 [Test worker] DEBUG o.s.w.r.r.v.f.FreeMarkerConfigurer - Template loader path [class path resource []] resolved to file path [/Volumes/work/aiguoxin/spring-framework/spring-webflux/build/classes/java/test]
14:08:56.512 [Test worker] DEBUG o.s.w.r.r.v.f.FreeMarkerConfigurer - Template loader path [URL [file:/var/folders/5_/dkz6wc1x2z3b8p2gs5wcpggr0000gn/T/]] resolved to file path [/var/folders/5_/dkz6wc1x2z3b8p2gs5wcpggr0000gn/T]
14:08:56.513 [Test worker] DEBUG o.s.w.r.r.v.f.FreeMarkerView - [700398db] View name 'myView', model {command=Darren, springMacroRequestContext=org.springframework.web.reactive.result.view.DummyMacroRequestContext@6e525c19, msgArgs=[Ljava.lang.Object;@75f01a93, nameOptionMap={Rob&Harrop=Rob Harrop, Darren=Darren Davison, John=John Doe, Fred=Fred Bloggs}, options=[Rob Harrop, Darren Davison, John Doe, Fred Bloggs]}
14:08:56.515 [Test worker] DEBUG o.s.w.r.r.v.f.FreeMarkerView - [700398db] Rendering [tmp.ftl]
14:08:56.537 [Test worker] DEBUG o.s.w.r.r.v.f.FreeMarkerConfigurer - Template loader path [class path resource []] resolved to file path [/Volumes/work/aiguoxin/spring-framework/spring-webflux/build/classes/java/test]
14:08:56.537 [Test worker] DEBUG o.s.w.r.r.v.f.FreeMarkerConfigurer - Template loader path [URL [file:/var/folders/5_/dkz6wc1x2z3b8p2gs5wcpggr0000gn/T/]] resolved to file path [/var/folders/5_/dkz6wc1x2z3b8p2gs5wcpggr0000gn/T]
14:08:56.538 [Test worker] DEBUG o.s.w.r.r.v.f.FreeMarkerView - [28068287] View name 'myView', model {command=Darren, springMacroRequestContext=org.springframework.web.reactive.result.view.DummyMacroRequestContext@230efda2, msgArgs=[Ljava.lang.Object;@78d3a309, nameOptionMap={Rob&Harrop=Rob Harrop, Darren=Darren Davison, John=John Doe, Fred=Fred Bloggs}, options=[Rob Harrop, Darren Davison, John Doe, Fred Bloggs]}
14:08:56.538 [Test worker] DEBUG o.s.w.r.r.v.f.FreeMarkerView - [28068287] Rendering [tmp.ftl]
14:08:56.586 [Test worker] DEBUG o.s.w.r.r.v.f.FreeMarkerConfigurer - Template loader path [class path resource []] resolved to file path [/Volumes/work/aiguoxin/spring-framework/spring-webflux/build/classes/java/test]
14:08:56.586 [Test worker] DEBUG o.s.w.r.r.v.f.FreeMarkerConfigurer - Template loader path [URL [file:/var/folders/5_/dkz6wc1x2z3b8p2gs5wcpggr0000gn/T/]] resolved to file path [/var/folders/5_/dkz6wc1x2z3b8p2gs5wcpggr0000gn/T]
14:08:56.587 [Test worker] DEBUG o.s.w.r.r.v.f.FreeMarkerView - [5e44eca] View name 'myView', model {command=Darren, springMacroRequestContext=org.springframework.web.reactive.result.view.DummyMacroRequestContext@200a59b5, msgArgs=[Ljava.lang.Object;@59d13080, nameOptionMap={Rob&Harrop=Rob Harrop, Darren=Darren Davison, John=John Doe, Fred=Fred Bloggs}, options=[Rob Harrop, Darren Davison, John Doe, Fred Bloggs]}
14:08:56.587 [Test worker] DEBUG o.s.w.r.r.v.f.FreeMarkerView - [5e44eca] Rendering [tmp.ftl]
14:08:56.604 [Test worker] DEBUG o.s.w.r.r.v.f.FreeMarkerConfigurer - Template loader path [class path resource []] resolved to file path [/Volumes/work/aiguoxin/spring-framework/spring-webflux/build/classes/java/test]
14:08:56.605 [Test worker] DEBUG o.s.w.r.r.v.f.FreeMarkerConfigurer - Template loader path [URL [file:/var/folders/5_/dkz6wc1x2z3b8p2gs5wcpggr0000gn/T/]] resolved to file path [/var/folders/5_/dkz6wc1x2z3b8p2gs5wcpggr0000gn/T]
14:08:56.605 [Test worker] DEBUG o.s.w.r.r.v.f.FreeMarkerView - [7fd6f96c] View name 'myView', model {command=Darren, springMacroRequestContext=org.springframework.web.reactive.result.view.DummyMacroRequestContext@37429e52, msgArgs=[Ljava.lang.Object;@573d86a5, nameOptionMap={Rob&Harrop=Rob Harrop, Darren=Darren Davison, John=John Doe, Fred=Fred Bloggs}, options=[Rob Harrop, Darren Davison, John Doe, Fred Bloggs]}
14:08:56.606 [Test worker] DEBUG o.s.w.r.r.v.f.FreeMarkerView - [7fd6f96c] Rendering [tmp.ftl]
14:08:56.636 [Test worker] DEBUG o.s.w.r.r.v.f.FreeMarkerConfigurer - Template loader path [class path resource []] resolved to file path [/Volumes/work/aiguoxin/spring-framework/spring-webflux/build/classes/java/test]
14:08:56.637 [Test worker] DEBUG o.s.w.r.r.v.f.FreeMarkerConfigurer - Template loader path [URL [file:/var/folders/5_/dkz6wc1x2z3b8p2gs5wcpggr0000gn/T/]] resolved to file path [/var/folders/5_/dkz6wc1x2z3b8p2gs5wcpggr0000gn/T]
14:08:56.638 [Test worker] DEBUG o.s.w.r.r.v.f.FreeMarkerView - [f8aacc7] View name 'myView', model {command=Darren, springMacroRequestContext=org.springframework.web.reactive.result.view.DummyMacroRequestContext@744c178, msgArgs=[Ljava.lang.Object;@563b134d, nameOptionMap={Rob&Harrop=Rob Harrop, Darren=Darren Davison, John=John Doe, Fred=Fred Bloggs}, options=[Rob Harrop, Darren Davison, John Doe, Fred Bloggs]}
14:08:56.638 [Test worker] DEBUG o.s.w.r.r.v.f.FreeMarkerView - [f8aacc7] Rendering [tmp.ftl]
14:08:56.650 [Test worker] DEBUG o.s.w.r.r.v.f.FreeMarkerConfigurer - Template loader path [class path resource []] resolved to file path [/Volumes/work/aiguoxin/spring-framework/spring-webflux/build/classes/java/test]
14:08:56.651 [Test worker] DEBUG o.s.w.r.r.v.f.FreeMarkerConfigurer - Template loader path [URL [file:/var/folders/5_/dkz6wc1x2z3b8p2gs5wcpggr0000gn/T/]] resolved to file path [/var/folders/5_/dkz6wc1x2z3b8p2gs5wcpggr0000gn/T]
14:08:56.651 [Test worker] DEBUG o.s.w.r.r.v.f.FreeMarkerView - [2e9cff93] View name 'myView', model {command=Darren, springMacroRequestContext=org.springframework.web.reactive.result.view.DummyMacroRequestContext@4495ec0b, msgArgs=[Ljava.lang.Object;@1e164330, nameOptionMap={Rob&Harrop=Rob Harrop, Darren=Darren Davison, John=John Doe, Fred=Fred Bloggs}, options=[Rob Harrop, Darren Davison, John Doe, Fred Bloggs]}
14:08:56.652 [Test worker] DEBUG o.s.w.r.r.v.f.FreeMarkerView - [2e9cff93] Rendering [tmp.ftl]
14:08:56.672 [Test worker] DEBUG o.s.w.r.r.v.f.FreeMarkerConfigurer - Template loader path [class path resource []] resolved to file path [/Volumes/work/aiguoxin/spring-framework/spring-webflux/build/classes/java/test]
14:08:56.673 [Test worker] DEBUG o.s.w.r.r.v.f.FreeMarkerConfigurer - Template loader path [URL [file:/var/folders/5_/dkz6wc1x2z3b8p2gs5wcpggr0000gn/T/]] resolved to file path [/var/folders/5_/dkz6wc1x2z3b8p2gs5wcpggr0000gn/T]
14:08:56.674 [Test worker] DEBUG o.s.w.r.r.v.f.FreeMarkerView - [7cb02bd8] View name 'myView', model {command=Darren, springMacroRequestContext=org.springframework.web.reactive.result.view.DummyMacroRequestContext@761925a8, msgArgs=[Ljava.lang.Object;@5bdd2e45, nameOptionMap={Rob&Harrop=Rob Harrop, Darren=Darren Davison, John=John Doe, Fred=Fred Bloggs}, options=[Rob Harrop, Darren Davison, John Doe, Fred Bloggs]}
14:08:56.674 [Test worker] DEBUG o.s.w.r.r.v.f.FreeMarkerView - [7cb02bd8] Rendering [tmp.ftl]
14:08:56.724 [Test worker] DEBUG o.s.w.r.r.v.f.FreeMarkerConfigurer - Template loader path [class path resource []] resolved to file path [/Volumes/work/aiguoxin/spring-framework/spring-webflux/build/classes/java/test]
14:08:56.724 [Test worker] DEBUG o.s.w.r.r.v.f.FreeMarkerConfigurer - Template loader path [URL [file:/var/folders/5_/dkz6wc1x2z3b8p2gs5wcpggr0000gn/T/]] resolved to file path [/var/folders/5_/dkz6wc1x2z3b8p2gs5wcpggr0000gn/T]
14:08:56.725 [Test worker] DEBUG o.s.w.r.r.v.f.FreeMarkerView - [7e735b74] View name 'myView', model {command=Darren, springMacroRequestContext=org.springframework.web.reactive.result.view.DummyMacroRequestContext@4cc322be, msgArgs=[Ljava.lang.Object;@453be77f, nameOptionMap={Rob&Harrop=Rob Harrop, Darren=Darren Davison, John=John Doe, Fred=Fred Bloggs}, options=[Rob Harrop, Darren Davison, John Doe, Fred Bloggs]}
14:08:56.725 [Test worker] DEBUG o.s.w.r.r.v.f.FreeMarkerView - [7e735b74] Rendering [tmp.ftl]
14:08:56.754 [Test worker] DEBUG o.s.w.r.r.v.f.FreeMarkerConfigurer - Template loader path [class path resource []] resolved to file path [/Volumes/work/aiguoxin/spring-framework/spring-webflux/build/classes/java/test]
14:08:56.755 [Test worker] DEBUG o.s.w.r.r.v.f.FreeMarkerConfigurer - Template loader path [URL [file:/var/folders/5_/dkz6wc1x2z3b8p2gs5wcpggr0000gn/T/]] resolved to file path [/var/folders/5_/dkz6wc1x2z3b8p2gs5wcpggr0000gn/T]
14:08:56.757 [Test worker] DEBUG o.s.w.r.r.v.f.FreeMarkerView - [4e5cc18f] View name 'myView', model {command=Darren, springMacroRequestContext=org.springframework.web.reactive.result.view.DummyMacroRequestContext@8a8710f, msgArgs=[Ljava.lang.Object;@29374809, nameOptionMap={Rob&Harrop=Rob Harrop, Darren=Darren Davison, John=John Doe, Fred=Fred Bloggs}, options=[Rob Harrop, Darren Davison, John Doe, Fred Bloggs]}
14:08:56.757 [Test worker] DEBUG o.s.w.r.r.v.f.FreeMarkerView - [4e5cc18f] Rendering [tmp.ftl]
14:08:56.771 [Test worker] DEBUG o.s.w.r.r.v.f.FreeMarkerConfigurer - Template loader path [class path resource []] resolved to file path [/Volumes/work/aiguoxin/spring-framework/spring-webflux/build/classes/java/test]
14:08:56.771 [Test worker] DEBUG o.s.w.r.r.v.f.FreeMarkerConfigurer - Template loader path [URL [file:/var/folders/5_/dkz6wc1x2z3b8p2gs5wcpggr0000gn/T/]] resolved to file path [/var/folders/5_/dkz6wc1x2z3b8p2gs5wcpggr0000gn/T]
14:08:56.777 [Test worker] DEBUG o.s.w.r.r.v.f.FreeMarkerView - [5718ba8] View name 'myView', model {command=Darren, springMacroRequestContext=org.springframework.web.reactive.result.view.DummyMacroRequestContext@8b85ddd, msgArgs=[Ljava.lang.Object;@6394ed11, nameOptionMap={Rob&Harrop=Rob Harrop, Darren=Darren Davison, John=John Doe, Fred=Fred Bloggs}, options=[Rob Harrop, Darren Davison, John Doe, Fred Bloggs]}
14:08:56.777 [Test worker] DEBUG o.s.w.r.r.v.f.FreeMarkerView - [5718ba8] Rendering [tmp.ftl]
]]></system-out>
  <system-err><![CDATA[]]></system-err>
</testsuite>
