<?xml version="1.0" encoding="UTF-8"?>
<testsuite name="org.springframework.web.reactive.function.server.LocaleContextResolverIntegrationTests" tests="4" skipped="0" failures="0" errors="0" timestamp="2020-06-22T06:07:32" hostname="aiguoxindeMacBook-Pro.local" time="0.494">
  <properties/>
  <testcase name="fixedLocale(HttpServer)[1]" classname="org.springframework.web.reactive.function.server.LocaleContextResolverIntegrationTests" time="0.195"/>
  <testcase name="fixedLocale(HttpServer)[2]" classname="org.springframework.web.reactive.function.server.LocaleContextResolverIntegrationTests" time="0.084"/>
  <testcase name="fixedLocale(HttpServer)[3]" classname="org.springframework.web.reactive.function.server.LocaleContextResolverIntegrationTests" time="0.13"/>
  <testcase name="fixedLocale(HttpServer)[4]" classname="org.springframework.web.reactive.function.server.LocaleContextResolverIntegrationTests" time="0.083"/>
  <system-out><![CDATA[14:07:32.481 [Test worker] DEBUG o.s.w.s.a.HttpWebHandlerAdapter - enableLoggingRequestDetails='false': form data and headers will be masked to prevent unsafe logging of potentially sensitive data
14:07:32.483 [Test worker] WARN  o.e.j.s.h.ContextHandler - Empty contextPath
14:07:32.483 [Test worker] INFO  o.e.j.s.h.ContextHandler - Started o.e.j.s.ServletContextHandler@1e91d098{/,null,AVAILABLE}
14:07:32.486 [Test worker] DEBUG o.s.w.t.h.s.r.b.JettyHttpServer - Starting JettyHttpServer...
14:07:32.486 [Test worker] INFO  o.e.j.s.Server - jetty-9.4.30.v20200611; built: 2020-06-11T12:34:51.929Z; git: 271836e4c1f4612f12b7bb13ef5a92a927634b0d; jvm 1.8.0_73-b02
14:07:32.503 [Test worker] INFO  o.e.j.s.AbstractConnector - Started ServerConnector@4d4f4b0f{HTTP/1.1, (http/1.1)}{0.0.0.0:60652}
14:07:32.503 [Test worker] INFO  o.e.j.s.Server - Started @52214ms
14:07:32.503 [Test worker] DEBUG o.s.w.t.h.s.r.b.JettyHttpServer - Server started on port 60652(0 millis).
14:07:32.505 [Test worker] DEBUG o.s.w.r.f.c.ExchangeFunctions - [a0b8654] HTTP GET http://localhost:60652/
14:07:32.523 [qtp1981926809-261] DEBUG o.s.w.s.a.HttpWebHandlerAdapter - [515e15bb] HTTP GET "/"
14:07:32.540 [qtp1981926809-261] DEBUG o.s.w.s.a.HttpWebHandlerAdapter - [515e15bb] Completed 200 OK
14:07:32.592 [reactor-http-nio-3] DEBUG o.s.w.r.f.c.ExchangeFunctions - [a0b8654] Response 200 OK
14:07:32.607 [Test worker] DEBUG o.s.w.t.h.s.r.b.JettyHttpServer - Stopping JettyHttpServer...
14:07:32.607 [Test worker] INFO  o.e.j.s.h.ContextHandler - Stopped o.e.j.s.ServletContextHandler@1e91d098{/,null,UNAVAILABLE}
14:07:32.610 [Test worker] INFO  o.e.j.s.AbstractConnector - Stopped ServerConnector@4d4f4b0f{HTTP/1.1, (http/1.1)}{0.0.0.0:0}
14:07:32.629 [Test worker] DEBUG o.s.w.t.h.s.r.b.JettyHttpServer - Server stopped (0 millis).
14:07:32.694 [Test worker] DEBUG o.s.w.s.a.HttpWebHandlerAdapter - enableLoggingRequestDetails='false': form data and headers will be masked to prevent unsafe logging of potentially sensitive data
14:07:32.695 [Test worker] DEBUG o.s.w.t.h.s.r.b.ReactorHttpServer - Starting ReactorHttpServer...
14:07:32.697 [Test worker] DEBUG o.s.w.t.h.s.r.b.ReactorHttpServer - Server started on port 60656(0 millis).
14:07:32.697 [Test worker] DEBUG o.s.w.r.f.c.ExchangeFunctions - [440ce96f] HTTP GET http://localhost:60656/
14:07:32.712 [reactor-http-nio-6] DEBUG o.s.w.s.a.HttpWebHandlerAdapter - [0e80723c-8] HTTP GET "/"
14:07:32.712 [reactor-http-nio-6] DEBUG o.s.w.s.a.HttpWebHandlerAdapter - [0e80723c-8] Completed 200 OK
14:07:32.714 [reactor-http-nio-5] DEBUG o.s.w.r.f.c.ExchangeFunctions - [440ce96f] Response 200 OK
14:07:32.714 [Test worker] DEBUG o.s.w.t.h.s.r.b.ReactorHttpServer - Stopping ReactorHttpServer...
14:07:32.715 [Test worker] DEBUG o.s.w.t.h.s.r.b.ReactorHttpServer - Server stopped (0 millis).
14:07:32.751 [Test worker] DEBUG o.s.w.s.a.HttpWebHandlerAdapter - enableLoggingRequestDetails='false': form data and headers will be masked to prevent unsafe logging of potentially sensitive data
14:07:32.751 [Test worker] DEBUG o.s.w.t.h.s.r.b.TomcatHttpServer - Starting TomcatHttpServer...
14:07:32.764 [Test worker] DEBUG o.s.w.t.h.s.r.b.TomcatHttpServer - Server started on port 60658(0 millis).
14:07:32.764 [Test worker] DEBUG o.s.w.r.f.c.ExchangeFunctions - [30b20fb8] HTTP GET http://localhost:60658/
14:07:32.771 [http-nio-auto-8-exec-1] DEBUG o.s.w.s.a.HttpWebHandlerAdapter - [32b35ba0] HTTP GET "/"
14:07:32.771 [http-nio-auto-8-exec-1] DEBUG o.s.w.s.a.HttpWebHandlerAdapter - [32b35ba0] Completed 200 OK
14:07:32.773 [reactor-http-nio-7] DEBUG o.s.w.r.f.c.ExchangeFunctions - [30b20fb8] Response 200 OK
14:07:32.773 [Test worker] DEBUG o.s.w.t.h.s.r.b.TomcatHttpServer - Stopping TomcatHttpServer...
14:07:32.845 [Test worker] DEBUG o.s.w.t.h.s.r.b.TomcatHttpServer - Server stopped (0 millis).
14:07:32.888 [Test worker] DEBUG o.s.w.s.a.HttpWebHandlerAdapter - enableLoggingRequestDetails='false': form data and headers will be masked to prevent unsafe logging of potentially sensitive data
14:07:32.888 [Test worker] DEBUG o.s.w.t.h.s.r.b.UndertowHttpServer - Starting UndertowHttpServer...
14:07:32.888 [Test worker] INFO  i.undertow - starting server: Undertow - 2.1.3.Final
14:07:32.896 [Test worker] DEBUG o.s.w.t.h.s.r.b.UndertowHttpServer - Server started on port 60661(0 millis).
14:07:32.897 [Test worker] DEBUG o.s.w.r.f.c.ExchangeFunctions - [7c9cf3c6] HTTP GET http://localhost:60661/
14:07:32.902 [XNIO-8 I/O-7] DEBUG o.s.w.s.a.HttpWebHandlerAdapter - [3803e7ab] HTTP GET "/"
14:07:32.903 [XNIO-8 I/O-7] DEBUG o.s.w.s.a.HttpWebHandlerAdapter - [3803e7ab] Completed 200 OK
14:07:32.925 [reactor-http-nio-8] DEBUG o.s.w.r.f.c.ExchangeFunctions - [7c9cf3c6] Response 200 OK
14:07:32.926 [Test worker] DEBUG o.s.w.t.h.s.r.b.UndertowHttpServer - Stopping UndertowHttpServer...
14:07:32.926 [Test worker] INFO  i.undertow - stopping server: Undertow - 2.1.3.Final
14:07:32.929 [Test worker] DEBUG o.s.w.t.h.s.r.b.UndertowHttpServer - Server stopped (0 millis).
]]></system-out>
  <system-err><![CDATA[]]></system-err>
</testsuite>
