<?xml version="1.0" encoding="UTF-8"?>
<testsuite name="org.springframework.web.reactive.function.server.DispatcherHandlerIntegrationTests" tests="16" skipped="0" failures="0" errors="0" timestamp="2020-06-22T06:07:25" hostname="aiguoxindeMacBook-Pro.local" time="6.909">
  <properties/>
  <testcase name="flux(HttpServer)[1]" classname="org.springframework.web.reactive.function.server.DispatcherHandlerIntegrationTests" time="0.486"/>
  <testcase name="flux(HttpServer)[2]" classname="org.springframework.web.reactive.function.server.DispatcherHandlerIntegrationTests" time="0.256"/>
  <testcase name="flux(HttpServer)[3]" classname="org.springframework.web.reactive.function.server.DispatcherHandlerIntegrationTests" time="0.32"/>
  <testcase name="flux(HttpServer)[4]" classname="org.springframework.web.reactive.function.server.DispatcherHandlerIntegrationTests" time="0.354"/>
  <testcase name="mono(HttpServer)[1]" classname="org.springframework.web.reactive.function.server.DispatcherHandlerIntegrationTests" time="0.291"/>
  <testcase name="mono(HttpServer)[2]" classname="org.springframework.web.reactive.function.server.DispatcherHandlerIntegrationTests" time="0.284"/>
  <testcase name="mono(HttpServer)[3]" classname="org.springframework.web.reactive.function.server.DispatcherHandlerIntegrationTests" time="0.273"/>
  <testcase name="mono(HttpServer)[4]" classname="org.springframework.web.reactive.function.server.DispatcherHandlerIntegrationTests" time="0.305"/>
  <testcase name="attributes(HttpServer)[1]" classname="org.springframework.web.reactive.function.server.DispatcherHandlerIntegrationTests" time="0.359"/>
  <testcase name="attributes(HttpServer)[2]" classname="org.springframework.web.reactive.function.server.DispatcherHandlerIntegrationTests" time="0.253"/>
  <testcase name="attributes(HttpServer)[3]" classname="org.springframework.web.reactive.function.server.DispatcherHandlerIntegrationTests" time="0.225"/>
  <testcase name="attributes(HttpServer)[4]" classname="org.springframework.web.reactive.function.server.DispatcherHandlerIntegrationTests" time="0.429"/>
  <testcase name="controller(HttpServer)[1]" classname="org.springframework.web.reactive.function.server.DispatcherHandlerIntegrationTests" time="0.518"/>
  <testcase name="controller(HttpServer)[2]" classname="org.springframework.web.reactive.function.server.DispatcherHandlerIntegrationTests" time="0.35"/>
  <testcase name="controller(HttpServer)[3]" classname="org.springframework.web.reactive.function.server.DispatcherHandlerIntegrationTests" time="0.657"/>
  <testcase name="controller(HttpServer)[4]" classname="org.springframework.web.reactive.function.server.DispatcherHandlerIntegrationTests" time="0.418"/>
  <system-out><![CDATA[14:07:25.649 [Test worker] DEBUG o.s.w.r.r.m.a.RequestMappingHandlerMapping - 1 mappings in 'requestMappingHandlerMapping'
14:07:25.694 [Test worker] DEBUG o.s.w.r.f.s.s.RouterFunctionMapping - 3 RouterFunction(s) in 'routerFunctionMapping'
14:07:25.800 [Test worker] DEBUG o.s.w.r.r.m.a.ControllerMethodResolver - ControllerAdvice beans: none
14:07:25.889 [Test worker] DEBUG o.s.w.s.a.HttpWebHandlerAdapter - enableLoggingRequestDetails='false': form data and headers will be masked to prevent unsafe logging of potentially sensitive data
14:07:25.889 [Test worker] WARN  o.e.j.s.h.ContextHandler - Empty contextPath
14:07:25.890 [Test worker] INFO  o.e.j.s.h.ContextHandler - Started o.e.j.s.ServletContextHandler@46bd0ddd{/,null,AVAILABLE}
14:07:25.890 [Test worker] DEBUG o.s.w.t.h.s.r.b.JettyHttpServer - Starting JettyHttpServer...
14:07:25.890 [Test worker] INFO  o.e.j.s.Server - jetty-9.4.30.v20200611; built: 2020-06-11T12:34:51.929Z; git: 271836e4c1f4612f12b7bb13ef5a92a927634b0d; jvm 1.8.0_73-b02
14:07:25.896 [Test worker] INFO  o.e.j.s.AbstractConnector - Started ServerConnector@29e68571{HTTP/1.1, (http/1.1)}{0.0.0.0:60546}
14:07:25.896 [Test worker] INFO  o.e.j.s.Server - Started @45607ms
14:07:25.896 [Test worker] DEBUG o.s.w.t.h.s.r.b.JettyHttpServer - Server started on port 60546(0 millis).
14:07:25.932 [Test worker] DEBUG o.s.w.c.RestTemplate - HTTP GET http://localhost:60546/flux
14:07:25.935 [Test worker] DEBUG o.s.w.c.RestTemplate - Accept=[application/json, application/x-jackson-smile, application/*+json]
14:07:25.950 [qtp133944620-128] DEBUG o.s.w.s.a.HttpWebHandlerAdapter - [6e5d4de8] HTTP GET "/flux"
14:07:25.953 [qtp133944620-128] DEBUG o.s.w.r.f.s.s.RouterFunctionMapping - [6e5d4de8] Mapped to org.springframework.web.reactive.function.server.DispatcherHandlerIntegrationTests$TestConfiguration$$Lambda$972/1978784198@294da371
14:07:25.980 [qtp133944620-128] DEBUG o.s.h.c.j.Jackson2JsonEncoder - [6e5d4de8] Encoding [[Person{name='John'}, Person{name='Jane'}]]
14:07:25.986 [qtp133944620-128] DEBUG o.s.w.s.a.HttpWebHandlerAdapter - [6e5d4de8] Completed 200 OK
14:07:25.989 [Test worker] DEBUG o.s.w.c.RestTemplate - Response 200 OK
14:07:25.990 [Test worker] DEBUG o.s.w.c.RestTemplate - Reading to [java.util.List<org.springframework.web.reactive.function.server.DispatcherHandlerIntegrationTests$Person>]
14:07:25.996 [Test worker] DEBUG o.s.w.t.h.s.r.b.JettyHttpServer - Stopping JettyHttpServer...
14:07:25.996 [Test worker] INFO  o.e.j.s.h.ContextHandler - Stopped o.e.j.s.ServletContextHandler@46bd0ddd{/,null,UNAVAILABLE}
14:07:25.997 [Test worker] INFO  o.e.j.s.AbstractConnector - Stopped ServerConnector@29e68571{HTTP/1.1, (http/1.1)}{0.0.0.0:0}
14:07:26.009 [Test worker] DEBUG o.s.w.t.h.s.r.b.JettyHttpServer - Server stopped (0 millis).
14:07:26.088 [Test worker] DEBUG o.s.w.r.r.m.a.RequestMappingHandlerMapping - 1 mappings in 'requestMappingHandlerMapping'
14:07:26.157 [Test worker] DEBUG o.s.w.r.f.s.s.RouterFunctionMapping - 3 RouterFunction(s) in 'routerFunctionMapping'
14:07:26.232 [Test worker] DEBUG o.s.w.r.r.m.a.ControllerMethodResolver - ControllerAdvice beans: none
14:07:26.304 [Test worker] DEBUG o.s.w.s.a.HttpWebHandlerAdapter - enableLoggingRequestDetails='false': form data and headers will be masked to prevent unsafe logging of potentially sensitive data
14:07:26.304 [Test worker] DEBUG o.s.w.t.h.s.r.b.ReactorHttpServer - Starting ReactorHttpServer...
14:07:26.306 [Test worker] DEBUG o.s.w.t.h.s.r.b.ReactorHttpServer - Server started on port 60557(0 millis).
14:07:26.308 [Test worker] DEBUG o.s.w.c.RestTemplate - HTTP GET http://localhost:60557/flux
14:07:26.308 [Test worker] DEBUG o.s.w.c.RestTemplate - Accept=[application/json, application/x-jackson-smile, application/*+json]
14:07:26.311 [reactor-http-nio-4] DEBUG o.s.w.s.a.HttpWebHandlerAdapter - [d0568a4b-4] HTTP GET "/flux"
14:07:26.311 [reactor-http-nio-4] DEBUG o.s.w.r.f.s.s.RouterFunctionMapping - [d0568a4b-4] Mapped to org.springframework.web.reactive.function.server.DispatcherHandlerIntegrationTests$TestConfiguration$$Lambda$972/1978784198@59d16eec
14:07:26.312 [reactor-http-nio-4] DEBUG o.s.h.c.j.Jackson2JsonEncoder - [d0568a4b-4] Encoding [[Person{name='John'}, Person{name='Jane'}]]
14:07:26.314 [reactor-http-nio-4] DEBUG o.s.w.s.a.HttpWebHandlerAdapter - [d0568a4b-4] Completed 200 OK
14:07:26.316 [Test worker] DEBUG o.s.w.c.RestTemplate - Response 200 OK
14:07:26.317 [Test worker] DEBUG o.s.w.c.RestTemplate - Reading to [java.util.List<org.springframework.web.reactive.function.server.DispatcherHandlerIntegrationTests$Person>]
14:07:26.318 [Test worker] DEBUG o.s.w.t.h.s.r.b.ReactorHttpServer - Stopping ReactorHttpServer...
14:07:26.318 [Test worker] DEBUG o.s.w.t.h.s.r.b.ReactorHttpServer - Server stopped (0 millis).
14:07:26.431 [Test worker] DEBUG o.s.w.r.r.m.a.RequestMappingHandlerMapping - 1 mappings in 'requestMappingHandlerMapping'
14:07:26.472 [Test worker] DEBUG o.s.w.r.f.s.s.RouterFunctionMapping - 3 RouterFunction(s) in 'routerFunctionMapping'
14:07:26.551 [Test worker] DEBUG o.s.w.r.r.m.a.ControllerMethodResolver - ControllerAdvice beans: none
14:07:26.665 [Test worker] DEBUG o.s.w.s.a.HttpWebHandlerAdapter - enableLoggingRequestDetails='false': form data and headers will be masked to prevent unsafe logging of potentially sensitive data
14:07:26.668 [Test worker] DEBUG o.s.w.t.h.s.r.b.TomcatHttpServer - Starting TomcatHttpServer...
14:07:26.678 [Test worker] DEBUG o.s.w.t.h.s.r.b.TomcatHttpServer - Server started on port 60568(0 millis).
14:07:26.679 [Test worker] DEBUG o.s.w.c.RestTemplate - HTTP GET http://localhost:60568/flux
14:07:26.679 [Test worker] DEBUG o.s.w.c.RestTemplate - Accept=[application/json, application/x-jackson-smile, application/*+json]
14:07:26.683 [http-nio-auto-4-exec-1] DEBUG o.s.w.s.a.HttpWebHandlerAdapter - [4406e79a] HTTP GET "/flux"
14:07:26.684 [http-nio-auto-4-exec-1] DEBUG o.s.w.r.f.s.s.RouterFunctionMapping - [4406e79a] Mapped to org.springframework.web.reactive.function.server.DispatcherHandlerIntegrationTests$TestConfiguration$$Lambda$972/1978784198@4ac1016a
14:07:26.685 [http-nio-auto-4-exec-1] DEBUG o.s.h.c.j.Jackson2JsonEncoder - [4406e79a] Encoding [[Person{name='John'}, Person{name='Jane'}]]
14:07:26.686 [http-nio-auto-4-exec-1] DEBUG o.s.w.s.a.HttpWebHandlerAdapter - [4406e79a] Completed 200 OK
14:07:26.687 [Test worker] DEBUG o.s.w.c.RestTemplate - Response 200 OK
14:07:26.688 [Test worker] DEBUG o.s.w.c.RestTemplate - Reading to [java.util.List<org.springframework.web.reactive.function.server.DispatcherHandlerIntegrationTests$Person>]
14:07:26.689 [Test worker] DEBUG o.s.w.t.h.s.r.b.TomcatHttpServer - Stopping TomcatHttpServer...
14:07:26.699 [Test worker] DEBUG o.s.w.t.h.s.r.b.TomcatHttpServer - Server stopped (0 millis).
14:07:26.883 [Test worker] DEBUG o.s.w.r.r.m.a.RequestMappingHandlerMapping - 1 mappings in 'requestMappingHandlerMapping'
14:07:26.968 [Test worker] DEBUG o.s.w.r.f.s.s.RouterFunctionMapping - 3 RouterFunction(s) in 'routerFunctionMapping'
14:07:27.048 [Test worker] DEBUG o.s.w.r.r.m.a.ControllerMethodResolver - ControllerAdvice beans: none
14:07:27.110 [Test worker] DEBUG o.s.w.s.a.HttpWebHandlerAdapter - enableLoggingRequestDetails='false': form data and headers will be masked to prevent unsafe logging of potentially sensitive data
14:07:27.110 [Test worker] DEBUG o.s.w.t.h.s.r.b.UndertowHttpServer - Starting UndertowHttpServer...
14:07:27.110 [Test worker] INFO  i.undertow - starting server: Undertow - 2.1.3.Final
14:07:27.139 [Test worker] DEBUG o.s.w.t.h.s.r.b.UndertowHttpServer - Server started on port 60583(0 millis).
14:07:27.140 [Test worker] DEBUG o.s.w.c.RestTemplate - HTTP GET http://localhost:60583/flux
14:07:27.141 [Test worker] DEBUG o.s.w.c.RestTemplate - Accept=[application/json, application/x-jackson-smile, application/*+json]
14:07:27.147 [XNIO-4 I/O-6] DEBUG o.s.w.s.a.HttpWebHandlerAdapter - [13dbc78e] HTTP GET "/flux"
14:07:27.147 [XNIO-4 I/O-6] DEBUG o.s.w.r.f.s.s.RouterFunctionMapping - [13dbc78e] Mapped to org.springframework.web.reactive.function.server.DispatcherHandlerIntegrationTests$TestConfiguration$$Lambda$972/1978784198@6db7abb4
14:07:27.148 [XNIO-4 I/O-6] DEBUG o.s.h.c.j.Jackson2JsonEncoder - [13dbc78e] Encoding [[Person{name='John'}, Person{name='Jane'}]]
14:07:27.151 [XNIO-4 I/O-6] DEBUG o.s.w.s.a.HttpWebHandlerAdapter - [13dbc78e] Completed 200 OK
14:07:27.151 [Test worker] DEBUG o.s.w.c.RestTemplate - Response 200 OK
14:07:27.152 [Test worker] DEBUG o.s.w.c.RestTemplate - Reading to [java.util.List<org.springframework.web.reactive.function.server.DispatcherHandlerIntegrationTests$Person>]
14:07:27.153 [Test worker] DEBUG o.s.w.t.h.s.r.b.UndertowHttpServer - Stopping UndertowHttpServer...
14:07:27.154 [Test worker] INFO  i.undertow - stopping server: Undertow - 2.1.3.Final
14:07:27.156 [Test worker] DEBUG o.s.w.t.h.s.r.b.UndertowHttpServer - Server stopped (0 millis).
14:07:27.341 [Test worker] DEBUG o.s.w.r.r.m.a.RequestMappingHandlerMapping - 1 mappings in 'requestMappingHandlerMapping'
14:07:27.369 [Test worker] DEBUG o.s.w.r.f.s.s.RouterFunctionMapping - 3 RouterFunction(s) in 'routerFunctionMapping'
14:07:27.432 [Test worker] DEBUG o.s.w.r.r.m.a.ControllerMethodResolver - ControllerAdvice beans: none
14:07:27.504 [Test worker] DEBUG o.s.w.s.a.HttpWebHandlerAdapter - enableLoggingRequestDetails='false': form data and headers will be masked to prevent unsafe logging of potentially sensitive data
14:07:27.505 [Test worker] WARN  o.e.j.s.h.ContextHandler - Empty contextPath
14:07:27.505 [Test worker] INFO  o.e.j.s.h.ContextHandler - Started o.e.j.s.ServletContextHandler@3dc95c9c{/,null,AVAILABLE}
14:07:27.505 [Test worker] DEBUG o.s.w.t.h.s.r.b.JettyHttpServer - Starting JettyHttpServer...
14:07:27.505 [Test worker] INFO  o.e.j.s.Server - jetty-9.4.30.v20200611; built: 2020-06-11T12:34:51.929Z; git: 271836e4c1f4612f12b7bb13ef5a92a927634b0d; jvm 1.8.0_73-b02
14:07:27.539 [Test worker] INFO  o.e.j.s.AbstractConnector - Started ServerConnector@28ee9fb0{HTTP/1.1, (http/1.1)}{0.0.0.0:60589}
14:07:27.540 [Test worker] INFO  o.e.j.s.Server - Started @47250ms
14:07:27.541 [Test worker] DEBUG o.s.w.t.h.s.r.b.JettyHttpServer - Server started on port 60589(0 millis).
14:07:27.542 [Test worker] DEBUG o.s.w.c.RestTemplate - HTTP GET http://localhost:60589/mono
14:07:27.545 [Test worker] DEBUG o.s.w.c.RestTemplate - Accept=[application/json, application/x-jackson-smile, application/*+json]
14:07:27.548 [qtp1902114463-162] DEBUG o.s.w.s.a.HttpWebHandlerAdapter - [65fbd00] HTTP GET "/mono"
14:07:27.548 [qtp1902114463-162] DEBUG o.s.w.r.f.s.s.RouterFunctionMapping - [65fbd00] Mapped to org.springframework.web.reactive.function.server.DispatcherHandlerIntegrationTests$TestConfiguration$$Lambda$971/704377165@89843bb
14:07:27.550 [qtp1902114463-162] DEBUG o.s.h.c.j.Jackson2JsonEncoder - [65fbd00] Encoding [Person{name='John'}]
14:07:27.551 [qtp1902114463-162] DEBUG o.s.w.s.a.HttpWebHandlerAdapter - [65fbd00] Completed 200 OK
14:07:27.553 [Test worker] DEBUG o.s.w.c.RestTemplate - Response 200 OK
14:07:27.554 [Test worker] DEBUG o.s.w.c.RestTemplate - Reading to [org.springframework.web.reactive.function.server.DispatcherHandlerIntegrationTests$Person]
14:07:27.554 [Test worker] DEBUG o.s.w.t.h.s.r.b.JettyHttpServer - Stopping JettyHttpServer...
14:07:27.555 [Test worker] INFO  o.e.j.s.h.ContextHandler - Stopped o.e.j.s.ServletContextHandler@3dc95c9c{/,null,UNAVAILABLE}
14:07:27.556 [Test worker] INFO  o.e.j.s.AbstractConnector - Stopped ServerConnector@28ee9fb0{HTTP/1.1, (http/1.1)}{0.0.0.0:0}
14:07:27.567 [Test worker] DEBUG o.s.w.t.h.s.r.b.JettyHttpServer - Server stopped (0 millis).
14:07:27.676 [Test worker] DEBUG o.s.w.r.r.m.a.RequestMappingHandlerMapping - 1 mappings in 'requestMappingHandlerMapping'
14:07:27.715 [Test worker] DEBUG o.s.w.r.f.s.s.RouterFunctionMapping - 3 RouterFunction(s) in 'routerFunctionMapping'
14:07:27.808 [Test worker] DEBUG o.s.w.r.r.m.a.ControllerMethodResolver - ControllerAdvice beans: none
14:07:27.899 [Test worker] DEBUG o.s.w.s.a.HttpWebHandlerAdapter - enableLoggingRequestDetails='false': form data and headers will be masked to prevent unsafe logging of potentially sensitive data
14:07:27.899 [Test worker] DEBUG o.s.w.t.h.s.r.b.ReactorHttpServer - Starting ReactorHttpServer...
14:07:27.901 [Test worker] DEBUG o.s.w.t.h.s.r.b.ReactorHttpServer - Server started on port 60595(0 millis).
14:07:27.902 [Test worker] DEBUG o.s.w.c.RestTemplate - HTTP GET http://localhost:60595/mono
14:07:27.903 [Test worker] DEBUG o.s.w.c.RestTemplate - Accept=[application/json, application/x-jackson-smile, application/*+json]
14:07:27.906 [reactor-http-nio-6] DEBUG o.s.w.s.a.HttpWebHandlerAdapter - [0ac3e4dd-5] HTTP GET "/mono"
14:07:27.906 [reactor-http-nio-6] DEBUG o.s.w.r.f.s.s.RouterFunctionMapping - [0ac3e4dd-5] Mapped to org.springframework.web.reactive.function.server.DispatcherHandlerIntegrationTests$TestConfiguration$$Lambda$971/704377165@66a5c08a
14:07:27.907 [reactor-http-nio-6] DEBUG o.s.h.c.j.Jackson2JsonEncoder - [0ac3e4dd-5] Encoding [Person{name='John'}]
14:07:27.909 [reactor-http-nio-6] DEBUG o.s.w.s.a.HttpWebHandlerAdapter - [0ac3e4dd-5] Completed 200 OK
14:07:27.927 [Test worker] DEBUG o.s.w.c.RestTemplate - Response 200 OK
14:07:27.929 [Test worker] DEBUG o.s.w.c.RestTemplate - Reading to [org.springframework.web.reactive.function.server.DispatcherHandlerIntegrationTests$Person]
14:07:27.929 [Test worker] DEBUG o.s.w.t.h.s.r.b.ReactorHttpServer - Stopping ReactorHttpServer...
14:07:27.930 [Test worker] DEBUG o.s.w.t.h.s.r.b.ReactorHttpServer - Server stopped (0 millis).
14:07:27.995 [Test worker] DEBUG o.s.w.r.r.m.a.RequestMappingHandlerMapping - 1 mappings in 'requestMappingHandlerMapping'
14:07:28.050 [Test worker] DEBUG o.s.w.r.f.s.s.RouterFunctionMapping - 3 RouterFunction(s) in 'routerFunctionMapping'
14:07:28.104 [Test worker] DEBUG o.s.w.r.r.m.a.ControllerMethodResolver - ControllerAdvice beans: none
14:07:28.163 [Test worker] DEBUG o.s.w.s.a.HttpWebHandlerAdapter - enableLoggingRequestDetails='false': form data and headers will be masked to prevent unsafe logging of potentially sensitive data
14:07:28.164 [Test worker] DEBUG o.s.w.t.h.s.r.b.TomcatHttpServer - Starting TomcatHttpServer...
14:07:28.223 [Test worker] DEBUG o.s.w.t.h.s.r.b.TomcatHttpServer - Server started on port 60601(0 millis).
14:07:28.223 [Test worker] DEBUG o.s.w.c.RestTemplate - HTTP GET http://localhost:60601/mono
14:07:28.224 [Test worker] DEBUG o.s.w.c.RestTemplate - Accept=[application/json, application/x-jackson-smile, application/*+json]
14:07:28.230 [http-nio-auto-5-exec-1] DEBUG o.s.w.s.a.HttpWebHandlerAdapter - [3cc3a92e] HTTP GET "/mono"
14:07:28.230 [http-nio-auto-5-exec-1] DEBUG o.s.w.r.f.s.s.RouterFunctionMapping - [3cc3a92e] Mapped to org.springframework.web.reactive.function.server.DispatcherHandlerIntegrationTests$TestConfiguration$$Lambda$971/704377165@320440c6
14:07:28.231 [http-nio-auto-5-exec-1] DEBUG o.s.h.c.j.Jackson2JsonEncoder - [3cc3a92e] Encoding [Person{name='John'}]
14:07:28.233 [http-nio-auto-5-exec-1] DEBUG o.s.w.s.a.HttpWebHandlerAdapter - [3cc3a92e] Completed 200 OK
14:07:28.233 [Test worker] DEBUG o.s.w.c.RestTemplate - Response 200 OK
14:07:28.233 [Test worker] DEBUG o.s.w.c.RestTemplate - Reading to [org.springframework.web.reactive.function.server.DispatcherHandlerIntegrationTests$Person]
14:07:28.234 [Test worker] DEBUG o.s.w.t.h.s.r.b.TomcatHttpServer - Stopping TomcatHttpServer...
14:07:28.245 [Test worker] DEBUG o.s.w.t.h.s.r.b.TomcatHttpServer - Server stopped (0 millis).
14:07:28.383 [Test worker] DEBUG o.s.w.r.r.m.a.RequestMappingHandlerMapping - 1 mappings in 'requestMappingHandlerMapping'
14:07:28.413 [Test worker] DEBUG o.s.w.r.f.s.s.RouterFunctionMapping - 3 RouterFunction(s) in 'routerFunctionMapping'
14:07:28.488 [Test worker] DEBUG o.s.w.r.r.m.a.ControllerMethodResolver - ControllerAdvice beans: none
14:07:28.530 [Test worker] DEBUG o.s.w.s.a.HttpWebHandlerAdapter - enableLoggingRequestDetails='false': form data and headers will be masked to prevent unsafe logging of potentially sensitive data
14:07:28.530 [Test worker] DEBUG o.s.w.t.h.s.r.b.UndertowHttpServer - Starting UndertowHttpServer...
14:07:28.531 [Test worker] INFO  i.undertow - starting server: Undertow - 2.1.3.Final
14:07:28.568 [Test worker] DEBUG o.s.w.t.h.s.r.b.UndertowHttpServer - Server started on port 60607(0 millis).
14:07:28.569 [Test worker] DEBUG o.s.w.c.RestTemplate - HTTP GET http://localhost:60607/mono
14:07:28.570 [Test worker] DEBUG o.s.w.c.RestTemplate - Accept=[application/json, application/x-jackson-smile, application/*+json]
14:07:28.608 [XNIO-5 I/O-2] DEBUG o.s.w.s.a.HttpWebHandlerAdapter - [7db7c5c5] HTTP GET "/mono"
14:07:28.609 [XNIO-5 I/O-2] DEBUG o.s.w.r.f.s.s.RouterFunctionMapping - [7db7c5c5] Mapped to org.springframework.web.reactive.function.server.DispatcherHandlerIntegrationTests$TestConfiguration$$Lambda$971/704377165@73703403
14:07:28.610 [XNIO-5 I/O-2] DEBUG o.s.h.c.j.Jackson2JsonEncoder - [7db7c5c5] Encoding [Person{name='John'}]
14:07:28.611 [XNIO-5 I/O-2] DEBUG o.s.w.s.a.HttpWebHandlerAdapter - [7db7c5c5] Completed 200 OK
14:07:28.611 [Test worker] DEBUG o.s.w.c.RestTemplate - Response 200 OK
14:07:28.611 [Test worker] DEBUG o.s.w.c.RestTemplate - Reading to [org.springframework.web.reactive.function.server.DispatcherHandlerIntegrationTests$Person]
14:07:28.611 [Test worker] DEBUG o.s.w.t.h.s.r.b.UndertowHttpServer - Stopping UndertowHttpServer...
14:07:28.611 [Test worker] INFO  i.undertow - stopping server: Undertow - 2.1.3.Final
14:07:28.616 [Test worker] DEBUG o.s.w.t.h.s.r.b.UndertowHttpServer - Server stopped (0 millis).
14:07:28.679 [Test worker] DEBUG o.s.w.r.r.m.a.RequestMappingHandlerMapping - 1 mappings in 'requestMappingHandlerMapping'
14:07:28.710 [Test worker] DEBUG o.s.w.r.f.s.s.RouterFunctionMapping - 3 RouterFunction(s) in 'routerFunctionMapping'
14:07:28.944 [Test worker] DEBUG o.s.w.r.r.m.a.ControllerMethodResolver - ControllerAdvice beans: none
14:07:28.959 [Test worker] DEBUG o.s.w.s.a.HttpWebHandlerAdapter - enableLoggingRequestDetails='false': form data and headers will be masked to prevent unsafe logging of potentially sensitive data
14:07:28.959 [Test worker] WARN  o.e.j.s.h.ContextHandler - Empty contextPath
14:07:28.960 [Test worker] INFO  o.e.j.s.h.ContextHandler - Started o.e.j.s.ServletContextHandler@2f018f8b{/,null,AVAILABLE}
14:07:28.960 [Test worker] DEBUG o.s.w.t.h.s.r.b.JettyHttpServer - Starting JettyHttpServer...
14:07:28.960 [Test worker] INFO  o.e.j.s.Server - jetty-9.4.30.v20200611; built: 2020-06-11T12:34:51.929Z; git: 271836e4c1f4612f12b7bb13ef5a92a927634b0d; jvm 1.8.0_73-b02
14:07:28.964 [Test worker] INFO  o.e.j.s.AbstractConnector - Started ServerConnector@79df9ce7{HTTP/1.1, (http/1.1)}{0.0.0.0:60614}
14:07:28.964 [Test worker] INFO  o.e.j.s.Server - Started @48675ms
14:07:28.964 [Test worker] DEBUG o.s.w.t.h.s.r.b.JettyHttpServer - Server started on port 60614(0 millis).
14:07:28.965 [Test worker] DEBUG o.s.w.c.RestTemplate - HTTP GET http://localhost:60614/attributes/bar
14:07:28.965 [Test worker] DEBUG o.s.w.c.RestTemplate - Accept=[text/plain, application/json, application/x-jackson-smile, application/*+json, */*]
14:07:28.968 [qtp2110407990-195] DEBUG o.s.w.s.a.HttpWebHandlerAdapter - [66c89fd2] HTTP GET "/attributes/bar"
14:07:28.975 [qtp2110407990-195] DEBUG o.s.w.r.f.s.s.RouterFunctionMapping - [66c89fd2] Mapped to org.springframework.web.reactive.function.server.DispatcherHandlerIntegrationTests$TestConfiguration$$Lambda$973/1008766971@25070518
14:07:28.977 [qtp2110407990-195] DEBUG o.s.w.s.a.HttpWebHandlerAdapter - [66c89fd2] Completed 200 OK
14:07:28.985 [Test worker] DEBUG o.s.w.c.RestTemplate - Response 200 OK
14:07:28.986 [Test worker] DEBUG o.s.w.t.h.s.r.b.JettyHttpServer - Stopping JettyHttpServer...
14:07:28.986 [Test worker] INFO  o.e.j.s.h.ContextHandler - Stopped o.e.j.s.ServletContextHandler@2f018f8b{/,null,UNAVAILABLE}
14:07:28.988 [Test worker] INFO  o.e.j.s.AbstractConnector - Stopped ServerConnector@79df9ce7{HTTP/1.1, (http/1.1)}{0.0.0.0:0}
14:07:29.007 [Test worker] DEBUG o.s.w.t.h.s.r.b.JettyHttpServer - Server stopped (0 millis).
14:07:29.132 [Test worker] DEBUG o.s.w.r.r.m.a.RequestMappingHandlerMapping - 1 mappings in 'requestMappingHandlerMapping'
14:07:29.141 [Test worker] DEBUG o.s.w.r.f.s.s.RouterFunctionMapping - 3 RouterFunction(s) in 'routerFunctionMapping'
14:07:29.299 [Test worker] DEBUG o.s.w.r.r.m.a.ControllerMethodResolver - ControllerAdvice beans: none
14:07:29.361 [Test worker] DEBUG o.s.w.s.a.HttpWebHandlerAdapter - enableLoggingRequestDetails='false': form data and headers will be masked to prevent unsafe logging of potentially sensitive data
14:07:29.361 [Test worker] DEBUG o.s.w.t.h.s.r.b.ReactorHttpServer - Starting ReactorHttpServer...
14:07:29.362 [Test worker] DEBUG o.s.w.t.h.s.r.b.ReactorHttpServer - Server started on port 60620(0 millis).
14:07:29.363 [Test worker] DEBUG o.s.w.c.RestTemplate - HTTP GET http://localhost:60620/attributes/bar
14:07:29.363 [Test worker] DEBUG o.s.w.c.RestTemplate - Accept=[text/plain, application/json, application/x-jackson-smile, application/*+json, */*]
14:07:29.366 [reactor-http-nio-8] DEBUG o.s.w.s.a.HttpWebHandlerAdapter - [aa252312-6] HTTP GET "/attributes/bar"
14:07:29.366 [reactor-http-nio-8] DEBUG o.s.w.r.f.s.s.RouterFunctionMapping - [aa252312-6] Mapped to org.springframework.web.reactive.function.server.DispatcherHandlerIntegrationTests$TestConfiguration$$Lambda$973/1008766971@29f3dee0
14:07:29.367 [reactor-http-nio-8] DEBUG o.s.w.s.a.HttpWebHandlerAdapter - [aa252312-6] Completed 200 OK
14:07:29.367 [Test worker] DEBUG o.s.w.c.RestTemplate - Response 200 OK
14:07:29.368 [Test worker] DEBUG o.s.w.t.h.s.r.b.ReactorHttpServer - Stopping ReactorHttpServer...
14:07:29.368 [Test worker] DEBUG o.s.w.t.h.s.r.b.ReactorHttpServer - Server stopped (0 millis).
14:07:29.496 [Test worker] DEBUG o.s.w.r.r.m.a.RequestMappingHandlerMapping - 1 mappings in 'requestMappingHandlerMapping'
14:07:29.536 [Test worker] DEBUG o.s.w.r.f.s.s.RouterFunctionMapping - 3 RouterFunction(s) in 'routerFunctionMapping'
14:07:29.579 [Test worker] DEBUG o.s.w.r.r.m.a.ControllerMethodResolver - ControllerAdvice beans: none
14:07:29.657 [Test worker] DEBUG o.s.w.s.a.HttpWebHandlerAdapter - enableLoggingRequestDetails='false': form data and headers will be masked to prevent unsafe logging of potentially sensitive data
14:07:29.658 [Test worker] DEBUG o.s.w.t.h.s.r.b.TomcatHttpServer - Starting TomcatHttpServer...
14:07:29.672 [Test worker] DEBUG o.s.w.t.h.s.r.b.TomcatHttpServer - Server started on port 60622(0 millis).
14:07:29.673 [Test worker] DEBUG o.s.w.c.RestTemplate - HTTP GET http://localhost:60622/attributes/bar
14:07:29.673 [Test worker] DEBUG o.s.w.c.RestTemplate - Accept=[text/plain, application/json, application/x-jackson-smile, application/*+json, */*]
14:07:29.677 [http-nio-auto-6-exec-1] DEBUG o.s.w.s.a.HttpWebHandlerAdapter - [3c6a6d4b] HTTP GET "/attributes/bar"
14:07:29.678 [http-nio-auto-6-exec-1] DEBUG o.s.w.r.f.s.s.RouterFunctionMapping - [3c6a6d4b] Mapped to org.springframework.web.reactive.function.server.DispatcherHandlerIntegrationTests$TestConfiguration$$Lambda$973/1008766971@32ad84b6
14:07:29.678 [http-nio-auto-6-exec-1] DEBUG o.s.w.s.a.HttpWebHandlerAdapter - [3c6a6d4b] Completed 200 OK
14:07:29.679 [Test worker] DEBUG o.s.w.c.RestTemplate - Response 200 OK
14:07:29.680 [Test worker] DEBUG o.s.w.t.h.s.r.b.TomcatHttpServer - Stopping TomcatHttpServer...
14:07:29.697 [Test worker] DEBUG o.s.w.t.h.s.r.b.TomcatHttpServer - Server stopped (0 millis).
14:07:29.943 [Test worker] DEBUG o.s.w.r.r.m.a.RequestMappingHandlerMapping - 1 mappings in 'requestMappingHandlerMapping'
14:07:29.951 [Test worker] DEBUG o.s.w.r.f.s.s.RouterFunctionMapping - 3 RouterFunction(s) in 'routerFunctionMapping'
14:07:30.074 [Test worker] DEBUG o.s.w.r.r.m.a.ControllerMethodResolver - ControllerAdvice beans: none
14:07:30.118 [Test worker] DEBUG o.s.w.s.a.HttpWebHandlerAdapter - enableLoggingRequestDetails='false': form data and headers will be masked to prevent unsafe logging of potentially sensitive data
14:07:30.118 [Test worker] DEBUG o.s.w.t.h.s.r.b.UndertowHttpServer - Starting UndertowHttpServer...
14:07:30.118 [Test worker] INFO  i.undertow - starting server: Undertow - 2.1.3.Final
14:07:30.134 [Test worker] DEBUG o.s.w.t.h.s.r.b.UndertowHttpServer - Server started on port 60629(0 millis).
14:07:30.135 [Test worker] DEBUG o.s.w.c.RestTemplate - HTTP GET http://localhost:60629/attributes/bar
14:07:30.135 [Test worker] DEBUG o.s.w.c.RestTemplate - Accept=[text/plain, application/json, application/x-jackson-smile, application/*+json, */*]
14:07:30.137 [XNIO-6 I/O-3] DEBUG o.s.w.s.a.HttpWebHandlerAdapter - [5f33457b] HTTP GET "/attributes/bar"
14:07:30.138 [XNIO-6 I/O-3] DEBUG o.s.w.r.f.s.s.RouterFunctionMapping - [5f33457b] Mapped to org.springframework.web.reactive.function.server.DispatcherHandlerIntegrationTests$TestConfiguration$$Lambda$973/1008766971@51f4a0ed
14:07:30.138 [XNIO-6 I/O-3] DEBUG o.s.w.s.a.HttpWebHandlerAdapter - [5f33457b] Completed 200 OK
14:07:30.139 [Test worker] DEBUG o.s.w.c.RestTemplate - Response 200 OK
14:07:30.139 [Test worker] DEBUG o.s.w.t.h.s.r.b.UndertowHttpServer - Stopping UndertowHttpServer...
14:07:30.139 [Test worker] INFO  i.undertow - stopping server: Undertow - 2.1.3.Final
14:07:30.143 [Test worker] DEBUG o.s.w.t.h.s.r.b.UndertowHttpServer - Server stopped (0 millis).
14:07:30.335 [Test worker] DEBUG o.s.w.r.r.m.a.RequestMappingHandlerMapping - 1 mappings in 'requestMappingHandlerMapping'
14:07:30.348 [Test worker] DEBUG o.s.w.r.f.s.s.RouterFunctionMapping - 3 RouterFunction(s) in 'routerFunctionMapping'
14:07:30.564 [Test worker] DEBUG o.s.w.r.r.m.a.ControllerMethodResolver - ControllerAdvice beans: none
14:07:30.664 [Test worker] DEBUG o.s.w.s.a.HttpWebHandlerAdapter - enableLoggingRequestDetails='false': form data and headers will be masked to prevent unsafe logging of potentially sensitive data
14:07:30.664 [Test worker] WARN  o.e.j.s.h.ContextHandler - Empty contextPath
14:07:30.665 [Test worker] INFO  o.e.j.s.h.ContextHandler - Started o.e.j.s.ServletContextHandler@5fb78c40{/,null,AVAILABLE}
14:07:30.665 [Test worker] DEBUG o.s.w.t.h.s.r.b.JettyHttpServer - Starting JettyHttpServer...
14:07:30.665 [Test worker] INFO  o.e.j.s.Server - jetty-9.4.30.v20200611; built: 2020-06-11T12:34:51.929Z; git: 271836e4c1f4612f12b7bb13ef5a92a927634b0d; jvm 1.8.0_73-b02
14:07:30.670 [Test worker] INFO  o.e.j.s.AbstractConnector - Started ServerConnector@1561c614{HTTP/1.1, (http/1.1)}{0.0.0.0:60636}
14:07:30.670 [Test worker] INFO  o.e.j.s.Server - Started @50381ms
14:07:30.670 [Test worker] DEBUG o.s.w.t.h.s.r.b.JettyHttpServer - Server started on port 60636(0 millis).
14:07:30.671 [Test worker] DEBUG o.s.w.c.RestTemplate - HTTP GET http://localhost:60636/controller
14:07:30.672 [Test worker] DEBUG o.s.w.c.RestTemplate - Accept=[application/json, application/x-jackson-smile, application/*+json]
14:07:30.674 [qtp308750146-228] DEBUG o.s.w.s.a.HttpWebHandlerAdapter - [fe29de] HTTP GET "/controller"
14:07:30.678 [qtp308750146-228] DEBUG o.s.w.r.r.m.a.RequestMappingHandlerMapping - [fe29de] Mapped to org.springframework.web.reactive.function.server.DispatcherHandlerIntegrationTests$PersonController#controller()
14:07:30.692 [qtp308750146-228] DEBUG o.s.w.r.r.m.a.ResponseBodyResultHandler - Using 'application/json' given [application/json, application/x-jackson-smile, application/*+json] and supported [application/json, application/*+json, application/x-jackson-smile, application/*+x-jackson-smile, text/event-stream]
14:07:30.692 [qtp308750146-228] DEBUG o.s.w.r.r.m.a.ResponseBodyResultHandler - [fe29de] 0..1 [org.springframework.web.reactive.function.server.DispatcherHandlerIntegrationTests$Person]
14:07:30.692 [qtp308750146-228] DEBUG o.s.h.c.j.Jackson2JsonEncoder - [fe29de] Encoding [Person{name='John'}]
14:07:30.693 [qtp308750146-228] DEBUG o.s.w.s.a.HttpWebHandlerAdapter - [fe29de] Completed 200 OK
14:07:30.694 [Test worker] DEBUG o.s.w.c.RestTemplate - Response 200 OK
14:07:30.694 [Test worker] DEBUG o.s.w.c.RestTemplate - Reading to [org.springframework.web.reactive.function.server.DispatcherHandlerIntegrationTests$Person]
14:07:30.696 [Test worker] DEBUG o.s.w.t.h.s.r.b.JettyHttpServer - Stopping JettyHttpServer...
14:07:30.696 [Test worker] INFO  o.e.j.s.h.ContextHandler - Stopped o.e.j.s.ServletContextHandler@5fb78c40{/,null,UNAVAILABLE}
14:07:30.698 [Test worker] INFO  o.e.j.s.AbstractConnector - Stopped ServerConnector@1561c614{HTTP/1.1, (http/1.1)}{0.0.0.0:0}
14:07:30.709 [Test worker] DEBUG o.s.w.t.h.s.r.b.JettyHttpServer - Server stopped (0 millis).
14:07:30.912 [Test worker] DEBUG o.s.w.r.r.m.a.RequestMappingHandlerMapping - 1 mappings in 'requestMappingHandlerMapping'
14:07:30.930 [Test worker] DEBUG o.s.w.r.f.s.s.RouterFunctionMapping - 3 RouterFunction(s) in 'routerFunctionMapping'
14:07:30.948 [Test worker] DEBUG o.s.w.r.r.m.a.ControllerMethodResolver - ControllerAdvice beans: none
14:07:31.206 [Test worker] DEBUG o.s.w.s.a.HttpWebHandlerAdapter - enableLoggingRequestDetails='false': form data and headers will be masked to prevent unsafe logging of potentially sensitive data
14:07:31.206 [Test worker] DEBUG o.s.w.t.h.s.r.b.ReactorHttpServer - Starting ReactorHttpServer...
14:07:31.207 [Test worker] DEBUG o.s.w.t.h.s.r.b.ReactorHttpServer - Server started on port 60643(0 millis).
14:07:31.209 [Test worker] DEBUG o.s.w.c.RestTemplate - HTTP GET http://localhost:60643/controller
14:07:31.210 [Test worker] DEBUG o.s.w.c.RestTemplate - Accept=[application/json, application/x-jackson-smile, application/*+json]
14:07:31.213 [reactor-http-nio-2] DEBUG o.s.w.s.a.HttpWebHandlerAdapter - [f22a80fb-7] HTTP GET "/controller"
14:07:31.213 [reactor-http-nio-2] DEBUG o.s.w.r.r.m.a.RequestMappingHandlerMapping - [f22a80fb-7] Mapped to org.springframework.web.reactive.function.server.DispatcherHandlerIntegrationTests$PersonController#controller()
14:07:31.216 [reactor-http-nio-2] DEBUG o.s.w.r.r.m.a.ResponseBodyResultHandler - Using 'application/json' given [application/json, application/x-jackson-smile, application/*+json] and supported [application/json, application/*+json, application/x-jackson-smile, application/*+x-jackson-smile, text/event-stream]
14:07:31.216 [reactor-http-nio-2] DEBUG o.s.w.r.r.m.a.ResponseBodyResultHandler - [f22a80fb-7] 0..1 [org.springframework.web.reactive.function.server.DispatcherHandlerIntegrationTests$Person]
14:07:31.216 [reactor-http-nio-2] DEBUG o.s.h.c.j.Jackson2JsonEncoder - [f22a80fb-7] Encoding [Person{name='John'}]
14:07:31.218 [reactor-http-nio-2] DEBUG o.s.w.s.a.HttpWebHandlerAdapter - [f22a80fb-7] Completed 200 OK
14:07:31.218 [Test worker] DEBUG o.s.w.c.RestTemplate - Response 200 OK
14:07:31.218 [Test worker] DEBUG o.s.w.c.RestTemplate - Reading to [org.springframework.web.reactive.function.server.DispatcherHandlerIntegrationTests$Person]
14:07:31.219 [Test worker] DEBUG o.s.w.t.h.s.r.b.ReactorHttpServer - Stopping ReactorHttpServer...
14:07:31.219 [Test worker] DEBUG o.s.w.t.h.s.r.b.ReactorHttpServer - Server stopped (0 millis).
14:07:31.345 [Test worker] DEBUG o.s.w.r.r.m.a.RequestMappingHandlerMapping - 1 mappings in 'requestMappingHandlerMapping'
14:07:31.386 [Test worker] DEBUG o.s.w.r.f.s.s.RouterFunctionMapping - 3 RouterFunction(s) in 'routerFunctionMapping'
14:07:31.444 [Test worker] DEBUG o.s.w.r.r.m.a.ControllerMethodResolver - ControllerAdvice beans: none
14:07:31.589 [Test worker] DEBUG o.s.w.s.a.HttpWebHandlerAdapter - enableLoggingRequestDetails='false': form data and headers will be masked to prevent unsafe logging of potentially sensitive data
14:07:31.589 [Test worker] DEBUG o.s.w.t.h.s.r.b.TomcatHttpServer - Starting TomcatHttpServer...
14:07:31.697 [Test worker] DEBUG o.s.w.t.h.s.r.b.TomcatHttpServer - Server started on port 60645(0 millis).
14:07:31.698 [Test worker] DEBUG o.s.w.c.RestTemplate - HTTP GET http://localhost:60645/controller
14:07:31.700 [Test worker] DEBUG o.s.w.c.RestTemplate - Accept=[application/json, application/x-jackson-smile, application/*+json]
14:07:31.878 [http-nio-auto-7-exec-1] DEBUG o.s.w.s.a.HttpWebHandlerAdapter - [36bae06f] HTTP GET "/controller"
14:07:31.879 [http-nio-auto-7-exec-1] DEBUG o.s.w.r.r.m.a.RequestMappingHandlerMapping - [36bae06f] Mapped to org.springframework.web.reactive.function.server.DispatcherHandlerIntegrationTests$PersonController#controller()
14:07:31.881 [http-nio-auto-7-exec-1] DEBUG o.s.w.r.r.m.a.ResponseBodyResultHandler - Using 'application/json' given [application/json, application/x-jackson-smile, application/*+json] and supported [application/json, application/*+json, application/x-jackson-smile, application/*+x-jackson-smile, text/event-stream]
14:07:31.881 [http-nio-auto-7-exec-1] DEBUG o.s.w.r.r.m.a.ResponseBodyResultHandler - [36bae06f] 0..1 [org.springframework.web.reactive.function.server.DispatcherHandlerIntegrationTests$Person]
14:07:31.882 [http-nio-auto-7-exec-1] DEBUG o.s.h.c.j.Jackson2JsonEncoder - [36bae06f] Encoding [Person{name='John'}]
14:07:31.883 [http-nio-auto-7-exec-1] DEBUG o.s.w.s.a.HttpWebHandlerAdapter - [36bae06f] Completed 200 OK
14:07:31.885 [Test worker] DEBUG o.s.w.c.RestTemplate - Response 200 OK
14:07:31.885 [Test worker] DEBUG o.s.w.c.RestTemplate - Reading to [org.springframework.web.reactive.function.server.DispatcherHandlerIntegrationTests$Person]
14:07:31.886 [Test worker] DEBUG o.s.w.t.h.s.r.b.TomcatHttpServer - Stopping TomcatHttpServer...
14:07:31.944 [Test worker] DEBUG o.s.w.t.h.s.r.b.TomcatHttpServer - Server stopped (0 millis).
14:07:32.110 [Test worker] DEBUG o.s.w.r.r.m.a.RequestMappingHandlerMapping - 1 mappings in 'requestMappingHandlerMapping'
14:07:32.127 [Test worker] DEBUG o.s.w.r.f.s.s.RouterFunctionMapping - 3 RouterFunction(s) in 'routerFunctionMapping'
14:07:32.158 [Test worker] DEBUG o.s.w.r.r.m.a.ControllerMethodResolver - ControllerAdvice beans: none
14:07:32.395 [Test worker] DEBUG o.s.w.s.a.HttpWebHandlerAdapter - enableLoggingRequestDetails='false': form data and headers will be masked to prevent unsafe logging of potentially sensitive data
14:07:32.395 [Test worker] DEBUG o.s.w.t.h.s.r.b.UndertowHttpServer - Starting UndertowHttpServer...
14:07:32.395 [Test worker] INFO  i.undertow - starting server: Undertow - 2.1.3.Final
14:07:32.405 [Test worker] DEBUG o.s.w.t.h.s.r.b.UndertowHttpServer - Server started on port 60650(0 millis).
14:07:32.405 [Test worker] DEBUG o.s.w.c.RestTemplate - HTTP GET http://localhost:60650/controller
14:07:32.407 [Test worker] DEBUG o.s.w.c.RestTemplate - Accept=[application/json, application/x-jackson-smile, application/*+json]
14:07:32.410 [XNIO-7 I/O-5] DEBUG o.s.w.s.a.HttpWebHandlerAdapter - [5354981d] HTTP GET "/controller"
14:07:32.410 [XNIO-7 I/O-5] DEBUG o.s.w.r.r.m.a.RequestMappingHandlerMapping - [5354981d] Mapped to org.springframework.web.reactive.function.server.DispatcherHandlerIntegrationTests$PersonController#controller()
14:07:32.412 [XNIO-7 I/O-5] DEBUG o.s.w.r.r.m.a.ResponseBodyResultHandler - Using 'application/json' given [application/json, application/x-jackson-smile, application/*+json] and supported [application/json, application/*+json, application/x-jackson-smile, application/*+x-jackson-smile, text/event-stream]
14:07:32.413 [XNIO-7 I/O-5] DEBUG o.s.w.r.r.m.a.ResponseBodyResultHandler - [5354981d] 0..1 [org.springframework.web.reactive.function.server.DispatcherHandlerIntegrationTests$Person]
14:07:32.413 [XNIO-7 I/O-5] DEBUG o.s.h.c.j.Jackson2JsonEncoder - [5354981d] Encoding [Person{name='John'}]
14:07:32.414 [XNIO-7 I/O-5] DEBUG o.s.w.s.a.HttpWebHandlerAdapter - [5354981d] Completed 200 OK
14:07:32.414 [Test worker] DEBUG o.s.w.c.RestTemplate - Response 200 OK
14:07:32.422 [Test worker] DEBUG o.s.w.c.RestTemplate - Reading to [org.springframework.web.reactive.function.server.DispatcherHandlerIntegrationTests$Person]
14:07:32.427 [Test worker] DEBUG o.s.w.t.h.s.r.b.UndertowHttpServer - Stopping UndertowHttpServer...
14:07:32.427 [Test worker] INFO  i.undertow - stopping server: Undertow - 2.1.3.Final
14:07:32.432 [Test worker] DEBUG o.s.w.t.h.s.r.b.UndertowHttpServer - Server stopped (0 millis).
]]></system-out>
  <system-err><![CDATA[]]></system-err>
</testsuite>
