<?xml version="1.0" encoding="UTF-8"?>
<testsuite name="org.springframework.web.reactive.DispatcherHandlerTests" tests="1" skipped="0" failures="0" errors="0" timestamp="2020-06-22T06:07:00" hostname="aiguoxindeMacBook-Pro.local" time="0.71">
  <properties/>
  <testcase name="handlerMappingOrder()" classname="org.springframework.web.reactive.DispatcherHandlerTests" time="0.71"/>
  <system-out><![CDATA[]]></system-out>
  <system-err><![CDATA[]]></system-err>
</testsuite>
