<?xml version="1.0" encoding="UTF-8"?>
<testsuite name="org.springframework.web.reactive.result.method.annotation.MessageReaderArgumentResolverTests" tests="17" skipped="0" failures="0" errors="0" timestamp="2020-06-22T06:07:37" hostname="aiguoxindeMacBook-Pro.local" time="0.535">
  <properties/>
  <testcase name="futureTestBean()" classname="org.springframework.web.reactive.result.method.annotation.MessageReaderArgumentResolverTests" time="0.053"/>
  <testcase name="maybeTestBean()" classname="org.springframework.web.reactive.result.method.annotation.MessageReaderArgumentResolverTests" time="0.028"/>
  <testcase name="observableTestBean()" classname="org.springframework.web.reactive.result.method.annotation.MessageReaderArgumentResolverTests" time="0.103"/>
  <testcase name="emptyBody()" classname="org.springframework.web.reactive.result.method.annotation.MessageReaderArgumentResolverTests" time="0.007"/>
  <testcase name="testBean()" classname="org.springframework.web.reactive.result.method.annotation.MessageReaderArgumentResolverTests" time="0.003"/>
  <testcase name="fluxTestBean()" classname="org.springframework.web.reactive.result.method.annotation.MessageReaderArgumentResolverTests" time="0.008"/>
  <testcase name="flowableTestBean()" classname="org.springframework.web.reactive.result.method.annotation.MessageReaderArgumentResolverTests" time="0.05"/>
  <testcase name="singleTestBean()" classname="org.springframework.web.reactive.result.method.annotation.MessageReaderArgumentResolverTests" time="0.004"/>
  <testcase name="monoTestBean()" classname="org.springframework.web.reactive.result.method.annotation.MessageReaderArgumentResolverTests" time="0.003"/>
  <testcase name="monoList()" classname="org.springframework.web.reactive.result.method.annotation.MessageReaderArgumentResolverTests" time="0.005"/>
  <testcase name="missingContentType()" classname="org.springframework.web.reactive.result.method.annotation.MessageReaderArgumentResolverTests" time="0.007"/>
  <testcase name="map()" classname="org.springframework.web.reactive.result.method.annotation.MessageReaderArgumentResolverTests" time="0.005"/>
  <testcase name="list()" classname="org.springframework.web.reactive.result.method.annotation.MessageReaderArgumentResolverTests" time="0.003"/>
  <testcase name="array()" classname="org.springframework.web.reactive.result.method.annotation.MessageReaderArgumentResolverTests" time="0.033"/>
  <testcase name="parameterizedMethodArgument()" classname="org.springframework.web.reactive.result.method.annotation.MessageReaderArgumentResolverTests" time="0.059"/>
  <testcase name="validateFluxTestBean()" classname="org.springframework.web.reactive.result.method.annotation.MessageReaderArgumentResolverTests" time="0.007"/>
  <testcase name="validateMonoTestBean()" classname="org.springframework.web.reactive.result.method.annotation.MessageReaderArgumentResolverTests" time="0.002"/>
  <system-out><![CDATA[14:07:37.794 [Test worker] DEBUG o.s.w.r.r.m.a.MessageReaderArgumentResolverTests$1 - [26d7b52d] Content-Type:application/json
14:07:37.796 [Test worker] DEBUG o.s.w.r.r.m.a.MessageReaderArgumentResolverTests$1 - [26d7b52d] 0..1 [org.springframework.web.reactive.result.method.annotation.MessageReaderArgumentResolverTests$TestBean]
14:07:37.798 [Test worker] DEBUG o.s.h.c.j.Jackson2JsonDecoder - [26d7b52d] Decoded [TestBean[foo='f1', bar='b1']]
14:07:37.803 [Test worker] DEBUG o.s.w.r.r.m.a.MessageReaderArgumentResolverTests$1 - [4207f976] Content-Type:application/json
14:07:37.822 [Test worker] DEBUG o.s.w.r.r.m.a.MessageReaderArgumentResolverTests$1 - [4207f976] 0..1 [org.springframework.web.reactive.result.method.annotation.MessageReaderArgumentResolverTests$TestBean]
14:07:37.829 [Test worker] DEBUG o.s.h.c.j.Jackson2JsonDecoder - [4207f976] Decoded [TestBean[foo='f1', bar='b1']]
14:07:37.857 [Test worker] DEBUG o.s.w.r.r.m.a.MessageReaderArgumentResolverTests$1 - [2e5fe19c] Content-Type:application/json
14:07:37.860 [Test worker] DEBUG o.s.w.r.r.m.a.MessageReaderArgumentResolverTests$1 - [2e5fe19c] 0..N [org.springframework.web.reactive.result.method.annotation.MessageReaderArgumentResolverTests$TestBean]
14:07:37.877 [Test worker] DEBUG o.s.h.c.j.Jackson2JsonDecoder - [2e5fe19c] Decoded [TestBean[foo='f1', bar='b1']]
14:07:37.929 [Test worker] DEBUG o.s.h.c.j.Jackson2JsonDecoder - [2e5fe19c] Decoded [TestBean[foo='f2', bar='b2']]
14:07:37.941 [Test worker] DEBUG o.s.w.r.r.m.a.MessageReaderArgumentResolverTests$1 - [7a8f25a9] Content-Type:application/json
14:07:37.942 [Test worker] DEBUG o.s.w.r.r.m.a.MessageReaderArgumentResolverTests$1 - [7a8f25a9] 0..1 [org.springframework.web.reactive.result.method.annotation.MessageReaderArgumentResolverTests$TestBean]
14:07:37.951 [Test worker] DEBUG o.s.w.r.r.m.a.MessageReaderArgumentResolverTests$1 - [3ee618] Content-Type:application/json
14:07:37.951 [Test worker] DEBUG o.s.w.r.r.m.a.MessageReaderArgumentResolverTests$1 - [3ee618] 0..1 [org.springframework.web.reactive.result.method.annotation.MessageReaderArgumentResolverTests$TestBean]
14:07:37.952 [Test worker] DEBUG o.s.h.c.j.Jackson2JsonDecoder - [3ee618] Decoded [TestBean[foo='f1', bar='b1']]
14:07:37.955 [Test worker] DEBUG o.s.w.r.r.m.a.MessageReaderArgumentResolverTests$1 - [3a711a4c] Content-Type:application/json
14:07:37.956 [Test worker] DEBUG o.s.w.r.r.m.a.MessageReaderArgumentResolverTests$1 - [3a711a4c] 0..N [org.springframework.web.reactive.result.method.annotation.MessageReaderArgumentResolverTests$TestBean]
14:07:37.957 [Test worker] DEBUG o.s.h.c.j.Jackson2JsonDecoder - [3a711a4c] Decoded [TestBean[foo='f1', bar='b1']]
14:07:37.962 [Test worker] DEBUG o.s.h.c.j.Jackson2JsonDecoder - [3a711a4c] Decoded [TestBean[foo='f2', bar='b2']]
14:07:37.966 [Test worker] DEBUG o.s.w.r.r.m.a.MessageReaderArgumentResolverTests$1 - [121bc01c] Content-Type:application/json
14:07:37.966 [Test worker] DEBUG o.s.w.r.r.m.a.MessageReaderArgumentResolverTests$1 - [121bc01c] 0..N [org.springframework.web.reactive.result.method.annotation.MessageReaderArgumentResolverTests$TestBean]
14:07:38.012 [Test worker] DEBUG o.s.h.c.j.Jackson2JsonDecoder - [121bc01c] Decoded [TestBean[foo='f1', bar='b1']]
14:07:38.012 [Test worker] DEBUG o.s.h.c.j.Jackson2JsonDecoder - [121bc01c] Decoded [TestBean[foo='f2', bar='b2']]
14:07:38.021 [Test worker] DEBUG o.s.w.r.r.m.a.MessageReaderArgumentResolverTests$1 - [10f5bdf9] Content-Type:application/json
14:07:38.022 [Test worker] DEBUG o.s.w.r.r.m.a.MessageReaderArgumentResolverTests$1 - [10f5bdf9] 0..1 [org.springframework.web.reactive.result.method.annotation.MessageReaderArgumentResolverTests$TestBean]
14:07:38.023 [Test worker] DEBUG o.s.h.c.j.Jackson2JsonDecoder - [10f5bdf9] Decoded [TestBean[foo='f1', bar='b1']]
14:07:38.028 [Test worker] DEBUG o.s.w.r.r.m.a.MessageReaderArgumentResolverTests$1 - [7c99e78f] Content-Type:application/json
14:07:38.029 [Test worker] DEBUG o.s.w.r.r.m.a.MessageReaderArgumentResolverTests$1 - [7c99e78f] 0..1 [org.springframework.web.reactive.result.method.annotation.MessageReaderArgumentResolverTests$TestBean]
14:07:38.029 [Test worker] DEBUG o.s.h.c.j.Jackson2JsonDecoder - [7c99e78f] Decoded [TestBean[foo='FOOFOO', bar='BARBAR']]
14:07:38.035 [Test worker] DEBUG o.s.w.r.r.m.a.MessageReaderArgumentResolverTests$1 - [755ae19] Content-Type:application/json
14:07:38.037 [Test worker] DEBUG o.s.w.r.r.m.a.MessageReaderArgumentResolverTests$1 - [755ae19] 0..1 [java.util.List<org.springframework.web.reactive.result.method.annotation.MessageReaderArgumentResolverTests$TestBean>]
14:07:38.038 [Test worker] DEBUG o.s.h.c.j.Jackson2JsonDecoder - [755ae19] Decoded [[TestBean[foo='f1', bar='b1'], TestBean[foo='f2', bar='b2']]]
14:07:38.082 [Test worker] DEBUG o.s.w.r.r.m.a.MessageReaderArgumentResolverTests$1 - [203f2989] No Content-Type, using application/octet-stream
14:07:38.112 [Test worker] DEBUG o.s.w.r.r.m.a.MessageReaderArgumentResolverTests$1 - [7c560b5d] Content-Type:application/json
14:07:38.113 [Test worker] DEBUG o.s.w.r.r.m.a.MessageReaderArgumentResolverTests$1 - [7c560b5d] 0..1 [java.util.Map<java.lang.String, java.lang.String>]
14:07:38.116 [Test worker] DEBUG o.s.h.c.j.Jackson2JsonDecoder - [7c560b5d] Decoded [{bar=b1, foo=f1}]
14:07:38.121 [Test worker] DEBUG o.s.w.r.r.m.a.MessageReaderArgumentResolverTests$1 - [4ab77ac5] Content-Type:application/json
14:07:38.121 [Test worker] DEBUG o.s.w.r.r.m.a.MessageReaderArgumentResolverTests$1 - [4ab77ac5] 0..1 [java.util.List<org.springframework.web.reactive.result.method.annotation.MessageReaderArgumentResolverTests$TestBean>]
14:07:38.122 [Test worker] DEBUG o.s.h.c.j.Jackson2JsonDecoder - [4ab77ac5] Decoded [[TestBean[foo='f1', bar='b1'], TestBean[foo='f2', bar='b2']]]
14:07:38.151 [Test worker] DEBUG o.s.w.r.r.m.a.MessageReaderArgumentResolverTests$1 - [619260d1] Content-Type:application/json
14:07:38.152 [Test worker] DEBUG o.s.w.r.r.m.a.MessageReaderArgumentResolverTests$1 - [619260d1] 0..1 [org.springframework.web.reactive.result.method.annotation.MessageReaderArgumentResolverTests$TestBean[]]
14:07:38.155 [Test worker] DEBUG o.s.h.c.j.Jackson2JsonDecoder - [619260d1] Decoded [[Lorg.springframework.web.reactive.result.method.annotation.MessageReaderArgumentResolverTests$TestB (truncated)...]
14:07:38.230 [Test worker] DEBUG o.s.w.r.r.m.a.MessageReaderArgumentResolverTests$1 - [768bec67] Content-Type:application/json
14:07:38.233 [Test worker] DEBUG o.s.w.r.r.m.a.MessageReaderArgumentResolverTests$1 - [768bec67] 0..1 [org.springframework.web.reactive.result.method.annotation.MessageReaderArgumentResolverTests$SimpleBean]
14:07:38.245 [Test worker] DEBUG o.s.h.c.j.Jackson2JsonDecoder - [768bec67] Decoded [org.springframework.web.reactive.result.method.annotation.MessageReaderArgumentResolverTests$SimpleB (truncated)...]
14:07:38.269 [Test worker] DEBUG o.s.w.r.r.m.a.MessageReaderArgumentResolverTests$1 - [5df5ab6f] Content-Type:application/json
14:07:38.270 [Test worker] DEBUG o.s.w.r.r.m.a.MessageReaderArgumentResolverTests$1 - [5df5ab6f] 0..N [org.springframework.web.reactive.result.method.annotation.MessageReaderArgumentResolverTests$TestBean]
14:07:38.271 [Test worker] DEBUG o.s.h.c.j.Jackson2JsonDecoder - [5df5ab6f] Decoded [TestBean[foo='f1', bar='b1']]
14:07:38.271 [Test worker] DEBUG o.s.h.c.j.Jackson2JsonDecoder - [5df5ab6f] Decoded [TestBean[foo='null', bar='b2']]
14:07:38.279 [Test worker] DEBUG o.s.w.r.r.m.a.MessageReaderArgumentResolverTests$1 - [45505ff0] Content-Type:application/json
14:07:38.280 [Test worker] DEBUG o.s.w.r.r.m.a.MessageReaderArgumentResolverTests$1 - [45505ff0] 0..1 [org.springframework.web.reactive.result.method.annotation.MessageReaderArgumentResolverTests$TestBean]
14:07:38.280 [Test worker] DEBUG o.s.h.c.j.Jackson2JsonDecoder - [45505ff0] Decoded [TestBean[foo='null', bar='b1']]
]]></system-out>
  <system-err><![CDATA[]]></system-err>
</testsuite>
