<?xml version="1.0" encoding="UTF-8"?>
<testsuite name="org.springframework.web.reactive.result.method.annotation.HttpEntityMethodArgumentResolverTests" tests="17" skipped="0" failures="0" errors="0" timestamp="2020-06-22T06:08:09" hostname="aiguoxindeMacBook-Pro.local" time="0.367">
  <properties/>
  <testcase name="supports()" classname="org.springframework.web.reactive.result.method.annotation.HttpEntityMethodArgumentResolverTests" time="0.007"/>
  <testcase name="httpEntityWithMonoBody()" classname="org.springframework.web.reactive.result.method.annotation.HttpEntityMethodArgumentResolverTests" time="0.003"/>
  <testcase name="httpEntityWithStringBody()" classname="org.springframework.web.reactive.result.method.annotation.HttpEntityMethodArgumentResolverTests" time="0.001"/>
  <testcase name="emptyBodyWithSingle()" classname="org.springframework.web.reactive.result.method.annotation.HttpEntityMethodArgumentResolverTests" time="0.177"/>
  <testcase name="emptyBodyWithString()" classname="org.springframework.web.reactive.result.method.annotation.HttpEntityMethodArgumentResolverTests" time="0.003"/>
  <testcase name="emptyBodyWithCompletableFuture()" classname="org.springframework.web.reactive.result.method.annotation.HttpEntityMethodArgumentResolverTests" time="0.004"/>
  <testcase name="emptyBodyWithFlowable()" classname="org.springframework.web.reactive.result.method.annotation.HttpEntityMethodArgumentResolverTests" time="0.002"/>
  <testcase name="emptyBodyWithFlux()" classname="org.springframework.web.reactive.result.method.annotation.HttpEntityMethodArgumentResolverTests" time="0.002"/>
  <testcase name="emptyBodyWithMono()" classname="org.springframework.web.reactive.result.method.annotation.HttpEntityMethodArgumentResolverTests" time="0.001"/>
  <testcase name="httpEntityWithMaybeBody()" classname="org.springframework.web.reactive.result.method.annotation.HttpEntityMethodArgumentResolverTests" time="0.003"/>
  <testcase name="emptyBodyWithMaybe()" classname="org.springframework.web.reactive.result.method.annotation.HttpEntityMethodArgumentResolverTests" time="0.002"/>
  <testcase name="httpEntityWithFluxBody()" classname="org.springframework.web.reactive.result.method.annotation.HttpEntityMethodArgumentResolverTests" time="0.002"/>
  <testcase name="requestEntity()" classname="org.springframework.web.reactive.result.method.annotation.HttpEntityMethodArgumentResolverTests" time="0.002"/>
  <testcase name="doesNotSupport()" classname="org.springframework.web.reactive.result.method.annotation.HttpEntityMethodArgumentResolverTests" time="0.001"/>
  <testcase name="httpEntityWithSingleBody()" classname="org.springframework.web.reactive.result.method.annotation.HttpEntityMethodArgumentResolverTests" time="0.001"/>
  <testcase name="httpEntityWithCompletableFutureBody()" classname="org.springframework.web.reactive.result.method.annotation.HttpEntityMethodArgumentResolverTests" time="0.095"/>
  <testcase name="emptyBodyWithObservable()" classname="org.springframework.web.reactive.result.method.annotation.HttpEntityMethodArgumentResolverTests" time="0.03"/>
  <system-out><![CDATA[14:08:09.389 [Test worker] DEBUG o.s.w.r.r.m.a.HttpEntityMethodArgumentResolver - [45f3e8e8] Content-Type:text/plain
14:08:09.389 [Test worker] DEBUG o.s.w.r.r.m.a.HttpEntityMethodArgumentResolver - [45f3e8e8] 0..1 [java.lang.String]
14:08:09.390 [Test worker] DEBUG o.s.c.c.StringDecoder - [45f3e8e8] Decoded "line1"
14:08:09.391 [Test worker] DEBUG o.s.w.r.r.m.a.HttpEntityMethodArgumentResolver - [3a707f58] Content-Type:text/plain
14:08:09.391 [Test worker] DEBUG o.s.w.r.r.m.a.HttpEntityMethodArgumentResolver - [3a707f58] 0..1 [java.lang.String]
14:08:09.392 [Test worker] DEBUG o.s.c.c.StringDecoder - [3a707f58] Decoded "line1"
14:08:09.393 [Test worker] DEBUG o.s.w.r.r.m.a.HttpEntityMethodArgumentResolver - [601e7456] No Content-Type, using application/octet-stream
14:08:09.393 [Test worker] DEBUG o.s.w.r.r.m.a.HttpEntityMethodArgumentResolver - [601e7456] 0..1 [java.lang.String]
14:08:09.571 [Test worker] DEBUG o.s.w.r.r.m.a.HttpEntityMethodArgumentResolver - [78bd7b47] No Content-Type, using application/octet-stream
14:08:09.571 [Test worker] DEBUG o.s.w.r.r.m.a.HttpEntityMethodArgumentResolver - [78bd7b47] 0..1 [java.lang.String]
14:08:09.575 [Test worker] DEBUG o.s.w.r.r.m.a.HttpEntityMethodArgumentResolver - [5a764b76] No Content-Type, using application/octet-stream
14:08:09.575 [Test worker] DEBUG o.s.w.r.r.m.a.HttpEntityMethodArgumentResolver - [5a764b76] 0..1 [java.lang.String]
14:08:09.578 [Test worker] DEBUG o.s.w.r.r.m.a.HttpEntityMethodArgumentResolver - [53098966] No Content-Type, using application/octet-stream
14:08:09.578 [Test worker] DEBUG o.s.w.r.r.m.a.HttpEntityMethodArgumentResolver - [53098966] 0..N [java.lang.String]
14:08:09.580 [Test worker] DEBUG o.s.w.r.r.m.a.HttpEntityMethodArgumentResolver - [7cc98dc0] No Content-Type, using application/octet-stream
14:08:09.580 [Test worker] DEBUG o.s.w.r.r.m.a.HttpEntityMethodArgumentResolver - [7cc98dc0] 0..N [java.lang.String]
14:08:09.582 [Test worker] DEBUG o.s.w.r.r.m.a.HttpEntityMethodArgumentResolver - [2598d213] No Content-Type, using application/octet-stream
14:08:09.582 [Test worker] DEBUG o.s.w.r.r.m.a.HttpEntityMethodArgumentResolver - [2598d213] 0..1 [java.lang.String]
14:08:09.584 [Test worker] DEBUG o.s.w.r.r.m.a.HttpEntityMethodArgumentResolver - [3ac53d7f] Content-Type:text/plain
14:08:09.584 [Test worker] DEBUG o.s.w.r.r.m.a.HttpEntityMethodArgumentResolver - [3ac53d7f] 0..1 [java.lang.String]
14:08:09.586 [Test worker] DEBUG o.s.c.c.StringDecoder - [3ac53d7f] Decoded "line1"
14:08:09.588 [Test worker] DEBUG o.s.w.r.r.m.a.HttpEntityMethodArgumentResolver - [4e1a9aa1] No Content-Type, using application/octet-stream
14:08:09.588 [Test worker] DEBUG o.s.w.r.r.m.a.HttpEntityMethodArgumentResolver - [4e1a9aa1] 0..1 [java.lang.String]
14:08:09.591 [Test worker] DEBUG o.s.w.r.r.m.a.HttpEntityMethodArgumentResolver - [547694c5] Content-Type:text/plain
14:08:09.591 [Test worker] DEBUG o.s.w.r.r.m.a.HttpEntityMethodArgumentResolver - [547694c5] 0..N [java.lang.String]
14:08:09.592 [Test worker] DEBUG o.s.c.c.StringDecoder - [547694c5] Decoded "line1"
14:08:09.592 [Test worker] DEBUG o.s.c.c.StringDecoder - [547694c5] Decoded "line2"
14:08:09.592 [Test worker] DEBUG o.s.c.c.StringDecoder - [547694c5] Decoded "line3"
14:08:09.593 [Test worker] DEBUG o.s.w.r.r.m.a.HttpEntityMethodArgumentResolver - [4ea3d378] Content-Type:text/plain
14:08:09.593 [Test worker] DEBUG o.s.w.r.r.m.a.HttpEntityMethodArgumentResolver - [4ea3d378] 0..1 [java.lang.String]
14:08:09.593 [Test worker] DEBUG o.s.c.c.StringDecoder - [4ea3d378] Decoded "line1"
14:08:09.598 [Test worker] DEBUG o.s.w.r.r.m.a.HttpEntityMethodArgumentResolver - [18d2270f] Content-Type:text/plain
14:08:09.598 [Test worker] DEBUG o.s.w.r.r.m.a.HttpEntityMethodArgumentResolver - [18d2270f] 0..1 [java.lang.String]
14:08:09.598 [Test worker] DEBUG o.s.c.c.StringDecoder - [18d2270f] Decoded "line1"
14:08:09.693 [Test worker] DEBUG o.s.w.r.r.m.a.HttpEntityMethodArgumentResolver - [6ff5b119] Content-Type:text/plain
14:08:09.693 [Test worker] DEBUG o.s.w.r.r.m.a.HttpEntityMethodArgumentResolver - [6ff5b119] 0..1 [java.lang.String]
14:08:09.694 [Test worker] DEBUG o.s.c.c.StringDecoder - [6ff5b119] Decoded "line1"
14:08:09.695 [Test worker] DEBUG o.s.w.r.r.m.a.HttpEntityMethodArgumentResolver - [777cb099] No Content-Type, using application/octet-stream
14:08:09.695 [Test worker] DEBUG o.s.w.r.r.m.a.HttpEntityMethodArgumentResolver - [777cb099] 0..N [java.lang.String]
]]></system-out>
  <system-err><![CDATA[]]></system-err>
</testsuite>
