<?xml version="1.0" encoding="UTF-8"?>
<testsuite name="org.springframework.web.reactive.handler.CorsUrlHandlerMappingTests" tests="8" skipped="0" failures="0" errors="0" timestamp="2020-06-22T06:07:24" hostname="aiguoxindeMacBook-Pro.local" time="0.024">
  <properties/>
  <testcase name="preFlightWithCorsAwareHandler()" classname="org.springframework.web.reactive.handler.CorsUrlHandlerMappingTests" time="0.004"/>
  <testcase name="preflightRequestWithoutCorsConfigurationProvider()" classname="org.springframework.web.reactive.handler.CorsUrlHandlerMappingTests" time="0.001"/>
  <testcase name="actualRequestWithoutCorsConfigurationProvider()" classname="org.springframework.web.reactive.handler.CorsUrlHandlerMappingTests" time="0.001"/>
  <testcase name="actualRequestWithCorsConfigurationSource()" classname="org.springframework.web.reactive.handler.CorsUrlHandlerMappingTests" time="0.01"/>
  <testcase name="preFlightRequestWithCorsConfigurationSource()" classname="org.springframework.web.reactive.handler.CorsUrlHandlerMappingTests" time="0.001"/>
  <testcase name="actualRequestWithCorsAwareHandler()" classname="org.springframework.web.reactive.handler.CorsUrlHandlerMappingTests" time="0.0"/>
  <testcase name="actualRequestWithGlobalCorsConfig()" classname="org.springframework.web.reactive.handler.CorsUrlHandlerMappingTests" time="0.002"/>
  <testcase name="preFlightRequestWithGlobalCorsConfig()" classname="org.springframework.web.reactive.handler.CorsUrlHandlerMappingTests" time="0.001"/>
  <system-out><![CDATA[14:07:24.372 [Test worker] DEBUG o.s.w.r.h.CorsUrlHandlerMappingTests$1 - [41c40482] Mapped to org.springframework.web.reactive.handler.CorsUrlHandlerMappingTests$CorsAwareHandler@7fa1e272
14:07:24.373 [Test worker] DEBUG o.s.w.r.h.CorsUrlHandlerMappingTests$1 - [7aeb98e9] Mapped to java.lang.Object@1c0814e0
14:07:24.375 [Test worker] DEBUG o.s.w.r.h.CorsUrlHandlerMappingTests$1 - [7d09f3f7] Mapped to java.lang.Object@d4b3c56
14:07:24.377 [Test worker] DEBUG o.s.w.r.h.CorsUrlHandlerMappingTests$1 - [2bc1d1c6] Mapped to java.lang.Object@77b26f4a
14:07:24.387 [Test worker] DEBUG o.s.w.r.h.CorsUrlHandlerMappingTests$1 - [20ab1c3e] Mapped to java.lang.Object@6d06a902
14:07:24.389 [Test worker] DEBUG o.s.w.r.h.CorsUrlHandlerMappingTests$1 - [50d1e37d] Mapped to org.springframework.web.reactive.handler.CorsUrlHandlerMappingTests$CorsAwareHandler@6e26d414
14:07:24.391 [Test worker] DEBUG o.s.w.r.h.CorsUrlHandlerMappingTests$1 - [269b3460] Mapped to java.lang.Object@db11b54
14:07:24.392 [Test worker] DEBUG o.s.w.r.h.CorsUrlHandlerMappingTests$1 - [9e81db7] Mapped to java.lang.Object@7443bab1
]]></system-out>
  <system-err><![CDATA[]]></system-err>
</testsuite>
