<?xml version="1.0" encoding="UTF-8"?>
<testsuite name="org.springframework.web.reactive.function.server.InvalidHttpMethodIntegrationTests" tests="4" skipped="0" failures="0" errors="0" timestamp="2020-06-22T06:07:24" hostname="aiguoxindeMacBook-Pro.local" time="0.655">
  <properties/>
  <testcase name="invalidHttpMethod(HttpServer)[1]" classname="org.springframework.web.reactive.function.server.InvalidHttpMethodIntegrationTests" time="0.349"/>
  <testcase name="invalidHttpMethod(HttpServer)[2]" classname="org.springframework.web.reactive.function.server.InvalidHttpMethodIntegrationTests" time="0.047"/>
  <testcase name="invalidHttpMethod(HttpServer)[3]" classname="org.springframework.web.reactive.function.server.InvalidHttpMethodIntegrationTests" time="0.168"/>
  <testcase name="invalidHttpMethod(HttpServer)[4]" classname="org.springframework.web.reactive.function.server.InvalidHttpMethodIntegrationTests" time="0.088"/>
  <system-out><![CDATA[14:07:24.652 [Test worker] DEBUG o.s.w.s.a.HttpWebHandlerAdapter - enableLoggingRequestDetails='false': form data and headers will be masked to prevent unsafe logging of potentially sensitive data
14:07:24.653 [Test worker] WARN  o.e.j.s.h.ContextHandler - Empty contextPath
14:07:24.653 [Test worker] INFO  o.e.j.s.h.ContextHandler - Started o.e.j.s.ServletContextHandler@77b5b35a{/,null,AVAILABLE}
14:07:24.653 [Test worker] DEBUG o.s.w.t.h.s.r.b.JettyHttpServer - Starting JettyHttpServer...
14:07:24.653 [Test worker] INFO  o.e.j.s.Server - jetty-9.4.30.v20200611; built: 2020-06-11T12:34:51.929Z; git: 271836e4c1f4612f12b7bb13ef5a92a927634b0d; jvm 1.8.0_73-b02
14:07:24.658 [Test worker] INFO  o.e.j.s.AbstractConnector - Started ServerConnector@111e918f{HTTP/1.1, (http/1.1)}{0.0.0.0:60508}
14:07:24.658 [Test worker] INFO  o.e.j.s.Server - Started @44381ms
14:07:24.659 [Test worker] DEBUG o.s.w.t.h.s.r.b.JettyHttpServer - Server started on port 60508(0 millis).
14:07:24.749 [qtp2083768786-990] DEBUG o.s.w.s.a.HttpWebHandlerAdapter - [cdf5506] HTTP null "/"
14:07:24.759 [qtp2083768786-990] DEBUG o.s.c.c.CharSequenceEncoder - [cdf5506] Writing "BAR"
14:07:24.763 [qtp2083768786-990] DEBUG o.s.w.s.a.HttpWebHandlerAdapter - [cdf5506] Completed 200 OK
14:07:24.771 [Test worker] DEBUG o.s.w.t.h.s.r.b.JettyHttpServer - Stopping JettyHttpServer...
14:07:24.771 [Test worker] INFO  o.e.j.s.h.ContextHandler - Stopped o.e.j.s.ServletContextHandler@77b5b35a{/,null,UNAVAILABLE}
14:07:24.773 [Test worker] INFO  o.e.j.s.AbstractConnector - Stopped ServerConnector@111e918f{HTTP/1.1, (http/1.1)}{0.0.0.0:0}
14:07:24.790 [Test worker] DEBUG o.s.w.t.h.s.r.b.JettyHttpServer - Server stopped (0 millis).
14:07:24.823 [Test worker] DEBUG o.s.w.s.a.HttpWebHandlerAdapter - enableLoggingRequestDetails='false': form data and headers will be masked to prevent unsafe logging of potentially sensitive data
14:07:24.823 [Test worker] DEBUG o.s.w.t.h.s.r.b.ReactorHttpServer - Starting ReactorHttpServer...
14:07:24.824 [Test worker] DEBUG o.s.w.t.h.s.r.b.ReactorHttpServer - Server started on port 60514(0 millis).
14:07:24.835 [reactor-http-nio-1] DEBUG o.s.w.s.a.HttpWebHandlerAdapter - [9bb89c7a-4] HTTP null "/"
14:07:24.836 [reactor-http-nio-1] DEBUG o.s.c.c.CharSequenceEncoder - [9bb89c7a-4] Writing "BAR"
14:07:24.838 [reactor-http-nio-1] DEBUG o.s.w.s.a.HttpWebHandlerAdapter - [9bb89c7a-4] Completed 200 OK
14:07:24.838 [Test worker] DEBUG o.s.w.t.h.s.r.b.ReactorHttpServer - Stopping ReactorHttpServer...
14:07:24.838 [Test worker] DEBUG o.s.w.t.h.s.r.b.ReactorHttpServer - Server stopped (0 millis).
14:07:24.910 [Test worker] DEBUG o.s.w.s.a.HttpWebHandlerAdapter - enableLoggingRequestDetails='false': form data and headers will be masked to prevent unsafe logging of potentially sensitive data
14:07:24.912 [Test worker] DEBUG o.s.w.t.h.s.r.b.TomcatHttpServer - Starting TomcatHttpServer...
14:07:24.949 [Test worker] DEBUG o.s.w.t.h.s.r.b.TomcatHttpServer - Server started on port 60518(0 millis).
14:07:24.964 [http-nio-auto-4-exec-1] DEBUG o.s.w.s.a.HttpWebHandlerAdapter - [54d2a93a] HTTP null "/"
14:07:24.964 [http-nio-auto-4-exec-1] DEBUG o.s.c.c.CharSequenceEncoder - [54d2a93a] Writing "BAR"
14:07:24.967 [http-nio-auto-4-exec-1] DEBUG o.s.w.s.a.HttpWebHandlerAdapter - [54d2a93a] Completed 200 OK
14:07:24.970 [Test worker] DEBUG o.s.w.t.h.s.r.b.TomcatHttpServer - Stopping TomcatHttpServer...
14:07:25.007 [Test worker] DEBUG o.s.w.t.h.s.r.b.TomcatHttpServer - Server stopped (0 millis).
14:07:25.066 [Test worker] DEBUG o.s.w.s.a.HttpWebHandlerAdapter - enableLoggingRequestDetails='false': form data and headers will be masked to prevent unsafe logging of potentially sensitive data
14:07:25.068 [Test worker] DEBUG o.s.w.t.h.s.r.b.UndertowHttpServer - Starting UndertowHttpServer...
14:07:25.068 [Test worker] INFO  i.undertow - starting server: Undertow - 2.1.3.Final
14:07:25.080 [Test worker] DEBUG o.s.w.t.h.s.r.b.UndertowHttpServer - Server started on port 60523(0 millis).
14:07:25.086 [XNIO-4 I/O-6] DEBUG o.s.w.s.a.HttpWebHandlerAdapter - [1495a78c] HTTP null "/"
14:07:25.087 [XNIO-4 I/O-6] DEBUG o.s.c.c.CharSequenceEncoder - [1495a78c] Writing "BAR"
14:07:25.088 [XNIO-4 I/O-6] DEBUG o.s.w.s.a.HttpWebHandlerAdapter - [1495a78c] Completed 200 OK
14:07:25.088 [Test worker] DEBUG o.s.w.t.h.s.r.b.UndertowHttpServer - Stopping UndertowHttpServer...
14:07:25.088 [Test worker] INFO  i.undertow - stopping server: Undertow - 2.1.3.Final
14:07:25.095 [Test worker] DEBUG o.s.w.t.h.s.r.b.UndertowHttpServer - Server stopped (0 millis).
]]></system-out>
  <system-err><![CDATA[]]></system-err>
</testsuite>
