<?xml version="1.0" encoding="UTF-8"?>
<testsuite name="org.springframework.web.reactive.result.condition.PatternsRequestConditionTests" tests="14" skipped="0" failures="0" errors="0" timestamp="2020-06-22T06:07:38" hostname="aiguoxindeMacBook-Pro.local" time="0.021">
  <properties/>
  <testcase name="combineOnePatternWithEmptySet()" classname="org.springframework.web.reactive.result.condition.PatternsRequestConditionTests" time="0.001"/>
  <testcase name="matchWithEmptyPatterns()" classname="org.springframework.web.reactive.result.condition.PatternsRequestConditionTests" time="0.002"/>
  <testcase name="matchPatternContainsExtension()" classname="org.springframework.web.reactive.result.condition.PatternsRequestConditionTests" time="0.0"/>
  <testcase name="comparePatternSpecificity()" classname="org.springframework.web.reactive.result.condition.PatternsRequestConditionTests" time="0.001"/>
  <testcase name="prependNonEmptyPatternsOnly()" classname="org.springframework.web.reactive.result.condition.PatternsRequestConditionTests" time="0.001"/>
  <testcase name="matchTrailingSlash()" classname="org.springframework.web.reactive.result.condition.PatternsRequestConditionTests" time="0.0"/>
  <testcase name="matchDirectPath()" classname="org.springframework.web.reactive.result.condition.PatternsRequestConditionTests" time="0.0"/>
  <testcase name="matchSortPatterns()" classname="org.springframework.web.reactive.result.condition.PatternsRequestConditionTests" time="0.001"/>
  <testcase name="matchPattern()" classname="org.springframework.web.reactive.result.condition.PatternsRequestConditionTests" time="0.001"/>
  <testcase name="combineMultiplePatterns()" classname="org.springframework.web.reactive.result.condition.PatternsRequestConditionTests" time="0.001"/>
  <testcase name="compareNumberOfMatchingPatterns()" classname="org.springframework.web.reactive.result.condition.PatternsRequestConditionTests" time="0.005"/>
  <testcase name="equallyMatchingPatternsAreBothPresent()" classname="org.springframework.web.reactive.result.condition.PatternsRequestConditionTests" time="0.001"/>
  <testcase name="compareToConsistentWithEquals()" classname="org.springframework.web.reactive.result.condition.PatternsRequestConditionTests" time="0.0"/>
  <testcase name="combineEmptySets()" classname="org.springframework.web.reactive.result.condition.PatternsRequestConditionTests" time="0.004"/>
  <system-out><![CDATA[]]></system-out>
  <system-err><![CDATA[]]></system-err>
</testsuite>
