<?xml version="1.0" encoding="UTF-8"?>
<testsuite name="org.springframework.web.reactive.result.method.annotation.ProtobufIntegrationTests" tests="20" skipped="0" failures="0" errors="0" timestamp="2020-06-22T06:08:17" hostname="aiguoxindeMacBook-Pro.local" time="3.807">
  <properties/>
  <testcase name="defaultInstance(HttpServer)[1]" classname="org.springframework.web.reactive.result.method.annotation.ProtobufIntegrationTests" time="0.342"/>
  <testcase name="defaultInstance(HttpServer)[2]" classname="org.springframework.web.reactive.result.method.annotation.ProtobufIntegrationTests" time="0.28"/>
  <testcase name="defaultInstance(HttpServer)[3]" classname="org.springframework.web.reactive.result.method.annotation.ProtobufIntegrationTests" time="0.25"/>
  <testcase name="defaultInstance(HttpServer)[4]" classname="org.springframework.web.reactive.result.method.annotation.ProtobufIntegrationTests" time="0.153"/>
  <testcase name="values(HttpServer)[1]" classname="org.springframework.web.reactive.result.method.annotation.ProtobufIntegrationTests" time="0.174"/>
  <testcase name="values(HttpServer)[2]" classname="org.springframework.web.reactive.result.method.annotation.ProtobufIntegrationTests" time="0.165"/>
  <testcase name="values(HttpServer)[3]" classname="org.springframework.web.reactive.result.method.annotation.ProtobufIntegrationTests" time="0.158"/>
  <testcase name="values(HttpServer)[4]" classname="org.springframework.web.reactive.result.method.annotation.ProtobufIntegrationTests" time="0.139"/>
  <testcase name="streaming(HttpServer)[1]" classname="org.springframework.web.reactive.result.method.annotation.ProtobufIntegrationTests" time="0.213"/>
  <testcase name="streaming(HttpServer)[2]" classname="org.springframework.web.reactive.result.method.annotation.ProtobufIntegrationTests" time="0.24"/>
  <testcase name="streaming(HttpServer)[3]" classname="org.springframework.web.reactive.result.method.annotation.ProtobufIntegrationTests" time="0.339"/>
  <testcase name="streaming(HttpServer)[4]" classname="org.springframework.web.reactive.result.method.annotation.ProtobufIntegrationTests" time="0.19"/>
  <testcase name="empty(HttpServer)[1]" classname="org.springframework.web.reactive.result.method.annotation.ProtobufIntegrationTests" time="0.094"/>
  <testcase name="empty(HttpServer)[2]" classname="org.springframework.web.reactive.result.method.annotation.ProtobufIntegrationTests" time="0.08"/>
  <testcase name="empty(HttpServer)[3]" classname="org.springframework.web.reactive.result.method.annotation.ProtobufIntegrationTests" time="0.113"/>
  <testcase name="empty(HttpServer)[4]" classname="org.springframework.web.reactive.result.method.annotation.ProtobufIntegrationTests" time="0.103"/>
  <testcase name="value(HttpServer)[1]" classname="org.springframework.web.reactive.result.method.annotation.ProtobufIntegrationTests" time="0.124"/>
  <testcase name="value(HttpServer)[2]" classname="org.springframework.web.reactive.result.method.annotation.ProtobufIntegrationTests" time="0.167"/>
  <testcase name="value(HttpServer)[3]" classname="org.springframework.web.reactive.result.method.annotation.ProtobufIntegrationTests" time="0.112"/>
  <testcase name="value(HttpServer)[4]" classname="org.springframework.web.reactive.result.method.annotation.ProtobufIntegrationTests" time="0.082"/>
  <system-out><![CDATA[14:08:17.948 [Test worker] DEBUG o.s.w.r.r.m.a.RequestMappingHandlerMapping - 5 mappings in 'requestMappingHandlerMapping'
14:08:17.985 [Test worker] DEBUG o.s.w.r.r.m.a.ControllerMethodResolver - ControllerAdvice beans: none
14:08:18.001 [Test worker] DEBUG o.s.w.s.a.HttpWebHandlerAdapter - enableLoggingRequestDetails='false': form data and headers will be masked to prevent unsafe logging of potentially sensitive data
14:08:18.001 [Test worker] WARN  o.e.j.s.h.ContextHandler - Empty contextPath
14:08:18.002 [Test worker] INFO  o.e.j.s.h.ContextHandler - Started o.e.j.s.ServletContextHandler@f0af1e2{/,null,AVAILABLE}
14:08:18.002 [Test worker] DEBUG o.s.w.t.h.s.r.b.JettyHttpServer - Starting JettyHttpServer...
14:08:18.002 [Test worker] INFO  o.e.j.s.Server - jetty-9.4.30.v20200611; built: 2020-06-11T12:34:51.929Z; git: 271836e4c1f4612f12b7bb13ef5a92a927634b0d; jvm 1.8.0_73-b02
14:08:18.004 [Test worker] INFO  o.e.j.s.AbstractConnector - Started ServerConnector@c840b99{HTTP/1.1, (http/1.1)}{0.0.0.0:61416}
14:08:18.004 [Test worker] INFO  o.e.j.s.Server - Started @97729ms
14:08:18.005 [Test worker] DEBUG o.s.w.t.h.s.r.b.JettyHttpServer - Server started on port 61416(0 millis).
14:08:18.005 [Test worker] DEBUG o.s.w.r.f.c.ExchangeFunctions - [2c1fc0dc] HTTP GET http://localhost:61416/default-instance
14:08:18.009 [qtp1680222847-1937] DEBUG o.s.w.s.a.HttpWebHandlerAdapter - [1354640e] HTTP GET "/default-instance"
14:08:18.010 [qtp1680222847-1937] DEBUG o.s.w.r.r.m.a.RequestMappingHandlerMapping - [1354640e] Mapped to org.springframework.web.reactive.result.method.annotation.ProtobufIntegrationTests$ProtobufController#defaultInstance()
14:08:18.113 [qtp1680222847-1937] DEBUG o.s.w.r.r.m.a.ResponseBodyResultHandler - Using 'application/x-protobuf' given [*/*] and supported [application/x-protobuf, application/octet-stream, application/json, application/*+json, application/x-jackson-smile, application/*+x-jackson-smile, text/event-stream]
14:08:18.113 [qtp1680222847-1937] DEBUG o.s.w.r.r.m.a.ResponseBodyResultHandler - [1354640e] 0..1 [org.springframework.web.reactive.protobuf.Msg]
14:08:18.189 [qtp1680222847-1937] DEBUG o.s.w.s.a.HttpWebHandlerAdapter - [1354640e] Completed 200 OK
14:08:18.189 [reactor-http-nio-2] DEBUG o.s.w.r.f.c.ExchangeFunctions - [2c1fc0dc] Response 200 OK
14:08:18.198 [Test worker] DEBUG o.s.w.t.h.s.r.b.JettyHttpServer - Stopping JettyHttpServer...
14:08:18.198 [Test worker] INFO  o.e.j.s.h.ContextHandler - Stopped o.e.j.s.ServletContextHandler@f0af1e2{/,null,UNAVAILABLE}
14:08:18.206 [Test worker] INFO  o.e.j.s.AbstractConnector - Stopped ServerConnector@c840b99{HTTP/1.1, (http/1.1)}{0.0.0.0:0}
14:08:18.216 [Test worker] DEBUG o.s.w.t.h.s.r.b.JettyHttpServer - Server stopped (0 millis).
14:08:18.281 [Test worker] DEBUG o.s.w.r.r.m.a.RequestMappingHandlerMapping - 5 mappings in 'requestMappingHandlerMapping'
14:08:18.308 [Test worker] DEBUG o.s.w.r.r.m.a.ControllerMethodResolver - ControllerAdvice beans: none
14:08:18.361 [Test worker] DEBUG o.s.w.s.a.HttpWebHandlerAdapter - enableLoggingRequestDetails='false': form data and headers will be masked to prevent unsafe logging of potentially sensitive data
14:08:18.362 [Test worker] DEBUG o.s.w.t.h.s.r.b.ReactorHttpServer - Starting ReactorHttpServer...
14:08:18.368 [Test worker] DEBUG o.s.w.t.h.s.r.b.ReactorHttpServer - Server started on port 61421(0 millis).
14:08:18.369 [Test worker] DEBUG o.s.w.r.f.c.ExchangeFunctions - [59c80094] HTTP GET http://localhost:61421/default-instance
14:08:18.430 [reactor-http-nio-5] DEBUG o.s.w.s.a.HttpWebHandlerAdapter - [112726b1-28] HTTP GET "/default-instance"
14:08:18.431 [reactor-http-nio-5] DEBUG o.s.w.r.r.m.a.RequestMappingHandlerMapping - [112726b1-28] Mapped to org.springframework.web.reactive.result.method.annotation.ProtobufIntegrationTests$ProtobufController#defaultInstance()
14:08:18.505 [reactor-http-nio-5] DEBUG o.s.w.r.r.m.a.ResponseBodyResultHandler - Using 'application/x-protobuf' given [*/*] and supported [application/x-protobuf, application/octet-stream, application/json, application/*+json, application/x-jackson-smile, application/*+x-jackson-smile, text/event-stream]
14:08:18.505 [reactor-http-nio-5] DEBUG o.s.w.r.r.m.a.ResponseBodyResultHandler - [112726b1-28] 0..1 [org.springframework.web.reactive.protobuf.Msg]
14:08:18.508 [reactor-http-nio-4] DEBUG o.s.w.r.f.c.ExchangeFunctions - [59c80094] Response 200 OK
14:08:18.508 [reactor-http-nio-5] DEBUG o.s.w.s.a.HttpWebHandlerAdapter - [112726b1-28] Completed 200 OK
14:08:18.508 [Test worker] DEBUG o.s.w.t.h.s.r.b.ReactorHttpServer - Stopping ReactorHttpServer...
14:08:18.509 [Test worker] DEBUG o.s.w.t.h.s.r.b.ReactorHttpServer - Server stopped (0 millis).
14:08:18.559 [Test worker] DEBUG o.s.w.r.r.m.a.RequestMappingHandlerMapping - 5 mappings in 'requestMappingHandlerMapping'
14:08:18.588 [Test worker] DEBUG o.s.w.r.r.m.a.ControllerMethodResolver - ControllerAdvice beans: none
14:08:18.622 [Test worker] DEBUG o.s.w.s.a.HttpWebHandlerAdapter - enableLoggingRequestDetails='false': form data and headers will be masked to prevent unsafe logging of potentially sensitive data
14:08:18.623 [Test worker] DEBUG o.s.w.t.h.s.r.b.TomcatHttpServer - Starting TomcatHttpServer...
14:08:18.635 [Test worker] DEBUG o.s.w.t.h.s.r.b.TomcatHttpServer - Server started on port 61428(0 millis).
14:08:18.636 [Test worker] DEBUG o.s.w.r.f.c.ExchangeFunctions - [37df3ce5] HTTP GET http://localhost:61428/default-instance
14:08:18.658 [http-nio-auto-27-exec-1] DEBUG o.s.w.s.a.HttpWebHandlerAdapter - [243de3c0] HTTP GET "/default-instance"
14:08:18.658 [http-nio-auto-27-exec-1] DEBUG o.s.w.r.r.m.a.RequestMappingHandlerMapping - [243de3c0] Mapped to org.springframework.web.reactive.result.method.annotation.ProtobufIntegrationTests$ProtobufController#defaultInstance()
14:08:18.750 [http-nio-auto-27-exec-1] DEBUG o.s.w.r.r.m.a.ResponseBodyResultHandler - Using 'application/x-protobuf' given [*/*] and supported [application/x-protobuf, application/octet-stream, application/json, application/*+json, application/x-jackson-smile, application/*+x-jackson-smile, text/event-stream]
14:08:18.750 [http-nio-auto-27-exec-1] DEBUG o.s.w.r.r.m.a.ResponseBodyResultHandler - [243de3c0] 0..1 [org.springframework.web.reactive.protobuf.Msg]
14:08:18.751 [http-nio-auto-27-exec-1] DEBUG o.s.w.s.a.HttpWebHandlerAdapter - [243de3c0] Completed 200 OK
14:08:18.751 [reactor-http-nio-6] DEBUG o.s.w.r.f.c.ExchangeFunctions - [37df3ce5] Response 200 OK
14:08:18.752 [Test worker] DEBUG o.s.w.t.h.s.r.b.TomcatHttpServer - Stopping TomcatHttpServer...
14:08:18.774 [Test worker] DEBUG o.s.w.t.h.s.r.b.TomcatHttpServer - Server stopped (0 millis).
14:08:18.827 [Test worker] DEBUG o.s.w.r.r.m.a.RequestMappingHandlerMapping - 5 mappings in 'requestMappingHandlerMapping'
14:08:18.873 [Test worker] DEBUG o.s.w.r.r.m.a.ControllerMethodResolver - ControllerAdvice beans: none
14:08:18.894 [Test worker] DEBUG o.s.w.s.a.HttpWebHandlerAdapter - enableLoggingRequestDetails='false': form data and headers will be masked to prevent unsafe logging of potentially sensitive data
14:08:18.894 [Test worker] DEBUG o.s.w.t.h.s.r.b.UndertowHttpServer - Starting UndertowHttpServer...
14:08:18.894 [Test worker] INFO  i.undertow - starting server: Undertow - 2.1.3.Final
14:08:18.900 [Test worker] DEBUG o.s.w.t.h.s.r.b.UndertowHttpServer - Server started on port 61433(0 millis).
14:08:18.901 [Test worker] DEBUG o.s.w.r.f.c.ExchangeFunctions - [759227dc] HTTP GET http://localhost:61433/default-instance
14:08:18.913 [XNIO-26 I/O-3] DEBUG o.s.w.s.a.HttpWebHandlerAdapter - [510cb5ce] HTTP GET "/default-instance"
14:08:18.914 [XNIO-26 I/O-3] DEBUG o.s.w.r.r.m.a.RequestMappingHandlerMapping - [510cb5ce] Mapped to org.springframework.web.reactive.result.method.annotation.ProtobufIntegrationTests$ProtobufController#defaultInstance()
14:08:18.935 [XNIO-26 I/O-3] DEBUG o.s.w.r.r.m.a.ResponseBodyResultHandler - Using 'application/x-protobuf' given [*/*] and supported [application/x-protobuf, application/octet-stream, application/json, application/*+json, application/x-jackson-smile, application/*+x-jackson-smile, text/event-stream]
14:08:18.936 [XNIO-26 I/O-3] DEBUG o.s.w.r.r.m.a.ResponseBodyResultHandler - [510cb5ce] 0..1 [org.springframework.web.reactive.protobuf.Msg]
14:08:18.937 [XNIO-26 I/O-3] DEBUG o.s.w.s.a.HttpWebHandlerAdapter - [510cb5ce] Completed 200 OK
14:08:18.938 [reactor-http-nio-7] DEBUG o.s.w.r.f.c.ExchangeFunctions - [759227dc] Response 200 OK
14:08:18.938 [Test worker] DEBUG o.s.w.t.h.s.r.b.UndertowHttpServer - Stopping UndertowHttpServer...
14:08:18.938 [Test worker] INFO  i.undertow - stopping server: Undertow - 2.1.3.Final
14:08:18.939 [Test worker] DEBUG o.s.w.t.h.s.r.b.UndertowHttpServer - Server stopped (0 millis).
14:08:19.000 [Test worker] DEBUG o.s.w.r.r.m.a.RequestMappingHandlerMapping - 5 mappings in 'requestMappingHandlerMapping'
14:08:19.037 [Test worker] DEBUG o.s.w.r.r.m.a.ControllerMethodResolver - ControllerAdvice beans: none
14:08:19.056 [Test worker] DEBUG o.s.w.s.a.HttpWebHandlerAdapter - enableLoggingRequestDetails='false': form data and headers will be masked to prevent unsafe logging of potentially sensitive data
14:08:19.056 [Test worker] WARN  o.e.j.s.h.ContextHandler - Empty contextPath
14:08:19.056 [Test worker] INFO  o.e.j.s.h.ContextHandler - Started o.e.j.s.ServletContextHandler@2e5d18f4{/,null,AVAILABLE}
14:08:19.056 [Test worker] DEBUG o.s.w.t.h.s.r.b.JettyHttpServer - Starting JettyHttpServer...
14:08:19.057 [Test worker] INFO  o.e.j.s.Server - jetty-9.4.30.v20200611; built: 2020-06-11T12:34:51.929Z; git: 271836e4c1f4612f12b7bb13ef5a92a927634b0d; jvm 1.8.0_73-b02
14:08:19.059 [Test worker] INFO  o.e.j.s.AbstractConnector - Started ServerConnector@58a333f{HTTP/1.1, (http/1.1)}{0.0.0.0:61437}
14:08:19.059 [Test worker] INFO  o.e.j.s.Server - Started @98784ms
14:08:19.059 [Test worker] DEBUG o.s.w.t.h.s.r.b.JettyHttpServer - Server started on port 61437(0 millis).
14:08:19.092 [Test worker] DEBUG o.s.w.r.f.c.ExchangeFunctions - [16d6deca] HTTP GET http://localhost:61437/messages
14:08:19.094 [qtp2074258582-1970] DEBUG o.s.w.s.a.HttpWebHandlerAdapter - [37c9c55d] HTTP GET "/messages"
14:08:19.095 [qtp2074258582-1970] DEBUG o.s.w.r.r.m.a.RequestMappingHandlerMapping - [37c9c55d] Mapped to org.springframework.web.reactive.result.method.annotation.ProtobufIntegrationTests$ProtobufController#messages()
14:08:19.109 [qtp2074258582-1970] DEBUG o.s.w.r.r.m.a.ResponseBodyResultHandler - Using 'application/x-protobuf' given [*/*] and supported [application/x-protobuf, application/octet-stream, application/json, application/*+json, application/x-jackson-smile, application/*+x-jackson-smile, text/event-stream]
14:08:19.110 [qtp2074258582-1970] DEBUG o.s.w.r.r.m.a.ResponseBodyResultHandler - [37c9c55d] 0..N [org.springframework.web.reactive.protobuf.Msg]
14:08:19.111 [reactor-http-nio-8] DEBUG o.s.w.r.f.c.ExchangeFunctions - [16d6deca] Response 200 OK
14:08:19.111 [qtp2074258582-1970] DEBUG o.s.w.s.a.HttpWebHandlerAdapter - [37c9c55d] Completed 200 OK
14:08:19.116 [Test worker] DEBUG o.s.w.t.h.s.r.b.JettyHttpServer - Stopping JettyHttpServer...
14:08:19.116 [Test worker] INFO  o.e.j.s.h.ContextHandler - Stopped o.e.j.s.ServletContextHandler@2e5d18f4{/,null,UNAVAILABLE}
14:08:19.117 [Test worker] INFO  o.e.j.s.AbstractConnector - Stopped ServerConnector@58a333f{HTTP/1.1, (http/1.1)}{0.0.0.0:0}
14:08:19.127 [Test worker] DEBUG o.s.w.t.h.s.r.b.JettyHttpServer - Server stopped (0 millis).
14:08:19.202 [Test worker] DEBUG o.s.w.r.r.m.a.RequestMappingHandlerMapping - 5 mappings in 'requestMappingHandlerMapping'
14:08:19.247 [Test worker] DEBUG o.s.w.r.r.m.a.ControllerMethodResolver - ControllerAdvice beans: none
14:08:19.273 [Test worker] DEBUG o.s.w.s.a.HttpWebHandlerAdapter - enableLoggingRequestDetails='false': form data and headers will be masked to prevent unsafe logging of potentially sensitive data
14:08:19.274 [Test worker] DEBUG o.s.w.t.h.s.r.b.ReactorHttpServer - Starting ReactorHttpServer...
14:08:19.275 [Test worker] DEBUG o.s.w.t.h.s.r.b.ReactorHttpServer - Server started on port 61442(0 millis).
14:08:19.277 [Test worker] DEBUG o.s.w.r.f.c.ExchangeFunctions - [10835902] HTTP GET http://localhost:61442/messages
14:08:19.286 [reactor-http-nio-3] DEBUG o.s.w.s.a.HttpWebHandlerAdapter - [1dcca6e4-29] HTTP GET "/messages"
14:08:19.287 [reactor-http-nio-3] DEBUG o.s.w.r.r.m.a.RequestMappingHandlerMapping - [1dcca6e4-29] Mapped to org.springframework.web.reactive.result.method.annotation.ProtobufIntegrationTests$ProtobufController#messages()
14:08:19.301 [reactor-http-nio-3] DEBUG o.s.w.r.r.m.a.ResponseBodyResultHandler - Using 'application/x-protobuf' given [*/*] and supported [application/x-protobuf, application/octet-stream, application/json, application/*+json, application/x-jackson-smile, application/*+x-jackson-smile, text/event-stream]
14:08:19.301 [reactor-http-nio-3] DEBUG o.s.w.r.r.m.a.ResponseBodyResultHandler - [1dcca6e4-29] 0..N [org.springframework.web.reactive.protobuf.Msg]
14:08:19.302 [reactor-http-nio-2] DEBUG o.s.w.r.f.c.ExchangeFunctions - [10835902] Response 200 OK
14:08:19.304 [reactor-http-nio-3] DEBUG o.s.w.s.a.HttpWebHandlerAdapter - [1dcca6e4-29] Completed 200 OK
14:08:19.306 [Test worker] DEBUG o.s.w.t.h.s.r.b.ReactorHttpServer - Stopping ReactorHttpServer...
14:08:19.307 [Test worker] DEBUG o.s.w.t.h.s.r.b.ReactorHttpServer - Server stopped (0 millis).
14:08:19.372 [Test worker] DEBUG o.s.w.r.r.m.a.RequestMappingHandlerMapping - 5 mappings in 'requestMappingHandlerMapping'
14:08:19.395 [Test worker] DEBUG o.s.w.r.r.m.a.ControllerMethodResolver - ControllerAdvice beans: none
14:08:19.424 [Test worker] DEBUG o.s.w.s.a.HttpWebHandlerAdapter - enableLoggingRequestDetails='false': form data and headers will be masked to prevent unsafe logging of potentially sensitive data
14:08:19.425 [Test worker] DEBUG o.s.w.t.h.s.r.b.TomcatHttpServer - Starting TomcatHttpServer...
14:08:19.438 [Test worker] DEBUG o.s.w.t.h.s.r.b.TomcatHttpServer - Server started on port 61447(0 millis).
14:08:19.441 [Test worker] DEBUG o.s.w.r.f.c.ExchangeFunctions - [3d0e5e67] HTTP GET http://localhost:61447/messages
14:08:19.454 [http-nio-auto-28-exec-1] DEBUG o.s.w.s.a.HttpWebHandlerAdapter - [76e5d050] HTTP GET "/messages"
14:08:19.454 [http-nio-auto-28-exec-1] DEBUG o.s.w.r.r.m.a.RequestMappingHandlerMapping - [76e5d050] Mapped to org.springframework.web.reactive.result.method.annotation.ProtobufIntegrationTests$ProtobufController#messages()
14:08:19.467 [http-nio-auto-28-exec-1] DEBUG o.s.w.r.r.m.a.ResponseBodyResultHandler - Using 'application/x-protobuf' given [*/*] and supported [application/x-protobuf, application/octet-stream, application/json, application/*+json, application/x-jackson-smile, application/*+x-jackson-smile, text/event-stream]
14:08:19.467 [http-nio-auto-28-exec-1] DEBUG o.s.w.r.r.m.a.ResponseBodyResultHandler - [76e5d050] 0..N [org.springframework.web.reactive.protobuf.Msg]
14:08:19.468 [http-nio-auto-28-exec-1] DEBUG o.s.w.s.a.HttpWebHandlerAdapter - [76e5d050] Completed 200 OK
14:08:19.468 [reactor-http-nio-4] DEBUG o.s.w.r.f.c.ExchangeFunctions - [3d0e5e67] Response 200 OK
14:08:19.470 [Test worker] DEBUG o.s.w.t.h.s.r.b.TomcatHttpServer - Stopping TomcatHttpServer...
14:08:19.493 [Test worker] DEBUG o.s.w.t.h.s.r.b.TomcatHttpServer - Server stopped (0 millis).
14:08:19.566 [Test worker] DEBUG o.s.w.r.r.m.a.RequestMappingHandlerMapping - 5 mappings in 'requestMappingHandlerMapping'
14:08:19.593 [Test worker] DEBUG o.s.w.r.r.m.a.ControllerMethodResolver - ControllerAdvice beans: none
14:08:19.615 [Test worker] DEBUG o.s.w.s.a.HttpWebHandlerAdapter - enableLoggingRequestDetails='false': form data and headers will be masked to prevent unsafe logging of potentially sensitive data
14:08:19.616 [Test worker] DEBUG o.s.w.t.h.s.r.b.UndertowHttpServer - Starting UndertowHttpServer...
14:08:19.616 [Test worker] INFO  i.undertow - starting server: Undertow - 2.1.3.Final
14:08:19.625 [Test worker] DEBUG o.s.w.t.h.s.r.b.UndertowHttpServer - Server started on port 61453(0 millis).
14:08:19.625 [Test worker] DEBUG o.s.w.r.f.c.ExchangeFunctions - [571e985b] HTTP GET http://localhost:61453/messages
14:08:19.634 [XNIO-27 I/O-4] DEBUG o.s.w.s.a.HttpWebHandlerAdapter - [1271b241] HTTP GET "/messages"
14:08:19.635 [XNIO-27 I/O-4] DEBUG o.s.w.r.r.m.a.RequestMappingHandlerMapping - [1271b241] Mapped to org.springframework.web.reactive.result.method.annotation.ProtobufIntegrationTests$ProtobufController#messages()
14:08:19.646 [XNIO-27 I/O-4] DEBUG o.s.w.r.r.m.a.ResponseBodyResultHandler - Using 'application/x-protobuf' given [*/*] and supported [application/x-protobuf, application/octet-stream, application/json, application/*+json, application/x-jackson-smile, application/*+x-jackson-smile, text/event-stream]
14:08:19.646 [XNIO-27 I/O-4] DEBUG o.s.w.r.r.m.a.ResponseBodyResultHandler - [1271b241] 0..N [org.springframework.web.reactive.protobuf.Msg]
14:08:19.647 [reactor-http-nio-5] DEBUG o.s.w.r.f.c.ExchangeFunctions - [571e985b] Response 200 OK
14:08:19.647 [XNIO-27 I/O-4] DEBUG o.s.w.s.a.HttpWebHandlerAdapter - [1271b241] Completed 200 OK
14:08:19.649 [Test worker] DEBUG o.s.w.t.h.s.r.b.UndertowHttpServer - Stopping UndertowHttpServer...
14:08:19.649 [Test worker] INFO  i.undertow - stopping server: Undertow - 2.1.3.Final
14:08:19.650 [Test worker] DEBUG o.s.w.t.h.s.r.b.UndertowHttpServer - Server stopped (0 millis).
14:08:19.697 [Test worker] DEBUG o.s.w.r.r.m.a.RequestMappingHandlerMapping - 5 mappings in 'requestMappingHandlerMapping'
14:08:19.735 [Test worker] DEBUG o.s.w.r.r.m.a.ControllerMethodResolver - ControllerAdvice beans: none
14:08:19.754 [Test worker] DEBUG o.s.w.s.a.HttpWebHandlerAdapter - enableLoggingRequestDetails='false': form data and headers will be masked to prevent unsafe logging of potentially sensitive data
14:08:19.754 [Test worker] WARN  o.e.j.s.h.ContextHandler - Empty contextPath
14:08:19.755 [Test worker] INFO  o.e.j.s.h.ContextHandler - Started o.e.j.s.ServletContextHandler@413203c{/,null,AVAILABLE}
14:08:19.755 [Test worker] DEBUG o.s.w.t.h.s.r.b.JettyHttpServer - Starting JettyHttpServer...
14:08:19.755 [Test worker] INFO  o.e.j.s.Server - jetty-9.4.30.v20200611; built: 2020-06-11T12:34:51.929Z; git: 271836e4c1f4612f12b7bb13ef5a92a927634b0d; jvm 1.8.0_73-b02
14:08:19.757 [Test worker] INFO  o.e.j.s.AbstractConnector - Started ServerConnector@2cc22c10{HTTP/1.1, (http/1.1)}{0.0.0.0:61458}
14:08:19.757 [Test worker] INFO  o.e.j.s.Server - Started @99482ms
14:08:19.757 [Test worker] DEBUG o.s.w.t.h.s.r.b.JettyHttpServer - Server started on port 61458(0 millis).
14:08:19.759 [Test worker] DEBUG o.s.w.r.f.c.ExchangeFunctions - [292b837a] HTTP GET http://localhost:61458/message-stream
14:08:19.762 [qtp713712211-2003] DEBUG o.s.w.s.a.HttpWebHandlerAdapter - [1976cb74] HTTP GET "/message-stream"
14:08:19.762 [qtp713712211-2003] DEBUG o.s.w.r.r.m.a.RequestMappingHandlerMapping - [1976cb74] Mapped to org.springframework.web.reactive.result.method.annotation.ProtobufIntegrationTests$ProtobufController#messageStream()
14:08:19.763 [qtp713712211-2003] DEBUG o.s.w.r.r.m.a.ResponseBodyResultHandler - Using 'application/x-protobuf;delimited=true' given [*/*] and supported [application/x-protobuf;delimited=true]
14:08:19.763 [qtp713712211-2003] DEBUG o.s.w.r.r.m.a.ResponseBodyResultHandler - [1976cb74] 0..N [org.springframework.web.reactive.protobuf.Msg]
14:08:19.819 [reactor-http-nio-6] DEBUG o.s.w.r.f.c.ExchangeFunctions - [292b837a] Response 200 OK
14:08:19.867 [reactor-http-nio-6] DEBUG o.s.w.r.f.c.ExchangeFunctions - [292b837a] Cancel signal (to close connection)
14:08:19.868 [Test worker] DEBUG o.s.w.t.h.s.r.b.JettyHttpServer - Stopping JettyHttpServer...
14:08:19.868 [Test worker] INFO  o.e.j.s.h.ContextHandler - Stopped o.e.j.s.ServletContextHandler@413203c{/,null,UNAVAILABLE}
14:08:19.870 [Test worker] INFO  o.e.j.s.AbstractConnector - Stopped ServerConnector@2cc22c10{HTTP/1.1, (http/1.1)}{0.0.0.0:0}
14:08:19.875 [Test worker] DEBUG o.s.w.t.h.s.r.b.JettyHttpServer - Server stopped (0 millis).
14:08:19.961 [Test worker] DEBUG o.s.w.r.r.m.a.RequestMappingHandlerMapping - 5 mappings in 'requestMappingHandlerMapping'
14:08:19.986 [Test worker] DEBUG o.s.w.r.r.m.a.ControllerMethodResolver - ControllerAdvice beans: none
14:08:20.027 [Test worker] DEBUG o.s.w.s.a.HttpWebHandlerAdapter - enableLoggingRequestDetails='false': form data and headers will be masked to prevent unsafe logging of potentially sensitive data
14:08:20.027 [Test worker] DEBUG o.s.w.t.h.s.r.b.ReactorHttpServer - Starting ReactorHttpServer...
14:08:20.028 [Test worker] DEBUG o.s.w.t.h.s.r.b.ReactorHttpServer - Server started on port 61464(0 millis).
14:08:20.029 [Test worker] DEBUG o.s.w.r.f.c.ExchangeFunctions - [1c31694b] HTTP GET http://localhost:61464/message-stream
14:08:20.036 [reactor-http-nio-1] DEBUG o.s.w.s.a.HttpWebHandlerAdapter - [9d748f7f-30] HTTP GET "/message-stream"
14:08:20.036 [reactor-http-nio-1] DEBUG o.s.w.r.r.m.a.RequestMappingHandlerMapping - [9d748f7f-30] Mapped to org.springframework.web.reactive.result.method.annotation.ProtobufIntegrationTests$ProtobufController#messageStream()
14:08:20.037 [reactor-http-nio-1] DEBUG o.s.w.r.r.m.a.ResponseBodyResultHandler - Using 'application/x-protobuf;delimited=true' given [*/*] and supported [application/x-protobuf;delimited=true]
14:08:20.037 [reactor-http-nio-1] DEBUG o.s.w.r.r.m.a.ResponseBodyResultHandler - [9d748f7f-30] 0..N [org.springframework.web.reactive.protobuf.Msg]
14:08:20.095 [reactor-http-nio-8] DEBUG o.s.w.r.f.c.ExchangeFunctions - [1c31694b] Response 200 OK
14:08:20.139 [reactor-http-nio-8] DEBUG o.s.w.r.f.c.ExchangeFunctions - [1c31694b] Cancel signal (to close connection)
14:08:20.139 [reactor-http-nio-1] DEBUG o.s.w.s.a.HttpWebHandlerAdapter - [9d748f7f-30] Completed 200 OK
14:08:20.140 [Test worker] DEBUG o.s.w.t.h.s.r.b.ReactorHttpServer - Stopping ReactorHttpServer...
14:08:20.141 [Test worker] DEBUG o.s.w.t.h.s.r.b.ReactorHttpServer - Server stopped (0 millis).
14:08:20.200 [Test worker] DEBUG o.s.w.r.r.m.a.RequestMappingHandlerMapping - 5 mappings in 'requestMappingHandlerMapping'
14:08:20.230 [Test worker] DEBUG o.s.w.r.r.m.a.ControllerMethodResolver - ControllerAdvice beans: none
14:08:20.248 [Test worker] DEBUG o.s.w.s.a.HttpWebHandlerAdapter - enableLoggingRequestDetails='false': form data and headers will be masked to prevent unsafe logging of potentially sensitive data
14:08:20.248 [Test worker] DEBUG o.s.w.t.h.s.r.b.TomcatHttpServer - Starting TomcatHttpServer...
14:08:20.257 [Test worker] DEBUG o.s.w.t.h.s.r.b.TomcatHttpServer - Server started on port 61471(0 millis).
14:08:20.258 [Test worker] DEBUG o.s.w.r.f.c.ExchangeFunctions - [3d393a4b] HTTP GET http://localhost:61471/message-stream
14:08:20.266 [http-nio-auto-29-exec-1] DEBUG o.s.w.s.a.HttpWebHandlerAdapter - [63449dc5] HTTP GET "/message-stream"
14:08:20.267 [http-nio-auto-29-exec-1] DEBUG o.s.w.r.r.m.a.RequestMappingHandlerMapping - [63449dc5] Mapped to org.springframework.web.reactive.result.method.annotation.ProtobufIntegrationTests$ProtobufController#messageStream()
14:08:20.267 [http-nio-auto-29-exec-1] DEBUG o.s.w.r.r.m.a.ResponseBodyResultHandler - Using 'application/x-protobuf;delimited=true' given [*/*] and supported [application/x-protobuf;delimited=true]
14:08:20.268 [http-nio-auto-29-exec-1] DEBUG o.s.w.r.r.m.a.ResponseBodyResultHandler - [63449dc5] 0..N [org.springframework.web.reactive.protobuf.Msg]
14:08:20.321 [reactor-http-nio-2] DEBUG o.s.w.r.f.c.ExchangeFunctions - [3d393a4b] Response 200 OK
14:08:20.369 [reactor-http-nio-2] DEBUG o.s.w.r.f.c.ExchangeFunctions - [3d393a4b] Cancel signal (to close connection)
14:08:20.375 [Test worker] DEBUG o.s.w.t.h.s.r.b.TomcatHttpServer - Stopping TomcatHttpServer...
14:08:20.479 [http-nio-auto-29-exec-2] DEBUG o.s.w.s.DisconnectedClient - [63449dc5] Client went away: java.io.IOException: Broken pipe (stacktrace at TRACE level for 'org.springframework.web.server.DisconnectedClient')
14:08:20.481 [http-nio-auto-29-exec-2] DEBUG o.s.h.s.r.ServletHttpHandlerAdapter - [63449dc5] Error notification: java.io.IOException: Broken pipe
14:08:20.497 [Test worker] DEBUG o.s.w.t.h.s.r.b.TomcatHttpServer - Server stopped (0 millis).
14:08:20.545 [Test worker] DEBUG o.s.w.r.r.m.a.RequestMappingHandlerMapping - 5 mappings in 'requestMappingHandlerMapping'
14:08:20.567 [Test worker] DEBUG o.s.w.r.r.m.a.ControllerMethodResolver - ControllerAdvice beans: none
14:08:20.583 [Test worker] DEBUG o.s.w.s.a.HttpWebHandlerAdapter - enableLoggingRequestDetails='false': form data and headers will be masked to prevent unsafe logging of potentially sensitive data
14:08:20.583 [Test worker] DEBUG o.s.w.t.h.s.r.b.UndertowHttpServer - Starting UndertowHttpServer...
14:08:20.583 [Test worker] INFO  i.undertow - starting server: Undertow - 2.1.3.Final
14:08:20.587 [Test worker] DEBUG o.s.w.t.h.s.r.b.UndertowHttpServer - Server started on port 61478(0 millis).
14:08:20.589 [Test worker] DEBUG o.s.w.r.f.c.ExchangeFunctions - [1fab277f] HTTP GET http://localhost:61478/message-stream
14:08:20.593 [XNIO-28 I/O-4] DEBUG o.s.w.s.a.HttpWebHandlerAdapter - [5585845f] HTTP GET "/message-stream"
14:08:20.594 [XNIO-28 I/O-4] DEBUG o.s.w.r.r.m.a.RequestMappingHandlerMapping - [5585845f] Mapped to org.springframework.web.reactive.result.method.annotation.ProtobufIntegrationTests$ProtobufController#messageStream()
14:08:20.594 [XNIO-28 I/O-4] DEBUG o.s.w.r.r.m.a.ResponseBodyResultHandler - Using 'application/x-protobuf;delimited=true' given [*/*] and supported [application/x-protobuf;delimited=true]
14:08:20.594 [XNIO-28 I/O-4] DEBUG o.s.w.r.r.m.a.ResponseBodyResultHandler - [5585845f] 0..N [org.springframework.web.reactive.protobuf.Msg]
14:08:20.648 [reactor-http-nio-3] DEBUG o.s.w.r.f.c.ExchangeFunctions - [1fab277f] Response 200 OK
14:08:20.698 [reactor-http-nio-3] DEBUG o.s.w.r.f.c.ExchangeFunctions - [1fab277f] Cancel signal (to close connection)
14:08:20.698 [Test worker] DEBUG o.s.w.t.h.s.r.b.UndertowHttpServer - Stopping UndertowHttpServer...
14:08:20.698 [Test worker] INFO  i.undertow - stopping server: Undertow - 2.1.3.Final
14:08:20.699 [Test worker] DEBUG o.s.w.t.h.s.r.b.UndertowHttpServer - Server stopped (0 millis).
14:08:20.755 [Test worker] DEBUG o.s.w.r.r.m.a.RequestMappingHandlerMapping - 5 mappings in 'requestMappingHandlerMapping'
14:08:20.778 [Test worker] DEBUG o.s.w.r.r.m.a.ControllerMethodResolver - ControllerAdvice beans: none
14:08:20.794 [Test worker] DEBUG o.s.w.s.a.HttpWebHandlerAdapter - enableLoggingRequestDetails='false': form data and headers will be masked to prevent unsafe logging of potentially sensitive data
14:08:20.795 [Test worker] WARN  o.e.j.s.h.ContextHandler - Empty contextPath
14:08:20.795 [Test worker] INFO  o.e.j.s.h.ContextHandler - Started o.e.j.s.ServletContextHandler@6a65531d{/,null,AVAILABLE}
14:08:20.795 [Test worker] DEBUG o.s.w.t.h.s.r.b.JettyHttpServer - Starting JettyHttpServer...
14:08:20.795 [Test worker] INFO  o.e.j.s.Server - jetty-9.4.30.v20200611; built: 2020-06-11T12:34:51.929Z; git: 271836e4c1f4612f12b7bb13ef5a92a927634b0d; jvm 1.8.0_73-b02
14:08:20.798 [Test worker] INFO  o.e.j.s.AbstractConnector - Started ServerConnector@4fa2dcd8{HTTP/1.1, (http/1.1)}{0.0.0.0:61485}
14:08:20.798 [Test worker] INFO  o.e.j.s.Server - Started @100523ms
14:08:20.798 [Test worker] DEBUG o.s.w.t.h.s.r.b.JettyHttpServer - Server started on port 61485(0 millis).
14:08:20.799 [Test worker] DEBUG o.s.w.r.f.c.ExchangeFunctions - [4176bbcd] HTTP GET http://localhost:61485/empty
14:08:20.801 [qtp871765152-2036] DEBUG o.s.w.s.a.HttpWebHandlerAdapter - [60d1b55e] HTTP GET "/empty"
14:08:20.802 [qtp871765152-2036] DEBUG o.s.w.r.r.m.a.RequestMappingHandlerMapping - [60d1b55e] Mapped to org.springframework.web.reactive.result.method.annotation.ProtobufIntegrationTests$ProtobufController#empty()
14:08:20.813 [qtp871765152-2036] DEBUG o.s.w.r.r.m.a.ResponseBodyResultHandler - Using 'application/x-protobuf' given [*/*] and supported [application/x-protobuf, application/octet-stream, application/json, application/*+json, application/x-jackson-smile, application/*+x-jackson-smile, text/event-stream]
14:08:20.813 [qtp871765152-2036] DEBUG o.s.w.r.r.m.a.ResponseBodyResultHandler - [60d1b55e] 0..1 [org.springframework.web.reactive.protobuf.Msg]
14:08:20.814 [qtp871765152-2036] DEBUG o.s.w.s.a.HttpWebHandlerAdapter - [60d1b55e] Completed 200 OK
14:08:20.814 [reactor-http-nio-4] DEBUG o.s.w.r.f.c.ExchangeFunctions - [4176bbcd] Response 200 OK
14:08:20.815 [Test worker] DEBUG o.s.w.t.h.s.r.b.JettyHttpServer - Stopping JettyHttpServer...
14:08:20.815 [Test worker] INFO  o.e.j.s.h.ContextHandler - Stopped o.e.j.s.ServletContextHandler@6a65531d{/,null,UNAVAILABLE}
14:08:20.816 [Test worker] INFO  o.e.j.s.AbstractConnector - Stopped ServerConnector@4fa2dcd8{HTTP/1.1, (http/1.1)}{0.0.0.0:0}
14:08:20.816 [Test worker] DEBUG o.s.w.t.h.s.r.b.JettyHttpServer - Server stopped (0 millis).
14:08:20.862 [Test worker] DEBUG o.s.w.r.r.m.a.RequestMappingHandlerMapping - 5 mappings in 'requestMappingHandlerMapping'
14:08:20.878 [Test worker] DEBUG o.s.w.r.r.m.a.ControllerMethodResolver - ControllerAdvice beans: none
14:08:20.890 [Test worker] DEBUG o.s.w.s.a.HttpWebHandlerAdapter - enableLoggingRequestDetails='false': form data and headers will be masked to prevent unsafe logging of potentially sensitive data
14:08:20.890 [Test worker] DEBUG o.s.w.t.h.s.r.b.ReactorHttpServer - Starting ReactorHttpServer...
14:08:20.891 [Test worker] DEBUG o.s.w.t.h.s.r.b.ReactorHttpServer - Server started on port 61489(0 millis).
14:08:20.891 [Test worker] DEBUG o.s.w.r.f.c.ExchangeFunctions - [137a60aa] HTTP GET http://localhost:61489/empty
14:08:20.895 [reactor-http-nio-7] DEBUG o.s.w.s.a.HttpWebHandlerAdapter - [21ad677d-31] HTTP GET "/empty"
14:08:20.896 [reactor-http-nio-7] DEBUG o.s.w.r.r.m.a.RequestMappingHandlerMapping - [21ad677d-31] Mapped to org.springframework.web.reactive.result.method.annotation.ProtobufIntegrationTests$ProtobufController#empty()
14:08:20.905 [reactor-http-nio-7] DEBUG o.s.w.r.r.m.a.ResponseBodyResultHandler - Using 'application/x-protobuf' given [*/*] and supported [application/x-protobuf, application/octet-stream, application/json, application/*+json, application/x-jackson-smile, application/*+x-jackson-smile, text/event-stream]
14:08:20.905 [reactor-http-nio-7] DEBUG o.s.w.r.r.m.a.ResponseBodyResultHandler - [21ad677d-31] 0..1 [org.springframework.web.reactive.protobuf.Msg]
14:08:20.906 [reactor-http-nio-7] DEBUG o.s.w.s.a.HttpWebHandlerAdapter - [21ad677d-31] Completed 200 OK
14:08:20.906 [reactor-http-nio-6] DEBUG o.s.w.r.f.c.ExchangeFunctions - [137a60aa] Response 200 OK
14:08:20.907 [Test worker] DEBUG o.s.w.t.h.s.r.b.ReactorHttpServer - Stopping ReactorHttpServer...
14:08:20.907 [Test worker] DEBUG o.s.w.t.h.s.r.b.ReactorHttpServer - Server stopped (0 millis).
14:08:20.943 [Test worker] DEBUG o.s.w.r.r.m.a.RequestMappingHandlerMapping - 5 mappings in 'requestMappingHandlerMapping'
14:08:20.956 [Test worker] DEBUG o.s.w.r.r.m.a.ControllerMethodResolver - ControllerAdvice beans: none
14:08:20.969 [Test worker] DEBUG o.s.w.s.a.HttpWebHandlerAdapter - enableLoggingRequestDetails='false': form data and headers will be masked to prevent unsafe logging of potentially sensitive data
14:08:20.969 [Test worker] DEBUG o.s.w.t.h.s.r.b.TomcatHttpServer - Starting TomcatHttpServer...
14:08:20.977 [Test worker] DEBUG o.s.w.t.h.s.r.b.TomcatHttpServer - Server started on port 61493(0 millis).
14:08:20.978 [Test worker] DEBUG o.s.w.r.f.c.ExchangeFunctions - [4a28d485] HTTP GET http://localhost:61493/empty
14:08:20.985 [http-nio-auto-30-exec-1] DEBUG o.s.w.s.a.HttpWebHandlerAdapter - [47bb4a5c] HTTP GET "/empty"
14:08:20.985 [http-nio-auto-30-exec-1] DEBUG o.s.w.r.r.m.a.RequestMappingHandlerMapping - [47bb4a5c] Mapped to org.springframework.web.reactive.result.method.annotation.ProtobufIntegrationTests$ProtobufController#empty()
14:08:20.996 [http-nio-auto-30-exec-1] DEBUG o.s.w.r.r.m.a.ResponseBodyResultHandler - Using 'application/x-protobuf' given [*/*] and supported [application/x-protobuf, application/octet-stream, application/json, application/*+json, application/x-jackson-smile, application/*+x-jackson-smile, text/event-stream]
14:08:20.996 [http-nio-auto-30-exec-1] DEBUG o.s.w.r.r.m.a.ResponseBodyResultHandler - [47bb4a5c] 0..1 [org.springframework.web.reactive.protobuf.Msg]
14:08:20.996 [http-nio-auto-30-exec-1] DEBUG o.s.w.s.a.HttpWebHandlerAdapter - [47bb4a5c] Completed 200 OK
14:08:20.997 [reactor-http-nio-8] DEBUG o.s.w.r.f.c.ExchangeFunctions - [4a28d485] Response 200 OK
14:08:20.997 [Test worker] DEBUG o.s.w.t.h.s.r.b.TomcatHttpServer - Stopping TomcatHttpServer...
14:08:21.031 [Test worker] DEBUG o.s.w.t.h.s.r.b.TomcatHttpServer - Server stopped (0 millis).
14:08:21.084 [Test worker] DEBUG o.s.w.r.r.m.a.RequestMappingHandlerMapping - 5 mappings in 'requestMappingHandlerMapping'
14:08:21.098 [Test worker] DEBUG o.s.w.r.r.m.a.ControllerMethodResolver - ControllerAdvice beans: none
14:08:21.120 [Test worker] DEBUG o.s.w.s.a.HttpWebHandlerAdapter - enableLoggingRequestDetails='false': form data and headers will be masked to prevent unsafe logging of potentially sensitive data
14:08:21.120 [Test worker] DEBUG o.s.w.t.h.s.r.b.UndertowHttpServer - Starting UndertowHttpServer...
14:08:21.120 [Test worker] INFO  i.undertow - starting server: Undertow - 2.1.3.Final
14:08:21.129 [Test worker] DEBUG o.s.w.t.h.s.r.b.UndertowHttpServer - Server started on port 61500(0 millis).
14:08:21.130 [Test worker] DEBUG o.s.w.r.f.c.ExchangeFunctions - [17d9f1bc] HTTP GET http://localhost:61500/empty
14:08:21.135 [XNIO-29 I/O-6] DEBUG o.s.w.s.a.HttpWebHandlerAdapter - [64aa17a8] HTTP GET "/empty"
14:08:21.135 [XNIO-29 I/O-6] DEBUG o.s.w.r.r.m.a.RequestMappingHandlerMapping - [64aa17a8] Mapped to org.springframework.web.reactive.result.method.annotation.ProtobufIntegrationTests$ProtobufController#empty()
14:08:21.146 [XNIO-29 I/O-6] DEBUG o.s.w.r.r.m.a.ResponseBodyResultHandler - Using 'application/x-protobuf' given [*/*] and supported [application/x-protobuf, application/octet-stream, application/json, application/*+json, application/x-jackson-smile, application/*+x-jackson-smile, text/event-stream]
14:08:21.146 [XNIO-29 I/O-6] DEBUG o.s.w.r.r.m.a.ResponseBodyResultHandler - [64aa17a8] 0..1 [org.springframework.web.reactive.protobuf.Msg]
14:08:21.146 [XNIO-29 I/O-6] DEBUG o.s.w.s.a.HttpWebHandlerAdapter - [64aa17a8] Completed 200 OK
14:08:21.147 [reactor-http-nio-1] DEBUG o.s.w.r.f.c.ExchangeFunctions - [17d9f1bc] Response 200 OK
14:08:21.147 [Test worker] DEBUG o.s.w.t.h.s.r.b.UndertowHttpServer - Stopping UndertowHttpServer...
14:08:21.147 [Test worker] INFO  i.undertow - stopping server: Undertow - 2.1.3.Final
14:08:21.149 [Test worker] DEBUG o.s.w.t.h.s.r.b.UndertowHttpServer - Server stopped (0 millis).
14:08:21.183 [Test worker] DEBUG o.s.w.r.r.m.a.RequestMappingHandlerMapping - 5 mappings in 'requestMappingHandlerMapping'
14:08:21.199 [Test worker] DEBUG o.s.w.r.r.m.a.ControllerMethodResolver - ControllerAdvice beans: none
14:08:21.240 [Test worker] DEBUG o.s.w.s.a.HttpWebHandlerAdapter - enableLoggingRequestDetails='false': form data and headers will be masked to prevent unsafe logging of potentially sensitive data
14:08:21.240 [Test worker] WARN  o.e.j.s.h.ContextHandler - Empty contextPath
14:08:21.241 [Test worker] INFO  o.e.j.s.h.ContextHandler - Started o.e.j.s.ServletContextHandler@25c94321{/,null,AVAILABLE}
14:08:21.242 [Test worker] DEBUG o.s.w.t.h.s.r.b.JettyHttpServer - Starting JettyHttpServer...
14:08:21.242 [Test worker] INFO  o.e.j.s.Server - jetty-9.4.30.v20200611; built: 2020-06-11T12:34:51.929Z; git: 271836e4c1f4612f12b7bb13ef5a92a927634b0d; jvm 1.8.0_73-b02
14:08:21.246 [Test worker] INFO  o.e.j.s.AbstractConnector - Started ServerConnector@36c3e53a{HTTP/1.1, (http/1.1)}{0.0.0.0:61505}
14:08:21.246 [Test worker] INFO  o.e.j.s.Server - Started @100971ms
14:08:21.247 [Test worker] DEBUG o.s.w.t.h.s.r.b.JettyHttpServer - Server started on port 61505(0 millis).
14:08:21.250 [Test worker] DEBUG o.s.w.r.f.c.ExchangeFunctions - [6457c589] HTTP GET http://localhost:61505/message
14:08:21.253 [qtp1771391871-2069] DEBUG o.s.w.s.a.HttpWebHandlerAdapter - [5c95e2ff] HTTP GET "/message"
14:08:21.253 [qtp1771391871-2069] DEBUG o.s.w.r.r.m.a.RequestMappingHandlerMapping - [5c95e2ff] Mapped to org.springframework.web.reactive.result.method.annotation.ProtobufIntegrationTests$ProtobufController#message()
14:08:21.264 [qtp1771391871-2069] DEBUG o.s.w.r.r.m.a.ResponseBodyResultHandler - Using 'application/x-protobuf' given [*/*] and supported [application/x-protobuf, application/octet-stream, application/json, application/*+json, application/x-jackson-smile, application/*+x-jackson-smile, text/event-stream]
14:08:21.264 [qtp1771391871-2069] DEBUG o.s.w.r.r.m.a.ResponseBodyResultHandler - [5c95e2ff] 0..1 [org.springframework.web.reactive.protobuf.Msg]
14:08:21.265 [qtp1771391871-2069] DEBUG o.s.w.s.a.HttpWebHandlerAdapter - [5c95e2ff] Completed 200 OK
14:08:21.265 [reactor-http-nio-2] DEBUG o.s.w.r.f.c.ExchangeFunctions - [6457c589] Response 200 OK
14:08:21.266 [Test worker] DEBUG o.s.w.t.h.s.r.b.JettyHttpServer - Stopping JettyHttpServer...
14:08:21.266 [Test worker] INFO  o.e.j.s.h.ContextHandler - Stopped o.e.j.s.ServletContextHandler@25c94321{/,null,UNAVAILABLE}
14:08:21.268 [Test worker] INFO  o.e.j.s.AbstractConnector - Stopped ServerConnector@36c3e53a{HTTP/1.1, (http/1.1)}{0.0.0.0:0}
14:08:21.283 [Test worker] DEBUG o.s.w.t.h.s.r.b.JettyHttpServer - Server stopped (0 millis).
14:08:21.364 [Test worker] DEBUG o.s.w.r.r.m.a.RequestMappingHandlerMapping - 5 mappings in 'requestMappingHandlerMapping'
14:08:21.392 [Test worker] DEBUG o.s.w.r.r.m.a.ControllerMethodResolver - ControllerAdvice beans: none
14:08:21.441 [Test worker] DEBUG o.s.w.s.a.HttpWebHandlerAdapter - enableLoggingRequestDetails='false': form data and headers will be masked to prevent unsafe logging of potentially sensitive data
14:08:21.441 [Test worker] DEBUG o.s.w.t.h.s.r.b.ReactorHttpServer - Starting ReactorHttpServer...
14:08:21.442 [Test worker] DEBUG o.s.w.t.h.s.r.b.ReactorHttpServer - Server started on port 61509(0 millis).
14:08:21.443 [Test worker] DEBUG o.s.w.r.f.c.ExchangeFunctions - [242465af] HTTP GET http://localhost:61509/message
14:08:21.448 [reactor-http-nio-5] DEBUG o.s.w.s.a.HttpWebHandlerAdapter - [3752ea38-32] HTTP GET "/message"
14:08:21.448 [reactor-http-nio-5] DEBUG o.s.w.r.r.m.a.RequestMappingHandlerMapping - [3752ea38-32] Mapped to org.springframework.web.reactive.result.method.annotation.ProtobufIntegrationTests$ProtobufController#message()
14:08:21.460 [reactor-http-nio-5] DEBUG o.s.w.r.r.m.a.ResponseBodyResultHandler - Using 'application/x-protobuf' given [*/*] and supported [application/x-protobuf, application/octet-stream, application/json, application/*+json, application/x-jackson-smile, application/*+x-jackson-smile, text/event-stream]
14:08:21.460 [reactor-http-nio-5] DEBUG o.s.w.r.r.m.a.ResponseBodyResultHandler - [3752ea38-32] 0..1 [org.springframework.web.reactive.protobuf.Msg]
14:08:21.462 [reactor-http-nio-5] DEBUG o.s.w.s.a.HttpWebHandlerAdapter - [3752ea38-32] Completed 200 OK
14:08:21.462 [reactor-http-nio-4] DEBUG o.s.w.r.f.c.ExchangeFunctions - [242465af] Response 200 OK
14:08:21.463 [Test worker] DEBUG o.s.w.t.h.s.r.b.ReactorHttpServer - Stopping ReactorHttpServer...
14:08:21.464 [Test worker] DEBUG o.s.w.t.h.s.r.b.ReactorHttpServer - Server stopped (0 millis).
14:08:21.506 [Test worker] DEBUG o.s.w.r.r.m.a.RequestMappingHandlerMapping - 5 mappings in 'requestMappingHandlerMapping'
14:08:21.527 [Test worker] DEBUG o.s.w.r.r.m.a.ControllerMethodResolver - ControllerAdvice beans: none
14:08:21.546 [Test worker] DEBUG o.s.w.s.a.HttpWebHandlerAdapter - enableLoggingRequestDetails='false': form data and headers will be masked to prevent unsafe logging of potentially sensitive data
14:08:21.546 [Test worker] DEBUG o.s.w.t.h.s.r.b.TomcatHttpServer - Starting TomcatHttpServer...
14:08:21.554 [Test worker] DEBUG o.s.w.t.h.s.r.b.TomcatHttpServer - Server started on port 61513(0 millis).
14:08:21.554 [Test worker] DEBUG o.s.w.r.f.c.ExchangeFunctions - [26f2d4] HTTP GET http://localhost:61513/message
14:08:21.561 [http-nio-auto-31-exec-1] DEBUG o.s.w.s.a.HttpWebHandlerAdapter - [1987149d] HTTP GET "/message"
14:08:21.562 [http-nio-auto-31-exec-1] DEBUG o.s.w.r.r.m.a.RequestMappingHandlerMapping - [1987149d] Mapped to org.springframework.web.reactive.result.method.annotation.ProtobufIntegrationTests$ProtobufController#message()
14:08:21.573 [http-nio-auto-31-exec-1] DEBUG o.s.w.r.r.m.a.ResponseBodyResultHandler - Using 'application/x-protobuf' given [*/*] and supported [application/x-protobuf, application/octet-stream, application/json, application/*+json, application/x-jackson-smile, application/*+x-jackson-smile, text/event-stream]
14:08:21.573 [http-nio-auto-31-exec-1] DEBUG o.s.w.r.r.m.a.ResponseBodyResultHandler - [1987149d] 0..1 [org.springframework.web.reactive.protobuf.Msg]
14:08:21.574 [http-nio-auto-31-exec-1] DEBUG o.s.w.s.a.HttpWebHandlerAdapter - [1987149d] Completed 200 OK
14:08:21.574 [reactor-http-nio-6] DEBUG o.s.w.r.f.c.ExchangeFunctions - [26f2d4] Response 200 OK
14:08:21.575 [Test worker] DEBUG o.s.w.t.h.s.r.b.TomcatHttpServer - Stopping TomcatHttpServer...
14:08:21.592 [Test worker] DEBUG o.s.w.t.h.s.r.b.TomcatHttpServer - Server stopped (0 millis).
14:08:21.630 [Test worker] DEBUG o.s.w.r.r.m.a.RequestMappingHandlerMapping - 5 mappings in 'requestMappingHandlerMapping'
14:08:21.647 [Test worker] DEBUG o.s.w.r.r.m.a.ControllerMethodResolver - ControllerAdvice beans: none
14:08:21.659 [Test worker] DEBUG o.s.w.s.a.HttpWebHandlerAdapter - enableLoggingRequestDetails='false': form data and headers will be masked to prevent unsafe logging of potentially sensitive data
14:08:21.659 [Test worker] DEBUG o.s.w.t.h.s.r.b.UndertowHttpServer - Starting UndertowHttpServer...
14:08:21.659 [Test worker] INFO  i.undertow - starting server: Undertow - 2.1.3.Final
14:08:21.662 [Test worker] DEBUG o.s.w.t.h.s.r.b.UndertowHttpServer - Server started on port 61519(0 millis).
14:08:21.663 [Test worker] DEBUG o.s.w.r.f.c.ExchangeFunctions - [d937b2d] HTTP GET http://localhost:61519/message
14:08:21.667 [XNIO-30 I/O-7] DEBUG o.s.w.s.a.HttpWebHandlerAdapter - [4b99315c] HTTP GET "/message"
14:08:21.667 [XNIO-30 I/O-7] DEBUG o.s.w.r.r.m.a.RequestMappingHandlerMapping - [4b99315c] Mapped to org.springframework.web.reactive.result.method.annotation.ProtobufIntegrationTests$ProtobufController#message()
14:08:21.678 [XNIO-30 I/O-7] DEBUG o.s.w.r.r.m.a.ResponseBodyResultHandler - Using 'application/x-protobuf' given [*/*] and supported [application/x-protobuf, application/octet-stream, application/json, application/*+json, application/x-jackson-smile, application/*+x-jackson-smile, text/event-stream]
14:08:21.678 [XNIO-30 I/O-7] DEBUG o.s.w.r.r.m.a.ResponseBodyResultHandler - [4b99315c] 0..1 [org.springframework.web.reactive.protobuf.Msg]
14:08:21.679 [XNIO-30 I/O-7] DEBUG o.s.w.s.a.HttpWebHandlerAdapter - [4b99315c] Completed 200 OK
14:08:21.679 [reactor-http-nio-7] DEBUG o.s.w.r.f.c.ExchangeFunctions - [d937b2d] Response 200 OK
14:08:21.680 [Test worker] DEBUG o.s.w.t.h.s.r.b.UndertowHttpServer - Stopping UndertowHttpServer...
14:08:21.680 [Test worker] INFO  i.undertow - stopping server: Undertow - 2.1.3.Final
14:08:21.681 [Test worker] DEBUG o.s.w.t.h.s.r.b.UndertowHttpServer - Server stopped (0 millis).
]]></system-out>
  <system-err><![CDATA[]]></system-err>
</testsuite>
