<?xml version="1.0" encoding="UTF-8"?>
<testsuite name="org.springframework.web.reactive.result.view.script.ScriptTemplateViewTests" tests="14" skipped="0" failures="0" errors="0" timestamp="2020-06-22T06:08:59" hostname="aiguoxindeMacBook-Pro.local" time="0.818">
  <properties/>
  <testcase name="detectScriptTemplateConfigWithEngineName()" classname="org.springframework.web.reactive.result.view.script.ScriptTemplateViewTests" time="0.592"/>
  <testcase name="nonInvocableScriptEngineWithRenderFunction()" classname="org.springframework.web.reactive.result.view.script.ScriptTemplateViewTests" time="0.027"/>
  <testcase name="engineAndEngineNameBothDefined()" classname="org.springframework.web.reactive.result.view.script.ScriptTemplateViewTests" time="0.041"/>
  <testcase name="nonSharedEngine()" classname="org.springframework.web.reactive.result.view.script.ScriptTemplateViewTests" time="0.132"/>
  <testcase name="missingTemplate()" classname="org.springframework.web.reactive.result.view.script.ScriptTemplateViewTests" time="0.011"/>
  <testcase name="engineSupplierWithNonSharedEngine()" classname="org.springframework.web.reactive.result.view.script.ScriptTemplateViewTests" time="0.005"/>
  <testcase name="engineNameAndEngineSupplierBothDefined()" classname="org.springframework.web.reactive.result.view.script.ScriptTemplateViewTests" time="0.001"/>
  <testcase name="missingScriptTemplateConfig()" classname="org.springframework.web.reactive.result.view.script.ScriptTemplateViewTests" time="0.002"/>
  <testcase name="engineSetterAndNonSharedEngine()" classname="org.springframework.web.reactive.result.view.script.ScriptTemplateViewTests" time="0.001"/>
  <testcase name="customEngineAndRenderFunction()" classname="org.springframework.web.reactive.result.view.script.ScriptTemplateViewTests" time="0.001"/>
  <testcase name="engineSupplierWithSharedEngine()" classname="org.springframework.web.reactive.result.view.script.ScriptTemplateViewTests" time="0.001"/>
  <testcase name="engineAndEngineSupplierBothDefined()" classname="org.springframework.web.reactive.result.view.script.ScriptTemplateViewTests" time="0.001"/>
  <testcase name="nonInvocableScriptEngine()" classname="org.springframework.web.reactive.result.view.script.ScriptTemplateViewTests" time="0.0"/>
  <testcase name="detectScriptTemplateConfigWithEngine()" classname="org.springframework.web.reactive.result.view.script.ScriptTemplateViewTests" time="0.0"/>
  <system-out><![CDATA[]]></system-out>
  <system-err><![CDATA[]]></system-err>
</testsuite>
