<?xml version="1.0" encoding="UTF-8"?>
<testsuite name="org.springframework.web.reactive.result.method.annotation.PrincipalMethodArgumentResolverTests" tests="2" skipped="0" failures="0" errors="0" timestamp="2020-06-22T06:07:38" hostname="aiguoxindeMacBook-Pro.local" time="0.022">
  <properties/>
  <testcase name="resolverArgument()" classname="org.springframework.web.reactive.result.method.annotation.PrincipalMethodArgumentResolverTests" time="0.02"/>
  <testcase name="supportsParameter()" classname="org.springframework.web.reactive.result.method.annotation.PrincipalMethodArgumentResolverTests" time="0.001"/>
  <system-out><![CDATA[]]></system-out>
  <system-err><![CDATA[]]></system-err>
</testsuite>
