<?xml version="1.0" encoding="UTF-8"?>
<testsuite name="org.springframework.web.reactive.result.method.annotation.JacksonHintsIntegrationTests" tests="36" skipped="0" failures="0" errors="0" timestamp="2020-06-22T06:07:10" hostname="aiguoxindeMacBook-Pro.local" time="27.726">
  <properties/>
  <testcase name="jsonViewWithEntityMonoRequest(HttpServer)[1]" classname="org.springframework.web.reactive.result.method.annotation.JacksonHintsIntegrationTests" time="7.908"/>
  <testcase name="jsonViewWithEntityMonoRequest(HttpServer)[2]" classname="org.springframework.web.reactive.result.method.annotation.JacksonHintsIntegrationTests" time="2.545"/>
  <testcase name="jsonViewWithEntityMonoRequest(HttpServer)[3]" classname="org.springframework.web.reactive.result.method.annotation.JacksonHintsIntegrationTests" time="2.422"/>
  <testcase name="jsonViewWithEntityMonoRequest(HttpServer)[4]" classname="org.springframework.web.reactive.result.method.annotation.JacksonHintsIntegrationTests" time="0.917"/>
  <testcase name="jsonViewWithRequest(HttpServer)[1]" classname="org.springframework.web.reactive.result.method.annotation.JacksonHintsIntegrationTests" time="0.326"/>
  <testcase name="jsonViewWithRequest(HttpServer)[2]" classname="org.springframework.web.reactive.result.method.annotation.JacksonHintsIntegrationTests" time="0.393"/>
  <testcase name="jsonViewWithRequest(HttpServer)[3]" classname="org.springframework.web.reactive.result.method.annotation.JacksonHintsIntegrationTests" time="0.361"/>
  <testcase name="jsonViewWithRequest(HttpServer)[4]" classname="org.springframework.web.reactive.result.method.annotation.JacksonHintsIntegrationTests" time="0.395"/>
  <testcase name="jsonViewWithMonoResponseEntity(HttpServer)[1]" classname="org.springframework.web.reactive.result.method.annotation.JacksonHintsIntegrationTests" time="0.355"/>
  <testcase name="jsonViewWithMonoResponseEntity(HttpServer)[2]" classname="org.springframework.web.reactive.result.method.annotation.JacksonHintsIntegrationTests" time="0.3"/>
  <testcase name="jsonViewWithMonoResponseEntity(HttpServer)[3]" classname="org.springframework.web.reactive.result.method.annotation.JacksonHintsIntegrationTests" time="0.431"/>
  <testcase name="jsonViewWithMonoResponseEntity(HttpServer)[4]" classname="org.springframework.web.reactive.result.method.annotation.JacksonHintsIntegrationTests" time="0.49"/>
  <testcase name="jsonViewWithFluxRequest(HttpServer)[1]" classname="org.springframework.web.reactive.result.method.annotation.JacksonHintsIntegrationTests" time="0.431"/>
  <testcase name="jsonViewWithFluxRequest(HttpServer)[2]" classname="org.springframework.web.reactive.result.method.annotation.JacksonHintsIntegrationTests" time="0.331"/>
  <testcase name="jsonViewWithFluxRequest(HttpServer)[3]" classname="org.springframework.web.reactive.result.method.annotation.JacksonHintsIntegrationTests" time="0.358"/>
  <testcase name="jsonViewWithFluxRequest(HttpServer)[4]" classname="org.springframework.web.reactive.result.method.annotation.JacksonHintsIntegrationTests" time="0.599"/>
  <testcase name="jsonViewWithMonoRequest(HttpServer)[1]" classname="org.springframework.web.reactive.result.method.annotation.JacksonHintsIntegrationTests" time="0.506"/>
  <testcase name="jsonViewWithMonoRequest(HttpServer)[2]" classname="org.springframework.web.reactive.result.method.annotation.JacksonHintsIntegrationTests" time="0.631"/>
  <testcase name="jsonViewWithMonoRequest(HttpServer)[3]" classname="org.springframework.web.reactive.result.method.annotation.JacksonHintsIntegrationTests" time="0.564"/>
  <testcase name="jsonViewWithMonoRequest(HttpServer)[4]" classname="org.springframework.web.reactive.result.method.annotation.JacksonHintsIntegrationTests" time="0.727"/>
  <testcase name="jsonViewResponse(HttpServer)[1]" classname="org.springframework.web.reactive.result.method.annotation.JacksonHintsIntegrationTests" time="0.582"/>
  <testcase name="jsonViewResponse(HttpServer)[2]" classname="org.springframework.web.reactive.result.method.annotation.JacksonHintsIntegrationTests" time="0.333"/>
  <testcase name="jsonViewResponse(HttpServer)[3]" classname="org.springframework.web.reactive.result.method.annotation.JacksonHintsIntegrationTests" time="0.398"/>
  <testcase name="jsonViewResponse(HttpServer)[4]" classname="org.springframework.web.reactive.result.method.annotation.JacksonHintsIntegrationTests" time="0.273"/>
  <testcase name="jsonViewWithFluxResponse(HttpServer)[1]" classname="org.springframework.web.reactive.result.method.annotation.JacksonHintsIntegrationTests" time="0.323"/>
  <testcase name="jsonViewWithFluxResponse(HttpServer)[2]" classname="org.springframework.web.reactive.result.method.annotation.JacksonHintsIntegrationTests" time="0.273"/>
  <testcase name="jsonViewWithFluxResponse(HttpServer)[3]" classname="org.springframework.web.reactive.result.method.annotation.JacksonHintsIntegrationTests" time="0.29"/>
  <testcase name="jsonViewWithFluxResponse(HttpServer)[4]" classname="org.springframework.web.reactive.result.method.annotation.JacksonHintsIntegrationTests" time="0.24"/>
  <testcase name="jsonViewWithEntityFluxRequest(HttpServer)[1]" classname="org.springframework.web.reactive.result.method.annotation.JacksonHintsIntegrationTests" time="0.267"/>
  <testcase name="jsonViewWithEntityFluxRequest(HttpServer)[2]" classname="org.springframework.web.reactive.result.method.annotation.JacksonHintsIntegrationTests" time="0.295"/>
  <testcase name="jsonViewWithEntityFluxRequest(HttpServer)[3]" classname="org.springframework.web.reactive.result.method.annotation.JacksonHintsIntegrationTests" time="0.3"/>
  <testcase name="jsonViewWithEntityFluxRequest(HttpServer)[4]" classname="org.springframework.web.reactive.result.method.annotation.JacksonHintsIntegrationTests" time="0.35"/>
  <testcase name="jsonViewWithMonoResponse(HttpServer)[1]" classname="org.springframework.web.reactive.result.method.annotation.JacksonHintsIntegrationTests" time="0.253"/>
  <testcase name="jsonViewWithMonoResponse(HttpServer)[2]" classname="org.springframework.web.reactive.result.method.annotation.JacksonHintsIntegrationTests" time="0.251"/>
  <testcase name="jsonViewWithMonoResponse(HttpServer)[3]" classname="org.springframework.web.reactive.result.method.annotation.JacksonHintsIntegrationTests" time="0.287"/>
  <testcase name="jsonViewWithMonoResponse(HttpServer)[4]" classname="org.springframework.web.reactive.result.method.annotation.JacksonHintsIntegrationTests" time="0.336"/>
  <system-out><![CDATA[14:07:10.386 [Test worker] DEBUG o.s.w.r.r.m.a.RequestMappingHandlerMapping - 9 mappings in 'requestMappingHandlerMapping'
14:07:10.764 [Test worker] INFO  o.h.v.i.u.Version - HV000001: Hibernate Validator 6.1.5.Final
14:07:11.577 [Test worker] DEBUG o.s.w.r.r.m.a.ControllerMethodResolver - ControllerAdvice beans: none
14:07:11.624 [Test worker] DEBUG o.s.w.s.a.HttpWebHandlerAdapter - enableLoggingRequestDetails='false': form data and headers will be masked to prevent unsafe logging of potentially sensitive data
14:07:11.683 [Test worker] INFO  o.e.j.u.log - Logging initialized @31399ms to org.eclipse.jetty.util.log.Slf4jLog
14:07:11.768 [Test worker] WARN  o.e.j.s.h.ContextHandler - Empty contextPath
14:07:11.860 [Test worker] INFO  o.e.j.s.h.ContextHandler - Started o.e.j.s.ServletContextHandler@629156ce{/,null,AVAILABLE}
14:07:11.923 [Test worker] DEBUG o.s.w.t.h.s.r.b.JettyHttpServer - Starting JettyHttpServer...
14:07:11.951 [Test worker] INFO  o.e.j.s.Server - jetty-9.4.30.v20200611; built: 2020-06-11T12:34:51.929Z; git: 271836e4c1f4612f12b7bb13ef5a92a927634b0d; jvm 1.8.0_73-b02
14:07:12.055 [Test worker] INFO  o.e.j.s.AbstractConnector - Started ServerConnector@76500fdd{HTTP/1.1, (http/1.1)}{0.0.0.0:60064}
14:07:12.056 [Test worker] INFO  o.e.j.s.Server - Started @31775ms
14:07:12.056 [Test worker] DEBUG o.s.w.t.h.s.r.b.JettyHttpServer - Server started on port 60064(0 millis).
14:07:12.073 [Test worker] DEBUG o.s.w.c.RestTemplate - HTTP POST http://localhost:60064/request/entity/mono
14:07:12.076 [Test worker] DEBUG o.s.w.c.RestTemplate - Accept=[text/plain, application/json, application/x-jackson-smile, application/*+json, */*]
14:07:12.463 [Test worker] DEBUG o.s.w.c.RestTemplate - Writing [org.springframework.web.reactive.result.method.annotation.JacksonHintsIntegrationTests$JacksonViewBean@74ac8ff4] as "application/json"
14:07:17.617 [qtp2055082620-107] DEBUG o.s.w.s.a.HttpWebHandlerAdapter - [222f0e7e] HTTP POST "/request/entity/mono"
14:07:17.622 [qtp2055082620-107] DEBUG o.s.w.r.r.m.a.RequestMappingHandlerMapping - [222f0e7e] Mapped to org.springframework.web.reactive.result.method.annotation.JacksonHintsIntegrationTests$JsonViewRestController#entityMonoRequest(HttpEntity)
14:07:17.641 [qtp2055082620-107] DEBUG o.s.w.r.r.m.a.HttpEntityMethodArgumentResolver - [222f0e7e] Content-Type:application/json
14:07:17.678 [qtp2055082620-107] DEBUG o.s.w.r.r.m.a.HttpEntityMethodArgumentResolver - [222f0e7e] 0..1 [org.springframework.web.reactive.result.method.annotation.JacksonHintsIntegrationTests$JacksonViewBean]
14:07:17.689 [qtp2055082620-107] DEBUG o.s.w.r.r.m.a.ResponseBodyResultHandler - Using 'application/json' given [application/json] and supported [application/json, application/*+json, application/x-jackson-smile, application/*+x-jackson-smile, text/event-stream]
14:07:17.690 [qtp2055082620-107] DEBUG o.s.w.r.r.m.a.ResponseBodyResultHandler - [222f0e7e] 0..1 [org.springframework.web.reactive.result.method.annotation.JacksonHintsIntegrationTests$JacksonViewBean]
14:07:17.695 [qtp2055082620-107] DEBUG o.s.h.c.j.Jackson2JsonDecoder - [222f0e7e] Decoded [org.springframework.web.reactive.result.method.annotation.JacksonHintsIntegrationTests$JacksonViewBe (truncated)...]
14:07:17.696 [qtp2055082620-107] DEBUG o.s.h.c.j.Jackson2JsonEncoder - [222f0e7e] Encoding [org.springframework.web.reactive.result.method.annotation.JacksonHintsIntegrationTests$JacksonViewBe (truncated)...]
14:07:17.892 [Test worker] DEBUG o.s.w.c.RestTemplate - Response 200 OK
14:07:17.893 [Test worker] DEBUG o.s.w.c.RestTemplate - Reading to [java.lang.String] as "application/json"
14:07:17.898 [Test worker] DEBUG o.s.w.t.h.s.r.b.JettyHttpServer - Stopping JettyHttpServer...
14:07:17.901 [Test worker] INFO  o.e.j.s.h.ContextHandler - Stopped o.e.j.s.ServletContextHandler@629156ce{/,null,UNAVAILABLE}
14:07:17.900 [qtp2055082620-107] DEBUG o.s.w.s.a.HttpWebHandlerAdapter - [222f0e7e] Completed 200 OK
14:07:17.911 [Test worker] INFO  o.e.j.s.AbstractConnector - Stopped ServerConnector@76500fdd{HTTP/1.1, (http/1.1)}{0.0.0.0:0}
14:07:17.922 [Test worker] DEBUG o.s.w.t.h.s.r.b.JettyHttpServer - Server stopped (0 millis).
14:07:18.111 [Test worker] DEBUG o.s.w.r.r.m.a.RequestMappingHandlerMapping - 9 mappings in 'requestMappingHandlerMapping'
14:07:18.193 [Test worker] DEBUG o.s.w.r.r.m.a.ControllerMethodResolver - ControllerAdvice beans: none
14:07:18.298 [Test worker] DEBUG o.s.w.s.a.HttpWebHandlerAdapter - enableLoggingRequestDetails='false': form data and headers will be masked to prevent unsafe logging of potentially sensitive data
14:07:18.874 [Test worker] DEBUG o.s.w.t.h.s.r.b.ReactorHttpServer - Starting ReactorHttpServer...
14:07:19.864 [Test worker] DEBUG o.s.w.t.h.s.r.b.ReactorHttpServer - Server started on port 60313(0 millis).
14:07:19.866 [Test worker] DEBUG o.s.w.c.RestTemplate - HTTP POST http://localhost:60313/request/entity/mono
14:07:19.866 [Test worker] DEBUG o.s.w.c.RestTemplate - Accept=[text/plain, application/json, application/x-jackson-smile, application/*+json, */*]
14:07:19.871 [Test worker] DEBUG o.s.w.c.RestTemplate - Writing [org.springframework.web.reactive.result.method.annotation.JacksonHintsIntegrationTests$JacksonViewBean@50eb73b1] as "application/json"
14:07:20.380 [reactor-http-nio-2] DEBUG o.s.w.s.a.HttpWebHandlerAdapter - [ae106245-1] HTTP POST "/request/entity/mono"
14:07:20.382 [reactor-http-nio-2] DEBUG o.s.w.r.r.m.a.RequestMappingHandlerMapping - [ae106245-1] Mapped to org.springframework.web.reactive.result.method.annotation.JacksonHintsIntegrationTests$JsonViewRestController#entityMonoRequest(HttpEntity)
14:07:20.385 [reactor-http-nio-2] DEBUG o.s.w.r.r.m.a.HttpEntityMethodArgumentResolver - [ae106245-1] Content-Type:application/json
14:07:20.387 [reactor-http-nio-2] DEBUG o.s.w.r.r.m.a.HttpEntityMethodArgumentResolver - [ae106245-1] 0..1 [org.springframework.web.reactive.result.method.annotation.JacksonHintsIntegrationTests$JacksonViewBean]
14:07:20.393 [reactor-http-nio-2] DEBUG o.s.w.r.r.m.a.ResponseBodyResultHandler - Using 'application/json' given [application/json] and supported [application/json, application/*+json, application/x-jackson-smile, application/*+x-jackson-smile, text/event-stream]
14:07:20.393 [reactor-http-nio-2] DEBUG o.s.w.r.r.m.a.ResponseBodyResultHandler - [ae106245-1] 0..1 [org.springframework.web.reactive.result.method.annotation.JacksonHintsIntegrationTests$JacksonViewBean]
14:07:20.427 [reactor-http-nio-2] DEBUG o.s.h.c.j.Jackson2JsonDecoder - [ae106245-1] Decoded [org.springframework.web.reactive.result.method.annotation.JacksonHintsIntegrationTests$JacksonViewBe (truncated)...]
14:07:20.456 [reactor-http-nio-2] DEBUG o.s.h.c.j.Jackson2JsonEncoder - [ae106245-1] Encoding [org.springframework.web.reactive.result.method.annotation.JacksonHintsIntegrationTests$JacksonViewBe (truncated)...]
14:07:20.515 [Test worker] DEBUG o.s.w.c.RestTemplate - Response 200 OK
14:07:20.516 [Test worker] DEBUG o.s.w.c.RestTemplate - Reading to [java.lang.String] as "application/json"
14:07:20.516 [Test worker] DEBUG o.s.w.t.h.s.r.b.ReactorHttpServer - Stopping ReactorHttpServer...
14:07:20.518 [Test worker] DEBUG o.s.w.t.h.s.r.b.ReactorHttpServer - Server stopped (0 millis).
14:07:20.518 [reactor-http-nio-2] DEBUG o.s.w.s.a.HttpWebHandlerAdapter - [ae106245-1] Completed 200 OK
14:07:20.616 [Test worker] DEBUG o.s.w.r.r.m.a.RequestMappingHandlerMapping - 9 mappings in 'requestMappingHandlerMapping'
14:07:20.692 [Test worker] DEBUG o.s.w.r.r.m.a.ControllerMethodResolver - ControllerAdvice beans: none
14:07:20.772 [Test worker] DEBUG o.s.w.s.a.HttpWebHandlerAdapter - enableLoggingRequestDetails='false': form data and headers will be masked to prevent unsafe logging of potentially sensitive data
14:07:21.171 [Test worker] DEBUG o.s.w.t.h.s.r.b.TomcatHttpServer - Starting TomcatHttpServer...
14:07:22.807 [Test worker] DEBUG o.s.w.t.h.s.r.b.TomcatHttpServer - Server started on port 60477(0 millis).
14:07:22.808 [Test worker] DEBUG o.s.w.c.RestTemplate - HTTP POST http://localhost:60477/request/entity/mono
14:07:22.808 [Test worker] DEBUG o.s.w.c.RestTemplate - Accept=[text/plain, application/json, application/x-jackson-smile, application/*+json, */*]
14:07:22.809 [Test worker] DEBUG o.s.w.c.RestTemplate - Writing [org.springframework.web.reactive.result.method.annotation.JacksonHintsIntegrationTests$JacksonViewBean@5260938d] as "application/json"
14:07:22.916 [http-nio-auto-1-exec-1] DEBUG o.s.w.s.a.HttpWebHandlerAdapter - [59153b8b] HTTP POST "/request/entity/mono"
14:07:22.916 [http-nio-auto-1-exec-1] DEBUG o.s.w.r.r.m.a.RequestMappingHandlerMapping - [59153b8b] Mapped to org.springframework.web.reactive.result.method.annotation.JacksonHintsIntegrationTests$JsonViewRestController#entityMonoRequest(HttpEntity)
14:07:22.920 [http-nio-auto-1-exec-1] DEBUG o.s.w.r.r.m.a.HttpEntityMethodArgumentResolver - [59153b8b] Content-Type:application/json
14:07:22.921 [http-nio-auto-1-exec-1] DEBUG o.s.w.r.r.m.a.HttpEntityMethodArgumentResolver - [59153b8b] 0..1 [org.springframework.web.reactive.result.method.annotation.JacksonHintsIntegrationTests$JacksonViewBean]
14:07:22.923 [http-nio-auto-1-exec-1] DEBUG o.s.w.r.r.m.a.ResponseBodyResultHandler - Using 'application/json' given [application/json] and supported [application/json, application/*+json, application/x-jackson-smile, application/*+x-jackson-smile, text/event-stream]
14:07:22.923 [http-nio-auto-1-exec-1] DEBUG o.s.w.r.r.m.a.ResponseBodyResultHandler - [59153b8b] 0..1 [org.springframework.web.reactive.result.method.annotation.JacksonHintsIntegrationTests$JacksonViewBean]
14:07:22.925 [http-nio-auto-1-exec-1] DEBUG o.s.h.c.j.Jackson2JsonDecoder - [59153b8b] Decoded [org.springframework.web.reactive.result.method.annotation.JacksonHintsIntegrationTests$JacksonViewBe (truncated)...]
14:07:22.926 [http-nio-auto-1-exec-1] DEBUG o.s.h.c.j.Jackson2JsonEncoder - [59153b8b] Encoding [org.springframework.web.reactive.result.method.annotation.JacksonHintsIntegrationTests$JacksonViewBe (truncated)...]
14:07:22.933 [http-nio-auto-1-exec-1] DEBUG o.s.w.s.a.HttpWebHandlerAdapter - [59153b8b] Completed 200 OK
14:07:22.934 [Test worker] DEBUG o.s.w.c.RestTemplate - Response 200 OK
14:07:22.934 [Test worker] DEBUG o.s.w.c.RestTemplate - Reading to [java.lang.String] as "application/json"
14:07:22.935 [Test worker] DEBUG o.s.w.t.h.s.r.b.TomcatHttpServer - Stopping TomcatHttpServer...
14:07:22.959 [Test worker] DEBUG o.s.w.t.h.s.r.b.TomcatHttpServer - Server stopped (0 millis).
14:07:23.135 [Test worker] DEBUG o.s.w.r.r.m.a.RequestMappingHandlerMapping - 9 mappings in 'requestMappingHandlerMapping'
14:07:23.240 [Test worker] DEBUG o.s.w.r.r.m.a.ControllerMethodResolver - ControllerAdvice beans: none
14:07:23.260 [Test worker] DEBUG o.s.w.s.a.HttpWebHandlerAdapter - enableLoggingRequestDetails='false': form data and headers will be masked to prevent unsafe logging of potentially sensitive data
14:07:23.269 [Test worker] DEBUG o.s.w.t.h.s.r.b.UndertowHttpServer - Starting UndertowHttpServer...
14:07:23.342 [Test worker] INFO  i.undertow - starting server: Undertow - 2.1.3.Final
14:07:23.377 [Test worker] INFO  o.xnio - XNIO version 3.8.0.Final
14:07:23.447 [Test worker] INFO  o.x.nio - XNIO NIO Implementation Version 3.8.0.Final
14:07:23.569 [Test worker] INFO  o.j.threads - JBoss Threads version 3.1.0.Final
14:07:23.803 [Test worker] DEBUG o.s.w.t.h.s.r.b.UndertowHttpServer - Server started on port 60488(0 millis).
14:07:23.804 [Test worker] DEBUG o.s.w.c.RestTemplate - HTTP POST http://localhost:60488/request/entity/mono
14:07:23.804 [Test worker] DEBUG o.s.w.c.RestTemplate - Accept=[text/plain, application/json, application/x-jackson-smile, application/*+json, */*]
14:07:23.805 [Test worker] DEBUG o.s.w.c.RestTemplate - Writing [org.springframework.web.reactive.result.method.annotation.JacksonHintsIntegrationTests$JacksonViewBean@2c58732b] as "application/json"
14:07:23.865 [XNIO-1 I/O-8] DEBUG o.s.w.s.a.HttpWebHandlerAdapter - [2d379b0f] HTTP POST "/request/entity/mono"
14:07:23.865 [XNIO-1 I/O-8] DEBUG o.s.w.r.r.m.a.RequestMappingHandlerMapping - [2d379b0f] Mapped to org.springframework.web.reactive.result.method.annotation.JacksonHintsIntegrationTests$JsonViewRestController#entityMonoRequest(HttpEntity)
14:07:23.867 [XNIO-1 I/O-8] DEBUG o.s.w.r.r.m.a.HttpEntityMethodArgumentResolver - [2d379b0f] Content-Type:application/json
14:07:23.868 [XNIO-1 I/O-8] DEBUG o.s.w.r.r.m.a.HttpEntityMethodArgumentResolver - [2d379b0f] 0..1 [org.springframework.web.reactive.result.method.annotation.JacksonHintsIntegrationTests$JacksonViewBean]
14:07:23.870 [XNIO-1 I/O-8] DEBUG o.s.w.r.r.m.a.ResponseBodyResultHandler - Using 'application/json' given [application/json] and supported [application/json, application/*+json, application/x-jackson-smile, application/*+x-jackson-smile, text/event-stream]
14:07:23.870 [XNIO-1 I/O-8] DEBUG o.s.w.r.r.m.a.ResponseBodyResultHandler - [2d379b0f] 0..1 [org.springframework.web.reactive.result.method.annotation.JacksonHintsIntegrationTests$JacksonViewBean]
14:07:23.877 [XNIO-1 I/O-8] DEBUG o.s.h.c.j.Jackson2JsonDecoder - [2d379b0f] Decoded [org.springframework.web.reactive.result.method.annotation.JacksonHintsIntegrationTests$JacksonViewBe (truncated)...]
14:07:23.877 [XNIO-1 I/O-8] DEBUG o.s.h.c.j.Jackson2JsonEncoder - [2d379b0f] Encoding [org.springframework.web.reactive.result.method.annotation.JacksonHintsIntegrationTests$JacksonViewBe (truncated)...]
14:07:23.887 [Test worker] DEBUG o.s.w.c.RestTemplate - Response 200 OK
14:07:23.887 [Test worker] DEBUG o.s.w.c.RestTemplate - Reading to [java.lang.String] as "application/json"
14:07:23.888 [XNIO-1 I/O-8] DEBUG o.s.w.s.a.HttpWebHandlerAdapter - [2d379b0f] Completed 200 OK
14:07:23.889 [Test worker] DEBUG o.s.w.t.h.s.r.b.UndertowHttpServer - Stopping UndertowHttpServer...
14:07:23.889 [Test worker] INFO  i.undertow - stopping server: Undertow - 2.1.3.Final
14:07:23.899 [Test worker] DEBUG o.s.w.t.h.s.r.b.UndertowHttpServer - Server stopped (0 millis).
14:07:24.016 [Test worker] DEBUG o.s.w.r.r.m.a.RequestMappingHandlerMapping - 9 mappings in 'requestMappingHandlerMapping'
14:07:24.078 [Test worker] DEBUG o.s.w.r.r.m.a.ControllerMethodResolver - ControllerAdvice beans: none
14:07:24.196 [Test worker] DEBUG o.s.w.s.a.HttpWebHandlerAdapter - enableLoggingRequestDetails='false': form data and headers will be masked to prevent unsafe logging of potentially sensitive data
14:07:24.196 [Test worker] WARN  o.e.j.s.h.ContextHandler - Empty contextPath
14:07:24.197 [Test worker] INFO  o.e.j.s.h.ContextHandler - Started o.e.j.s.ServletContextHandler@572ac6d7{/,null,AVAILABLE}
14:07:24.197 [Test worker] DEBUG o.s.w.t.h.s.r.b.JettyHttpServer - Starting JettyHttpServer...
14:07:24.197 [Test worker] INFO  o.e.j.s.Server - jetty-9.4.30.v20200611; built: 2020-06-11T12:34:51.929Z; git: 271836e4c1f4612f12b7bb13ef5a92a927634b0d; jvm 1.8.0_73-b02
14:07:24.205 [Test worker] INFO  o.e.j.s.AbstractConnector - Started ServerConnector@1b75694d{HTTP/1.1, (http/1.1)}{0.0.0.0:60496}
14:07:24.205 [Test worker] INFO  o.e.j.s.Server - Started @43924ms
14:07:24.206 [Test worker] DEBUG o.s.w.t.h.s.r.b.JettyHttpServer - Server started on port 60496(0 millis).
14:07:24.206 [Test worker] DEBUG o.s.w.c.RestTemplate - HTTP POST http://localhost:60496/request/raw
14:07:24.206 [Test worker] DEBUG o.s.w.c.RestTemplate - Accept=[text/plain, application/json, application/x-jackson-smile, application/*+json, */*]
14:07:24.209 [Test worker] DEBUG o.s.w.c.RestTemplate - Writing [org.springframework.web.reactive.result.method.annotation.JacksonHintsIntegrationTests$JacksonViewBean@2b4b158] as "application/json"
14:07:24.214 [qtp359343690-143] DEBUG o.s.w.s.a.HttpWebHandlerAdapter - [31286b57] HTTP POST "/request/raw"
14:07:24.216 [qtp359343690-143] DEBUG o.s.w.r.r.m.a.RequestMappingHandlerMapping - [31286b57] Mapped to org.springframework.web.reactive.result.method.annotation.JacksonHintsIntegrationTests$JsonViewRestController#rawRequest(JacksonViewBean)
14:07:24.221 [qtp359343690-143] DEBUG o.s.w.r.r.m.a.RequestBodyMethodArgumentResolver - [31286b57] Content-Type:application/json
14:07:24.222 [qtp359343690-143] DEBUG o.s.w.r.r.m.a.RequestBodyMethodArgumentResolver - [31286b57] 0..1 [org.springframework.web.reactive.result.method.annotation.JacksonHintsIntegrationTests$JacksonViewBean]
14:07:24.223 [qtp359343690-143] DEBUG o.s.h.c.j.Jackson2JsonDecoder - [31286b57] Decoded [org.springframework.web.reactive.result.method.annotation.JacksonHintsIntegrationTests$JacksonViewBe (truncated)...]
14:07:24.225 [qtp359343690-143] DEBUG o.s.w.r.r.m.a.ResponseBodyResultHandler - Using 'application/json' given [application/json] and supported [application/json, application/*+json, application/x-jackson-smile, application/*+x-jackson-smile, text/event-stream]
14:07:24.225 [qtp359343690-143] DEBUG o.s.w.r.r.m.a.ResponseBodyResultHandler - [31286b57] 0..1 [org.springframework.web.reactive.result.method.annotation.JacksonHintsIntegrationTests$JacksonViewBean]
14:07:24.226 [qtp359343690-143] DEBUG o.s.h.c.j.Jackson2JsonEncoder - [31286b57] Encoding [org.springframework.web.reactive.result.method.annotation.JacksonHintsIntegrationTests$JacksonViewBe (truncated)...]
14:07:24.228 [qtp359343690-143] DEBUG o.s.w.s.a.HttpWebHandlerAdapter - [31286b57] Completed 200 OK
14:07:24.228 [Test worker] DEBUG o.s.w.c.RestTemplate - Response 200 OK
14:07:24.228 [Test worker] DEBUG o.s.w.c.RestTemplate - Reading to [java.lang.String] as "application/json"
14:07:24.229 [Test worker] DEBUG o.s.w.t.h.s.r.b.JettyHttpServer - Stopping JettyHttpServer...
14:07:24.229 [Test worker] INFO  o.e.j.s.h.ContextHandler - Stopped o.e.j.s.ServletContextHandler@572ac6d7{/,null,UNAVAILABLE}
14:07:24.231 [Test worker] INFO  o.e.j.s.AbstractConnector - Stopped ServerConnector@1b75694d{HTTP/1.1, (http/1.1)}{0.0.0.0:0}
14:07:24.242 [Test worker] DEBUG o.s.w.t.h.s.r.b.JettyHttpServer - Server stopped (0 millis).
14:07:24.472 [Test worker] DEBUG o.s.w.r.r.m.a.RequestMappingHandlerMapping - 9 mappings in 'requestMappingHandlerMapping'
14:07:24.654 [Test worker] DEBUG o.s.w.r.r.m.a.ControllerMethodResolver - ControllerAdvice beans: none
14:07:24.687 [Test worker] DEBUG o.s.w.s.a.HttpWebHandlerAdapter - enableLoggingRequestDetails='false': form data and headers will be masked to prevent unsafe logging of potentially sensitive data
14:07:24.687 [Test worker] DEBUG o.s.w.t.h.s.r.b.ReactorHttpServer - Starting ReactorHttpServer...
14:07:24.689 [Test worker] DEBUG o.s.w.t.h.s.r.b.ReactorHttpServer - Server started on port 60509(0 millis).
14:07:24.689 [Test worker] DEBUG o.s.w.c.RestTemplate - HTTP POST http://localhost:60509/request/raw
14:07:24.690 [Test worker] DEBUG o.s.w.c.RestTemplate - Accept=[text/plain, application/json, application/x-jackson-smile, application/*+json, */*]
14:07:24.691 [Test worker] DEBUG o.s.w.c.RestTemplate - Writing [org.springframework.web.reactive.result.method.annotation.JacksonHintsIntegrationTests$JacksonViewBean@60216c36] as "application/json"
14:07:24.695 [reactor-http-nio-4] DEBUG o.s.w.s.a.HttpWebHandlerAdapter - [3456060d-2] HTTP POST "/request/raw"
14:07:24.695 [reactor-http-nio-4] DEBUG o.s.w.r.r.m.a.RequestMappingHandlerMapping - [3456060d-2] Mapped to org.springframework.web.reactive.result.method.annotation.JacksonHintsIntegrationTests$JsonViewRestController#rawRequest(JacksonViewBean)
14:07:24.697 [reactor-http-nio-4] DEBUG o.s.w.r.r.m.a.RequestBodyMethodArgumentResolver - [3456060d-2] Content-Type:application/json
14:07:24.697 [reactor-http-nio-4] DEBUG o.s.w.r.r.m.a.RequestBodyMethodArgumentResolver - [3456060d-2] 0..1 [org.springframework.web.reactive.result.method.annotation.JacksonHintsIntegrationTests$JacksonViewBean]
14:07:24.698 [reactor-http-nio-4] DEBUG o.s.h.c.j.Jackson2JsonDecoder - [3456060d-2] Decoded [org.springframework.web.reactive.result.method.annotation.JacksonHintsIntegrationTests$JacksonViewBe (truncated)...]
14:07:24.700 [reactor-http-nio-4] DEBUG o.s.w.r.r.m.a.ResponseBodyResultHandler - Using 'application/json' given [application/json] and supported [application/json, application/*+json, application/x-jackson-smile, application/*+x-jackson-smile, text/event-stream]
14:07:24.700 [reactor-http-nio-4] DEBUG o.s.w.r.r.m.a.ResponseBodyResultHandler - [3456060d-2] 0..1 [org.springframework.web.reactive.result.method.annotation.JacksonHintsIntegrationTests$JacksonViewBean]
14:07:24.700 [reactor-http-nio-4] DEBUG o.s.h.c.j.Jackson2JsonEncoder - [3456060d-2] Encoding [org.springframework.web.reactive.result.method.annotation.JacksonHintsIntegrationTests$JacksonViewBe (truncated)...]
14:07:24.702 [reactor-http-nio-4] DEBUG o.s.w.s.a.HttpWebHandlerAdapter - [3456060d-2] Completed 200 OK
14:07:24.702 [Test worker] DEBUG o.s.w.c.RestTemplate - Response 200 OK
14:07:24.702 [Test worker] DEBUG o.s.w.c.RestTemplate - Reading to [java.lang.String] as "application/json"
14:07:24.703 [Test worker] DEBUG o.s.w.t.h.s.r.b.ReactorHttpServer - Stopping ReactorHttpServer...
14:07:24.703 [Test worker] DEBUG o.s.w.t.h.s.r.b.ReactorHttpServer - Server stopped (0 millis).
14:07:24.935 [Test worker] DEBUG o.s.w.r.r.m.a.RequestMappingHandlerMapping - 9 mappings in 'requestMappingHandlerMapping'
14:07:25.029 [Test worker] DEBUG o.s.w.r.r.m.a.ControllerMethodResolver - ControllerAdvice beans: none
14:07:25.068 [Test worker] DEBUG o.s.w.s.a.HttpWebHandlerAdapter - enableLoggingRequestDetails='false': form data and headers will be masked to prevent unsafe logging of potentially sensitive data
14:07:25.069 [Test worker] DEBUG o.s.w.t.h.s.r.b.TomcatHttpServer - Starting TomcatHttpServer...
14:07:25.085 [Test worker] DEBUG o.s.w.t.h.s.r.b.TomcatHttpServer - Server started on port 60524(0 millis).
14:07:25.085 [Test worker] DEBUG o.s.w.c.RestTemplate - HTTP POST http://localhost:60524/request/raw
14:07:25.085 [Test worker] DEBUG o.s.w.c.RestTemplate - Accept=[text/plain, application/json, application/x-jackson-smile, application/*+json, */*]
14:07:25.086 [Test worker] DEBUG o.s.w.c.RestTemplate - Writing [org.springframework.web.reactive.result.method.annotation.JacksonHintsIntegrationTests$JacksonViewBean@515c4ffb] as "application/json"
14:07:25.091 [http-nio-auto-2-exec-1] DEBUG o.s.w.s.a.HttpWebHandlerAdapter - [4786a8ed] HTTP POST "/request/raw"
14:07:25.091 [http-nio-auto-2-exec-1] DEBUG o.s.w.r.r.m.a.RequestMappingHandlerMapping - [4786a8ed] Mapped to org.springframework.web.reactive.result.method.annotation.JacksonHintsIntegrationTests$JsonViewRestController#rawRequest(JacksonViewBean)
14:07:25.092 [http-nio-auto-2-exec-1] DEBUG o.s.w.r.r.m.a.RequestBodyMethodArgumentResolver - [4786a8ed] Content-Type:application/json
14:07:25.093 [http-nio-auto-2-exec-1] DEBUG o.s.w.r.r.m.a.RequestBodyMethodArgumentResolver - [4786a8ed] 0..1 [org.springframework.web.reactive.result.method.annotation.JacksonHintsIntegrationTests$JacksonViewBean]
14:07:25.098 [http-nio-auto-2-exec-1] DEBUG o.s.h.c.j.Jackson2JsonDecoder - [4786a8ed] Decoded [org.springframework.web.reactive.result.method.annotation.JacksonHintsIntegrationTests$JacksonViewBe (truncated)...]
14:07:25.100 [http-nio-auto-2-exec-1] DEBUG o.s.w.r.r.m.a.ResponseBodyResultHandler - Using 'application/json' given [application/json] and supported [application/json, application/*+json, application/x-jackson-smile, application/*+x-jackson-smile, text/event-stream]
14:07:25.100 [http-nio-auto-2-exec-1] DEBUG o.s.w.r.r.m.a.ResponseBodyResultHandler - [4786a8ed] 0..1 [org.springframework.web.reactive.result.method.annotation.JacksonHintsIntegrationTests$JacksonViewBean]
14:07:25.101 [http-nio-auto-2-exec-1] DEBUG o.s.h.c.j.Jackson2JsonEncoder - [4786a8ed] Encoding [org.springframework.web.reactive.result.method.annotation.JacksonHintsIntegrationTests$JacksonViewBe (truncated)...]
14:07:25.102 [http-nio-auto-2-exec-1] DEBUG o.s.w.s.a.HttpWebHandlerAdapter - [4786a8ed] Completed 200 OK
14:07:25.102 [Test worker] DEBUG o.s.w.c.RestTemplate - Response 200 OK
14:07:25.102 [Test worker] DEBUG o.s.w.c.RestTemplate - Reading to [java.lang.String] as "application/json"
14:07:25.103 [Test worker] DEBUG o.s.w.t.h.s.r.b.TomcatHttpServer - Stopping TomcatHttpServer...
14:07:25.135 [Test worker] DEBUG o.s.w.t.h.s.r.b.TomcatHttpServer - Server stopped (0 millis).
14:07:25.381 [Test worker] DEBUG o.s.w.r.r.m.a.RequestMappingHandlerMapping - 9 mappings in 'requestMappingHandlerMapping'
14:07:25.494 [Test worker] DEBUG o.s.w.r.r.m.a.ControllerMethodResolver - ControllerAdvice beans: none
14:07:25.588 [Test worker] DEBUG o.s.w.s.a.HttpWebHandlerAdapter - enableLoggingRequestDetails='false': form data and headers will be masked to prevent unsafe logging of potentially sensitive data
14:07:25.589 [Test worker] DEBUG o.s.w.t.h.s.r.b.UndertowHttpServer - Starting UndertowHttpServer...
14:07:25.589 [Test worker] INFO  i.undertow - starting server: Undertow - 2.1.3.Final
14:07:25.596 [Test worker] DEBUG o.s.w.t.h.s.r.b.UndertowHttpServer - Server started on port 60537(0 millis).
14:07:25.597 [Test worker] DEBUG o.s.w.c.RestTemplate - HTTP POST http://localhost:60537/request/raw
14:07:25.599 [Test worker] DEBUG o.s.w.c.RestTemplate - Accept=[text/plain, application/json, application/x-jackson-smile, application/*+json, */*]
14:07:25.602 [Test worker] DEBUG o.s.w.c.RestTemplate - Writing [org.springframework.web.reactive.result.method.annotation.JacksonHintsIntegrationTests$JacksonViewBean@3fce8b76] as "application/json"
14:07:25.604 [XNIO-2 I/O-2] DEBUG o.s.w.s.a.HttpWebHandlerAdapter - [4beaf702] HTTP POST "/request/raw"
14:07:25.605 [XNIO-2 I/O-2] DEBUG o.s.w.r.r.m.a.RequestMappingHandlerMapping - [4beaf702] Mapped to org.springframework.web.reactive.result.method.annotation.JacksonHintsIntegrationTests$JsonViewRestController#rawRequest(JacksonViewBean)
14:07:25.606 [XNIO-2 I/O-2] DEBUG o.s.w.r.r.m.a.RequestBodyMethodArgumentResolver - [4beaf702] Content-Type:application/json
14:07:25.607 [XNIO-2 I/O-2] DEBUG o.s.w.r.r.m.a.RequestBodyMethodArgumentResolver - [4beaf702] 0..1 [org.springframework.web.reactive.result.method.annotation.JacksonHintsIntegrationTests$JacksonViewBean]
14:07:25.608 [XNIO-2 I/O-2] DEBUG o.s.h.c.j.Jackson2JsonDecoder - [4beaf702] Decoded [org.springframework.web.reactive.result.method.annotation.JacksonHintsIntegrationTests$JacksonViewBe (truncated)...]
14:07:25.610 [XNIO-2 I/O-2] DEBUG o.s.w.r.r.m.a.ResponseBodyResultHandler - Using 'application/json' given [application/json] and supported [application/json, application/*+json, application/x-jackson-smile, application/*+x-jackson-smile, text/event-stream]
14:07:25.610 [XNIO-2 I/O-2] DEBUG o.s.w.r.r.m.a.ResponseBodyResultHandler - [4beaf702] 0..1 [org.springframework.web.reactive.result.method.annotation.JacksonHintsIntegrationTests$JacksonViewBean]
14:07:25.610 [XNIO-2 I/O-2] DEBUG o.s.h.c.j.Jackson2JsonEncoder - [4beaf702] Encoding [org.springframework.web.reactive.result.method.annotation.JacksonHintsIntegrationTests$JacksonViewBe (truncated)...]
14:07:25.612 [XNIO-2 I/O-2] DEBUG o.s.w.s.a.HttpWebHandlerAdapter - [4beaf702] Completed 200 OK
14:07:25.612 [Test worker] DEBUG o.s.w.c.RestTemplate - Response 200 OK
14:07:25.612 [Test worker] DEBUG o.s.w.c.RestTemplate - Reading to [java.lang.String] as "application/json"
14:07:25.613 [Test worker] DEBUG o.s.w.t.h.s.r.b.UndertowHttpServer - Stopping UndertowHttpServer...
14:07:25.613 [Test worker] INFO  i.undertow - stopping server: Undertow - 2.1.3.Final
14:07:25.616 [Test worker] DEBUG o.s.w.t.h.s.r.b.UndertowHttpServer - Server stopped (0 millis).
14:07:25.790 [Test worker] DEBUG o.s.w.r.r.m.a.RequestMappingHandlerMapping - 9 mappings in 'requestMappingHandlerMapping'
14:07:25.907 [Test worker] DEBUG o.s.w.r.r.m.a.ControllerMethodResolver - ControllerAdvice beans: none
14:07:25.983 [Test worker] DEBUG o.s.w.s.a.HttpWebHandlerAdapter - enableLoggingRequestDetails='false': form data and headers will be masked to prevent unsafe logging of potentially sensitive data
14:07:25.983 [Test worker] WARN  o.e.j.s.h.ContextHandler - Empty contextPath
14:07:25.984 [Test worker] INFO  o.e.j.s.h.ContextHandler - Started o.e.j.s.ServletContextHandler@2a3d506a{/,null,AVAILABLE}
14:07:25.984 [Test worker] DEBUG o.s.w.t.h.s.r.b.JettyHttpServer - Starting JettyHttpServer...
14:07:25.984 [Test worker] INFO  o.e.j.s.Server - jetty-9.4.30.v20200611; built: 2020-06-11T12:34:51.929Z; git: 271836e4c1f4612f12b7bb13ef5a92a927634b0d; jvm 1.8.0_73-b02
14:07:26.001 [Test worker] INFO  o.e.j.s.AbstractConnector - Started ServerConnector@4c54a2e3{HTTP/1.1, (http/1.1)}{0.0.0.0:60550}
14:07:26.001 [Test worker] INFO  o.e.j.s.Server - Started @45720ms
14:07:26.001 [Test worker] DEBUG o.s.w.t.h.s.r.b.JettyHttpServer - Server started on port 60550(0 millis).
14:07:26.002 [Test worker] DEBUG o.s.w.c.RestTemplate - HTTP GET http://localhost:60550/response/entity
14:07:26.002 [Test worker] DEBUG o.s.w.c.RestTemplate - Accept=[text/plain, application/json, application/x-jackson-smile, application/*+json, */*]
14:07:26.005 [qtp1886023950-178] DEBUG o.s.w.s.a.HttpWebHandlerAdapter - [1fdc0967] HTTP GET "/response/entity"
14:07:26.005 [qtp1886023950-178] DEBUG o.s.w.r.r.m.a.RequestMappingHandlerMapping - [1fdc0967] Mapped to org.springframework.web.reactive.result.method.annotation.JacksonHintsIntegrationTests$JsonViewRestController#monoResponseEntity()
14:07:26.009 [qtp1886023950-178] DEBUG o.s.w.r.r.m.a.ResponseEntityResultHandler - Using 'application/json' given [application/json] and supported [application/json, application/*+json, application/x-jackson-smile, application/*+x-jackson-smile, text/event-stream]
14:07:26.009 [qtp1886023950-178] DEBUG o.s.w.r.r.m.a.ResponseEntityResultHandler - [1fdc0967] 0..1 [org.springframework.web.reactive.result.method.annotation.JacksonHintsIntegrationTests$JacksonViewBean]
14:07:26.010 [qtp1886023950-178] DEBUG o.s.h.c.j.Jackson2JsonEncoder - [1fdc0967] Encoding [org.springframework.web.reactive.result.method.annotation.JacksonHintsIntegrationTests$JacksonViewBe (truncated)...]
14:07:26.011 [qtp1886023950-178] DEBUG o.s.w.s.a.HttpWebHandlerAdapter - [1fdc0967] Completed 200 OK
14:07:26.011 [Test worker] DEBUG o.s.w.c.RestTemplate - Response 200 OK
14:07:26.011 [Test worker] DEBUG o.s.w.c.RestTemplate - Reading to [java.lang.String] as "application/json"
14:07:26.012 [Test worker] DEBUG o.s.w.t.h.s.r.b.JettyHttpServer - Stopping JettyHttpServer...
14:07:26.012 [Test worker] INFO  o.e.j.s.h.ContextHandler - Stopped o.e.j.s.ServletContextHandler@2a3d506a{/,null,UNAVAILABLE}
14:07:26.014 [Test worker] INFO  o.e.j.s.AbstractConnector - Stopped ServerConnector@4c54a2e3{HTTP/1.1, (http/1.1)}{0.0.0.0:0}
14:07:26.025 [Test worker] DEBUG o.s.w.t.h.s.r.b.JettyHttpServer - Server stopped (0 millis).
14:07:26.227 [Test worker] DEBUG o.s.w.r.r.m.a.RequestMappingHandlerMapping - 9 mappings in 'requestMappingHandlerMapping'
14:07:26.316 [Test worker] DEBUG o.s.w.r.r.m.a.ControllerMethodResolver - ControllerAdvice beans: none
14:07:26.367 [Test worker] DEBUG o.s.w.s.a.HttpWebHandlerAdapter - enableLoggingRequestDetails='false': form data and headers will be masked to prevent unsafe logging of potentially sensitive data
14:07:26.367 [Test worker] DEBUG o.s.w.t.h.s.r.b.ReactorHttpServer - Starting ReactorHttpServer...
14:07:26.369 [Test worker] DEBUG o.s.w.t.h.s.r.b.ReactorHttpServer - Server started on port 60561(0 millis).
14:07:26.369 [Test worker] DEBUG o.s.w.c.RestTemplate - HTTP GET http://localhost:60561/response/entity
14:07:26.370 [Test worker] DEBUG o.s.w.c.RestTemplate - Accept=[text/plain, application/json, application/x-jackson-smile, application/*+json, */*]
14:07:26.373 [reactor-http-nio-6] DEBUG o.s.w.s.a.HttpWebHandlerAdapter - [a8c50e4c-3] HTTP GET "/response/entity"
14:07:26.374 [reactor-http-nio-6] DEBUG o.s.w.r.r.m.a.RequestMappingHandlerMapping - [a8c50e4c-3] Mapped to org.springframework.web.reactive.result.method.annotation.JacksonHintsIntegrationTests$JsonViewRestController#monoResponseEntity()
14:07:26.376 [reactor-http-nio-6] DEBUG o.s.w.r.r.m.a.ResponseEntityResultHandler - Using 'application/json' given [application/json] and supported [application/json, application/*+json, application/x-jackson-smile, application/*+x-jackson-smile, text/event-stream]
14:07:26.376 [reactor-http-nio-6] DEBUG o.s.w.r.r.m.a.ResponseEntityResultHandler - [a8c50e4c-3] 0..1 [org.springframework.web.reactive.result.method.annotation.JacksonHintsIntegrationTests$JacksonViewBean]
14:07:26.377 [reactor-http-nio-6] DEBUG o.s.h.c.j.Jackson2JsonEncoder - [a8c50e4c-3] Encoding [org.springframework.web.reactive.result.method.annotation.JacksonHintsIntegrationTests$JacksonViewBe (truncated)...]
14:07:26.378 [reactor-http-nio-6] DEBUG o.s.w.s.a.HttpWebHandlerAdapter - [a8c50e4c-3] Completed 200 OK
14:07:26.378 [Test worker] DEBUG o.s.w.c.RestTemplate - Response 200 OK
14:07:26.379 [Test worker] DEBUG o.s.w.c.RestTemplate - Reading to [java.lang.String] as "application/json"
14:07:26.379 [Test worker] DEBUG o.s.w.t.h.s.r.b.ReactorHttpServer - Stopping ReactorHttpServer...
14:07:26.380 [Test worker] DEBUG o.s.w.t.h.s.r.b.ReactorHttpServer - Server stopped (0 millis).
14:07:26.570 [Test worker] DEBUG o.s.w.r.r.m.a.RequestMappingHandlerMapping - 9 mappings in 'requestMappingHandlerMapping'
14:07:26.696 [Test worker] DEBUG o.s.w.r.r.m.a.ControllerMethodResolver - ControllerAdvice beans: none
14:07:26.729 [Test worker] DEBUG o.s.w.s.a.HttpWebHandlerAdapter - enableLoggingRequestDetails='false': form data and headers will be masked to prevent unsafe logging of potentially sensitive data
14:07:26.784 [Test worker] DEBUG o.s.w.t.h.s.r.b.TomcatHttpServer - Starting TomcatHttpServer...
14:07:26.796 [Test worker] DEBUG o.s.w.t.h.s.r.b.TomcatHttpServer - Server started on port 60575(0 millis).
14:07:26.796 [Test worker] DEBUG o.s.w.c.RestTemplate - HTTP GET http://localhost:60575/response/entity
14:07:26.797 [Test worker] DEBUG o.s.w.c.RestTemplate - Accept=[text/plain, application/json, application/x-jackson-smile, application/*+json, */*]
14:07:26.800 [http-nio-auto-3-exec-1] DEBUG o.s.w.s.a.HttpWebHandlerAdapter - [1ffcaf30] HTTP GET "/response/entity"
14:07:26.801 [http-nio-auto-3-exec-1] DEBUG o.s.w.r.r.m.a.RequestMappingHandlerMapping - [1ffcaf30] Mapped to org.springframework.web.reactive.result.method.annotation.JacksonHintsIntegrationTests$JsonViewRestController#monoResponseEntity()
14:07:26.803 [http-nio-auto-3-exec-1] DEBUG o.s.w.r.r.m.a.ResponseEntityResultHandler - Using 'application/json' given [application/json] and supported [application/json, application/*+json, application/x-jackson-smile, application/*+x-jackson-smile, text/event-stream]
14:07:26.803 [http-nio-auto-3-exec-1] DEBUG o.s.w.r.r.m.a.ResponseEntityResultHandler - [1ffcaf30] 0..1 [org.springframework.web.reactive.result.method.annotation.JacksonHintsIntegrationTests$JacksonViewBean]
14:07:26.804 [http-nio-auto-3-exec-1] DEBUG o.s.h.c.j.Jackson2JsonEncoder - [1ffcaf30] Encoding [org.springframework.web.reactive.result.method.annotation.JacksonHintsIntegrationTests$JacksonViewBe (truncated)...]
14:07:26.805 [http-nio-auto-3-exec-1] DEBUG o.s.w.s.a.HttpWebHandlerAdapter - [1ffcaf30] Completed 200 OK
14:07:26.805 [Test worker] DEBUG o.s.w.c.RestTemplate - Response 200 OK
14:07:26.806 [Test worker] DEBUG o.s.w.c.RestTemplate - Reading to [java.lang.String] as "application/json"
14:07:26.807 [Test worker] DEBUG o.s.w.t.h.s.r.b.TomcatHttpServer - Stopping TomcatHttpServer...
14:07:26.822 [Test worker] DEBUG o.s.w.t.h.s.r.b.TomcatHttpServer - Server stopped (0 millis).
14:07:27.099 [Test worker] DEBUG o.s.w.r.r.m.a.RequestMappingHandlerMapping - 9 mappings in 'requestMappingHandlerMapping'
14:07:27.179 [Test worker] DEBUG o.s.w.r.r.m.a.ControllerMethodResolver - ControllerAdvice beans: none
14:07:27.297 [Test worker] DEBUG o.s.w.s.a.HttpWebHandlerAdapter - enableLoggingRequestDetails='false': form data and headers will be masked to prevent unsafe logging of potentially sensitive data
14:07:27.298 [Test worker] DEBUG o.s.w.t.h.s.r.b.UndertowHttpServer - Starting UndertowHttpServer...
14:07:27.298 [Test worker] INFO  i.undertow - starting server: Undertow - 2.1.3.Final
14:07:27.308 [Test worker] DEBUG o.s.w.t.h.s.r.b.UndertowHttpServer - Server started on port 60587(0 millis).
14:07:27.308 [Test worker] DEBUG o.s.w.c.RestTemplate - HTTP GET http://localhost:60587/response/entity
14:07:27.310 [Test worker] DEBUG o.s.w.c.RestTemplate - Accept=[text/plain, application/json, application/x-jackson-smile, application/*+json, */*]
14:07:27.314 [XNIO-3 I/O-2] DEBUG o.s.w.s.a.HttpWebHandlerAdapter - [4dc19ebd] HTTP GET "/response/entity"
14:07:27.315 [XNIO-3 I/O-2] DEBUG o.s.w.r.r.m.a.RequestMappingHandlerMapping - [4dc19ebd] Mapped to org.springframework.web.reactive.result.method.annotation.JacksonHintsIntegrationTests$JsonViewRestController#monoResponseEntity()
14:07:27.320 [XNIO-3 I/O-2] DEBUG o.s.w.r.r.m.a.ResponseEntityResultHandler - Using 'application/json' given [application/json] and supported [application/json, application/*+json, application/x-jackson-smile, application/*+x-jackson-smile, text/event-stream]
14:07:27.321 [XNIO-3 I/O-2] DEBUG o.s.w.r.r.m.a.ResponseEntityResultHandler - [4dc19ebd] 0..1 [org.springframework.web.reactive.result.method.annotation.JacksonHintsIntegrationTests$JacksonViewBean]
14:07:27.322 [XNIO-3 I/O-2] DEBUG o.s.h.c.j.Jackson2JsonEncoder - [4dc19ebd] Encoding [org.springframework.web.reactive.result.method.annotation.JacksonHintsIntegrationTests$JacksonViewBe (truncated)...]
14:07:27.322 [XNIO-3 I/O-2] DEBUG o.s.w.s.a.HttpWebHandlerAdapter - [4dc19ebd] Completed 200 OK
14:07:27.323 [Test worker] DEBUG o.s.w.c.RestTemplate - Response 200 OK
14:07:27.323 [Test worker] DEBUG o.s.w.c.RestTemplate - Reading to [java.lang.String] as "application/json"
14:07:27.323 [Test worker] DEBUG o.s.w.t.h.s.r.b.UndertowHttpServer - Stopping UndertowHttpServer...
14:07:27.323 [Test worker] INFO  i.undertow - stopping server: Undertow - 2.1.3.Final
14:07:27.325 [Test worker] DEBUG o.s.w.t.h.s.r.b.UndertowHttpServer - Server stopped (0 millis).
14:07:27.548 [Test worker] DEBUG o.s.w.r.r.m.a.RequestMappingHandlerMapping - 9 mappings in 'requestMappingHandlerMapping'
14:07:27.667 [Test worker] DEBUG o.s.w.r.r.m.a.ControllerMethodResolver - ControllerAdvice beans: none
14:07:27.748 [Test worker] DEBUG o.s.w.s.a.HttpWebHandlerAdapter - enableLoggingRequestDetails='false': form data and headers will be masked to prevent unsafe logging of potentially sensitive data
14:07:27.748 [Test worker] WARN  o.e.j.s.h.ContextHandler - Empty contextPath
14:07:27.749 [Test worker] INFO  o.e.j.s.h.ContextHandler - Started o.e.j.s.ServletContextHandler@6d5864d6{/,null,AVAILABLE}
14:07:27.749 [Test worker] DEBUG o.s.w.t.h.s.r.b.JettyHttpServer - Starting JettyHttpServer...
14:07:27.749 [Test worker] INFO  o.e.j.s.Server - jetty-9.4.30.v20200611; built: 2020-06-11T12:34:51.929Z; git: 271836e4c1f4612f12b7bb13ef5a92a927634b0d; jvm 1.8.0_73-b02
14:07:27.753 [Test worker] INFO  o.e.j.s.AbstractConnector - Started ServerConnector@46c6afdd{HTTP/1.1, (http/1.1)}{0.0.0.0:60593}
14:07:27.753 [Test worker] INFO  o.e.j.s.Server - Started @47472ms
14:07:27.753 [Test worker] DEBUG o.s.w.t.h.s.r.b.JettyHttpServer - Server started on port 60593(0 millis).
14:07:27.753 [Test worker] DEBUG o.s.w.c.RestTemplate - HTTP POST http://localhost:60593/request/flux
14:07:27.754 [Test worker] DEBUG o.s.w.c.RestTemplate - Accept=[text/plain, application/json, application/x-jackson-smile, application/*+json, */*]
14:07:27.756 [Test worker] DEBUG o.s.w.c.RestTemplate - Writing [[org.springframework.web.reactive.result.method.annotation.JacksonHintsIntegrationTests$JacksonViewBean@5a64581a, org.springframework.web.reactive.result.method.annotation.JacksonHintsIntegrationTests$JacksonViewBean@4f153f74]] as "application/json"
14:07:27.761 [qtp1502631070-213] DEBUG o.s.w.s.a.HttpWebHandlerAdapter - [3cb8b584] HTTP POST "/request/flux"
14:07:27.762 [qtp1502631070-213] DEBUG o.s.w.r.r.m.a.RequestMappingHandlerMapping - [3cb8b584] Mapped to org.springframework.web.reactive.result.method.annotation.JacksonHintsIntegrationTests$JsonViewRestController#fluxRequest(Flux)
14:07:27.763 [qtp1502631070-213] DEBUG o.s.w.r.r.m.a.RequestBodyMethodArgumentResolver - [3cb8b584] Content-Type:application/json
14:07:27.764 [qtp1502631070-213] DEBUG o.s.w.r.r.m.a.RequestBodyMethodArgumentResolver - [3cb8b584] 0..N [org.springframework.web.reactive.result.method.annotation.JacksonHintsIntegrationTests$JacksonViewBean]
14:07:27.778 [qtp1502631070-213] DEBUG o.s.w.r.r.m.a.ResponseBodyResultHandler - Using 'application/json' given [application/json] and supported [application/json, application/*+json, application/x-jackson-smile, application/*+x-jackson-smile, text/event-stream]
14:07:27.778 [qtp1502631070-213] DEBUG o.s.w.r.r.m.a.ResponseBodyResultHandler - [3cb8b584] 0..N [org.springframework.web.reactive.result.method.annotation.JacksonHintsIntegrationTests$JacksonViewBean]
14:07:27.788 [qtp1502631070-213] DEBUG o.s.h.c.j.Jackson2JsonDecoder - [3cb8b584] Decoded [org.springframework.web.reactive.result.method.annotation.JacksonHintsIntegrationTests$JacksonViewBe (truncated)...]
14:07:27.788 [qtp1502631070-213] DEBUG o.s.h.c.j.Jackson2JsonDecoder - [3cb8b584] Decoded [org.springframework.web.reactive.result.method.annotation.JacksonHintsIntegrationTests$JacksonViewBe (truncated)...]
14:07:27.789 [qtp1502631070-213] DEBUG o.s.h.c.j.Jackson2JsonEncoder - [3cb8b584] Encoding [[org.springframework.web.reactive.result.method.annotation.JacksonHintsIntegrationTests$JacksonViewB (truncated)...]
14:07:27.790 [qtp1502631070-213] DEBUG o.s.w.s.a.HttpWebHandlerAdapter - [3cb8b584] Completed 200 OK
14:07:27.819 [Test worker] DEBUG o.s.w.c.RestTemplate - Response 200 OK
14:07:27.820 [Test worker] DEBUG o.s.w.c.RestTemplate - Reading to [java.lang.String] as "application/json"
14:07:27.822 [Test worker] DEBUG o.s.w.t.h.s.r.b.JettyHttpServer - Stopping JettyHttpServer...
14:07:27.822 [Test worker] INFO  o.e.j.s.h.ContextHandler - Stopped o.e.j.s.ServletContextHandler@6d5864d6{/,null,UNAVAILABLE}
14:07:27.826 [Test worker] INFO  o.e.j.s.AbstractConnector - Stopped ServerConnector@46c6afdd{HTTP/1.1, (http/1.1)}{0.0.0.0:0}
14:07:27.837 [Test worker] DEBUG o.s.w.t.h.s.r.b.JettyHttpServer - Server stopped (0 millis).
14:07:27.976 [Test worker] DEBUG o.s.w.r.r.m.a.RequestMappingHandlerMapping - 9 mappings in 'requestMappingHandlerMapping'
14:07:28.094 [Test worker] DEBUG o.s.w.r.r.m.a.ControllerMethodResolver - ControllerAdvice beans: none
14:07:28.196 [Test worker] DEBUG o.s.w.s.a.HttpWebHandlerAdapter - enableLoggingRequestDetails='false': form data and headers will be masked to prevent unsafe logging of potentially sensitive data
14:07:28.196 [Test worker] DEBUG o.s.w.t.h.s.r.b.ReactorHttpServer - Starting ReactorHttpServer...
14:07:28.198 [Test worker] DEBUG o.s.w.t.h.s.r.b.ReactorHttpServer - Server started on port 60599(0 millis).
14:07:28.199 [Test worker] DEBUG o.s.w.c.RestTemplate - HTTP POST http://localhost:60599/request/flux
14:07:28.200 [Test worker] DEBUG o.s.w.c.RestTemplate - Accept=[text/plain, application/json, application/x-jackson-smile, application/*+json, */*]
14:07:28.200 [Test worker] DEBUG o.s.w.c.RestTemplate - Writing [[org.springframework.web.reactive.result.method.annotation.JacksonHintsIntegrationTests$JacksonViewBean@48113dd3, org.springframework.web.reactive.result.method.annotation.JacksonHintsIntegrationTests$JacksonViewBean@23c73818]] as "application/json"
14:07:28.205 [reactor-http-nio-8] DEBUG o.s.w.s.a.HttpWebHandlerAdapter - [d1e899de-4] HTTP POST "/request/flux"
14:07:28.206 [reactor-http-nio-8] DEBUG o.s.w.r.r.m.a.RequestMappingHandlerMapping - [d1e899de-4] Mapped to org.springframework.web.reactive.result.method.annotation.JacksonHintsIntegrationTests$JsonViewRestController#fluxRequest(Flux)
14:07:28.208 [reactor-http-nio-8] DEBUG o.s.w.r.r.m.a.RequestBodyMethodArgumentResolver - [d1e899de-4] Content-Type:application/json
14:07:28.209 [reactor-http-nio-8] DEBUG o.s.w.r.r.m.a.RequestBodyMethodArgumentResolver - [d1e899de-4] 0..N [org.springframework.web.reactive.result.method.annotation.JacksonHintsIntegrationTests$JacksonViewBean]
14:07:28.211 [reactor-http-nio-8] DEBUG o.s.w.r.r.m.a.ResponseBodyResultHandler - Using 'application/json' given [application/json] and supported [application/json, application/*+json, application/x-jackson-smile, application/*+x-jackson-smile, text/event-stream]
14:07:28.211 [reactor-http-nio-8] DEBUG o.s.w.r.r.m.a.ResponseBodyResultHandler - [d1e899de-4] 0..N [org.springframework.web.reactive.result.method.annotation.JacksonHintsIntegrationTests$JacksonViewBean]
14:07:28.212 [reactor-http-nio-8] DEBUG o.s.h.c.j.Jackson2JsonDecoder - [d1e899de-4] Decoded [org.springframework.web.reactive.result.method.annotation.JacksonHintsIntegrationTests$JacksonViewBe (truncated)...]
14:07:28.213 [reactor-http-nio-8] DEBUG o.s.h.c.j.Jackson2JsonDecoder - [d1e899de-4] Decoded [org.springframework.web.reactive.result.method.annotation.JacksonHintsIntegrationTests$JacksonViewBe (truncated)...]
14:07:28.214 [reactor-http-nio-8] DEBUG o.s.h.c.j.Jackson2JsonEncoder - [d1e899de-4] Encoding [[org.springframework.web.reactive.result.method.annotation.JacksonHintsIntegrationTests$JacksonViewB (truncated)...]
14:07:28.223 [Test worker] DEBUG o.s.w.c.RestTemplate - Response 200 OK
14:07:28.232 [reactor-http-nio-8] DEBUG o.s.w.s.a.HttpWebHandlerAdapter - [d1e899de-4] Completed 200 OK
14:07:28.232 [Test worker] DEBUG o.s.w.c.RestTemplate - Reading to [java.lang.String] as "application/json"
14:07:28.235 [Test worker] DEBUG o.s.w.t.h.s.r.b.ReactorHttpServer - Stopping ReactorHttpServer...
14:07:28.235 [Test worker] DEBUG o.s.w.t.h.s.r.b.ReactorHttpServer - Server stopped (0 millis).
14:07:28.424 [Test worker] DEBUG o.s.w.r.r.m.a.RequestMappingHandlerMapping - 9 mappings in 'requestMappingHandlerMapping'
14:07:28.515 [Test worker] DEBUG o.s.w.r.r.m.a.ControllerMethodResolver - ControllerAdvice beans: none
14:07:28.561 [Test worker] DEBUG o.s.w.s.a.HttpWebHandlerAdapter - enableLoggingRequestDetails='false': form data and headers will be masked to prevent unsafe logging of potentially sensitive data
14:07:28.562 [Test worker] DEBUG o.s.w.t.h.s.r.b.TomcatHttpServer - Starting TomcatHttpServer...
14:07:28.577 [Test worker] DEBUG o.s.w.t.h.s.r.b.TomcatHttpServer - Server started on port 60608(0 millis).
14:07:28.577 [Test worker] DEBUG o.s.w.c.RestTemplate - HTTP POST http://localhost:60608/request/flux
14:07:28.577 [Test worker] DEBUG o.s.w.c.RestTemplate - Accept=[text/plain, application/json, application/x-jackson-smile, application/*+json, */*]
14:07:28.578 [Test worker] DEBUG o.s.w.c.RestTemplate - Writing [[org.springframework.web.reactive.result.method.annotation.JacksonHintsIntegrationTests$JacksonViewBean@fb6f099, org.springframework.web.reactive.result.method.annotation.JacksonHintsIntegrationTests$JacksonViewBean@4d8834f4]] as "application/json"
14:07:28.583 [http-nio-auto-4-exec-1] DEBUG o.s.w.s.a.HttpWebHandlerAdapter - [1da122ba] HTTP POST "/request/flux"
14:07:28.583 [http-nio-auto-4-exec-1] DEBUG o.s.w.r.r.m.a.RequestMappingHandlerMapping - [1da122ba] Mapped to org.springframework.web.reactive.result.method.annotation.JacksonHintsIntegrationTests$JsonViewRestController#fluxRequest(Flux)
14:07:28.584 [http-nio-auto-4-exec-1] DEBUG o.s.w.r.r.m.a.RequestBodyMethodArgumentResolver - [1da122ba] Content-Type:application/json
14:07:28.585 [http-nio-auto-4-exec-1] DEBUG o.s.w.r.r.m.a.RequestBodyMethodArgumentResolver - [1da122ba] 0..N [org.springframework.web.reactive.result.method.annotation.JacksonHintsIntegrationTests$JacksonViewBean]
14:07:28.587 [http-nio-auto-4-exec-1] DEBUG o.s.w.r.r.m.a.ResponseBodyResultHandler - Using 'application/json' given [application/json] and supported [application/json, application/*+json, application/x-jackson-smile, application/*+x-jackson-smile, text/event-stream]
14:07:28.587 [http-nio-auto-4-exec-1] DEBUG o.s.w.r.r.m.a.ResponseBodyResultHandler - [1da122ba] 0..N [org.springframework.web.reactive.result.method.annotation.JacksonHintsIntegrationTests$JacksonViewBean]
14:07:28.588 [http-nio-auto-4-exec-1] DEBUG o.s.h.c.j.Jackson2JsonDecoder - [1da122ba] Decoded [org.springframework.web.reactive.result.method.annotation.JacksonHintsIntegrationTests$JacksonViewBe (truncated)...]
14:07:28.588 [http-nio-auto-4-exec-1] DEBUG o.s.h.c.j.Jackson2JsonDecoder - [1da122ba] Decoded [org.springframework.web.reactive.result.method.annotation.JacksonHintsIntegrationTests$JacksonViewBe (truncated)...]
14:07:28.588 [http-nio-auto-4-exec-1] DEBUG o.s.h.c.j.Jackson2JsonEncoder - [1da122ba] Encoding [[org.springframework.web.reactive.result.method.annotation.JacksonHintsIntegrationTests$JacksonViewB (truncated)...]
14:07:28.589 [http-nio-auto-4-exec-1] DEBUG o.s.w.s.a.HttpWebHandlerAdapter - [1da122ba] Completed 200 OK
14:07:28.589 [Test worker] DEBUG o.s.w.c.RestTemplate - Response 200 OK
14:07:28.590 [Test worker] DEBUG o.s.w.c.RestTemplate - Reading to [java.lang.String] as "application/json"
14:07:28.591 [Test worker] DEBUG o.s.w.t.h.s.r.b.TomcatHttpServer - Stopping TomcatHttpServer...
14:07:28.606 [Test worker] DEBUG o.s.w.t.h.s.r.b.TomcatHttpServer - Server stopped (0 millis).
14:07:29.074 [Test worker] DEBUG o.s.w.r.r.m.a.RequestMappingHandlerMapping - 9 mappings in 'requestMappingHandlerMapping'
14:07:29.247 [Test worker] DEBUG o.s.w.r.r.m.a.ControllerMethodResolver - ControllerAdvice beans: none
14:07:29.316 [Test worker] DEBUG o.s.w.s.a.HttpWebHandlerAdapter - enableLoggingRequestDetails='false': form data and headers will be masked to prevent unsafe logging of potentially sensitive data
14:07:29.316 [Test worker] DEBUG o.s.w.t.h.s.r.b.UndertowHttpServer - Starting UndertowHttpServer...
14:07:29.316 [Test worker] INFO  i.undertow - starting server: Undertow - 2.1.3.Final
14:07:29.330 [Test worker] DEBUG o.s.w.t.h.s.r.b.UndertowHttpServer - Server started on port 60618(0 millis).
14:07:29.330 [Test worker] DEBUG o.s.w.c.RestTemplate - HTTP POST http://localhost:60618/request/flux
14:07:29.330 [Test worker] DEBUG o.s.w.c.RestTemplate - Accept=[text/plain, application/json, application/x-jackson-smile, application/*+json, */*]
14:07:29.331 [Test worker] DEBUG o.s.w.c.RestTemplate - Writing [[org.springframework.web.reactive.result.method.annotation.JacksonHintsIntegrationTests$JacksonViewBean@50fbf60c, org.springframework.web.reactive.result.method.annotation.JacksonHintsIntegrationTests$JacksonViewBean@788a4061]] as "application/json"
14:07:29.334 [XNIO-4 I/O-8] DEBUG o.s.w.s.a.HttpWebHandlerAdapter - [45fe9cb0] HTTP POST "/request/flux"
14:07:29.334 [XNIO-4 I/O-8] DEBUG o.s.w.r.r.m.a.RequestMappingHandlerMapping - [45fe9cb0] Mapped to org.springframework.web.reactive.result.method.annotation.JacksonHintsIntegrationTests$JsonViewRestController#fluxRequest(Flux)
14:07:29.335 [XNIO-4 I/O-8] DEBUG o.s.w.r.r.m.a.RequestBodyMethodArgumentResolver - [45fe9cb0] Content-Type:application/json
14:07:29.336 [XNIO-4 I/O-8] DEBUG o.s.w.r.r.m.a.RequestBodyMethodArgumentResolver - [45fe9cb0] 0..N [org.springframework.web.reactive.result.method.annotation.JacksonHintsIntegrationTests$JacksonViewBean]
14:07:29.338 [XNIO-4 I/O-8] DEBUG o.s.w.r.r.m.a.ResponseBodyResultHandler - Using 'application/json' given [application/json] and supported [application/json, application/*+json, application/x-jackson-smile, application/*+x-jackson-smile, text/event-stream]
14:07:29.338 [XNIO-4 I/O-8] DEBUG o.s.w.r.r.m.a.ResponseBodyResultHandler - [45fe9cb0] 0..N [org.springframework.web.reactive.result.method.annotation.JacksonHintsIntegrationTests$JacksonViewBean]
14:07:29.339 [XNIO-4 I/O-8] DEBUG o.s.h.c.j.Jackson2JsonDecoder - [45fe9cb0] Decoded [org.springframework.web.reactive.result.method.annotation.JacksonHintsIntegrationTests$JacksonViewBe (truncated)...]
14:07:29.339 [XNIO-4 I/O-8] DEBUG o.s.h.c.j.Jackson2JsonDecoder - [45fe9cb0] Decoded [org.springframework.web.reactive.result.method.annotation.JacksonHintsIntegrationTests$JacksonViewBe (truncated)...]
14:07:29.340 [XNIO-4 I/O-8] DEBUG o.s.h.c.j.Jackson2JsonEncoder - [45fe9cb0] Encoding [[org.springframework.web.reactive.result.method.annotation.JacksonHintsIntegrationTests$JacksonViewB (truncated)...]
14:07:29.343 [XNIO-4 I/O-8] DEBUG o.s.w.s.a.HttpWebHandlerAdapter - [45fe9cb0] Completed 200 OK
14:07:29.343 [Test worker] DEBUG o.s.w.c.RestTemplate - Response 200 OK
14:07:29.343 [Test worker] DEBUG o.s.w.c.RestTemplate - Reading to [java.lang.String] as "application/json"
14:07:29.344 [Test worker] DEBUG o.s.w.t.h.s.r.b.UndertowHttpServer - Stopping UndertowHttpServer...
14:07:29.344 [Test worker] INFO  i.undertow - stopping server: Undertow - 2.1.3.Final
14:07:29.347 [Test worker] DEBUG o.s.w.t.h.s.r.b.UndertowHttpServer - Server stopped (0 millis).
14:07:29.548 [Test worker] DEBUG o.s.w.r.r.m.a.RequestMappingHandlerMapping - 9 mappings in 'requestMappingHandlerMapping'
14:07:29.678 [Test worker] DEBUG o.s.w.r.r.m.a.ControllerMethodResolver - ControllerAdvice beans: none
14:07:29.803 [Test worker] DEBUG o.s.w.s.a.HttpWebHandlerAdapter - enableLoggingRequestDetails='false': form data and headers will be masked to prevent unsafe logging of potentially sensitive data
14:07:29.804 [Test worker] WARN  o.e.j.s.h.ContextHandler - Empty contextPath
14:07:29.804 [Test worker] INFO  o.e.j.s.h.ContextHandler - Started o.e.j.s.ServletContextHandler@75e8f98d{/,null,AVAILABLE}
14:07:29.804 [Test worker] DEBUG o.s.w.t.h.s.r.b.JettyHttpServer - Starting JettyHttpServer...
14:07:29.804 [Test worker] INFO  o.e.j.s.Server - jetty-9.4.30.v20200611; built: 2020-06-11T12:34:51.929Z; git: 271836e4c1f4612f12b7bb13ef5a92a927634b0d; jvm 1.8.0_73-b02
14:07:29.810 [Test worker] INFO  o.e.j.s.AbstractConnector - Started ServerConnector@462dd5ce{HTTP/1.1, (http/1.1)}{0.0.0.0:60627}
14:07:29.818 [Test worker] INFO  o.e.j.s.Server - Started @49529ms
14:07:29.818 [Test worker] DEBUG o.s.w.t.h.s.r.b.JettyHttpServer - Server started on port 60627(0 millis).
14:07:29.820 [Test worker] DEBUG o.s.w.c.RestTemplate - HTTP POST http://localhost:60627/request/mono
14:07:29.820 [Test worker] DEBUG o.s.w.c.RestTemplate - Accept=[text/plain, application/json, application/x-jackson-smile, application/*+json, */*]
14:07:29.821 [Test worker] DEBUG o.s.w.c.RestTemplate - Writing [org.springframework.web.reactive.result.method.annotation.JacksonHintsIntegrationTests$JacksonViewBean@525d416e] as "application/json"
14:07:29.828 [qtp1956529483-248] DEBUG o.s.w.s.a.HttpWebHandlerAdapter - [12aa2827] HTTP POST "/request/mono"
14:07:29.829 [qtp1956529483-248] DEBUG o.s.w.r.r.m.a.RequestMappingHandlerMapping - [12aa2827] Mapped to org.springframework.web.reactive.result.method.annotation.JacksonHintsIntegrationTests$JsonViewRestController#monoRequest(Mono)
14:07:29.832 [qtp1956529483-248] DEBUG o.s.w.r.r.m.a.RequestBodyMethodArgumentResolver - [12aa2827] Content-Type:application/json
14:07:29.834 [qtp1956529483-248] DEBUG o.s.w.r.r.m.a.RequestBodyMethodArgumentResolver - [12aa2827] 0..1 [org.springframework.web.reactive.result.method.annotation.JacksonHintsIntegrationTests$JacksonViewBean]
14:07:29.838 [qtp1956529483-248] DEBUG o.s.w.r.r.m.a.ResponseBodyResultHandler - Using 'application/json' given [application/json] and supported [application/json, application/*+json, application/x-jackson-smile, application/*+x-jackson-smile, text/event-stream]
14:07:29.838 [qtp1956529483-248] DEBUG o.s.w.r.r.m.a.ResponseBodyResultHandler - [12aa2827] 0..1 [org.springframework.web.reactive.result.method.annotation.JacksonHintsIntegrationTests$JacksonViewBean]
14:07:29.840 [qtp1956529483-248] DEBUG o.s.h.c.j.Jackson2JsonDecoder - [12aa2827] Decoded [org.springframework.web.reactive.result.method.annotation.JacksonHintsIntegrationTests$JacksonViewBe (truncated)...]
14:07:29.840 [qtp1956529483-248] DEBUG o.s.h.c.j.Jackson2JsonEncoder - [12aa2827] Encoding [org.springframework.web.reactive.result.method.annotation.JacksonHintsIntegrationTests$JacksonViewBe (truncated)...]
14:07:29.841 [qtp1956529483-248] DEBUG o.s.w.s.a.HttpWebHandlerAdapter - [12aa2827] Completed 200 OK
14:07:29.842 [Test worker] DEBUG o.s.w.c.RestTemplate - Response 200 OK
14:07:29.842 [Test worker] DEBUG o.s.w.c.RestTemplate - Reading to [java.lang.String] as "application/json"
14:07:29.846 [Test worker] DEBUG o.s.w.t.h.s.r.b.JettyHttpServer - Stopping JettyHttpServer...
14:07:29.846 [Test worker] INFO  o.e.j.s.h.ContextHandler - Stopped o.e.j.s.ServletContextHandler@75e8f98d{/,null,UNAVAILABLE}
14:07:29.883 [Test worker] INFO  o.e.j.s.AbstractConnector - Stopped ServerConnector@462dd5ce{HTTP/1.1, (http/1.1)}{0.0.0.0:0}
14:07:29.895 [Test worker] DEBUG o.s.w.t.h.s.r.b.JettyHttpServer - Server stopped (0 millis).
14:07:30.062 [Test worker] DEBUG o.s.w.r.r.m.a.RequestMappingHandlerMapping - 9 mappings in 'requestMappingHandlerMapping'
14:07:30.132 [Test worker] DEBUG o.s.w.r.r.m.a.ControllerMethodResolver - ControllerAdvice beans: none
14:07:30.318 [Test worker] DEBUG o.s.w.s.a.HttpWebHandlerAdapter - enableLoggingRequestDetails='false': form data and headers will be masked to prevent unsafe logging of potentially sensitive data
14:07:30.328 [Test worker] DEBUG o.s.w.t.h.s.r.b.ReactorHttpServer - Starting ReactorHttpServer...
14:07:30.331 [Test worker] DEBUG o.s.w.t.h.s.r.b.ReactorHttpServer - Server started on port 60634(0 millis).
14:07:30.341 [Test worker] DEBUG o.s.w.c.RestTemplate - HTTP POST http://localhost:60634/request/mono
14:07:30.356 [Test worker] DEBUG o.s.w.c.RestTemplate - Accept=[text/plain, application/json, application/x-jackson-smile, application/*+json, */*]
14:07:30.428 [Test worker] DEBUG o.s.w.c.RestTemplate - Writing [org.springframework.web.reactive.result.method.annotation.JacksonHintsIntegrationTests$JacksonViewBean@689d0046] as "application/json"
14:07:30.566 [reactor-http-nio-2] DEBUG o.s.w.s.a.HttpWebHandlerAdapter - [7987da09-5] HTTP POST "/request/mono"
14:07:30.567 [reactor-http-nio-2] DEBUG o.s.w.r.r.m.a.RequestMappingHandlerMapping - [7987da09-5] Mapped to org.springframework.web.reactive.result.method.annotation.JacksonHintsIntegrationTests$JsonViewRestController#monoRequest(Mono)
14:07:30.568 [reactor-http-nio-2] DEBUG o.s.w.r.r.m.a.RequestBodyMethodArgumentResolver - [7987da09-5] Content-Type:application/json
14:07:30.569 [reactor-http-nio-2] DEBUG o.s.w.r.r.m.a.RequestBodyMethodArgumentResolver - [7987da09-5] 0..1 [org.springframework.web.reactive.result.method.annotation.JacksonHintsIntegrationTests$JacksonViewBean]
14:07:30.571 [reactor-http-nio-2] DEBUG o.s.w.r.r.m.a.ResponseBodyResultHandler - Using 'application/json' given [application/json] and supported [application/json, application/*+json, application/x-jackson-smile, application/*+x-jackson-smile, text/event-stream]
14:07:30.571 [reactor-http-nio-2] DEBUG o.s.w.r.r.m.a.ResponseBodyResultHandler - [7987da09-5] 0..1 [org.springframework.web.reactive.result.method.annotation.JacksonHintsIntegrationTests$JacksonViewBean]
14:07:30.572 [reactor-http-nio-2] DEBUG o.s.h.c.j.Jackson2JsonDecoder - [7987da09-5] Decoded [org.springframework.web.reactive.result.method.annotation.JacksonHintsIntegrationTests$JacksonViewBe (truncated)...]
14:07:30.572 [reactor-http-nio-2] DEBUG o.s.h.c.j.Jackson2JsonEncoder - [7987da09-5] Encoding [org.springframework.web.reactive.result.method.annotation.JacksonHintsIntegrationTests$JacksonViewBe (truncated)...]
14:07:30.573 [reactor-http-nio-2] DEBUG o.s.w.s.a.HttpWebHandlerAdapter - [7987da09-5] Completed 200 OK
14:07:30.573 [Test worker] DEBUG o.s.w.c.RestTemplate - Response 200 OK
14:07:30.573 [Test worker] DEBUG o.s.w.c.RestTemplate - Reading to [java.lang.String] as "application/json"
14:07:30.574 [Test worker] DEBUG o.s.w.t.h.s.r.b.ReactorHttpServer - Stopping ReactorHttpServer...
14:07:30.574 [Test worker] DEBUG o.s.w.t.h.s.r.b.ReactorHttpServer - Server stopped (0 millis).
14:07:30.735 [Test worker] DEBUG o.s.w.r.r.m.a.RequestMappingHandlerMapping - 9 mappings in 'requestMappingHandlerMapping'
14:07:30.962 [Test worker] DEBUG o.s.w.r.r.m.a.ControllerMethodResolver - ControllerAdvice beans: none
14:07:31.076 [Test worker] DEBUG o.s.w.s.a.HttpWebHandlerAdapter - enableLoggingRequestDetails='false': form data and headers will be masked to prevent unsafe logging of potentially sensitive data
14:07:31.077 [Test worker] DEBUG o.s.w.t.h.s.r.b.TomcatHttpServer - Starting TomcatHttpServer...
14:07:31.175 [Test worker] DEBUG o.s.w.t.h.s.r.b.TomcatHttpServer - Server started on port 60640(0 millis).
14:07:31.175 [Test worker] DEBUG o.s.w.c.RestTemplate - HTTP POST http://localhost:60640/request/mono
14:07:31.175 [Test worker] DEBUG o.s.w.c.RestTemplate - Accept=[text/plain, application/json, application/x-jackson-smile, application/*+json, */*]
14:07:31.176 [Test worker] DEBUG o.s.w.c.RestTemplate - Writing [org.springframework.web.reactive.result.method.annotation.JacksonHintsIntegrationTests$JacksonViewBean@42f18fbc] as "application/json"
14:07:31.180 [http-nio-auto-5-exec-1] DEBUG o.s.w.s.a.HttpWebHandlerAdapter - [5e152c92] HTTP POST "/request/mono"
14:07:31.181 [http-nio-auto-5-exec-1] DEBUG o.s.w.r.r.m.a.RequestMappingHandlerMapping - [5e152c92] Mapped to org.springframework.web.reactive.result.method.annotation.JacksonHintsIntegrationTests$JsonViewRestController#monoRequest(Mono)
14:07:31.182 [http-nio-auto-5-exec-1] DEBUG o.s.w.r.r.m.a.RequestBodyMethodArgumentResolver - [5e152c92] Content-Type:application/json
14:07:31.183 [http-nio-auto-5-exec-1] DEBUG o.s.w.r.r.m.a.RequestBodyMethodArgumentResolver - [5e152c92] 0..1 [org.springframework.web.reactive.result.method.annotation.JacksonHintsIntegrationTests$JacksonViewBean]
14:07:31.185 [http-nio-auto-5-exec-1] DEBUG o.s.w.r.r.m.a.ResponseBodyResultHandler - Using 'application/json' given [application/json] and supported [application/json, application/*+json, application/x-jackson-smile, application/*+x-jackson-smile, text/event-stream]
14:07:31.185 [http-nio-auto-5-exec-1] DEBUG o.s.w.r.r.m.a.ResponseBodyResultHandler - [5e152c92] 0..1 [org.springframework.web.reactive.result.method.annotation.JacksonHintsIntegrationTests$JacksonViewBean]
14:07:31.186 [http-nio-auto-5-exec-1] DEBUG o.s.h.c.j.Jackson2JsonDecoder - [5e152c92] Decoded [org.springframework.web.reactive.result.method.annotation.JacksonHintsIntegrationTests$JacksonViewBe (truncated)...]
14:07:31.186 [http-nio-auto-5-exec-1] DEBUG o.s.h.c.j.Jackson2JsonEncoder - [5e152c92] Encoding [org.springframework.web.reactive.result.method.annotation.JacksonHintsIntegrationTests$JacksonViewBe (truncated)...]
14:07:31.187 [http-nio-auto-5-exec-1] DEBUG o.s.w.s.a.HttpWebHandlerAdapter - [5e152c92] Completed 200 OK
14:07:31.188 [Test worker] DEBUG o.s.w.c.RestTemplate - Response 200 OK
14:07:31.188 [Test worker] DEBUG o.s.w.c.RestTemplate - Reading to [java.lang.String] as "application/json"
14:07:31.189 [Test worker] DEBUG o.s.w.t.h.s.r.b.TomcatHttpServer - Stopping TomcatHttpServer...
14:07:31.201 [Test worker] DEBUG o.s.w.t.h.s.r.b.TomcatHttpServer - Server stopped (0 millis).
14:07:31.451 [Test worker] DEBUG o.s.w.r.r.m.a.RequestMappingHandlerMapping - 9 mappings in 'requestMappingHandlerMapping'
14:07:31.577 [Test worker] DEBUG o.s.w.r.r.m.a.ControllerMethodResolver - ControllerAdvice beans: none
14:07:31.715 [Test worker] DEBUG o.s.w.s.a.HttpWebHandlerAdapter - enableLoggingRequestDetails='false': form data and headers will be masked to prevent unsafe logging of potentially sensitive data
14:07:31.715 [Test worker] DEBUG o.s.w.t.h.s.r.b.UndertowHttpServer - Starting UndertowHttpServer...
14:07:31.716 [Test worker] INFO  i.undertow - starting server: Undertow - 2.1.3.Final
14:07:31.768 [Test worker] DEBUG o.s.w.t.h.s.r.b.UndertowHttpServer - Server started on port 60647(0 millis).
14:07:31.769 [Test worker] DEBUG o.s.w.c.RestTemplate - HTTP POST http://localhost:60647/request/mono
14:07:31.769 [Test worker] DEBUG o.s.w.c.RestTemplate - Accept=[text/plain, application/json, application/x-jackson-smile, application/*+json, */*]
14:07:31.770 [Test worker] DEBUG o.s.w.c.RestTemplate - Writing [org.springframework.web.reactive.result.method.annotation.JacksonHintsIntegrationTests$JacksonViewBean@3744256f] as "application/json"
14:07:31.774 [XNIO-5 I/O-3] DEBUG o.s.w.s.a.HttpWebHandlerAdapter - [6a397f2] HTTP POST "/request/mono"
14:07:31.774 [XNIO-5 I/O-3] DEBUG o.s.w.r.r.m.a.RequestMappingHandlerMapping - [6a397f2] Mapped to org.springframework.web.reactive.result.method.annotation.JacksonHintsIntegrationTests$JsonViewRestController#monoRequest(Mono)
14:07:31.776 [XNIO-5 I/O-3] DEBUG o.s.w.r.r.m.a.RequestBodyMethodArgumentResolver - [6a397f2] Content-Type:application/json
14:07:31.776 [XNIO-5 I/O-3] DEBUG o.s.w.r.r.m.a.RequestBodyMethodArgumentResolver - [6a397f2] 0..1 [org.springframework.web.reactive.result.method.annotation.JacksonHintsIntegrationTests$JacksonViewBean]
14:07:31.778 [XNIO-5 I/O-3] DEBUG o.s.w.r.r.m.a.ResponseBodyResultHandler - Using 'application/json' given [application/json] and supported [application/json, application/*+json, application/x-jackson-smile, application/*+x-jackson-smile, text/event-stream]
14:07:31.778 [XNIO-5 I/O-3] DEBUG o.s.w.r.r.m.a.ResponseBodyResultHandler - [6a397f2] 0..1 [org.springframework.web.reactive.result.method.annotation.JacksonHintsIntegrationTests$JacksonViewBean]
14:07:31.779 [XNIO-5 I/O-3] DEBUG o.s.h.c.j.Jackson2JsonDecoder - [6a397f2] Decoded [org.springframework.web.reactive.result.method.annotation.JacksonHintsIntegrationTests$JacksonViewBe (truncated)...]
14:07:31.779 [XNIO-5 I/O-3] DEBUG o.s.h.c.j.Jackson2JsonEncoder - [6a397f2] Encoding [org.springframework.web.reactive.result.method.annotation.JacksonHintsIntegrationTests$JacksonViewBe (truncated)...]
14:07:31.780 [XNIO-5 I/O-3] DEBUG o.s.w.s.a.HttpWebHandlerAdapter - [6a397f2] Completed 200 OK
14:07:31.962 [Test worker] DEBUG o.s.w.c.RestTemplate - Response 200 OK
14:07:32.022 [Test worker] DEBUG o.s.w.c.RestTemplate - Reading to [java.lang.String] as "application/json"
14:07:32.023 [Test worker] DEBUG o.s.w.t.h.s.r.b.UndertowHttpServer - Stopping UndertowHttpServer...
14:07:32.023 [Test worker] INFO  i.undertow - stopping server: Undertow - 2.1.3.Final
14:07:32.027 [Test worker] DEBUG o.s.w.t.h.s.r.b.UndertowHttpServer - Server stopped (0 millis).
14:07:32.339 [Test worker] DEBUG o.s.w.r.r.m.a.RequestMappingHandlerMapping - 9 mappings in 'requestMappingHandlerMapping'
14:07:32.472 [Test worker] DEBUG o.s.w.r.r.m.a.ControllerMethodResolver - ControllerAdvice beans: none
14:07:32.568 [Test worker] DEBUG o.s.w.s.a.HttpWebHandlerAdapter - enableLoggingRequestDetails='false': form data and headers will be masked to prevent unsafe logging of potentially sensitive data
14:07:32.568 [Test worker] WARN  o.e.j.s.h.ContextHandler - Empty contextPath
14:07:32.569 [Test worker] INFO  o.e.j.s.h.ContextHandler - Started o.e.j.s.ServletContextHandler@2268d00c{/,null,AVAILABLE}
14:07:32.569 [Test worker] DEBUG o.s.w.t.h.s.r.b.JettyHttpServer - Starting JettyHttpServer...
14:07:32.569 [Test worker] INFO  o.e.j.s.Server - jetty-9.4.30.v20200611; built: 2020-06-11T12:34:51.929Z; git: 271836e4c1f4612f12b7bb13ef5a92a927634b0d; jvm 1.8.0_73-b02
14:07:32.609 [Test worker] INFO  o.e.j.s.AbstractConnector - Started ServerConnector@3534ef62{HTTP/1.1, (http/1.1)}{0.0.0.0:60654}
14:07:32.609 [Test worker] INFO  o.e.j.s.Server - Started @52329ms
14:07:32.610 [Test worker] DEBUG o.s.w.t.h.s.r.b.JettyHttpServer - Server started on port 60654(0 millis).
14:07:32.610 [Test worker] DEBUG o.s.w.c.RestTemplate - HTTP GET http://localhost:60654/response/raw
14:07:32.610 [Test worker] DEBUG o.s.w.c.RestTemplate - Accept=[text/plain, application/json, application/x-jackson-smile, application/*+json, */*]
14:07:32.613 [qtp960283430-281] DEBUG o.s.w.s.a.HttpWebHandlerAdapter - [174a6d1a] HTTP GET "/response/raw"
14:07:32.614 [qtp960283430-281] DEBUG o.s.w.r.r.m.a.RequestMappingHandlerMapping - [174a6d1a] Mapped to org.springframework.web.reactive.result.method.annotation.JacksonHintsIntegrationTests$JsonViewRestController#rawResponse()
14:07:32.616 [qtp960283430-281] DEBUG o.s.w.r.r.m.a.ResponseBodyResultHandler - Using 'application/json' given [application/json] and supported [application/json, application/*+json, application/x-jackson-smile, application/*+x-jackson-smile, text/event-stream]
14:07:32.616 [qtp960283430-281] DEBUG o.s.w.r.r.m.a.ResponseBodyResultHandler - [174a6d1a] 0..1 [org.springframework.web.reactive.result.method.annotation.JacksonHintsIntegrationTests$JacksonViewBean]
14:07:32.616 [qtp960283430-281] DEBUG o.s.h.c.j.Jackson2JsonEncoder - [174a6d1a] Encoding [org.springframework.web.reactive.result.method.annotation.JacksonHintsIntegrationTests$JacksonViewBe (truncated)...]
14:07:32.617 [qtp960283430-281] DEBUG o.s.w.s.a.HttpWebHandlerAdapter - [174a6d1a] Completed 200 OK
14:07:32.617 [Test worker] DEBUG o.s.w.c.RestTemplate - Response 200 OK
14:07:32.618 [Test worker] DEBUG o.s.w.c.RestTemplate - Reading to [java.lang.String] as "application/json"
14:07:32.618 [Test worker] DEBUG o.s.w.t.h.s.r.b.JettyHttpServer - Stopping JettyHttpServer...
14:07:32.619 [Test worker] INFO  o.e.j.s.h.ContextHandler - Stopped o.e.j.s.ServletContextHandler@2268d00c{/,null,UNAVAILABLE}
14:07:32.628 [Test worker] INFO  o.e.j.s.AbstractConnector - Stopped ServerConnector@3534ef62{HTTP/1.1, (http/1.1)}{0.0.0.0:0}
14:07:32.653 [Test worker] DEBUG o.s.w.t.h.s.r.b.JettyHttpServer - Server stopped (0 millis).
14:07:32.876 [Test worker] DEBUG o.s.w.r.r.m.a.RequestMappingHandlerMapping - 9 mappings in 'requestMappingHandlerMapping'
14:07:32.992 [Test worker] DEBUG o.s.w.r.r.m.a.ControllerMethodResolver - ControllerAdvice beans: none
14:07:33.054 [Test worker] DEBUG o.s.w.s.a.HttpWebHandlerAdapter - enableLoggingRequestDetails='false': form data and headers will be masked to prevent unsafe logging of potentially sensitive data
14:07:33.054 [Test worker] DEBUG o.s.w.t.h.s.r.b.ReactorHttpServer - Starting ReactorHttpServer...
14:07:33.056 [Test worker] DEBUG o.s.w.t.h.s.r.b.ReactorHttpServer - Server started on port 60665(0 millis).
14:07:33.057 [Test worker] DEBUG o.s.w.c.RestTemplate - HTTP GET http://localhost:60665/response/raw
14:07:33.057 [Test worker] DEBUG o.s.w.c.RestTemplate - Accept=[text/plain, application/json, application/x-jackson-smile, application/*+json, */*]
14:07:33.060 [reactor-http-nio-4] DEBUG o.s.w.s.a.HttpWebHandlerAdapter - [2a728c38-6] HTTP GET "/response/raw"
14:07:33.061 [reactor-http-nio-4] DEBUG o.s.w.r.r.m.a.RequestMappingHandlerMapping - [2a728c38-6] Mapped to org.springframework.web.reactive.result.method.annotation.JacksonHintsIntegrationTests$JsonViewRestController#rawResponse()
14:07:33.063 [reactor-http-nio-4] DEBUG o.s.w.r.r.m.a.ResponseBodyResultHandler - Using 'application/json' given [application/json] and supported [application/json, application/*+json, application/x-jackson-smile, application/*+x-jackson-smile, text/event-stream]
14:07:33.063 [reactor-http-nio-4] DEBUG o.s.w.r.r.m.a.ResponseBodyResultHandler - [2a728c38-6] 0..1 [org.springframework.web.reactive.result.method.annotation.JacksonHintsIntegrationTests$JacksonViewBean]
14:07:33.063 [reactor-http-nio-4] DEBUG o.s.h.c.j.Jackson2JsonEncoder - [2a728c38-6] Encoding [org.springframework.web.reactive.result.method.annotation.JacksonHintsIntegrationTests$JacksonViewBe (truncated)...]
14:07:33.065 [reactor-http-nio-4] DEBUG o.s.w.s.a.HttpWebHandlerAdapter - [2a728c38-6] Completed 200 OK
14:07:33.065 [Test worker] DEBUG o.s.w.c.RestTemplate - Response 200 OK
14:07:33.065 [Test worker] DEBUG o.s.w.c.RestTemplate - Reading to [java.lang.String] as "application/json"
14:07:33.065 [Test worker] DEBUG o.s.w.t.h.s.r.b.ReactorHttpServer - Stopping ReactorHttpServer...
14:07:33.066 [Test worker] DEBUG o.s.w.t.h.s.r.b.ReactorHttpServer - Server stopped (0 millis).
14:07:33.311 [Test worker] DEBUG o.s.w.r.r.m.a.RequestMappingHandlerMapping - 9 mappings in 'requestMappingHandlerMapping'
14:07:33.399 [Test worker] DEBUG o.s.w.r.r.m.a.ControllerMethodResolver - ControllerAdvice beans: none
14:07:33.482 [Test worker] DEBUG o.s.w.s.a.HttpWebHandlerAdapter - enableLoggingRequestDetails='false': form data and headers will be masked to prevent unsafe logging of potentially sensitive data
14:07:33.482 [Test worker] DEBUG o.s.w.t.h.s.r.b.TomcatHttpServer - Starting TomcatHttpServer...
14:07:33.493 [Test worker] DEBUG o.s.w.t.h.s.r.b.TomcatHttpServer - Server started on port 60675(0 millis).
14:07:33.493 [Test worker] DEBUG o.s.w.c.RestTemplate - HTTP GET http://localhost:60675/response/raw
14:07:33.493 [Test worker] DEBUG o.s.w.c.RestTemplate - Accept=[text/plain, application/json, application/x-jackson-smile, application/*+json, */*]
14:07:33.498 [http-nio-auto-6-exec-1] DEBUG o.s.w.s.a.HttpWebHandlerAdapter - [4ef14cae] HTTP GET "/response/raw"
14:07:33.498 [http-nio-auto-6-exec-1] DEBUG o.s.w.r.r.m.a.RequestMappingHandlerMapping - [4ef14cae] Mapped to org.springframework.web.reactive.result.method.annotation.JacksonHintsIntegrationTests$JsonViewRestController#rawResponse()
14:07:33.500 [http-nio-auto-6-exec-1] DEBUG o.s.w.r.r.m.a.ResponseBodyResultHandler - Using 'application/json' given [application/json] and supported [application/json, application/*+json, application/x-jackson-smile, application/*+x-jackson-smile, text/event-stream]
14:07:33.500 [http-nio-auto-6-exec-1] DEBUG o.s.w.r.r.m.a.ResponseBodyResultHandler - [4ef14cae] 0..1 [org.springframework.web.reactive.result.method.annotation.JacksonHintsIntegrationTests$JacksonViewBean]
14:07:33.501 [http-nio-auto-6-exec-1] DEBUG o.s.h.c.j.Jackson2JsonEncoder - [4ef14cae] Encoding [org.springframework.web.reactive.result.method.annotation.JacksonHintsIntegrationTests$JacksonViewBe (truncated)...]
14:07:33.502 [http-nio-auto-6-exec-1] DEBUG o.s.w.s.a.HttpWebHandlerAdapter - [4ef14cae] Completed 200 OK
14:07:33.503 [Test worker] DEBUG o.s.w.c.RestTemplate - Response 200 OK
14:07:33.503 [Test worker] DEBUG o.s.w.c.RestTemplate - Reading to [java.lang.String] as "application/json"
14:07:33.504 [Test worker] DEBUG o.s.w.t.h.s.r.b.TomcatHttpServer - Stopping TomcatHttpServer...
14:07:33.524 [Test worker] DEBUG o.s.w.t.h.s.r.b.TomcatHttpServer - Server stopped (0 millis).
14:07:33.727 [Test worker] DEBUG o.s.w.r.r.m.a.RequestMappingHandlerMapping - 9 mappings in 'requestMappingHandlerMapping'
14:07:33.809 [Test worker] DEBUG o.s.w.r.r.m.a.ControllerMethodResolver - ControllerAdvice beans: none
14:07:33.836 [Test worker] DEBUG o.s.w.s.a.HttpWebHandlerAdapter - enableLoggingRequestDetails='false': form data and headers will be masked to prevent unsafe logging of potentially sensitive data
14:07:33.836 [Test worker] DEBUG o.s.w.t.h.s.r.b.UndertowHttpServer - Starting UndertowHttpServer...
14:07:33.836 [Test worker] INFO  i.undertow - starting server: Undertow - 2.1.3.Final
14:07:33.841 [Test worker] DEBUG o.s.w.t.h.s.r.b.UndertowHttpServer - Server started on port 60686(0 millis).
14:07:33.841 [Test worker] DEBUG o.s.w.c.RestTemplate - HTTP GET http://localhost:60686/response/raw
14:07:33.841 [Test worker] DEBUG o.s.w.c.RestTemplate - Accept=[text/plain, application/json, application/x-jackson-smile, application/*+json, */*]
14:07:33.844 [XNIO-6 I/O-7] DEBUG o.s.w.s.a.HttpWebHandlerAdapter - [1e210e50] HTTP GET "/response/raw"
14:07:33.844 [XNIO-6 I/O-7] DEBUG o.s.w.r.r.m.a.RequestMappingHandlerMapping - [1e210e50] Mapped to org.springframework.web.reactive.result.method.annotation.JacksonHintsIntegrationTests$JsonViewRestController#rawResponse()
14:07:33.847 [XNIO-6 I/O-7] DEBUG o.s.w.r.r.m.a.ResponseBodyResultHandler - Using 'application/json' given [application/json] and supported [application/json, application/*+json, application/x-jackson-smile, application/*+x-jackson-smile, text/event-stream]
14:07:33.847 [XNIO-6 I/O-7] DEBUG o.s.w.r.r.m.a.ResponseBodyResultHandler - [1e210e50] 0..1 [org.springframework.web.reactive.result.method.annotation.JacksonHintsIntegrationTests$JacksonViewBean]
14:07:33.847 [XNIO-6 I/O-7] DEBUG o.s.h.c.j.Jackson2JsonEncoder - [1e210e50] Encoding [org.springframework.web.reactive.result.method.annotation.JacksonHintsIntegrationTests$JacksonViewBe (truncated)...]
14:07:33.848 [XNIO-6 I/O-7] DEBUG o.s.w.s.a.HttpWebHandlerAdapter - [1e210e50] Completed 200 OK
14:07:33.848 [Test worker] DEBUG o.s.w.c.RestTemplate - Response 200 OK
14:07:33.848 [Test worker] DEBUG o.s.w.c.RestTemplate - Reading to [java.lang.String] as "application/json"
14:07:33.849 [Test worker] DEBUG o.s.w.t.h.s.r.b.UndertowHttpServer - Stopping UndertowHttpServer...
14:07:33.849 [Test worker] INFO  i.undertow - stopping server: Undertow - 2.1.3.Final
14:07:33.853 [Test worker] DEBUG o.s.w.t.h.s.r.b.UndertowHttpServer - Server stopped (0 millis).
14:07:34.099 [Test worker] DEBUG o.s.w.r.r.m.a.RequestMappingHandlerMapping - 9 mappings in 'requestMappingHandlerMapping'
14:07:34.154 [Test worker] DEBUG o.s.w.r.r.m.a.ControllerMethodResolver - ControllerAdvice beans: none
14:07:34.251 [Test worker] DEBUG o.s.w.s.a.HttpWebHandlerAdapter - enableLoggingRequestDetails='false': form data and headers will be masked to prevent unsafe logging of potentially sensitive data
14:07:34.252 [Test worker] WARN  o.e.j.s.h.ContextHandler - Empty contextPath
14:07:34.252 [Test worker] INFO  o.e.j.s.h.ContextHandler - Started o.e.j.s.ServletContextHandler@7fc5ef04{/,null,AVAILABLE}
14:07:34.253 [Test worker] DEBUG o.s.w.t.h.s.r.b.JettyHttpServer - Starting JettyHttpServer...
14:07:34.253 [Test worker] INFO  o.e.j.s.Server - jetty-9.4.30.v20200611; built: 2020-06-11T12:34:51.929Z; git: 271836e4c1f4612f12b7bb13ef5a92a927634b0d; jvm 1.8.0_73-b02
14:07:34.257 [Test worker] INFO  o.e.j.s.AbstractConnector - Started ServerConnector@6c1665d6{HTTP/1.1, (http/1.1)}{0.0.0.0:60696}
14:07:34.257 [Test worker] INFO  o.e.j.s.Server - Started @53977ms
14:07:34.257 [Test worker] DEBUG o.s.w.t.h.s.r.b.JettyHttpServer - Server started on port 60696(0 millis).
14:07:34.257 [Test worker] DEBUG o.s.w.c.RestTemplate - HTTP GET http://localhost:60696/response/flux
14:07:34.258 [Test worker] DEBUG o.s.w.c.RestTemplate - Accept=[text/plain, application/json, application/x-jackson-smile, application/*+json, */*]
14:07:34.260 [qtp2116720795-314] DEBUG o.s.w.s.a.HttpWebHandlerAdapter - [2357f95e] HTTP GET "/response/flux"
14:07:34.261 [qtp2116720795-314] DEBUG o.s.w.r.r.m.a.RequestMappingHandlerMapping - [2357f95e] Mapped to org.springframework.web.reactive.result.method.annotation.JacksonHintsIntegrationTests$JsonViewRestController#fluxResponse()
14:07:34.263 [qtp2116720795-314] DEBUG o.s.w.r.r.m.a.ResponseBodyResultHandler - Using 'application/json' given [application/json] and supported [application/json, application/*+json, application/x-jackson-smile, application/*+x-jackson-smile, text/event-stream]
14:07:34.263 [qtp2116720795-314] DEBUG o.s.w.r.r.m.a.ResponseBodyResultHandler - [2357f95e] 0..N [org.springframework.web.reactive.result.method.annotation.JacksonHintsIntegrationTests$JacksonViewBean]
14:07:34.264 [qtp2116720795-314] DEBUG o.s.h.c.j.Jackson2JsonEncoder - [2357f95e] Encoding [[org.springframework.web.reactive.result.method.annotation.JacksonHintsIntegrationTests$JacksonViewB (truncated)...]
14:07:34.264 [qtp2116720795-314] DEBUG o.s.w.s.a.HttpWebHandlerAdapter - [2357f95e] Completed 200 OK
14:07:34.265 [Test worker] DEBUG o.s.w.c.RestTemplate - Response 200 OK
14:07:34.265 [Test worker] DEBUG o.s.w.c.RestTemplate - Reading to [java.lang.String] as "application/json"
14:07:34.265 [Test worker] DEBUG o.s.w.t.h.s.r.b.JettyHttpServer - Stopping JettyHttpServer...
14:07:34.266 [Test worker] INFO  o.e.j.s.h.ContextHandler - Stopped o.e.j.s.ServletContextHandler@7fc5ef04{/,null,UNAVAILABLE}
14:07:34.267 [Test worker] INFO  o.e.j.s.AbstractConnector - Stopped ServerConnector@6c1665d6{HTTP/1.1, (http/1.1)}{0.0.0.0:0}
14:07:34.278 [Test worker] DEBUG o.s.w.t.h.s.r.b.JettyHttpServer - Server stopped (0 millis).
14:07:34.431 [Test worker] DEBUG o.s.w.r.r.m.a.RequestMappingHandlerMapping - 9 mappings in 'requestMappingHandlerMapping'
14:07:34.509 [Test worker] DEBUG o.s.w.r.r.m.a.ControllerMethodResolver - ControllerAdvice beans: none
14:07:34.575 [Test worker] DEBUG o.s.w.s.a.HttpWebHandlerAdapter - enableLoggingRequestDetails='false': form data and headers will be masked to prevent unsafe logging of potentially sensitive data
14:07:34.575 [Test worker] DEBUG o.s.w.t.h.s.r.b.ReactorHttpServer - Starting ReactorHttpServer...
14:07:34.576 [Test worker] DEBUG o.s.w.t.h.s.r.b.ReactorHttpServer - Server started on port 60704(0 millis).
14:07:34.577 [Test worker] DEBUG o.s.w.c.RestTemplate - HTTP GET http://localhost:60704/response/flux
14:07:34.577 [Test worker] DEBUG o.s.w.c.RestTemplate - Accept=[text/plain, application/json, application/x-jackson-smile, application/*+json, */*]
14:07:34.580 [reactor-http-nio-6] DEBUG o.s.w.s.a.HttpWebHandlerAdapter - [b5c2fe12-7] HTTP GET "/response/flux"
14:07:34.580 [reactor-http-nio-6] DEBUG o.s.w.r.r.m.a.RequestMappingHandlerMapping - [b5c2fe12-7] Mapped to org.springframework.web.reactive.result.method.annotation.JacksonHintsIntegrationTests$JsonViewRestController#fluxResponse()
14:07:34.583 [reactor-http-nio-6] DEBUG o.s.w.r.r.m.a.ResponseBodyResultHandler - Using 'application/json' given [application/json] and supported [application/json, application/*+json, application/x-jackson-smile, application/*+x-jackson-smile, text/event-stream]
14:07:34.583 [reactor-http-nio-6] DEBUG o.s.w.r.r.m.a.ResponseBodyResultHandler - [b5c2fe12-7] 0..N [org.springframework.web.reactive.result.method.annotation.JacksonHintsIntegrationTests$JacksonViewBean]
14:07:34.584 [reactor-http-nio-6] DEBUG o.s.h.c.j.Jackson2JsonEncoder - [b5c2fe12-7] Encoding [[org.springframework.web.reactive.result.method.annotation.JacksonHintsIntegrationTests$JacksonViewB (truncated)...]
14:07:34.585 [Test worker] DEBUG o.s.w.c.RestTemplate - Response 200 OK
14:07:34.586 [reactor-http-nio-6] DEBUG o.s.w.s.a.HttpWebHandlerAdapter - [b5c2fe12-7] Completed 200 OK
14:07:34.586 [Test worker] DEBUG o.s.w.c.RestTemplate - Reading to [java.lang.String] as "application/json"
14:07:34.586 [Test worker] DEBUG o.s.w.t.h.s.r.b.ReactorHttpServer - Stopping ReactorHttpServer...
14:07:34.586 [Test worker] DEBUG o.s.w.t.h.s.r.b.ReactorHttpServer - Server stopped (0 millis).
14:07:34.740 [Test worker] DEBUG o.s.w.r.r.m.a.RequestMappingHandlerMapping - 9 mappings in 'requestMappingHandlerMapping'
14:07:34.796 [Test worker] DEBUG o.s.w.r.r.m.a.ControllerMethodResolver - ControllerAdvice beans: none
14:07:34.854 [Test worker] DEBUG o.s.w.s.a.HttpWebHandlerAdapter - enableLoggingRequestDetails='false': form data and headers will be masked to prevent unsafe logging of potentially sensitive data
14:07:34.855 [Test worker] DEBUG o.s.w.t.h.s.r.b.TomcatHttpServer - Starting TomcatHttpServer...
14:07:34.865 [Test worker] DEBUG o.s.w.t.h.s.r.b.TomcatHttpServer - Server started on port 60710(0 millis).
14:07:34.865 [Test worker] DEBUG o.s.w.c.RestTemplate - HTTP GET http://localhost:60710/response/flux
14:07:34.865 [Test worker] DEBUG o.s.w.c.RestTemplate - Accept=[text/plain, application/json, application/x-jackson-smile, application/*+json, */*]
14:07:34.869 [http-nio-auto-7-exec-1] DEBUG o.s.w.s.a.HttpWebHandlerAdapter - [45f9f41a] HTTP GET "/response/flux"
14:07:34.869 [http-nio-auto-7-exec-1] DEBUG o.s.w.r.r.m.a.RequestMappingHandlerMapping - [45f9f41a] Mapped to org.springframework.web.reactive.result.method.annotation.JacksonHintsIntegrationTests$JsonViewRestController#fluxResponse()
14:07:34.872 [http-nio-auto-7-exec-1] DEBUG o.s.w.r.r.m.a.ResponseBodyResultHandler - Using 'application/json' given [application/json] and supported [application/json, application/*+json, application/x-jackson-smile, application/*+x-jackson-smile, text/event-stream]
14:07:34.872 [http-nio-auto-7-exec-1] DEBUG o.s.w.r.r.m.a.ResponseBodyResultHandler - [45f9f41a] 0..N [org.springframework.web.reactive.result.method.annotation.JacksonHintsIntegrationTests$JacksonViewBean]
14:07:34.872 [http-nio-auto-7-exec-1] DEBUG o.s.h.c.j.Jackson2JsonEncoder - [45f9f41a] Encoding [[org.springframework.web.reactive.result.method.annotation.JacksonHintsIntegrationTests$JacksonViewB (truncated)...]
14:07:34.873 [http-nio-auto-7-exec-1] DEBUG o.s.w.s.a.HttpWebHandlerAdapter - [45f9f41a] Completed 200 OK
14:07:34.874 [Test worker] DEBUG o.s.w.c.RestTemplate - Response 200 OK
14:07:34.876 [Test worker] DEBUG o.s.w.c.RestTemplate - Reading to [java.lang.String] as "application/json"
14:07:34.876 [Test worker] DEBUG o.s.w.t.h.s.r.b.TomcatHttpServer - Stopping TomcatHttpServer...
14:07:34.890 [Test worker] DEBUG o.s.w.t.h.s.r.b.TomcatHttpServer - Server stopped (0 millis).
14:07:35.026 [Test worker] DEBUG o.s.w.r.r.m.a.RequestMappingHandlerMapping - 9 mappings in 'requestMappingHandlerMapping'
14:07:35.103 [Test worker] DEBUG o.s.w.r.r.m.a.ControllerMethodResolver - ControllerAdvice beans: none
14:07:35.154 [Test worker] DEBUG o.s.w.s.a.HttpWebHandlerAdapter - enableLoggingRequestDetails='false': form data and headers will be masked to prevent unsafe logging of potentially sensitive data
14:07:35.154 [Test worker] DEBUG o.s.w.t.h.s.r.b.UndertowHttpServer - Starting UndertowHttpServer...
14:07:35.154 [Test worker] INFO  i.undertow - starting server: Undertow - 2.1.3.Final
14:07:35.165 [Test worker] DEBUG o.s.w.t.h.s.r.b.UndertowHttpServer - Server started on port 60717(0 millis).
14:07:35.165 [Test worker] DEBUG o.s.w.c.RestTemplate - HTTP GET http://localhost:60717/response/flux
14:07:35.166 [Test worker] DEBUG o.s.w.c.RestTemplate - Accept=[text/plain, application/json, application/x-jackson-smile, application/*+json, */*]
14:07:35.180 [XNIO-7 I/O-4] DEBUG o.s.w.s.a.HttpWebHandlerAdapter - [63e67d9f] HTTP GET "/response/flux"
14:07:35.180 [XNIO-7 I/O-4] DEBUG o.s.w.r.r.m.a.RequestMappingHandlerMapping - [63e67d9f] Mapped to org.springframework.web.reactive.result.method.annotation.JacksonHintsIntegrationTests$JsonViewRestController#fluxResponse()
14:07:35.183 [XNIO-7 I/O-4] DEBUG o.s.w.r.r.m.a.ResponseBodyResultHandler - Using 'application/json' given [application/json] and supported [application/json, application/*+json, application/x-jackson-smile, application/*+x-jackson-smile, text/event-stream]
14:07:35.183 [XNIO-7 I/O-4] DEBUG o.s.w.r.r.m.a.ResponseBodyResultHandler - [63e67d9f] 0..N [org.springframework.web.reactive.result.method.annotation.JacksonHintsIntegrationTests$JacksonViewBean]
14:07:35.183 [XNIO-7 I/O-4] DEBUG o.s.h.c.j.Jackson2JsonEncoder - [63e67d9f] Encoding [[org.springframework.web.reactive.result.method.annotation.JacksonHintsIntegrationTests$JacksonViewB (truncated)...]
14:07:35.184 [XNIO-7 I/O-4] DEBUG o.s.w.s.a.HttpWebHandlerAdapter - [63e67d9f] Completed 200 OK
14:07:35.185 [Test worker] DEBUG o.s.w.c.RestTemplate - Response 200 OK
14:07:35.185 [Test worker] DEBUG o.s.w.c.RestTemplate - Reading to [java.lang.String] as "application/json"
14:07:35.185 [Test worker] DEBUG o.s.w.t.h.s.r.b.UndertowHttpServer - Stopping UndertowHttpServer...
14:07:35.185 [Test worker] INFO  i.undertow - stopping server: Undertow - 2.1.3.Final
14:07:35.186 [Test worker] DEBUG o.s.w.t.h.s.r.b.UndertowHttpServer - Server stopped (0 millis).
14:07:35.322 [Test worker] DEBUG o.s.w.r.r.m.a.RequestMappingHandlerMapping - 9 mappings in 'requestMappingHandlerMapping'
14:07:35.403 [Test worker] DEBUG o.s.w.r.r.m.a.ControllerMethodResolver - ControllerAdvice beans: none
14:07:35.453 [Test worker] DEBUG o.s.w.s.a.HttpWebHandlerAdapter - enableLoggingRequestDetails='false': form data and headers will be masked to prevent unsafe logging of potentially sensitive data
14:07:35.454 [Test worker] WARN  o.e.j.s.h.ContextHandler - Empty contextPath
14:07:35.454 [Test worker] INFO  o.e.j.s.h.ContextHandler - Started o.e.j.s.ServletContextHandler@22d85029{/,null,AVAILABLE}
14:07:35.454 [Test worker] DEBUG o.s.w.t.h.s.r.b.JettyHttpServer - Starting JettyHttpServer...
14:07:35.454 [Test worker] INFO  o.e.j.s.Server - jetty-9.4.30.v20200611; built: 2020-06-11T12:34:51.929Z; git: 271836e4c1f4612f12b7bb13ef5a92a927634b0d; jvm 1.8.0_73-b02
14:07:35.458 [Test worker] INFO  o.e.j.s.AbstractConnector - Started ServerConnector@54d71a6a{HTTP/1.1, (http/1.1)}{0.0.0.0:60725}
14:07:35.458 [Test worker] INFO  o.e.j.s.Server - Started @55177ms
14:07:35.458 [Test worker] DEBUG o.s.w.t.h.s.r.b.JettyHttpServer - Server started on port 60725(0 millis).
14:07:35.458 [Test worker] DEBUG o.s.w.c.RestTemplate - HTTP POST http://localhost:60725/request/entity/flux
14:07:35.458 [Test worker] DEBUG o.s.w.c.RestTemplate - Accept=[text/plain, application/json, application/x-jackson-smile, application/*+json, */*]
14:07:35.459 [Test worker] DEBUG o.s.w.c.RestTemplate - Writing [[org.springframework.web.reactive.result.method.annotation.JacksonHintsIntegrationTests$JacksonViewBean@722fc491, org.springframework.web.reactive.result.method.annotation.JacksonHintsIntegrationTests$JacksonViewBean@c9ec409]] as "application/json"
14:07:35.462 [qtp114463437-347] DEBUG o.s.w.s.a.HttpWebHandlerAdapter - [1babf499] HTTP POST "/request/entity/flux"
14:07:35.462 [qtp114463437-347] DEBUG o.s.w.r.r.m.a.RequestMappingHandlerMapping - [1babf499] Mapped to org.springframework.web.reactive.result.method.annotation.JacksonHintsIntegrationTests$JsonViewRestController#entityFluxRequest(HttpEntity)
14:07:35.464 [qtp114463437-347] DEBUG o.s.w.r.r.m.a.HttpEntityMethodArgumentResolver - [1babf499] Content-Type:application/json
14:07:35.464 [qtp114463437-347] DEBUG o.s.w.r.r.m.a.HttpEntityMethodArgumentResolver - [1babf499] 0..N [org.springframework.web.reactive.result.method.annotation.JacksonHintsIntegrationTests$JacksonViewBean]
14:07:35.466 [qtp114463437-347] DEBUG o.s.w.r.r.m.a.ResponseBodyResultHandler - Using 'application/json' given [application/json] and supported [application/json, application/*+json, application/x-jackson-smile, application/*+x-jackson-smile, text/event-stream]
14:07:35.466 [qtp114463437-347] DEBUG o.s.w.r.r.m.a.ResponseBodyResultHandler - [1babf499] 0..N [org.springframework.web.reactive.result.method.annotation.JacksonHintsIntegrationTests$JacksonViewBean]
14:07:35.467 [qtp114463437-347] DEBUG o.s.h.c.j.Jackson2JsonDecoder - [1babf499] Decoded [org.springframework.web.reactive.result.method.annotation.JacksonHintsIntegrationTests$JacksonViewBe (truncated)...]
14:07:35.467 [qtp114463437-347] DEBUG o.s.h.c.j.Jackson2JsonDecoder - [1babf499] Decoded [org.springframework.web.reactive.result.method.annotation.JacksonHintsIntegrationTests$JacksonViewBe (truncated)...]
14:07:35.467 [qtp114463437-347] DEBUG o.s.h.c.j.Jackson2JsonEncoder - [1babf499] Encoding [[org.springframework.web.reactive.result.method.annotation.JacksonHintsIntegrationTests$JacksonViewB (truncated)...]
14:07:35.468 [qtp114463437-347] DEBUG o.s.w.s.a.HttpWebHandlerAdapter - [1babf499] Completed 200 OK
14:07:35.468 [Test worker] DEBUG o.s.w.c.RestTemplate - Response 200 OK
14:07:35.468 [Test worker] DEBUG o.s.w.c.RestTemplate - Reading to [java.lang.String] as "application/json"
14:07:35.468 [Test worker] DEBUG o.s.w.t.h.s.r.b.JettyHttpServer - Stopping JettyHttpServer...
14:07:35.469 [Test worker] INFO  o.e.j.s.h.ContextHandler - Stopped o.e.j.s.ServletContextHandler@22d85029{/,null,UNAVAILABLE}
14:07:35.470 [Test worker] INFO  o.e.j.s.AbstractConnector - Stopped ServerConnector@54d71a6a{HTTP/1.1, (http/1.1)}{0.0.0.0:0}
14:07:35.480 [Test worker] DEBUG o.s.w.t.h.s.r.b.JettyHttpServer - Server stopped (0 millis).
14:07:35.642 [Test worker] DEBUG o.s.w.r.r.m.a.RequestMappingHandlerMapping - 9 mappings in 'requestMappingHandlerMapping'
14:07:35.692 [Test worker] DEBUG o.s.w.r.r.m.a.ControllerMethodResolver - ControllerAdvice beans: none
14:07:35.757 [Test worker] DEBUG o.s.w.s.a.HttpWebHandlerAdapter - enableLoggingRequestDetails='false': form data and headers will be masked to prevent unsafe logging of potentially sensitive data
14:07:35.757 [Test worker] DEBUG o.s.w.t.h.s.r.b.ReactorHttpServer - Starting ReactorHttpServer...
14:07:35.762 [Test worker] DEBUG o.s.w.t.h.s.r.b.ReactorHttpServer - Server started on port 60731(0 millis).
14:07:35.762 [Test worker] DEBUG o.s.w.c.RestTemplate - HTTP POST http://localhost:60731/request/entity/flux
14:07:35.762 [Test worker] DEBUG o.s.w.c.RestTemplate - Accept=[text/plain, application/json, application/x-jackson-smile, application/*+json, */*]
14:07:35.763 [Test worker] DEBUG o.s.w.c.RestTemplate - Writing [[org.springframework.web.reactive.result.method.annotation.JacksonHintsIntegrationTests$JacksonViewBean@2b413af6, org.springframework.web.reactive.result.method.annotation.JacksonHintsIntegrationTests$JacksonViewBean@a8a27e5]] as "application/json"
14:07:35.766 [reactor-http-nio-8] DEBUG o.s.w.s.a.HttpWebHandlerAdapter - [8f5e69d5-8] HTTP POST "/request/entity/flux"
14:07:35.767 [reactor-http-nio-8] DEBUG o.s.w.r.r.m.a.RequestMappingHandlerMapping - [8f5e69d5-8] Mapped to org.springframework.web.reactive.result.method.annotation.JacksonHintsIntegrationTests$JsonViewRestController#entityFluxRequest(HttpEntity)
14:07:35.768 [reactor-http-nio-8] DEBUG o.s.w.r.r.m.a.HttpEntityMethodArgumentResolver - [8f5e69d5-8] Content-Type:application/json
14:07:35.769 [reactor-http-nio-8] DEBUG o.s.w.r.r.m.a.HttpEntityMethodArgumentResolver - [8f5e69d5-8] 0..N [org.springframework.web.reactive.result.method.annotation.JacksonHintsIntegrationTests$JacksonViewBean]
14:07:35.770 [reactor-http-nio-8] DEBUG o.s.w.r.r.m.a.ResponseBodyResultHandler - Using 'application/json' given [application/json] and supported [application/json, application/*+json, application/x-jackson-smile, application/*+x-jackson-smile, text/event-stream]
14:07:35.770 [reactor-http-nio-8] DEBUG o.s.w.r.r.m.a.ResponseBodyResultHandler - [8f5e69d5-8] 0..N [org.springframework.web.reactive.result.method.annotation.JacksonHintsIntegrationTests$JacksonViewBean]
14:07:35.771 [reactor-http-nio-8] DEBUG o.s.h.c.j.Jackson2JsonDecoder - [8f5e69d5-8] Decoded [org.springframework.web.reactive.result.method.annotation.JacksonHintsIntegrationTests$JacksonViewBe (truncated)...]
14:07:35.771 [reactor-http-nio-8] DEBUG o.s.h.c.j.Jackson2JsonDecoder - [8f5e69d5-8] Decoded [org.springframework.web.reactive.result.method.annotation.JacksonHintsIntegrationTests$JacksonViewBe (truncated)...]
14:07:35.772 [reactor-http-nio-8] DEBUG o.s.h.c.j.Jackson2JsonEncoder - [8f5e69d5-8] Encoding [[org.springframework.web.reactive.result.method.annotation.JacksonHintsIntegrationTests$JacksonViewB (truncated)...]
14:07:35.773 [Test worker] DEBUG o.s.w.c.RestTemplate - Response 200 OK
14:07:35.787 [Test worker] DEBUG o.s.w.c.RestTemplate - Reading to [java.lang.String] as "application/json"
14:07:35.787 [reactor-http-nio-8] DEBUG o.s.w.s.a.HttpWebHandlerAdapter - [8f5e69d5-8] Completed 200 OK
14:07:35.787 [Test worker] DEBUG o.s.w.t.h.s.r.b.ReactorHttpServer - Stopping ReactorHttpServer...
14:07:35.788 [Test worker] DEBUG o.s.w.t.h.s.r.b.ReactorHttpServer - Server stopped (0 millis).
14:07:35.913 [Test worker] DEBUG o.s.w.r.r.m.a.RequestMappingHandlerMapping - 9 mappings in 'requestMappingHandlerMapping'
14:07:35.991 [Test worker] DEBUG o.s.w.r.r.m.a.ControllerMethodResolver - ControllerAdvice beans: none
14:07:36.049 [Test worker] DEBUG o.s.w.s.a.HttpWebHandlerAdapter - enableLoggingRequestDetails='false': form data and headers will be masked to prevent unsafe logging of potentially sensitive data
14:07:36.049 [Test worker] DEBUG o.s.w.t.h.s.r.b.TomcatHttpServer - Starting TomcatHttpServer...
14:07:36.075 [Test worker] DEBUG o.s.w.t.h.s.r.b.TomcatHttpServer - Server started on port 60735(0 millis).
14:07:36.075 [Test worker] DEBUG o.s.w.c.RestTemplate - HTTP POST http://localhost:60735/request/entity/flux
14:07:36.076 [Test worker] DEBUG o.s.w.c.RestTemplate - Accept=[text/plain, application/json, application/x-jackson-smile, application/*+json, */*]
14:07:36.076 [Test worker] DEBUG o.s.w.c.RestTemplate - Writing [[org.springframework.web.reactive.result.method.annotation.JacksonHintsIntegrationTests$JacksonViewBean@47cd61f0, org.springframework.web.reactive.result.method.annotation.JacksonHintsIntegrationTests$JacksonViewBean@26009d2a]] as "application/json"
14:07:36.082 [http-nio-auto-8-exec-1] DEBUG o.s.w.s.a.HttpWebHandlerAdapter - [2a37e8df] HTTP POST "/request/entity/flux"
14:07:36.082 [http-nio-auto-8-exec-1] DEBUG o.s.w.r.r.m.a.RequestMappingHandlerMapping - [2a37e8df] Mapped to org.springframework.web.reactive.result.method.annotation.JacksonHintsIntegrationTests$JsonViewRestController#entityFluxRequest(HttpEntity)
14:07:36.083 [http-nio-auto-8-exec-1] DEBUG o.s.w.r.r.m.a.HttpEntityMethodArgumentResolver - [2a37e8df] Content-Type:application/json
14:07:36.084 [http-nio-auto-8-exec-1] DEBUG o.s.w.r.r.m.a.HttpEntityMethodArgumentResolver - [2a37e8df] 0..N [org.springframework.web.reactive.result.method.annotation.JacksonHintsIntegrationTests$JacksonViewBean]
14:07:36.086 [http-nio-auto-8-exec-1] DEBUG o.s.w.r.r.m.a.ResponseBodyResultHandler - Using 'application/json' given [application/json] and supported [application/json, application/*+json, application/x-jackson-smile, application/*+x-jackson-smile, text/event-stream]
14:07:36.086 [http-nio-auto-8-exec-1] DEBUG o.s.w.r.r.m.a.ResponseBodyResultHandler - [2a37e8df] 0..N [org.springframework.web.reactive.result.method.annotation.JacksonHintsIntegrationTests$JacksonViewBean]
14:07:36.087 [http-nio-auto-8-exec-1] DEBUG o.s.h.c.j.Jackson2JsonDecoder - [2a37e8df] Decoded [org.springframework.web.reactive.result.method.annotation.JacksonHintsIntegrationTests$JacksonViewBe (truncated)...]
14:07:36.087 [http-nio-auto-8-exec-1] DEBUG o.s.h.c.j.Jackson2JsonDecoder - [2a37e8df] Decoded [org.springframework.web.reactive.result.method.annotation.JacksonHintsIntegrationTests$JacksonViewBe (truncated)...]
14:07:36.087 [http-nio-auto-8-exec-1] DEBUG o.s.h.c.j.Jackson2JsonEncoder - [2a37e8df] Encoding [[org.springframework.web.reactive.result.method.annotation.JacksonHintsIntegrationTests$JacksonViewB (truncated)...]
14:07:36.088 [http-nio-auto-8-exec-1] DEBUG o.s.w.s.a.HttpWebHandlerAdapter - [2a37e8df] Completed 200 OK
14:07:36.088 [Test worker] DEBUG o.s.w.c.RestTemplate - Response 200 OK
14:07:36.091 [Test worker] DEBUG o.s.w.c.RestTemplate - Reading to [java.lang.String] as "application/json"
14:07:36.091 [Test worker] DEBUG o.s.w.t.h.s.r.b.TomcatHttpServer - Stopping TomcatHttpServer...
14:07:36.100 [Test worker] DEBUG o.s.w.t.h.s.r.b.TomcatHttpServer - Server stopped (0 millis).
14:07:36.285 [Test worker] DEBUG o.s.w.r.r.m.a.RequestMappingHandlerMapping - 9 mappings in 'requestMappingHandlerMapping'
14:07:36.383 [Test worker] DEBUG o.s.w.r.r.m.a.ControllerMethodResolver - ControllerAdvice beans: none
14:07:36.489 [Test worker] DEBUG o.s.w.s.a.HttpWebHandlerAdapter - enableLoggingRequestDetails='false': form data and headers will be masked to prevent unsafe logging of potentially sensitive data
14:07:36.489 [Test worker] DEBUG o.s.w.t.h.s.r.b.UndertowHttpServer - Starting UndertowHttpServer...
14:07:36.489 [Test worker] INFO  i.undertow - starting server: Undertow - 2.1.3.Final
14:07:36.495 [Test worker] DEBUG o.s.w.t.h.s.r.b.UndertowHttpServer - Server started on port 60747(0 millis).
14:07:36.496 [Test worker] DEBUG o.s.w.c.RestTemplate - HTTP POST http://localhost:60747/request/entity/flux
14:07:36.498 [Test worker] DEBUG o.s.w.c.RestTemplate - Accept=[text/plain, application/json, application/x-jackson-smile, application/*+json, */*]
14:07:36.499 [Test worker] DEBUG o.s.w.c.RestTemplate - Writing [[org.springframework.web.reactive.result.method.annotation.JacksonHintsIntegrationTests$JacksonViewBean@73273803, org.springframework.web.reactive.result.method.annotation.JacksonHintsIntegrationTests$JacksonViewBean@4c85ef48]] as "application/json"
14:07:36.506 [XNIO-8 I/O-2] DEBUG o.s.w.s.a.HttpWebHandlerAdapter - [38404ef4] HTTP POST "/request/entity/flux"
14:07:36.506 [XNIO-8 I/O-2] DEBUG o.s.w.r.r.m.a.RequestMappingHandlerMapping - [38404ef4] Mapped to org.springframework.web.reactive.result.method.annotation.JacksonHintsIntegrationTests$JsonViewRestController#entityFluxRequest(HttpEntity)
14:07:36.507 [XNIO-8 I/O-2] DEBUG o.s.w.r.r.m.a.HttpEntityMethodArgumentResolver - [38404ef4] Content-Type:application/json
14:07:36.508 [XNIO-8 I/O-2] DEBUG o.s.w.r.r.m.a.HttpEntityMethodArgumentResolver - [38404ef4] 0..N [org.springframework.web.reactive.result.method.annotation.JacksonHintsIntegrationTests$JacksonViewBean]
14:07:36.510 [XNIO-8 I/O-2] DEBUG o.s.w.r.r.m.a.ResponseBodyResultHandler - Using 'application/json' given [application/json] and supported [application/json, application/*+json, application/x-jackson-smile, application/*+x-jackson-smile, text/event-stream]
14:07:36.510 [XNIO-8 I/O-2] DEBUG o.s.w.r.r.m.a.ResponseBodyResultHandler - [38404ef4] 0..N [org.springframework.web.reactive.result.method.annotation.JacksonHintsIntegrationTests$JacksonViewBean]
14:07:36.510 [XNIO-8 I/O-2] DEBUG o.s.h.c.j.Jackson2JsonDecoder - [38404ef4] Decoded [org.springframework.web.reactive.result.method.annotation.JacksonHintsIntegrationTests$JacksonViewBe (truncated)...]
14:07:36.511 [XNIO-8 I/O-2] DEBUG o.s.h.c.j.Jackson2JsonDecoder - [38404ef4] Decoded [org.springframework.web.reactive.result.method.annotation.JacksonHintsIntegrationTests$JacksonViewBe (truncated)...]
14:07:36.511 [XNIO-8 I/O-2] DEBUG o.s.h.c.j.Jackson2JsonEncoder - [38404ef4] Encoding [[org.springframework.web.reactive.result.method.annotation.JacksonHintsIntegrationTests$JacksonViewB (truncated)...]
14:07:36.512 [XNIO-8 I/O-2] DEBUG o.s.w.s.a.HttpWebHandlerAdapter - [38404ef4] Completed 200 OK
14:07:36.512 [Test worker] DEBUG o.s.w.c.RestTemplate - Response 200 OK
14:07:36.512 [Test worker] DEBUG o.s.w.c.RestTemplate - Reading to [java.lang.String] as "application/json"
14:07:36.513 [Test worker] DEBUG o.s.w.t.h.s.r.b.UndertowHttpServer - Stopping UndertowHttpServer...
14:07:36.513 [Test worker] INFO  i.undertow - stopping server: Undertow - 2.1.3.Final
14:07:36.514 [Test worker] DEBUG o.s.w.t.h.s.r.b.UndertowHttpServer - Server stopped (0 millis).
14:07:36.639 [Test worker] DEBUG o.s.w.r.r.m.a.RequestMappingHandlerMapping - 9 mappings in 'requestMappingHandlerMapping'
14:07:36.665 [Test worker] DEBUG o.s.w.r.r.m.a.ControllerMethodResolver - ControllerAdvice beans: none
14:07:36.763 [Test worker] DEBUG o.s.w.s.a.HttpWebHandlerAdapter - enableLoggingRequestDetails='false': form data and headers will be masked to prevent unsafe logging of potentially sensitive data
14:07:36.764 [Test worker] WARN  o.e.j.s.h.ContextHandler - Empty contextPath
14:07:36.764 [Test worker] INFO  o.e.j.s.h.ContextHandler - Started o.e.j.s.ServletContextHandler@366b30b4{/,null,AVAILABLE}
14:07:36.765 [Test worker] DEBUG o.s.w.t.h.s.r.b.JettyHttpServer - Starting JettyHttpServer...
14:07:36.765 [Test worker] INFO  o.e.j.s.Server - jetty-9.4.30.v20200611; built: 2020-06-11T12:34:51.929Z; git: 271836e4c1f4612f12b7bb13ef5a92a927634b0d; jvm 1.8.0_73-b02
14:07:36.770 [Test worker] INFO  o.e.j.s.AbstractConnector - Started ServerConnector@1cda9a8b{HTTP/1.1, (http/1.1)}{0.0.0.0:60752}
14:07:36.770 [Test worker] INFO  o.e.j.s.Server - Started @56490ms
14:07:36.770 [Test worker] DEBUG o.s.w.t.h.s.r.b.JettyHttpServer - Server started on port 60752(0 millis).
14:07:36.771 [Test worker] DEBUG o.s.w.c.RestTemplate - HTTP GET http://localhost:60752/response/mono
14:07:36.771 [Test worker] DEBUG o.s.w.c.RestTemplate - Accept=[text/plain, application/json, application/x-jackson-smile, application/*+json, */*]
14:07:36.773 [qtp1985748754-380] DEBUG o.s.w.s.a.HttpWebHandlerAdapter - [165f6743] HTTP GET "/response/mono"
14:07:36.774 [qtp1985748754-380] DEBUG o.s.w.r.r.m.a.RequestMappingHandlerMapping - [165f6743] Mapped to org.springframework.web.reactive.result.method.annotation.JacksonHintsIntegrationTests$JsonViewRestController#monoResponse()
14:07:36.776 [qtp1985748754-380] DEBUG o.s.w.r.r.m.a.ResponseBodyResultHandler - Using 'application/json' given [application/json] and supported [application/json, application/*+json, application/x-jackson-smile, application/*+x-jackson-smile, text/event-stream]
14:07:36.776 [qtp1985748754-380] DEBUG o.s.w.r.r.m.a.ResponseBodyResultHandler - [165f6743] 0..1 [org.springframework.web.reactive.result.method.annotation.JacksonHintsIntegrationTests$JacksonViewBean]
14:07:36.776 [qtp1985748754-380] DEBUG o.s.h.c.j.Jackson2JsonEncoder - [165f6743] Encoding [org.springframework.web.reactive.result.method.annotation.JacksonHintsIntegrationTests$JacksonViewBe (truncated)...]
14:07:36.777 [Test worker] DEBUG o.s.w.c.RestTemplate - Response 200 OK
14:07:36.777 [qtp1985748754-380] DEBUG o.s.w.s.a.HttpWebHandlerAdapter - [165f6743] Completed 200 OK
14:07:36.777 [Test worker] DEBUG o.s.w.c.RestTemplate - Reading to [java.lang.String] as "application/json"
14:07:36.778 [Test worker] DEBUG o.s.w.t.h.s.r.b.JettyHttpServer - Stopping JettyHttpServer...
14:07:36.778 [Test worker] INFO  o.e.j.s.h.ContextHandler - Stopped o.e.j.s.ServletContextHandler@366b30b4{/,null,UNAVAILABLE}
14:07:36.782 [Test worker] INFO  o.e.j.s.AbstractConnector - Stopped ServerConnector@1cda9a8b{HTTP/1.1, (http/1.1)}{0.0.0.0:0}
14:07:36.792 [Test worker] DEBUG o.s.w.t.h.s.r.b.JettyHttpServer - Server stopped (0 millis).
14:07:36.950 [Test worker] DEBUG o.s.w.r.r.m.a.RequestMappingHandlerMapping - 9 mappings in 'requestMappingHandlerMapping'
14:07:37.007 [Test worker] DEBUG o.s.w.r.r.m.a.ControllerMethodResolver - ControllerAdvice beans: none
14:07:37.067 [Test worker] DEBUG o.s.w.s.a.HttpWebHandlerAdapter - enableLoggingRequestDetails='false': form data and headers will be masked to prevent unsafe logging of potentially sensitive data
14:07:37.068 [Test worker] DEBUG o.s.w.t.h.s.r.b.ReactorHttpServer - Starting ReactorHttpServer...
14:07:37.069 [Test worker] DEBUG o.s.w.t.h.s.r.b.ReactorHttpServer - Server started on port 60759(0 millis).
14:07:37.069 [Test worker] DEBUG o.s.w.c.RestTemplate - HTTP GET http://localhost:60759/response/mono
14:07:37.070 [Test worker] DEBUG o.s.w.c.RestTemplate - Accept=[text/plain, application/json, application/x-jackson-smile, application/*+json, */*]
14:07:37.074 [reactor-http-nio-2] DEBUG o.s.w.s.a.HttpWebHandlerAdapter - [60613695-9] HTTP GET "/response/mono"
14:07:37.074 [reactor-http-nio-2] DEBUG o.s.w.r.r.m.a.RequestMappingHandlerMapping - [60613695-9] Mapped to org.springframework.web.reactive.result.method.annotation.JacksonHintsIntegrationTests$JsonViewRestController#monoResponse()
14:07:37.076 [reactor-http-nio-2] DEBUG o.s.w.r.r.m.a.ResponseBodyResultHandler - Using 'application/json' given [application/json] and supported [application/json, application/*+json, application/x-jackson-smile, application/*+x-jackson-smile, text/event-stream]
14:07:37.076 [reactor-http-nio-2] DEBUG o.s.w.r.r.m.a.ResponseBodyResultHandler - [60613695-9] 0..1 [org.springframework.web.reactive.result.method.annotation.JacksonHintsIntegrationTests$JacksonViewBean]
14:07:37.077 [reactor-http-nio-2] DEBUG o.s.h.c.j.Jackson2JsonEncoder - [60613695-9] Encoding [org.springframework.web.reactive.result.method.annotation.JacksonHintsIntegrationTests$JacksonViewBe (truncated)...]
14:07:37.078 [reactor-http-nio-2] DEBUG o.s.w.s.a.HttpWebHandlerAdapter - [60613695-9] Completed 200 OK
14:07:37.078 [Test worker] DEBUG o.s.w.c.RestTemplate - Response 200 OK
14:07:37.078 [Test worker] DEBUG o.s.w.c.RestTemplate - Reading to [java.lang.String] as "application/json"
14:07:37.079 [Test worker] DEBUG o.s.w.t.h.s.r.b.ReactorHttpServer - Stopping ReactorHttpServer...
14:07:37.079 [Test worker] DEBUG o.s.w.t.h.s.r.b.ReactorHttpServer - Server stopped (0 millis).
14:07:37.190 [Test worker] DEBUG o.s.w.r.r.m.a.RequestMappingHandlerMapping - 9 mappings in 'requestMappingHandlerMapping'
14:07:37.254 [Test worker] DEBUG o.s.w.r.r.m.a.ControllerMethodResolver - ControllerAdvice beans: none
14:07:37.315 [Test worker] DEBUG o.s.w.s.a.HttpWebHandlerAdapter - enableLoggingRequestDetails='false': form data and headers will be masked to prevent unsafe logging of potentially sensitive data
14:07:37.316 [Test worker] DEBUG o.s.w.t.h.s.r.b.TomcatHttpServer - Starting TomcatHttpServer...
14:07:37.356 [Test worker] DEBUG o.s.w.t.h.s.r.b.TomcatHttpServer - Server started on port 60765(0 millis).
14:07:37.356 [Test worker] DEBUG o.s.w.c.RestTemplate - HTTP GET http://localhost:60765/response/mono
14:07:37.357 [Test worker] DEBUG o.s.w.c.RestTemplate - Accept=[text/plain, application/json, application/x-jackson-smile, application/*+json, */*]
14:07:37.360 [http-nio-auto-9-exec-1] DEBUG o.s.w.s.a.HttpWebHandlerAdapter - [17ad8d96] HTTP GET "/response/mono"
14:07:37.361 [http-nio-auto-9-exec-1] DEBUG o.s.w.r.r.m.a.RequestMappingHandlerMapping - [17ad8d96] Mapped to org.springframework.web.reactive.result.method.annotation.JacksonHintsIntegrationTests$JsonViewRestController#monoResponse()
14:07:37.363 [http-nio-auto-9-exec-1] DEBUG o.s.w.r.r.m.a.ResponseBodyResultHandler - Using 'application/json' given [application/json] and supported [application/json, application/*+json, application/x-jackson-smile, application/*+x-jackson-smile, text/event-stream]
14:07:37.363 [http-nio-auto-9-exec-1] DEBUG o.s.w.r.r.m.a.ResponseBodyResultHandler - [17ad8d96] 0..1 [org.springframework.web.reactive.result.method.annotation.JacksonHintsIntegrationTests$JacksonViewBean]
14:07:37.363 [http-nio-auto-9-exec-1] DEBUG o.s.h.c.j.Jackson2JsonEncoder - [17ad8d96] Encoding [org.springframework.web.reactive.result.method.annotation.JacksonHintsIntegrationTests$JacksonViewBe (truncated)...]
14:07:37.364 [http-nio-auto-9-exec-1] DEBUG o.s.w.s.a.HttpWebHandlerAdapter - [17ad8d96] Completed 200 OK
14:07:37.364 [Test worker] DEBUG o.s.w.c.RestTemplate - Response 200 OK
14:07:37.365 [Test worker] DEBUG o.s.w.c.RestTemplate - Reading to [java.lang.String] as "application/json"
14:07:37.365 [Test worker] DEBUG o.s.w.t.h.s.r.b.TomcatHttpServer - Stopping TomcatHttpServer...
14:07:37.378 [Test worker] DEBUG o.s.w.t.h.s.r.b.TomcatHttpServer - Server stopped (0 millis).
14:07:37.570 [Test worker] DEBUG o.s.w.r.r.m.a.RequestMappingHandlerMapping - 9 mappings in 'requestMappingHandlerMapping'
14:07:37.665 [Test worker] DEBUG o.s.w.r.r.m.a.ControllerMethodResolver - ControllerAdvice beans: none
14:07:37.725 [Test worker] DEBUG o.s.w.s.a.HttpWebHandlerAdapter - enableLoggingRequestDetails='false': form data and headers will be masked to prevent unsafe logging of potentially sensitive data
14:07:37.726 [Test worker] DEBUG o.s.w.t.h.s.r.b.UndertowHttpServer - Starting UndertowHttpServer...
14:07:37.726 [Test worker] INFO  i.undertow - starting server: Undertow - 2.1.3.Final
14:07:37.733 [Test worker] DEBUG o.s.w.t.h.s.r.b.UndertowHttpServer - Server started on port 60773(0 millis).
14:07:37.733 [Test worker] DEBUG o.s.w.c.RestTemplate - HTTP GET http://localhost:60773/response/mono
14:07:37.733 [Test worker] DEBUG o.s.w.c.RestTemplate - Accept=[text/plain, application/json, application/x-jackson-smile, application/*+json, */*]
14:07:37.736 [XNIO-9 I/O-1] DEBUG o.s.w.s.a.HttpWebHandlerAdapter - [113d82d9] HTTP GET "/response/mono"
14:07:37.736 [XNIO-9 I/O-1] DEBUG o.s.w.r.r.m.a.RequestMappingHandlerMapping - [113d82d9] Mapped to org.springframework.web.reactive.result.method.annotation.JacksonHintsIntegrationTests$JsonViewRestController#monoResponse()
14:07:37.738 [XNIO-9 I/O-1] DEBUG o.s.w.r.r.m.a.ResponseBodyResultHandler - Using 'application/json' given [application/json] and supported [application/json, application/*+json, application/x-jackson-smile, application/*+x-jackson-smile, text/event-stream]
14:07:37.738 [XNIO-9 I/O-1] DEBUG o.s.w.r.r.m.a.ResponseBodyResultHandler - [113d82d9] 0..1 [org.springframework.web.reactive.result.method.annotation.JacksonHintsIntegrationTests$JacksonViewBean]
14:07:37.738 [XNIO-9 I/O-1] DEBUG o.s.h.c.j.Jackson2JsonEncoder - [113d82d9] Encoding [org.springframework.web.reactive.result.method.annotation.JacksonHintsIntegrationTests$JacksonViewBe (truncated)...]
14:07:37.739 [XNIO-9 I/O-1] DEBUG o.s.w.s.a.HttpWebHandlerAdapter - [113d82d9] Completed 200 OK
14:07:37.739 [Test worker] DEBUG o.s.w.c.RestTemplate - Response 200 OK
14:07:37.739 [Test worker] DEBUG o.s.w.c.RestTemplate - Reading to [java.lang.String] as "application/json"
14:07:37.740 [Test worker] DEBUG o.s.w.t.h.s.r.b.UndertowHttpServer - Stopping UndertowHttpServer...
14:07:37.740 [Test worker] INFO  i.undertow - stopping server: Undertow - 2.1.3.Final
14:07:37.740 [Test worker] DEBUG o.s.w.t.h.s.r.b.UndertowHttpServer - Server stopped (0 millis).
]]></system-out>
  <system-err><![CDATA[]]></system-err>
</testsuite>
