<?xml version="1.0" encoding="UTF-8"?>
<testsuite name="org.springframework.web.reactive.result.view.freemarker.FreeMarkerViewTests" tests="5" skipped="0" failures="0" errors="0" timestamp="2020-06-22T06:07:54" hostname="aiguoxindeMacBook-Pro.local" time="0.135">
  <properties/>
  <testcase name="checkResourceExists()" classname="org.springframework.web.reactive.result.view.freemarker.FreeMarkerViewTests" time="0.007"/>
  <testcase name="render()" classname="org.springframework.web.reactive.result.view.freemarker.FreeMarkerViewTests" time="0.012"/>
  <testcase name="noFreeMarkerConfig()" classname="org.springframework.web.reactive.result.view.freemarker.FreeMarkerViewTests" time="0.002"/>
  <testcase name="noTemplateName()" classname="org.springframework.web.reactive.result.view.freemarker.FreeMarkerViewTests" time="0.001"/>
  <testcase name="subscribeWithoutDemand()" classname="org.springframework.web.reactive.result.view.freemarker.FreeMarkerViewTests" time="0.047"/>
  <system-out><![CDATA[14:07:54.233 [Test worker] DEBUG o.s.w.r.r.v.f.FreeMarkerConfigurer - File system access not preferred: using SpringTemplateLoader
14:07:54.307 [Test worker] DEBUG o.s.w.r.r.v.f.FreeMarkerConfigurer - File system access not preferred: using SpringTemplateLoader
14:07:54.310 [Test worker] DEBUG o.s.w.r.r.v.f.FreeMarkerView - [1a378eae] View [FreeMarkerView], model {hello=hi FreeMarker}
14:07:54.310 [Test worker] DEBUG o.s.w.r.r.v.f.FreeMarkerView - [1a378eae] Rendering [test.ftl]
14:07:54.315 [Test worker] DEBUG o.s.w.r.r.v.f.FreeMarkerConfigurer - File system access not preferred: using SpringTemplateLoader
14:07:54.318 [Test worker] DEBUG o.s.w.r.r.v.f.FreeMarkerConfigurer - File system access not preferred: using SpringTemplateLoader
14:07:54.320 [Test worker] DEBUG o.s.w.r.r.v.f.FreeMarkerConfigurer - File system access not preferred: using SpringTemplateLoader
14:07:54.325 [Test worker] DEBUG o.s.w.r.r.v.f.FreeMarkerView - [66e46567] View [FreeMarkerView], model {hello=hi FreeMarker}
14:07:54.326 [Test worker] DEBUG o.s.w.r.r.v.f.FreeMarkerView - [66e46567] Rendering [test.ftl]
]]></system-out>
  <system-err><![CDATA[]]></system-err>
</testsuite>
