<?xml version="1.0" encoding="UTF-8"?>
<testsuite name="org.springframework.web.reactive.result.method.annotation.RequestHeaderMethodArgumentResolverTests" tests="10" skipped="0" failures="0" errors="0" timestamp="2020-06-22T06:08:21" hostname="aiguoxindeMacBook-Pro.local" time="0.101">
  <properties/>
  <testcase name="resolveDefaultValueFromSystemProperty()" classname="org.springframework.web.reactive.result.method.annotation.RequestHeaderMethodArgumentResolverTests" time="0.055"/>
  <testcase name="resolveStringArrayArgument()" classname="org.springframework.web.reactive.result.method.annotation.RequestHeaderMethodArgumentResolverTests" time="0.01"/>
  <testcase name="resolveNameFromSystemPropertyThroughPlaceholder()" classname="org.springframework.web.reactive.result.method.annotation.RequestHeaderMethodArgumentResolverTests" time="0.004"/>
  <testcase name="resolveNameFromSystemPropertyThroughExpression()" classname="org.springframework.web.reactive.result.method.annotation.RequestHeaderMethodArgumentResolverTests" time="0.004"/>
  <testcase name="dateConversion()" classname="org.springframework.web.reactive.result.method.annotation.RequestHeaderMethodArgumentResolverTests" time="0.003"/>
  <testcase name="instantConversion()" classname="org.springframework.web.reactive.result.method.annotation.RequestHeaderMethodArgumentResolverTests" time="0.004"/>
  <testcase name="resolveStringArgument()" classname="org.springframework.web.reactive.result.method.annotation.RequestHeaderMethodArgumentResolverTests" time="0.004"/>
  <testcase name="resolveDefaultValue()" classname="org.springframework.web.reactive.result.method.annotation.RequestHeaderMethodArgumentResolverTests" time="0.004"/>
  <testcase name="notFound()" classname="org.springframework.web.reactive.result.method.annotation.RequestHeaderMethodArgumentResolverTests" time="0.003"/>
  <testcase name="supportsParameter()" classname="org.springframework.web.reactive.result.method.annotation.RequestHeaderMethodArgumentResolverTests" time="0.005"/>
  <system-out><![CDATA[]]></system-out>
  <system-err><![CDATA[]]></system-err>
</testsuite>
