<?xml version="1.0" encoding="UTF-8"?>
<testsuite name="org.springframework.web.reactive.resource.FixedVersionStrategyTests" tests="5" skipped="0" failures="0" errors="0" timestamp="2020-06-22T06:07:24" hostname="aiguoxindeMacBook-Pro.local" time="0.019">
  <properties/>
  <testcase name="addVersion()" classname="org.springframework.web.reactive.resource.FixedVersionStrategyTests" time="0.003"/>
  <testcase name="addVersionRelativePath()" classname="org.springframework.web.reactive.resource.FixedVersionStrategyTests" time="0.001"/>
  <testcase name="emptyPrefixVersion()" classname="org.springframework.web.reactive.resource.FixedVersionStrategyTests" time="0.004"/>
  <testcase name="extractVersion()" classname="org.springframework.web.reactive.resource.FixedVersionStrategyTests" time="0.001"/>
  <testcase name="removeVersion()" classname="org.springframework.web.reactive.resource.FixedVersionStrategyTests" time="0.0"/>
  <system-out><![CDATA[]]></system-out>
  <system-err><![CDATA[]]></system-err>
</testsuite>
