<?xml version="1.0" encoding="UTF-8"?>
<testsuite name="org.springframework.web.reactive.result.method.annotation.RequestMappingMessageConversionIntegrationTests" tests="156" skipped="0" failures="0" errors="0" timestamp="2020-06-22T06:08:13" hostname="aiguoxindeMacBook-Pro.local" time="39.921">
  <properties/>
  <testcase name="personResponseBodyWithMonoDeclaredAsObject(HttpServer)[1]" classname="org.springframework.web.reactive.result.method.annotation.RequestMappingMessageConversionIntegrationTests" time="0.276"/>
  <testcase name="personResponseBodyWithMonoDeclaredAsObject(HttpServer)[2]" classname="org.springframework.web.reactive.result.method.annotation.RequestMappingMessageConversionIntegrationTests" time="0.225"/>
  <testcase name="personResponseBodyWithMonoDeclaredAsObject(HttpServer)[3]" classname="org.springframework.web.reactive.result.method.annotation.RequestMappingMessageConversionIntegrationTests" time="0.32"/>
  <testcase name="personResponseBodyWithMonoDeclaredAsObject(HttpServer)[4]" classname="org.springframework.web.reactive.result.method.annotation.RequestMappingMessageConversionIntegrationTests" time="0.265"/>
  <testcase name="byteBufferResponseBodyWithPublisher(HttpServer)[1]" classname="org.springframework.web.reactive.result.method.annotation.RequestMappingMessageConversionIntegrationTests" time="0.272"/>
  <testcase name="byteBufferResponseBodyWithPublisher(HttpServer)[2]" classname="org.springframework.web.reactive.result.method.annotation.RequestMappingMessageConversionIntegrationTests" time="0.206"/>
  <testcase name="byteBufferResponseBodyWithPublisher(HttpServer)[3]" classname="org.springframework.web.reactive.result.method.annotation.RequestMappingMessageConversionIntegrationTests" time="0.263"/>
  <testcase name="byteBufferResponseBodyWithPublisher(HttpServer)[4]" classname="org.springframework.web.reactive.result.method.annotation.RequestMappingMessageConversionIntegrationTests" time="0.446"/>
  <testcase name="personResponseBodyWithCompletableFuture(HttpServer)[1]" classname="org.springframework.web.reactive.result.method.annotation.RequestMappingMessageConversionIntegrationTests" time="0.24"/>
  <testcase name="personResponseBodyWithCompletableFuture(HttpServer)[2]" classname="org.springframework.web.reactive.result.method.annotation.RequestMappingMessageConversionIntegrationTests" time="0.249"/>
  <testcase name="personResponseBodyWithCompletableFuture(HttpServer)[3]" classname="org.springframework.web.reactive.result.method.annotation.RequestMappingMessageConversionIntegrationTests" time="0.352"/>
  <testcase name="personResponseBodyWithCompletableFuture(HttpServer)[4]" classname="org.springframework.web.reactive.result.method.annotation.RequestMappingMessageConversionIntegrationTests" time="0.263"/>
  <testcase name="personCreateWithObservableXml(HttpServer)[1]" classname="org.springframework.web.reactive.result.method.annotation.RequestMappingMessageConversionIntegrationTests" time="0.712"/>
  <testcase name="personCreateWithObservableXml(HttpServer)[2]" classname="org.springframework.web.reactive.result.method.annotation.RequestMappingMessageConversionIntegrationTests" time="0.088"/>
  <testcase name="personCreateWithObservableXml(HttpServer)[3]" classname="org.springframework.web.reactive.result.method.annotation.RequestMappingMessageConversionIntegrationTests" time="0.151"/>
  <testcase name="personCreateWithObservableXml(HttpServer)[4]" classname="org.springframework.web.reactive.result.method.annotation.RequestMappingMessageConversionIntegrationTests" time="0.182"/>
  <testcase name="personResponseBodyWithPublisher(HttpServer)[1]" classname="org.springframework.web.reactive.result.method.annotation.RequestMappingMessageConversionIntegrationTests" time="0.14"/>
  <testcase name="personResponseBodyWithPublisher(HttpServer)[2]" classname="org.springframework.web.reactive.result.method.annotation.RequestMappingMessageConversionIntegrationTests" time="0.146"/>
  <testcase name="personResponseBodyWithPublisher(HttpServer)[3]" classname="org.springframework.web.reactive.result.method.annotation.RequestMappingMessageConversionIntegrationTests" time="0.131"/>
  <testcase name="personResponseBodyWithPublisher(HttpServer)[4]" classname="org.springframework.web.reactive.result.method.annotation.RequestMappingMessageConversionIntegrationTests" time="0.189"/>
  <testcase name="personCreateWithPublisherXml(HttpServer)[1]" classname="org.springframework.web.reactive.result.method.annotation.RequestMappingMessageConversionIntegrationTests" time="0.13"/>
  <testcase name="personCreateWithPublisherXml(HttpServer)[2]" classname="org.springframework.web.reactive.result.method.annotation.RequestMappingMessageConversionIntegrationTests" time="0.11"/>
  <testcase name="personCreateWithPublisherXml(HttpServer)[3]" classname="org.springframework.web.reactive.result.method.annotation.RequestMappingMessageConversionIntegrationTests" time="0.099"/>
  <testcase name="personCreateWithPublisherXml(HttpServer)[4]" classname="org.springframework.web.reactive.result.method.annotation.RequestMappingMessageConversionIntegrationTests" time="0.116"/>
  <testcase name="personTransformWithCompletableFuture(HttpServer)[1]" classname="org.springframework.web.reactive.result.method.annotation.RequestMappingMessageConversionIntegrationTests" time="0.131"/>
  <testcase name="personTransformWithCompletableFuture(HttpServer)[2]" classname="org.springframework.web.reactive.result.method.annotation.RequestMappingMessageConversionIntegrationTests" time="0.119"/>
  <testcase name="personTransformWithCompletableFuture(HttpServer)[3]" classname="org.springframework.web.reactive.result.method.annotation.RequestMappingMessageConversionIntegrationTests" time="0.145"/>
  <testcase name="personTransformWithCompletableFuture(HttpServer)[4]" classname="org.springframework.web.reactive.result.method.annotation.RequestMappingMessageConversionIntegrationTests" time="0.11"/>
  <testcase name="personTransformWithSingle(HttpServer)[1]" classname="org.springframework.web.reactive.result.method.annotation.RequestMappingMessageConversionIntegrationTests" time="0.109"/>
  <testcase name="personTransformWithSingle(HttpServer)[2]" classname="org.springframework.web.reactive.result.method.annotation.RequestMappingMessageConversionIntegrationTests" time="0.105"/>
  <testcase name="personTransformWithSingle(HttpServer)[3]" classname="org.springframework.web.reactive.result.method.annotation.RequestMappingMessageConversionIntegrationTests" time="0.123"/>
  <testcase name="personTransformWithSingle(HttpServer)[4]" classname="org.springframework.web.reactive.result.method.annotation.RequestMappingMessageConversionIntegrationTests" time="0.095"/>
  <testcase name="personResponseBodyWithMonoResponseEntityXml(HttpServer)[1]" classname="org.springframework.web.reactive.result.method.annotation.RequestMappingMessageConversionIntegrationTests" time="0.069"/>
  <testcase name="personResponseBodyWithMonoResponseEntityXml(HttpServer)[2]" classname="org.springframework.web.reactive.result.method.annotation.RequestMappingMessageConversionIntegrationTests" time="0.071"/>
  <testcase name="personResponseBodyWithMonoResponseEntityXml(HttpServer)[3]" classname="org.springframework.web.reactive.result.method.annotation.RequestMappingMessageConversionIntegrationTests" time="0.105"/>
  <testcase name="personResponseBodyWithMonoResponseEntityXml(HttpServer)[4]" classname="org.springframework.web.reactive.result.method.annotation.RequestMappingMessageConversionIntegrationTests" time="0.107"/>
  <testcase name="byteBufferResponseBodyWithFlux(HttpServer)[1]" classname="org.springframework.web.reactive.result.method.annotation.RequestMappingMessageConversionIntegrationTests" time="0.15"/>
  <testcase name="byteBufferResponseBodyWithFlux(HttpServer)[2]" classname="org.springframework.web.reactive.result.method.annotation.RequestMappingMessageConversionIntegrationTests" time="0.091"/>
  <testcase name="byteBufferResponseBodyWithFlux(HttpServer)[3]" classname="org.springframework.web.reactive.result.method.annotation.RequestMappingMessageConversionIntegrationTests" time="0.082"/>
  <testcase name="byteBufferResponseBodyWithFlux(HttpServer)[4]" classname="org.springframework.web.reactive.result.method.annotation.RequestMappingMessageConversionIntegrationTests" time="0.081"/>
  <testcase name="byteBufferResponseBodyWithMono(HttpServer)[1]" classname="org.springframework.web.reactive.result.method.annotation.RequestMappingMessageConversionIntegrationTests" time="0.068"/>
  <testcase name="byteBufferResponseBodyWithMono(HttpServer)[2]" classname="org.springframework.web.reactive.result.method.annotation.RequestMappingMessageConversionIntegrationTests" time="0.071"/>
  <testcase name="byteBufferResponseBodyWithMono(HttpServer)[3]" classname="org.springframework.web.reactive.result.method.annotation.RequestMappingMessageConversionIntegrationTests" time="0.089"/>
  <testcase name="byteBufferResponseBodyWithMono(HttpServer)[4]" classname="org.springframework.web.reactive.result.method.annotation.RequestMappingMessageConversionIntegrationTests" time="0.144"/>
  <testcase name="personTransformWithFlowable(HttpServer)[1]" classname="org.springframework.web.reactive.result.method.annotation.RequestMappingMessageConversionIntegrationTests" time="0.12"/>
  <testcase name="personTransformWithFlowable(HttpServer)[2]" classname="org.springframework.web.reactive.result.method.annotation.RequestMappingMessageConversionIntegrationTests" time="0.087"/>
  <testcase name="personTransformWithFlowable(HttpServer)[3]" classname="org.springframework.web.reactive.result.method.annotation.RequestMappingMessageConversionIntegrationTests" time="0.079"/>
  <testcase name="personTransformWithFlowable(HttpServer)[4]" classname="org.springframework.web.reactive.result.method.annotation.RequestMappingMessageConversionIntegrationTests" time="0.07"/>
  <testcase name="personCreateWithFluxJson(HttpServer)[1]" classname="org.springframework.web.reactive.result.method.annotation.RequestMappingMessageConversionIntegrationTests" time="0.084"/>
  <testcase name="personCreateWithFluxJson(HttpServer)[2]" classname="org.springframework.web.reactive.result.method.annotation.RequestMappingMessageConversionIntegrationTests" time="0.06"/>
  <testcase name="personCreateWithFluxJson(HttpServer)[3]" classname="org.springframework.web.reactive.result.method.annotation.RequestMappingMessageConversionIntegrationTests" time="0.069"/>
  <testcase name="personCreateWithFluxJson(HttpServer)[4]" classname="org.springframework.web.reactive.result.method.annotation.RequestMappingMessageConversionIntegrationTests" time="0.161"/>
  <testcase name="personCreateWithFlowableXml(HttpServer)[1]" classname="org.springframework.web.reactive.result.method.annotation.RequestMappingMessageConversionIntegrationTests" time="0.191"/>
  <testcase name="personCreateWithFlowableXml(HttpServer)[2]" classname="org.springframework.web.reactive.result.method.annotation.RequestMappingMessageConversionIntegrationTests" time="0.156"/>
  <testcase name="personCreateWithFlowableXml(HttpServer)[3]" classname="org.springframework.web.reactive.result.method.annotation.RequestMappingMessageConversionIntegrationTests" time="0.192"/>
  <testcase name="personCreateWithFlowableXml(HttpServer)[4]" classname="org.springframework.web.reactive.result.method.annotation.RequestMappingMessageConversionIntegrationTests" time="0.143"/>
  <testcase name="resource(HttpServer)[1]" classname="org.springframework.web.reactive.result.method.annotation.RequestMappingMessageConversionIntegrationTests" time="0.253"/>
  <testcase name="resource(HttpServer)[2]" classname="org.springframework.web.reactive.result.method.annotation.RequestMappingMessageConversionIntegrationTests" time="0.311"/>
  <testcase name="resource(HttpServer)[3]" classname="org.springframework.web.reactive.result.method.annotation.RequestMappingMessageConversionIntegrationTests" time="0.297"/>
  <testcase name="resource(HttpServer)[4]" classname="org.springframework.web.reactive.result.method.annotation.RequestMappingMessageConversionIntegrationTests" time="0.254"/>
  <testcase name="personCreateWithFluxXml(HttpServer)[1]" classname="org.springframework.web.reactive.result.method.annotation.RequestMappingMessageConversionIntegrationTests" time="0.197"/>
  <testcase name="personCreateWithFluxXml(HttpServer)[2]" classname="org.springframework.web.reactive.result.method.annotation.RequestMappingMessageConversionIntegrationTests" time="5.21"/>
  <testcase name="personCreateWithFluxXml(HttpServer)[3]" classname="org.springframework.web.reactive.result.method.annotation.RequestMappingMessageConversionIntegrationTests" time="0.151"/>
  <testcase name="personCreateWithFluxXml(HttpServer)[4]" classname="org.springframework.web.reactive.result.method.annotation.RequestMappingMessageConversionIntegrationTests" time="0.126"/>
  <testcase name="personResponseBodyWithMonoResponseEntity(HttpServer)[1]" classname="org.springframework.web.reactive.result.method.annotation.RequestMappingMessageConversionIntegrationTests" time="0.125"/>
  <testcase name="personResponseBodyWithMonoResponseEntity(HttpServer)[2]" classname="org.springframework.web.reactive.result.method.annotation.RequestMappingMessageConversionIntegrationTests" time="0.109"/>
  <testcase name="personResponseBodyWithMonoResponseEntity(HttpServer)[3]" classname="org.springframework.web.reactive.result.method.annotation.RequestMappingMessageConversionIntegrationTests" time="0.317"/>
  <testcase name="personResponseBodyWithMonoResponseEntity(HttpServer)[4]" classname="org.springframework.web.reactive.result.method.annotation.RequestMappingMessageConversionIntegrationTests" time="0.296"/>
  <testcase name="personCreateWithSingle(HttpServer)[1]" classname="org.springframework.web.reactive.result.method.annotation.RequestMappingMessageConversionIntegrationTests" time="0.324"/>
  <testcase name="personCreateWithSingle(HttpServer)[2]" classname="org.springframework.web.reactive.result.method.annotation.RequestMappingMessageConversionIntegrationTests" time="0.173"/>
  <testcase name="personCreateWithSingle(HttpServer)[3]" classname="org.springframework.web.reactive.result.method.annotation.RequestMappingMessageConversionIntegrationTests" time="0.275"/>
  <testcase name="personCreateWithSingle(HttpServer)[4]" classname="org.springframework.web.reactive.result.method.annotation.RequestMappingMessageConversionIntegrationTests" time="0.189"/>
  <testcase name="byteBufferResponseBodyWithObservable(HttpServer)[1]" classname="org.springframework.web.reactive.result.method.annotation.RequestMappingMessageConversionIntegrationTests" time="0.15"/>
  <testcase name="byteBufferResponseBodyWithObservable(HttpServer)[2]" classname="org.springframework.web.reactive.result.method.annotation.RequestMappingMessageConversionIntegrationTests" time="0.184"/>
  <testcase name="byteBufferResponseBodyWithObservable(HttpServer)[3]" classname="org.springframework.web.reactive.result.method.annotation.RequestMappingMessageConversionIntegrationTests" time="0.36"/>
  <testcase name="byteBufferResponseBodyWithObservable(HttpServer)[4]" classname="org.springframework.web.reactive.result.method.annotation.RequestMappingMessageConversionIntegrationTests" time="0.231"/>
  <testcase name="personResponseBodyWithFlux(HttpServer)[1]" classname="org.springframework.web.reactive.result.method.annotation.RequestMappingMessageConversionIntegrationTests" time="0.379"/>
  <testcase name="personResponseBodyWithFlux(HttpServer)[2]" classname="org.springframework.web.reactive.result.method.annotation.RequestMappingMessageConversionIntegrationTests" time="0.26"/>
  <testcase name="personResponseBodyWithFlux(HttpServer)[3]" classname="org.springframework.web.reactive.result.method.annotation.RequestMappingMessageConversionIntegrationTests" time="0.47"/>
  <testcase name="personResponseBodyWithFlux(HttpServer)[4]" classname="org.springframework.web.reactive.result.method.annotation.RequestMappingMessageConversionIntegrationTests" time="0.262"/>
  <testcase name="personResponseBodyWithList(HttpServer)[1]" classname="org.springframework.web.reactive.result.method.annotation.RequestMappingMessageConversionIntegrationTests" time="0.221"/>
  <testcase name="personResponseBodyWithList(HttpServer)[2]" classname="org.springframework.web.reactive.result.method.annotation.RequestMappingMessageConversionIntegrationTests" time="0.211"/>
  <testcase name="personResponseBodyWithList(HttpServer)[3]" classname="org.springframework.web.reactive.result.method.annotation.RequestMappingMessageConversionIntegrationTests" time="0.247"/>
  <testcase name="personResponseBodyWithList(HttpServer)[4]" classname="org.springframework.web.reactive.result.method.annotation.RequestMappingMessageConversionIntegrationTests" time="0.276"/>
  <testcase name="personResponseBodyWithMono(HttpServer)[1]" classname="org.springframework.web.reactive.result.method.annotation.RequestMappingMessageConversionIntegrationTests" time="0.21"/>
  <testcase name="personResponseBodyWithMono(HttpServer)[2]" classname="org.springframework.web.reactive.result.method.annotation.RequestMappingMessageConversionIntegrationTests" time="0.346"/>
  <testcase name="personResponseBodyWithMono(HttpServer)[3]" classname="org.springframework.web.reactive.result.method.annotation.RequestMappingMessageConversionIntegrationTests" time="0.19"/>
  <testcase name="personResponseBodyWithMono(HttpServer)[4]" classname="org.springframework.web.reactive.result.method.annotation.RequestMappingMessageConversionIntegrationTests" time="0.203"/>
  <testcase name="personTransformWithObservable(HttpServer)[1]" classname="org.springframework.web.reactive.result.method.annotation.RequestMappingMessageConversionIntegrationTests" time="0.151"/>
  <testcase name="personTransformWithObservable(HttpServer)[2]" classname="org.springframework.web.reactive.result.method.annotation.RequestMappingMessageConversionIntegrationTests" time="0.09"/>
  <testcase name="personTransformWithObservable(HttpServer)[3]" classname="org.springframework.web.reactive.result.method.annotation.RequestMappingMessageConversionIntegrationTests" time="0.145"/>
  <testcase name="personTransformWithObservable(HttpServer)[4]" classname="org.springframework.web.reactive.result.method.annotation.RequestMappingMessageConversionIntegrationTests" time="0.175"/>
  <testcase name="personCreateWithPublisherJson(HttpServer)[1]" classname="org.springframework.web.reactive.result.method.annotation.RequestMappingMessageConversionIntegrationTests" time="0.101"/>
  <testcase name="personCreateWithPublisherJson(HttpServer)[2]" classname="org.springframework.web.reactive.result.method.annotation.RequestMappingMessageConversionIntegrationTests" time="0.132"/>
  <testcase name="personCreateWithPublisherJson(HttpServer)[3]" classname="org.springframework.web.reactive.result.method.annotation.RequestMappingMessageConversionIntegrationTests" time="0.137"/>
  <testcase name="personCreateWithPublisherJson(HttpServer)[4]" classname="org.springframework.web.reactive.result.method.annotation.RequestMappingMessageConversionIntegrationTests" time="0.089"/>
  <testcase name="personResponseBodyWithEmptyMono(HttpServer)[1]" classname="org.springframework.web.reactive.result.method.annotation.RequestMappingMessageConversionIntegrationTests" time="0.104"/>
  <testcase name="personResponseBodyWithEmptyMono(HttpServer)[2]" classname="org.springframework.web.reactive.result.method.annotation.RequestMappingMessageConversionIntegrationTests" time="0.094"/>
  <testcase name="personResponseBodyWithEmptyMono(HttpServer)[3]" classname="org.springframework.web.reactive.result.method.annotation.RequestMappingMessageConversionIntegrationTests" time="0.166"/>
  <testcase name="personResponseBodyWithEmptyMono(HttpServer)[4]" classname="org.springframework.web.reactive.result.method.annotation.RequestMappingMessageConversionIntegrationTests" time="0.121"/>
  <testcase name="personResponseBodyWithSingle(HttpServer)[1]" classname="org.springframework.web.reactive.result.method.annotation.RequestMappingMessageConversionIntegrationTests" time="0.189"/>
  <testcase name="personResponseBodyWithSingle(HttpServer)[2]" classname="org.springframework.web.reactive.result.method.annotation.RequestMappingMessageConversionIntegrationTests" time="0.122"/>
  <testcase name="personResponseBodyWithSingle(HttpServer)[3]" classname="org.springframework.web.reactive.result.method.annotation.RequestMappingMessageConversionIntegrationTests" time="0.159"/>
  <testcase name="personResponseBodyWithSingle(HttpServer)[4]" classname="org.springframework.web.reactive.result.method.annotation.RequestMappingMessageConversionIntegrationTests" time="0.118"/>
  <testcase name="personCreateViaDefaultMethodWithGenerics(HttpServer)[1]" classname="org.springframework.web.reactive.result.method.annotation.RequestMappingMessageConversionIntegrationTests" time="0.196"/>
  <testcase name="personCreateViaDefaultMethodWithGenerics(HttpServer)[2]" classname="org.springframework.web.reactive.result.method.annotation.RequestMappingMessageConversionIntegrationTests" time="0.143"/>
  <testcase name="personCreateViaDefaultMethodWithGenerics(HttpServer)[3]" classname="org.springframework.web.reactive.result.method.annotation.RequestMappingMessageConversionIntegrationTests" time="0.208"/>
  <testcase name="personCreateViaDefaultMethodWithGenerics(HttpServer)[4]" classname="org.springframework.web.reactive.result.method.annotation.RequestMappingMessageConversionIntegrationTests" time="0.131"/>
  <testcase name="personTransformWithMaybe(HttpServer)[1]" classname="org.springframework.web.reactive.result.method.annotation.RequestMappingMessageConversionIntegrationTests" time="0.101"/>
  <testcase name="personTransformWithMaybe(HttpServer)[2]" classname="org.springframework.web.reactive.result.method.annotation.RequestMappingMessageConversionIntegrationTests" time="0.111"/>
  <testcase name="personTransformWithMaybe(HttpServer)[3]" classname="org.springframework.web.reactive.result.method.annotation.RequestMappingMessageConversionIntegrationTests" time="0.128"/>
  <testcase name="personTransformWithMaybe(HttpServer)[4]" classname="org.springframework.web.reactive.result.method.annotation.RequestMappingMessageConversionIntegrationTests" time="0.13"/>
  <testcase name="personCreateWithFlowableJson(HttpServer)[1]" classname="org.springframework.web.reactive.result.method.annotation.RequestMappingMessageConversionIntegrationTests" time="0.124"/>
  <testcase name="personCreateWithFlowableJson(HttpServer)[2]" classname="org.springframework.web.reactive.result.method.annotation.RequestMappingMessageConversionIntegrationTests" time="0.154"/>
  <testcase name="personCreateWithFlowableJson(HttpServer)[3]" classname="org.springframework.web.reactive.result.method.annotation.RequestMappingMessageConversionIntegrationTests" time="0.193"/>
  <testcase name="personCreateWithFlowableJson(HttpServer)[4]" classname="org.springframework.web.reactive.result.method.annotation.RequestMappingMessageConversionIntegrationTests" time="0.184"/>
  <testcase name="byteBufferResponseBodyWithFlowable(HttpServer)[1]" classname="org.springframework.web.reactive.result.method.annotation.RequestMappingMessageConversionIntegrationTests" time="0.278"/>
  <testcase name="byteBufferResponseBodyWithFlowable(HttpServer)[2]" classname="org.springframework.web.reactive.result.method.annotation.RequestMappingMessageConversionIntegrationTests" time="0.266"/>
  <testcase name="byteBufferResponseBodyWithFlowable(HttpServer)[3]" classname="org.springframework.web.reactive.result.method.annotation.RequestMappingMessageConversionIntegrationTests" time="0.3"/>
  <testcase name="byteBufferResponseBodyWithFlowable(HttpServer)[4]" classname="org.springframework.web.reactive.result.method.annotation.RequestMappingMessageConversionIntegrationTests" time="0.26"/>
  <testcase name="personTransformWithFlux(HttpServer)[1]" classname="org.springframework.web.reactive.result.method.annotation.RequestMappingMessageConversionIntegrationTests" time="0.549"/>
  <testcase name="personTransformWithFlux(HttpServer)[2]" classname="org.springframework.web.reactive.result.method.annotation.RequestMappingMessageConversionIntegrationTests" time="0.426"/>
  <testcase name="personTransformWithFlux(HttpServer)[3]" classname="org.springframework.web.reactive.result.method.annotation.RequestMappingMessageConversionIntegrationTests" time="0.63"/>
  <testcase name="personTransformWithFlux(HttpServer)[4]" classname="org.springframework.web.reactive.result.method.annotation.RequestMappingMessageConversionIntegrationTests" time="0.457"/>
  <testcase name="personTransformWithMono(HttpServer)[1]" classname="org.springframework.web.reactive.result.method.annotation.RequestMappingMessageConversionIntegrationTests" time="0.296"/>
  <testcase name="personTransformWithMono(HttpServer)[2]" classname="org.springframework.web.reactive.result.method.annotation.RequestMappingMessageConversionIntegrationTests" time="0.199"/>
  <testcase name="personTransformWithMono(HttpServer)[3]" classname="org.springframework.web.reactive.result.method.annotation.RequestMappingMessageConversionIntegrationTests" time="0.22"/>
  <testcase name="personTransformWithMono(HttpServer)[4]" classname="org.springframework.web.reactive.result.method.annotation.RequestMappingMessageConversionIntegrationTests" time="0.162"/>
  <testcase name="personTransform(HttpServer)[1]" classname="org.springframework.web.reactive.result.method.annotation.RequestMappingMessageConversionIntegrationTests" time="0.277"/>
  <testcase name="personTransform(HttpServer)[2]" classname="org.springframework.web.reactive.result.method.annotation.RequestMappingMessageConversionIntegrationTests" time="0.347"/>
  <testcase name="personTransform(HttpServer)[3]" classname="org.springframework.web.reactive.result.method.annotation.RequestMappingMessageConversionIntegrationTests" time="0.297"/>
  <testcase name="personTransform(HttpServer)[4]" classname="org.springframework.web.reactive.result.method.annotation.RequestMappingMessageConversionIntegrationTests" time="0.219"/>
  <testcase name="personTransformWithMonoAndXml(HttpServer)[1]" classname="org.springframework.web.reactive.result.method.annotation.RequestMappingMessageConversionIntegrationTests" time="0.203"/>
  <testcase name="personTransformWithMonoAndXml(HttpServer)[2]" classname="org.springframework.web.reactive.result.method.annotation.RequestMappingMessageConversionIntegrationTests" time="0.198"/>
  <testcase name="personTransformWithMonoAndXml(HttpServer)[3]" classname="org.springframework.web.reactive.result.method.annotation.RequestMappingMessageConversionIntegrationTests" time="0.23"/>
  <testcase name="personTransformWithMonoAndXml(HttpServer)[4]" classname="org.springframework.web.reactive.result.method.annotation.RequestMappingMessageConversionIntegrationTests" time="0.158"/>
  <testcase name="personResponseBodyWithObservable(HttpServer)[1]" classname="org.springframework.web.reactive.result.method.annotation.RequestMappingMessageConversionIntegrationTests" time="0.288"/>
  <testcase name="personResponseBodyWithObservable(HttpServer)[2]" classname="org.springframework.web.reactive.result.method.annotation.RequestMappingMessageConversionIntegrationTests" time="0.111"/>
  <testcase name="personResponseBodyWithObservable(HttpServer)[3]" classname="org.springframework.web.reactive.result.method.annotation.RequestMappingMessageConversionIntegrationTests" time="0.3"/>
  <testcase name="personResponseBodyWithObservable(HttpServer)[4]" classname="org.springframework.web.reactive.result.method.annotation.RequestMappingMessageConversionIntegrationTests" time="0.377"/>
  <testcase name="personTransformWithPublisher(HttpServer)[1]" classname="org.springframework.web.reactive.result.method.annotation.RequestMappingMessageConversionIntegrationTests" time="0.288"/>
  <testcase name="personTransformWithPublisher(HttpServer)[2]" classname="org.springframework.web.reactive.result.method.annotation.RequestMappingMessageConversionIntegrationTests" time="0.295"/>
  <testcase name="personTransformWithPublisher(HttpServer)[3]" classname="org.springframework.web.reactive.result.method.annotation.RequestMappingMessageConversionIntegrationTests" time="0.177"/>
  <testcase name="personTransformWithPublisher(HttpServer)[4]" classname="org.springframework.web.reactive.result.method.annotation.RequestMappingMessageConversionIntegrationTests" time="0.132"/>
  <testcase name="personCreateWithObservableJson(HttpServer)[1]" classname="org.springframework.web.reactive.result.method.annotation.RequestMappingMessageConversionIntegrationTests" time="0.161"/>
  <testcase name="personCreateWithObservableJson(HttpServer)[2]" classname="org.springframework.web.reactive.result.method.annotation.RequestMappingMessageConversionIntegrationTests" time="0.149"/>
  <testcase name="personCreateWithObservableJson(HttpServer)[3]" classname="org.springframework.web.reactive.result.method.annotation.RequestMappingMessageConversionIntegrationTests" time="0.178"/>
  <testcase name="personCreateWithObservableJson(HttpServer)[4]" classname="org.springframework.web.reactive.result.method.annotation.RequestMappingMessageConversionIntegrationTests" time="0.172"/>
  <testcase name="personCreateWithMono(HttpServer)[1]" classname="org.springframework.web.reactive.result.method.annotation.RequestMappingMessageConversionIntegrationTests" time="0.268"/>
  <testcase name="personCreateWithMono(HttpServer)[2]" classname="org.springframework.web.reactive.result.method.annotation.RequestMappingMessageConversionIntegrationTests" time="0.119"/>
  <testcase name="personCreateWithMono(HttpServer)[3]" classname="org.springframework.web.reactive.result.method.annotation.RequestMappingMessageConversionIntegrationTests" time="0.109"/>
  <testcase name="personCreateWithMono(HttpServer)[4]" classname="org.springframework.web.reactive.result.method.annotation.RequestMappingMessageConversionIntegrationTests" time="0.19"/>
  <testcase name="personResponseBody(HttpServer)[1]" classname="org.springframework.web.reactive.result.method.annotation.RequestMappingMessageConversionIntegrationTests" time="0.171"/>
  <testcase name="personResponseBody(HttpServer)[2]" classname="org.springframework.web.reactive.result.method.annotation.RequestMappingMessageConversionIntegrationTests" time="0.144"/>
  <testcase name="personResponseBody(HttpServer)[3]" classname="org.springframework.web.reactive.result.method.annotation.RequestMappingMessageConversionIntegrationTests" time="0.196"/>
  <testcase name="personResponseBody(HttpServer)[4]" classname="org.springframework.web.reactive.result.method.annotation.RequestMappingMessageConversionIntegrationTests" time="0.137"/>
  <system-out><![CDATA[14:08:13.650 [Test worker] DEBUG o.s.w.r.r.m.a.RequestMappingHandlerMapping - 34 mappings in 'requestMappingHandlerMapping'
14:08:13.732 [Test worker] DEBUG o.s.w.r.r.m.a.ControllerMethodResolver - ControllerAdvice beans: none
14:08:13.799 [Test worker] DEBUG o.s.w.s.a.HttpWebHandlerAdapter - enableLoggingRequestDetails='false': form data and headers will be masked to prevent unsafe logging of potentially sensitive data
14:08:13.801 [Test worker] WARN  o.e.j.s.h.ContextHandler - Empty contextPath
14:08:13.801 [Test worker] INFO  o.e.j.s.h.ContextHandler - Started o.e.j.s.ServletContextHandler@f176fcd{/,null,AVAILABLE}
14:08:13.801 [Test worker] DEBUG o.s.w.t.h.s.r.b.JettyHttpServer - Starting JettyHttpServer...
14:08:13.802 [Test worker] INFO  o.e.j.s.Server - jetty-9.4.30.v20200611; built: 2020-06-11T12:34:51.929Z; git: 271836e4c1f4612f12b7bb13ef5a92a927634b0d; jvm 1.8.0_73-b02
14:08:13.807 [Test worker] INFO  o.e.j.s.AbstractConnector - Started ServerConnector@4b636dfa{HTTP/1.1, (http/1.1)}{0.0.0.0:61371}
14:08:13.808 [Test worker] INFO  o.e.j.s.Server - Started @93520ms
14:08:13.808 [Test worker] DEBUG o.s.w.t.h.s.r.b.JettyHttpServer - Server started on port 61371(0 millis).
14:08:13.808 [Test worker] DEBUG o.s.w.c.RestTemplate - HTTP GET http://localhost:61371/person-response/mono-declared-as-object
14:08:13.810 [Test worker] DEBUG o.s.w.c.RestTemplate - Accept=[application/xml, text/xml, application/json, application/x-jackson-smile, application/*+xml, application/*+json]
14:08:13.812 [qtp930359883-998] DEBUG o.s.w.s.a.HttpWebHandlerAdapter - [614246ed] HTTP GET "/person-response/mono-declared-as-object"
14:08:13.812 [qtp930359883-998] DEBUG o.s.w.r.r.m.a.RequestMappingHandlerMapping - [614246ed] Mapped to org.springframework.web.reactive.result.method.annotation.RequestMappingMessageConversionIntegrationTests$PersonResponseBodyController#getMonoDeclaredAsObject()
14:08:13.813 [qtp930359883-998] DEBUG o.s.w.r.r.m.a.ResponseBodyResultHandler - Using 'application/json' given [application/json] and supported [application/json, application/*+json, application/x-jackson-smile, application/*+x-jackson-smile, text/event-stream]
14:08:13.813 [qtp930359883-998] DEBUG o.s.w.r.r.m.a.ResponseBodyResultHandler - [614246ed] 0..1 [java.lang.Object]
14:08:13.813 [qtp930359883-998] DEBUG o.s.h.c.j.Jackson2JsonEncoder - [614246ed] Encoding [Person{name='Robert'}]
14:08:13.815 [qtp930359883-998] DEBUG o.s.w.s.a.HttpWebHandlerAdapter - [614246ed] Completed 200 OK
14:08:13.816 [Test worker] DEBUG o.s.w.c.RestTemplate - Response 200 OK
14:08:13.816 [Test worker] DEBUG o.s.w.c.RestTemplate - Reading to [org.springframework.web.reactive.result.method.annotation.RequestMappingMessageConversionIntegrationTests$Person]
14:08:13.816 [Test worker] DEBUG o.s.w.t.h.s.r.b.JettyHttpServer - Stopping JettyHttpServer...
14:08:13.816 [Test worker] INFO  o.e.j.s.h.ContextHandler - Stopped o.e.j.s.ServletContextHandler@f176fcd{/,null,UNAVAILABLE}
14:08:13.818 [Test worker] INFO  o.e.j.s.AbstractConnector - Stopped ServerConnector@4b636dfa{HTTP/1.1, (http/1.1)}{0.0.0.0:0}
14:08:13.829 [Test worker] DEBUG o.s.w.t.h.s.r.b.JettyHttpServer - Server stopped (0 millis).
14:08:13.967 [Test worker] DEBUG o.s.w.r.r.m.a.RequestMappingHandlerMapping - 34 mappings in 'requestMappingHandlerMapping'
14:08:14.021 [Test worker] DEBUG o.s.w.r.r.m.a.ControllerMethodResolver - ControllerAdvice beans: none
14:08:14.081 [Test worker] DEBUG o.s.w.s.a.HttpWebHandlerAdapter - enableLoggingRequestDetails='false': form data and headers will be masked to prevent unsafe logging of potentially sensitive data
14:08:14.081 [Test worker] DEBUG o.s.w.t.h.s.r.b.ReactorHttpServer - Starting ReactorHttpServer...
14:08:14.082 [Test worker] DEBUG o.s.w.t.h.s.r.b.ReactorHttpServer - Server started on port 61373(0 millis).
14:08:14.083 [Test worker] DEBUG o.s.w.c.RestTemplate - HTTP GET http://localhost:61373/person-response/mono-declared-as-object
14:08:14.084 [Test worker] DEBUG o.s.w.c.RestTemplate - Accept=[application/xml, text/xml, application/json, application/x-jackson-smile, application/*+xml, application/*+json]
14:08:14.087 [reactor-http-nio-8] DEBUG o.s.w.s.a.HttpWebHandlerAdapter - [51cd4c6b-32] HTTP GET "/person-response/mono-declared-as-object"
14:08:14.087 [reactor-http-nio-8] DEBUG o.s.w.r.r.m.a.RequestMappingHandlerMapping - [51cd4c6b-32] Mapped to org.springframework.web.reactive.result.method.annotation.RequestMappingMessageConversionIntegrationTests$PersonResponseBodyController#getMonoDeclaredAsObject()
14:08:14.088 [reactor-http-nio-8] DEBUG o.s.w.r.r.m.a.ResponseBodyResultHandler - Using 'application/json' given [application/json] and supported [application/json, application/*+json, application/x-jackson-smile, application/*+x-jackson-smile, text/event-stream]
14:08:14.088 [reactor-http-nio-8] DEBUG o.s.w.r.r.m.a.ResponseBodyResultHandler - [51cd4c6b-32] 0..1 [java.lang.Object]
14:08:14.088 [reactor-http-nio-8] DEBUG o.s.h.c.j.Jackson2JsonEncoder - [51cd4c6b-32] Encoding [Person{name='Robert'}]
14:08:14.090 [reactor-http-nio-8] DEBUG o.s.w.s.a.HttpWebHandlerAdapter - [51cd4c6b-32] Completed 200 OK
14:08:14.090 [Test worker] DEBUG o.s.w.c.RestTemplate - Response 200 OK
14:08:14.090 [Test worker] DEBUG o.s.w.c.RestTemplate - Reading to [org.springframework.web.reactive.result.method.annotation.RequestMappingMessageConversionIntegrationTests$Person]
14:08:14.091 [Test worker] DEBUG o.s.w.t.h.s.r.b.ReactorHttpServer - Stopping ReactorHttpServer...
14:08:14.091 [Test worker] DEBUG o.s.w.t.h.s.r.b.ReactorHttpServer - Server stopped (0 millis).
14:08:14.290 [Test worker] DEBUG o.s.w.r.r.m.a.RequestMappingHandlerMapping - 34 mappings in 'requestMappingHandlerMapping'
14:08:14.347 [Test worker] DEBUG o.s.w.r.r.m.a.ControllerMethodResolver - ControllerAdvice beans: none
14:08:14.404 [Test worker] DEBUG o.s.w.s.a.HttpWebHandlerAdapter - enableLoggingRequestDetails='false': form data and headers will be masked to prevent unsafe logging of potentially sensitive data
14:08:14.405 [Test worker] DEBUG o.s.w.t.h.s.r.b.TomcatHttpServer - Starting TomcatHttpServer...
14:08:14.442 [Test worker] DEBUG o.s.w.t.h.s.r.b.TomcatHttpServer - Server started on port 61376(0 millis).
14:08:14.443 [Test worker] DEBUG o.s.w.c.RestTemplate - HTTP GET http://localhost:61376/person-response/mono-declared-as-object
14:08:14.444 [Test worker] DEBUG o.s.w.c.RestTemplate - Accept=[application/xml, text/xml, application/json, application/x-jackson-smile, application/*+xml, application/*+json]
14:08:14.447 [http-nio-auto-30-exec-1] DEBUG o.s.w.s.a.HttpWebHandlerAdapter - [4404adce] HTTP GET "/person-response/mono-declared-as-object"
14:08:14.448 [http-nio-auto-30-exec-1] DEBUG o.s.w.r.r.m.a.RequestMappingHandlerMapping - [4404adce] Mapped to org.springframework.web.reactive.result.method.annotation.RequestMappingMessageConversionIntegrationTests$PersonResponseBodyController#getMonoDeclaredAsObject()
14:08:14.448 [http-nio-auto-30-exec-1] DEBUG o.s.w.r.r.m.a.ResponseBodyResultHandler - Using 'application/json' given [application/json] and supported [application/json, application/*+json, application/x-jackson-smile, application/*+x-jackson-smile, text/event-stream]
14:08:14.448 [http-nio-auto-30-exec-1] DEBUG o.s.w.r.r.m.a.ResponseBodyResultHandler - [4404adce] 0..1 [java.lang.Object]
14:08:14.448 [http-nio-auto-30-exec-1] DEBUG o.s.h.c.j.Jackson2JsonEncoder - [4404adce] Encoding [Person{name='Robert'}]
14:08:14.450 [http-nio-auto-30-exec-1] DEBUG o.s.w.s.a.HttpWebHandlerAdapter - [4404adce] Completed 200 OK
14:08:14.450 [Test worker] DEBUG o.s.w.c.RestTemplate - Response 200 OK
14:08:14.450 [Test worker] DEBUG o.s.w.c.RestTemplate - Reading to [org.springframework.web.reactive.result.method.annotation.RequestMappingMessageConversionIntegrationTests$Person]
14:08:14.450 [Test worker] DEBUG o.s.w.t.h.s.r.b.TomcatHttpServer - Stopping TomcatHttpServer...
14:08:14.463 [Test worker] DEBUG o.s.w.t.h.s.r.b.TomcatHttpServer - Server stopped (0 millis).
14:08:14.678 [Test worker] DEBUG o.s.w.r.r.m.a.RequestMappingHandlerMapping - 34 mappings in 'requestMappingHandlerMapping'
14:08:14.711 [Test worker] DEBUG o.s.w.r.r.m.a.ControllerMethodResolver - ControllerAdvice beans: none
14:08:14.753 [Test worker] DEBUG o.s.w.s.a.HttpWebHandlerAdapter - enableLoggingRequestDetails='false': form data and headers will be masked to prevent unsafe logging of potentially sensitive data
14:08:14.754 [Test worker] DEBUG o.s.w.t.h.s.r.b.UndertowHttpServer - Starting UndertowHttpServer...
14:08:14.754 [Test worker] INFO  i.undertow - starting server: Undertow - 2.1.3.Final
14:08:14.758 [Test worker] DEBUG o.s.w.t.h.s.r.b.UndertowHttpServer - Server started on port 61379(0 millis).
14:08:14.758 [Test worker] DEBUG o.s.w.c.RestTemplate - HTTP GET http://localhost:61379/person-response/mono-declared-as-object
14:08:14.759 [Test worker] DEBUG o.s.w.c.RestTemplate - Accept=[application/xml, text/xml, application/json, application/x-jackson-smile, application/*+xml, application/*+json]
14:08:14.761 [XNIO-30 I/O-8] DEBUG o.s.w.s.a.HttpWebHandlerAdapter - [4cf88295] HTTP GET "/person-response/mono-declared-as-object"
14:08:14.762 [XNIO-30 I/O-8] DEBUG o.s.w.r.r.m.a.RequestMappingHandlerMapping - [4cf88295] Mapped to org.springframework.web.reactive.result.method.annotation.RequestMappingMessageConversionIntegrationTests$PersonResponseBodyController#getMonoDeclaredAsObject()
14:08:14.763 [XNIO-30 I/O-8] DEBUG o.s.w.r.r.m.a.ResponseBodyResultHandler - Using 'application/json' given [application/json] and supported [application/json, application/*+json, application/x-jackson-smile, application/*+x-jackson-smile, text/event-stream]
14:08:14.763 [XNIO-30 I/O-8] DEBUG o.s.w.r.r.m.a.ResponseBodyResultHandler - [4cf88295] 0..1 [java.lang.Object]
14:08:14.763 [XNIO-30 I/O-8] DEBUG o.s.h.c.j.Jackson2JsonEncoder - [4cf88295] Encoding [Person{name='Robert'}]
14:08:14.764 [XNIO-30 I/O-8] DEBUG o.s.w.s.a.HttpWebHandlerAdapter - [4cf88295] Completed 200 OK
14:08:14.764 [Test worker] DEBUG o.s.w.c.RestTemplate - Response 200 OK
14:08:14.764 [Test worker] DEBUG o.s.w.c.RestTemplate - Reading to [org.springframework.web.reactive.result.method.annotation.RequestMappingMessageConversionIntegrationTests$Person]
14:08:14.765 [Test worker] DEBUG o.s.w.t.h.s.r.b.UndertowHttpServer - Stopping UndertowHttpServer...
14:08:14.765 [Test worker] INFO  i.undertow - stopping server: Undertow - 2.1.3.Final
14:08:14.766 [Test worker] DEBUG o.s.w.t.h.s.r.b.UndertowHttpServer - Server stopped (0 millis).
14:08:14.987 [Test worker] DEBUG o.s.w.r.r.m.a.RequestMappingHandlerMapping - 34 mappings in 'requestMappingHandlerMapping'
14:08:15.034 [Test worker] DEBUG o.s.w.r.r.m.a.ControllerMethodResolver - ControllerAdvice beans: none
14:08:15.098 [Test worker] DEBUG o.s.w.s.a.HttpWebHandlerAdapter - enableLoggingRequestDetails='false': form data and headers will be masked to prevent unsafe logging of potentially sensitive data
14:08:15.099 [Test worker] WARN  o.e.j.s.h.ContextHandler - Empty contextPath
14:08:15.099 [Test worker] INFO  o.e.j.s.h.ContextHandler - Started o.e.j.s.ServletContextHandler@2397e8d{/,null,AVAILABLE}
14:08:15.100 [Test worker] DEBUG o.s.w.t.h.s.r.b.JettyHttpServer - Starting JettyHttpServer...
14:08:15.100 [Test worker] INFO  o.e.j.s.Server - jetty-9.4.30.v20200611; built: 2020-06-11T12:34:51.929Z; git: 271836e4c1f4612f12b7bb13ef5a92a927634b0d; jvm 1.8.0_73-b02
14:08:15.106 [Test worker] INFO  o.e.j.s.AbstractConnector - Started ServerConnector@289c513e{HTTP/1.1, (http/1.1)}{0.0.0.0:61381}
14:08:15.106 [Test worker] INFO  o.e.j.s.Server - Started @94818ms
14:08:15.106 [Test worker] DEBUG o.s.w.t.h.s.r.b.JettyHttpServer - Server started on port 61381(0 millis).
14:08:15.106 [Test worker] DEBUG o.s.w.c.RestTemplate - HTTP GET http://localhost:61381/raw-response/publisher
14:08:15.108 [Test worker] DEBUG o.s.w.c.RestTemplate - Accept=[application/xml, text/xml, application/json, application/x-jackson-smile, application/*+xml, application/*+json]
14:08:15.112 [qtp260021402-1031] DEBUG o.s.w.s.a.HttpWebHandlerAdapter - [77488523] HTTP GET "/raw-response/publisher"
14:08:15.113 [qtp260021402-1031] DEBUG o.s.w.r.r.m.a.RequestMappingHandlerMapping - [77488523] Mapped to org.springframework.web.reactive.result.method.annotation.RequestMappingMessageConversionIntegrationTests$RawResponseBodyController#getPublisher()
14:08:15.122 [qtp260021402-1031] DEBUG o.s.w.r.r.m.a.ResponseBodyResultHandler - Using 'application/json' given [application/json] and supported [*/*, application/json, application/*+json, application/x-jackson-smile, application/*+x-jackson-smile, text/event-stream]
14:08:15.122 [qtp260021402-1031] DEBUG o.s.w.r.r.m.a.ResponseBodyResultHandler - [77488523] 0..N [java.nio.ByteBuffer]
14:08:15.124 [qtp260021402-1031] DEBUG o.s.h.c.j.Jackson2JsonEncoder - Encoding [Person{name='Robert'}]
14:08:15.125 [qtp260021402-1031] DEBUG o.s.c.c.ByteBufferEncoder - [77488523] Writing 17 bytes
14:08:15.126 [qtp260021402-1031] DEBUG o.s.w.s.a.HttpWebHandlerAdapter - [77488523] Completed 200 OK
14:08:15.126 [Test worker] DEBUG o.s.w.c.RestTemplate - Response 200 OK
14:08:15.126 [Test worker] DEBUG o.s.w.c.RestTemplate - Reading to [org.springframework.web.reactive.result.method.annotation.RequestMappingMessageConversionIntegrationTests$Person]
14:08:15.126 [Test worker] DEBUG o.s.w.t.h.s.r.b.JettyHttpServer - Stopping JettyHttpServer...
14:08:15.127 [Test worker] INFO  o.e.j.s.h.ContextHandler - Stopped o.e.j.s.ServletContextHandler@2397e8d{/,null,UNAVAILABLE}
14:08:15.128 [Test worker] INFO  o.e.j.s.AbstractConnector - Stopped ServerConnector@289c513e{HTTP/1.1, (http/1.1)}{0.0.0.0:0}
14:08:15.138 [Test worker] DEBUG o.s.w.t.h.s.r.b.JettyHttpServer - Server stopped (0 millis).
14:08:15.237 [Test worker] DEBUG o.s.w.r.r.m.a.RequestMappingHandlerMapping - 34 mappings in 'requestMappingHandlerMapping'
14:08:15.296 [Test worker] DEBUG o.s.w.r.r.m.a.ControllerMethodResolver - ControllerAdvice beans: none
14:08:15.361 [Test worker] DEBUG o.s.w.s.a.HttpWebHandlerAdapter - enableLoggingRequestDetails='false': form data and headers will be masked to prevent unsafe logging of potentially sensitive data
14:08:15.361 [Test worker] DEBUG o.s.w.t.h.s.r.b.ReactorHttpServer - Starting ReactorHttpServer...
14:08:15.362 [Test worker] DEBUG o.s.w.t.h.s.r.b.ReactorHttpServer - Server started on port 61383(0 millis).
14:08:15.363 [Test worker] DEBUG o.s.w.c.RestTemplate - HTTP GET http://localhost:61383/raw-response/publisher
14:08:15.364 [Test worker] DEBUG o.s.w.c.RestTemplate - Accept=[application/xml, text/xml, application/json, application/x-jackson-smile, application/*+xml, application/*+json]
14:08:15.366 [reactor-http-nio-2] DEBUG o.s.w.s.a.HttpWebHandlerAdapter - [a188e29a-33] HTTP GET "/raw-response/publisher"
14:08:15.367 [reactor-http-nio-2] DEBUG o.s.w.r.r.m.a.RequestMappingHandlerMapping - [a188e29a-33] Mapped to org.springframework.web.reactive.result.method.annotation.RequestMappingMessageConversionIntegrationTests$RawResponseBodyController#getPublisher()
14:08:15.373 [reactor-http-nio-2] DEBUG o.s.w.r.r.m.a.ResponseBodyResultHandler - Using 'application/json' given [application/json] and supported [*/*, application/json, application/*+json, application/x-jackson-smile, application/*+x-jackson-smile, text/event-stream]
14:08:15.373 [reactor-http-nio-2] DEBUG o.s.w.r.r.m.a.ResponseBodyResultHandler - [a188e29a-33] 0..N [java.nio.ByteBuffer]
14:08:15.373 [reactor-http-nio-2] DEBUG o.s.h.c.j.Jackson2JsonEncoder - Encoding [Person{name='Robert'}]
14:08:15.374 [reactor-http-nio-2] DEBUG o.s.c.c.ByteBufferEncoder - [a188e29a-33] Writing 17 bytes
14:08:15.375 [Test worker] DEBUG o.s.w.c.RestTemplate - Response 200 OK
14:08:15.375 [reactor-http-nio-2] DEBUG o.s.w.s.a.HttpWebHandlerAdapter - [a188e29a-33] Completed 200 OK
14:08:15.376 [Test worker] DEBUG o.s.w.c.RestTemplate - Reading to [org.springframework.web.reactive.result.method.annotation.RequestMappingMessageConversionIntegrationTests$Person]
14:08:15.376 [Test worker] DEBUG o.s.w.t.h.s.r.b.ReactorHttpServer - Stopping ReactorHttpServer...
14:08:15.376 [Test worker] DEBUG o.s.w.t.h.s.r.b.ReactorHttpServer - Server stopped (0 millis).
14:08:15.491 [Test worker] DEBUG o.s.w.r.r.m.a.RequestMappingHandlerMapping - 34 mappings in 'requestMappingHandlerMapping'
14:08:15.565 [Test worker] DEBUG o.s.w.r.r.m.a.ControllerMethodResolver - ControllerAdvice beans: none
14:08:15.611 [Test worker] DEBUG o.s.w.s.a.HttpWebHandlerAdapter - enableLoggingRequestDetails='false': form data and headers will be masked to prevent unsafe logging of potentially sensitive data
14:08:15.612 [Test worker] DEBUG o.s.w.t.h.s.r.b.TomcatHttpServer - Starting TomcatHttpServer...
14:08:15.636 [Test worker] DEBUG o.s.w.t.h.s.r.b.TomcatHttpServer - Server started on port 61387(0 millis).
14:08:15.637 [Test worker] DEBUG o.s.w.c.RestTemplate - HTTP GET http://localhost:61387/raw-response/publisher
14:08:15.638 [Test worker] DEBUG o.s.w.c.RestTemplate - Accept=[application/xml, text/xml, application/json, application/x-jackson-smile, application/*+xml, application/*+json]
14:08:15.641 [http-nio-auto-31-exec-1] DEBUG o.s.w.s.a.HttpWebHandlerAdapter - [82609f8] HTTP GET "/raw-response/publisher"
14:08:15.641 [http-nio-auto-31-exec-1] DEBUG o.s.w.r.r.m.a.RequestMappingHandlerMapping - [82609f8] Mapped to org.springframework.web.reactive.result.method.annotation.RequestMappingMessageConversionIntegrationTests$RawResponseBodyController#getPublisher()
14:08:15.646 [http-nio-auto-31-exec-1] DEBUG o.s.w.r.r.m.a.ResponseBodyResultHandler - Using 'application/json' given [application/json] and supported [*/*, application/json, application/*+json, application/x-jackson-smile, application/*+x-jackson-smile, text/event-stream]
14:08:15.646 [http-nio-auto-31-exec-1] DEBUG o.s.w.r.r.m.a.ResponseBodyResultHandler - [82609f8] 0..N [java.nio.ByteBuffer]
14:08:15.647 [http-nio-auto-31-exec-1] DEBUG o.s.h.c.j.Jackson2JsonEncoder - Encoding [Person{name='Robert'}]
14:08:15.647 [http-nio-auto-31-exec-1] DEBUG o.s.c.c.ByteBufferEncoder - [82609f8] Writing 17 bytes
14:08:15.648 [http-nio-auto-31-exec-1] DEBUG o.s.w.s.a.HttpWebHandlerAdapter - [82609f8] Completed 200 OK
14:08:15.648 [Test worker] DEBUG o.s.w.c.RestTemplate - Response 200 OK
14:08:15.648 [Test worker] DEBUG o.s.w.c.RestTemplate - Reading to [org.springframework.web.reactive.result.method.annotation.RequestMappingMessageConversionIntegrationTests$Person]
14:08:15.648 [Test worker] DEBUG o.s.w.t.h.s.r.b.TomcatHttpServer - Stopping TomcatHttpServer...
14:08:15.662 [Test worker] DEBUG o.s.w.t.h.s.r.b.TomcatHttpServer - Server stopped (0 millis).
14:08:15.892 [Test worker] DEBUG o.s.w.r.r.m.a.RequestMappingHandlerMapping - 34 mappings in 'requestMappingHandlerMapping'
14:08:16.004 [Test worker] DEBUG o.s.w.r.r.m.a.ControllerMethodResolver - ControllerAdvice beans: none
14:08:16.052 [Test worker] DEBUG o.s.w.s.a.HttpWebHandlerAdapter - enableLoggingRequestDetails='false': form data and headers will be masked to prevent unsafe logging of potentially sensitive data
14:08:16.052 [Test worker] DEBUG o.s.w.t.h.s.r.b.UndertowHttpServer - Starting UndertowHttpServer...
14:08:16.052 [Test worker] INFO  i.undertow - starting server: Undertow - 2.1.3.Final
14:08:16.096 [Test worker] DEBUG o.s.w.t.h.s.r.b.UndertowHttpServer - Server started on port 61390(0 millis).
14:08:16.096 [Test worker] DEBUG o.s.w.c.RestTemplate - HTTP GET http://localhost:61390/raw-response/publisher
14:08:16.099 [Test worker] DEBUG o.s.w.c.RestTemplate - Accept=[application/xml, text/xml, application/json, application/x-jackson-smile, application/*+xml, application/*+json]
14:08:16.109 [XNIO-31 I/O-6] DEBUG o.s.w.s.a.HttpWebHandlerAdapter - [4709afcd] HTTP GET "/raw-response/publisher"
14:08:16.110 [XNIO-31 I/O-6] DEBUG o.s.w.r.r.m.a.RequestMappingHandlerMapping - [4709afcd] Mapped to org.springframework.web.reactive.result.method.annotation.RequestMappingMessageConversionIntegrationTests$RawResponseBodyController#getPublisher()
14:08:16.116 [XNIO-31 I/O-6] DEBUG o.s.w.r.r.m.a.ResponseBodyResultHandler - Using 'application/json' given [application/json] and supported [*/*, application/json, application/*+json, application/x-jackson-smile, application/*+x-jackson-smile, text/event-stream]
14:08:16.116 [XNIO-31 I/O-6] DEBUG o.s.w.r.r.m.a.ResponseBodyResultHandler - [4709afcd] 0..N [java.nio.ByteBuffer]
14:08:16.116 [XNIO-31 I/O-6] DEBUG o.s.h.c.j.Jackson2JsonEncoder - Encoding [Person{name='Robert'}]
14:08:16.117 [XNIO-31 I/O-6] DEBUG o.s.c.c.ByteBufferEncoder - [4709afcd] Writing 17 bytes
14:08:16.117 [XNIO-31 I/O-6] DEBUG o.s.w.s.a.HttpWebHandlerAdapter - [4709afcd] Completed 200 OK
14:08:16.117 [Test worker] DEBUG o.s.w.c.RestTemplate - Response 200 OK
14:08:16.118 [Test worker] DEBUG o.s.w.c.RestTemplate - Reading to [org.springframework.web.reactive.result.method.annotation.RequestMappingMessageConversionIntegrationTests$Person]
14:08:16.118 [Test worker] DEBUG o.s.w.t.h.s.r.b.UndertowHttpServer - Stopping UndertowHttpServer...
14:08:16.118 [Test worker] INFO  i.undertow - stopping server: Undertow - 2.1.3.Final
14:08:16.119 [Test worker] DEBUG o.s.w.t.h.s.r.b.UndertowHttpServer - Server stopped (0 millis).
14:08:16.200 [Test worker] DEBUG o.s.w.r.r.m.a.RequestMappingHandlerMapping - 34 mappings in 'requestMappingHandlerMapping'
14:08:16.305 [Test worker] DEBUG o.s.w.r.r.m.a.ControllerMethodResolver - ControllerAdvice beans: none
14:08:16.350 [Test worker] DEBUG o.s.w.s.a.HttpWebHandlerAdapter - enableLoggingRequestDetails='false': form data and headers will be masked to prevent unsafe logging of potentially sensitive data
14:08:16.350 [Test worker] WARN  o.e.j.s.h.ContextHandler - Empty contextPath
14:08:16.351 [Test worker] INFO  o.e.j.s.h.ContextHandler - Started o.e.j.s.ServletContextHandler@63f837ea{/,null,AVAILABLE}
14:08:16.351 [Test worker] DEBUG o.s.w.t.h.s.r.b.JettyHttpServer - Starting JettyHttpServer...
14:08:16.352 [Test worker] INFO  o.e.j.s.Server - jetty-9.4.30.v20200611; built: 2020-06-11T12:34:51.929Z; git: 271836e4c1f4612f12b7bb13ef5a92a927634b0d; jvm 1.8.0_73-b02
14:08:16.360 [Test worker] INFO  o.e.j.s.AbstractConnector - Started ServerConnector@61fb9b27{HTTP/1.1, (http/1.1)}{0.0.0.0:61392}
14:08:16.360 [Test worker] INFO  o.e.j.s.Server - Started @96072ms
14:08:16.360 [Test worker] DEBUG o.s.w.t.h.s.r.b.JettyHttpServer - Server started on port 61392(0 millis).
14:08:16.360 [Test worker] DEBUG o.s.w.c.RestTemplate - HTTP GET http://localhost:61392/person-response/completable-future
14:08:16.361 [Test worker] DEBUG o.s.w.c.RestTemplate - Accept=[application/xml, text/xml, application/json, application/x-jackson-smile, application/*+xml, application/*+json]
14:08:16.364 [qtp489550157-1064] DEBUG o.s.w.s.a.HttpWebHandlerAdapter - [5b18dde0] HTTP GET "/person-response/completable-future"
14:08:16.365 [qtp489550157-1064] DEBUG o.s.w.r.r.m.a.RequestMappingHandlerMapping - [5b18dde0] Mapped to org.springframework.web.reactive.result.method.annotation.RequestMappingMessageConversionIntegrationTests$PersonResponseBodyController#getCompletableFuture()
14:08:16.367 [qtp489550157-1064] DEBUG o.s.w.r.r.m.a.ResponseBodyResultHandler - Using 'application/json' given [application/json] and supported [application/json, application/*+json, application/x-jackson-smile, application/*+x-jackson-smile, application/xml, text/xml, text/event-stream]
14:08:16.367 [qtp489550157-1064] DEBUG o.s.w.r.r.m.a.ResponseBodyResultHandler - [5b18dde0] 0..1 [org.springframework.web.reactive.result.method.annotation.RequestMappingMessageConversionIntegrationTests$Person]
14:08:16.369 [qtp489550157-1064] DEBUG o.s.h.c.j.Jackson2JsonEncoder - [5b18dde0] Encoding [Person{name='Robert'}]
14:08:16.370 [qtp489550157-1064] DEBUG o.s.w.s.a.HttpWebHandlerAdapter - [5b18dde0] Completed 200 OK
14:08:16.370 [Test worker] DEBUG o.s.w.c.RestTemplate - Response 200 OK
14:08:16.371 [Test worker] DEBUG o.s.w.c.RestTemplate - Reading to [org.springframework.web.reactive.result.method.annotation.RequestMappingMessageConversionIntegrationTests$Person]
14:08:16.371 [Test worker] DEBUG o.s.w.t.h.s.r.b.JettyHttpServer - Stopping JettyHttpServer...
14:08:16.372 [Test worker] INFO  o.e.j.s.h.ContextHandler - Stopped o.e.j.s.ServletContextHandler@63f837ea{/,null,UNAVAILABLE}
14:08:16.373 [Test worker] INFO  o.e.j.s.AbstractConnector - Stopped ServerConnector@61fb9b27{HTTP/1.1, (http/1.1)}{0.0.0.0:0}
14:08:16.384 [Test worker] DEBUG o.s.w.t.h.s.r.b.JettyHttpServer - Server stopped (0 millis).
14:08:16.554 [Test worker] DEBUG o.s.w.r.r.m.a.RequestMappingHandlerMapping - 34 mappings in 'requestMappingHandlerMapping'
14:08:16.641 [Test worker] DEBUG o.s.w.r.r.m.a.ControllerMethodResolver - ControllerAdvice beans: none
14:08:16.692 [Test worker] DEBUG o.s.w.s.a.HttpWebHandlerAdapter - enableLoggingRequestDetails='false': form data and headers will be masked to prevent unsafe logging of potentially sensitive data
14:08:16.692 [Test worker] DEBUG o.s.w.t.h.s.r.b.ReactorHttpServer - Starting ReactorHttpServer...
14:08:16.693 [Test worker] DEBUG o.s.w.t.h.s.r.b.ReactorHttpServer - Server started on port 61394(0 millis).
14:08:16.693 [Test worker] DEBUG o.s.w.c.RestTemplate - HTTP GET http://localhost:61394/person-response/completable-future
14:08:16.694 [Test worker] DEBUG o.s.w.c.RestTemplate - Accept=[application/xml, text/xml, application/json, application/x-jackson-smile, application/*+xml, application/*+json]
14:08:16.696 [reactor-http-nio-4] DEBUG o.s.w.s.a.HttpWebHandlerAdapter - [77f3e128-34] HTTP GET "/person-response/completable-future"
14:08:16.697 [reactor-http-nio-4] DEBUG o.s.w.r.r.m.a.RequestMappingHandlerMapping - [77f3e128-34] Mapped to org.springframework.web.reactive.result.method.annotation.RequestMappingMessageConversionIntegrationTests$PersonResponseBodyController#getCompletableFuture()
14:08:16.698 [reactor-http-nio-4] DEBUG o.s.w.r.r.m.a.ResponseBodyResultHandler - Using 'application/json' given [application/json] and supported [application/json, application/*+json, application/x-jackson-smile, application/*+x-jackson-smile, application/xml, text/xml, text/event-stream]
14:08:16.698 [reactor-http-nio-4] DEBUG o.s.w.r.r.m.a.ResponseBodyResultHandler - [77f3e128-34] 0..1 [org.springframework.web.reactive.result.method.annotation.RequestMappingMessageConversionIntegrationTests$Person]
14:08:16.699 [reactor-http-nio-4] DEBUG o.s.h.c.j.Jackson2JsonEncoder - [77f3e128-34] Encoding [Person{name='Robert'}]
14:08:16.700 [reactor-http-nio-4] DEBUG o.s.w.s.a.HttpWebHandlerAdapter - [77f3e128-34] Completed 200 OK
14:08:16.700 [Test worker] DEBUG o.s.w.c.RestTemplate - Response 200 OK
14:08:16.700 [Test worker] DEBUG o.s.w.c.RestTemplate - Reading to [org.springframework.web.reactive.result.method.annotation.RequestMappingMessageConversionIntegrationTests$Person]
14:08:16.701 [Test worker] DEBUG o.s.w.t.h.s.r.b.ReactorHttpServer - Stopping ReactorHttpServer...
14:08:16.701 [Test worker] DEBUG o.s.w.t.h.s.r.b.ReactorHttpServer - Server stopped (0 millis).
14:08:16.874 [Test worker] DEBUG o.s.w.r.r.m.a.RequestMappingHandlerMapping - 34 mappings in 'requestMappingHandlerMapping'
14:08:16.973 [Test worker] DEBUG o.s.w.r.r.m.a.ControllerMethodResolver - ControllerAdvice beans: none
14:08:17.020 [Test worker] DEBUG o.s.w.s.a.HttpWebHandlerAdapter - enableLoggingRequestDetails='false': form data and headers will be masked to prevent unsafe logging of potentially sensitive data
14:08:17.024 [Test worker] DEBUG o.s.w.t.h.s.r.b.TomcatHttpServer - Starting TomcatHttpServer...
14:08:17.048 [Test worker] DEBUG o.s.w.t.h.s.r.b.TomcatHttpServer - Server started on port 61401(0 millis).
14:08:17.048 [Test worker] DEBUG o.s.w.c.RestTemplate - HTTP GET http://localhost:61401/person-response/completable-future
14:08:17.049 [Test worker] DEBUG o.s.w.c.RestTemplate - Accept=[application/xml, text/xml, application/json, application/x-jackson-smile, application/*+xml, application/*+json]
14:08:17.053 [http-nio-auto-32-exec-1] DEBUG o.s.w.s.a.HttpWebHandlerAdapter - [1e4638f2] HTTP GET "/person-response/completable-future"
14:08:17.053 [http-nio-auto-32-exec-1] DEBUG o.s.w.r.r.m.a.RequestMappingHandlerMapping - [1e4638f2] Mapped to org.springframework.web.reactive.result.method.annotation.RequestMappingMessageConversionIntegrationTests$PersonResponseBodyController#getCompletableFuture()
14:08:17.055 [http-nio-auto-32-exec-1] DEBUG o.s.w.r.r.m.a.ResponseBodyResultHandler - Using 'application/json' given [application/json] and supported [application/json, application/*+json, application/x-jackson-smile, application/*+x-jackson-smile, application/xml, text/xml, text/event-stream]
14:08:17.055 [http-nio-auto-32-exec-1] DEBUG o.s.w.r.r.m.a.ResponseBodyResultHandler - [1e4638f2] 0..1 [org.springframework.web.reactive.result.method.annotation.RequestMappingMessageConversionIntegrationTests$Person]
14:08:17.055 [http-nio-auto-32-exec-1] DEBUG o.s.h.c.j.Jackson2JsonEncoder - [1e4638f2] Encoding [Person{name='Robert'}]
14:08:17.056 [http-nio-auto-32-exec-1] DEBUG o.s.w.s.a.HttpWebHandlerAdapter - [1e4638f2] Completed 200 OK
14:08:17.056 [Test worker] DEBUG o.s.w.c.RestTemplate - Response 200 OK
14:08:17.057 [Test worker] DEBUG o.s.w.c.RestTemplate - Reading to [org.springframework.web.reactive.result.method.annotation.RequestMappingMessageConversionIntegrationTests$Person]
14:08:17.058 [Test worker] DEBUG o.s.w.t.h.s.r.b.TomcatHttpServer - Stopping TomcatHttpServer...
14:08:17.065 [Test worker] DEBUG o.s.w.t.h.s.r.b.TomcatHttpServer - Server stopped (0 millis).
14:08:17.192 [Test worker] DEBUG o.s.w.r.r.m.a.RequestMappingHandlerMapping - 34 mappings in 'requestMappingHandlerMapping'
14:08:17.285 [Test worker] DEBUG o.s.w.r.r.m.a.ControllerMethodResolver - ControllerAdvice beans: none
14:08:17.329 [Test worker] DEBUG o.s.w.s.a.HttpWebHandlerAdapter - enableLoggingRequestDetails='false': form data and headers will be masked to prevent unsafe logging of potentially sensitive data
14:08:17.329 [Test worker] DEBUG o.s.w.t.h.s.r.b.UndertowHttpServer - Starting UndertowHttpServer...
14:08:17.329 [Test worker] INFO  i.undertow - starting server: Undertow - 2.1.3.Final
14:08:17.342 [Test worker] DEBUG o.s.w.t.h.s.r.b.UndertowHttpServer - Server started on port 61406(0 millis).
14:08:17.342 [Test worker] DEBUG o.s.w.c.RestTemplate - HTTP GET http://localhost:61406/person-response/completable-future
14:08:17.343 [Test worker] DEBUG o.s.w.c.RestTemplate - Accept=[application/xml, text/xml, application/json, application/x-jackson-smile, application/*+xml, application/*+json]
14:08:17.348 [XNIO-32 I/O-2] DEBUG o.s.w.s.a.HttpWebHandlerAdapter - [4d75cdd4] HTTP GET "/person-response/completable-future"
14:08:17.349 [XNIO-32 I/O-2] DEBUG o.s.w.r.r.m.a.RequestMappingHandlerMapping - [4d75cdd4] Mapped to org.springframework.web.reactive.result.method.annotation.RequestMappingMessageConversionIntegrationTests$PersonResponseBodyController#getCompletableFuture()
14:08:17.350 [XNIO-32 I/O-2] DEBUG o.s.w.r.r.m.a.ResponseBodyResultHandler - Using 'application/json' given [application/json] and supported [application/json, application/*+json, application/x-jackson-smile, application/*+x-jackson-smile, application/xml, text/xml, text/event-stream]
14:08:17.350 [XNIO-32 I/O-2] DEBUG o.s.w.r.r.m.a.ResponseBodyResultHandler - [4d75cdd4] 0..1 [org.springframework.web.reactive.result.method.annotation.RequestMappingMessageConversionIntegrationTests$Person]
14:08:17.351 [XNIO-32 I/O-2] DEBUG o.s.h.c.j.Jackson2JsonEncoder - [4d75cdd4] Encoding [Person{name='Robert'}]
14:08:17.351 [XNIO-32 I/O-2] DEBUG o.s.w.s.a.HttpWebHandlerAdapter - [4d75cdd4] Completed 200 OK
14:08:17.352 [Test worker] DEBUG o.s.w.c.RestTemplate - Response 200 OK
14:08:17.352 [Test worker] DEBUG o.s.w.c.RestTemplate - Reading to [org.springframework.web.reactive.result.method.annotation.RequestMappingMessageConversionIntegrationTests$Person]
14:08:17.352 [Test worker] DEBUG o.s.w.t.h.s.r.b.UndertowHttpServer - Stopping UndertowHttpServer...
14:08:17.353 [Test worker] INFO  i.undertow - stopping server: Undertow - 2.1.3.Final
14:08:17.354 [Test worker] DEBUG o.s.w.t.h.s.r.b.UndertowHttpServer - Server stopped (0 millis).
14:08:17.549 [Test worker] DEBUG o.s.w.r.r.m.a.RequestMappingHandlerMapping - 34 mappings in 'requestMappingHandlerMapping'
14:08:17.593 [Test worker] DEBUG o.s.w.r.r.m.a.ControllerMethodResolver - ControllerAdvice beans: none
14:08:17.654 [Test worker] DEBUG o.s.w.s.a.HttpWebHandlerAdapter - enableLoggingRequestDetails='false': form data and headers will be masked to prevent unsafe logging of potentially sensitive data
14:08:17.654 [Test worker] WARN  o.e.j.s.h.ContextHandler - Empty contextPath
14:08:17.655 [Test worker] INFO  o.e.j.s.h.ContextHandler - Started o.e.j.s.ServletContextHandler@6190f46e{/,null,AVAILABLE}
14:08:17.655 [Test worker] DEBUG o.s.w.t.h.s.r.b.JettyHttpServer - Starting JettyHttpServer...
14:08:17.655 [Test worker] INFO  o.e.j.s.Server - jetty-9.4.30.v20200611; built: 2020-06-11T12:34:51.929Z; git: 271836e4c1f4612f12b7bb13ef5a92a927634b0d; jvm 1.8.0_73-b02
14:08:17.659 [Test worker] INFO  o.e.j.s.AbstractConnector - Started ServerConnector@68ba8d5e{HTTP/1.1, (http/1.1)}{0.0.0.0:61413}
14:08:17.659 [Test worker] INFO  o.e.j.s.Server - Started @97371ms
14:08:17.659 [Test worker] DEBUG o.s.w.t.h.s.r.b.JettyHttpServer - Server started on port 61413(0 millis).
14:08:17.660 [Test worker] DEBUG o.s.w.c.RestTemplate - HTTP POST http://localhost:61413/person-create/observable
14:08:17.662 [Test worker] DEBUG o.s.w.c.RestTemplate - Accept=[application/json, application/x-jackson-smile, application/*+json]
14:08:17.663 [Test worker] DEBUG o.s.w.c.RestTemplate - Writing [org.springframework.web.reactive.result.method.annotation.RequestMappingMessageConversionIntegrationTests$People@6725064c] as "application/xml"
14:08:18.064 [qtp261475694-1097] DEBUG o.s.w.s.a.HttpWebHandlerAdapter - [472d7674] HTTP POST "/person-create/observable"
14:08:18.064 [qtp261475694-1097] DEBUG o.s.w.r.r.m.a.RequestMappingHandlerMapping - [472d7674] Mapped to org.springframework.web.reactive.result.method.annotation.RequestMappingMessageConversionIntegrationTests$PersonCreateController#createWithObservable(Observable)
14:08:18.066 [qtp261475694-1097] DEBUG o.s.w.r.r.m.a.RequestBodyMethodArgumentResolver - [472d7674] Content-Type:application/xml
14:08:18.067 [qtp261475694-1097] DEBUG o.s.w.r.r.m.a.RequestBodyMethodArgumentResolver - [472d7674] 0..N [org.springframework.web.reactive.result.method.annotation.RequestMappingMessageConversionIntegrationTests$Person]
14:08:18.137 [qtp261475694-1097] DEBUG o.s.h.c.x.Jaxb2XmlDecoder - [472d7674] Decoded [Person{name='Robert'}]
14:08:18.138 [qtp261475694-1097] DEBUG o.s.h.c.x.Jaxb2XmlDecoder - [472d7674] Decoded [Person{name='Marie'}]
14:08:18.138 [qtp261475694-1097] DEBUG o.s.w.s.a.HttpWebHandlerAdapter - [472d7674] Completed 200 OK
14:08:18.141 [Test worker] DEBUG o.s.w.c.RestTemplate - Response 200 OK
14:08:18.141 [Test worker] DEBUG o.s.w.t.h.s.r.b.JettyHttpServer - Stopping JettyHttpServer...
14:08:18.142 [Test worker] INFO  o.e.j.s.h.ContextHandler - Stopped o.e.j.s.ServletContextHandler@6190f46e{/,null,UNAVAILABLE}
14:08:18.146 [Test worker] INFO  o.e.j.s.AbstractConnector - Stopped ServerConnector@68ba8d5e{HTTP/1.1, (http/1.1)}{0.0.0.0:0}
14:08:18.157 [Test worker] DEBUG o.s.w.t.h.s.r.b.JettyHttpServer - Server stopped (0 millis).
14:08:18.202 [Test worker] DEBUG o.s.w.r.r.m.a.RequestMappingHandlerMapping - 34 mappings in 'requestMappingHandlerMapping'
14:08:18.221 [Test worker] DEBUG o.s.w.r.r.m.a.ControllerMethodResolver - ControllerAdvice beans: none
14:08:18.243 [Test worker] DEBUG o.s.w.s.a.HttpWebHandlerAdapter - enableLoggingRequestDetails='false': form data and headers will be masked to prevent unsafe logging of potentially sensitive data
14:08:18.243 [Test worker] DEBUG o.s.w.t.h.s.r.b.ReactorHttpServer - Starting ReactorHttpServer...
14:08:18.244 [Test worker] DEBUG o.s.w.t.h.s.r.b.ReactorHttpServer - Server started on port 61419(0 millis).
14:08:18.244 [Test worker] DEBUG o.s.w.c.RestTemplate - HTTP POST http://localhost:61419/person-create/observable
14:08:18.245 [Test worker] DEBUG o.s.w.c.RestTemplate - Accept=[application/json, application/x-jackson-smile, application/*+json]
14:08:18.245 [Test worker] DEBUG o.s.w.c.RestTemplate - Writing [org.springframework.web.reactive.result.method.annotation.RequestMappingMessageConversionIntegrationTests$People@a244fdd] as "application/xml"
14:08:18.250 [reactor-http-nio-6] DEBUG o.s.w.s.a.HttpWebHandlerAdapter - [b4dc81c0-35] HTTP POST "/person-create/observable"
14:08:18.250 [reactor-http-nio-6] DEBUG o.s.w.r.r.m.a.RequestMappingHandlerMapping - [b4dc81c0-35] Mapped to org.springframework.web.reactive.result.method.annotation.RequestMappingMessageConversionIntegrationTests$PersonCreateController#createWithObservable(Observable)
14:08:18.251 [reactor-http-nio-6] DEBUG o.s.w.r.r.m.a.RequestBodyMethodArgumentResolver - [b4dc81c0-35] Content-Type:application/xml
14:08:18.252 [reactor-http-nio-6] DEBUG o.s.w.r.r.m.a.RequestBodyMethodArgumentResolver - [b4dc81c0-35] 0..N [org.springframework.web.reactive.result.method.annotation.RequestMappingMessageConversionIntegrationTests$Person]
14:08:18.255 [reactor-http-nio-6] DEBUG o.s.h.c.x.Jaxb2XmlDecoder - [b4dc81c0-35] Decoded [Person{name='Robert'}]
14:08:18.256 [reactor-http-nio-6] DEBUG o.s.h.c.x.Jaxb2XmlDecoder - [b4dc81c0-35] Decoded [Person{name='Marie'}]
14:08:18.256 [reactor-http-nio-6] DEBUG o.s.w.s.a.HttpWebHandlerAdapter - [b4dc81c0-35] Completed 200 OK
14:08:18.256 [Test worker] DEBUG o.s.w.c.RestTemplate - Response 200 OK
14:08:18.257 [Test worker] DEBUG o.s.w.t.h.s.r.b.ReactorHttpServer - Stopping ReactorHttpServer...
14:08:18.257 [Test worker] DEBUG o.s.w.t.h.s.r.b.ReactorHttpServer - Server stopped (0 millis).
14:08:18.307 [Test worker] DEBUG o.s.w.r.r.m.a.RequestMappingHandlerMapping - 34 mappings in 'requestMappingHandlerMapping'
14:08:18.342 [Test worker] DEBUG o.s.w.r.r.m.a.ControllerMethodResolver - ControllerAdvice beans: none
14:08:18.368 [Test worker] DEBUG o.s.w.s.a.HttpWebHandlerAdapter - enableLoggingRequestDetails='false': form data and headers will be masked to prevent unsafe logging of potentially sensitive data
14:08:18.368 [Test worker] DEBUG o.s.w.t.h.s.r.b.TomcatHttpServer - Starting TomcatHttpServer...
14:08:18.384 [Test worker] DEBUG o.s.w.t.h.s.r.b.TomcatHttpServer - Server started on port 61423(0 millis).
14:08:18.385 [Test worker] DEBUG o.s.w.c.RestTemplate - HTTP POST http://localhost:61423/person-create/observable
14:08:18.385 [Test worker] DEBUG o.s.w.c.RestTemplate - Accept=[application/json, application/x-jackson-smile, application/*+json]
14:08:18.385 [Test worker] DEBUG o.s.w.c.RestTemplate - Writing [org.springframework.web.reactive.result.method.annotation.RequestMappingMessageConversionIntegrationTests$People@3c161935] as "application/xml"
14:08:18.392 [http-nio-auto-33-exec-1] DEBUG o.s.w.s.a.HttpWebHandlerAdapter - [7950555a] HTTP POST "/person-create/observable"
14:08:18.392 [http-nio-auto-33-exec-1] DEBUG o.s.w.r.r.m.a.RequestMappingHandlerMapping - [7950555a] Mapped to org.springframework.web.reactive.result.method.annotation.RequestMappingMessageConversionIntegrationTests$PersonCreateController#createWithObservable(Observable)
14:08:18.393 [http-nio-auto-33-exec-1] DEBUG o.s.w.r.r.m.a.RequestBodyMethodArgumentResolver - [7950555a] Content-Type:application/xml
14:08:18.394 [http-nio-auto-33-exec-1] DEBUG o.s.w.r.r.m.a.RequestBodyMethodArgumentResolver - [7950555a] 0..N [org.springframework.web.reactive.result.method.annotation.RequestMappingMessageConversionIntegrationTests$Person]
14:08:18.400 [http-nio-auto-33-exec-2] DEBUG o.s.h.c.x.Jaxb2XmlDecoder - [7950555a] Decoded [Person{name='Robert'}]
14:08:18.400 [http-nio-auto-33-exec-2] DEBUG o.s.h.c.x.Jaxb2XmlDecoder - [7950555a] Decoded [Person{name='Marie'}]
14:08:18.400 [http-nio-auto-33-exec-2] DEBUG o.s.w.s.a.HttpWebHandlerAdapter - [7950555a] Completed 200 OK
14:08:18.404 [Test worker] DEBUG o.s.w.c.RestTemplate - Response 200 OK
14:08:18.405 [Test worker] DEBUG o.s.w.t.h.s.r.b.TomcatHttpServer - Stopping TomcatHttpServer...
14:08:18.421 [Test worker] DEBUG o.s.w.t.h.s.r.b.TomcatHttpServer - Server stopped (0 millis).
14:08:18.527 [Test worker] DEBUG o.s.w.r.r.m.a.RequestMappingHandlerMapping - 34 mappings in 'requestMappingHandlerMapping'
14:08:18.565 [Test worker] DEBUG o.s.w.r.r.m.a.ControllerMethodResolver - ControllerAdvice beans: none
14:08:18.591 [Test worker] DEBUG o.s.w.s.a.HttpWebHandlerAdapter - enableLoggingRequestDetails='false': form data and headers will be masked to prevent unsafe logging of potentially sensitive data
14:08:18.591 [Test worker] DEBUG o.s.w.t.h.s.r.b.UndertowHttpServer - Starting UndertowHttpServer...
14:08:18.591 [Test worker] INFO  i.undertow - starting server: Undertow - 2.1.3.Final
14:08:18.603 [Test worker] DEBUG o.s.w.t.h.s.r.b.UndertowHttpServer - Server started on port 61426(0 millis).
14:08:18.604 [Test worker] DEBUG o.s.w.c.RestTemplate - HTTP POST http://localhost:61426/person-create/observable
14:08:18.604 [Test worker] DEBUG o.s.w.c.RestTemplate - Accept=[application/json, application/x-jackson-smile, application/*+json]
14:08:18.604 [Test worker] DEBUG o.s.w.c.RestTemplate - Writing [org.springframework.web.reactive.result.method.annotation.RequestMappingMessageConversionIntegrationTests$People@53644039] as "application/xml"
14:08:18.609 [XNIO-33 I/O-8] DEBUG o.s.w.s.a.HttpWebHandlerAdapter - [290e9f83] HTTP POST "/person-create/observable"
14:08:18.610 [XNIO-33 I/O-8] DEBUG o.s.w.r.r.m.a.RequestMappingHandlerMapping - [290e9f83] Mapped to org.springframework.web.reactive.result.method.annotation.RequestMappingMessageConversionIntegrationTests$PersonCreateController#createWithObservable(Observable)
14:08:18.610 [XNIO-33 I/O-8] DEBUG o.s.w.r.r.m.a.RequestBodyMethodArgumentResolver - [290e9f83] Content-Type:application/xml
14:08:18.611 [XNIO-33 I/O-8] DEBUG o.s.w.r.r.m.a.RequestBodyMethodArgumentResolver - [290e9f83] 0..N [org.springframework.web.reactive.result.method.annotation.RequestMappingMessageConversionIntegrationTests$Person]
14:08:18.614 [XNIO-33 I/O-8] DEBUG o.s.h.c.x.Jaxb2XmlDecoder - [290e9f83] Decoded [Person{name='Robert'}]
14:08:18.615 [XNIO-33 I/O-8] DEBUG o.s.h.c.x.Jaxb2XmlDecoder - [290e9f83] Decoded [Person{name='Marie'}]
14:08:18.615 [XNIO-33 I/O-8] DEBUG o.s.w.s.a.HttpWebHandlerAdapter - [290e9f83] Completed 200 OK
14:08:18.615 [Test worker] DEBUG o.s.w.c.RestTemplate - Response 200 OK
14:08:18.616 [Test worker] DEBUG o.s.w.t.h.s.r.b.UndertowHttpServer - Stopping UndertowHttpServer...
14:08:18.616 [Test worker] INFO  i.undertow - stopping server: Undertow - 2.1.3.Final
14:08:18.618 [Test worker] DEBUG o.s.w.t.h.s.r.b.UndertowHttpServer - Server stopped (0 millis).
14:08:18.705 [Test worker] DEBUG o.s.w.r.r.m.a.RequestMappingHandlerMapping - 34 mappings in 'requestMappingHandlerMapping'
14:08:18.748 [Test worker] DEBUG o.s.w.r.r.m.a.ControllerMethodResolver - ControllerAdvice beans: none
14:08:18.775 [Test worker] DEBUG o.s.w.s.a.HttpWebHandlerAdapter - enableLoggingRequestDetails='false': form data and headers will be masked to prevent unsafe logging of potentially sensitive data
14:08:18.776 [Test worker] WARN  o.e.j.s.h.ContextHandler - Empty contextPath
14:08:18.776 [Test worker] INFO  o.e.j.s.h.ContextHandler - Started o.e.j.s.ServletContextHandler@669b5276{/,null,AVAILABLE}
14:08:18.776 [Test worker] DEBUG o.s.w.t.h.s.r.b.JettyHttpServer - Starting JettyHttpServer...
14:08:18.777 [Test worker] INFO  o.e.j.s.Server - jetty-9.4.30.v20200611; built: 2020-06-11T12:34:51.929Z; git: 271836e4c1f4612f12b7bb13ef5a92a927634b0d; jvm 1.8.0_73-b02
14:08:18.780 [Test worker] INFO  o.e.j.s.AbstractConnector - Started ServerConnector@1dcae57{HTTP/1.1, (http/1.1)}{0.0.0.0:61431}
14:08:18.780 [Test worker] INFO  o.e.j.s.Server - Started @98492ms
14:08:18.781 [Test worker] DEBUG o.s.w.t.h.s.r.b.JettyHttpServer - Server started on port 61431(0 millis).
14:08:18.782 [Test worker] DEBUG o.s.w.c.RestTemplate - HTTP GET http://localhost:61431/person-response/publisher
14:08:18.782 [Test worker] DEBUG o.s.w.c.RestTemplate - Accept=[application/json, application/x-jackson-smile, application/*+json]
14:08:18.784 [qtp1747752631-1130] DEBUG o.s.w.s.a.HttpWebHandlerAdapter - [4396059] HTTP GET "/person-response/publisher"
14:08:18.785 [qtp1747752631-1130] DEBUG o.s.w.r.r.m.a.RequestMappingHandlerMapping - [4396059] Mapped to org.springframework.web.reactive.result.method.annotation.RequestMappingMessageConversionIntegrationTests$PersonResponseBodyController#getPublisher()
14:08:18.786 [qtp1747752631-1130] DEBUG o.s.w.r.r.m.a.ResponseBodyResultHandler - Using 'application/json' given [application/json] and supported [application/json, application/*+json, application/x-jackson-smile, application/*+x-jackson-smile, application/xml, text/xml, text/event-stream]
14:08:18.786 [qtp1747752631-1130] DEBUG o.s.w.r.r.m.a.ResponseBodyResultHandler - [4396059] 0..N [org.springframework.web.reactive.result.method.annotation.RequestMappingMessageConversionIntegrationTests$Person]
14:08:18.787 [qtp1747752631-1130] DEBUG o.s.h.c.j.Jackson2JsonEncoder - [4396059] Encoding [[Person{name='Robert'}, Person{name='Marie'}]]
14:08:18.787 [qtp1747752631-1130] DEBUG o.s.w.s.a.HttpWebHandlerAdapter - [4396059] Completed 200 OK
14:08:18.788 [Test worker] DEBUG o.s.w.c.RestTemplate - Response 200 OK
14:08:18.788 [Test worker] DEBUG o.s.w.c.RestTemplate - Reading to [java.util.List<org.springframework.web.reactive.result.method.annotation.RequestMappingMessageConversionIntegrationTests$Person>]
14:08:18.789 [Test worker] DEBUG o.s.w.t.h.s.r.b.JettyHttpServer - Stopping JettyHttpServer...
14:08:18.790 [Test worker] INFO  o.e.j.s.h.ContextHandler - Stopped o.e.j.s.ServletContextHandler@669b5276{/,null,UNAVAILABLE}
14:08:18.792 [Test worker] INFO  o.e.j.s.AbstractConnector - Stopped ServerConnector@1dcae57{HTTP/1.1, (http/1.1)}{0.0.0.0:0}
14:08:18.803 [Test worker] DEBUG o.s.w.t.h.s.r.b.JettyHttpServer - Server stopped (0 millis).
14:08:18.885 [Test worker] DEBUG o.s.w.r.r.m.a.RequestMappingHandlerMapping - 34 mappings in 'requestMappingHandlerMapping'
14:08:18.903 [Test worker] DEBUG o.s.w.r.r.m.a.ControllerMethodResolver - ControllerAdvice beans: none
14:08:18.952 [Test worker] DEBUG o.s.w.s.a.HttpWebHandlerAdapter - enableLoggingRequestDetails='false': form data and headers will be masked to prevent unsafe logging of potentially sensitive data
14:08:18.952 [Test worker] DEBUG o.s.w.t.h.s.r.b.ReactorHttpServer - Starting ReactorHttpServer...
14:08:18.953 [Test worker] DEBUG o.s.w.t.h.s.r.b.ReactorHttpServer - Server started on port 61435(0 millis).
14:08:18.953 [Test worker] DEBUG o.s.w.c.RestTemplate - HTTP GET http://localhost:61435/person-response/publisher
14:08:18.954 [Test worker] DEBUG o.s.w.c.RestTemplate - Accept=[application/json, application/x-jackson-smile, application/*+json]
14:08:18.956 [reactor-http-nio-8] DEBUG o.s.w.s.a.HttpWebHandlerAdapter - [a63224cf-36] HTTP GET "/person-response/publisher"
14:08:18.956 [reactor-http-nio-8] DEBUG o.s.w.r.r.m.a.RequestMappingHandlerMapping - [a63224cf-36] Mapped to org.springframework.web.reactive.result.method.annotation.RequestMappingMessageConversionIntegrationTests$PersonResponseBodyController#getPublisher()
14:08:18.958 [reactor-http-nio-8] DEBUG o.s.w.r.r.m.a.ResponseBodyResultHandler - Using 'application/json' given [application/json] and supported [application/json, application/*+json, application/x-jackson-smile, application/*+x-jackson-smile, application/xml, text/xml, text/event-stream]
14:08:18.958 [reactor-http-nio-8] DEBUG o.s.w.r.r.m.a.ResponseBodyResultHandler - [a63224cf-36] 0..N [org.springframework.web.reactive.result.method.annotation.RequestMappingMessageConversionIntegrationTests$Person]
14:08:18.959 [reactor-http-nio-8] DEBUG o.s.h.c.j.Jackson2JsonEncoder - [a63224cf-36] Encoding [[Person{name='Robert'}, Person{name='Marie'}]]
14:08:18.960 [Test worker] DEBUG o.s.w.c.RestTemplate - Response 200 OK
14:08:18.961 [reactor-http-nio-8] DEBUG o.s.w.s.a.HttpWebHandlerAdapter - [a63224cf-36] Completed 200 OK
14:08:18.961 [Test worker] DEBUG o.s.w.c.RestTemplate - Reading to [java.util.List<org.springframework.web.reactive.result.method.annotation.RequestMappingMessageConversionIntegrationTests$Person>]
14:08:18.962 [Test worker] DEBUG o.s.w.t.h.s.r.b.ReactorHttpServer - Stopping ReactorHttpServer...
14:08:18.962 [Test worker] DEBUG o.s.w.t.h.s.r.b.ReactorHttpServer - Server stopped (0 millis).
14:08:19.030 [Test worker] DEBUG o.s.w.r.r.m.a.RequestMappingHandlerMapping - 34 mappings in 'requestMappingHandlerMapping'
14:08:19.054 [Test worker] DEBUG o.s.w.r.r.m.a.ControllerMethodResolver - ControllerAdvice beans: none
14:08:19.079 [Test worker] DEBUG o.s.w.s.a.HttpWebHandlerAdapter - enableLoggingRequestDetails='false': form data and headers will be masked to prevent unsafe logging of potentially sensitive data
14:08:19.080 [Test worker] DEBUG o.s.w.t.h.s.r.b.TomcatHttpServer - Starting TomcatHttpServer...
14:08:19.090 [Test worker] DEBUG o.s.w.t.h.s.r.b.TomcatHttpServer - Server started on port 61438(0 millis).
14:08:19.090 [Test worker] DEBUG o.s.w.c.RestTemplate - HTTP GET http://localhost:61438/person-response/publisher
14:08:19.090 [Test worker] DEBUG o.s.w.c.RestTemplate - Accept=[application/json, application/x-jackson-smile, application/*+json]
14:08:19.093 [http-nio-auto-34-exec-1] DEBUG o.s.w.s.a.HttpWebHandlerAdapter - [55f8b82a] HTTP GET "/person-response/publisher"
14:08:19.094 [http-nio-auto-34-exec-1] DEBUG o.s.w.r.r.m.a.RequestMappingHandlerMapping - [55f8b82a] Mapped to org.springframework.web.reactive.result.method.annotation.RequestMappingMessageConversionIntegrationTests$PersonResponseBodyController#getPublisher()
14:08:19.095 [http-nio-auto-34-exec-1] DEBUG o.s.w.r.r.m.a.ResponseBodyResultHandler - Using 'application/json' given [application/json] and supported [application/json, application/*+json, application/x-jackson-smile, application/*+x-jackson-smile, application/xml, text/xml, text/event-stream]
14:08:19.095 [http-nio-auto-34-exec-1] DEBUG o.s.w.r.r.m.a.ResponseBodyResultHandler - [55f8b82a] 0..N [org.springframework.web.reactive.result.method.annotation.RequestMappingMessageConversionIntegrationTests$Person]
14:08:19.096 [http-nio-auto-34-exec-1] DEBUG o.s.h.c.j.Jackson2JsonEncoder - [55f8b82a] Encoding [[Person{name='Robert'}, Person{name='Marie'}]]
14:08:19.096 [http-nio-auto-34-exec-1] DEBUG o.s.w.s.a.HttpWebHandlerAdapter - [55f8b82a] Completed 200 OK
14:08:19.097 [Test worker] DEBUG o.s.w.c.RestTemplate - Response 200 OK
14:08:19.097 [Test worker] DEBUG o.s.w.c.RestTemplate - Reading to [java.util.List<org.springframework.web.reactive.result.method.annotation.RequestMappingMessageConversionIntegrationTests$Person>]
14:08:19.098 [Test worker] DEBUG o.s.w.t.h.s.r.b.TomcatHttpServer - Stopping TomcatHttpServer...
14:08:19.106 [Test worker] DEBUG o.s.w.t.h.s.r.b.TomcatHttpServer - Server stopped (0 millis).
14:08:19.192 [Test worker] DEBUG o.s.w.r.r.m.a.RequestMappingHandlerMapping - 34 mappings in 'requestMappingHandlerMapping'
14:08:19.237 [Test worker] DEBUG o.s.w.r.r.m.a.ControllerMethodResolver - ControllerAdvice beans: none
14:08:19.265 [Test worker] DEBUG o.s.w.s.a.HttpWebHandlerAdapter - enableLoggingRequestDetails='false': form data and headers will be masked to prevent unsafe logging of potentially sensitive data
14:08:19.265 [Test worker] DEBUG o.s.w.t.h.s.r.b.UndertowHttpServer - Starting UndertowHttpServer...
14:08:19.265 [Test worker] INFO  i.undertow - starting server: Undertow - 2.1.3.Final
14:08:19.285 [Test worker] DEBUG o.s.w.t.h.s.r.b.UndertowHttpServer - Server started on port 61444(0 millis).
14:08:19.294 [Test worker] DEBUG o.s.w.c.RestTemplate - HTTP GET http://localhost:61444/person-response/publisher
14:08:19.295 [Test worker] DEBUG o.s.w.c.RestTemplate - Accept=[application/json, application/x-jackson-smile, application/*+json]
14:08:19.300 [XNIO-34 I/O-2] DEBUG o.s.w.s.a.HttpWebHandlerAdapter - [14b238b2] HTTP GET "/person-response/publisher"
14:08:19.300 [XNIO-34 I/O-2] DEBUG o.s.w.r.r.m.a.RequestMappingHandlerMapping - [14b238b2] Mapped to org.springframework.web.reactive.result.method.annotation.RequestMappingMessageConversionIntegrationTests$PersonResponseBodyController#getPublisher()
14:08:19.301 [XNIO-34 I/O-2] DEBUG o.s.w.r.r.m.a.ResponseBodyResultHandler - Using 'application/json' given [application/json] and supported [application/json, application/*+json, application/x-jackson-smile, application/*+x-jackson-smile, application/xml, text/xml, text/event-stream]
14:08:19.301 [XNIO-34 I/O-2] DEBUG o.s.w.r.r.m.a.ResponseBodyResultHandler - [14b238b2] 0..N [org.springframework.web.reactive.result.method.annotation.RequestMappingMessageConversionIntegrationTests$Person]
14:08:19.302 [XNIO-34 I/O-2] DEBUG o.s.h.c.j.Jackson2JsonEncoder - [14b238b2] Encoding [[Person{name='Robert'}, Person{name='Marie'}]]
14:08:19.302 [XNIO-34 I/O-2] DEBUG o.s.w.s.a.HttpWebHandlerAdapter - [14b238b2] Completed 200 OK
14:08:19.303 [Test worker] DEBUG o.s.w.c.RestTemplate - Response 200 OK
14:08:19.305 [Test worker] DEBUG o.s.w.c.RestTemplate - Reading to [java.util.List<org.springframework.web.reactive.result.method.annotation.RequestMappingMessageConversionIntegrationTests$Person>]
14:08:19.307 [Test worker] DEBUG o.s.w.t.h.s.r.b.UndertowHttpServer - Stopping UndertowHttpServer...
14:08:19.307 [Test worker] INFO  i.undertow - stopping server: Undertow - 2.1.3.Final
14:08:19.308 [Test worker] DEBUG o.s.w.t.h.s.r.b.UndertowHttpServer - Server stopped (0 millis).
14:08:19.367 [Test worker] DEBUG o.s.w.r.r.m.a.RequestMappingHandlerMapping - 34 mappings in 'requestMappingHandlerMapping'
14:08:19.398 [Test worker] DEBUG o.s.w.r.r.m.a.ControllerMethodResolver - ControllerAdvice beans: none
14:08:19.419 [Test worker] DEBUG o.s.w.s.a.HttpWebHandlerAdapter - enableLoggingRequestDetails='false': form data and headers will be masked to prevent unsafe logging of potentially sensitive data
14:08:19.420 [Test worker] WARN  o.e.j.s.h.ContextHandler - Empty contextPath
14:08:19.420 [Test worker] INFO  o.e.j.s.h.ContextHandler - Started o.e.j.s.ServletContextHandler@5ec4f2ba{/,null,AVAILABLE}
14:08:19.421 [Test worker] DEBUG o.s.w.t.h.s.r.b.JettyHttpServer - Starting JettyHttpServer...
14:08:19.421 [Test worker] INFO  o.e.j.s.Server - jetty-9.4.30.v20200611; built: 2020-06-11T12:34:51.929Z; git: 271836e4c1f4612f12b7bb13ef5a92a927634b0d; jvm 1.8.0_73-b02
14:08:19.427 [Test worker] INFO  o.e.j.s.AbstractConnector - Started ServerConnector@388d1945{HTTP/1.1, (http/1.1)}{0.0.0.0:61446}
14:08:19.427 [Test worker] INFO  o.e.j.s.Server - Started @99140ms
14:08:19.427 [Test worker] DEBUG o.s.w.t.h.s.r.b.JettyHttpServer - Server started on port 61446(0 millis).
14:08:19.428 [Test worker] DEBUG o.s.w.c.RestTemplate - HTTP POST http://localhost:61446/person-create/publisher
14:08:19.428 [Test worker] DEBUG o.s.w.c.RestTemplate - Accept=[application/json, application/x-jackson-smile, application/*+json]
14:08:19.428 [Test worker] DEBUG o.s.w.c.RestTemplate - Writing [org.springframework.web.reactive.result.method.annotation.RequestMappingMessageConversionIntegrationTests$People@7bb6ca71] as "application/xml"
14:08:19.435 [qtp506441170-1163] DEBUG o.s.w.s.a.HttpWebHandlerAdapter - [4f679bf9] HTTP POST "/person-create/publisher"
14:08:19.436 [qtp506441170-1163] DEBUG o.s.w.r.r.m.a.RequestMappingHandlerMapping - [4f679bf9] Mapped to org.springframework.web.reactive.result.method.annotation.RequestMappingMessageConversionIntegrationTests$PersonCreateController#createWithPublisher(Publisher)
14:08:19.436 [qtp506441170-1163] DEBUG o.s.w.r.r.m.a.RequestBodyMethodArgumentResolver - [4f679bf9] Content-Type:application/xml
14:08:19.437 [qtp506441170-1163] DEBUG o.s.w.r.r.m.a.RequestBodyMethodArgumentResolver - [4f679bf9] 0..N [org.springframework.web.reactive.result.method.annotation.RequestMappingMessageConversionIntegrationTests$Person]
14:08:19.442 [qtp506441170-1163] DEBUG o.s.h.c.x.Jaxb2XmlDecoder - [4f679bf9] Decoded [Person{name='Robert'}]
14:08:19.442 [qtp506441170-1163] DEBUG o.s.h.c.x.Jaxb2XmlDecoder - [4f679bf9] Decoded [Person{name='Marie'}]
14:08:19.442 [qtp506441170-1163] DEBUG o.s.w.s.a.HttpWebHandlerAdapter - [4f679bf9] Completed 200 OK
14:08:19.443 [Test worker] DEBUG o.s.w.c.RestTemplate - Response 200 OK
14:08:19.443 [Test worker] DEBUG o.s.w.t.h.s.r.b.JettyHttpServer - Stopping JettyHttpServer...
14:08:19.443 [Test worker] INFO  o.e.j.s.h.ContextHandler - Stopped o.e.j.s.ServletContextHandler@5ec4f2ba{/,null,UNAVAILABLE}
14:08:19.445 [Test worker] INFO  o.e.j.s.AbstractConnector - Stopped ServerConnector@388d1945{HTTP/1.1, (http/1.1)}{0.0.0.0:0}
14:08:19.455 [Test worker] DEBUG o.s.w.t.h.s.r.b.JettyHttpServer - Server stopped (0 millis).
14:08:19.525 [Test worker] DEBUG o.s.w.r.r.m.a.RequestMappingHandlerMapping - 34 mappings in 'requestMappingHandlerMapping'
14:08:19.549 [Test worker] DEBUG o.s.w.r.r.m.a.ControllerMethodResolver - ControllerAdvice beans: none
14:08:19.568 [Test worker] DEBUG o.s.w.s.a.HttpWebHandlerAdapter - enableLoggingRequestDetails='false': form data and headers will be masked to prevent unsafe logging of potentially sensitive data
14:08:19.568 [Test worker] DEBUG o.s.w.t.h.s.r.b.ReactorHttpServer - Starting ReactorHttpServer...
14:08:19.570 [Test worker] DEBUG o.s.w.t.h.s.r.b.ReactorHttpServer - Server started on port 61451(0 millis).
14:08:19.570 [Test worker] DEBUG o.s.w.c.RestTemplate - HTTP POST http://localhost:61451/person-create/publisher
14:08:19.570 [Test worker] DEBUG o.s.w.c.RestTemplate - Accept=[application/json, application/x-jackson-smile, application/*+json]
14:08:19.570 [Test worker] DEBUG o.s.w.c.RestTemplate - Writing [org.springframework.web.reactive.result.method.annotation.RequestMappingMessageConversionIntegrationTests$People@7cb7ac63] as "application/xml"
14:08:19.576 [reactor-http-nio-2] DEBUG o.s.w.s.a.HttpWebHandlerAdapter - [f17bbdbf-37] HTTP POST "/person-create/publisher"
14:08:19.576 [reactor-http-nio-2] DEBUG o.s.w.r.r.m.a.RequestMappingHandlerMapping - [f17bbdbf-37] Mapped to org.springframework.web.reactive.result.method.annotation.RequestMappingMessageConversionIntegrationTests$PersonCreateController#createWithPublisher(Publisher)
14:08:19.577 [reactor-http-nio-2] DEBUG o.s.w.r.r.m.a.RequestBodyMethodArgumentResolver - [f17bbdbf-37] Content-Type:application/xml
14:08:19.578 [reactor-http-nio-2] DEBUG o.s.w.r.r.m.a.RequestBodyMethodArgumentResolver - [f17bbdbf-37] 0..N [org.springframework.web.reactive.result.method.annotation.RequestMappingMessageConversionIntegrationTests$Person]
14:08:19.581 [reactor-http-nio-2] DEBUG o.s.h.c.x.Jaxb2XmlDecoder - [f17bbdbf-37] Decoded [Person{name='Robert'}]
14:08:19.581 [reactor-http-nio-2] DEBUG o.s.h.c.x.Jaxb2XmlDecoder - [f17bbdbf-37] Decoded [Person{name='Marie'}]
14:08:19.582 [reactor-http-nio-2] DEBUG o.s.w.s.a.HttpWebHandlerAdapter - [f17bbdbf-37] Completed 200 OK
14:08:19.582 [Test worker] DEBUG o.s.w.c.RestTemplate - Response 200 OK
14:08:19.582 [Test worker] DEBUG o.s.w.t.h.s.r.b.ReactorHttpServer - Stopping ReactorHttpServer...
14:08:19.583 [Test worker] DEBUG o.s.w.t.h.s.r.b.ReactorHttpServer - Server stopped (0 millis).
14:08:19.631 [Test worker] DEBUG o.s.w.r.r.m.a.RequestMappingHandlerMapping - 34 mappings in 'requestMappingHandlerMapping'
14:08:19.649 [Test worker] DEBUG o.s.w.r.r.m.a.ControllerMethodResolver - ControllerAdvice beans: none
14:08:19.664 [Test worker] DEBUG o.s.w.s.a.HttpWebHandlerAdapter - enableLoggingRequestDetails='false': form data and headers will be masked to prevent unsafe logging of potentially sensitive data
14:08:19.664 [Test worker] DEBUG o.s.w.t.h.s.r.b.TomcatHttpServer - Starting TomcatHttpServer...
14:08:19.673 [Test worker] DEBUG o.s.w.t.h.s.r.b.TomcatHttpServer - Server started on port 61455(0 millis).
14:08:19.673 [Test worker] DEBUG o.s.w.c.RestTemplate - HTTP POST http://localhost:61455/person-create/publisher
14:08:19.673 [Test worker] DEBUG o.s.w.c.RestTemplate - Accept=[application/json, application/x-jackson-smile, application/*+json]
14:08:19.673 [Test worker] DEBUG o.s.w.c.RestTemplate - Writing [org.springframework.web.reactive.result.method.annotation.RequestMappingMessageConversionIntegrationTests$People@2a60e71e] as "application/xml"
14:08:19.679 [http-nio-auto-35-exec-1] DEBUG o.s.w.s.a.HttpWebHandlerAdapter - [3215ce1b] HTTP POST "/person-create/publisher"
14:08:19.680 [http-nio-auto-35-exec-1] DEBUG o.s.w.r.r.m.a.RequestMappingHandlerMapping - [3215ce1b] Mapped to org.springframework.web.reactive.result.method.annotation.RequestMappingMessageConversionIntegrationTests$PersonCreateController#createWithPublisher(Publisher)
14:08:19.680 [http-nio-auto-35-exec-1] DEBUG o.s.w.r.r.m.a.RequestBodyMethodArgumentResolver - [3215ce1b] Content-Type:application/xml
14:08:19.681 [http-nio-auto-35-exec-1] DEBUG o.s.w.r.r.m.a.RequestBodyMethodArgumentResolver - [3215ce1b] 0..N [org.springframework.web.reactive.result.method.annotation.RequestMappingMessageConversionIntegrationTests$Person]
14:08:19.685 [http-nio-auto-35-exec-1] DEBUG o.s.h.c.x.Jaxb2XmlDecoder - [3215ce1b] Decoded [Person{name='Robert'}]
14:08:19.685 [http-nio-auto-35-exec-1] DEBUG o.s.h.c.x.Jaxb2XmlDecoder - [3215ce1b] Decoded [Person{name='Marie'}]
14:08:19.685 [http-nio-auto-35-exec-1] DEBUG o.s.w.s.a.HttpWebHandlerAdapter - [3215ce1b] Completed 200 OK
14:08:19.686 [Test worker] DEBUG o.s.w.c.RestTemplate - Response 200 OK
14:08:19.686 [Test worker] DEBUG o.s.w.t.h.s.r.b.TomcatHttpServer - Stopping TomcatHttpServer...
14:08:19.694 [Test worker] DEBUG o.s.w.t.h.s.r.b.TomcatHttpServer - Server stopped (0 millis).
14:08:19.766 [Test worker] DEBUG o.s.w.r.r.m.a.RequestMappingHandlerMapping - 34 mappings in 'requestMappingHandlerMapping'
14:08:19.785 [Test worker] DEBUG o.s.w.r.r.m.a.ControllerMethodResolver - ControllerAdvice beans: none
14:08:19.802 [Test worker] DEBUG o.s.w.s.a.HttpWebHandlerAdapter - enableLoggingRequestDetails='false': form data and headers will be masked to prevent unsafe logging of potentially sensitive data
14:08:19.802 [Test worker] DEBUG o.s.w.t.h.s.r.b.UndertowHttpServer - Starting UndertowHttpServer...
14:08:19.802 [Test worker] INFO  i.undertow - starting server: Undertow - 2.1.3.Final
14:08:19.805 [Test worker] DEBUG o.s.w.t.h.s.r.b.UndertowHttpServer - Server started on port 61460(0 millis).
14:08:19.805 [Test worker] DEBUG o.s.w.c.RestTemplate - HTTP POST http://localhost:61460/person-create/publisher
14:08:19.806 [Test worker] DEBUG o.s.w.c.RestTemplate - Accept=[application/json, application/x-jackson-smile, application/*+json]
14:08:19.806 [Test worker] DEBUG o.s.w.c.RestTemplate - Writing [org.springframework.web.reactive.result.method.annotation.RequestMappingMessageConversionIntegrationTests$People@3a59579e] as "application/xml"
14:08:19.812 [XNIO-35 I/O-2] DEBUG o.s.w.s.a.HttpWebHandlerAdapter - [3883ee34] HTTP POST "/person-create/publisher"
14:08:19.812 [XNIO-35 I/O-2] DEBUG o.s.w.r.r.m.a.RequestMappingHandlerMapping - [3883ee34] Mapped to org.springframework.web.reactive.result.method.annotation.RequestMappingMessageConversionIntegrationTests$PersonCreateController#createWithPublisher(Publisher)
14:08:19.813 [XNIO-35 I/O-2] DEBUG o.s.w.r.r.m.a.RequestBodyMethodArgumentResolver - [3883ee34] Content-Type:application/xml
14:08:19.814 [XNIO-35 I/O-2] DEBUG o.s.w.r.r.m.a.RequestBodyMethodArgumentResolver - [3883ee34] 0..N [org.springframework.web.reactive.result.method.annotation.RequestMappingMessageConversionIntegrationTests$Person]
14:08:19.821 [XNIO-35 I/O-2] DEBUG o.s.h.c.x.Jaxb2XmlDecoder - [3883ee34] Decoded [Person{name='Robert'}]
14:08:19.821 [XNIO-35 I/O-2] DEBUG o.s.h.c.x.Jaxb2XmlDecoder - [3883ee34] Decoded [Person{name='Marie'}]
14:08:19.821 [XNIO-35 I/O-2] DEBUG o.s.w.s.a.HttpWebHandlerAdapter - [3883ee34] Completed 200 OK
14:08:19.822 [Test worker] DEBUG o.s.w.c.RestTemplate - Response 200 OK
14:08:19.822 [Test worker] DEBUG o.s.w.t.h.s.r.b.UndertowHttpServer - Stopping UndertowHttpServer...
14:08:19.822 [Test worker] INFO  i.undertow - stopping server: Undertow - 2.1.3.Final
14:08:19.823 [Test worker] DEBUG o.s.w.t.h.s.r.b.UndertowHttpServer - Server stopped (0 millis).
14:08:19.866 [Test worker] DEBUG o.s.w.r.r.m.a.RequestMappingHandlerMapping - 34 mappings in 'requestMappingHandlerMapping'
14:08:19.886 [Test worker] DEBUG o.s.w.r.r.m.a.ControllerMethodResolver - ControllerAdvice beans: none
14:08:19.923 [Test worker] DEBUG o.s.w.s.a.HttpWebHandlerAdapter - enableLoggingRequestDetails='false': form data and headers will be masked to prevent unsafe logging of potentially sensitive data
14:08:19.925 [Test worker] WARN  o.e.j.s.h.ContextHandler - Empty contextPath
14:08:19.926 [Test worker] INFO  o.e.j.s.h.ContextHandler - Started o.e.j.s.ServletContextHandler@5f97fcc{/,null,AVAILABLE}
14:08:19.926 [Test worker] DEBUG o.s.w.t.h.s.r.b.JettyHttpServer - Starting JettyHttpServer...
14:08:19.928 [Test worker] INFO  o.e.j.s.Server - jetty-9.4.30.v20200611; built: 2020-06-11T12:34:51.929Z; git: 271836e4c1f4612f12b7bb13ef5a92a927634b0d; jvm 1.8.0_73-b02
14:08:19.932 [Test worker] INFO  o.e.j.s.AbstractConnector - Started ServerConnector@3e35efc1{HTTP/1.1, (http/1.1)}{0.0.0.0:61462}
14:08:19.932 [Test worker] INFO  o.e.j.s.Server - Started @99644ms
14:08:19.932 [Test worker] DEBUG o.s.w.t.h.s.r.b.JettyHttpServer - Server started on port 61462(0 millis).
14:08:19.932 [Test worker] DEBUG o.s.w.c.RestTemplate - HTTP POST http://localhost:61462/person-transform/completable-future
14:08:19.933 [Test worker] DEBUG o.s.w.c.RestTemplate - Accept=[application/xml, text/xml, application/json, application/x-jackson-smile, application/*+xml, application/*+json]
14:08:19.937 [Test worker] DEBUG o.s.w.c.RestTemplate - Writing [Person{name='Robert'}] as "application/json"
14:08:19.946 [qtp167860964-1190] DEBUG o.s.w.s.a.HttpWebHandlerAdapter - [3acace70] HTTP POST "/person-transform/completable-future"
14:08:19.946 [qtp167860964-1190] DEBUG o.s.w.r.r.m.a.RequestMappingHandlerMapping - [3acace70] Mapped to org.springframework.web.reactive.result.method.annotation.RequestMappingMessageConversionIntegrationTests$PersonTransformationController#transformCompletableFuture(CompletableFuture)
14:08:19.947 [qtp167860964-1190] DEBUG o.s.w.r.r.m.a.RequestBodyMethodArgumentResolver - [3acace70] Content-Type:application/json
14:08:19.947 [qtp167860964-1190] DEBUG o.s.w.r.r.m.a.RequestBodyMethodArgumentResolver - [3acace70] 0..1 [org.springframework.web.reactive.result.method.annotation.RequestMappingMessageConversionIntegrationTests$Person]
14:08:19.948 [qtp167860964-1190] DEBUG o.s.h.c.j.Jackson2JsonDecoder - [3acace70] Decoded [Person{name='Robert'}]
14:08:19.949 [qtp167860964-1190] DEBUG o.s.w.r.r.m.a.ResponseBodyResultHandler - Using 'application/json' given [application/json] and supported [application/json, application/*+json, application/x-jackson-smile, application/*+x-jackson-smile, application/xml, text/xml, text/event-stream]
14:08:19.949 [qtp167860964-1190] DEBUG o.s.w.r.r.m.a.ResponseBodyResultHandler - [3acace70] 0..1 [org.springframework.web.reactive.result.method.annotation.RequestMappingMessageConversionIntegrationTests$Person]
14:08:19.950 [qtp167860964-1190] DEBUG o.s.h.c.j.Jackson2JsonEncoder - [3acace70] Encoding [Person{name='ROBERT'}]
14:08:19.950 [qtp167860964-1190] DEBUG o.s.w.s.a.HttpWebHandlerAdapter - [3acace70] Completed 200 OK
14:08:19.951 [Test worker] DEBUG o.s.w.c.RestTemplate - Response 200 OK
14:08:19.951 [Test worker] DEBUG o.s.w.c.RestTemplate - Reading to [org.springframework.web.reactive.result.method.annotation.RequestMappingMessageConversionIntegrationTests$Person]
14:08:19.951 [Test worker] DEBUG o.s.w.t.h.s.r.b.JettyHttpServer - Stopping JettyHttpServer...
14:08:19.952 [Test worker] INFO  o.e.j.s.h.ContextHandler - Stopped o.e.j.s.ServletContextHandler@5f97fcc{/,null,UNAVAILABLE}
14:08:19.958 [Test worker] INFO  o.e.j.s.AbstractConnector - Stopped ServerConnector@3e35efc1{HTTP/1.1, (http/1.1)}{0.0.0.0:0}
14:08:19.964 [Test worker] DEBUG o.s.w.t.h.s.r.b.JettyHttpServer - Server stopped (0 millis).
14:08:20.011 [Test worker] DEBUG o.s.w.r.r.m.a.RequestMappingHandlerMapping - 34 mappings in 'requestMappingHandlerMapping'
14:08:20.054 [Test worker] DEBUG o.s.w.r.r.m.a.ControllerMethodResolver - ControllerAdvice beans: none
14:08:20.083 [Test worker] DEBUG o.s.w.s.a.HttpWebHandlerAdapter - enableLoggingRequestDetails='false': form data and headers will be masked to prevent unsafe logging of potentially sensitive data
14:08:20.083 [Test worker] DEBUG o.s.w.t.h.s.r.b.ReactorHttpServer - Starting ReactorHttpServer...
14:08:20.084 [Test worker] DEBUG o.s.w.t.h.s.r.b.ReactorHttpServer - Server started on port 61466(0 millis).
14:08:20.084 [Test worker] DEBUG o.s.w.c.RestTemplate - HTTP POST http://localhost:61466/person-transform/completable-future
14:08:20.085 [Test worker] DEBUG o.s.w.c.RestTemplate - Accept=[application/xml, text/xml, application/json, application/x-jackson-smile, application/*+xml, application/*+json]
14:08:20.086 [Test worker] DEBUG o.s.w.c.RestTemplate - Writing [Person{name='Robert'}] as "application/json"
14:08:20.089 [reactor-http-nio-4] DEBUG o.s.w.s.a.HttpWebHandlerAdapter - [9bb142ca-38] HTTP POST "/person-transform/completable-future"
14:08:20.089 [reactor-http-nio-4] DEBUG o.s.w.r.r.m.a.RequestMappingHandlerMapping - [9bb142ca-38] Mapped to org.springframework.web.reactive.result.method.annotation.RequestMappingMessageConversionIntegrationTests$PersonTransformationController#transformCompletableFuture(CompletableFuture)
14:08:20.089 [reactor-http-nio-4] DEBUG o.s.w.r.r.m.a.RequestBodyMethodArgumentResolver - [9bb142ca-38] Content-Type:application/json
14:08:20.090 [reactor-http-nio-4] DEBUG o.s.w.r.r.m.a.RequestBodyMethodArgumentResolver - [9bb142ca-38] 0..1 [org.springframework.web.reactive.result.method.annotation.RequestMappingMessageConversionIntegrationTests$Person]
14:08:20.092 [reactor-http-nio-4] DEBUG o.s.w.r.r.m.a.ResponseBodyResultHandler - Using 'application/json' given [application/json] and supported [application/json, application/*+json, application/x-jackson-smile, application/*+x-jackson-smile, application/xml, text/xml, text/event-stream]
14:08:20.092 [reactor-http-nio-4] DEBUG o.s.w.r.r.m.a.ResponseBodyResultHandler - [9bb142ca-38] 0..1 [org.springframework.web.reactive.result.method.annotation.RequestMappingMessageConversionIntegrationTests$Person]
14:08:20.093 [reactor-http-nio-4] DEBUG o.s.h.c.j.Jackson2JsonDecoder - [9bb142ca-38] Decoded [Person{name='Robert'}]
14:08:20.094 [reactor-http-nio-4] DEBUG o.s.h.c.j.Jackson2JsonEncoder - [9bb142ca-38] Encoding [Person{name='ROBERT'}]
14:08:20.095 [reactor-http-nio-4] DEBUG o.s.w.s.a.HttpWebHandlerAdapter - [9bb142ca-38] Completed 200 OK
14:08:20.095 [Test worker] DEBUG o.s.w.c.RestTemplate - Response 200 OK
14:08:20.095 [Test worker] DEBUG o.s.w.c.RestTemplate - Reading to [org.springframework.web.reactive.result.method.annotation.RequestMappingMessageConversionIntegrationTests$Person]
14:08:20.096 [Test worker] DEBUG o.s.w.t.h.s.r.b.ReactorHttpServer - Stopping ReactorHttpServer...
14:08:20.096 [Test worker] DEBUG o.s.w.t.h.s.r.b.ReactorHttpServer - Server stopped (0 millis).
14:08:20.159 [Test worker] DEBUG o.s.w.r.r.m.a.RequestMappingHandlerMapping - 34 mappings in 'requestMappingHandlerMapping'
14:08:20.184 [Test worker] DEBUG o.s.w.r.r.m.a.ControllerMethodResolver - ControllerAdvice beans: none
14:08:20.209 [Test worker] DEBUG o.s.w.s.a.HttpWebHandlerAdapter - enableLoggingRequestDetails='false': form data and headers will be masked to prevent unsafe logging of potentially sensitive data
14:08:20.209 [Test worker] DEBUG o.s.w.t.h.s.r.b.TomcatHttpServer - Starting TomcatHttpServer...
14:08:20.230 [Test worker] DEBUG o.s.w.t.h.s.r.b.TomcatHttpServer - Server started on port 61468(0 millis).
14:08:20.231 [Test worker] DEBUG o.s.w.c.RestTemplate - HTTP POST http://localhost:61468/person-transform/completable-future
14:08:20.233 [Test worker] DEBUG o.s.w.c.RestTemplate - Accept=[application/xml, text/xml, application/json, application/x-jackson-smile, application/*+xml, application/*+json]
14:08:20.234 [Test worker] DEBUG o.s.w.c.RestTemplate - Writing [Person{name='Robert'}] as "application/json"
14:08:20.237 [http-nio-auto-36-exec-1] DEBUG o.s.w.s.a.HttpWebHandlerAdapter - [39d19db4] HTTP POST "/person-transform/completable-future"
14:08:20.238 [http-nio-auto-36-exec-1] DEBUG o.s.w.r.r.m.a.RequestMappingHandlerMapping - [39d19db4] Mapped to org.springframework.web.reactive.result.method.annotation.RequestMappingMessageConversionIntegrationTests$PersonTransformationController#transformCompletableFuture(CompletableFuture)
14:08:20.238 [http-nio-auto-36-exec-1] DEBUG o.s.w.r.r.m.a.RequestBodyMethodArgumentResolver - [39d19db4] Content-Type:application/json
14:08:20.239 [http-nio-auto-36-exec-1] DEBUG o.s.w.r.r.m.a.RequestBodyMethodArgumentResolver - [39d19db4] 0..1 [org.springframework.web.reactive.result.method.annotation.RequestMappingMessageConversionIntegrationTests$Person]
14:08:20.240 [http-nio-auto-36-exec-1] DEBUG o.s.w.r.r.m.a.ResponseBodyResultHandler - Using 'application/json' given [application/json] and supported [application/json, application/*+json, application/x-jackson-smile, application/*+x-jackson-smile, application/xml, text/xml, text/event-stream]
14:08:20.240 [http-nio-auto-36-exec-1] DEBUG o.s.w.r.r.m.a.ResponseBodyResultHandler - [39d19db4] 0..1 [org.springframework.web.reactive.result.method.annotation.RequestMappingMessageConversionIntegrationTests$Person]
14:08:20.241 [http-nio-auto-36-exec-1] DEBUG o.s.h.c.j.Jackson2JsonDecoder - [39d19db4] Decoded [Person{name='Robert'}]
14:08:20.241 [http-nio-auto-36-exec-1] DEBUG o.s.h.c.j.Jackson2JsonEncoder - [39d19db4] Encoding [Person{name='ROBERT'}]
14:08:20.241 [http-nio-auto-36-exec-1] DEBUG o.s.w.s.a.HttpWebHandlerAdapter - [39d19db4] Completed 200 OK
14:08:20.242 [Test worker] DEBUG o.s.w.c.RestTemplate - Response 200 OK
14:08:20.242 [Test worker] DEBUG o.s.w.c.RestTemplate - Reading to [org.springframework.web.reactive.result.method.annotation.RequestMappingMessageConversionIntegrationTests$Person]
14:08:20.242 [Test worker] DEBUG o.s.w.t.h.s.r.b.TomcatHttpServer - Stopping TomcatHttpServer...
14:08:20.252 [Test worker] DEBUG o.s.w.t.h.s.r.b.TomcatHttpServer - Server stopped (0 millis).
14:08:20.307 [Test worker] DEBUG o.s.w.r.r.m.a.RequestMappingHandlerMapping - 34 mappings in 'requestMappingHandlerMapping'
14:08:20.327 [Test worker] DEBUG o.s.w.r.r.m.a.ControllerMethodResolver - ControllerAdvice beans: none
14:08:20.358 [Test worker] DEBUG o.s.w.s.a.HttpWebHandlerAdapter - enableLoggingRequestDetails='false': form data and headers will be masked to prevent unsafe logging of potentially sensitive data
14:08:20.358 [Test worker] DEBUG o.s.w.t.h.s.r.b.UndertowHttpServer - Starting UndertowHttpServer...
14:08:20.358 [Test worker] INFO  i.undertow - starting server: Undertow - 2.1.3.Final
14:08:20.363 [Test worker] DEBUG o.s.w.t.h.s.r.b.UndertowHttpServer - Server started on port 61473(0 millis).
14:08:20.363 [Test worker] DEBUG o.s.w.c.RestTemplate - HTTP POST http://localhost:61473/person-transform/completable-future
14:08:20.364 [Test worker] DEBUG o.s.w.c.RestTemplate - Accept=[application/xml, text/xml, application/json, application/x-jackson-smile, application/*+xml, application/*+json]
14:08:20.365 [Test worker] DEBUG o.s.w.c.RestTemplate - Writing [Person{name='Robert'}] as "application/json"
14:08:20.367 [XNIO-36 I/O-6] DEBUG o.s.w.s.a.HttpWebHandlerAdapter - [5e21b] HTTP POST "/person-transform/completable-future"
14:08:20.368 [XNIO-36 I/O-6] DEBUG o.s.w.r.r.m.a.RequestMappingHandlerMapping - [5e21b] Mapped to org.springframework.web.reactive.result.method.annotation.RequestMappingMessageConversionIntegrationTests$PersonTransformationController#transformCompletableFuture(CompletableFuture)
14:08:20.368 [XNIO-36 I/O-6] DEBUG o.s.w.r.r.m.a.RequestBodyMethodArgumentResolver - [5e21b] Content-Type:application/json
14:08:20.369 [XNIO-36 I/O-6] DEBUG o.s.w.r.r.m.a.RequestBodyMethodArgumentResolver - [5e21b] 0..1 [org.springframework.web.reactive.result.method.annotation.RequestMappingMessageConversionIntegrationTests$Person]
14:08:20.369 [XNIO-36 I/O-6] DEBUG o.s.h.c.j.Jackson2JsonDecoder - [5e21b] Decoded [Person{name='Robert'}]
14:08:20.370 [XNIO-36 I/O-6] DEBUG o.s.w.r.r.m.a.ResponseBodyResultHandler - Using 'application/json' given [application/json] and supported [application/json, application/*+json, application/x-jackson-smile, application/*+x-jackson-smile, application/xml, text/xml, text/event-stream]
14:08:20.370 [XNIO-36 I/O-6] DEBUG o.s.w.r.r.m.a.ResponseBodyResultHandler - [5e21b] 0..1 [org.springframework.web.reactive.result.method.annotation.RequestMappingMessageConversionIntegrationTests$Person]
14:08:20.371 [XNIO-36 I/O-6] DEBUG o.s.h.c.j.Jackson2JsonEncoder - [5e21b] Encoding [Person{name='ROBERT'}]
14:08:20.371 [XNIO-36 I/O-6] DEBUG o.s.w.s.a.HttpWebHandlerAdapter - [5e21b] Completed 200 OK
14:08:20.372 [Test worker] DEBUG o.s.w.c.RestTemplate - Response 200 OK
14:08:20.373 [Test worker] DEBUG o.s.w.c.RestTemplate - Reading to [org.springframework.web.reactive.result.method.annotation.RequestMappingMessageConversionIntegrationTests$Person]
14:08:20.373 [Test worker] DEBUG o.s.w.t.h.s.r.b.UndertowHttpServer - Stopping UndertowHttpServer...
14:08:20.373 [Test worker] INFO  i.undertow - stopping server: Undertow - 2.1.3.Final
14:08:20.374 [Test worker] DEBUG o.s.w.t.h.s.r.b.UndertowHttpServer - Server stopped (0 millis).
14:08:20.427 [Test worker] DEBUG o.s.w.r.r.m.a.RequestMappingHandlerMapping - 34 mappings in 'requestMappingHandlerMapping'
14:08:20.458 [Test worker] DEBUG o.s.w.r.r.m.a.ControllerMethodResolver - ControllerAdvice beans: none
14:08:20.476 [Test worker] DEBUG o.s.w.s.a.HttpWebHandlerAdapter - enableLoggingRequestDetails='false': form data and headers will be masked to prevent unsafe logging of potentially sensitive data
14:08:20.477 [Test worker] WARN  o.e.j.s.h.ContextHandler - Empty contextPath
14:08:20.477 [Test worker] INFO  o.e.j.s.h.ContextHandler - Started o.e.j.s.ServletContextHandler@4b15da1a{/,null,AVAILABLE}
14:08:20.478 [Test worker] DEBUG o.s.w.t.h.s.r.b.JettyHttpServer - Starting JettyHttpServer...
14:08:20.478 [Test worker] INFO  o.e.j.s.Server - jetty-9.4.30.v20200611; built: 2020-06-11T12:34:51.929Z; git: 271836e4c1f4612f12b7bb13ef5a92a927634b0d; jvm 1.8.0_73-b02
14:08:20.481 [Test worker] INFO  o.e.j.s.AbstractConnector - Started ServerConnector@1c1385a1{HTTP/1.1, (http/1.1)}{0.0.0.0:61476}
14:08:20.481 [Test worker] INFO  o.e.j.s.Server - Started @100193ms
14:08:20.481 [Test worker] DEBUG o.s.w.t.h.s.r.b.JettyHttpServer - Server started on port 61476(0 millis).
14:08:20.482 [Test worker] DEBUG o.s.w.c.RestTemplate - HTTP POST http://localhost:61476/person-transform/single
14:08:20.484 [Test worker] DEBUG o.s.w.c.RestTemplate - Accept=[application/xml, text/xml, application/json, application/x-jackson-smile, application/*+xml, application/*+json]
14:08:20.485 [Test worker] DEBUG o.s.w.c.RestTemplate - Writing [Person{name='Robert'}] as "application/json"
14:08:20.488 [qtp347720974-1229] DEBUG o.s.w.s.a.HttpWebHandlerAdapter - [50015812] HTTP POST "/person-transform/single"
14:08:20.488 [qtp347720974-1229] DEBUG o.s.w.r.r.m.a.RequestMappingHandlerMapping - [50015812] Mapped to org.springframework.web.reactive.result.method.annotation.RequestMappingMessageConversionIntegrationTests$PersonTransformationController#transformSingle(Single)
14:08:20.489 [qtp347720974-1229] DEBUG o.s.w.r.r.m.a.RequestBodyMethodArgumentResolver - [50015812] Content-Type:application/json
14:08:20.489 [qtp347720974-1229] DEBUG o.s.w.r.r.m.a.RequestBodyMethodArgumentResolver - [50015812] 0..1 [org.springframework.web.reactive.result.method.annotation.RequestMappingMessageConversionIntegrationTests$Person]
14:08:20.491 [qtp347720974-1229] DEBUG o.s.w.r.r.m.a.ResponseBodyResultHandler - Using 'application/json' given [application/json] and supported [application/json, application/*+json, application/x-jackson-smile, application/*+x-jackson-smile, application/xml, text/xml, text/event-stream]
14:08:20.491 [qtp347720974-1229] DEBUG o.s.w.r.r.m.a.ResponseBodyResultHandler - [50015812] 0..1 [org.springframework.web.reactive.result.method.annotation.RequestMappingMessageConversionIntegrationTests$Person]
14:08:20.492 [qtp347720974-1229] DEBUG o.s.h.c.j.Jackson2JsonDecoder - [50015812] Decoded [Person{name='Robert'}]
14:08:20.492 [qtp347720974-1229] DEBUG o.s.h.c.j.Jackson2JsonEncoder - [50015812] Encoding [Person{name='ROBERT'}]
14:08:20.493 [qtp347720974-1229] DEBUG o.s.w.s.a.HttpWebHandlerAdapter - [50015812] Completed 200 OK
14:08:20.493 [Test worker] DEBUG o.s.w.c.RestTemplate - Response 200 OK
14:08:20.493 [Test worker] DEBUG o.s.w.c.RestTemplate - Reading to [org.springframework.web.reactive.result.method.annotation.RequestMappingMessageConversionIntegrationTests$Person]
14:08:20.494 [Test worker] DEBUG o.s.w.t.h.s.r.b.JettyHttpServer - Stopping JettyHttpServer...
14:08:20.494 [Test worker] INFO  o.e.j.s.h.ContextHandler - Stopped o.e.j.s.ServletContextHandler@4b15da1a{/,null,UNAVAILABLE}
14:08:20.495 [Test worker] INFO  o.e.j.s.AbstractConnector - Stopped ServerConnector@1c1385a1{HTTP/1.1, (http/1.1)}{0.0.0.0:0}
14:08:20.495 [Test worker] DEBUG o.s.w.t.h.s.r.b.JettyHttpServer - Server stopped (0 millis).
14:08:20.558 [Test worker] DEBUG o.s.w.r.r.m.a.RequestMappingHandlerMapping - 34 mappings in 'requestMappingHandlerMapping'
14:08:20.579 [Test worker] DEBUG o.s.w.r.r.m.a.ControllerMethodResolver - ControllerAdvice beans: none
14:08:20.598 [Test worker] DEBUG o.s.w.s.a.HttpWebHandlerAdapter - enableLoggingRequestDetails='false': form data and headers will be masked to prevent unsafe logging of potentially sensitive data
14:08:20.599 [Test worker] DEBUG o.s.w.t.h.s.r.b.ReactorHttpServer - Starting ReactorHttpServer...
14:08:20.600 [Test worker] DEBUG o.s.w.t.h.s.r.b.ReactorHttpServer - Server started on port 61480(0 millis).
14:08:20.600 [Test worker] DEBUG o.s.w.c.RestTemplate - HTTP POST http://localhost:61480/person-transform/single
14:08:20.601 [Test worker] DEBUG o.s.w.c.RestTemplate - Accept=[application/xml, text/xml, application/json, application/x-jackson-smile, application/*+xml, application/*+json]
14:08:20.602 [Test worker] DEBUG o.s.w.c.RestTemplate - Writing [Person{name='Robert'}] as "application/json"
14:08:20.606 [reactor-http-nio-6] DEBUG o.s.w.s.a.HttpWebHandlerAdapter - [5001cfe1-39] HTTP POST "/person-transform/single"
14:08:20.607 [reactor-http-nio-6] DEBUG o.s.w.r.r.m.a.RequestMappingHandlerMapping - [5001cfe1-39] Mapped to org.springframework.web.reactive.result.method.annotation.RequestMappingMessageConversionIntegrationTests$PersonTransformationController#transformSingle(Single)
14:08:20.607 [reactor-http-nio-6] DEBUG o.s.w.r.r.m.a.RequestBodyMethodArgumentResolver - [5001cfe1-39] Content-Type:application/json
14:08:20.608 [reactor-http-nio-6] DEBUG o.s.w.r.r.m.a.RequestBodyMethodArgumentResolver - [5001cfe1-39] 0..1 [org.springframework.web.reactive.result.method.annotation.RequestMappingMessageConversionIntegrationTests$Person]
14:08:20.609 [reactor-http-nio-6] DEBUG o.s.w.r.r.m.a.ResponseBodyResultHandler - Using 'application/json' given [application/json] and supported [application/json, application/*+json, application/x-jackson-smile, application/*+x-jackson-smile, application/xml, text/xml, text/event-stream]
14:08:20.609 [reactor-http-nio-6] DEBUG o.s.w.r.r.m.a.ResponseBodyResultHandler - [5001cfe1-39] 0..1 [org.springframework.web.reactive.result.method.annotation.RequestMappingMessageConversionIntegrationTests$Person]
14:08:20.610 [reactor-http-nio-6] DEBUG o.s.h.c.j.Jackson2JsonDecoder - [5001cfe1-39] Decoded [Person{name='Robert'}]
14:08:20.610 [reactor-http-nio-6] DEBUG o.s.h.c.j.Jackson2JsonEncoder - [5001cfe1-39] Encoding [Person{name='ROBERT'}]
14:08:20.612 [reactor-http-nio-6] DEBUG o.s.w.s.a.HttpWebHandlerAdapter - [5001cfe1-39] Completed 200 OK
14:08:20.612 [Test worker] DEBUG o.s.w.c.RestTemplate - Response 200 OK
14:08:20.612 [Test worker] DEBUG o.s.w.c.RestTemplate - Reading to [org.springframework.web.reactive.result.method.annotation.RequestMappingMessageConversionIntegrationTests$Person]
14:08:20.613 [Test worker] DEBUG o.s.w.t.h.s.r.b.ReactorHttpServer - Stopping ReactorHttpServer...
14:08:20.613 [Test worker] DEBUG o.s.w.t.h.s.r.b.ReactorHttpServer - Server stopped (0 millis).
14:08:20.658 [Test worker] DEBUG o.s.w.r.r.m.a.RequestMappingHandlerMapping - 34 mappings in 'requestMappingHandlerMapping'
14:08:20.678 [Test worker] DEBUG o.s.w.r.r.m.a.ControllerMethodResolver - ControllerAdvice beans: none
14:08:20.697 [Test worker] DEBUG o.s.w.s.a.HttpWebHandlerAdapter - enableLoggingRequestDetails='false': form data and headers will be masked to prevent unsafe logging of potentially sensitive data
14:08:20.697 [Test worker] DEBUG o.s.w.t.h.s.r.b.TomcatHttpServer - Starting TomcatHttpServer...
14:08:20.727 [Test worker] DEBUG o.s.w.t.h.s.r.b.TomcatHttpServer - Server started on port 61482(0 millis).
14:08:20.727 [Test worker] DEBUG o.s.w.c.RestTemplate - HTTP POST http://localhost:61482/person-transform/single
14:08:20.728 [Test worker] DEBUG o.s.w.c.RestTemplate - Accept=[application/xml, text/xml, application/json, application/x-jackson-smile, application/*+xml, application/*+json]
14:08:20.729 [Test worker] DEBUG o.s.w.c.RestTemplate - Writing [Person{name='Robert'}] as "application/json"
14:08:20.732 [http-nio-auto-37-exec-1] DEBUG o.s.w.s.a.HttpWebHandlerAdapter - [3fc2de5e] HTTP POST "/person-transform/single"
14:08:20.732 [http-nio-auto-37-exec-1] DEBUG o.s.w.r.r.m.a.RequestMappingHandlerMapping - [3fc2de5e] Mapped to org.springframework.web.reactive.result.method.annotation.RequestMappingMessageConversionIntegrationTests$PersonTransformationController#transformSingle(Single)
14:08:20.733 [http-nio-auto-37-exec-1] DEBUG o.s.w.r.r.m.a.RequestBodyMethodArgumentResolver - [3fc2de5e] Content-Type:application/json
14:08:20.733 [http-nio-auto-37-exec-1] DEBUG o.s.w.r.r.m.a.RequestBodyMethodArgumentResolver - [3fc2de5e] 0..1 [org.springframework.web.reactive.result.method.annotation.RequestMappingMessageConversionIntegrationTests$Person]
14:08:20.735 [http-nio-auto-37-exec-1] DEBUG o.s.w.r.r.m.a.ResponseBodyResultHandler - Using 'application/json' given [application/json] and supported [application/json, application/*+json, application/x-jackson-smile, application/*+x-jackson-smile, application/xml, text/xml, text/event-stream]
14:08:20.735 [http-nio-auto-37-exec-1] DEBUG o.s.w.r.r.m.a.ResponseBodyResultHandler - [3fc2de5e] 0..1 [org.springframework.web.reactive.result.method.annotation.RequestMappingMessageConversionIntegrationTests$Person]
14:08:20.735 [http-nio-auto-37-exec-1] DEBUG o.s.h.c.j.Jackson2JsonDecoder - [3fc2de5e] Decoded [Person{name='Robert'}]
14:08:20.735 [http-nio-auto-37-exec-1] DEBUG o.s.h.c.j.Jackson2JsonEncoder - [3fc2de5e] Encoding [Person{name='ROBERT'}]
14:08:20.736 [http-nio-auto-37-exec-1] DEBUG o.s.w.s.a.HttpWebHandlerAdapter - [3fc2de5e] Completed 200 OK
14:08:20.736 [Test worker] DEBUG o.s.w.c.RestTemplate - Response 200 OK
14:08:20.737 [Test worker] DEBUG o.s.w.c.RestTemplate - Reading to [org.springframework.web.reactive.result.method.annotation.RequestMappingMessageConversionIntegrationTests$Person]
14:08:20.737 [Test worker] DEBUG o.s.w.t.h.s.r.b.TomcatHttpServer - Stopping TomcatHttpServer...
14:08:20.751 [Test worker] DEBUG o.s.w.t.h.s.r.b.TomcatHttpServer - Server stopped (0 millis).
14:08:20.804 [Test worker] DEBUG o.s.w.r.r.m.a.RequestMappingHandlerMapping - 34 mappings in 'requestMappingHandlerMapping'
14:08:20.825 [Test worker] DEBUG o.s.w.r.r.m.a.ControllerMethodResolver - ControllerAdvice beans: none
14:08:20.843 [Test worker] DEBUG o.s.w.s.a.HttpWebHandlerAdapter - enableLoggingRequestDetails='false': form data and headers will be masked to prevent unsafe logging of potentially sensitive data
14:08:20.843 [Test worker] DEBUG o.s.w.t.h.s.r.b.UndertowHttpServer - Starting UndertowHttpServer...
14:08:20.843 [Test worker] INFO  i.undertow - starting server: Undertow - 2.1.3.Final
14:08:20.847 [Test worker] DEBUG o.s.w.t.h.s.r.b.UndertowHttpServer - Server started on port 61487(0 millis).
14:08:20.847 [Test worker] DEBUG o.s.w.c.RestTemplate - HTTP POST http://localhost:61487/person-transform/single
14:08:20.848 [Test worker] DEBUG o.s.w.c.RestTemplate - Accept=[application/xml, text/xml, application/json, application/x-jackson-smile, application/*+xml, application/*+json]
14:08:20.849 [Test worker] DEBUG o.s.w.c.RestTemplate - Writing [Person{name='Robert'}] as "application/json"
14:08:20.851 [XNIO-37 I/O-7] DEBUG o.s.w.s.a.HttpWebHandlerAdapter - [66ee6a] HTTP POST "/person-transform/single"
14:08:20.851 [XNIO-37 I/O-7] DEBUG o.s.w.r.r.m.a.RequestMappingHandlerMapping - [66ee6a] Mapped to org.springframework.web.reactive.result.method.annotation.RequestMappingMessageConversionIntegrationTests$PersonTransformationController#transformSingle(Single)
14:08:20.852 [XNIO-37 I/O-7] DEBUG o.s.w.r.r.m.a.RequestBodyMethodArgumentResolver - [66ee6a] Content-Type:application/json
14:08:20.852 [XNIO-37 I/O-7] DEBUG o.s.w.r.r.m.a.RequestBodyMethodArgumentResolver - [66ee6a] 0..1 [org.springframework.web.reactive.result.method.annotation.RequestMappingMessageConversionIntegrationTests$Person]
14:08:20.853 [XNIO-37 I/O-7] DEBUG o.s.w.r.r.m.a.ResponseBodyResultHandler - Using 'application/json' given [application/json] and supported [application/json, application/*+json, application/x-jackson-smile, application/*+x-jackson-smile, application/xml, text/xml, text/event-stream]
14:08:20.853 [XNIO-37 I/O-7] DEBUG o.s.w.r.r.m.a.ResponseBodyResultHandler - [66ee6a] 0..1 [org.springframework.web.reactive.result.method.annotation.RequestMappingMessageConversionIntegrationTests$Person]
14:08:20.854 [XNIO-37 I/O-7] DEBUG o.s.h.c.j.Jackson2JsonDecoder - [66ee6a] Decoded [Person{name='Robert'}]
14:08:20.854 [XNIO-37 I/O-7] DEBUG o.s.h.c.j.Jackson2JsonEncoder - [66ee6a] Encoding [Person{name='ROBERT'}]
14:08:20.855 [XNIO-37 I/O-7] DEBUG o.s.w.s.a.HttpWebHandlerAdapter - [66ee6a] Completed 200 OK
14:08:20.855 [Test worker] DEBUG o.s.w.c.RestTemplate - Response 200 OK
14:08:20.855 [Test worker] DEBUG o.s.w.c.RestTemplate - Reading to [org.springframework.web.reactive.result.method.annotation.RequestMappingMessageConversionIntegrationTests$Person]
14:08:20.855 [Test worker] DEBUG o.s.w.t.h.s.r.b.UndertowHttpServer - Stopping UndertowHttpServer...
14:08:20.855 [Test worker] INFO  i.undertow - stopping server: Undertow - 2.1.3.Final
14:08:20.857 [Test worker] DEBUG o.s.w.t.h.s.r.b.UndertowHttpServer - Server stopped (0 millis).
14:08:20.892 [Test worker] DEBUG o.s.w.r.r.m.a.RequestMappingHandlerMapping - 34 mappings in 'requestMappingHandlerMapping'
14:08:20.910 [Test worker] DEBUG o.s.w.r.r.m.a.ControllerMethodResolver - ControllerAdvice beans: none
14:08:20.926 [Test worker] DEBUG o.s.w.s.a.HttpWebHandlerAdapter - enableLoggingRequestDetails='false': form data and headers will be masked to prevent unsafe logging of potentially sensitive data
14:08:20.926 [Test worker] WARN  o.e.j.s.h.ContextHandler - Empty contextPath
14:08:20.926 [Test worker] INFO  o.e.j.s.h.ContextHandler - Started o.e.j.s.ServletContextHandler@40d287c{/,null,AVAILABLE}
14:08:20.927 [Test worker] DEBUG o.s.w.t.h.s.r.b.JettyHttpServer - Starting JettyHttpServer...
14:08:20.927 [Test worker] INFO  o.e.j.s.Server - jetty-9.4.30.v20200611; built: 2020-06-11T12:34:51.929Z; git: 271836e4c1f4612f12b7bb13ef5a92a927634b0d; jvm 1.8.0_73-b02
14:08:20.929 [Test worker] INFO  o.e.j.s.AbstractConnector - Started ServerConnector@6735a4de{HTTP/1.1, (http/1.1)}{0.0.0.0:61491}
14:08:20.929 [Test worker] INFO  o.e.j.s.Server - Started @100641ms
14:08:20.929 [Test worker] DEBUG o.s.w.t.h.s.r.b.JettyHttpServer - Server started on port 61491(0 millis).
14:08:20.929 [Test worker] DEBUG o.s.w.c.RestTemplate - HTTP GET http://localhost:61491/person-response/mono-response-entity-xml
14:08:20.929 [Test worker] DEBUG o.s.w.c.RestTemplate - Accept=[text/plain, application/json, application/x-jackson-smile, application/*+json, */*]
14:08:20.931 [qtp774647232-1262] DEBUG o.s.w.s.a.HttpWebHandlerAdapter - [67f00c20] HTTP GET "/person-response/mono-response-entity-xml"
14:08:20.932 [qtp774647232-1262] DEBUG o.s.w.r.r.m.a.RequestMappingHandlerMapping - [67f00c20] Mapped to org.springframework.web.reactive.result.method.annotation.RequestMappingMessageConversionIntegrationTests$PersonResponseBodyController#getMonoResponseEntityXml()
14:08:20.932 [qtp774647232-1262] DEBUG o.s.w.r.r.m.a.ResponseEntityResultHandler - [67f00c20] Found 'Content-Type:application/xml' in response
14:08:20.932 [qtp774647232-1262] DEBUG o.s.w.r.r.m.a.ResponseEntityResultHandler - [67f00c20] 0..1 [org.springframework.web.reactive.result.method.annotation.RequestMappingMessageConversionIntegrationTests$Person]
14:08:20.934 [qtp774647232-1262] DEBUG o.s.h.c.x.Jaxb2XmlEncoder - [67f00c20] Encoding [Person{name='Robert'}]
14:08:20.937 [Test worker] DEBUG o.s.w.c.RestTemplate - Response 200 OK
14:08:20.937 [qtp774647232-1262] DEBUG o.s.w.s.a.HttpWebHandlerAdapter - [67f00c20] Completed 200 OK
14:08:20.937 [Test worker] DEBUG o.s.w.c.RestTemplate - Reading to [java.lang.String] as "application/xml"
14:08:20.937 [Test worker] DEBUG o.s.w.t.h.s.r.b.JettyHttpServer - Stopping JettyHttpServer...
14:08:20.937 [Test worker] INFO  o.e.j.s.h.ContextHandler - Stopped o.e.j.s.ServletContextHandler@40d287c{/,null,UNAVAILABLE}
14:08:20.938 [Test worker] INFO  o.e.j.s.AbstractConnector - Stopped ServerConnector@6735a4de{HTTP/1.1, (http/1.1)}{0.0.0.0:0}
14:08:20.938 [Test worker] DEBUG o.s.w.t.h.s.r.b.JettyHttpServer - Server stopped (0 millis).
14:08:20.966 [Test worker] DEBUG o.s.w.r.r.m.a.RequestMappingHandlerMapping - 34 mappings in 'requestMappingHandlerMapping'
14:08:20.982 [Test worker] DEBUG o.s.w.r.r.m.a.ControllerMethodResolver - ControllerAdvice beans: none
14:08:20.997 [Test worker] DEBUG o.s.w.s.a.HttpWebHandlerAdapter - enableLoggingRequestDetails='false': form data and headers will be masked to prevent unsafe logging of potentially sensitive data
14:08:20.998 [Test worker] DEBUG o.s.w.t.h.s.r.b.ReactorHttpServer - Starting ReactorHttpServer...
14:08:21.000 [Test worker] DEBUG o.s.w.t.h.s.r.b.ReactorHttpServer - Server started on port 61496(0 millis).
14:08:21.001 [Test worker] DEBUG o.s.w.c.RestTemplate - HTTP GET http://localhost:61496/person-response/mono-response-entity-xml
14:08:21.001 [Test worker] DEBUG o.s.w.c.RestTemplate - Accept=[text/plain, application/json, application/x-jackson-smile, application/*+json, */*]
14:08:21.003 [reactor-http-nio-8] DEBUG o.s.w.s.a.HttpWebHandlerAdapter - [5f9aa935-40] HTTP GET "/person-response/mono-response-entity-xml"
14:08:21.004 [reactor-http-nio-8] DEBUG o.s.w.r.r.m.a.RequestMappingHandlerMapping - [5f9aa935-40] Mapped to org.springframework.web.reactive.result.method.annotation.RequestMappingMessageConversionIntegrationTests$PersonResponseBodyController#getMonoResponseEntityXml()
14:08:21.005 [reactor-http-nio-8] DEBUG o.s.w.r.r.m.a.ResponseEntityResultHandler - [5f9aa935-40] Found 'Content-Type:application/xml' in response
14:08:21.005 [reactor-http-nio-8] DEBUG o.s.w.r.r.m.a.ResponseEntityResultHandler - [5f9aa935-40] 0..1 [org.springframework.web.reactive.result.method.annotation.RequestMappingMessageConversionIntegrationTests$Person]
14:08:21.005 [reactor-http-nio-8] DEBUG o.s.h.c.x.Jaxb2XmlEncoder - [5f9aa935-40] Encoding [Person{name='Robert'}]
14:08:21.014 [reactor-http-nio-8] DEBUG o.s.w.s.a.HttpWebHandlerAdapter - [5f9aa935-40] Completed 200 OK
14:08:21.014 [Test worker] DEBUG o.s.w.c.RestTemplate - Response 200 OK
14:08:21.015 [Test worker] DEBUG o.s.w.c.RestTemplate - Reading to [java.lang.String] as "application/xml"
14:08:21.016 [Test worker] DEBUG o.s.w.t.h.s.r.b.ReactorHttpServer - Stopping ReactorHttpServer...
14:08:21.017 [Test worker] DEBUG o.s.w.t.h.s.r.b.ReactorHttpServer - Server stopped (0 millis).
14:08:21.070 [Test worker] DEBUG o.s.w.r.r.m.a.RequestMappingHandlerMapping - 34 mappings in 'requestMappingHandlerMapping'
14:08:21.087 [Test worker] DEBUG o.s.w.r.r.m.a.ControllerMethodResolver - ControllerAdvice beans: none
14:08:21.104 [Test worker] DEBUG o.s.w.s.a.HttpWebHandlerAdapter - enableLoggingRequestDetails='false': form data and headers will be masked to prevent unsafe logging of potentially sensitive data
14:08:21.104 [Test worker] DEBUG o.s.w.t.h.s.r.b.TomcatHttpServer - Starting TomcatHttpServer...
14:08:21.113 [Test worker] DEBUG o.s.w.t.h.s.r.b.TomcatHttpServer - Server started on port 61498(0 millis).
14:08:21.113 [Test worker] DEBUG o.s.w.c.RestTemplate - HTTP GET http://localhost:61498/person-response/mono-response-entity-xml
14:08:21.114 [Test worker] DEBUG o.s.w.c.RestTemplate - Accept=[text/plain, application/json, application/x-jackson-smile, application/*+json, */*]
14:08:21.121 [http-nio-auto-38-exec-1] DEBUG o.s.w.s.a.HttpWebHandlerAdapter - [15f64c7d] HTTP GET "/person-response/mono-response-entity-xml"
14:08:21.122 [http-nio-auto-38-exec-1] DEBUG o.s.w.r.r.m.a.RequestMappingHandlerMapping - [15f64c7d] Mapped to org.springframework.web.reactive.result.method.annotation.RequestMappingMessageConversionIntegrationTests$PersonResponseBodyController#getMonoResponseEntityXml()
14:08:21.124 [http-nio-auto-38-exec-1] DEBUG o.s.w.r.r.m.a.ResponseEntityResultHandler - [15f64c7d] Found 'Content-Type:application/xml' in response
14:08:21.124 [http-nio-auto-38-exec-1] DEBUG o.s.w.r.r.m.a.ResponseEntityResultHandler - [15f64c7d] 0..1 [org.springframework.web.reactive.result.method.annotation.RequestMappingMessageConversionIntegrationTests$Person]
14:08:21.125 [http-nio-auto-38-exec-1] DEBUG o.s.h.c.x.Jaxb2XmlEncoder - [15f64c7d] Encoding [Person{name='Robert'}]
14:08:21.128 [http-nio-auto-38-exec-1] DEBUG o.s.w.s.a.HttpWebHandlerAdapter - [15f64c7d] Completed 200 OK
14:08:21.128 [Test worker] DEBUG o.s.w.c.RestTemplate - Response 200 OK
14:08:21.129 [Test worker] DEBUG o.s.w.c.RestTemplate - Reading to [java.lang.String] as "application/xml"
14:08:21.129 [Test worker] DEBUG o.s.w.t.h.s.r.b.TomcatHttpServer - Stopping TomcatHttpServer...
14:08:21.139 [Test worker] DEBUG o.s.w.t.h.s.r.b.TomcatHttpServer - Server stopped (0 millis).
14:08:21.186 [Test worker] DEBUG o.s.w.r.r.m.a.RequestMappingHandlerMapping - 34 mappings in 'requestMappingHandlerMapping'
14:08:21.206 [Test worker] DEBUG o.s.w.r.r.m.a.ControllerMethodResolver - ControllerAdvice beans: none
14:08:21.233 [Test worker] DEBUG o.s.w.s.a.HttpWebHandlerAdapter - enableLoggingRequestDetails='false': form data and headers will be masked to prevent unsafe logging of potentially sensitive data
14:08:21.234 [Test worker] DEBUG o.s.w.t.h.s.r.b.UndertowHttpServer - Starting UndertowHttpServer...
14:08:21.234 [Test worker] INFO  i.undertow - starting server: Undertow - 2.1.3.Final
14:08:21.240 [Test worker] DEBUG o.s.w.t.h.s.r.b.UndertowHttpServer - Server started on port 61503(0 millis).
14:08:21.241 [Test worker] DEBUG o.s.w.c.RestTemplate - HTTP GET http://localhost:61503/person-response/mono-response-entity-xml
14:08:21.242 [Test worker] DEBUG o.s.w.c.RestTemplate - Accept=[text/plain, application/json, application/x-jackson-smile, application/*+json, */*]
14:08:21.244 [XNIO-38 I/O-1] DEBUG o.s.w.s.a.HttpWebHandlerAdapter - [436ecae8] HTTP GET "/person-response/mono-response-entity-xml"
14:08:21.245 [XNIO-38 I/O-1] DEBUG o.s.w.r.r.m.a.RequestMappingHandlerMapping - [436ecae8] Mapped to org.springframework.web.reactive.result.method.annotation.RequestMappingMessageConversionIntegrationTests$PersonResponseBodyController#getMonoResponseEntityXml()
14:08:21.246 [XNIO-38 I/O-1] DEBUG o.s.w.r.r.m.a.ResponseEntityResultHandler - [436ecae8] Found 'Content-Type:application/xml' in response
14:08:21.246 [XNIO-38 I/O-1] DEBUG o.s.w.r.r.m.a.ResponseEntityResultHandler - [436ecae8] 0..1 [org.springframework.web.reactive.result.method.annotation.RequestMappingMessageConversionIntegrationTests$Person]
14:08:21.246 [XNIO-38 I/O-1] DEBUG o.s.h.c.x.Jaxb2XmlEncoder - [436ecae8] Encoding [Person{name='Robert'}]
14:08:21.249 [XNIO-38 I/O-1] DEBUG o.s.w.s.a.HttpWebHandlerAdapter - [436ecae8] Completed 200 OK
14:08:21.249 [Test worker] DEBUG o.s.w.c.RestTemplate - Response 200 OK
14:08:21.249 [Test worker] DEBUG o.s.w.c.RestTemplate - Reading to [java.lang.String] as "application/xml"
14:08:21.250 [Test worker] DEBUG o.s.w.t.h.s.r.b.UndertowHttpServer - Stopping UndertowHttpServer...
14:08:21.250 [Test worker] INFO  i.undertow - stopping server: Undertow - 2.1.3.Final
14:08:21.254 [Test worker] DEBUG o.s.w.t.h.s.r.b.UndertowHttpServer - Server stopped (0 millis).
14:08:21.330 [Test worker] DEBUG o.s.w.r.r.m.a.RequestMappingHandlerMapping - 34 mappings in 'requestMappingHandlerMapping'
14:08:21.363 [Test worker] DEBUG o.s.w.r.r.m.a.ControllerMethodResolver - ControllerAdvice beans: none
14:08:21.384 [Test worker] DEBUG o.s.w.s.a.HttpWebHandlerAdapter - enableLoggingRequestDetails='false': form data and headers will be masked to prevent unsafe logging of potentially sensitive data
14:08:21.385 [Test worker] WARN  o.e.j.s.h.ContextHandler - Empty contextPath
14:08:21.386 [Test worker] INFO  o.e.j.s.h.ContextHandler - Started o.e.j.s.ServletContextHandler@304d474e{/,null,AVAILABLE}
14:08:21.386 [Test worker] DEBUG o.s.w.t.h.s.r.b.JettyHttpServer - Starting JettyHttpServer...
14:08:21.386 [Test worker] INFO  o.e.j.s.Server - jetty-9.4.30.v20200611; built: 2020-06-11T12:34:51.929Z; git: 271836e4c1f4612f12b7bb13ef5a92a927634b0d; jvm 1.8.0_73-b02
14:08:21.392 [Test worker] INFO  o.e.j.s.AbstractConnector - Started ServerConnector@1552cbce{HTTP/1.1, (http/1.1)}{0.0.0.0:61507}
14:08:21.395 [Test worker] INFO  o.e.j.s.Server - Started @101108ms
14:08:21.396 [Test worker] DEBUG o.s.w.t.h.s.r.b.JettyHttpServer - Server started on port 61507(0 millis).
14:08:21.411 [Test worker] DEBUG o.s.w.c.RestTemplate - HTTP GET http://localhost:61507/raw-response/flux
14:08:21.412 [Test worker] DEBUG o.s.w.c.RestTemplate - Accept=[text/plain, application/json, application/x-jackson-smile, application/*+json, */*]
14:08:21.417 [qtp1291992923-1295] DEBUG o.s.w.s.a.HttpWebHandlerAdapter - [7c7809c8] HTTP GET "/raw-response/flux"
14:08:21.417 [qtp1291992923-1295] DEBUG o.s.w.r.r.m.a.RequestMappingHandlerMapping - [7c7809c8] Mapped to org.springframework.web.reactive.result.method.annotation.RequestMappingMessageConversionIntegrationTests$RawResponseBodyController#getFlux()
14:08:21.420 [qtp1291992923-1295] DEBUG o.s.w.r.r.m.a.ResponseBodyResultHandler - Using 'text/plain' given [text/plain, application/json, application/x-jackson-smile, application/*+json, */*] and supported [*/*, application/json, application/*+json, application/x-jackson-smile, application/*+x-jackson-smile, text/event-stream]
14:08:21.421 [qtp1291992923-1295] DEBUG o.s.w.r.r.m.a.ResponseBodyResultHandler - [7c7809c8] 0..N [java.nio.ByteBuffer]
14:08:21.421 [qtp1291992923-1295] DEBUG o.s.c.c.ByteBufferEncoder - [7c7809c8] Writing 6 bytes
14:08:21.422 [qtp1291992923-1295] DEBUG o.s.w.s.a.HttpWebHandlerAdapter - [7c7809c8] Completed 200 OK
14:08:21.422 [Test worker] DEBUG o.s.w.c.RestTemplate - Response 200 OK
14:08:21.422 [Test worker] DEBUG o.s.w.c.RestTemplate - Reading to [java.lang.String] as "text/plain"
14:08:21.423 [Test worker] DEBUG o.s.w.t.h.s.r.b.JettyHttpServer - Stopping JettyHttpServer...
14:08:21.424 [Test worker] INFO  o.e.j.s.h.ContextHandler - Stopped o.e.j.s.ServletContextHandler@304d474e{/,null,UNAVAILABLE}
14:08:21.426 [Test worker] INFO  o.e.j.s.AbstractConnector - Stopped ServerConnector@1552cbce{HTTP/1.1, (http/1.1)}{0.0.0.0:0}
14:08:21.429 [Test worker] DEBUG o.s.w.t.h.s.r.b.JettyHttpServer - Server stopped (0 millis).
14:08:21.504 [Test worker] DEBUG o.s.w.r.r.m.a.RequestMappingHandlerMapping - 34 mappings in 'requestMappingHandlerMapping'
14:08:21.522 [Test worker] DEBUG o.s.w.r.r.m.a.ControllerMethodResolver - ControllerAdvice beans: none
14:08:21.540 [Test worker] DEBUG o.s.w.s.a.HttpWebHandlerAdapter - enableLoggingRequestDetails='false': form data and headers will be masked to prevent unsafe logging of potentially sensitive data
14:08:21.540 [Test worker] DEBUG o.s.w.t.h.s.r.b.ReactorHttpServer - Starting ReactorHttpServer...
14:08:21.541 [Test worker] DEBUG o.s.w.t.h.s.r.b.ReactorHttpServer - Server started on port 61511(0 millis).
14:08:21.541 [Test worker] DEBUG o.s.w.c.RestTemplate - HTTP GET http://localhost:61511/raw-response/flux
14:08:21.541 [Test worker] DEBUG o.s.w.c.RestTemplate - Accept=[text/plain, application/json, application/x-jackson-smile, application/*+json, */*]
14:08:21.543 [reactor-http-nio-2] DEBUG o.s.w.s.a.HttpWebHandlerAdapter - [bfd9219a-41] HTTP GET "/raw-response/flux"
14:08:21.544 [reactor-http-nio-2] DEBUG o.s.w.r.r.m.a.RequestMappingHandlerMapping - [bfd9219a-41] Mapped to org.springframework.web.reactive.result.method.annotation.RequestMappingMessageConversionIntegrationTests$RawResponseBodyController#getFlux()
14:08:21.545 [reactor-http-nio-2] DEBUG o.s.w.r.r.m.a.ResponseBodyResultHandler - Using 'text/plain' given [text/plain, application/json, application/x-jackson-smile, application/*+json, */*] and supported [*/*, application/json, application/*+json, application/x-jackson-smile, application/*+x-jackson-smile, text/event-stream]
14:08:21.546 [reactor-http-nio-2] DEBUG o.s.w.r.r.m.a.ResponseBodyResultHandler - [bfd9219a-41] 0..N [java.nio.ByteBuffer]
14:08:21.546 [reactor-http-nio-2] DEBUG o.s.c.c.ByteBufferEncoder - [bfd9219a-41] Writing 6 bytes
14:08:21.547 [Test worker] DEBUG o.s.w.c.RestTemplate - Response 200 OK
14:08:21.547 [Test worker] DEBUG o.s.w.c.RestTemplate - Reading to [java.lang.String] as "text/plain"
14:08:21.547 [reactor-http-nio-2] DEBUG o.s.w.s.a.HttpWebHandlerAdapter - [bfd9219a-41] Completed 200 OK
14:08:21.547 [Test worker] DEBUG o.s.w.t.h.s.r.b.ReactorHttpServer - Stopping ReactorHttpServer...
14:08:21.548 [Test worker] DEBUG o.s.w.t.h.s.r.b.ReactorHttpServer - Server stopped (0 millis).
14:08:21.588 [Test worker] DEBUG o.s.w.r.r.m.a.RequestMappingHandlerMapping - 34 mappings in 'requestMappingHandlerMapping'
14:08:21.601 [Test worker] DEBUG o.s.w.r.r.m.a.ControllerMethodResolver - ControllerAdvice beans: none
14:08:21.611 [Test worker] DEBUG o.s.w.s.a.HttpWebHandlerAdapter - enableLoggingRequestDetails='false': form data and headers will be masked to prevent unsafe logging of potentially sensitive data
14:08:21.611 [Test worker] DEBUG o.s.w.t.h.s.r.b.TomcatHttpServer - Starting TomcatHttpServer...
14:08:21.618 [Test worker] DEBUG o.s.w.t.h.s.r.b.TomcatHttpServer - Server started on port 61516(0 millis).
14:08:21.618 [Test worker] DEBUG o.s.w.c.RestTemplate - HTTP GET http://localhost:61516/raw-response/flux
14:08:21.618 [Test worker] DEBUG o.s.w.c.RestTemplate - Accept=[text/plain, application/json, application/x-jackson-smile, application/*+json, */*]
14:08:21.622 [http-nio-auto-39-exec-1] DEBUG o.s.w.s.a.HttpWebHandlerAdapter - [199abdf4] HTTP GET "/raw-response/flux"
14:08:21.622 [http-nio-auto-39-exec-1] DEBUG o.s.w.r.r.m.a.RequestMappingHandlerMapping - [199abdf4] Mapped to org.springframework.web.reactive.result.method.annotation.RequestMappingMessageConversionIntegrationTests$RawResponseBodyController#getFlux()
14:08:21.625 [http-nio-auto-39-exec-1] DEBUG o.s.w.r.r.m.a.ResponseBodyResultHandler - Using 'text/plain' given [text/plain, application/json, application/x-jackson-smile, application/*+json, */*] and supported [*/*, application/json, application/*+json, application/x-jackson-smile, application/*+x-jackson-smile, text/event-stream]
14:08:21.625 [http-nio-auto-39-exec-1] DEBUG o.s.w.r.r.m.a.ResponseBodyResultHandler - [199abdf4] 0..N [java.nio.ByteBuffer]
14:08:21.625 [http-nio-auto-39-exec-1] DEBUG o.s.c.c.ByteBufferEncoder - [199abdf4] Writing 6 bytes
14:08:21.626 [http-nio-auto-39-exec-1] DEBUG o.s.w.s.a.HttpWebHandlerAdapter - [199abdf4] Completed 200 OK
14:08:21.626 [Test worker] DEBUG o.s.w.c.RestTemplate - Response 200 OK
14:08:21.626 [Test worker] DEBUG o.s.w.c.RestTemplate - Reading to [java.lang.String] as "text/plain"
14:08:21.627 [Test worker] DEBUG o.s.w.t.h.s.r.b.TomcatHttpServer - Stopping TomcatHttpServer...
14:08:21.640 [Test worker] DEBUG o.s.w.t.h.s.r.b.TomcatHttpServer - Server stopped (0 millis).
14:08:21.683 [Test worker] DEBUG o.s.w.r.r.m.a.RequestMappingHandlerMapping - 34 mappings in 'requestMappingHandlerMapping'
14:08:21.700 [Test worker] DEBUG o.s.w.r.r.m.a.ControllerMethodResolver - ControllerAdvice beans: none
14:08:21.717 [Test worker] DEBUG o.s.w.s.a.HttpWebHandlerAdapter - enableLoggingRequestDetails='false': form data and headers will be masked to prevent unsafe logging of potentially sensitive data
14:08:21.717 [Test worker] DEBUG o.s.w.t.h.s.r.b.UndertowHttpServer - Starting UndertowHttpServer...
14:08:21.717 [Test worker] INFO  i.undertow - starting server: Undertow - 2.1.3.Final
14:08:21.722 [Test worker] DEBUG o.s.w.t.h.s.r.b.UndertowHttpServer - Server started on port 61521(0 millis).
14:08:21.722 [Test worker] DEBUG o.s.w.c.RestTemplate - HTTP GET http://localhost:61521/raw-response/flux
14:08:21.722 [Test worker] DEBUG o.s.w.c.RestTemplate - Accept=[text/plain, application/json, application/x-jackson-smile, application/*+json, */*]
14:08:21.724 [XNIO-39 I/O-4] DEBUG o.s.w.s.a.HttpWebHandlerAdapter - [5778a053] HTTP GET "/raw-response/flux"
14:08:21.725 [XNIO-39 I/O-4] DEBUG o.s.w.r.r.m.a.RequestMappingHandlerMapping - [5778a053] Mapped to org.springframework.web.reactive.result.method.annotation.RequestMappingMessageConversionIntegrationTests$RawResponseBodyController#getFlux()
14:08:21.727 [XNIO-39 I/O-4] DEBUG o.s.w.r.r.m.a.ResponseBodyResultHandler - Using 'text/plain' given [text/plain, application/json, application/x-jackson-smile, application/*+json, */*] and supported [*/*, application/json, application/*+json, application/x-jackson-smile, application/*+x-jackson-smile, text/event-stream]
14:08:21.727 [XNIO-39 I/O-4] DEBUG o.s.w.r.r.m.a.ResponseBodyResultHandler - [5778a053] 0..N [java.nio.ByteBuffer]
14:08:21.727 [XNIO-39 I/O-4] DEBUG o.s.c.c.ByteBufferEncoder - [5778a053] Writing 6 bytes
14:08:21.727 [XNIO-39 I/O-4] DEBUG o.s.w.s.a.HttpWebHandlerAdapter - [5778a053] Completed 200 OK
14:08:21.728 [Test worker] DEBUG o.s.w.c.RestTemplate - Response 200 OK
14:08:21.728 [Test worker] DEBUG o.s.w.c.RestTemplate - Reading to [java.lang.String] as "text/plain"
14:08:21.728 [Test worker] DEBUG o.s.w.t.h.s.r.b.UndertowHttpServer - Stopping UndertowHttpServer...
14:08:21.728 [Test worker] INFO  i.undertow - stopping server: Undertow - 2.1.3.Final
14:08:21.729 [Test worker] DEBUG o.s.w.t.h.s.r.b.UndertowHttpServer - Server stopped (0 millis).
14:08:21.768 [Test worker] DEBUG o.s.w.r.r.m.a.RequestMappingHandlerMapping - 34 mappings in 'requestMappingHandlerMapping'
14:08:21.784 [Test worker] DEBUG o.s.w.r.r.m.a.ControllerMethodResolver - ControllerAdvice beans: none
14:08:21.799 [Test worker] DEBUG o.s.w.s.a.HttpWebHandlerAdapter - enableLoggingRequestDetails='false': form data and headers will be masked to prevent unsafe logging of potentially sensitive data
14:08:21.799 [Test worker] WARN  o.e.j.s.h.ContextHandler - Empty contextPath
14:08:21.800 [Test worker] INFO  o.e.j.s.h.ContextHandler - Started o.e.j.s.ServletContextHandler@7c705916{/,null,AVAILABLE}
14:08:21.800 [Test worker] DEBUG o.s.w.t.h.s.r.b.JettyHttpServer - Starting JettyHttpServer...
14:08:21.800 [Test worker] INFO  o.e.j.s.Server - jetty-9.4.30.v20200611; built: 2020-06-11T12:34:51.929Z; git: 271836e4c1f4612f12b7bb13ef5a92a927634b0d; jvm 1.8.0_73-b02
14:08:21.802 [Test worker] INFO  o.e.j.s.AbstractConnector - Started ServerConnector@75c5e99e{HTTP/1.1, (http/1.1)}{0.0.0.0:61523}
14:08:21.802 [Test worker] INFO  o.e.j.s.Server - Started @101515ms
14:08:21.802 [Test worker] DEBUG o.s.w.t.h.s.r.b.JettyHttpServer - Server started on port 61523(0 millis).
14:08:21.803 [Test worker] DEBUG o.s.w.c.RestTemplate - HTTP GET http://localhost:61523/raw-response/mono
14:08:21.803 [Test worker] DEBUG o.s.w.c.RestTemplate - Accept=[text/plain, application/json, application/x-jackson-smile, application/*+json, */*]
14:08:21.805 [qtp429272251-1328] DEBUG o.s.w.s.a.HttpWebHandlerAdapter - [71c1bb13] HTTP GET "/raw-response/mono"
14:08:21.805 [qtp429272251-1328] DEBUG o.s.w.r.r.m.a.RequestMappingHandlerMapping - [71c1bb13] Mapped to org.springframework.web.reactive.result.method.annotation.RequestMappingMessageConversionIntegrationTests$RawResponseBodyController#getMonoString()
14:08:21.807 [qtp429272251-1328] DEBUG o.s.w.r.r.m.a.ResponseBodyResultHandler - Using 'text/plain' given [text/plain, application/json, application/x-jackson-smile, application/*+json, */*] and supported [*/*, application/json, application/*+json, application/x-jackson-smile, application/*+x-jackson-smile, text/event-stream]
14:08:21.807 [qtp429272251-1328] DEBUG o.s.w.r.r.m.a.ResponseBodyResultHandler - [71c1bb13] 0..1 [java.nio.ByteBuffer]
14:08:21.808 [qtp429272251-1328] DEBUG o.s.c.c.ByteBufferEncoder - [71c1bb13] Writing 6 bytes
14:08:21.808 [Test worker] DEBUG o.s.w.c.RestTemplate - Response 200 OK
14:08:21.808 [qtp429272251-1328] DEBUG o.s.w.s.a.HttpWebHandlerAdapter - [71c1bb13] Completed 200 OK
14:08:21.808 [Test worker] DEBUG o.s.w.c.RestTemplate - Reading to [java.lang.String] as "text/plain"
14:08:21.808 [Test worker] DEBUG o.s.w.t.h.s.r.b.JettyHttpServer - Stopping JettyHttpServer...
14:08:21.809 [Test worker] INFO  o.e.j.s.h.ContextHandler - Stopped o.e.j.s.ServletContextHandler@7c705916{/,null,UNAVAILABLE}
14:08:21.809 [Test worker] INFO  o.e.j.s.AbstractConnector - Stopped ServerConnector@75c5e99e{HTTP/1.1, (http/1.1)}{0.0.0.0:0}
14:08:21.810 [Test worker] DEBUG o.s.w.t.h.s.r.b.JettyHttpServer - Server stopped (0 millis).
14:08:21.853 [Test worker] DEBUG o.s.w.r.r.m.a.RequestMappingHandlerMapping - 34 mappings in 'requestMappingHandlerMapping'
14:08:21.870 [Test worker] DEBUG o.s.w.r.r.m.a.ControllerMethodResolver - ControllerAdvice beans: none
14:08:21.885 [Test worker] DEBUG o.s.w.s.a.HttpWebHandlerAdapter - enableLoggingRequestDetails='false': form data and headers will be masked to prevent unsafe logging of potentially sensitive data
14:08:21.885 [Test worker] DEBUG o.s.w.t.h.s.r.b.ReactorHttpServer - Starting ReactorHttpServer...
14:08:21.886 [Test worker] DEBUG o.s.w.t.h.s.r.b.ReactorHttpServer - Server started on port 61527(0 millis).
14:08:21.886 [Test worker] DEBUG o.s.w.c.RestTemplate - HTTP GET http://localhost:61527/raw-response/mono
14:08:21.886 [Test worker] DEBUG o.s.w.c.RestTemplate - Accept=[text/plain, application/json, application/x-jackson-smile, application/*+json, */*]
14:08:21.888 [reactor-http-nio-4] DEBUG o.s.w.s.a.HttpWebHandlerAdapter - [645317eb-42] HTTP GET "/raw-response/mono"
14:08:21.889 [reactor-http-nio-4] DEBUG o.s.w.r.r.m.a.RequestMappingHandlerMapping - [645317eb-42] Mapped to org.springframework.web.reactive.result.method.annotation.RequestMappingMessageConversionIntegrationTests$RawResponseBodyController#getMonoString()
14:08:21.890 [reactor-http-nio-4] DEBUG o.s.w.r.r.m.a.ResponseBodyResultHandler - Using 'text/plain' given [text/plain, application/json, application/x-jackson-smile, application/*+json, */*] and supported [*/*, application/json, application/*+json, application/x-jackson-smile, application/*+x-jackson-smile, text/event-stream]
14:08:21.890 [reactor-http-nio-4] DEBUG o.s.w.r.r.m.a.ResponseBodyResultHandler - [645317eb-42] 0..1 [java.nio.ByteBuffer]
14:08:21.890 [reactor-http-nio-4] DEBUG o.s.c.c.ByteBufferEncoder - [645317eb-42] Writing 6 bytes
14:08:21.891 [reactor-http-nio-4] DEBUG o.s.w.s.a.HttpWebHandlerAdapter - [645317eb-42] Completed 200 OK
14:08:21.891 [Test worker] DEBUG o.s.w.c.RestTemplate - Response 200 OK
14:08:21.892 [Test worker] DEBUG o.s.w.c.RestTemplate - Reading to [java.lang.String] as "text/plain"
14:08:21.892 [Test worker] DEBUG o.s.w.t.h.s.r.b.ReactorHttpServer - Stopping ReactorHttpServer...
14:08:21.892 [Test worker] DEBUG o.s.w.t.h.s.r.b.ReactorHttpServer - Server stopped (0 millis).
14:08:21.932 [Test worker] DEBUG o.s.w.r.r.m.a.RequestMappingHandlerMapping - 34 mappings in 'requestMappingHandlerMapping'
14:08:21.950 [Test worker] DEBUG o.s.w.r.r.m.a.ControllerMethodResolver - ControllerAdvice beans: none
14:08:21.966 [Test worker] DEBUG o.s.w.s.a.HttpWebHandlerAdapter - enableLoggingRequestDetails='false': form data and headers will be masked to prevent unsafe logging of potentially sensitive data
14:08:21.966 [Test worker] DEBUG o.s.w.t.h.s.r.b.TomcatHttpServer - Starting TomcatHttpServer...
14:08:21.974 [Test worker] DEBUG o.s.w.t.h.s.r.b.TomcatHttpServer - Server started on port 61531(0 millis).
14:08:21.975 [Test worker] DEBUG o.s.w.c.RestTemplate - HTTP GET http://localhost:61531/raw-response/mono
14:08:21.975 [Test worker] DEBUG o.s.w.c.RestTemplate - Accept=[text/plain, application/json, application/x-jackson-smile, application/*+json, */*]
14:08:21.978 [http-nio-auto-40-exec-1] DEBUG o.s.w.s.a.HttpWebHandlerAdapter - [4b8ae27e] HTTP GET "/raw-response/mono"
14:08:21.979 [http-nio-auto-40-exec-1] DEBUG o.s.w.r.r.m.a.RequestMappingHandlerMapping - [4b8ae27e] Mapped to org.springframework.web.reactive.result.method.annotation.RequestMappingMessageConversionIntegrationTests$RawResponseBodyController#getMonoString()
14:08:21.981 [http-nio-auto-40-exec-1] DEBUG o.s.w.r.r.m.a.ResponseBodyResultHandler - Using 'text/plain' given [text/plain, application/json, application/x-jackson-smile, application/*+json, */*] and supported [*/*, application/json, application/*+json, application/x-jackson-smile, application/*+x-jackson-smile, text/event-stream]
14:08:21.981 [http-nio-auto-40-exec-1] DEBUG o.s.w.r.r.m.a.ResponseBodyResultHandler - [4b8ae27e] 0..1 [java.nio.ByteBuffer]
14:08:21.981 [http-nio-auto-40-exec-1] DEBUG o.s.c.c.ByteBufferEncoder - [4b8ae27e] Writing 6 bytes
14:08:21.981 [http-nio-auto-40-exec-1] DEBUG o.s.w.s.a.HttpWebHandlerAdapter - [4b8ae27e] Completed 200 OK
14:08:21.982 [Test worker] DEBUG o.s.w.c.RestTemplate - Response 200 OK
14:08:21.982 [Test worker] DEBUG o.s.w.c.RestTemplate - Reading to [java.lang.String] as "text/plain"
14:08:21.982 [Test worker] DEBUG o.s.w.t.h.s.r.b.TomcatHttpServer - Stopping TomcatHttpServer...
14:08:21.991 [Test worker] DEBUG o.s.w.t.h.s.r.b.TomcatHttpServer - Server stopped (0 millis).
14:08:22.087 [Test worker] DEBUG o.s.w.r.r.m.a.RequestMappingHandlerMapping - 34 mappings in 'requestMappingHandlerMapping'
14:08:22.111 [Test worker] DEBUG o.s.w.r.r.m.a.ControllerMethodResolver - ControllerAdvice beans: none
14:08:22.134 [Test worker] DEBUG o.s.w.s.a.HttpWebHandlerAdapter - enableLoggingRequestDetails='false': form data and headers will be masked to prevent unsafe logging of potentially sensitive data
14:08:22.134 [Test worker] DEBUG o.s.w.t.h.s.r.b.UndertowHttpServer - Starting UndertowHttpServer...
14:08:22.134 [Test worker] INFO  i.undertow - starting server: Undertow - 2.1.3.Final
14:08:22.139 [Test worker] DEBUG o.s.w.t.h.s.r.b.UndertowHttpServer - Server started on port 61537(0 millis).
14:08:22.139 [Test worker] DEBUG o.s.w.c.RestTemplate - HTTP GET http://localhost:61537/raw-response/mono
14:08:22.139 [Test worker] DEBUG o.s.w.c.RestTemplate - Accept=[text/plain, application/json, application/x-jackson-smile, application/*+json, */*]
14:08:22.141 [XNIO-40 I/O-5] DEBUG o.s.w.s.a.HttpWebHandlerAdapter - [7e0f54f2] HTTP GET "/raw-response/mono"
14:08:22.142 [XNIO-40 I/O-5] DEBUG o.s.w.r.r.m.a.RequestMappingHandlerMapping - [7e0f54f2] Mapped to org.springframework.web.reactive.result.method.annotation.RequestMappingMessageConversionIntegrationTests$RawResponseBodyController#getMonoString()
14:08:22.143 [XNIO-40 I/O-5] DEBUG o.s.w.r.r.m.a.ResponseBodyResultHandler - Using 'text/plain' given [text/plain, application/json, application/x-jackson-smile, application/*+json, */*] and supported [*/*, application/json, application/*+json, application/x-jackson-smile, application/*+x-jackson-smile, text/event-stream]
14:08:22.143 [XNIO-40 I/O-5] DEBUG o.s.w.r.r.m.a.ResponseBodyResultHandler - [7e0f54f2] 0..1 [java.nio.ByteBuffer]
14:08:22.144 [XNIO-40 I/O-5] DEBUG o.s.c.c.ByteBufferEncoder - [7e0f54f2] Writing 6 bytes
14:08:22.144 [XNIO-40 I/O-5] DEBUG o.s.w.s.a.HttpWebHandlerAdapter - [7e0f54f2] Completed 200 OK
14:08:22.144 [Test worker] DEBUG o.s.w.c.RestTemplate - Response 200 OK
14:08:22.144 [Test worker] DEBUG o.s.w.c.RestTemplate - Reading to [java.lang.String] as "text/plain"
14:08:22.145 [Test worker] DEBUG o.s.w.t.h.s.r.b.UndertowHttpServer - Stopping UndertowHttpServer...
14:08:22.145 [Test worker] INFO  i.undertow - stopping server: Undertow - 2.1.3.Final
14:08:22.147 [Test worker] DEBUG o.s.w.t.h.s.r.b.UndertowHttpServer - Server stopped (0 millis).
14:08:22.194 [Test worker] DEBUG o.s.w.r.r.m.a.RequestMappingHandlerMapping - 34 mappings in 'requestMappingHandlerMapping'
14:08:22.226 [Test worker] DEBUG o.s.w.r.r.m.a.ControllerMethodResolver - ControllerAdvice beans: none
14:08:22.259 [Test worker] DEBUG o.s.w.s.a.HttpWebHandlerAdapter - enableLoggingRequestDetails='false': form data and headers will be masked to prevent unsafe logging of potentially sensitive data
14:08:22.260 [Test worker] WARN  o.e.j.s.h.ContextHandler - Empty contextPath
14:08:22.260 [Test worker] INFO  o.e.j.s.h.ContextHandler - Started o.e.j.s.ServletContextHandler@47a9662e{/,null,AVAILABLE}
14:08:22.261 [Test worker] DEBUG o.s.w.t.h.s.r.b.JettyHttpServer - Starting JettyHttpServer...
14:08:22.261 [Test worker] INFO  o.e.j.s.Server - jetty-9.4.30.v20200611; built: 2020-06-11T12:34:51.929Z; git: 271836e4c1f4612f12b7bb13ef5a92a927634b0d; jvm 1.8.0_73-b02
14:08:22.269 [Test worker] INFO  o.e.j.s.AbstractConnector - Started ServerConnector@518ea131{HTTP/1.1, (http/1.1)}{0.0.0.0:61541}
14:08:22.269 [Test worker] INFO  o.e.j.s.Server - Started @101982ms
14:08:22.269 [Test worker] DEBUG o.s.w.t.h.s.r.b.JettyHttpServer - Server started on port 61541(0 millis).
14:08:22.270 [Test worker] DEBUG o.s.w.c.RestTemplate - HTTP POST http://localhost:61541/person-transform/flowable
14:08:22.270 [Test worker] DEBUG o.s.w.c.RestTemplate - Accept=[application/json, application/x-jackson-smile, application/*+json]
14:08:22.271 [Test worker] DEBUG o.s.w.c.RestTemplate - Writing [[Person{name='Robert'}, Person{name='Marie'}]] as "application/json"
14:08:22.274 [qtp938870820-1361] DEBUG o.s.w.s.a.HttpWebHandlerAdapter - [73f3a664] HTTP POST "/person-transform/flowable"
14:08:22.275 [qtp938870820-1361] DEBUG o.s.w.r.r.m.a.RequestMappingHandlerMapping - [73f3a664] Mapped to org.springframework.web.reactive.result.method.annotation.RequestMappingMessageConversionIntegrationTests$PersonTransformationController#transformFlowable(Flowable)
14:08:22.275 [qtp938870820-1361] DEBUG o.s.w.r.r.m.a.RequestBodyMethodArgumentResolver - [73f3a664] Content-Type:application/json
14:08:22.276 [qtp938870820-1361] DEBUG o.s.w.r.r.m.a.RequestBodyMethodArgumentResolver - [73f3a664] 0..N [org.springframework.web.reactive.result.method.annotation.RequestMappingMessageConversionIntegrationTests$Person]
14:08:22.278 [qtp938870820-1361] DEBUG o.s.w.r.r.m.a.ResponseBodyResultHandler - Using 'application/json' given [application/json] and supported [application/json, application/*+json, application/x-jackson-smile, application/*+x-jackson-smile, application/xml, text/xml, text/event-stream]
14:08:22.278 [qtp938870820-1361] DEBUG o.s.w.r.r.m.a.ResponseBodyResultHandler - [73f3a664] 0..N [org.springframework.web.reactive.result.method.annotation.RequestMappingMessageConversionIntegrationTests$Person]
14:08:22.280 [qtp938870820-1361] DEBUG o.s.h.c.j.Jackson2JsonDecoder - [73f3a664] Decoded [Person{name='Robert'}]
14:08:22.280 [qtp938870820-1361] DEBUG o.s.h.c.j.Jackson2JsonDecoder - [73f3a664] Decoded [Person{name='Marie'}]
14:08:22.280 [qtp938870820-1361] DEBUG o.s.h.c.j.Jackson2JsonEncoder - [73f3a664] Encoding [[Person{name='ROBERT'}, Person{name='MARIE'}]]
14:08:22.281 [qtp938870820-1361] DEBUG o.s.w.s.a.HttpWebHandlerAdapter - [73f3a664] Completed 200 OK
14:08:22.281 [Test worker] DEBUG o.s.w.c.RestTemplate - Response 200 OK
14:08:22.282 [Test worker] DEBUG o.s.w.c.RestTemplate - Reading to [java.util.List<org.springframework.web.reactive.result.method.annotation.RequestMappingMessageConversionIntegrationTests$Person>]
14:08:22.282 [Test worker] DEBUG o.s.w.t.h.s.r.b.JettyHttpServer - Stopping JettyHttpServer...
14:08:22.283 [Test worker] INFO  o.e.j.s.h.ContextHandler - Stopped o.e.j.s.ServletContextHandler@47a9662e{/,null,UNAVAILABLE}
14:08:22.284 [Test worker] INFO  o.e.j.s.AbstractConnector - Stopped ServerConnector@518ea131{HTTP/1.1, (http/1.1)}{0.0.0.0:0}
14:08:22.285 [Test worker] DEBUG o.s.w.t.h.s.r.b.JettyHttpServer - Server stopped (0 millis).
14:08:22.352 [Test worker] DEBUG o.s.w.r.r.m.a.RequestMappingHandlerMapping - 34 mappings in 'requestMappingHandlerMapping'
14:08:22.368 [Test worker] DEBUG o.s.w.r.r.m.a.ControllerMethodResolver - ControllerAdvice beans: none
14:08:22.383 [Test worker] DEBUG o.s.w.s.a.HttpWebHandlerAdapter - enableLoggingRequestDetails='false': form data and headers will be masked to prevent unsafe logging of potentially sensitive data
14:08:22.383 [Test worker] DEBUG o.s.w.t.h.s.r.b.ReactorHttpServer - Starting ReactorHttpServer...
14:08:22.384 [Test worker] DEBUG o.s.w.t.h.s.r.b.ReactorHttpServer - Server started on port 61545(0 millis).
14:08:22.385 [Test worker] DEBUG o.s.w.c.RestTemplate - HTTP POST http://localhost:61545/person-transform/flowable
14:08:22.385 [Test worker] DEBUG o.s.w.c.RestTemplate - Accept=[application/json, application/x-jackson-smile, application/*+json]
14:08:22.385 [Test worker] DEBUG o.s.w.c.RestTemplate - Writing [[Person{name='Robert'}, Person{name='Marie'}]] as "application/json"
14:08:22.388 [reactor-http-nio-6] DEBUG o.s.w.s.a.HttpWebHandlerAdapter - [d19dc502-43] HTTP POST "/person-transform/flowable"
14:08:22.389 [reactor-http-nio-6] DEBUG o.s.w.r.r.m.a.RequestMappingHandlerMapping - [d19dc502-43] Mapped to org.springframework.web.reactive.result.method.annotation.RequestMappingMessageConversionIntegrationTests$PersonTransformationController#transformFlowable(Flowable)
14:08:22.389 [reactor-http-nio-6] DEBUG o.s.w.r.r.m.a.RequestBodyMethodArgumentResolver - [d19dc502-43] Content-Type:application/json
14:08:22.390 [reactor-http-nio-6] DEBUG o.s.w.r.r.m.a.RequestBodyMethodArgumentResolver - [d19dc502-43] 0..N [org.springframework.web.reactive.result.method.annotation.RequestMappingMessageConversionIntegrationTests$Person]
14:08:22.391 [reactor-http-nio-6] DEBUG o.s.w.r.r.m.a.ResponseBodyResultHandler - Using 'application/json' given [application/json] and supported [application/json, application/*+json, application/x-jackson-smile, application/*+x-jackson-smile, application/xml, text/xml, text/event-stream]
14:08:22.391 [reactor-http-nio-6] DEBUG o.s.w.r.r.m.a.ResponseBodyResultHandler - [d19dc502-43] 0..N [org.springframework.web.reactive.result.method.annotation.RequestMappingMessageConversionIntegrationTests$Person]
14:08:22.392 [reactor-http-nio-6] DEBUG o.s.h.c.j.Jackson2JsonDecoder - [d19dc502-43] Decoded [Person{name='Robert'}]
14:08:22.392 [reactor-http-nio-6] DEBUG o.s.h.c.j.Jackson2JsonDecoder - [d19dc502-43] Decoded [Person{name='Marie'}]
14:08:22.392 [reactor-http-nio-6] DEBUG o.s.h.c.j.Jackson2JsonEncoder - [d19dc502-43] Encoding [[Person{name='ROBERT'}, Person{name='MARIE'}]]
14:08:22.393 [Test worker] DEBUG o.s.w.c.RestTemplate - Response 200 OK
14:08:22.393 [reactor-http-nio-6] DEBUG o.s.w.s.a.HttpWebHandlerAdapter - [d19dc502-43] Completed 200 OK
14:08:22.393 [Test worker] DEBUG o.s.w.c.RestTemplate - Reading to [java.util.List<org.springframework.web.reactive.result.method.annotation.RequestMappingMessageConversionIntegrationTests$Person>]
14:08:22.394 [Test worker] DEBUG o.s.w.t.h.s.r.b.ReactorHttpServer - Stopping ReactorHttpServer...
14:08:22.394 [Test worker] DEBUG o.s.w.t.h.s.r.b.ReactorHttpServer - Server stopped (0 millis).
14:08:22.434 [Test worker] DEBUG o.s.w.r.r.m.a.RequestMappingHandlerMapping - 34 mappings in 'requestMappingHandlerMapping'
14:08:22.447 [Test worker] DEBUG o.s.w.r.r.m.a.ControllerMethodResolver - ControllerAdvice beans: none
14:08:22.457 [Test worker] DEBUG o.s.w.s.a.HttpWebHandlerAdapter - enableLoggingRequestDetails='false': form data and headers will be masked to prevent unsafe logging of potentially sensitive data
14:08:22.458 [Test worker] DEBUG o.s.w.t.h.s.r.b.TomcatHttpServer - Starting TomcatHttpServer...
14:08:22.464 [Test worker] DEBUG o.s.w.t.h.s.r.b.TomcatHttpServer - Server started on port 61547(0 millis).
14:08:22.464 [Test worker] DEBUG o.s.w.c.RestTemplate - HTTP POST http://localhost:61547/person-transform/flowable
14:08:22.465 [Test worker] DEBUG o.s.w.c.RestTemplate - Accept=[application/json, application/x-jackson-smile, application/*+json]
14:08:22.465 [Test worker] DEBUG o.s.w.c.RestTemplate - Writing [[Person{name='Robert'}, Person{name='Marie'}]] as "application/json"
14:08:22.469 [http-nio-auto-41-exec-1] DEBUG o.s.w.s.a.HttpWebHandlerAdapter - [6223aedc] HTTP POST "/person-transform/flowable"
14:08:22.469 [http-nio-auto-41-exec-1] DEBUG o.s.w.r.r.m.a.RequestMappingHandlerMapping - [6223aedc] Mapped to org.springframework.web.reactive.result.method.annotation.RequestMappingMessageConversionIntegrationTests$PersonTransformationController#transformFlowable(Flowable)
14:08:22.470 [http-nio-auto-41-exec-1] DEBUG o.s.w.r.r.m.a.RequestBodyMethodArgumentResolver - [6223aedc] Content-Type:application/json
14:08:22.470 [http-nio-auto-41-exec-1] DEBUG o.s.w.r.r.m.a.RequestBodyMethodArgumentResolver - [6223aedc] 0..N [org.springframework.web.reactive.result.method.annotation.RequestMappingMessageConversionIntegrationTests$Person]
14:08:22.471 [http-nio-auto-41-exec-1] DEBUG o.s.w.r.r.m.a.ResponseBodyResultHandler - Using 'application/json' given [application/json] and supported [application/json, application/*+json, application/x-jackson-smile, application/*+x-jackson-smile, application/xml, text/xml, text/event-stream]
14:08:22.471 [http-nio-auto-41-exec-1] DEBUG o.s.w.r.r.m.a.ResponseBodyResultHandler - [6223aedc] 0..N [org.springframework.web.reactive.result.method.annotation.RequestMappingMessageConversionIntegrationTests$Person]
14:08:22.472 [http-nio-auto-41-exec-1] DEBUG o.s.h.c.j.Jackson2JsonDecoder - [6223aedc] Decoded [Person{name='Robert'}]
14:08:22.472 [http-nio-auto-41-exec-1] DEBUG o.s.h.c.j.Jackson2JsonDecoder - [6223aedc] Decoded [Person{name='Marie'}]
14:08:22.472 [http-nio-auto-41-exec-1] DEBUG o.s.h.c.j.Jackson2JsonEncoder - [6223aedc] Encoding [[Person{name='ROBERT'}, Person{name='MARIE'}]]
14:08:22.473 [http-nio-auto-41-exec-1] DEBUG o.s.w.s.a.HttpWebHandlerAdapter - [6223aedc] Completed 200 OK
14:08:22.473 [Test worker] DEBUG o.s.w.c.RestTemplate - Response 200 OK
14:08:22.473 [Test worker] DEBUG o.s.w.c.RestTemplate - Reading to [java.util.List<org.springframework.web.reactive.result.method.annotation.RequestMappingMessageConversionIntegrationTests$Person>]
14:08:22.473 [Test worker] DEBUG o.s.w.t.h.s.r.b.TomcatHttpServer - Stopping TomcatHttpServer...
14:08:22.485 [Test worker] DEBUG o.s.w.t.h.s.r.b.TomcatHttpServer - Server stopped (0 millis).
14:08:22.521 [Test worker] DEBUG o.s.w.r.r.m.a.RequestMappingHandlerMapping - 34 mappings in 'requestMappingHandlerMapping'
14:08:22.542 [Test worker] DEBUG o.s.w.r.r.m.a.ControllerMethodResolver - ControllerAdvice beans: none
14:08:22.552 [Test worker] DEBUG o.s.w.s.a.HttpWebHandlerAdapter - enableLoggingRequestDetails='false': form data and headers will be masked to prevent unsafe logging of potentially sensitive data
14:08:22.552 [Test worker] DEBUG o.s.w.t.h.s.r.b.UndertowHttpServer - Starting UndertowHttpServer...
14:08:22.552 [Test worker] INFO  i.undertow - starting server: Undertow - 2.1.3.Final
14:08:22.555 [Test worker] DEBUG o.s.w.t.h.s.r.b.UndertowHttpServer - Server started on port 61550(0 millis).
14:08:22.555 [Test worker] DEBUG o.s.w.c.RestTemplate - HTTP POST http://localhost:61550/person-transform/flowable
14:08:22.555 [Test worker] DEBUG o.s.w.c.RestTemplate - Accept=[application/json, application/x-jackson-smile, application/*+json]
14:08:22.555 [Test worker] DEBUG o.s.w.c.RestTemplate - Writing [[Person{name='Robert'}, Person{name='Marie'}]] as "application/json"
14:08:22.557 [XNIO-41 I/O-2] DEBUG o.s.w.s.a.HttpWebHandlerAdapter - [30746db2] HTTP POST "/person-transform/flowable"
14:08:22.558 [XNIO-41 I/O-2] DEBUG o.s.w.r.r.m.a.RequestMappingHandlerMapping - [30746db2] Mapped to org.springframework.web.reactive.result.method.annotation.RequestMappingMessageConversionIntegrationTests$PersonTransformationController#transformFlowable(Flowable)
14:08:22.558 [XNIO-41 I/O-2] DEBUG o.s.w.r.r.m.a.RequestBodyMethodArgumentResolver - [30746db2] Content-Type:application/json
14:08:22.558 [XNIO-41 I/O-2] DEBUG o.s.w.r.r.m.a.RequestBodyMethodArgumentResolver - [30746db2] 0..N [org.springframework.web.reactive.result.method.annotation.RequestMappingMessageConversionIntegrationTests$Person]
14:08:22.559 [XNIO-41 I/O-2] DEBUG o.s.w.r.r.m.a.ResponseBodyResultHandler - Using 'application/json' given [application/json] and supported [application/json, application/*+json, application/x-jackson-smile, application/*+x-jackson-smile, application/xml, text/xml, text/event-stream]
14:08:22.559 [XNIO-41 I/O-2] DEBUG o.s.w.r.r.m.a.ResponseBodyResultHandler - [30746db2] 0..N [org.springframework.web.reactive.result.method.annotation.RequestMappingMessageConversionIntegrationTests$Person]
14:08:22.560 [XNIO-41 I/O-2] DEBUG o.s.h.c.j.Jackson2JsonDecoder - [30746db2] Decoded [Person{name='Robert'}]
14:08:22.560 [XNIO-41 I/O-2] DEBUG o.s.h.c.j.Jackson2JsonDecoder - [30746db2] Decoded [Person{name='Marie'}]
14:08:22.560 [XNIO-41 I/O-2] DEBUG o.s.h.c.j.Jackson2JsonEncoder - [30746db2] Encoding [[Person{name='ROBERT'}, Person{name='MARIE'}]]
14:08:22.560 [XNIO-41 I/O-2] DEBUG o.s.w.s.a.HttpWebHandlerAdapter - [30746db2] Completed 200 OK
14:08:22.561 [Test worker] DEBUG o.s.w.c.RestTemplate - Response 200 OK
14:08:22.561 [Test worker] DEBUG o.s.w.c.RestTemplate - Reading to [java.util.List<org.springframework.web.reactive.result.method.annotation.RequestMappingMessageConversionIntegrationTests$Person>]
14:08:22.561 [Test worker] DEBUG o.s.w.t.h.s.r.b.UndertowHttpServer - Stopping UndertowHttpServer...
14:08:22.561 [Test worker] INFO  i.undertow - stopping server: Undertow - 2.1.3.Final
14:08:22.562 [Test worker] DEBUG o.s.w.t.h.s.r.b.UndertowHttpServer - Server stopped (0 millis).
14:08:22.598 [Test worker] DEBUG o.s.w.r.r.m.a.RequestMappingHandlerMapping - 34 mappings in 'requestMappingHandlerMapping'
14:08:22.627 [Test worker] DEBUG o.s.w.r.r.m.a.ControllerMethodResolver - ControllerAdvice beans: none
14:08:22.645 [Test worker] DEBUG o.s.w.s.a.HttpWebHandlerAdapter - enableLoggingRequestDetails='false': form data and headers will be masked to prevent unsafe logging of potentially sensitive data
14:08:22.645 [Test worker] WARN  o.e.j.s.h.ContextHandler - Empty contextPath
14:08:22.645 [Test worker] INFO  o.e.j.s.h.ContextHandler - Started o.e.j.s.ServletContextHandler@7a536fe7{/,null,AVAILABLE}
14:08:22.645 [Test worker] DEBUG o.s.w.t.h.s.r.b.JettyHttpServer - Starting JettyHttpServer...
14:08:22.645 [Test worker] INFO  o.e.j.s.Server - jetty-9.4.30.v20200611; built: 2020-06-11T12:34:51.929Z; git: 271836e4c1f4612f12b7bb13ef5a92a927634b0d; jvm 1.8.0_73-b02
14:08:22.648 [Test worker] INFO  o.e.j.s.AbstractConnector - Started ServerConnector@3140a9c0{HTTP/1.1, (http/1.1)}{0.0.0.0:61552}
14:08:22.648 [Test worker] INFO  o.e.j.s.Server - Started @102360ms
14:08:22.648 [Test worker] DEBUG o.s.w.t.h.s.r.b.JettyHttpServer - Server started on port 61552(0 millis).
14:08:22.648 [Test worker] DEBUG o.s.w.c.RestTemplate - HTTP POST http://localhost:61552/person-create/flux
14:08:22.648 [Test worker] DEBUG o.s.w.c.RestTemplate - Accept=[application/json, application/x-jackson-smile, application/*+json]
14:08:22.648 [Test worker] DEBUG o.s.w.c.RestTemplate - Writing [[Person{name='Robert'}, Person{name='Marie'}]] as "application/json"
14:08:22.651 [qtp1419035535-1394] DEBUG o.s.w.s.a.HttpWebHandlerAdapter - [7a82c4ae] HTTP POST "/person-create/flux"
14:08:22.651 [qtp1419035535-1394] DEBUG o.s.w.r.r.m.a.RequestMappingHandlerMapping - [7a82c4ae] Mapped to org.springframework.web.reactive.result.method.annotation.RequestMappingMessageConversionIntegrationTests$PersonCreateController#createWithFlux(Flux)
14:08:22.651 [qtp1419035535-1394] DEBUG o.s.w.r.r.m.a.RequestBodyMethodArgumentResolver - [7a82c4ae] Content-Type:application/json
14:08:22.652 [qtp1419035535-1394] DEBUG o.s.w.r.r.m.a.RequestBodyMethodArgumentResolver - [7a82c4ae] 0..N [org.springframework.web.reactive.result.method.annotation.RequestMappingMessageConversionIntegrationTests$Person]
14:08:22.653 [qtp1419035535-1394] DEBUG o.s.h.c.j.Jackson2JsonDecoder - [7a82c4ae] Decoded [Person{name='Robert'}]
14:08:22.653 [qtp1419035535-1394] DEBUG o.s.h.c.j.Jackson2JsonDecoder - [7a82c4ae] Decoded [Person{name='Marie'}]
14:08:22.653 [qtp1419035535-1394] DEBUG o.s.w.s.a.HttpWebHandlerAdapter - [7a82c4ae] Completed 200 OK
14:08:22.654 [Test worker] DEBUG o.s.w.c.RestTemplate - Response 200 OK
14:08:22.654 [Test worker] DEBUG o.s.w.t.h.s.r.b.JettyHttpServer - Stopping JettyHttpServer...
14:08:22.654 [Test worker] INFO  o.e.j.s.h.ContextHandler - Stopped o.e.j.s.ServletContextHandler@7a536fe7{/,null,UNAVAILABLE}
14:08:22.655 [Test worker] INFO  o.e.j.s.AbstractConnector - Stopped ServerConnector@3140a9c0{HTTP/1.1, (http/1.1)}{0.0.0.0:0}
14:08:22.655 [Test worker] DEBUG o.s.w.t.h.s.r.b.JettyHttpServer - Server stopped (0 millis).
14:08:22.686 [Test worker] DEBUG o.s.w.r.r.m.a.RequestMappingHandlerMapping - 34 mappings in 'requestMappingHandlerMapping'
14:08:22.698 [Test worker] DEBUG o.s.w.r.r.m.a.ControllerMethodResolver - ControllerAdvice beans: none
14:08:22.714 [Test worker] DEBUG o.s.w.s.a.HttpWebHandlerAdapter - enableLoggingRequestDetails='false': form data and headers will be masked to prevent unsafe logging of potentially sensitive data
14:08:22.715 [Test worker] DEBUG o.s.w.t.h.s.r.b.ReactorHttpServer - Starting ReactorHttpServer...
14:08:22.715 [Test worker] DEBUG o.s.w.t.h.s.r.b.ReactorHttpServer - Server started on port 61556(0 millis).
14:08:22.716 [Test worker] DEBUG o.s.w.c.RestTemplate - HTTP POST http://localhost:61556/person-create/flux
14:08:22.716 [Test worker] DEBUG o.s.w.c.RestTemplate - Accept=[application/json, application/x-jackson-smile, application/*+json]
14:08:22.716 [Test worker] DEBUG o.s.w.c.RestTemplate - Writing [[Person{name='Robert'}, Person{name='Marie'}]] as "application/json"
14:08:22.721 [reactor-http-nio-8] DEBUG o.s.w.s.a.HttpWebHandlerAdapter - [09ce2af7-44] HTTP POST "/person-create/flux"
14:08:22.722 [reactor-http-nio-8] DEBUG o.s.w.r.r.m.a.RequestMappingHandlerMapping - [09ce2af7-44] Mapped to org.springframework.web.reactive.result.method.annotation.RequestMappingMessageConversionIntegrationTests$PersonCreateController#createWithFlux(Flux)
14:08:22.722 [reactor-http-nio-8] DEBUG o.s.w.r.r.m.a.RequestBodyMethodArgumentResolver - [09ce2af7-44] Content-Type:application/json
14:08:22.723 [reactor-http-nio-8] DEBUG o.s.w.r.r.m.a.RequestBodyMethodArgumentResolver - [09ce2af7-44] 0..N [org.springframework.web.reactive.result.method.annotation.RequestMappingMessageConversionIntegrationTests$Person]
14:08:22.724 [reactor-http-nio-8] DEBUG o.s.h.c.j.Jackson2JsonDecoder - [09ce2af7-44] Decoded [Person{name='Robert'}]
14:08:22.724 [reactor-http-nio-8] DEBUG o.s.h.c.j.Jackson2JsonDecoder - [09ce2af7-44] Decoded [Person{name='Marie'}]
14:08:22.724 [reactor-http-nio-8] DEBUG o.s.w.s.a.HttpWebHandlerAdapter - [09ce2af7-44] Completed 200 OK
14:08:22.725 [Test worker] DEBUG o.s.w.c.RestTemplate - Response 200 OK
14:08:22.725 [Test worker] DEBUG o.s.w.t.h.s.r.b.ReactorHttpServer - Stopping ReactorHttpServer...
14:08:22.725 [Test worker] DEBUG o.s.w.t.h.s.r.b.ReactorHttpServer - Server stopped (0 millis).
14:08:22.760 [Test worker] DEBUG o.s.w.r.r.m.a.RequestMappingHandlerMapping - 34 mappings in 'requestMappingHandlerMapping'
14:08:22.772 [Test worker] DEBUG o.s.w.r.r.m.a.ControllerMethodResolver - ControllerAdvice beans: none
14:08:22.782 [Test worker] DEBUG o.s.w.s.a.HttpWebHandlerAdapter - enableLoggingRequestDetails='false': form data and headers will be masked to prevent unsafe logging of potentially sensitive data
14:08:22.783 [Test worker] DEBUG o.s.w.t.h.s.r.b.TomcatHttpServer - Starting TomcatHttpServer...
14:08:22.789 [Test worker] DEBUG o.s.w.t.h.s.r.b.TomcatHttpServer - Server started on port 61558(0 millis).
14:08:22.789 [Test worker] DEBUG o.s.w.c.RestTemplate - HTTP POST http://localhost:61558/person-create/flux
14:08:22.790 [Test worker] DEBUG o.s.w.c.RestTemplate - Accept=[application/json, application/x-jackson-smile, application/*+json]
14:08:22.790 [Test worker] DEBUG o.s.w.c.RestTemplate - Writing [[Person{name='Robert'}, Person{name='Marie'}]] as "application/json"
14:08:22.793 [http-nio-auto-42-exec-1] DEBUG o.s.w.s.a.HttpWebHandlerAdapter - [3f6b83be] HTTP POST "/person-create/flux"
14:08:22.793 [http-nio-auto-42-exec-1] DEBUG o.s.w.r.r.m.a.RequestMappingHandlerMapping - [3f6b83be] Mapped to org.springframework.web.reactive.result.method.annotation.RequestMappingMessageConversionIntegrationTests$PersonCreateController#createWithFlux(Flux)
14:08:22.793 [http-nio-auto-42-exec-1] DEBUG o.s.w.r.r.m.a.RequestBodyMethodArgumentResolver - [3f6b83be] Content-Type:application/json
14:08:22.794 [http-nio-auto-42-exec-1] DEBUG o.s.w.r.r.m.a.RequestBodyMethodArgumentResolver - [3f6b83be] 0..N [org.springframework.web.reactive.result.method.annotation.RequestMappingMessageConversionIntegrationTests$Person]
14:08:22.794 [http-nio-auto-42-exec-1] DEBUG o.s.h.c.j.Jackson2JsonDecoder - [3f6b83be] Decoded [Person{name='Robert'}]
14:08:22.794 [http-nio-auto-42-exec-1] DEBUG o.s.h.c.j.Jackson2JsonDecoder - [3f6b83be] Decoded [Person{name='Marie'}]
14:08:22.794 [http-nio-auto-42-exec-1] DEBUG o.s.w.s.a.HttpWebHandlerAdapter - [3f6b83be] Completed 200 OK
14:08:22.795 [Test worker] DEBUG o.s.w.c.RestTemplate - Response 200 OK
14:08:22.795 [Test worker] DEBUG o.s.w.t.h.s.r.b.TomcatHttpServer - Stopping TomcatHttpServer...
14:08:22.806 [Test worker] DEBUG o.s.w.t.h.s.r.b.TomcatHttpServer - Server stopped (0 millis).
14:08:22.861 [Test worker] DEBUG o.s.w.r.r.m.a.RequestMappingHandlerMapping - 34 mappings in 'requestMappingHandlerMapping'
14:08:22.894 [Test worker] DEBUG o.s.w.r.r.m.a.ControllerMethodResolver - ControllerAdvice beans: none
14:08:22.954 [Test worker] DEBUG o.s.w.s.a.HttpWebHandlerAdapter - enableLoggingRequestDetails='false': form data and headers will be masked to prevent unsafe logging of potentially sensitive data
14:08:22.955 [Test worker] DEBUG o.s.w.t.h.s.r.b.UndertowHttpServer - Starting UndertowHttpServer...
14:08:22.955 [Test worker] INFO  i.undertow - starting server: Undertow - 2.1.3.Final
14:08:22.967 [Test worker] DEBUG o.s.w.t.h.s.r.b.UndertowHttpServer - Server started on port 61562(0 millis).
14:08:22.967 [Test worker] DEBUG o.s.w.c.RestTemplate - HTTP POST http://localhost:61562/person-create/flux
14:08:22.967 [Test worker] DEBUG o.s.w.c.RestTemplate - Accept=[application/json, application/x-jackson-smile, application/*+json]
14:08:22.967 [Test worker] DEBUG o.s.w.c.RestTemplate - Writing [[Person{name='Robert'}, Person{name='Marie'}]] as "application/json"
14:08:22.970 [XNIO-42 I/O-4] DEBUG o.s.w.s.a.HttpWebHandlerAdapter - [449388ee] HTTP POST "/person-create/flux"
14:08:22.971 [XNIO-42 I/O-4] DEBUG o.s.w.r.r.m.a.RequestMappingHandlerMapping - [449388ee] Mapped to org.springframework.web.reactive.result.method.annotation.RequestMappingMessageConversionIntegrationTests$PersonCreateController#createWithFlux(Flux)
14:08:22.971 [XNIO-42 I/O-4] DEBUG o.s.w.r.r.m.a.RequestBodyMethodArgumentResolver - [449388ee] Content-Type:application/json
14:08:22.972 [XNIO-42 I/O-4] DEBUG o.s.w.r.r.m.a.RequestBodyMethodArgumentResolver - [449388ee] 0..N [org.springframework.web.reactive.result.method.annotation.RequestMappingMessageConversionIntegrationTests$Person]
14:08:22.972 [XNIO-42 I/O-4] DEBUG o.s.h.c.j.Jackson2JsonDecoder - [449388ee] Decoded [Person{name='Robert'}]
14:08:22.972 [XNIO-42 I/O-4] DEBUG o.s.h.c.j.Jackson2JsonDecoder - [449388ee] Decoded [Person{name='Marie'}]
14:08:22.973 [XNIO-42 I/O-4] DEBUG o.s.w.s.a.HttpWebHandlerAdapter - [449388ee] Completed 200 OK
14:08:22.973 [Test worker] DEBUG o.s.w.c.RestTemplate - Response 200 OK
14:08:22.973 [Test worker] DEBUG o.s.w.t.h.s.r.b.UndertowHttpServer - Stopping UndertowHttpServer...
14:08:22.973 [Test worker] INFO  i.undertow - stopping server: Undertow - 2.1.3.Final
14:08:22.974 [Test worker] DEBUG o.s.w.t.h.s.r.b.UndertowHttpServer - Server stopped (0 millis).
14:08:23.041 [Test worker] DEBUG o.s.w.r.r.m.a.RequestMappingHandlerMapping - 34 mappings in 'requestMappingHandlerMapping'
14:08:23.121 [Test worker] DEBUG o.s.w.r.r.m.a.ControllerMethodResolver - ControllerAdvice beans: none
14:08:23.148 [Test worker] DEBUG o.s.w.s.a.HttpWebHandlerAdapter - enableLoggingRequestDetails='false': form data and headers will be masked to prevent unsafe logging of potentially sensitive data
14:08:23.148 [Test worker] WARN  o.e.j.s.h.ContextHandler - Empty contextPath
14:08:23.148 [Test worker] INFO  o.e.j.s.h.ContextHandler - Started o.e.j.s.ServletContextHandler@4b754a2d{/,null,AVAILABLE}
14:08:23.149 [Test worker] DEBUG o.s.w.t.h.s.r.b.JettyHttpServer - Starting JettyHttpServer...
14:08:23.149 [Test worker] INFO  o.e.j.s.Server - jetty-9.4.30.v20200611; built: 2020-06-11T12:34:51.929Z; git: 271836e4c1f4612f12b7bb13ef5a92a927634b0d; jvm 1.8.0_73-b02
14:08:23.152 [Test worker] INFO  o.e.j.s.AbstractConnector - Started ServerConnector@19fc5c21{HTTP/1.1, (http/1.1)}{0.0.0.0:61567}
14:08:23.152 [Test worker] INFO  o.e.j.s.Server - Started @102864ms
14:08:23.152 [Test worker] DEBUG o.s.w.t.h.s.r.b.JettyHttpServer - Server started on port 61567(0 millis).
14:08:23.152 [Test worker] DEBUG o.s.w.c.RestTemplate - HTTP POST http://localhost:61567/person-create/flowable
14:08:23.152 [Test worker] DEBUG o.s.w.c.RestTemplate - Accept=[application/json, application/x-jackson-smile, application/*+json]
14:08:23.153 [Test worker] DEBUG o.s.w.c.RestTemplate - Writing [org.springframework.web.reactive.result.method.annotation.RequestMappingMessageConversionIntegrationTests$People@274b3c9f] as "application/xml"
14:08:23.159 [qtp2034826230-1427] DEBUG o.s.w.s.a.HttpWebHandlerAdapter - [c5a8298] HTTP POST "/person-create/flowable"
14:08:23.160 [qtp2034826230-1427] DEBUG o.s.w.r.r.m.a.RequestMappingHandlerMapping - [c5a8298] Mapped to org.springframework.web.reactive.result.method.annotation.RequestMappingMessageConversionIntegrationTests$PersonCreateController#createWithFlowable(Flowable)
14:08:23.160 [qtp2034826230-1427] DEBUG o.s.w.r.r.m.a.RequestBodyMethodArgumentResolver - [c5a8298] Content-Type:application/xml
14:08:23.161 [qtp2034826230-1427] DEBUG o.s.w.r.r.m.a.RequestBodyMethodArgumentResolver - [c5a8298] 0..N [org.springframework.web.reactive.result.method.annotation.RequestMappingMessageConversionIntegrationTests$Person]
14:08:23.166 [qtp2034826230-1427] DEBUG o.s.h.c.x.Jaxb2XmlDecoder - [c5a8298] Decoded [Person{name='Robert'}]
14:08:23.167 [qtp2034826230-1427] DEBUG o.s.h.c.x.Jaxb2XmlDecoder - [c5a8298] Decoded [Person{name='Marie'}]
14:08:23.167 [qtp2034826230-1427] DEBUG o.s.w.s.a.HttpWebHandlerAdapter - [c5a8298] Completed 200 OK
14:08:23.168 [Test worker] DEBUG o.s.w.c.RestTemplate - Response 200 OK
14:08:23.168 [Test worker] DEBUG o.s.w.t.h.s.r.b.JettyHttpServer - Stopping JettyHttpServer...
14:08:23.168 [Test worker] INFO  o.e.j.s.h.ContextHandler - Stopped o.e.j.s.ServletContextHandler@4b754a2d{/,null,UNAVAILABLE}
14:08:23.169 [Test worker] INFO  o.e.j.s.AbstractConnector - Stopped ServerConnector@19fc5c21{HTTP/1.1, (http/1.1)}{0.0.0.0:0}
14:08:23.179 [Test worker] DEBUG o.s.w.t.h.s.r.b.JettyHttpServer - Server stopped (0 millis).
14:08:23.247 [Test worker] DEBUG o.s.w.r.r.m.a.RequestMappingHandlerMapping - 34 mappings in 'requestMappingHandlerMapping'
14:08:23.290 [Test worker] DEBUG o.s.w.r.r.m.a.ControllerMethodResolver - ControllerAdvice beans: none
14:08:23.316 [Test worker] DEBUG o.s.w.s.a.HttpWebHandlerAdapter - enableLoggingRequestDetails='false': form data and headers will be masked to prevent unsafe logging of potentially sensitive data
14:08:23.317 [Test worker] DEBUG o.s.w.t.h.s.r.b.ReactorHttpServer - Starting ReactorHttpServer...
14:08:23.320 [Test worker] DEBUG o.s.w.t.h.s.r.b.ReactorHttpServer - Server started on port 61569(0 millis).
14:08:23.321 [Test worker] DEBUG o.s.w.c.RestTemplate - HTTP POST http://localhost:61569/person-create/flowable
14:08:23.321 [Test worker] DEBUG o.s.w.c.RestTemplate - Accept=[application/json, application/x-jackson-smile, application/*+json]
14:08:23.322 [Test worker] DEBUG o.s.w.c.RestTemplate - Writing [org.springframework.web.reactive.result.method.annotation.RequestMappingMessageConversionIntegrationTests$People@1ce1810a] as "application/xml"
14:08:23.338 [reactor-http-nio-2] DEBUG o.s.w.s.a.HttpWebHandlerAdapter - [5f5921cf-45] HTTP POST "/person-create/flowable"
14:08:23.339 [reactor-http-nio-2] DEBUG o.s.w.r.r.m.a.RequestMappingHandlerMapping - [5f5921cf-45] Mapped to org.springframework.web.reactive.result.method.annotation.RequestMappingMessageConversionIntegrationTests$PersonCreateController#createWithFlowable(Flowable)
14:08:23.341 [reactor-http-nio-2] DEBUG o.s.w.r.r.m.a.RequestBodyMethodArgumentResolver - [5f5921cf-45] Content-Type:application/xml
14:08:23.343 [reactor-http-nio-2] DEBUG o.s.w.r.r.m.a.RequestBodyMethodArgumentResolver - [5f5921cf-45] 0..N [org.springframework.web.reactive.result.method.annotation.RequestMappingMessageConversionIntegrationTests$Person]
14:08:23.349 [reactor-http-nio-2] DEBUG o.s.h.c.x.Jaxb2XmlDecoder - [5f5921cf-45] Decoded [Person{name='Robert'}]
14:08:23.349 [reactor-http-nio-2] DEBUG o.s.h.c.x.Jaxb2XmlDecoder - [5f5921cf-45] Decoded [Person{name='Marie'}]
14:08:23.350 [reactor-http-nio-2] DEBUG o.s.w.s.a.HttpWebHandlerAdapter - [5f5921cf-45] Completed 200 OK
14:08:23.350 [Test worker] DEBUG o.s.w.c.RestTemplate - Response 200 OK
14:08:23.351 [Test worker] DEBUG o.s.w.t.h.s.r.b.ReactorHttpServer - Stopping ReactorHttpServer...
14:08:23.352 [Test worker] DEBUG o.s.w.t.h.s.r.b.ReactorHttpServer - Server stopped (0 millis).
14:08:23.418 [Test worker] DEBUG o.s.w.r.r.m.a.RequestMappingHandlerMapping - 34 mappings in 'requestMappingHandlerMapping'
14:08:23.477 [Test worker] DEBUG o.s.w.r.r.m.a.ControllerMethodResolver - ControllerAdvice beans: none
14:08:23.505 [Test worker] DEBUG o.s.w.s.a.HttpWebHandlerAdapter - enableLoggingRequestDetails='false': form data and headers will be masked to prevent unsafe logging of potentially sensitive data
14:08:23.505 [Test worker] DEBUG o.s.w.t.h.s.r.b.TomcatHttpServer - Starting TomcatHttpServer...
14:08:23.522 [Test worker] DEBUG o.s.w.t.h.s.r.b.TomcatHttpServer - Server started on port 61576(0 millis).
14:08:23.522 [Test worker] DEBUG o.s.w.c.RestTemplate - HTTP POST http://localhost:61576/person-create/flowable
14:08:23.523 [Test worker] DEBUG o.s.w.c.RestTemplate - Accept=[application/json, application/x-jackson-smile, application/*+json]
14:08:23.523 [Test worker] DEBUG o.s.w.c.RestTemplate - Writing [org.springframework.web.reactive.result.method.annotation.RequestMappingMessageConversionIntegrationTests$People@289a8fef] as "application/xml"
14:08:23.541 [http-nio-auto-43-exec-1] DEBUG o.s.w.s.a.HttpWebHandlerAdapter - [73f79b74] HTTP POST "/person-create/flowable"
14:08:23.542 [http-nio-auto-43-exec-1] DEBUG o.s.w.r.r.m.a.RequestMappingHandlerMapping - [73f79b74] Mapped to org.springframework.web.reactive.result.method.annotation.RequestMappingMessageConversionIntegrationTests$PersonCreateController#createWithFlowable(Flowable)
14:08:23.543 [http-nio-auto-43-exec-1] DEBUG o.s.w.r.r.m.a.RequestBodyMethodArgumentResolver - [73f79b74] Content-Type:application/xml
14:08:23.544 [http-nio-auto-43-exec-1] DEBUG o.s.w.r.r.m.a.RequestBodyMethodArgumentResolver - [73f79b74] 0..N [org.springframework.web.reactive.result.method.annotation.RequestMappingMessageConversionIntegrationTests$Person]
14:08:23.548 [http-nio-auto-43-exec-1] DEBUG o.s.h.c.x.Jaxb2XmlDecoder - [73f79b74] Decoded [Person{name='Robert'}]
14:08:23.548 [http-nio-auto-43-exec-1] DEBUG o.s.h.c.x.Jaxb2XmlDecoder - [73f79b74] Decoded [Person{name='Marie'}]
14:08:23.548 [http-nio-auto-43-exec-1] DEBUG o.s.w.s.a.HttpWebHandlerAdapter - [73f79b74] Completed 200 OK
14:08:23.549 [Test worker] DEBUG o.s.w.c.RestTemplate - Response 200 OK
14:08:23.549 [Test worker] DEBUG o.s.w.t.h.s.r.b.TomcatHttpServer - Stopping TomcatHttpServer...
14:08:23.558 [Test worker] DEBUG o.s.w.t.h.s.r.b.TomcatHttpServer - Server stopped (0 millis).
14:08:23.616 [Test worker] DEBUG o.s.w.r.r.m.a.RequestMappingHandlerMapping - 34 mappings in 'requestMappingHandlerMapping'
14:08:23.652 [Test worker] DEBUG o.s.w.r.r.m.a.ControllerMethodResolver - ControllerAdvice beans: none
14:08:23.672 [Test worker] DEBUG o.s.w.s.a.HttpWebHandlerAdapter - enableLoggingRequestDetails='false': form data and headers will be masked to prevent unsafe logging of potentially sensitive data
14:08:23.673 [Test worker] DEBUG o.s.w.t.h.s.r.b.UndertowHttpServer - Starting UndertowHttpServer...
14:08:23.673 [Test worker] INFO  i.undertow - starting server: Undertow - 2.1.3.Final
14:08:23.693 [Test worker] DEBUG o.s.w.t.h.s.r.b.UndertowHttpServer - Server started on port 61579(0 millis).
14:08:23.693 [Test worker] DEBUG o.s.w.c.RestTemplate - HTTP POST http://localhost:61579/person-create/flowable
14:08:23.694 [Test worker] DEBUG o.s.w.c.RestTemplate - Accept=[application/json, application/x-jackson-smile, application/*+json]
14:08:23.695 [Test worker] DEBUG o.s.w.c.RestTemplate - Writing [org.springframework.web.reactive.result.method.annotation.RequestMappingMessageConversionIntegrationTests$People@2f8bb749] as "application/xml"
14:08:23.702 [XNIO-43 I/O-8] DEBUG o.s.w.s.a.HttpWebHandlerAdapter - [3c252f55] HTTP POST "/person-create/flowable"
14:08:23.703 [XNIO-43 I/O-8] DEBUG o.s.w.r.r.m.a.RequestMappingHandlerMapping - [3c252f55] Mapped to org.springframework.web.reactive.result.method.annotation.RequestMappingMessageConversionIntegrationTests$PersonCreateController#createWithFlowable(Flowable)
14:08:23.703 [XNIO-43 I/O-8] DEBUG o.s.w.r.r.m.a.RequestBodyMethodArgumentResolver - [3c252f55] Content-Type:application/xml
14:08:23.704 [XNIO-43 I/O-8] DEBUG o.s.w.r.r.m.a.RequestBodyMethodArgumentResolver - [3c252f55] 0..N [org.springframework.web.reactive.result.method.annotation.RequestMappingMessageConversionIntegrationTests$Person]
14:08:23.708 [XNIO-43 I/O-8] DEBUG o.s.h.c.x.Jaxb2XmlDecoder - [3c252f55] Decoded [Person{name='Robert'}]
14:08:23.708 [XNIO-43 I/O-8] DEBUG o.s.h.c.x.Jaxb2XmlDecoder - [3c252f55] Decoded [Person{name='Marie'}]
14:08:23.708 [XNIO-43 I/O-8] DEBUG o.s.w.s.a.HttpWebHandlerAdapter - [3c252f55] Completed 200 OK
14:08:23.708 [Test worker] DEBUG o.s.w.c.RestTemplate - Response 200 OK
14:08:23.709 [Test worker] DEBUG o.s.w.t.h.s.r.b.UndertowHttpServer - Stopping UndertowHttpServer...
14:08:23.710 [Test worker] INFO  i.undertow - stopping server: Undertow - 2.1.3.Final
14:08:23.714 [Test worker] DEBUG o.s.w.t.h.s.r.b.UndertowHttpServer - Server stopped (0 millis).
14:08:23.785 [Test worker] DEBUG o.s.w.r.r.m.a.RequestMappingHandlerMapping - 34 mappings in 'requestMappingHandlerMapping'
14:08:23.900 [Test worker] DEBUG o.s.w.r.r.m.a.ControllerMethodResolver - ControllerAdvice beans: none
14:08:23.956 [Test worker] DEBUG o.s.w.s.a.HttpWebHandlerAdapter - enableLoggingRequestDetails='false': form data and headers will be masked to prevent unsafe logging of potentially sensitive data
14:08:23.956 [Test worker] WARN  o.e.j.s.h.ContextHandler - Empty contextPath
14:08:23.957 [Test worker] INFO  o.e.j.s.h.ContextHandler - Started o.e.j.s.ServletContextHandler@23c2d12e{/,null,AVAILABLE}
14:08:23.957 [Test worker] DEBUG o.s.w.t.h.s.r.b.JettyHttpServer - Starting JettyHttpServer...
14:08:23.957 [Test worker] INFO  o.e.j.s.Server - jetty-9.4.30.v20200611; built: 2020-06-11T12:34:51.929Z; git: 271836e4c1f4612f12b7bb13ef5a92a927634b0d; jvm 1.8.0_73-b02
14:08:23.960 [Test worker] INFO  o.e.j.s.AbstractConnector - Started ServerConnector@4e65ef98{HTTP/1.1, (http/1.1)}{0.0.0.0:61583}
14:08:23.960 [Test worker] INFO  o.e.j.s.Server - Started @103672ms
14:08:23.960 [Test worker] DEBUG o.s.w.t.h.s.r.b.JettyHttpServer - Server started on port 61583(0 millis).
14:08:23.960 [Test worker] DEBUG o.s.w.c.RestTemplate - HTTP GET http://localhost:61583/resource
14:08:23.967 [Test worker] DEBUG o.s.w.c.RestTemplate - Accept=[application/octet-stream, application/json, application/x-jackson-smile, application/*+json, */*]
14:08:23.969 [qtp1930966926-1460] DEBUG o.s.w.s.a.HttpWebHandlerAdapter - [6ae33f8f] HTTP GET "/resource"
14:08:23.969 [qtp1930966926-1460] DEBUG o.s.w.r.r.m.a.RequestMappingHandlerMapping - [6ae33f8f] Mapped to org.springframework.web.reactive.result.method.annotation.RequestMappingMessageConversionIntegrationTests$ResourceController#resource()
14:08:23.975 [qtp1930966926-1460] DEBUG o.s.w.r.r.m.a.ResponseBodyResultHandler - Using 'application/octet-stream' given [application/octet-stream, application/json, application/x-jackson-smile, application/*+json, */*] and supported [application/octet-stream, */*, application/json, application/*+json, application/x-jackson-smile, application/*+x-jackson-smile, text/event-stream]
14:08:23.975 [qtp1930966926-1460] DEBUG o.s.w.r.r.m.a.ResponseBodyResultHandler - [6ae33f8f] 0..1 [org.springframework.core.io.Resource]
14:08:23.975 [qtp1930966926-1460] DEBUG o.s.h.c.ResourceHttpMessageWriter - [6ae33f8f] Resource associated with 'image/png'
14:08:23.976 [qtp1930966926-1460] DEBUG o.s.c.c.ResourceEncoder - [6ae33f8f] Writing [class path resource [org/springframework/web/reactive/spring.png]]
14:08:23.978 [Thread-102] DEBUG o.s.w.s.a.HttpWebHandlerAdapter - [6ae33f8f] Completed 200 OK
14:08:23.978 [Test worker] DEBUG o.s.w.c.RestTemplate - Response 200 OK
14:08:23.978 [Test worker] DEBUG o.s.w.c.RestTemplate - Reading to [[B] as "image/png"
14:08:23.979 [Test worker] DEBUG o.s.w.t.h.s.r.b.JettyHttpServer - Stopping JettyHttpServer...
14:08:23.982 [Test worker] INFO  o.e.j.s.h.ContextHandler - Stopped o.e.j.s.ServletContextHandler@23c2d12e{/,null,UNAVAILABLE}
14:08:23.985 [Test worker] INFO  o.e.j.s.AbstractConnector - Stopped ServerConnector@4e65ef98{HTTP/1.1, (http/1.1)}{0.0.0.0:0}
14:08:23.998 [Test worker] DEBUG o.s.w.t.h.s.r.b.JettyHttpServer - Server stopped (0 millis).
14:08:24.125 [Test worker] DEBUG o.s.w.r.r.m.a.RequestMappingHandlerMapping - 34 mappings in 'requestMappingHandlerMapping'
14:08:24.269 [Test worker] DEBUG o.s.w.r.r.m.a.ControllerMethodResolver - ControllerAdvice beans: none
14:08:24.301 [Test worker] DEBUG o.s.w.s.a.HttpWebHandlerAdapter - enableLoggingRequestDetails='false': form data and headers will be masked to prevent unsafe logging of potentially sensitive data
14:08:24.301 [Test worker] DEBUG o.s.w.t.h.s.r.b.ReactorHttpServer - Starting ReactorHttpServer...
14:08:24.302 [Test worker] DEBUG o.s.w.t.h.s.r.b.ReactorHttpServer - Server started on port 61593(0 millis).
14:08:24.302 [Test worker] DEBUG o.s.w.c.RestTemplate - HTTP GET http://localhost:61593/resource
14:08:24.303 [Test worker] DEBUG o.s.w.c.RestTemplate - Accept=[application/octet-stream, application/json, application/x-jackson-smile, application/*+json, */*]
14:08:24.305 [reactor-http-nio-4] DEBUG o.s.w.s.a.HttpWebHandlerAdapter - [526ae25b-46] HTTP GET "/resource"
14:08:24.305 [reactor-http-nio-4] DEBUG o.s.w.r.r.m.a.RequestMappingHandlerMapping - [526ae25b-46] Mapped to org.springframework.web.reactive.result.method.annotation.RequestMappingMessageConversionIntegrationTests$ResourceController#resource()
14:08:24.312 [reactor-http-nio-4] DEBUG o.s.w.r.r.m.a.ResponseBodyResultHandler - Using 'application/octet-stream' given [application/octet-stream, application/json, application/x-jackson-smile, application/*+json, */*] and supported [application/octet-stream, */*, application/json, application/*+json, application/x-jackson-smile, application/*+x-jackson-smile, text/event-stream]
14:08:24.312 [reactor-http-nio-4] DEBUG o.s.w.r.r.m.a.ResponseBodyResultHandler - [526ae25b-46] 0..1 [org.springframework.core.io.Resource]
14:08:24.312 [reactor-http-nio-4] DEBUG o.s.h.c.ResourceHttpMessageWriter - [526ae25b-46] Resource associated with 'image/png'
14:08:24.312 [reactor-http-nio-4] DEBUG o.s.h.c.ResourceHttpMessageWriter - [526ae25b-46] Zero-copy [class path resource [org/springframework/web/reactive/spring.png]]
14:08:24.337 [reactor-http-nio-4] DEBUG o.s.w.s.a.HttpWebHandlerAdapter - [526ae25b-46] Completed 200 OK
14:08:24.343 [Test worker] DEBUG o.s.w.c.RestTemplate - Response 200 OK
14:08:24.344 [Test worker] DEBUG o.s.w.c.RestTemplate - Reading to [[B] as "image/png"
14:08:24.344 [Test worker] DEBUG o.s.w.t.h.s.r.b.ReactorHttpServer - Stopping ReactorHttpServer...
14:08:24.344 [Test worker] DEBUG o.s.w.t.h.s.r.b.ReactorHttpServer - Server stopped (0 millis).
14:08:24.552 [Test worker] DEBUG o.s.w.r.r.m.a.RequestMappingHandlerMapping - 34 mappings in 'requestMappingHandlerMapping'
14:08:24.600 [Test worker] DEBUG o.s.w.r.r.m.a.ControllerMethodResolver - ControllerAdvice beans: none
14:08:24.662 [Test worker] DEBUG o.s.w.s.a.HttpWebHandlerAdapter - enableLoggingRequestDetails='false': form data and headers will be masked to prevent unsafe logging of potentially sensitive data
14:08:24.663 [Test worker] DEBUG o.s.w.t.h.s.r.b.TomcatHttpServer - Starting TomcatHttpServer...
14:08:24.672 [Test worker] DEBUG o.s.w.t.h.s.r.b.TomcatHttpServer - Server started on port 61599(0 millis).
14:08:24.673 [Test worker] DEBUG o.s.w.c.RestTemplate - HTTP GET http://localhost:61599/resource
14:08:24.673 [Test worker] DEBUG o.s.w.c.RestTemplate - Accept=[application/octet-stream, application/json, application/x-jackson-smile, application/*+json, */*]
14:08:24.677 [http-nio-auto-44-exec-1] DEBUG o.s.w.s.a.HttpWebHandlerAdapter - [f289019] HTTP GET "/resource"
14:08:24.677 [http-nio-auto-44-exec-1] DEBUG o.s.w.r.r.m.a.RequestMappingHandlerMapping - [f289019] Mapped to org.springframework.web.reactive.result.method.annotation.RequestMappingMessageConversionIntegrationTests$ResourceController#resource()
14:08:24.688 [http-nio-auto-44-exec-1] DEBUG o.s.w.r.r.m.a.ResponseBodyResultHandler - Using 'application/octet-stream' given [application/octet-stream, application/json, application/x-jackson-smile, application/*+json, */*] and supported [application/octet-stream, */*, application/json, application/*+json, application/x-jackson-smile, application/*+x-jackson-smile, text/event-stream]
14:08:24.688 [http-nio-auto-44-exec-1] DEBUG o.s.w.r.r.m.a.ResponseBodyResultHandler - [f289019] 0..1 [org.springframework.core.io.Resource]
14:08:24.689 [http-nio-auto-44-exec-1] DEBUG o.s.h.c.ResourceHttpMessageWriter - [f289019] Resource associated with 'image/png'
14:08:24.690 [http-nio-auto-44-exec-1] DEBUG o.s.c.c.ResourceEncoder - [f289019] Writing [class path resource [org/springframework/web/reactive/spring.png]]
14:08:24.691 [Thread-131] DEBUG o.s.w.s.a.HttpWebHandlerAdapter - [f289019] Completed 200 OK
14:08:24.693 [Test worker] DEBUG o.s.w.c.RestTemplate - Response 200 OK
14:08:24.693 [Test worker] DEBUG o.s.w.c.RestTemplate - Reading to [[B] as "image/png"
14:08:24.694 [Test worker] DEBUG o.s.w.t.h.s.r.b.TomcatHttpServer - Stopping TomcatHttpServer...
14:08:24.716 [Test worker] DEBUG o.s.w.t.h.s.r.b.TomcatHttpServer - Server stopped (0 millis).
14:08:24.944 [Test worker] DEBUG o.s.w.r.r.m.a.RequestMappingHandlerMapping - 34 mappings in 'requestMappingHandlerMapping'
14:08:24.981 [Test worker] DEBUG o.s.w.r.r.m.a.ControllerMethodResolver - ControllerAdvice beans: none
14:08:25.029 [Test worker] DEBUG o.s.w.s.a.HttpWebHandlerAdapter - enableLoggingRequestDetails='false': form data and headers will be masked to prevent unsafe logging of potentially sensitive data
14:08:25.029 [Test worker] DEBUG o.s.w.t.h.s.r.b.UndertowHttpServer - Starting UndertowHttpServer...
14:08:25.029 [Test worker] INFO  i.undertow - starting server: Undertow - 2.1.3.Final
14:08:25.036 [Test worker] DEBUG o.s.w.t.h.s.r.b.UndertowHttpServer - Server started on port 61604(0 millis).
14:08:25.036 [Test worker] DEBUG o.s.w.c.RestTemplate - HTTP GET http://localhost:61604/resource
14:08:25.037 [Test worker] DEBUG o.s.w.c.RestTemplate - Accept=[application/octet-stream, application/json, application/x-jackson-smile, application/*+json, */*]
14:08:25.041 [XNIO-44 I/O-2] DEBUG o.s.w.s.a.HttpWebHandlerAdapter - [ae361c2] HTTP GET "/resource"
14:08:25.041 [XNIO-44 I/O-2] DEBUG o.s.w.r.r.m.a.RequestMappingHandlerMapping - [ae361c2] Mapped to org.springframework.web.reactive.result.method.annotation.RequestMappingMessageConversionIntegrationTests$ResourceController#resource()
14:08:25.046 [XNIO-44 I/O-2] DEBUG o.s.w.r.r.m.a.ResponseBodyResultHandler - Using 'application/octet-stream' given [application/octet-stream, application/json, application/x-jackson-smile, application/*+json, */*] and supported [application/octet-stream, */*, application/json, application/*+json, application/x-jackson-smile, application/*+x-jackson-smile, text/event-stream]
14:08:25.046 [XNIO-44 I/O-2] DEBUG o.s.w.r.r.m.a.ResponseBodyResultHandler - [ae361c2] 0..1 [org.springframework.core.io.Resource]
14:08:25.046 [XNIO-44 I/O-2] DEBUG o.s.h.c.ResourceHttpMessageWriter - [ae361c2] Resource associated with 'image/png'
14:08:25.047 [XNIO-44 I/O-2] DEBUG o.s.h.c.ResourceHttpMessageWriter - [ae361c2] Zero-copy [class path resource [org/springframework/web/reactive/spring.png]]
14:08:25.050 [XNIO-44 I/O-2] DEBUG o.s.w.s.a.HttpWebHandlerAdapter - [ae361c2] Completed 200 OK
14:08:25.050 [Test worker] DEBUG o.s.w.c.RestTemplate - Response 200 OK
14:08:25.050 [Test worker] DEBUG o.s.w.c.RestTemplate - Reading to [[B] as "image/png"
14:08:25.050 [Test worker] DEBUG o.s.w.t.h.s.r.b.UndertowHttpServer - Stopping UndertowHttpServer...
14:08:25.050 [Test worker] INFO  i.undertow - stopping server: Undertow - 2.1.3.Final
14:08:25.052 [Test worker] DEBUG o.s.w.t.h.s.r.b.UndertowHttpServer - Server stopped (0 millis).
14:08:25.157 [Test worker] DEBUG o.s.w.r.r.m.a.RequestMappingHandlerMapping - 34 mappings in 'requestMappingHandlerMapping'
14:08:25.183 [Test worker] DEBUG o.s.w.r.r.m.a.ControllerMethodResolver - ControllerAdvice beans: none
14:08:25.222 [Test worker] DEBUG o.s.w.s.a.HttpWebHandlerAdapter - enableLoggingRequestDetails='false': form data and headers will be masked to prevent unsafe logging of potentially sensitive data
14:08:25.224 [Test worker] WARN  o.e.j.s.h.ContextHandler - Empty contextPath
14:08:25.224 [Test worker] INFO  o.e.j.s.h.ContextHandler - Started o.e.j.s.ServletContextHandler@396fa8b8{/,null,AVAILABLE}
14:08:25.225 [Test worker] DEBUG o.s.w.t.h.s.r.b.JettyHttpServer - Starting JettyHttpServer...
14:08:25.225 [Test worker] INFO  o.e.j.s.Server - jetty-9.4.30.v20200611; built: 2020-06-11T12:34:51.929Z; git: 271836e4c1f4612f12b7bb13ef5a92a927634b0d; jvm 1.8.0_73-b02
14:08:25.231 [Test worker] INFO  o.e.j.s.AbstractConnector - Started ServerConnector@43a907b8{HTTP/1.1, (http/1.1)}{0.0.0.0:61608}
14:08:25.231 [Test worker] INFO  o.e.j.s.Server - Started @104944ms
14:08:25.231 [Test worker] DEBUG o.s.w.t.h.s.r.b.JettyHttpServer - Server started on port 61608(0 millis).
14:08:25.232 [Test worker] DEBUG o.s.w.c.RestTemplate - HTTP POST http://localhost:61608/person-create/flux
14:08:25.233 [Test worker] DEBUG o.s.w.c.RestTemplate - Accept=[application/json, application/x-jackson-smile, application/*+json]
14:08:25.233 [Test worker] DEBUG o.s.w.c.RestTemplate - Writing [org.springframework.web.reactive.result.method.annotation.RequestMappingMessageConversionIntegrationTests$People@4ca47cad] as "application/xml"
14:08:25.244 [qtp696545645-1493] DEBUG o.s.w.s.a.HttpWebHandlerAdapter - [335e85c5] HTTP POST "/person-create/flux"
14:08:25.244 [qtp696545645-1493] DEBUG o.s.w.r.r.m.a.RequestMappingHandlerMapping - [335e85c5] Mapped to org.springframework.web.reactive.result.method.annotation.RequestMappingMessageConversionIntegrationTests$PersonCreateController#createWithFlux(Flux)
14:08:25.245 [qtp696545645-1493] DEBUG o.s.w.r.r.m.a.RequestBodyMethodArgumentResolver - [335e85c5] Content-Type:application/xml
14:08:25.248 [qtp696545645-1493] DEBUG o.s.w.r.r.m.a.RequestBodyMethodArgumentResolver - [335e85c5] 0..N [org.springframework.web.reactive.result.method.annotation.RequestMappingMessageConversionIntegrationTests$Person]
14:08:25.252 [qtp696545645-1493] DEBUG o.s.h.c.x.Jaxb2XmlDecoder - [335e85c5] Decoded [Person{name='Robert'}]
14:08:25.252 [qtp696545645-1493] DEBUG o.s.h.c.x.Jaxb2XmlDecoder - [335e85c5] Decoded [Person{name='Marie'}]
14:08:25.252 [qtp696545645-1493] DEBUG o.s.w.s.a.HttpWebHandlerAdapter - [335e85c5] Completed 200 OK
14:08:25.254 [Test worker] DEBUG o.s.w.c.RestTemplate - Response 200 OK
14:08:25.254 [Test worker] DEBUG o.s.w.t.h.s.r.b.JettyHttpServer - Stopping JettyHttpServer...
14:08:25.255 [Test worker] INFO  o.e.j.s.h.ContextHandler - Stopped o.e.j.s.ServletContextHandler@396fa8b8{/,null,UNAVAILABLE}
14:08:25.256 [Test worker] INFO  o.e.j.s.AbstractConnector - Stopped ServerConnector@43a907b8{HTTP/1.1, (http/1.1)}{0.0.0.0:0}
14:08:25.267 [Test worker] DEBUG o.s.w.t.h.s.r.b.JettyHttpServer - Server stopped (0 millis).
14:08:25.356 [Test worker] DEBUG o.s.w.r.r.m.a.RequestMappingHandlerMapping - 34 mappings in 'requestMappingHandlerMapping'
14:08:25.445 [Test worker] DEBUG o.s.w.r.r.m.a.ControllerMethodResolver - ControllerAdvice beans: none
14:08:25.470 [Test worker] DEBUG o.s.w.s.a.HttpWebHandlerAdapter - enableLoggingRequestDetails='false': form data and headers will be masked to prevent unsafe logging of potentially sensitive data
14:08:25.470 [Test worker] DEBUG o.s.w.t.h.s.r.b.ReactorHttpServer - Starting ReactorHttpServer...
14:08:25.471 [Test worker] DEBUG o.s.w.t.h.s.r.b.ReactorHttpServer - Server started on port 61610(0 millis).
14:08:25.471 [Test worker] DEBUG o.s.w.c.RestTemplate - HTTP POST http://localhost:61610/person-create/flux
14:08:25.471 [Test worker] DEBUG o.s.w.c.RestTemplate - Accept=[application/json, application/x-jackson-smile, application/*+json]
14:08:25.471 [Test worker] DEBUG o.s.w.c.RestTemplate - Writing [org.springframework.web.reactive.result.method.annotation.RequestMappingMessageConversionIntegrationTests$People@534f77a0] as "application/xml"
14:08:30.489 [reactor-http-nio-6] DEBUG o.s.w.s.a.HttpWebHandlerAdapter - [33d6aeba-47] HTTP POST "/person-create/flux"
14:08:30.489 [reactor-http-nio-6] DEBUG o.s.w.r.r.m.a.RequestMappingHandlerMapping - [33d6aeba-47] Mapped to org.springframework.web.reactive.result.method.annotation.RequestMappingMessageConversionIntegrationTests$PersonCreateController#createWithFlux(Flux)
14:08:30.491 [reactor-http-nio-6] DEBUG o.s.w.r.r.m.a.RequestBodyMethodArgumentResolver - [33d6aeba-47] Content-Type:application/xml
14:08:30.494 [reactor-http-nio-6] DEBUG o.s.w.r.r.m.a.RequestBodyMethodArgumentResolver - [33d6aeba-47] 0..N [org.springframework.web.reactive.result.method.annotation.RequestMappingMessageConversionIntegrationTests$Person]
14:08:30.497 [reactor-http-nio-6] DEBUG o.s.h.c.x.Jaxb2XmlDecoder - [33d6aeba-47] Decoded [Person{name='Robert'}]
14:08:30.498 [reactor-http-nio-6] DEBUG o.s.h.c.x.Jaxb2XmlDecoder - [33d6aeba-47] Decoded [Person{name='Marie'}]
14:08:30.498 [reactor-http-nio-6] DEBUG o.s.w.s.a.HttpWebHandlerAdapter - [33d6aeba-47] Completed 200 OK
14:08:30.499 [Test worker] DEBUG o.s.w.c.RestTemplate - Response 200 OK
14:08:30.499 [Test worker] DEBUG o.s.w.t.h.s.r.b.ReactorHttpServer - Stopping ReactorHttpServer...
14:08:30.499 [Test worker] DEBUG o.s.w.t.h.s.r.b.ReactorHttpServer - Server stopped (0 millis).
14:08:30.569 [Test worker] DEBUG o.s.w.r.r.m.a.RequestMappingHandlerMapping - 34 mappings in 'requestMappingHandlerMapping'
14:08:30.596 [Test worker] DEBUG o.s.w.r.r.m.a.ControllerMethodResolver - ControllerAdvice beans: none
14:08:30.621 [Test worker] DEBUG o.s.w.s.a.HttpWebHandlerAdapter - enableLoggingRequestDetails='false': form data and headers will be masked to prevent unsafe logging of potentially sensitive data
14:08:30.622 [Test worker] DEBUG o.s.w.t.h.s.r.b.TomcatHttpServer - Starting TomcatHttpServer...
14:08:30.634 [Test worker] DEBUG o.s.w.t.h.s.r.b.TomcatHttpServer - Server started on port 61639(0 millis).
14:08:30.634 [Test worker] DEBUG o.s.w.c.RestTemplate - HTTP POST http://localhost:61639/person-create/flux
14:08:30.634 [Test worker] DEBUG o.s.w.c.RestTemplate - Accept=[application/json, application/x-jackson-smile, application/*+json]
14:08:30.635 [Test worker] DEBUG o.s.w.c.RestTemplate - Writing [org.springframework.web.reactive.result.method.annotation.RequestMappingMessageConversionIntegrationTests$People@429f0af8] as "application/xml"
14:08:30.645 [http-nio-auto-45-exec-1] DEBUG o.s.w.s.a.HttpWebHandlerAdapter - [22d485a0] HTTP POST "/person-create/flux"
14:08:30.645 [http-nio-auto-45-exec-1] DEBUG o.s.w.r.r.m.a.RequestMappingHandlerMapping - [22d485a0] Mapped to org.springframework.web.reactive.result.method.annotation.RequestMappingMessageConversionIntegrationTests$PersonCreateController#createWithFlux(Flux)
14:08:30.646 [http-nio-auto-45-exec-1] DEBUG o.s.w.r.r.m.a.RequestBodyMethodArgumentResolver - [22d485a0] Content-Type:application/xml
14:08:30.647 [http-nio-auto-45-exec-1] DEBUG o.s.w.r.r.m.a.RequestBodyMethodArgumentResolver - [22d485a0] 0..N [org.springframework.web.reactive.result.method.annotation.RequestMappingMessageConversionIntegrationTests$Person]
14:08:30.650 [http-nio-auto-45-exec-1] DEBUG o.s.h.c.x.Jaxb2XmlDecoder - [22d485a0] Decoded [Person{name='Robert'}]
14:08:30.650 [http-nio-auto-45-exec-1] DEBUG o.s.h.c.x.Jaxb2XmlDecoder - [22d485a0] Decoded [Person{name='Marie'}]
14:08:30.651 [http-nio-auto-45-exec-1] DEBUG o.s.w.s.a.HttpWebHandlerAdapter - [22d485a0] Completed 200 OK
14:08:30.651 [Test worker] DEBUG o.s.w.c.RestTemplate - Response 200 OK
14:08:30.652 [Test worker] DEBUG o.s.w.t.h.s.r.b.TomcatHttpServer - Stopping TomcatHttpServer...
14:08:30.668 [Test worker] DEBUG o.s.w.t.h.s.r.b.TomcatHttpServer - Server stopped (0 millis).
14:08:30.739 [Test worker] DEBUG o.s.w.r.r.m.a.RequestMappingHandlerMapping - 34 mappings in 'requestMappingHandlerMapping'
14:08:30.764 [Test worker] DEBUG o.s.w.r.r.m.a.ControllerMethodResolver - ControllerAdvice beans: none
14:08:30.781 [Test worker] DEBUG o.s.w.s.a.HttpWebHandlerAdapter - enableLoggingRequestDetails='false': form data and headers will be masked to prevent unsafe logging of potentially sensitive data
14:08:30.782 [Test worker] DEBUG o.s.w.t.h.s.r.b.UndertowHttpServer - Starting UndertowHttpServer...
14:08:30.782 [Test worker] INFO  i.undertow - starting server: Undertow - 2.1.3.Final
14:08:30.787 [Test worker] DEBUG o.s.w.t.h.s.r.b.UndertowHttpServer - Server started on port 61642(0 millis).
14:08:30.787 [Test worker] DEBUG o.s.w.c.RestTemplate - HTTP POST http://localhost:61642/person-create/flux
14:08:30.787 [Test worker] DEBUG o.s.w.c.RestTemplate - Accept=[application/json, application/x-jackson-smile, application/*+json]
14:08:30.787 [Test worker] DEBUG o.s.w.c.RestTemplate - Writing [org.springframework.web.reactive.result.method.annotation.RequestMappingMessageConversionIntegrationTests$People@71a97cc] as "application/xml"
14:08:30.798 [XNIO-45 I/O-4] DEBUG o.s.w.s.a.HttpWebHandlerAdapter - [5553fefb] HTTP POST "/person-create/flux"
14:08:30.799 [XNIO-45 I/O-4] DEBUG o.s.w.r.r.m.a.RequestMappingHandlerMapping - [5553fefb] Mapped to org.springframework.web.reactive.result.method.annotation.RequestMappingMessageConversionIntegrationTests$PersonCreateController#createWithFlux(Flux)
14:08:30.799 [XNIO-45 I/O-4] DEBUG o.s.w.r.r.m.a.RequestBodyMethodArgumentResolver - [5553fefb] Content-Type:application/xml
14:08:30.800 [XNIO-45 I/O-4] DEBUG o.s.w.r.r.m.a.RequestBodyMethodArgumentResolver - [5553fefb] 0..N [org.springframework.web.reactive.result.method.annotation.RequestMappingMessageConversionIntegrationTests$Person]
14:08:30.805 [XNIO-45 I/O-4] DEBUG o.s.h.c.x.Jaxb2XmlDecoder - [5553fefb] Decoded [Person{name='Robert'}]
14:08:30.805 [XNIO-45 I/O-4] DEBUG o.s.h.c.x.Jaxb2XmlDecoder - [5553fefb] Decoded [Person{name='Marie'}]
14:08:30.806 [XNIO-45 I/O-4] DEBUG o.s.w.s.a.HttpWebHandlerAdapter - [5553fefb] Completed 200 OK
14:08:30.807 [Test worker] DEBUG o.s.w.c.RestTemplate - Response 200 OK
14:08:30.808 [Test worker] DEBUG o.s.w.t.h.s.r.b.UndertowHttpServer - Stopping UndertowHttpServer...
14:08:30.809 [Test worker] INFO  i.undertow - stopping server: Undertow - 2.1.3.Final
14:08:30.811 [Test worker] DEBUG o.s.w.t.h.s.r.b.UndertowHttpServer - Server stopped (0 millis).
14:08:30.881 [Test worker] DEBUG o.s.w.r.r.m.a.RequestMappingHandlerMapping - 34 mappings in 'requestMappingHandlerMapping'
14:08:30.901 [Test worker] DEBUG o.s.w.r.r.m.a.ControllerMethodResolver - ControllerAdvice beans: none
14:08:30.929 [Test worker] DEBUG o.s.w.s.a.HttpWebHandlerAdapter - enableLoggingRequestDetails='false': form data and headers will be masked to prevent unsafe logging of potentially sensitive data
14:08:30.930 [Test worker] WARN  o.e.j.s.h.ContextHandler - Empty contextPath
14:08:30.930 [Test worker] INFO  o.e.j.s.h.ContextHandler - Started o.e.j.s.ServletContextHandler@323244e8{/,null,AVAILABLE}
14:08:30.931 [Test worker] DEBUG o.s.w.t.h.s.r.b.JettyHttpServer - Starting JettyHttpServer...
14:08:30.931 [Test worker] INFO  o.e.j.s.Server - jetty-9.4.30.v20200611; built: 2020-06-11T12:34:51.929Z; git: 271836e4c1f4612f12b7bb13ef5a92a927634b0d; jvm 1.8.0_73-b02
14:08:30.941 [Test worker] INFO  o.e.j.s.AbstractConnector - Started ServerConnector@45d54a80{HTTP/1.1, (http/1.1)}{0.0.0.0:61644}
14:08:30.941 [Test worker] INFO  o.e.j.s.Server - Started @110654ms
14:08:30.942 [Test worker] DEBUG o.s.w.t.h.s.r.b.JettyHttpServer - Server started on port 61644(0 millis).
14:08:30.943 [Test worker] DEBUG o.s.w.c.RestTemplate - HTTP GET http://localhost:61644/person-response/mono-response-entity
14:08:30.945 [Test worker] DEBUG o.s.w.c.RestTemplate - Accept=[application/xml, text/xml, application/json, application/x-jackson-smile, application/*+xml, application/*+json]
14:08:30.949 [qtp725044525-1526] DEBUG o.s.w.s.a.HttpWebHandlerAdapter - [79691a38] HTTP GET "/person-response/mono-response-entity"
14:08:30.950 [qtp725044525-1526] DEBUG o.s.w.r.r.m.a.RequestMappingHandlerMapping - [79691a38] Mapped to org.springframework.web.reactive.result.method.annotation.RequestMappingMessageConversionIntegrationTests$PersonResponseBodyController#getMonoResponseEntity()
14:08:30.952 [qtp725044525-1526] DEBUG o.s.w.r.r.m.a.ResponseEntityResultHandler - Using 'application/json' given [application/json] and supported [application/json, application/*+json, application/x-jackson-smile, application/*+x-jackson-smile, application/xml, text/xml, text/event-stream]
14:08:30.952 [qtp725044525-1526] DEBUG o.s.w.r.r.m.a.ResponseEntityResultHandler - [79691a38] 0..1 [org.springframework.web.reactive.result.method.annotation.RequestMappingMessageConversionIntegrationTests$Person]
14:08:30.952 [qtp725044525-1526] DEBUG o.s.h.c.j.Jackson2JsonEncoder - [79691a38] Encoding [Person{name='Robert'}]
14:08:30.953 [qtp725044525-1526] DEBUG o.s.w.s.a.HttpWebHandlerAdapter - [79691a38] Completed 200 OK
14:08:30.953 [Test worker] DEBUG o.s.w.c.RestTemplate - Response 200 OK
14:08:30.953 [Test worker] DEBUG o.s.w.c.RestTemplate - Reading to [org.springframework.web.reactive.result.method.annotation.RequestMappingMessageConversionIntegrationTests$Person]
14:08:30.954 [Test worker] DEBUG o.s.w.t.h.s.r.b.JettyHttpServer - Stopping JettyHttpServer...
14:08:30.954 [Test worker] INFO  o.e.j.s.h.ContextHandler - Stopped o.e.j.s.ServletContextHandler@323244e8{/,null,UNAVAILABLE}
14:08:30.955 [Test worker] INFO  o.e.j.s.AbstractConnector - Stopped ServerConnector@45d54a80{HTTP/1.1, (http/1.1)}{0.0.0.0:0}
14:08:30.958 [Test worker] DEBUG o.s.w.t.h.s.r.b.JettyHttpServer - Server stopped (0 millis).
14:08:31.045 [Test worker] DEBUG o.s.w.r.r.m.a.RequestMappingHandlerMapping - 34 mappings in 'requestMappingHandlerMapping'
14:08:31.069 [Test worker] DEBUG o.s.w.r.r.m.a.ControllerMethodResolver - ControllerAdvice beans: none
14:08:31.086 [Test worker] DEBUG o.s.w.s.a.HttpWebHandlerAdapter - enableLoggingRequestDetails='false': form data and headers will be masked to prevent unsafe logging of potentially sensitive data
14:08:31.087 [Test worker] DEBUG o.s.w.t.h.s.r.b.ReactorHttpServer - Starting ReactorHttpServer...
14:08:31.090 [Test worker] DEBUG o.s.w.t.h.s.r.b.ReactorHttpServer - Server started on port 61646(0 millis).
14:08:31.090 [Test worker] DEBUG o.s.w.c.RestTemplate - HTTP GET http://localhost:61646/person-response/mono-response-entity
14:08:31.093 [Test worker] DEBUG o.s.w.c.RestTemplate - Accept=[application/xml, text/xml, application/json, application/x-jackson-smile, application/*+xml, application/*+json]
14:08:31.096 [reactor-http-nio-8] DEBUG o.s.w.s.a.HttpWebHandlerAdapter - [5e324aef-48] HTTP GET "/person-response/mono-response-entity"
14:08:31.096 [reactor-http-nio-8] DEBUG o.s.w.r.r.m.a.RequestMappingHandlerMapping - [5e324aef-48] Mapped to org.springframework.web.reactive.result.method.annotation.RequestMappingMessageConversionIntegrationTests$PersonResponseBodyController#getMonoResponseEntity()
14:08:31.098 [reactor-http-nio-8] DEBUG o.s.w.r.r.m.a.ResponseEntityResultHandler - Using 'application/json' given [application/json] and supported [application/json, application/*+json, application/x-jackson-smile, application/*+x-jackson-smile, application/xml, text/xml, text/event-stream]
14:08:31.098 [reactor-http-nio-8] DEBUG o.s.w.r.r.m.a.ResponseEntityResultHandler - [5e324aef-48] 0..1 [org.springframework.web.reactive.result.method.annotation.RequestMappingMessageConversionIntegrationTests$Person]
14:08:31.098 [reactor-http-nio-8] DEBUG o.s.h.c.j.Jackson2JsonEncoder - [5e324aef-48] Encoding [Person{name='Robert'}]
14:08:31.100 [reactor-http-nio-8] DEBUG o.s.w.s.a.HttpWebHandlerAdapter - [5e324aef-48] Completed 200 OK
14:08:31.100 [Test worker] DEBUG o.s.w.c.RestTemplate - Response 200 OK
14:08:31.100 [Test worker] DEBUG o.s.w.c.RestTemplate - Reading to [org.springframework.web.reactive.result.method.annotation.RequestMappingMessageConversionIntegrationTests$Person]
14:08:31.101 [Test worker] DEBUG o.s.w.t.h.s.r.b.ReactorHttpServer - Stopping ReactorHttpServer...
14:08:31.101 [Test worker] DEBUG o.s.w.t.h.s.r.b.ReactorHttpServer - Server stopped (0 millis).
14:08:31.167 [Test worker] DEBUG o.s.w.r.r.m.a.RequestMappingHandlerMapping - 34 mappings in 'requestMappingHandlerMapping'
14:08:31.197 [Test worker] DEBUG o.s.w.r.r.m.a.ControllerMethodResolver - ControllerAdvice beans: none
14:08:31.383 [Test worker] DEBUG o.s.w.s.a.HttpWebHandlerAdapter - enableLoggingRequestDetails='false': form data and headers will be masked to prevent unsafe logging of potentially sensitive data
14:08:31.383 [Test worker] DEBUG o.s.w.t.h.s.r.b.TomcatHttpServer - Starting TomcatHttpServer...
14:08:31.393 [Test worker] DEBUG o.s.w.t.h.s.r.b.TomcatHttpServer - Server started on port 61650(0 millis).
14:08:31.394 [Test worker] DEBUG o.s.w.c.RestTemplate - HTTP GET http://localhost:61650/person-response/mono-response-entity
14:08:31.395 [Test worker] DEBUG o.s.w.c.RestTemplate - Accept=[application/xml, text/xml, application/json, application/x-jackson-smile, application/*+xml, application/*+json]
14:08:31.399 [http-nio-auto-46-exec-1] DEBUG o.s.w.s.a.HttpWebHandlerAdapter - [40f2fa2c] HTTP GET "/person-response/mono-response-entity"
14:08:31.399 [http-nio-auto-46-exec-1] DEBUG o.s.w.r.r.m.a.RequestMappingHandlerMapping - [40f2fa2c] Mapped to org.springframework.web.reactive.result.method.annotation.RequestMappingMessageConversionIntegrationTests$PersonResponseBodyController#getMonoResponseEntity()
14:08:31.400 [http-nio-auto-46-exec-1] DEBUG o.s.w.r.r.m.a.ResponseEntityResultHandler - Using 'application/json' given [application/json] and supported [application/json, application/*+json, application/x-jackson-smile, application/*+x-jackson-smile, application/xml, text/xml, text/event-stream]
14:08:31.400 [http-nio-auto-46-exec-1] DEBUG o.s.w.r.r.m.a.ResponseEntityResultHandler - [40f2fa2c] 0..1 [org.springframework.web.reactive.result.method.annotation.RequestMappingMessageConversionIntegrationTests$Person]
14:08:31.401 [http-nio-auto-46-exec-1] DEBUG o.s.h.c.j.Jackson2JsonEncoder - [40f2fa2c] Encoding [Person{name='Robert'}]
14:08:31.401 [http-nio-auto-46-exec-1] DEBUG o.s.w.s.a.HttpWebHandlerAdapter - [40f2fa2c] Completed 200 OK
14:08:31.402 [Test worker] DEBUG o.s.w.c.RestTemplate - Response 200 OK
14:08:31.406 [Test worker] DEBUG o.s.w.c.RestTemplate - Reading to [org.springframework.web.reactive.result.method.annotation.RequestMappingMessageConversionIntegrationTests$Person]
14:08:31.413 [Test worker] DEBUG o.s.w.t.h.s.r.b.TomcatHttpServer - Stopping TomcatHttpServer...
14:08:31.433 [Test worker] DEBUG o.s.w.t.h.s.r.b.TomcatHttpServer - Server stopped (0 millis).
14:08:31.687 [Test worker] DEBUG o.s.w.r.r.m.a.RequestMappingHandlerMapping - 34 mappings in 'requestMappingHandlerMapping'
14:08:31.706 [Test worker] DEBUG o.s.w.r.r.m.a.ControllerMethodResolver - ControllerAdvice beans: none
14:08:31.790 [Test worker] DEBUG o.s.w.s.a.HttpWebHandlerAdapter - enableLoggingRequestDetails='false': form data and headers will be masked to prevent unsafe logging of potentially sensitive data
14:08:31.791 [Test worker] DEBUG o.s.w.t.h.s.r.b.UndertowHttpServer - Starting UndertowHttpServer...
14:08:31.791 [Test worker] INFO  i.undertow - starting server: Undertow - 2.1.3.Final
14:08:31.796 [Test worker] DEBUG o.s.w.t.h.s.r.b.UndertowHttpServer - Server started on port 61657(0 millis).
14:08:31.796 [Test worker] DEBUG o.s.w.c.RestTemplate - HTTP GET http://localhost:61657/person-response/mono-response-entity
14:08:31.797 [Test worker] DEBUG o.s.w.c.RestTemplate - Accept=[application/xml, text/xml, application/json, application/x-jackson-smile, application/*+xml, application/*+json]
14:08:31.800 [XNIO-46 I/O-8] DEBUG o.s.w.s.a.HttpWebHandlerAdapter - [28a2714c] HTTP GET "/person-response/mono-response-entity"
14:08:31.800 [XNIO-46 I/O-8] DEBUG o.s.w.r.r.m.a.RequestMappingHandlerMapping - [28a2714c] Mapped to org.springframework.web.reactive.result.method.annotation.RequestMappingMessageConversionIntegrationTests$PersonResponseBodyController#getMonoResponseEntity()
14:08:31.802 [XNIO-46 I/O-8] DEBUG o.s.w.r.r.m.a.ResponseEntityResultHandler - Using 'application/json' given [application/json] and supported [application/json, application/*+json, application/x-jackson-smile, application/*+x-jackson-smile, application/xml, text/xml, text/event-stream]
14:08:31.802 [XNIO-46 I/O-8] DEBUG o.s.w.r.r.m.a.ResponseEntityResultHandler - [28a2714c] 0..1 [org.springframework.web.reactive.result.method.annotation.RequestMappingMessageConversionIntegrationTests$Person]
14:08:31.802 [XNIO-46 I/O-8] DEBUG o.s.h.c.j.Jackson2JsonEncoder - [28a2714c] Encoding [Person{name='Robert'}]
14:08:31.803 [XNIO-46 I/O-8] DEBUG o.s.w.s.a.HttpWebHandlerAdapter - [28a2714c] Completed 200 OK
14:08:31.803 [Test worker] DEBUG o.s.w.c.RestTemplate - Response 200 OK
14:08:31.803 [Test worker] DEBUG o.s.w.c.RestTemplate - Reading to [org.springframework.web.reactive.result.method.annotation.RequestMappingMessageConversionIntegrationTests$Person]
14:08:31.803 [Test worker] DEBUG o.s.w.t.h.s.r.b.UndertowHttpServer - Stopping UndertowHttpServer...
14:08:31.804 [Test worker] INFO  i.undertow - stopping server: Undertow - 2.1.3.Final
14:08:31.807 [Test worker] DEBUG o.s.w.t.h.s.r.b.UndertowHttpServer - Server stopped (0 millis).
14:08:31.888 [Test worker] DEBUG o.s.w.r.r.m.a.RequestMappingHandlerMapping - 34 mappings in 'requestMappingHandlerMapping'
14:08:32.039 [Test worker] DEBUG o.s.w.r.r.m.a.ControllerMethodResolver - ControllerAdvice beans: none
14:08:32.104 [Test worker] DEBUG o.s.w.s.a.HttpWebHandlerAdapter - enableLoggingRequestDetails='false': form data and headers will be masked to prevent unsafe logging of potentially sensitive data
14:08:32.105 [Test worker] WARN  o.e.j.s.h.ContextHandler - Empty contextPath
14:08:32.106 [Test worker] INFO  o.e.j.s.h.ContextHandler - Started o.e.j.s.ServletContextHandler@728be522{/,null,AVAILABLE}
14:08:32.106 [Test worker] DEBUG o.s.w.t.h.s.r.b.JettyHttpServer - Starting JettyHttpServer...
14:08:32.106 [Test worker] INFO  o.e.j.s.Server - jetty-9.4.30.v20200611; built: 2020-06-11T12:34:51.929Z; git: 271836e4c1f4612f12b7bb13ef5a92a927634b0d; jvm 1.8.0_73-b02
14:08:32.119 [Test worker] INFO  o.e.j.s.AbstractConnector - Started ServerConnector@42fe6fca{HTTP/1.1, (http/1.1)}{0.0.0.0:61659}
14:08:32.120 [Test worker] INFO  o.e.j.s.Server - Started @111832ms
14:08:32.120 [Test worker] DEBUG o.s.w.t.h.s.r.b.JettyHttpServer - Server started on port 61659(0 millis).
14:08:32.121 [Test worker] DEBUG o.s.w.c.RestTemplate - HTTP POST http://localhost:61659/person-create/single
14:08:32.122 [Test worker] DEBUG o.s.w.c.RestTemplate - Accept=[application/json, application/x-jackson-smile, application/*+json]
14:08:32.123 [Test worker] DEBUG o.s.w.c.RestTemplate - Writing [Person{name='Robert'}] as "application/json"
14:08:32.130 [qtp1527001290-1559] DEBUG o.s.w.s.a.HttpWebHandlerAdapter - [4929c1c3] HTTP POST "/person-create/single"
14:08:32.131 [qtp1527001290-1559] DEBUG o.s.w.r.r.m.a.RequestMappingHandlerMapping - [4929c1c3] Mapped to org.springframework.web.reactive.result.method.annotation.RequestMappingMessageConversionIntegrationTests$PersonCreateController#createWithSingle(Single)
14:08:32.132 [qtp1527001290-1559] DEBUG o.s.w.r.r.m.a.RequestBodyMethodArgumentResolver - [4929c1c3] Content-Type:application/json
14:08:32.132 [qtp1527001290-1559] DEBUG o.s.w.r.r.m.a.RequestBodyMethodArgumentResolver - [4929c1c3] 0..1 [org.springframework.web.reactive.result.method.annotation.RequestMappingMessageConversionIntegrationTests$Person]
14:08:32.134 [qtp1527001290-1559] DEBUG o.s.h.c.j.Jackson2JsonDecoder - [4929c1c3] Decoded [Person{name='Robert'}]
14:08:32.134 [qtp1527001290-1559] DEBUG o.s.w.s.a.HttpWebHandlerAdapter - [4929c1c3] Completed 200 OK
14:08:32.134 [Test worker] DEBUG o.s.w.c.RestTemplate - Response 200 OK
14:08:32.135 [Test worker] DEBUG o.s.w.t.h.s.r.b.JettyHttpServer - Stopping JettyHttpServer...
14:08:32.135 [Test worker] INFO  o.e.j.s.h.ContextHandler - Stopped o.e.j.s.ServletContextHandler@728be522{/,null,UNAVAILABLE}
14:08:32.137 [Test worker] INFO  o.e.j.s.AbstractConnector - Stopped ServerConnector@42fe6fca{HTTP/1.1, (http/1.1)}{0.0.0.0:0}
14:08:32.149 [Test worker] DEBUG o.s.w.t.h.s.r.b.JettyHttpServer - Server stopped (0 millis).
14:08:32.290 [Test worker] DEBUG o.s.w.r.r.m.a.RequestMappingHandlerMapping - 34 mappings in 'requestMappingHandlerMapping'
14:08:32.330 [Test worker] DEBUG o.s.w.r.r.m.a.ControllerMethodResolver - ControllerAdvice beans: none
14:08:32.353 [Test worker] DEBUG o.s.w.s.a.HttpWebHandlerAdapter - enableLoggingRequestDetails='false': form data and headers will be masked to prevent unsafe logging of potentially sensitive data
14:08:32.353 [Test worker] DEBUG o.s.w.t.h.s.r.b.ReactorHttpServer - Starting ReactorHttpServer...
14:08:32.354 [Test worker] DEBUG o.s.w.t.h.s.r.b.ReactorHttpServer - Server started on port 61663(0 millis).
14:08:32.355 [Test worker] DEBUG o.s.w.c.RestTemplate - HTTP POST http://localhost:61663/person-create/single
14:08:32.355 [Test worker] DEBUG o.s.w.c.RestTemplate - Accept=[application/json, application/x-jackson-smile, application/*+json]
14:08:32.356 [Test worker] DEBUG o.s.w.c.RestTemplate - Writing [Person{name='Robert'}] as "application/json"
14:08:32.359 [reactor-http-nio-2] DEBUG o.s.w.s.a.HttpWebHandlerAdapter - [e9222686-49] HTTP POST "/person-create/single"
14:08:32.359 [reactor-http-nio-2] DEBUG o.s.w.r.r.m.a.RequestMappingHandlerMapping - [e9222686-49] Mapped to org.springframework.web.reactive.result.method.annotation.RequestMappingMessageConversionIntegrationTests$PersonCreateController#createWithSingle(Single)
14:08:32.359 [reactor-http-nio-2] DEBUG o.s.w.r.r.m.a.RequestBodyMethodArgumentResolver - [e9222686-49] Content-Type:application/json
14:08:32.360 [reactor-http-nio-2] DEBUG o.s.w.r.r.m.a.RequestBodyMethodArgumentResolver - [e9222686-49] 0..1 [org.springframework.web.reactive.result.method.annotation.RequestMappingMessageConversionIntegrationTests$Person]
14:08:32.362 [reactor-http-nio-2] DEBUG o.s.h.c.j.Jackson2JsonDecoder - [e9222686-49] Decoded [Person{name='Robert'}]
14:08:32.362 [reactor-http-nio-2] DEBUG o.s.w.s.a.HttpWebHandlerAdapter - [e9222686-49] Completed 200 OK
14:08:32.365 [Test worker] DEBUG o.s.w.c.RestTemplate - Response 200 OK
14:08:32.366 [Test worker] DEBUG o.s.w.t.h.s.r.b.ReactorHttpServer - Stopping ReactorHttpServer...
14:08:32.366 [Test worker] DEBUG o.s.w.t.h.s.r.b.ReactorHttpServer - Server stopped (0 millis).
14:08:32.490 [Test worker] DEBUG o.s.w.r.r.m.a.RequestMappingHandlerMapping - 34 mappings in 'requestMappingHandlerMapping'
14:08:32.577 [Test worker] DEBUG o.s.w.r.r.m.a.ControllerMethodResolver - ControllerAdvice beans: none
14:08:32.596 [Test worker] DEBUG o.s.w.s.a.HttpWebHandlerAdapter - enableLoggingRequestDetails='false': form data and headers will be masked to prevent unsafe logging of potentially sensitive data
14:08:32.596 [Test worker] DEBUG o.s.w.t.h.s.r.b.TomcatHttpServer - Starting TomcatHttpServer...
14:08:32.622 [Test worker] DEBUG o.s.w.t.h.s.r.b.TomcatHttpServer - Server started on port 61667(0 millis).
14:08:32.628 [Test worker] DEBUG o.s.w.c.RestTemplate - HTTP POST http://localhost:61667/person-create/single
14:08:32.629 [Test worker] DEBUG o.s.w.c.RestTemplate - Accept=[application/json, application/x-jackson-smile, application/*+json]
14:08:32.630 [Test worker] DEBUG o.s.w.c.RestTemplate - Writing [Person{name='Robert'}] as "application/json"
14:08:32.637 [http-nio-auto-47-exec-1] DEBUG o.s.w.s.a.HttpWebHandlerAdapter - [438ed87b] HTTP POST "/person-create/single"
14:08:32.637 [http-nio-auto-47-exec-1] DEBUG o.s.w.r.r.m.a.RequestMappingHandlerMapping - [438ed87b] Mapped to org.springframework.web.reactive.result.method.annotation.RequestMappingMessageConversionIntegrationTests$PersonCreateController#createWithSingle(Single)
14:08:32.638 [http-nio-auto-47-exec-1] DEBUG o.s.w.r.r.m.a.RequestBodyMethodArgumentResolver - [438ed87b] Content-Type:application/json
14:08:32.639 [http-nio-auto-47-exec-1] DEBUG o.s.w.r.r.m.a.RequestBodyMethodArgumentResolver - [438ed87b] 0..1 [org.springframework.web.reactive.result.method.annotation.RequestMappingMessageConversionIntegrationTests$Person]
14:08:32.641 [http-nio-auto-47-exec-1] DEBUG o.s.h.c.j.Jackson2JsonDecoder - [438ed87b] Decoded [Person{name='Robert'}]
14:08:32.641 [http-nio-auto-47-exec-1] DEBUG o.s.w.s.a.HttpWebHandlerAdapter - [438ed87b] Completed 200 OK
14:08:32.644 [Test worker] DEBUG o.s.w.c.RestTemplate - Response 200 OK
14:08:32.645 [Test worker] DEBUG o.s.w.t.h.s.r.b.TomcatHttpServer - Stopping TomcatHttpServer...
14:08:32.660 [Test worker] DEBUG o.s.w.t.h.s.r.b.TomcatHttpServer - Server stopped (0 millis).
14:08:32.780 [Test worker] DEBUG o.s.w.r.r.m.a.RequestMappingHandlerMapping - 34 mappings in 'requestMappingHandlerMapping'
14:08:32.839 [Test worker] DEBUG o.s.w.r.r.m.a.ControllerMethodResolver - ControllerAdvice beans: none
14:08:32.861 [Test worker] DEBUG o.s.w.s.a.HttpWebHandlerAdapter - enableLoggingRequestDetails='false': form data and headers will be masked to prevent unsafe logging of potentially sensitive data
14:08:32.861 [Test worker] DEBUG o.s.w.t.h.s.r.b.UndertowHttpServer - Starting UndertowHttpServer...
14:08:32.861 [Test worker] INFO  i.undertow - starting server: Undertow - 2.1.3.Final
14:08:32.872 [Test worker] DEBUG o.s.w.t.h.s.r.b.UndertowHttpServer - Server started on port 61670(0 millis).
14:08:32.873 [Test worker] DEBUG o.s.w.c.RestTemplate - HTTP POST http://localhost:61670/person-create/single
14:08:32.873 [Test worker] DEBUG o.s.w.c.RestTemplate - Accept=[application/json, application/x-jackson-smile, application/*+json]
14:08:32.874 [Test worker] DEBUG o.s.w.c.RestTemplate - Writing [Person{name='Robert'}] as "application/json"
14:08:32.878 [XNIO-47 I/O-8] DEBUG o.s.w.s.a.HttpWebHandlerAdapter - [1245d814] HTTP POST "/person-create/single"
14:08:32.878 [XNIO-47 I/O-8] DEBUG o.s.w.r.r.m.a.RequestMappingHandlerMapping - [1245d814] Mapped to org.springframework.web.reactive.result.method.annotation.RequestMappingMessageConversionIntegrationTests$PersonCreateController#createWithSingle(Single)
14:08:32.879 [XNIO-47 I/O-8] DEBUG o.s.w.r.r.m.a.RequestBodyMethodArgumentResolver - [1245d814] Content-Type:application/json
14:08:32.880 [XNIO-47 I/O-8] DEBUG o.s.w.r.r.m.a.RequestBodyMethodArgumentResolver - [1245d814] 0..1 [org.springframework.web.reactive.result.method.annotation.RequestMappingMessageConversionIntegrationTests$Person]
14:08:32.881 [XNIO-47 I/O-8] DEBUG o.s.h.c.j.Jackson2JsonDecoder - [1245d814] Decoded [Person{name='Robert'}]
14:08:32.881 [XNIO-47 I/O-8] DEBUG o.s.w.s.a.HttpWebHandlerAdapter - [1245d814] Completed 200 OK
14:08:32.881 [Test worker] DEBUG o.s.w.c.RestTemplate - Response 200 OK
14:08:32.882 [Test worker] DEBUG o.s.w.t.h.s.r.b.UndertowHttpServer - Stopping UndertowHttpServer...
14:08:32.882 [Test worker] INFO  i.undertow - stopping server: Undertow - 2.1.3.Final
14:08:32.883 [Test worker] DEBUG o.s.w.t.h.s.r.b.UndertowHttpServer - Server stopped (0 millis).
14:08:32.981 [Test worker] DEBUG o.s.w.r.r.m.a.RequestMappingHandlerMapping - 34 mappings in 'requestMappingHandlerMapping'
14:08:33.002 [Test worker] DEBUG o.s.w.r.r.m.a.ControllerMethodResolver - ControllerAdvice beans: none
14:08:33.052 [Test worker] DEBUG o.s.w.s.a.HttpWebHandlerAdapter - enableLoggingRequestDetails='false': form data and headers will be masked to prevent unsafe logging of potentially sensitive data
14:08:33.052 [Test worker] WARN  o.e.j.s.h.ContextHandler - Empty contextPath
14:08:33.053 [Test worker] INFO  o.e.j.s.h.ContextHandler - Started o.e.j.s.ServletContextHandler@1e05ba65{/,null,AVAILABLE}
14:08:33.053 [Test worker] DEBUG o.s.w.t.h.s.r.b.JettyHttpServer - Starting JettyHttpServer...
14:08:33.053 [Test worker] INFO  o.e.j.s.Server - jetty-9.4.30.v20200611; built: 2020-06-11T12:34:51.929Z; git: 271836e4c1f4612f12b7bb13ef5a92a927634b0d; jvm 1.8.0_73-b02
14:08:33.056 [Test worker] INFO  o.e.j.s.AbstractConnector - Started ServerConnector@1a4a06dc{HTTP/1.1, (http/1.1)}{0.0.0.0:61674}
14:08:33.056 [Test worker] INFO  o.e.j.s.Server - Started @112769ms
14:08:33.056 [Test worker] DEBUG o.s.w.t.h.s.r.b.JettyHttpServer - Server started on port 61674(0 millis).
14:08:33.056 [Test worker] DEBUG o.s.w.c.RestTemplate - HTTP GET http://localhost:61674/raw-response/observable
14:08:33.057 [Test worker] DEBUG o.s.w.c.RestTemplate - Accept=[text/plain, application/json, application/x-jackson-smile, application/*+json, */*]
14:08:33.059 [qtp1955417702-1592] DEBUG o.s.w.s.a.HttpWebHandlerAdapter - [159255be] HTTP GET "/raw-response/observable"
14:08:33.059 [qtp1955417702-1592] DEBUG o.s.w.r.r.m.a.RequestMappingHandlerMapping - [159255be] Mapped to org.springframework.web.reactive.result.method.annotation.RequestMappingMessageConversionIntegrationTests$RawResponseBodyController#getObservable()
14:08:33.061 [qtp1955417702-1592] DEBUG o.s.w.r.r.m.a.ResponseBodyResultHandler - Using 'text/plain' given [text/plain, application/json, application/x-jackson-smile, application/*+json, */*] and supported [*/*, application/json, application/*+json, application/x-jackson-smile, application/*+x-jackson-smile, text/event-stream]
14:08:33.061 [qtp1955417702-1592] DEBUG o.s.w.r.r.m.a.ResponseBodyResultHandler - [159255be] 0..N [java.nio.ByteBuffer]
14:08:33.062 [qtp1955417702-1592] DEBUG o.s.c.c.ByteBufferEncoder - [159255be] Writing 6 bytes
14:08:33.063 [qtp1955417702-1592] DEBUG o.s.w.s.a.HttpWebHandlerAdapter - [159255be] Completed 200 OK
14:08:33.063 [Test worker] DEBUG o.s.w.c.RestTemplate - Response 200 OK
14:08:33.064 [Test worker] DEBUG o.s.w.c.RestTemplate - Reading to [java.lang.String] as "text/plain"
14:08:33.065 [Test worker] DEBUG o.s.w.t.h.s.r.b.JettyHttpServer - Stopping JettyHttpServer...
14:08:33.065 [Test worker] INFO  o.e.j.s.h.ContextHandler - Stopped o.e.j.s.ServletContextHandler@1e05ba65{/,null,UNAVAILABLE}
14:08:33.066 [Test worker] INFO  o.e.j.s.AbstractConnector - Stopped ServerConnector@1a4a06dc{HTTP/1.1, (http/1.1)}{0.0.0.0:0}
14:08:33.079 [Test worker] DEBUG o.s.w.t.h.s.r.b.JettyHttpServer - Server stopped (0 millis).
14:08:33.183 [Test worker] DEBUG o.s.w.r.r.m.a.RequestMappingHandlerMapping - 34 mappings in 'requestMappingHandlerMapping'
14:08:33.209 [Test worker] DEBUG o.s.w.r.r.m.a.ControllerMethodResolver - ControllerAdvice beans: none
14:08:33.249 [Test worker] DEBUG o.s.w.s.a.HttpWebHandlerAdapter - enableLoggingRequestDetails='false': form data and headers will be masked to prevent unsafe logging of potentially sensitive data
14:08:33.249 [Test worker] DEBUG o.s.w.t.h.s.r.b.ReactorHttpServer - Starting ReactorHttpServer...
14:08:33.250 [Test worker] DEBUG o.s.w.t.h.s.r.b.ReactorHttpServer - Server started on port 61677(0 millis).
14:08:33.267 [Test worker] DEBUG o.s.w.c.RestTemplate - HTTP GET http://localhost:61677/raw-response/observable
14:08:33.269 [Test worker] DEBUG o.s.w.c.RestTemplate - Accept=[text/plain, application/json, application/x-jackson-smile, application/*+json, */*]
14:08:33.273 [reactor-http-nio-4] DEBUG o.s.w.s.a.HttpWebHandlerAdapter - [0ee1b35f-50] HTTP GET "/raw-response/observable"
14:08:33.273 [reactor-http-nio-4] DEBUG o.s.w.r.r.m.a.RequestMappingHandlerMapping - [0ee1b35f-50] Mapped to org.springframework.web.reactive.result.method.annotation.RequestMappingMessageConversionIntegrationTests$RawResponseBodyController#getObservable()
14:08:33.276 [reactor-http-nio-4] DEBUG o.s.w.r.r.m.a.ResponseBodyResultHandler - Using 'text/plain' given [text/plain, application/json, application/x-jackson-smile, application/*+json, */*] and supported [*/*, application/json, application/*+json, application/x-jackson-smile, application/*+x-jackson-smile, text/event-stream]
14:08:33.276 [reactor-http-nio-4] DEBUG o.s.w.r.r.m.a.ResponseBodyResultHandler - [0ee1b35f-50] 0..N [java.nio.ByteBuffer]
14:08:33.276 [reactor-http-nio-4] DEBUG o.s.c.c.ByteBufferEncoder - [0ee1b35f-50] Writing 6 bytes
14:08:33.278 [Test worker] DEBUG o.s.w.c.RestTemplate - Response 200 OK
14:08:33.279 [reactor-http-nio-4] DEBUG o.s.w.s.a.HttpWebHandlerAdapter - [0ee1b35f-50] Completed 200 OK
14:08:33.279 [Test worker] DEBUG o.s.w.c.RestTemplate - Reading to [java.lang.String] as "text/plain"
14:08:33.279 [Test worker] DEBUG o.s.w.t.h.s.r.b.ReactorHttpServer - Stopping ReactorHttpServer...
14:08:33.280 [Test worker] DEBUG o.s.w.t.h.s.r.b.ReactorHttpServer - Server stopped (0 millis).
14:08:33.431 [Test worker] DEBUG o.s.w.r.r.m.a.RequestMappingHandlerMapping - 34 mappings in 'requestMappingHandlerMapping'
14:08:33.560 [Test worker] DEBUG o.s.w.r.r.m.a.ControllerMethodResolver - ControllerAdvice beans: none
14:08:33.598 [Test worker] DEBUG o.s.w.s.a.HttpWebHandlerAdapter - enableLoggingRequestDetails='false': form data and headers will be masked to prevent unsafe logging of potentially sensitive data
14:08:33.598 [Test worker] DEBUG o.s.w.t.h.s.r.b.TomcatHttpServer - Starting TomcatHttpServer...
14:08:33.635 [Test worker] DEBUG o.s.w.t.h.s.r.b.TomcatHttpServer - Server started on port 61680(0 millis).
14:08:33.635 [Test worker] DEBUG o.s.w.c.RestTemplate - HTTP GET http://localhost:61680/raw-response/observable
14:08:33.635 [Test worker] DEBUG o.s.w.c.RestTemplate - Accept=[text/plain, application/json, application/x-jackson-smile, application/*+json, */*]
14:08:33.640 [http-nio-auto-48-exec-1] DEBUG o.s.w.s.a.HttpWebHandlerAdapter - [5105c9ad] HTTP GET "/raw-response/observable"
14:08:33.641 [http-nio-auto-48-exec-1] DEBUG o.s.w.r.r.m.a.RequestMappingHandlerMapping - [5105c9ad] Mapped to org.springframework.web.reactive.result.method.annotation.RequestMappingMessageConversionIntegrationTests$RawResponseBodyController#getObservable()
14:08:33.642 [http-nio-auto-48-exec-1] DEBUG o.s.w.r.r.m.a.ResponseBodyResultHandler - Using 'text/plain' given [text/plain, application/json, application/x-jackson-smile, application/*+json, */*] and supported [*/*, application/json, application/*+json, application/x-jackson-smile, application/*+x-jackson-smile, text/event-stream]
14:08:33.642 [http-nio-auto-48-exec-1] DEBUG o.s.w.r.r.m.a.ResponseBodyResultHandler - [5105c9ad] 0..N [java.nio.ByteBuffer]
14:08:33.643 [http-nio-auto-48-exec-1] DEBUG o.s.c.c.ByteBufferEncoder - [5105c9ad] Writing 6 bytes
14:08:33.643 [http-nio-auto-48-exec-1] DEBUG o.s.w.s.a.HttpWebHandlerAdapter - [5105c9ad] Completed 200 OK
14:08:33.644 [Test worker] DEBUG o.s.w.c.RestTemplate - Response 200 OK
14:08:33.644 [Test worker] DEBUG o.s.w.c.RestTemplate - Reading to [java.lang.String] as "text/plain"
14:08:33.644 [Test worker] DEBUG o.s.w.t.h.s.r.b.TomcatHttpServer - Stopping TomcatHttpServer...
14:08:33.664 [Test worker] DEBUG o.s.w.t.h.s.r.b.TomcatHttpServer - Server stopped (0 millis).
14:08:33.812 [Test worker] DEBUG o.s.w.r.r.m.a.RequestMappingHandlerMapping - 34 mappings in 'requestMappingHandlerMapping'
14:08:33.854 [Test worker] DEBUG o.s.w.r.r.m.a.ControllerMethodResolver - ControllerAdvice beans: none
14:08:33.901 [Test worker] DEBUG o.s.w.s.a.HttpWebHandlerAdapter - enableLoggingRequestDetails='false': form data and headers will be masked to prevent unsafe logging of potentially sensitive data
14:08:33.901 [Test worker] DEBUG o.s.w.t.h.s.r.b.UndertowHttpServer - Starting UndertowHttpServer...
14:08:33.901 [Test worker] INFO  i.undertow - starting server: Undertow - 2.1.3.Final
14:08:33.907 [Test worker] DEBUG o.s.w.t.h.s.r.b.UndertowHttpServer - Server started on port 61686(0 millis).
14:08:33.907 [Test worker] DEBUG o.s.w.c.RestTemplate - HTTP GET http://localhost:61686/raw-response/observable
14:08:33.907 [Test worker] DEBUG o.s.w.c.RestTemplate - Accept=[text/plain, application/json, application/x-jackson-smile, application/*+json, */*]
14:08:33.910 [XNIO-48 I/O-1] DEBUG o.s.w.s.a.HttpWebHandlerAdapter - [6c46657a] HTTP GET "/raw-response/observable"
14:08:33.911 [XNIO-48 I/O-1] DEBUG o.s.w.r.r.m.a.RequestMappingHandlerMapping - [6c46657a] Mapped to org.springframework.web.reactive.result.method.annotation.RequestMappingMessageConversionIntegrationTests$RawResponseBodyController#getObservable()
14:08:33.913 [XNIO-48 I/O-1] DEBUG o.s.w.r.r.m.a.ResponseBodyResultHandler - Using 'text/plain' given [text/plain, application/json, application/x-jackson-smile, application/*+json, */*] and supported [*/*, application/json, application/*+json, application/x-jackson-smile, application/*+x-jackson-smile, text/event-stream]
14:08:33.913 [XNIO-48 I/O-1] DEBUG o.s.w.r.r.m.a.ResponseBodyResultHandler - [6c46657a] 0..N [java.nio.ByteBuffer]
14:08:33.913 [XNIO-48 I/O-1] DEBUG o.s.c.c.ByteBufferEncoder - [6c46657a] Writing 6 bytes
14:08:33.914 [XNIO-48 I/O-1] DEBUG o.s.w.s.a.HttpWebHandlerAdapter - [6c46657a] Completed 200 OK
14:08:33.914 [Test worker] DEBUG o.s.w.c.RestTemplate - Response 200 OK
14:08:33.914 [Test worker] DEBUG o.s.w.c.RestTemplate - Reading to [java.lang.String] as "text/plain"
14:08:33.914 [Test worker] DEBUG o.s.w.t.h.s.r.b.UndertowHttpServer - Stopping UndertowHttpServer...
14:08:33.914 [Test worker] INFO  i.undertow - stopping server: Undertow - 2.1.3.Final
14:08:33.920 [Test worker] DEBUG o.s.w.t.h.s.r.b.UndertowHttpServer - Server stopped (0 millis).
14:08:34.117 [Test worker] DEBUG o.s.w.r.r.m.a.RequestMappingHandlerMapping - 34 mappings in 'requestMappingHandlerMapping'
14:08:34.256 [Test worker] DEBUG o.s.w.r.r.m.a.ControllerMethodResolver - ControllerAdvice beans: none
14:08:34.309 [Test worker] DEBUG o.s.w.s.a.HttpWebHandlerAdapter - enableLoggingRequestDetails='false': form data and headers will be masked to prevent unsafe logging of potentially sensitive data
14:08:34.310 [Test worker] WARN  o.e.j.s.h.ContextHandler - Empty contextPath
14:08:34.310 [Test worker] INFO  o.e.j.s.h.ContextHandler - Started o.e.j.s.ServletContextHandler@540583d7{/,null,AVAILABLE}
14:08:34.310 [Test worker] DEBUG o.s.w.t.h.s.r.b.JettyHttpServer - Starting JettyHttpServer...
14:08:34.310 [Test worker] INFO  o.e.j.s.Server - jetty-9.4.30.v20200611; built: 2020-06-11T12:34:51.929Z; git: 271836e4c1f4612f12b7bb13ef5a92a927634b0d; jvm 1.8.0_73-b02
14:08:34.314 [Test worker] INFO  o.e.j.s.AbstractConnector - Started ServerConnector@3a287c2{HTTP/1.1, (http/1.1)}{0.0.0.0:61690}
14:08:34.314 [Test worker] INFO  o.e.j.s.Server - Started @114027ms
14:08:34.314 [Test worker] DEBUG o.s.w.t.h.s.r.b.JettyHttpServer - Server started on port 61690(0 millis).
14:08:34.314 [Test worker] DEBUG o.s.w.c.RestTemplate - HTTP GET http://localhost:61690/person-response/flux
14:08:34.315 [Test worker] DEBUG o.s.w.c.RestTemplate - Accept=[application/json, application/x-jackson-smile, application/*+json]
14:08:34.317 [qtp1196720841-1625] DEBUG o.s.w.s.a.HttpWebHandlerAdapter - [234a29f6] HTTP GET "/person-response/flux"
14:08:34.318 [qtp1196720841-1625] DEBUG o.s.w.r.r.m.a.RequestMappingHandlerMapping - [234a29f6] Mapped to org.springframework.web.reactive.result.method.annotation.RequestMappingMessageConversionIntegrationTests$PersonResponseBodyController#getFlux()
14:08:34.319 [qtp1196720841-1625] DEBUG o.s.w.r.r.m.a.ResponseBodyResultHandler - Using 'application/json' given [application/json] and supported [application/json, application/*+json, application/x-jackson-smile, application/*+x-jackson-smile, application/xml, text/xml, text/event-stream]
14:08:34.319 [qtp1196720841-1625] DEBUG o.s.w.r.r.m.a.ResponseBodyResultHandler - [234a29f6] 0..N [org.springframework.web.reactive.result.method.annotation.RequestMappingMessageConversionIntegrationTests$Person]
14:08:34.319 [qtp1196720841-1625] DEBUG o.s.h.c.j.Jackson2JsonEncoder - [234a29f6] Encoding [[Person{name='Robert'}, Person{name='Marie'}]]
14:08:34.320 [qtp1196720841-1625] DEBUG o.s.w.s.a.HttpWebHandlerAdapter - [234a29f6] Completed 200 OK
14:08:34.320 [Test worker] DEBUG o.s.w.c.RestTemplate - Response 200 OK
14:08:34.321 [Test worker] DEBUG o.s.w.c.RestTemplate - Reading to [java.util.List<org.springframework.web.reactive.result.method.annotation.RequestMappingMessageConversionIntegrationTests$Person>]
14:08:34.322 [Test worker] DEBUG o.s.w.t.h.s.r.b.JettyHttpServer - Stopping JettyHttpServer...
14:08:34.322 [Test worker] INFO  o.e.j.s.h.ContextHandler - Stopped o.e.j.s.ServletContextHandler@540583d7{/,null,UNAVAILABLE}
14:08:34.323 [Test worker] INFO  o.e.j.s.AbstractConnector - Stopped ServerConnector@3a287c2{HTTP/1.1, (http/1.1)}{0.0.0.0:0}
14:08:34.335 [Test worker] DEBUG o.s.w.t.h.s.r.b.JettyHttpServer - Server stopped (0 millis).
14:08:34.446 [Test worker] DEBUG o.s.w.r.r.m.a.RequestMappingHandlerMapping - 34 mappings in 'requestMappingHandlerMapping'
14:08:34.508 [Test worker] DEBUG o.s.w.r.r.m.a.ControllerMethodResolver - ControllerAdvice beans: none
14:08:34.612 [Test worker] DEBUG o.s.w.s.a.HttpWebHandlerAdapter - enableLoggingRequestDetails='false': form data and headers will be masked to prevent unsafe logging of potentially sensitive data
14:08:34.612 [Test worker] DEBUG o.s.w.t.h.s.r.b.ReactorHttpServer - Starting ReactorHttpServer...
14:08:34.613 [Test worker] DEBUG o.s.w.t.h.s.r.b.ReactorHttpServer - Server started on port 61695(0 millis).
14:08:34.614 [Test worker] DEBUG o.s.w.c.RestTemplate - HTTP GET http://localhost:61695/person-response/flux
14:08:34.614 [Test worker] DEBUG o.s.w.c.RestTemplate - Accept=[application/json, application/x-jackson-smile, application/*+json]
14:08:34.617 [reactor-http-nio-6] DEBUG o.s.w.s.a.HttpWebHandlerAdapter - [a8c41173-51] HTTP GET "/person-response/flux"
14:08:34.617 [reactor-http-nio-6] DEBUG o.s.w.r.r.m.a.RequestMappingHandlerMapping - [a8c41173-51] Mapped to org.springframework.web.reactive.result.method.annotation.RequestMappingMessageConversionIntegrationTests$PersonResponseBodyController#getFlux()
14:08:34.618 [reactor-http-nio-6] DEBUG o.s.w.r.r.m.a.ResponseBodyResultHandler - Using 'application/json' given [application/json] and supported [application/json, application/*+json, application/x-jackson-smile, application/*+x-jackson-smile, application/xml, text/xml, text/event-stream]
14:08:34.618 [reactor-http-nio-6] DEBUG o.s.w.r.r.m.a.ResponseBodyResultHandler - [a8c41173-51] 0..N [org.springframework.web.reactive.result.method.annotation.RequestMappingMessageConversionIntegrationTests$Person]
14:08:34.619 [reactor-http-nio-6] DEBUG o.s.h.c.j.Jackson2JsonEncoder - [a8c41173-51] Encoding [[Person{name='Robert'}, Person{name='Marie'}]]
14:08:34.620 [Test worker] DEBUG o.s.w.c.RestTemplate - Response 200 OK
14:08:34.620 [reactor-http-nio-6] DEBUG o.s.w.s.a.HttpWebHandlerAdapter - [a8c41173-51] Completed 200 OK
14:08:34.621 [Test worker] DEBUG o.s.w.c.RestTemplate - Reading to [java.util.List<org.springframework.web.reactive.result.method.annotation.RequestMappingMessageConversionIntegrationTests$Person>]
14:08:34.622 [Test worker] DEBUG o.s.w.t.h.s.r.b.ReactorHttpServer - Stopping ReactorHttpServer...
14:08:34.622 [Test worker] DEBUG o.s.w.t.h.s.r.b.ReactorHttpServer - Server stopped (0 millis).
14:08:34.891 [Test worker] DEBUG o.s.w.r.r.m.a.RequestMappingHandlerMapping - 34 mappings in 'requestMappingHandlerMapping'
14:08:35.002 [Test worker] DEBUG o.s.w.r.r.m.a.ControllerMethodResolver - ControllerAdvice beans: none
14:08:35.110 [Test worker] DEBUG o.s.w.s.a.HttpWebHandlerAdapter - enableLoggingRequestDetails='false': form data and headers will be masked to prevent unsafe logging of potentially sensitive data
14:08:35.110 [Test worker] DEBUG o.s.w.t.h.s.r.b.TomcatHttpServer - Starting TomcatHttpServer...
14:08:35.132 [Test worker] DEBUG o.s.w.t.h.s.r.b.TomcatHttpServer - Server started on port 61699(0 millis).
14:08:35.132 [Test worker] DEBUG o.s.w.c.RestTemplate - HTTP GET http://localhost:61699/person-response/flux
14:08:35.133 [Test worker] DEBUG o.s.w.c.RestTemplate - Accept=[application/json, application/x-jackson-smile, application/*+json]
14:08:35.138 [http-nio-auto-49-exec-1] DEBUG o.s.w.s.a.HttpWebHandlerAdapter - [40b4a0de] HTTP GET "/person-response/flux"
14:08:35.139 [http-nio-auto-49-exec-1] DEBUG o.s.w.r.r.m.a.RequestMappingHandlerMapping - [40b4a0de] Mapped to org.springframework.web.reactive.result.method.annotation.RequestMappingMessageConversionIntegrationTests$PersonResponseBodyController#getFlux()
14:08:35.140 [http-nio-auto-49-exec-1] DEBUG o.s.w.r.r.m.a.ResponseBodyResultHandler - Using 'application/json' given [application/json] and supported [application/json, application/*+json, application/x-jackson-smile, application/*+x-jackson-smile, application/xml, text/xml, text/event-stream]
14:08:35.140 [http-nio-auto-49-exec-1] DEBUG o.s.w.r.r.m.a.ResponseBodyResultHandler - [40b4a0de] 0..N [org.springframework.web.reactive.result.method.annotation.RequestMappingMessageConversionIntegrationTests$Person]
14:08:35.140 [http-nio-auto-49-exec-1] DEBUG o.s.h.c.j.Jackson2JsonEncoder - [40b4a0de] Encoding [[Person{name='Robert'}, Person{name='Marie'}]]
14:08:35.141 [http-nio-auto-49-exec-1] DEBUG o.s.w.s.a.HttpWebHandlerAdapter - [40b4a0de] Completed 200 OK
14:08:35.141 [Test worker] DEBUG o.s.w.c.RestTemplate - Response 200 OK
14:08:35.142 [Test worker] DEBUG o.s.w.c.RestTemplate - Reading to [java.util.List<org.springframework.web.reactive.result.method.annotation.RequestMappingMessageConversionIntegrationTests$Person>]
14:08:35.143 [Test worker] DEBUG o.s.w.t.h.s.r.b.TomcatHttpServer - Stopping TomcatHttpServer...
14:08:35.158 [Test worker] DEBUG o.s.w.t.h.s.r.b.TomcatHttpServer - Server stopped (0 millis).
14:08:35.414 [Test worker] DEBUG o.s.w.r.r.m.a.RequestMappingHandlerMapping - 34 mappings in 'requestMappingHandlerMapping'
14:08:35.488 [Test worker] DEBUG o.s.w.r.r.m.a.ControllerMethodResolver - ControllerAdvice beans: none
14:08:35.536 [Test worker] DEBUG o.s.w.s.a.HttpWebHandlerAdapter - enableLoggingRequestDetails='false': form data and headers will be masked to prevent unsafe logging of potentially sensitive data
14:08:35.536 [Test worker] DEBUG o.s.w.t.h.s.r.b.UndertowHttpServer - Starting UndertowHttpServer...
14:08:35.536 [Test worker] INFO  i.undertow - starting server: Undertow - 2.1.3.Final
14:08:35.540 [Test worker] DEBUG o.s.w.t.h.s.r.b.UndertowHttpServer - Server started on port 61705(0 millis).
14:08:35.540 [Test worker] DEBUG o.s.w.c.RestTemplate - HTTP GET http://localhost:61705/person-response/flux
14:08:35.541 [Test worker] DEBUG o.s.w.c.RestTemplate - Accept=[application/json, application/x-jackson-smile, application/*+json]
14:08:35.544 [XNIO-49 I/O-2] DEBUG o.s.w.s.a.HttpWebHandlerAdapter - [6f6dae19] HTTP GET "/person-response/flux"
14:08:35.545 [XNIO-49 I/O-2] DEBUG o.s.w.r.r.m.a.RequestMappingHandlerMapping - [6f6dae19] Mapped to org.springframework.web.reactive.result.method.annotation.RequestMappingMessageConversionIntegrationTests$PersonResponseBodyController#getFlux()
14:08:35.546 [XNIO-49 I/O-2] DEBUG o.s.w.r.r.m.a.ResponseBodyResultHandler - Using 'application/json' given [application/json] and supported [application/json, application/*+json, application/x-jackson-smile, application/*+x-jackson-smile, application/xml, text/xml, text/event-stream]
14:08:35.546 [XNIO-49 I/O-2] DEBUG o.s.w.r.r.m.a.ResponseBodyResultHandler - [6f6dae19] 0..N [org.springframework.web.reactive.result.method.annotation.RequestMappingMessageConversionIntegrationTests$Person]
14:08:35.546 [XNIO-49 I/O-2] DEBUG o.s.h.c.j.Jackson2JsonEncoder - [6f6dae19] Encoding [[Person{name='Robert'}, Person{name='Marie'}]]
14:08:35.547 [XNIO-49 I/O-2] DEBUG o.s.w.s.a.HttpWebHandlerAdapter - [6f6dae19] Completed 200 OK
14:08:35.547 [Test worker] DEBUG o.s.w.c.RestTemplate - Response 200 OK
14:08:35.547 [Test worker] DEBUG o.s.w.c.RestTemplate - Reading to [java.util.List<org.springframework.web.reactive.result.method.annotation.RequestMappingMessageConversionIntegrationTests$Person>]
14:08:35.548 [Test worker] DEBUG o.s.w.t.h.s.r.b.UndertowHttpServer - Stopping UndertowHttpServer...
14:08:35.548 [Test worker] INFO  i.undertow - stopping server: Undertow - 2.1.3.Final
14:08:35.551 [Test worker] DEBUG o.s.w.t.h.s.r.b.UndertowHttpServer - Server stopped (0 millis).
14:08:35.707 [Test worker] DEBUG o.s.w.r.r.m.a.RequestMappingHandlerMapping - 34 mappings in 'requestMappingHandlerMapping'
14:08:35.772 [Test worker] DEBUG o.s.w.r.r.m.a.ControllerMethodResolver - ControllerAdvice beans: none
14:08:35.815 [Test worker] DEBUG o.s.w.s.a.HttpWebHandlerAdapter - enableLoggingRequestDetails='false': form data and headers will be masked to prevent unsafe logging of potentially sensitive data
14:08:35.816 [Test worker] WARN  o.e.j.s.h.ContextHandler - Empty contextPath
14:08:35.816 [Test worker] INFO  o.e.j.s.h.ContextHandler - Started o.e.j.s.ServletContextHandler@3eb7ed28{/,null,AVAILABLE}
14:08:35.816 [Test worker] DEBUG o.s.w.t.h.s.r.b.JettyHttpServer - Starting JettyHttpServer...
14:08:35.817 [Test worker] INFO  o.e.j.s.Server - jetty-9.4.30.v20200611; built: 2020-06-11T12:34:51.929Z; git: 271836e4c1f4612f12b7bb13ef5a92a927634b0d; jvm 1.8.0_73-b02
14:08:35.819 [Test worker] INFO  o.e.j.s.AbstractConnector - Started ServerConnector@12a4127e{HTTP/1.1, (http/1.1)}{0.0.0.0:61708}
14:08:35.819 [Test worker] INFO  o.e.j.s.Server - Started @115532ms
14:08:35.819 [Test worker] DEBUG o.s.w.t.h.s.r.b.JettyHttpServer - Server started on port 61708(0 millis).
14:08:35.819 [Test worker] DEBUG o.s.w.c.RestTemplate - HTTP GET http://localhost:61708/person-response/list
14:08:35.820 [Test worker] DEBUG o.s.w.c.RestTemplate - Accept=[application/json, application/x-jackson-smile, application/*+json]
14:08:35.822 [qtp1448697192-1658] DEBUG o.s.w.s.a.HttpWebHandlerAdapter - [62869646] HTTP GET "/person-response/list"
14:08:35.822 [qtp1448697192-1658] DEBUG o.s.w.r.r.m.a.RequestMappingHandlerMapping - [62869646] Mapped to org.springframework.web.reactive.result.method.annotation.RequestMappingMessageConversionIntegrationTests$PersonResponseBodyController#getList()
14:08:35.823 [qtp1448697192-1658] DEBUG o.s.w.r.r.m.a.ResponseBodyResultHandler - Using 'application/json' given [application/json] and supported [application/json, application/*+json, application/x-jackson-smile, application/*+x-jackson-smile, text/event-stream]
14:08:35.823 [qtp1448697192-1658] DEBUG o.s.w.r.r.m.a.ResponseBodyResultHandler - [62869646] 0..1 [java.util.List<org.springframework.web.reactive.result.method.annotation.RequestMappingMessageConversionIntegrationTests$Person>]
14:08:35.824 [qtp1448697192-1658] DEBUG o.s.h.c.j.Jackson2JsonEncoder - [62869646] Encoding [[Person{name='Robert'}, Person{name='Marie'}]]
14:08:35.825 [Test worker] DEBUG o.s.w.c.RestTemplate - Response 200 OK
14:08:35.825 [qtp1448697192-1658] DEBUG o.s.w.s.a.HttpWebHandlerAdapter - [62869646] Completed 200 OK
14:08:35.825 [Test worker] DEBUG o.s.w.c.RestTemplate - Reading to [java.util.List<org.springframework.web.reactive.result.method.annotation.RequestMappingMessageConversionIntegrationTests$Person>]
14:08:35.826 [Test worker] DEBUG o.s.w.t.h.s.r.b.JettyHttpServer - Stopping JettyHttpServer...
14:08:35.826 [Test worker] INFO  o.e.j.s.h.ContextHandler - Stopped o.e.j.s.ServletContextHandler@3eb7ed28{/,null,UNAVAILABLE}
14:08:35.827 [Test worker] INFO  o.e.j.s.AbstractConnector - Stopped ServerConnector@12a4127e{HTTP/1.1, (http/1.1)}{0.0.0.0:0}
14:08:35.838 [Test worker] DEBUG o.s.w.t.h.s.r.b.JettyHttpServer - Server stopped (0 millis).
14:08:35.948 [Test worker] DEBUG o.s.w.r.r.m.a.RequestMappingHandlerMapping - 34 mappings in 'requestMappingHandlerMapping'
14:08:35.988 [Test worker] DEBUG o.s.w.r.r.m.a.ControllerMethodResolver - ControllerAdvice beans: none
14:08:36.050 [Test worker] DEBUG o.s.w.s.a.HttpWebHandlerAdapter - enableLoggingRequestDetails='false': form data and headers will be masked to prevent unsafe logging of potentially sensitive data
14:08:36.050 [Test worker] DEBUG o.s.w.t.h.s.r.b.ReactorHttpServer - Starting ReactorHttpServer...
14:08:36.051 [Test worker] DEBUG o.s.w.t.h.s.r.b.ReactorHttpServer - Server started on port 61714(0 millis).
14:08:36.052 [Test worker] DEBUG o.s.w.c.RestTemplate - HTTP GET http://localhost:61714/person-response/list
14:08:36.052 [Test worker] DEBUG o.s.w.c.RestTemplate - Accept=[application/json, application/x-jackson-smile, application/*+json]
14:08:36.065 [reactor-http-nio-8] DEBUG o.s.w.s.a.HttpWebHandlerAdapter - [27450ed2-52] HTTP GET "/person-response/list"
14:08:36.066 [reactor-http-nio-8] DEBUG o.s.w.r.r.m.a.RequestMappingHandlerMapping - [27450ed2-52] Mapped to org.springframework.web.reactive.result.method.annotation.RequestMappingMessageConversionIntegrationTests$PersonResponseBodyController#getList()
14:08:36.067 [reactor-http-nio-8] DEBUG o.s.w.r.r.m.a.ResponseBodyResultHandler - Using 'application/json' given [application/json] and supported [application/json, application/*+json, application/x-jackson-smile, application/*+x-jackson-smile, text/event-stream]
14:08:36.067 [reactor-http-nio-8] DEBUG o.s.w.r.r.m.a.ResponseBodyResultHandler - [27450ed2-52] 0..1 [java.util.List<org.springframework.web.reactive.result.method.annotation.RequestMappingMessageConversionIntegrationTests$Person>]
14:08:36.067 [reactor-http-nio-8] DEBUG o.s.h.c.j.Jackson2JsonEncoder - [27450ed2-52] Encoding [[Person{name='Robert'}, Person{name='Marie'}]]
14:08:36.069 [reactor-http-nio-8] DEBUG o.s.w.s.a.HttpWebHandlerAdapter - [27450ed2-52] Completed 200 OK
14:08:36.071 [Test worker] DEBUG o.s.w.c.RestTemplate - Response 200 OK
14:08:36.071 [Test worker] DEBUG o.s.w.c.RestTemplate - Reading to [java.util.List<org.springframework.web.reactive.result.method.annotation.RequestMappingMessageConversionIntegrationTests$Person>]
14:08:36.072 [Test worker] DEBUG o.s.w.t.h.s.r.b.ReactorHttpServer - Stopping ReactorHttpServer...
14:08:36.072 [Test worker] DEBUG o.s.w.t.h.s.r.b.ReactorHttpServer - Server stopped (0 millis).
14:08:36.212 [Test worker] DEBUG o.s.w.r.r.m.a.RequestMappingHandlerMapping - 34 mappings in 'requestMappingHandlerMapping'
14:08:36.257 [Test worker] DEBUG o.s.w.r.r.m.a.ControllerMethodResolver - ControllerAdvice beans: none
14:08:36.296 [Test worker] DEBUG o.s.w.s.a.HttpWebHandlerAdapter - enableLoggingRequestDetails='false': form data and headers will be masked to prevent unsafe logging of potentially sensitive data
14:08:36.296 [Test worker] DEBUG o.s.w.t.h.s.r.b.TomcatHttpServer - Starting TomcatHttpServer...
14:08:36.307 [Test worker] DEBUG o.s.w.t.h.s.r.b.TomcatHttpServer - Server started on port 61717(0 millis).
14:08:36.307 [Test worker] DEBUG o.s.w.c.RestTemplate - HTTP GET http://localhost:61717/person-response/list
14:08:36.308 [Test worker] DEBUG o.s.w.c.RestTemplate - Accept=[application/json, application/x-jackson-smile, application/*+json]
14:08:36.313 [http-nio-auto-50-exec-1] DEBUG o.s.w.s.a.HttpWebHandlerAdapter - [681ab659] HTTP GET "/person-response/list"
14:08:36.313 [http-nio-auto-50-exec-1] DEBUG o.s.w.r.r.m.a.RequestMappingHandlerMapping - [681ab659] Mapped to org.springframework.web.reactive.result.method.annotation.RequestMappingMessageConversionIntegrationTests$PersonResponseBodyController#getList()
14:08:36.314 [http-nio-auto-50-exec-1] DEBUG o.s.w.r.r.m.a.ResponseBodyResultHandler - Using 'application/json' given [application/json] and supported [application/json, application/*+json, application/x-jackson-smile, application/*+x-jackson-smile, text/event-stream]
14:08:36.314 [http-nio-auto-50-exec-1] DEBUG o.s.w.r.r.m.a.ResponseBodyResultHandler - [681ab659] 0..1 [java.util.List<org.springframework.web.reactive.result.method.annotation.RequestMappingMessageConversionIntegrationTests$Person>]
14:08:36.314 [http-nio-auto-50-exec-1] DEBUG o.s.h.c.j.Jackson2JsonEncoder - [681ab659] Encoding [[Person{name='Robert'}, Person{name='Marie'}]]
14:08:36.315 [http-nio-auto-50-exec-1] DEBUG o.s.w.s.a.HttpWebHandlerAdapter - [681ab659] Completed 200 OK
14:08:36.321 [Test worker] DEBUG o.s.w.c.RestTemplate - Response 200 OK
14:08:36.322 [Test worker] DEBUG o.s.w.c.RestTemplate - Reading to [java.util.List<org.springframework.web.reactive.result.method.annotation.RequestMappingMessageConversionIntegrationTests$Person>]
14:08:36.323 [Test worker] DEBUG o.s.w.t.h.s.r.b.TomcatHttpServer - Stopping TomcatHttpServer...
14:08:36.386 [Test worker] DEBUG o.s.w.t.h.s.r.b.TomcatHttpServer - Server stopped (0 millis).
14:08:36.566 [Test worker] DEBUG o.s.w.r.r.m.a.RequestMappingHandlerMapping - 34 mappings in 'requestMappingHandlerMapping'
14:08:36.608 [Test worker] DEBUG o.s.w.r.r.m.a.ControllerMethodResolver - ControllerAdvice beans: none
14:08:36.683 [Test worker] DEBUG o.s.w.s.a.HttpWebHandlerAdapter - enableLoggingRequestDetails='false': form data and headers will be masked to prevent unsafe logging of potentially sensitive data
14:08:36.683 [Test worker] DEBUG o.s.w.t.h.s.r.b.UndertowHttpServer - Starting UndertowHttpServer...
14:08:36.683 [Test worker] INFO  i.undertow - starting server: Undertow - 2.1.3.Final
14:08:36.687 [Test worker] DEBUG o.s.w.t.h.s.r.b.UndertowHttpServer - Server started on port 61720(0 millis).
14:08:36.687 [Test worker] DEBUG o.s.w.c.RestTemplate - HTTP GET http://localhost:61720/person-response/list
14:08:36.687 [Test worker] DEBUG o.s.w.c.RestTemplate - Accept=[application/json, application/x-jackson-smile, application/*+json]
14:08:36.689 [XNIO-50 I/O-8] DEBUG o.s.w.s.a.HttpWebHandlerAdapter - [6e25aa81] HTTP GET "/person-response/list"
14:08:36.690 [XNIO-50 I/O-8] DEBUG o.s.w.r.r.m.a.RequestMappingHandlerMapping - [6e25aa81] Mapped to org.springframework.web.reactive.result.method.annotation.RequestMappingMessageConversionIntegrationTests$PersonResponseBodyController#getList()
14:08:36.690 [XNIO-50 I/O-8] DEBUG o.s.w.r.r.m.a.ResponseBodyResultHandler - Using 'application/json' given [application/json] and supported [application/json, application/*+json, application/x-jackson-smile, application/*+x-jackson-smile, text/event-stream]
14:08:36.690 [XNIO-50 I/O-8] DEBUG o.s.w.r.r.m.a.ResponseBodyResultHandler - [6e25aa81] 0..1 [java.util.List<org.springframework.web.reactive.result.method.annotation.RequestMappingMessageConversionIntegrationTests$Person>]
14:08:36.691 [XNIO-50 I/O-8] DEBUG o.s.h.c.j.Jackson2JsonEncoder - [6e25aa81] Encoding [[Person{name='Robert'}, Person{name='Marie'}]]
14:08:36.692 [XNIO-50 I/O-8] DEBUG o.s.w.s.a.HttpWebHandlerAdapter - [6e25aa81] Completed 200 OK
14:08:36.692 [Test worker] DEBUG o.s.w.c.RestTemplate - Response 200 OK
14:08:36.692 [Test worker] DEBUG o.s.w.c.RestTemplate - Reading to [java.util.List<org.springframework.web.reactive.result.method.annotation.RequestMappingMessageConversionIntegrationTests$Person>]
14:08:36.693 [Test worker] DEBUG o.s.w.t.h.s.r.b.UndertowHttpServer - Stopping UndertowHttpServer...
14:08:36.693 [Test worker] INFO  i.undertow - stopping server: Undertow - 2.1.3.Final
14:08:36.695 [Test worker] DEBUG o.s.w.t.h.s.r.b.UndertowHttpServer - Server stopped (0 millis).
14:08:36.796 [Test worker] DEBUG o.s.w.r.r.m.a.RequestMappingHandlerMapping - 34 mappings in 'requestMappingHandlerMapping'
14:08:36.854 [Test worker] DEBUG o.s.w.r.r.m.a.ControllerMethodResolver - ControllerAdvice beans: none
14:08:36.893 [Test worker] DEBUG o.s.w.s.a.HttpWebHandlerAdapter - enableLoggingRequestDetails='false': form data and headers will be masked to prevent unsafe logging of potentially sensitive data
14:08:36.894 [Test worker] WARN  o.e.j.s.h.ContextHandler - Empty contextPath
14:08:36.896 [Test worker] INFO  o.e.j.s.h.ContextHandler - Started o.e.j.s.ServletContextHandler@159ef74c{/,null,AVAILABLE}
14:08:36.897 [Test worker] DEBUG o.s.w.t.h.s.r.b.JettyHttpServer - Starting JettyHttpServer...
14:08:36.897 [Test worker] INFO  o.e.j.s.Server - jetty-9.4.30.v20200611; built: 2020-06-11T12:34:51.929Z; git: 271836e4c1f4612f12b7bb13ef5a92a927634b0d; jvm 1.8.0_73-b02
14:08:36.901 [Test worker] INFO  o.e.j.s.AbstractConnector - Started ServerConnector@11f95f47{HTTP/1.1, (http/1.1)}{0.0.0.0:61722}
14:08:36.903 [Test worker] INFO  o.e.j.s.Server - Started @116615ms
14:08:36.903 [Test worker] DEBUG o.s.w.t.h.s.r.b.JettyHttpServer - Server started on port 61722(0 millis).
14:08:36.903 [Test worker] DEBUG o.s.w.c.RestTemplate - HTTP GET http://localhost:61722/person-response/mono
14:08:36.904 [Test worker] DEBUG o.s.w.c.RestTemplate - Accept=[application/xml, text/xml, application/json, application/x-jackson-smile, application/*+xml, application/*+json]
14:08:36.909 [qtp444825791-1691] DEBUG o.s.w.s.a.HttpWebHandlerAdapter - [7c58b9cf] HTTP GET "/person-response/mono"
14:08:36.910 [qtp444825791-1691] DEBUG o.s.w.r.r.m.a.RequestMappingHandlerMapping - [7c58b9cf] Mapped to org.springframework.web.reactive.result.method.annotation.RequestMappingMessageConversionIntegrationTests$PersonResponseBodyController#getMono()
14:08:36.912 [qtp444825791-1691] DEBUG o.s.w.r.r.m.a.ResponseBodyResultHandler - Using 'application/json' given [application/json] and supported [application/json, application/*+json, application/x-jackson-smile, application/*+x-jackson-smile, application/xml, text/xml, text/event-stream]
14:08:36.912 [qtp444825791-1691] DEBUG o.s.w.r.r.m.a.ResponseBodyResultHandler - [7c58b9cf] 0..1 [org.springframework.web.reactive.result.method.annotation.RequestMappingMessageConversionIntegrationTests$Person]
14:08:36.913 [qtp444825791-1691] DEBUG o.s.h.c.j.Jackson2JsonEncoder - [7c58b9cf] Encoding [Person{name='Robert'}]
14:08:36.914 [qtp444825791-1691] DEBUG o.s.w.s.a.HttpWebHandlerAdapter - [7c58b9cf] Completed 200 OK
14:08:36.914 [Test worker] DEBUG o.s.w.c.RestTemplate - Response 200 OK
14:08:36.915 [Test worker] DEBUG o.s.w.c.RestTemplate - Reading to [org.springframework.web.reactive.result.method.annotation.RequestMappingMessageConversionIntegrationTests$Person]
14:08:36.916 [Test worker] DEBUG o.s.w.t.h.s.r.b.JettyHttpServer - Stopping JettyHttpServer...
14:08:36.917 [Test worker] INFO  o.e.j.s.h.ContextHandler - Stopped o.e.j.s.ServletContextHandler@159ef74c{/,null,UNAVAILABLE}
14:08:36.920 [Test worker] INFO  o.e.j.s.AbstractConnector - Stopped ServerConnector@11f95f47{HTTP/1.1, (http/1.1)}{0.0.0.0:0}
14:08:36.931 [Test worker] DEBUG o.s.w.t.h.s.r.b.JettyHttpServer - Server stopped (0 millis).
14:08:37.205 [Test worker] DEBUG o.s.w.r.r.m.a.RequestMappingHandlerMapping - 34 mappings in 'requestMappingHandlerMapping'
14:08:37.294 [Test worker] DEBUG o.s.w.r.r.m.a.ControllerMethodResolver - ControllerAdvice beans: none
14:08:37.387 [Test worker] DEBUG o.s.w.s.a.HttpWebHandlerAdapter - enableLoggingRequestDetails='false': form data and headers will be masked to prevent unsafe logging of potentially sensitive data
14:08:37.387 [Test worker] DEBUG o.s.w.t.h.s.r.b.ReactorHttpServer - Starting ReactorHttpServer...
14:08:37.388 [Test worker] DEBUG o.s.w.t.h.s.r.b.ReactorHttpServer - Server started on port 61724(0 millis).
14:08:37.388 [Test worker] DEBUG o.s.w.c.RestTemplate - HTTP GET http://localhost:61724/person-response/mono
14:08:37.390 [Test worker] DEBUG o.s.w.c.RestTemplate - Accept=[application/xml, text/xml, application/json, application/x-jackson-smile, application/*+xml, application/*+json]
14:08:37.392 [reactor-http-nio-2] DEBUG o.s.w.s.a.HttpWebHandlerAdapter - [db079777-53] HTTP GET "/person-response/mono"
14:08:37.392 [reactor-http-nio-2] DEBUG o.s.w.r.r.m.a.RequestMappingHandlerMapping - [db079777-53] Mapped to org.springframework.web.reactive.result.method.annotation.RequestMappingMessageConversionIntegrationTests$PersonResponseBodyController#getMono()
14:08:37.394 [reactor-http-nio-2] DEBUG o.s.w.r.r.m.a.ResponseBodyResultHandler - Using 'application/json' given [application/json] and supported [application/json, application/*+json, application/x-jackson-smile, application/*+x-jackson-smile, application/xml, text/xml, text/event-stream]
14:08:37.394 [reactor-http-nio-2] DEBUG o.s.w.r.r.m.a.ResponseBodyResultHandler - [db079777-53] 0..1 [org.springframework.web.reactive.result.method.annotation.RequestMappingMessageConversionIntegrationTests$Person]
14:08:37.394 [reactor-http-nio-2] DEBUG o.s.h.c.j.Jackson2JsonEncoder - [db079777-53] Encoding [Person{name='Robert'}]
14:08:37.395 [reactor-http-nio-2] DEBUG o.s.w.s.a.HttpWebHandlerAdapter - [db079777-53] Completed 200 OK
14:08:37.395 [Test worker] DEBUG o.s.w.c.RestTemplate - Response 200 OK
14:08:37.396 [Test worker] DEBUG o.s.w.c.RestTemplate - Reading to [org.springframework.web.reactive.result.method.annotation.RequestMappingMessageConversionIntegrationTests$Person]
14:08:37.396 [Test worker] DEBUG o.s.w.t.h.s.r.b.ReactorHttpServer - Stopping ReactorHttpServer...
14:08:37.396 [Test worker] DEBUG o.s.w.t.h.s.r.b.ReactorHttpServer - Server stopped (0 millis).
14:08:37.493 [Test worker] DEBUG o.s.w.r.r.m.a.RequestMappingHandlerMapping - 34 mappings in 'requestMappingHandlerMapping'
14:08:37.541 [Test worker] DEBUG o.s.w.r.r.m.a.ControllerMethodResolver - ControllerAdvice beans: none
14:08:37.558 [Test worker] DEBUG o.s.w.s.a.HttpWebHandlerAdapter - enableLoggingRequestDetails='false': form data and headers will be masked to prevent unsafe logging of potentially sensitive data
14:08:37.559 [Test worker] DEBUG o.s.w.t.h.s.r.b.TomcatHttpServer - Starting TomcatHttpServer...
14:08:37.575 [Test worker] DEBUG o.s.w.t.h.s.r.b.TomcatHttpServer - Server started on port 61726(0 millis).
14:08:37.575 [Test worker] DEBUG o.s.w.c.RestTemplate - HTTP GET http://localhost:61726/person-response/mono
14:08:37.577 [Test worker] DEBUG o.s.w.c.RestTemplate - Accept=[application/xml, text/xml, application/json, application/x-jackson-smile, application/*+xml, application/*+json]
14:08:37.581 [http-nio-auto-51-exec-1] DEBUG o.s.w.s.a.HttpWebHandlerAdapter - [3e12648e] HTTP GET "/person-response/mono"
14:08:37.582 [http-nio-auto-51-exec-1] DEBUG o.s.w.r.r.m.a.RequestMappingHandlerMapping - [3e12648e] Mapped to org.springframework.web.reactive.result.method.annotation.RequestMappingMessageConversionIntegrationTests$PersonResponseBodyController#getMono()
14:08:37.583 [http-nio-auto-51-exec-1] DEBUG o.s.w.r.r.m.a.ResponseBodyResultHandler - Using 'application/json' given [application/json] and supported [application/json, application/*+json, application/x-jackson-smile, application/*+x-jackson-smile, application/xml, text/xml, text/event-stream]
14:08:37.583 [http-nio-auto-51-exec-1] DEBUG o.s.w.r.r.m.a.ResponseBodyResultHandler - [3e12648e] 0..1 [org.springframework.web.reactive.result.method.annotation.RequestMappingMessageConversionIntegrationTests$Person]
14:08:37.583 [http-nio-auto-51-exec-1] DEBUG o.s.h.c.j.Jackson2JsonEncoder - [3e12648e] Encoding [Person{name='Robert'}]
14:08:37.584 [http-nio-auto-51-exec-1] DEBUG o.s.w.s.a.HttpWebHandlerAdapter - [3e12648e] Completed 200 OK
14:08:37.586 [Test worker] DEBUG o.s.w.c.RestTemplate - Response 200 OK
14:08:37.586 [Test worker] DEBUG o.s.w.c.RestTemplate - Reading to [org.springframework.web.reactive.result.method.annotation.RequestMappingMessageConversionIntegrationTests$Person]
14:08:37.586 [Test worker] DEBUG o.s.w.t.h.s.r.b.TomcatHttpServer - Stopping TomcatHttpServer...
14:08:37.598 [Test worker] DEBUG o.s.w.t.h.s.r.b.TomcatHttpServer - Server stopped (0 millis).
14:08:37.752 [Test worker] DEBUG o.s.w.r.r.m.a.RequestMappingHandlerMapping - 34 mappings in 'requestMappingHandlerMapping'
14:08:37.790 [Test worker] DEBUG o.s.w.r.r.m.a.ControllerMethodResolver - ControllerAdvice beans: none
14:08:37.821 [Test worker] DEBUG o.s.w.s.a.HttpWebHandlerAdapter - enableLoggingRequestDetails='false': form data and headers will be masked to prevent unsafe logging of potentially sensitive data
14:08:37.821 [Test worker] DEBUG o.s.w.t.h.s.r.b.UndertowHttpServer - Starting UndertowHttpServer...
14:08:37.821 [Test worker] INFO  i.undertow - starting server: Undertow - 2.1.3.Final
14:08:37.825 [Test worker] DEBUG o.s.w.t.h.s.r.b.UndertowHttpServer - Server started on port 61729(0 millis).
14:08:37.825 [Test worker] DEBUG o.s.w.c.RestTemplate - HTTP GET http://localhost:61729/person-response/mono
14:08:37.826 [Test worker] DEBUG o.s.w.c.RestTemplate - Accept=[application/xml, text/xml, application/json, application/x-jackson-smile, application/*+xml, application/*+json]
14:08:37.828 [XNIO-51 I/O-1] DEBUG o.s.w.s.a.HttpWebHandlerAdapter - [45c44fd9] HTTP GET "/person-response/mono"
14:08:37.828 [XNIO-51 I/O-1] DEBUG o.s.w.r.r.m.a.RequestMappingHandlerMapping - [45c44fd9] Mapped to org.springframework.web.reactive.result.method.annotation.RequestMappingMessageConversionIntegrationTests$PersonResponseBodyController#getMono()
14:08:37.830 [XNIO-51 I/O-1] DEBUG o.s.w.r.r.m.a.ResponseBodyResultHandler - Using 'application/json' given [application/json] and supported [application/json, application/*+json, application/x-jackson-smile, application/*+x-jackson-smile, application/xml, text/xml, text/event-stream]
14:08:37.830 [XNIO-51 I/O-1] DEBUG o.s.w.r.r.m.a.ResponseBodyResultHandler - [45c44fd9] 0..1 [org.springframework.web.reactive.result.method.annotation.RequestMappingMessageConversionIntegrationTests$Person]
14:08:37.830 [XNIO-51 I/O-1] DEBUG o.s.h.c.j.Jackson2JsonEncoder - [45c44fd9] Encoding [Person{name='Robert'}]
14:08:37.831 [XNIO-51 I/O-1] DEBUG o.s.w.s.a.HttpWebHandlerAdapter - [45c44fd9] Completed 200 OK
14:08:37.832 [Test worker] DEBUG o.s.w.c.RestTemplate - Response 200 OK
14:08:37.832 [Test worker] DEBUG o.s.w.c.RestTemplate - Reading to [org.springframework.web.reactive.result.method.annotation.RequestMappingMessageConversionIntegrationTests$Person]
14:08:37.832 [Test worker] DEBUG o.s.w.t.h.s.r.b.UndertowHttpServer - Stopping UndertowHttpServer...
14:08:37.832 [Test worker] INFO  i.undertow - stopping server: Undertow - 2.1.3.Final
14:08:37.833 [Test worker] DEBUG o.s.w.t.h.s.r.b.UndertowHttpServer - Server stopped (0 millis).
14:08:37.923 [Test worker] DEBUG o.s.w.r.r.m.a.RequestMappingHandlerMapping - 34 mappings in 'requestMappingHandlerMapping'
14:08:37.957 [Test worker] DEBUG o.s.w.r.r.m.a.ControllerMethodResolver - ControllerAdvice beans: none
14:08:37.972 [Test worker] DEBUG o.s.w.s.a.HttpWebHandlerAdapter - enableLoggingRequestDetails='false': form data and headers will be masked to prevent unsafe logging of potentially sensitive data
14:08:37.972 [Test worker] WARN  o.e.j.s.h.ContextHandler - Empty contextPath
14:08:37.972 [Test worker] INFO  o.e.j.s.h.ContextHandler - Started o.e.j.s.ServletContextHandler@1c4f5904{/,null,AVAILABLE}
14:08:37.973 [Test worker] DEBUG o.s.w.t.h.s.r.b.JettyHttpServer - Starting JettyHttpServer...
14:08:37.973 [Test worker] INFO  o.e.j.s.Server - jetty-9.4.30.v20200611; built: 2020-06-11T12:34:51.929Z; git: 271836e4c1f4612f12b7bb13ef5a92a927634b0d; jvm 1.8.0_73-b02
14:08:37.976 [Test worker] INFO  o.e.j.s.AbstractConnector - Started ServerConnector@77f0dd3c{HTTP/1.1, (http/1.1)}{0.0.0.0:61731}
14:08:37.976 [Test worker] INFO  o.e.j.s.Server - Started @117688ms
14:08:37.976 [Test worker] DEBUG o.s.w.t.h.s.r.b.JettyHttpServer - Server started on port 61731(0 millis).
14:08:37.976 [Test worker] DEBUG o.s.w.c.RestTemplate - HTTP POST http://localhost:61731/person-transform/observable
14:08:37.976 [Test worker] DEBUG o.s.w.c.RestTemplate - Accept=[application/json, application/x-jackson-smile, application/*+json]
14:08:37.977 [Test worker] DEBUG o.s.w.c.RestTemplate - Writing [[Person{name='Robert'}, Person{name='Marie'}]] as "application/json"
14:08:37.979 [qtp1923081731-1724] DEBUG o.s.w.s.a.HttpWebHandlerAdapter - [758bba3f] HTTP POST "/person-transform/observable"
14:08:37.980 [qtp1923081731-1724] DEBUG o.s.w.r.r.m.a.RequestMappingHandlerMapping - [758bba3f] Mapped to org.springframework.web.reactive.result.method.annotation.RequestMappingMessageConversionIntegrationTests$PersonTransformationController#transformObservable(Observable)
14:08:37.980 [qtp1923081731-1724] DEBUG o.s.w.r.r.m.a.RequestBodyMethodArgumentResolver - [758bba3f] Content-Type:application/json
14:08:37.981 [qtp1923081731-1724] DEBUG o.s.w.r.r.m.a.RequestBodyMethodArgumentResolver - [758bba3f] 0..N [org.springframework.web.reactive.result.method.annotation.RequestMappingMessageConversionIntegrationTests$Person]
14:08:37.982 [qtp1923081731-1724] DEBUG o.s.w.r.r.m.a.ResponseBodyResultHandler - Using 'application/json' given [application/json] and supported [application/json, application/*+json, application/x-jackson-smile, application/*+x-jackson-smile, application/xml, text/xml, text/event-stream]
14:08:37.982 [qtp1923081731-1724] DEBUG o.s.w.r.r.m.a.ResponseBodyResultHandler - [758bba3f] 0..N [org.springframework.web.reactive.result.method.annotation.RequestMappingMessageConversionIntegrationTests$Person]
14:08:37.984 [qtp1923081731-1724] DEBUG o.s.h.c.j.Jackson2JsonDecoder - [758bba3f] Decoded [Person{name='Robert'}]
14:08:37.984 [qtp1923081731-1724] DEBUG o.s.h.c.j.Jackson2JsonDecoder - [758bba3f] Decoded [Person{name='Marie'}]
14:08:37.985 [qtp1923081731-1724] DEBUG o.s.h.c.j.Jackson2JsonEncoder - [758bba3f] Encoding [[Person{name='ROBERT'}, Person{name='MARIE'}]]
14:08:37.985 [qtp1923081731-1724] DEBUG o.s.w.s.a.HttpWebHandlerAdapter - [758bba3f] Completed 200 OK
14:08:37.985 [Test worker] DEBUG o.s.w.c.RestTemplate - Response 200 OK
14:08:37.986 [Test worker] DEBUG o.s.w.c.RestTemplate - Reading to [java.util.List<org.springframework.web.reactive.result.method.annotation.RequestMappingMessageConversionIntegrationTests$Person>]
14:08:37.987 [Test worker] DEBUG o.s.w.t.h.s.r.b.JettyHttpServer - Stopping JettyHttpServer...
14:08:37.987 [Test worker] INFO  o.e.j.s.h.ContextHandler - Stopped o.e.j.s.ServletContextHandler@1c4f5904{/,null,UNAVAILABLE}
14:08:37.988 [Test worker] INFO  o.e.j.s.AbstractConnector - Stopped ServerConnector@77f0dd3c{HTTP/1.1, (http/1.1)}{0.0.0.0:0}
14:08:38.006 [Test worker] DEBUG o.s.w.t.h.s.r.b.JettyHttpServer - Server stopped (0 millis).
14:08:38.062 [Test worker] DEBUG o.s.w.r.r.m.a.RequestMappingHandlerMapping - 34 mappings in 'requestMappingHandlerMapping'
14:08:38.083 [Test worker] DEBUG o.s.w.r.r.m.a.ControllerMethodResolver - ControllerAdvice beans: none
14:08:38.098 [Test worker] DEBUG o.s.w.s.a.HttpWebHandlerAdapter - enableLoggingRequestDetails='false': form data and headers will be masked to prevent unsafe logging of potentially sensitive data
14:08:38.098 [Test worker] DEBUG o.s.w.t.h.s.r.b.ReactorHttpServer - Starting ReactorHttpServer...
14:08:38.099 [Test worker] DEBUG o.s.w.t.h.s.r.b.ReactorHttpServer - Server started on port 61733(0 millis).
14:08:38.100 [Test worker] DEBUG o.s.w.c.RestTemplate - HTTP POST http://localhost:61733/person-transform/observable
14:08:38.100 [Test worker] DEBUG o.s.w.c.RestTemplate - Accept=[application/json, application/x-jackson-smile, application/*+json]
14:08:38.101 [Test worker] DEBUG o.s.w.c.RestTemplate - Writing [[Person{name='Robert'}, Person{name='Marie'}]] as "application/json"
14:08:38.103 [reactor-http-nio-4] DEBUG o.s.w.s.a.HttpWebHandlerAdapter - [f315d3a9-54] HTTP POST "/person-transform/observable"
14:08:38.104 [reactor-http-nio-4] DEBUG o.s.w.r.r.m.a.RequestMappingHandlerMapping - [f315d3a9-54] Mapped to org.springframework.web.reactive.result.method.annotation.RequestMappingMessageConversionIntegrationTests$PersonTransformationController#transformObservable(Observable)
14:08:38.104 [reactor-http-nio-4] DEBUG o.s.w.r.r.m.a.RequestBodyMethodArgumentResolver - [f315d3a9-54] Content-Type:application/json
14:08:38.105 [reactor-http-nio-4] DEBUG o.s.w.r.r.m.a.RequestBodyMethodArgumentResolver - [f315d3a9-54] 0..N [org.springframework.web.reactive.result.method.annotation.RequestMappingMessageConversionIntegrationTests$Person]
14:08:38.106 [reactor-http-nio-4] DEBUG o.s.w.r.r.m.a.ResponseBodyResultHandler - Using 'application/json' given [application/json] and supported [application/json, application/*+json, application/x-jackson-smile, application/*+x-jackson-smile, application/xml, text/xml, text/event-stream]
14:08:38.106 [reactor-http-nio-4] DEBUG o.s.w.r.r.m.a.ResponseBodyResultHandler - [f315d3a9-54] 0..N [org.springframework.web.reactive.result.method.annotation.RequestMappingMessageConversionIntegrationTests$Person]
14:08:38.107 [reactor-http-nio-4] DEBUG o.s.h.c.j.Jackson2JsonDecoder - [f315d3a9-54] Decoded [Person{name='Robert'}]
14:08:38.107 [reactor-http-nio-4] DEBUG o.s.h.c.j.Jackson2JsonDecoder - [f315d3a9-54] Decoded [Person{name='Marie'}]
14:08:38.107 [reactor-http-nio-4] DEBUG o.s.h.c.j.Jackson2JsonEncoder - [f315d3a9-54] Encoding [[Person{name='ROBERT'}, Person{name='MARIE'}]]
14:08:38.109 [reactor-http-nio-4] DEBUG o.s.w.s.a.HttpWebHandlerAdapter - [f315d3a9-54] Completed 200 OK
14:08:38.109 [Test worker] DEBUG o.s.w.c.RestTemplate - Response 200 OK
14:08:38.109 [Test worker] DEBUG o.s.w.c.RestTemplate - Reading to [java.util.List<org.springframework.web.reactive.result.method.annotation.RequestMappingMessageConversionIntegrationTests$Person>]
14:08:38.110 [Test worker] DEBUG o.s.w.t.h.s.r.b.ReactorHttpServer - Stopping ReactorHttpServer...
14:08:38.111 [Test worker] DEBUG o.s.w.t.h.s.r.b.ReactorHttpServer - Server stopped (0 millis).
14:08:38.161 [Test worker] DEBUG o.s.w.r.r.m.a.RequestMappingHandlerMapping - 34 mappings in 'requestMappingHandlerMapping'
14:08:38.193 [Test worker] DEBUG o.s.w.r.r.m.a.ControllerMethodResolver - ControllerAdvice beans: none
14:08:38.234 [Test worker] DEBUG o.s.w.s.a.HttpWebHandlerAdapter - enableLoggingRequestDetails='false': form data and headers will be masked to prevent unsafe logging of potentially sensitive data
14:08:38.235 [Test worker] DEBUG o.s.w.t.h.s.r.b.TomcatHttpServer - Starting TomcatHttpServer...
14:08:38.255 [Test worker] DEBUG o.s.w.t.h.s.r.b.TomcatHttpServer - Server started on port 61735(0 millis).
14:08:38.255 [Test worker] DEBUG o.s.w.c.RestTemplate - HTTP POST http://localhost:61735/person-transform/observable
14:08:38.255 [Test worker] DEBUG o.s.w.c.RestTemplate - Accept=[application/json, application/x-jackson-smile, application/*+json]
14:08:38.256 [Test worker] DEBUG o.s.w.c.RestTemplate - Writing [[Person{name='Robert'}, Person{name='Marie'}]] as "application/json"
14:08:38.260 [http-nio-auto-52-exec-1] DEBUG o.s.w.s.a.HttpWebHandlerAdapter - [2f3f8d30] HTTP POST "/person-transform/observable"
14:08:38.260 [http-nio-auto-52-exec-1] DEBUG o.s.w.r.r.m.a.RequestMappingHandlerMapping - [2f3f8d30] Mapped to org.springframework.web.reactive.result.method.annotation.RequestMappingMessageConversionIntegrationTests$PersonTransformationController#transformObservable(Observable)
14:08:38.261 [http-nio-auto-52-exec-1] DEBUG o.s.w.r.r.m.a.RequestBodyMethodArgumentResolver - [2f3f8d30] Content-Type:application/json
14:08:38.261 [http-nio-auto-52-exec-1] DEBUG o.s.w.r.r.m.a.RequestBodyMethodArgumentResolver - [2f3f8d30] 0..N [org.springframework.web.reactive.result.method.annotation.RequestMappingMessageConversionIntegrationTests$Person]
14:08:38.262 [http-nio-auto-52-exec-1] DEBUG o.s.w.r.r.m.a.ResponseBodyResultHandler - Using 'application/json' given [application/json] and supported [application/json, application/*+json, application/x-jackson-smile, application/*+x-jackson-smile, application/xml, text/xml, text/event-stream]
14:08:38.262 [http-nio-auto-52-exec-1] DEBUG o.s.w.r.r.m.a.ResponseBodyResultHandler - [2f3f8d30] 0..N [org.springframework.web.reactive.result.method.annotation.RequestMappingMessageConversionIntegrationTests$Person]
14:08:38.263 [http-nio-auto-52-exec-1] DEBUG o.s.h.c.j.Jackson2JsonDecoder - [2f3f8d30] Decoded [Person{name='Robert'}]
14:08:38.263 [http-nio-auto-52-exec-1] DEBUG o.s.h.c.j.Jackson2JsonDecoder - [2f3f8d30] Decoded [Person{name='Marie'}]
14:08:38.263 [http-nio-auto-52-exec-1] DEBUG o.s.h.c.j.Jackson2JsonEncoder - [2f3f8d30] Encoding [[Person{name='ROBERT'}, Person{name='MARIE'}]]
14:08:38.264 [http-nio-auto-52-exec-1] DEBUG o.s.w.s.a.HttpWebHandlerAdapter - [2f3f8d30] Completed 200 OK
14:08:38.264 [Test worker] DEBUG o.s.w.c.RestTemplate - Response 200 OK
14:08:38.264 [Test worker] DEBUG o.s.w.c.RestTemplate - Reading to [java.util.List<org.springframework.web.reactive.result.method.annotation.RequestMappingMessageConversionIntegrationTests$Person>]
14:08:38.265 [Test worker] DEBUG o.s.w.t.h.s.r.b.TomcatHttpServer - Stopping TomcatHttpServer...
14:08:38.272 [Test worker] DEBUG o.s.w.t.h.s.r.b.TomcatHttpServer - Server stopped (0 millis).
14:08:38.379 [Test worker] DEBUG o.s.w.r.r.m.a.RequestMappingHandlerMapping - 34 mappings in 'requestMappingHandlerMapping'
14:08:38.428 [Test worker] DEBUG o.s.w.r.r.m.a.ControllerMethodResolver - ControllerAdvice beans: none
14:08:38.443 [Test worker] DEBUG o.s.w.s.a.HttpWebHandlerAdapter - enableLoggingRequestDetails='false': form data and headers will be masked to prevent unsafe logging of potentially sensitive data
14:08:38.443 [Test worker] DEBUG o.s.w.t.h.s.r.b.UndertowHttpServer - Starting UndertowHttpServer...
14:08:38.443 [Test worker] INFO  i.undertow - starting server: Undertow - 2.1.3.Final
14:08:38.448 [Test worker] DEBUG o.s.w.t.h.s.r.b.UndertowHttpServer - Server started on port 61740(0 millis).
14:08:38.448 [Test worker] DEBUG o.s.w.c.RestTemplate - HTTP POST http://localhost:61740/person-transform/observable
14:08:38.449 [Test worker] DEBUG o.s.w.c.RestTemplate - Accept=[application/json, application/x-jackson-smile, application/*+json]
14:08:38.449 [Test worker] DEBUG o.s.w.c.RestTemplate - Writing [[Person{name='Robert'}, Person{name='Marie'}]] as "application/json"
14:08:38.451 [XNIO-52 I/O-1] DEBUG o.s.w.s.a.HttpWebHandlerAdapter - [756c2729] HTTP POST "/person-transform/observable"
14:08:38.452 [XNIO-52 I/O-1] DEBUG o.s.w.r.r.m.a.RequestMappingHandlerMapping - [756c2729] Mapped to org.springframework.web.reactive.result.method.annotation.RequestMappingMessageConversionIntegrationTests$PersonTransformationController#transformObservable(Observable)
14:08:38.452 [XNIO-52 I/O-1] DEBUG o.s.w.r.r.m.a.RequestBodyMethodArgumentResolver - [756c2729] Content-Type:application/json
14:08:38.453 [XNIO-52 I/O-1] DEBUG o.s.w.r.r.m.a.RequestBodyMethodArgumentResolver - [756c2729] 0..N [org.springframework.web.reactive.result.method.annotation.RequestMappingMessageConversionIntegrationTests$Person]
14:08:38.454 [XNIO-52 I/O-1] DEBUG o.s.w.r.r.m.a.ResponseBodyResultHandler - Using 'application/json' given [application/json] and supported [application/json, application/*+json, application/x-jackson-smile, application/*+x-jackson-smile, application/xml, text/xml, text/event-stream]
14:08:38.454 [XNIO-52 I/O-1] DEBUG o.s.w.r.r.m.a.ResponseBodyResultHandler - [756c2729] 0..N [org.springframework.web.reactive.result.method.annotation.RequestMappingMessageConversionIntegrationTests$Person]
14:08:38.454 [XNIO-52 I/O-1] DEBUG o.s.h.c.j.Jackson2JsonDecoder - [756c2729] Decoded [Person{name='Robert'}]
14:08:38.454 [XNIO-52 I/O-1] DEBUG o.s.h.c.j.Jackson2JsonDecoder - [756c2729] Decoded [Person{name='Marie'}]
14:08:38.455 [XNIO-52 I/O-1] DEBUG o.s.h.c.j.Jackson2JsonEncoder - [756c2729] Encoding [[Person{name='ROBERT'}, Person{name='MARIE'}]]
14:08:38.455 [XNIO-52 I/O-1] DEBUG o.s.w.s.a.HttpWebHandlerAdapter - [756c2729] Completed 200 OK
14:08:38.456 [Test worker] DEBUG o.s.w.c.RestTemplate - Response 200 OK
14:08:38.456 [Test worker] DEBUG o.s.w.c.RestTemplate - Reading to [java.util.List<org.springframework.web.reactive.result.method.annotation.RequestMappingMessageConversionIntegrationTests$Person>]
14:08:38.457 [Test worker] DEBUG o.s.w.t.h.s.r.b.UndertowHttpServer - Stopping UndertowHttpServer...
14:08:38.458 [Test worker] INFO  i.undertow - stopping server: Undertow - 2.1.3.Final
14:08:38.464 [Test worker] DEBUG o.s.w.t.h.s.r.b.UndertowHttpServer - Server stopped (0 millis).
14:08:38.531 [Test worker] DEBUG o.s.w.r.r.m.a.RequestMappingHandlerMapping - 34 mappings in 'requestMappingHandlerMapping'
14:08:38.551 [Test worker] DEBUG o.s.w.r.r.m.a.ControllerMethodResolver - ControllerAdvice beans: none
14:08:38.569 [Test worker] DEBUG o.s.w.s.a.HttpWebHandlerAdapter - enableLoggingRequestDetails='false': form data and headers will be masked to prevent unsafe logging of potentially sensitive data
14:08:38.569 [Test worker] WARN  o.e.j.s.h.ContextHandler - Empty contextPath
14:08:38.569 [Test worker] INFO  o.e.j.s.h.ContextHandler - Started o.e.j.s.ServletContextHandler@3c583866{/,null,AVAILABLE}
14:08:38.569 [Test worker] DEBUG o.s.w.t.h.s.r.b.JettyHttpServer - Starting JettyHttpServer...
14:08:38.569 [Test worker] INFO  o.e.j.s.Server - jetty-9.4.30.v20200611; built: 2020-06-11T12:34:51.929Z; git: 271836e4c1f4612f12b7bb13ef5a92a927634b0d; jvm 1.8.0_73-b02
14:08:38.572 [Test worker] INFO  o.e.j.s.AbstractConnector - Started ServerConnector@5b20f474{HTTP/1.1, (http/1.1)}{0.0.0.0:61743}
14:08:38.573 [Test worker] INFO  o.e.j.s.Server - Started @118285ms
14:08:38.573 [Test worker] DEBUG o.s.w.t.h.s.r.b.JettyHttpServer - Server started on port 61743(0 millis).
14:08:38.573 [Test worker] DEBUG o.s.w.c.RestTemplate - HTTP POST http://localhost:61743/person-create/publisher
14:08:38.573 [Test worker] DEBUG o.s.w.c.RestTemplate - Accept=[application/json, application/x-jackson-smile, application/*+json]
14:08:38.574 [Test worker] DEBUG o.s.w.c.RestTemplate - Writing [[Person{name='Robert'}, Person{name='Marie'}]] as "application/json"
14:08:38.577 [qtp79536527-1757] DEBUG o.s.w.s.a.HttpWebHandlerAdapter - [58d5673b] HTTP POST "/person-create/publisher"
14:08:38.578 [qtp79536527-1757] DEBUG o.s.w.r.r.m.a.RequestMappingHandlerMapping - [58d5673b] Mapped to org.springframework.web.reactive.result.method.annotation.RequestMappingMessageConversionIntegrationTests$PersonCreateController#createWithPublisher(Publisher)
14:08:38.578 [qtp79536527-1757] DEBUG o.s.w.r.r.m.a.RequestBodyMethodArgumentResolver - [58d5673b] Content-Type:application/json
14:08:38.579 [qtp79536527-1757] DEBUG o.s.w.r.r.m.a.RequestBodyMethodArgumentResolver - [58d5673b] 0..N [org.springframework.web.reactive.result.method.annotation.RequestMappingMessageConversionIntegrationTests$Person]
14:08:38.579 [qtp79536527-1757] DEBUG o.s.h.c.j.Jackson2JsonDecoder - [58d5673b] Decoded [Person{name='Robert'}]
14:08:38.580 [qtp79536527-1757] DEBUG o.s.h.c.j.Jackson2JsonDecoder - [58d5673b] Decoded [Person{name='Marie'}]
14:08:38.580 [qtp79536527-1757] DEBUG o.s.w.s.a.HttpWebHandlerAdapter - [58d5673b] Completed 200 OK
14:08:38.580 [Test worker] DEBUG o.s.w.c.RestTemplate - Response 200 OK
14:08:38.580 [Test worker] DEBUG o.s.w.t.h.s.r.b.JettyHttpServer - Stopping JettyHttpServer...
14:08:38.581 [Test worker] INFO  o.e.j.s.h.ContextHandler - Stopped o.e.j.s.ServletContextHandler@3c583866{/,null,UNAVAILABLE}
14:08:38.582 [Test worker] INFO  o.e.j.s.AbstractConnector - Stopped ServerConnector@5b20f474{HTTP/1.1, (http/1.1)}{0.0.0.0:0}
14:08:38.582 [Test worker] DEBUG o.s.w.t.h.s.r.b.JettyHttpServer - Server stopped (0 millis).
14:08:38.665 [Test worker] DEBUG o.s.w.r.r.m.a.RequestMappingHandlerMapping - 34 mappings in 'requestMappingHandlerMapping'
14:08:38.687 [Test worker] DEBUG o.s.w.r.r.m.a.ControllerMethodResolver - ControllerAdvice beans: none
14:08:38.709 [Test worker] DEBUG o.s.w.s.a.HttpWebHandlerAdapter - enableLoggingRequestDetails='false': form data and headers will be masked to prevent unsafe logging of potentially sensitive data
14:08:38.709 [Test worker] DEBUG o.s.w.t.h.s.r.b.ReactorHttpServer - Starting ReactorHttpServer...
14:08:38.713 [Test worker] DEBUG o.s.w.t.h.s.r.b.ReactorHttpServer - Server started on port 61746(0 millis).
14:08:38.714 [Test worker] DEBUG o.s.w.c.RestTemplate - HTTP POST http://localhost:61746/person-create/publisher
14:08:38.715 [Test worker] DEBUG o.s.w.c.RestTemplate - Accept=[application/json, application/x-jackson-smile, application/*+json]
14:08:38.715 [Test worker] DEBUG o.s.w.c.RestTemplate - Writing [[Person{name='Robert'}, Person{name='Marie'}]] as "application/json"
14:08:38.722 [reactor-http-nio-6] DEBUG o.s.w.s.a.HttpWebHandlerAdapter - [1df3ae6b-55] HTTP POST "/person-create/publisher"
14:08:38.722 [reactor-http-nio-6] DEBUG o.s.w.r.r.m.a.RequestMappingHandlerMapping - [1df3ae6b-55] Mapped to org.springframework.web.reactive.result.method.annotation.RequestMappingMessageConversionIntegrationTests$PersonCreateController#createWithPublisher(Publisher)
14:08:38.723 [reactor-http-nio-6] DEBUG o.s.w.r.r.m.a.RequestBodyMethodArgumentResolver - [1df3ae6b-55] Content-Type:application/json
14:08:38.723 [reactor-http-nio-6] DEBUG o.s.w.r.r.m.a.RequestBodyMethodArgumentResolver - [1df3ae6b-55] 0..N [org.springframework.web.reactive.result.method.annotation.RequestMappingMessageConversionIntegrationTests$Person]
14:08:38.725 [reactor-http-nio-6] DEBUG o.s.h.c.j.Jackson2JsonDecoder - [1df3ae6b-55] Decoded [Person{name='Robert'}]
14:08:38.725 [reactor-http-nio-6] DEBUG o.s.h.c.j.Jackson2JsonDecoder - [1df3ae6b-55] Decoded [Person{name='Marie'}]
14:08:38.725 [reactor-http-nio-6] DEBUG o.s.w.s.a.HttpWebHandlerAdapter - [1df3ae6b-55] Completed 200 OK
14:08:38.726 [Test worker] DEBUG o.s.w.c.RestTemplate - Response 200 OK
14:08:38.729 [Test worker] DEBUG o.s.w.t.h.s.r.b.ReactorHttpServer - Stopping ReactorHttpServer...
14:08:38.730 [Test worker] DEBUG o.s.w.t.h.s.r.b.ReactorHttpServer - Server stopped (0 millis).
14:08:38.803 [Test worker] DEBUG o.s.w.r.r.m.a.RequestMappingHandlerMapping - 34 mappings in 'requestMappingHandlerMapping'
14:08:38.828 [Test worker] DEBUG o.s.w.r.r.m.a.ControllerMethodResolver - ControllerAdvice beans: none
14:08:38.853 [Test worker] DEBUG o.s.w.s.a.HttpWebHandlerAdapter - enableLoggingRequestDetails='false': form data and headers will be masked to prevent unsafe logging of potentially sensitive data
14:08:38.854 [Test worker] DEBUG o.s.w.t.h.s.r.b.TomcatHttpServer - Starting TomcatHttpServer...
14:08:38.863 [Test worker] DEBUG o.s.w.t.h.s.r.b.TomcatHttpServer - Server started on port 61750(0 millis).
14:08:38.863 [Test worker] DEBUG o.s.w.c.RestTemplate - HTTP POST http://localhost:61750/person-create/publisher
14:08:38.865 [Test worker] DEBUG o.s.w.c.RestTemplate - Accept=[application/json, application/x-jackson-smile, application/*+json]
14:08:38.868 [Test worker] DEBUG o.s.w.c.RestTemplate - Writing [[Person{name='Robert'}, Person{name='Marie'}]] as "application/json"
14:08:38.876 [http-nio-auto-53-exec-1] DEBUG o.s.w.s.a.HttpWebHandlerAdapter - [2204fa55] HTTP POST "/person-create/publisher"
14:08:38.876 [http-nio-auto-53-exec-1] DEBUG o.s.w.r.r.m.a.RequestMappingHandlerMapping - [2204fa55] Mapped to org.springframework.web.reactive.result.method.annotation.RequestMappingMessageConversionIntegrationTests$PersonCreateController#createWithPublisher(Publisher)
14:08:38.876 [http-nio-auto-53-exec-1] DEBUG o.s.w.r.r.m.a.RequestBodyMethodArgumentResolver - [2204fa55] Content-Type:application/json
14:08:38.877 [http-nio-auto-53-exec-1] DEBUG o.s.w.r.r.m.a.RequestBodyMethodArgumentResolver - [2204fa55] 0..N [org.springframework.web.reactive.result.method.annotation.RequestMappingMessageConversionIntegrationTests$Person]
14:08:38.878 [http-nio-auto-53-exec-1] DEBUG o.s.h.c.j.Jackson2JsonDecoder - [2204fa55] Decoded [Person{name='Robert'}]
14:08:38.878 [http-nio-auto-53-exec-1] DEBUG o.s.h.c.j.Jackson2JsonDecoder - [2204fa55] Decoded [Person{name='Marie'}]
14:08:38.878 [http-nio-auto-53-exec-1] DEBUG o.s.w.s.a.HttpWebHandlerAdapter - [2204fa55] Completed 200 OK
14:08:38.881 [Test worker] DEBUG o.s.w.c.RestTemplate - Response 200 OK
14:08:38.881 [Test worker] DEBUG o.s.w.t.h.s.r.b.TomcatHttpServer - Stopping TomcatHttpServer...
14:08:38.889 [Test worker] DEBUG o.s.w.t.h.s.r.b.TomcatHttpServer - Server stopped (0 millis).
14:08:38.944 [Test worker] DEBUG o.s.w.r.r.m.a.RequestMappingHandlerMapping - 34 mappings in 'requestMappingHandlerMapping'
14:08:38.959 [Test worker] DEBUG o.s.w.r.r.m.a.ControllerMethodResolver - ControllerAdvice beans: none
14:08:38.975 [Test worker] DEBUG o.s.w.s.a.HttpWebHandlerAdapter - enableLoggingRequestDetails='false': form data and headers will be masked to prevent unsafe logging of potentially sensitive data
14:08:38.975 [Test worker] DEBUG o.s.w.t.h.s.r.b.UndertowHttpServer - Starting UndertowHttpServer...
14:08:38.975 [Test worker] INFO  i.undertow - starting server: Undertow - 2.1.3.Final
14:08:38.980 [Test worker] DEBUG o.s.w.t.h.s.r.b.UndertowHttpServer - Server started on port 61753(0 millis).
14:08:38.981 [Test worker] DEBUG o.s.w.c.RestTemplate - HTTP POST http://localhost:61753/person-create/publisher
14:08:38.982 [Test worker] DEBUG o.s.w.c.RestTemplate - Accept=[application/json, application/x-jackson-smile, application/*+json]
14:08:38.983 [Test worker] DEBUG o.s.w.c.RestTemplate - Writing [[Person{name='Robert'}, Person{name='Marie'}]] as "application/json"
14:08:38.985 [XNIO-53 I/O-6] DEBUG o.s.w.s.a.HttpWebHandlerAdapter - [3919d33d] HTTP POST "/person-create/publisher"
14:08:38.985 [XNIO-53 I/O-6] DEBUG o.s.w.r.r.m.a.RequestMappingHandlerMapping - [3919d33d] Mapped to org.springframework.web.reactive.result.method.annotation.RequestMappingMessageConversionIntegrationTests$PersonCreateController#createWithPublisher(Publisher)
14:08:38.986 [XNIO-53 I/O-6] DEBUG o.s.w.r.r.m.a.RequestBodyMethodArgumentResolver - [3919d33d] Content-Type:application/json
14:08:38.986 [XNIO-53 I/O-6] DEBUG o.s.w.r.r.m.a.RequestBodyMethodArgumentResolver - [3919d33d] 0..N [org.springframework.web.reactive.result.method.annotation.RequestMappingMessageConversionIntegrationTests$Person]
14:08:38.987 [XNIO-53 I/O-6] DEBUG o.s.h.c.j.Jackson2JsonDecoder - [3919d33d] Decoded [Person{name='Robert'}]
14:08:38.987 [XNIO-53 I/O-6] DEBUG o.s.h.c.j.Jackson2JsonDecoder - [3919d33d] Decoded [Person{name='Marie'}]
14:08:38.987 [XNIO-53 I/O-6] DEBUG o.s.w.s.a.HttpWebHandlerAdapter - [3919d33d] Completed 200 OK
14:08:38.987 [Test worker] DEBUG o.s.w.c.RestTemplate - Response 200 OK
14:08:38.988 [Test worker] DEBUG o.s.w.t.h.s.r.b.UndertowHttpServer - Stopping UndertowHttpServer...
14:08:38.988 [Test worker] INFO  i.undertow - stopping server: Undertow - 2.1.3.Final
14:08:38.989 [Test worker] DEBUG o.s.w.t.h.s.r.b.UndertowHttpServer - Server stopped (0 millis).
14:08:39.054 [Test worker] DEBUG o.s.w.r.r.m.a.RequestMappingHandlerMapping - 34 mappings in 'requestMappingHandlerMapping'
14:08:39.074 [Test worker] DEBUG o.s.w.r.r.m.a.ControllerMethodResolver - ControllerAdvice beans: none
14:08:39.097 [Test worker] DEBUG o.s.w.s.a.HttpWebHandlerAdapter - enableLoggingRequestDetails='false': form data and headers will be masked to prevent unsafe logging of potentially sensitive data
14:08:39.098 [Test worker] WARN  o.e.j.s.h.ContextHandler - Empty contextPath
14:08:39.098 [Test worker] INFO  o.e.j.s.h.ContextHandler - Started o.e.j.s.ServletContextHandler@54546f15{/,null,AVAILABLE}
14:08:39.098 [Test worker] DEBUG o.s.w.t.h.s.r.b.JettyHttpServer - Starting JettyHttpServer...
14:08:39.098 [Test worker] INFO  o.e.j.s.Server - jetty-9.4.30.v20200611; built: 2020-06-11T12:34:51.929Z; git: 271836e4c1f4612f12b7bb13ef5a92a927634b0d; jvm 1.8.0_73-b02
14:08:39.101 [Test worker] INFO  o.e.j.s.AbstractConnector - Started ServerConnector@5904ef91{HTTP/1.1, (http/1.1)}{0.0.0.0:61757}
14:08:39.101 [Test worker] INFO  o.e.j.s.Server - Started @118814ms
14:08:39.101 [Test worker] DEBUG o.s.w.t.h.s.r.b.JettyHttpServer - Server started on port 61757(0 millis).
14:08:39.101 [Test worker] DEBUG o.s.w.c.RestTemplate - HTTP GET http://localhost:61757/person-response/mono-empty
14:08:39.102 [Test worker] DEBUG o.s.w.c.RestTemplate - Accept=[application/xml, text/xml, application/json, application/x-jackson-smile, application/*+xml, application/*+json]
14:08:39.104 [qtp2041607396-1790] DEBUG o.s.w.s.a.HttpWebHandlerAdapter - [5a5ee989] HTTP GET "/person-response/mono-empty"
14:08:39.105 [qtp2041607396-1790] DEBUG o.s.w.r.r.m.a.RequestMappingHandlerMapping - [5a5ee989] Mapped to org.springframework.web.reactive.result.method.annotation.RequestMappingMessageConversionIntegrationTests$PersonResponseBodyController#getMonoEmpty()
14:08:39.106 [qtp2041607396-1790] DEBUG o.s.w.r.r.m.a.ResponseBodyResultHandler - Using 'application/json' given [application/json] and supported [application/json, application/*+json, application/x-jackson-smile, application/*+x-jackson-smile, application/xml, text/xml, text/event-stream]
14:08:39.106 [qtp2041607396-1790] DEBUG o.s.w.r.r.m.a.ResponseBodyResultHandler - [5a5ee989] 0..1 [org.springframework.web.reactive.result.method.annotation.RequestMappingMessageConversionIntegrationTests$Person]
14:08:39.106 [qtp2041607396-1790] DEBUG o.s.w.s.a.HttpWebHandlerAdapter - [5a5ee989] Completed 200 OK
14:08:39.107 [Test worker] DEBUG o.s.w.c.RestTemplate - Response 200 OK
14:08:39.107 [Test worker] DEBUG o.s.w.c.RestTemplate - HTTP GET http://localhost:61757/person-response/mono-empty
14:08:39.108 [Test worker] DEBUG o.s.w.c.RestTemplate - Accept=[application/xml, text/xml, application/json, application/x-jackson-smile, application/*+xml, application/*+json]
14:08:39.110 [qtp2041607396-1784] DEBUG o.s.w.s.a.HttpWebHandlerAdapter - [6cd45bbc] HTTP GET "/person-response/mono-empty"
14:08:39.110 [qtp2041607396-1784] DEBUG o.s.w.r.r.m.a.RequestMappingHandlerMapping - [6cd45bbc] Mapped to org.springframework.web.reactive.result.method.annotation.RequestMappingMessageConversionIntegrationTests$PersonResponseBodyController#getMonoEmpty()
14:08:39.111 [qtp2041607396-1784] DEBUG o.s.w.r.r.m.a.ResponseBodyResultHandler - Using 'application/json' given [application/json] and supported [application/json, application/*+json, application/x-jackson-smile, application/*+x-jackson-smile, application/xml, text/xml, text/event-stream]
14:08:39.111 [qtp2041607396-1784] DEBUG o.s.w.r.r.m.a.ResponseBodyResultHandler - [6cd45bbc] 0..1 [org.springframework.web.reactive.result.method.annotation.RequestMappingMessageConversionIntegrationTests$Person]
14:08:39.111 [qtp2041607396-1784] DEBUG o.s.w.s.a.HttpWebHandlerAdapter - [6cd45bbc] Completed 200 OK
14:08:39.111 [Test worker] DEBUG o.s.w.c.RestTemplate - Response 200 OK
14:08:39.112 [Test worker] DEBUG o.s.w.t.h.s.r.b.JettyHttpServer - Stopping JettyHttpServer...
14:08:39.112 [Test worker] INFO  o.e.j.s.h.ContextHandler - Stopped o.e.j.s.ServletContextHandler@54546f15{/,null,UNAVAILABLE}
14:08:39.113 [Test worker] INFO  o.e.j.s.AbstractConnector - Stopped ServerConnector@5904ef91{HTTP/1.1, (http/1.1)}{0.0.0.0:0}
14:08:39.113 [Test worker] DEBUG o.s.w.t.h.s.r.b.JettyHttpServer - Server stopped (0 millis).
14:08:39.164 [Test worker] DEBUG o.s.w.r.r.m.a.RequestMappingHandlerMapping - 34 mappings in 'requestMappingHandlerMapping'
14:08:39.187 [Test worker] DEBUG o.s.w.r.r.m.a.ControllerMethodResolver - ControllerAdvice beans: none
14:08:39.211 [Test worker] DEBUG o.s.w.s.a.HttpWebHandlerAdapter - enableLoggingRequestDetails='false': form data and headers will be masked to prevent unsafe logging of potentially sensitive data
14:08:39.211 [Test worker] DEBUG o.s.w.t.h.s.r.b.ReactorHttpServer - Starting ReactorHttpServer...
14:08:39.212 [Test worker] DEBUG o.s.w.t.h.s.r.b.ReactorHttpServer - Server started on port 61759(0 millis).
14:08:39.212 [Test worker] DEBUG o.s.w.c.RestTemplate - HTTP GET http://localhost:61759/person-response/mono-empty
14:08:39.213 [Test worker] DEBUG o.s.w.c.RestTemplate - Accept=[application/xml, text/xml, application/json, application/x-jackson-smile, application/*+xml, application/*+json]
14:08:39.218 [reactor-http-nio-8] DEBUG o.s.w.s.a.HttpWebHandlerAdapter - [f603e715-56] HTTP GET "/person-response/mono-empty"
14:08:39.218 [reactor-http-nio-8] DEBUG o.s.w.r.r.m.a.RequestMappingHandlerMapping - [f603e715-56] Mapped to org.springframework.web.reactive.result.method.annotation.RequestMappingMessageConversionIntegrationTests$PersonResponseBodyController#getMonoEmpty()
14:08:39.220 [reactor-http-nio-8] DEBUG o.s.w.r.r.m.a.ResponseBodyResultHandler - Using 'application/json' given [application/json] and supported [application/json, application/*+json, application/x-jackson-smile, application/*+x-jackson-smile, application/xml, text/xml, text/event-stream]
14:08:39.220 [reactor-http-nio-8] DEBUG o.s.w.r.r.m.a.ResponseBodyResultHandler - [f603e715-56] 0..1 [org.springframework.web.reactive.result.method.annotation.RequestMappingMessageConversionIntegrationTests$Person]
14:08:39.220 [reactor-http-nio-8] DEBUG o.s.w.s.a.HttpWebHandlerAdapter - [f603e715-56] Completed 200 OK
14:08:39.221 [Test worker] DEBUG o.s.w.c.RestTemplate - Response 200 OK
14:08:39.221 [Test worker] DEBUG o.s.w.c.RestTemplate - HTTP GET http://localhost:61759/person-response/mono-empty
14:08:39.221 [Test worker] DEBUG o.s.w.c.RestTemplate - Accept=[application/xml, text/xml, application/json, application/x-jackson-smile, application/*+xml, application/*+json]
14:08:39.224 [reactor-http-nio-8] DEBUG o.s.w.s.a.HttpWebHandlerAdapter - [f603e715-57] HTTP GET "/person-response/mono-empty"
14:08:39.225 [reactor-http-nio-8] DEBUG o.s.w.r.r.m.a.RequestMappingHandlerMapping - [f603e715-57] Mapped to org.springframework.web.reactive.result.method.annotation.RequestMappingMessageConversionIntegrationTests$PersonResponseBodyController#getMonoEmpty()
14:08:39.225 [reactor-http-nio-8] DEBUG o.s.w.r.r.m.a.ResponseBodyResultHandler - Using 'application/json' given [application/json] and supported [application/json, application/*+json, application/x-jackson-smile, application/*+x-jackson-smile, application/xml, text/xml, text/event-stream]
14:08:39.225 [reactor-http-nio-8] DEBUG o.s.w.r.r.m.a.ResponseBodyResultHandler - [f603e715-57] 0..1 [org.springframework.web.reactive.result.method.annotation.RequestMappingMessageConversionIntegrationTests$Person]
14:08:39.225 [reactor-http-nio-8] DEBUG o.s.w.s.a.HttpWebHandlerAdapter - [f603e715-57] Completed 200 OK
14:08:39.226 [Test worker] DEBUG o.s.w.c.RestTemplate - Response 200 OK
14:08:39.226 [Test worker] DEBUG o.s.w.t.h.s.r.b.ReactorHttpServer - Stopping ReactorHttpServer...
14:08:39.227 [Test worker] DEBUG o.s.w.t.h.s.r.b.ReactorHttpServer - Server stopped (0 millis).
14:08:39.286 [Test worker] DEBUG o.s.w.r.r.m.a.RequestMappingHandlerMapping - 34 mappings in 'requestMappingHandlerMapping'
14:08:39.341 [Test worker] DEBUG o.s.w.r.r.m.a.ControllerMethodResolver - ControllerAdvice beans: none
14:08:39.375 [Test worker] DEBUG o.s.w.s.a.HttpWebHandlerAdapter - enableLoggingRequestDetails='false': form data and headers will be masked to prevent unsafe logging of potentially sensitive data
14:08:39.375 [Test worker] DEBUG o.s.w.t.h.s.r.b.TomcatHttpServer - Starting TomcatHttpServer...
14:08:39.395 [Test worker] DEBUG o.s.w.t.h.s.r.b.TomcatHttpServer - Server started on port 61761(0 millis).
14:08:39.395 [Test worker] DEBUG o.s.w.c.RestTemplate - HTTP GET http://localhost:61761/person-response/mono-empty
14:08:39.396 [Test worker] DEBUG o.s.w.c.RestTemplate - Accept=[application/xml, text/xml, application/json, application/x-jackson-smile, application/*+xml, application/*+json]
14:08:39.399 [http-nio-auto-54-exec-1] DEBUG o.s.w.s.a.HttpWebHandlerAdapter - [2aa726de] HTTP GET "/person-response/mono-empty"
14:08:39.400 [http-nio-auto-54-exec-1] DEBUG o.s.w.r.r.m.a.RequestMappingHandlerMapping - [2aa726de] Mapped to org.springframework.web.reactive.result.method.annotation.RequestMappingMessageConversionIntegrationTests$PersonResponseBodyController#getMonoEmpty()
14:08:39.401 [http-nio-auto-54-exec-1] DEBUG o.s.w.r.r.m.a.ResponseBodyResultHandler - Using 'application/json' given [application/json] and supported [application/json, application/*+json, application/x-jackson-smile, application/*+x-jackson-smile, application/xml, text/xml, text/event-stream]
14:08:39.401 [http-nio-auto-54-exec-1] DEBUG o.s.w.r.r.m.a.ResponseBodyResultHandler - [2aa726de] 0..1 [org.springframework.web.reactive.result.method.annotation.RequestMappingMessageConversionIntegrationTests$Person]
14:08:39.401 [http-nio-auto-54-exec-1] DEBUG o.s.w.s.a.HttpWebHandlerAdapter - [2aa726de] Completed 200 OK
14:08:39.402 [Test worker] DEBUG o.s.w.c.RestTemplate - Response 200 OK
14:08:39.403 [Test worker] DEBUG o.s.w.c.RestTemplate - HTTP GET http://localhost:61761/person-response/mono-empty
14:08:39.403 [Test worker] DEBUG o.s.w.c.RestTemplate - Accept=[application/xml, text/xml, application/json, application/x-jackson-smile, application/*+xml, application/*+json]
14:08:39.404 [http-nio-auto-54-exec-2] DEBUG o.s.w.s.a.HttpWebHandlerAdapter - [7edc3e1d] HTTP GET "/person-response/mono-empty"
14:08:39.405 [http-nio-auto-54-exec-2] DEBUG o.s.w.r.r.m.a.RequestMappingHandlerMapping - [7edc3e1d] Mapped to org.springframework.web.reactive.result.method.annotation.RequestMappingMessageConversionIntegrationTests$PersonResponseBodyController#getMonoEmpty()
14:08:39.405 [http-nio-auto-54-exec-2] DEBUG o.s.w.r.r.m.a.ResponseBodyResultHandler - Using 'application/json' given [application/json] and supported [application/json, application/*+json, application/x-jackson-smile, application/*+x-jackson-smile, application/xml, text/xml, text/event-stream]
14:08:39.405 [http-nio-auto-54-exec-2] DEBUG o.s.w.r.r.m.a.ResponseBodyResultHandler - [7edc3e1d] 0..1 [org.springframework.web.reactive.result.method.annotation.RequestMappingMessageConversionIntegrationTests$Person]
14:08:39.406 [http-nio-auto-54-exec-2] DEBUG o.s.w.s.a.HttpWebHandlerAdapter - [7edc3e1d] Completed 200 OK
14:08:39.406 [Test worker] DEBUG o.s.w.c.RestTemplate - Response 200 OK
14:08:39.408 [Test worker] DEBUG o.s.w.t.h.s.r.b.TomcatHttpServer - Stopping TomcatHttpServer...
14:08:39.416 [Test worker] DEBUG o.s.w.t.h.s.r.b.TomcatHttpServer - Server stopped (0 millis).
14:08:39.478 [Test worker] DEBUG o.s.w.r.r.m.a.RequestMappingHandlerMapping - 34 mappings in 'requestMappingHandlerMapping'
14:08:39.511 [Test worker] DEBUG o.s.w.r.r.m.a.ControllerMethodResolver - ControllerAdvice beans: none
14:08:39.536 [Test worker] DEBUG o.s.w.s.a.HttpWebHandlerAdapter - enableLoggingRequestDetails='false': form data and headers will be masked to prevent unsafe logging of potentially sensitive data
14:08:39.536 [Test worker] DEBUG o.s.w.t.h.s.r.b.UndertowHttpServer - Starting UndertowHttpServer...
14:08:39.536 [Test worker] INFO  i.undertow - starting server: Undertow - 2.1.3.Final
14:08:39.540 [Test worker] DEBUG o.s.w.t.h.s.r.b.UndertowHttpServer - Server started on port 61766(0 millis).
14:08:39.541 [Test worker] DEBUG o.s.w.c.RestTemplate - HTTP GET http://localhost:61766/person-response/mono-empty
14:08:39.542 [Test worker] DEBUG o.s.w.c.RestTemplate - Accept=[application/xml, text/xml, application/json, application/x-jackson-smile, application/*+xml, application/*+json]
14:08:39.544 [XNIO-54 I/O-4] DEBUG o.s.w.s.a.HttpWebHandlerAdapter - [76c51aaf] HTTP GET "/person-response/mono-empty"
14:08:39.544 [XNIO-54 I/O-4] DEBUG o.s.w.r.r.m.a.RequestMappingHandlerMapping - [76c51aaf] Mapped to org.springframework.web.reactive.result.method.annotation.RequestMappingMessageConversionIntegrationTests$PersonResponseBodyController#getMonoEmpty()
14:08:39.545 [XNIO-54 I/O-4] DEBUG o.s.w.r.r.m.a.ResponseBodyResultHandler - Using 'application/json' given [application/json] and supported [application/json, application/*+json, application/x-jackson-smile, application/*+x-jackson-smile, application/xml, text/xml, text/event-stream]
14:08:39.545 [XNIO-54 I/O-4] DEBUG o.s.w.r.r.m.a.ResponseBodyResultHandler - [76c51aaf] 0..1 [org.springframework.web.reactive.result.method.annotation.RequestMappingMessageConversionIntegrationTests$Person]
14:08:39.546 [XNIO-54 I/O-4] DEBUG o.s.w.s.a.HttpWebHandlerAdapter - [76c51aaf] Completed 200 OK
14:08:39.546 [Test worker] DEBUG o.s.w.c.RestTemplate - Response 200 OK
14:08:39.546 [Test worker] DEBUG o.s.w.c.RestTemplate - HTTP GET http://localhost:61766/person-response/mono-empty
14:08:39.546 [Test worker] DEBUG o.s.w.c.RestTemplate - Accept=[application/xml, text/xml, application/json, application/x-jackson-smile, application/*+xml, application/*+json]
14:08:39.547 [XNIO-54 I/O-4] DEBUG o.s.w.s.a.HttpWebHandlerAdapter - [76c51aaf] HTTP GET "/person-response/mono-empty"
14:08:39.547 [XNIO-54 I/O-4] DEBUG o.s.w.r.r.m.a.RequestMappingHandlerMapping - [76c51aaf] Mapped to org.springframework.web.reactive.result.method.annotation.RequestMappingMessageConversionIntegrationTests$PersonResponseBodyController#getMonoEmpty()
14:08:39.548 [XNIO-54 I/O-4] DEBUG o.s.w.r.r.m.a.ResponseBodyResultHandler - Using 'application/json' given [application/json] and supported [application/json, application/*+json, application/x-jackson-smile, application/*+x-jackson-smile, application/xml, text/xml, text/event-stream]
14:08:39.548 [XNIO-54 I/O-4] DEBUG o.s.w.r.r.m.a.ResponseBodyResultHandler - [76c51aaf] 0..1 [org.springframework.web.reactive.result.method.annotation.RequestMappingMessageConversionIntegrationTests$Person]
14:08:39.548 [XNIO-54 I/O-4] DEBUG o.s.w.s.a.HttpWebHandlerAdapter - [76c51aaf] Completed 200 OK
14:08:39.548 [Test worker] DEBUG o.s.w.c.RestTemplate - Response 200 OK
14:08:39.548 [Test worker] DEBUG o.s.w.t.h.s.r.b.UndertowHttpServer - Stopping UndertowHttpServer...
14:08:39.548 [Test worker] INFO  i.undertow - stopping server: Undertow - 2.1.3.Final
14:08:39.550 [Test worker] DEBUG o.s.w.t.h.s.r.b.UndertowHttpServer - Server stopped (0 millis).
14:08:39.653 [Test worker] DEBUG o.s.w.r.r.m.a.RequestMappingHandlerMapping - 34 mappings in 'requestMappingHandlerMapping'
14:08:39.687 [Test worker] DEBUG o.s.w.r.r.m.a.ControllerMethodResolver - ControllerAdvice beans: none
14:08:39.708 [Test worker] DEBUG o.s.w.s.a.HttpWebHandlerAdapter - enableLoggingRequestDetails='false': form data and headers will be masked to prevent unsafe logging of potentially sensitive data
14:08:39.708 [Test worker] WARN  o.e.j.s.h.ContextHandler - Empty contextPath
14:08:39.742 [Test worker] INFO  o.e.j.s.h.ContextHandler - Started o.e.j.s.ServletContextHandler@f82d551{/,null,AVAILABLE}
14:08:39.743 [Test worker] DEBUG o.s.w.t.h.s.r.b.JettyHttpServer - Starting JettyHttpServer...
14:08:39.743 [Test worker] INFO  o.e.j.s.Server - jetty-9.4.30.v20200611; built: 2020-06-11T12:34:51.929Z; git: 271836e4c1f4612f12b7bb13ef5a92a927634b0d; jvm 1.8.0_73-b02
14:08:39.751 [Test worker] INFO  o.e.j.s.AbstractConnector - Started ServerConnector@7dcd8f1{HTTP/1.1, (http/1.1)}{0.0.0.0:61769}
14:08:39.752 [Test worker] INFO  o.e.j.s.Server - Started @119464ms
14:08:39.752 [Test worker] DEBUG o.s.w.t.h.s.r.b.JettyHttpServer - Server started on port 61769(0 millis).
14:08:39.752 [Test worker] DEBUG o.s.w.c.RestTemplate - HTTP GET http://localhost:61769/person-response/single
14:08:39.753 [Test worker] DEBUG o.s.w.c.RestTemplate - Accept=[application/xml, text/xml, application/json, application/x-jackson-smile, application/*+xml, application/*+json]
14:08:39.756 [qtp1714039295-1823] DEBUG o.s.w.s.a.HttpWebHandlerAdapter - [1309ba98] HTTP GET "/person-response/single"
14:08:39.756 [qtp1714039295-1823] DEBUG o.s.w.r.r.m.a.RequestMappingHandlerMapping - [1309ba98] Mapped to org.springframework.web.reactive.result.method.annotation.RequestMappingMessageConversionIntegrationTests$PersonResponseBodyController#getSingle()
14:08:39.758 [qtp1714039295-1823] DEBUG o.s.w.r.r.m.a.ResponseBodyResultHandler - Using 'application/json' given [application/json] and supported [application/json, application/*+json, application/x-jackson-smile, application/*+x-jackson-smile, application/xml, text/xml, text/event-stream]
14:08:39.758 [qtp1714039295-1823] DEBUG o.s.w.r.r.m.a.ResponseBodyResultHandler - [1309ba98] 0..1 [org.springframework.web.reactive.result.method.annotation.RequestMappingMessageConversionIntegrationTests$Person]
14:08:39.759 [qtp1714039295-1823] DEBUG o.s.h.c.j.Jackson2JsonEncoder - [1309ba98] Encoding [Person{name='Robert'}]
14:08:39.759 [qtp1714039295-1823] DEBUG o.s.w.s.a.HttpWebHandlerAdapter - [1309ba98] Completed 200 OK
14:08:39.759 [Test worker] DEBUG o.s.w.c.RestTemplate - Response 200 OK
14:08:39.760 [Test worker] DEBUG o.s.w.c.RestTemplate - Reading to [org.springframework.web.reactive.result.method.annotation.RequestMappingMessageConversionIntegrationTests$Person]
14:08:39.761 [Test worker] DEBUG o.s.w.t.h.s.r.b.JettyHttpServer - Stopping JettyHttpServer...
14:08:39.761 [Test worker] INFO  o.e.j.s.h.ContextHandler - Stopped o.e.j.s.ServletContextHandler@f82d551{/,null,UNAVAILABLE}
14:08:39.764 [Test worker] INFO  o.e.j.s.AbstractConnector - Stopped ServerConnector@7dcd8f1{HTTP/1.1, (http/1.1)}{0.0.0.0:0}
14:08:39.775 [Test worker] DEBUG o.s.w.t.h.s.r.b.JettyHttpServer - Server stopped (0 millis).
14:08:39.844 [Test worker] DEBUG o.s.w.r.r.m.a.RequestMappingHandlerMapping - 34 mappings in 'requestMappingHandlerMapping'
14:08:39.869 [Test worker] DEBUG o.s.w.r.r.m.a.ControllerMethodResolver - ControllerAdvice beans: none
14:08:39.899 [Test worker] DEBUG o.s.w.s.a.HttpWebHandlerAdapter - enableLoggingRequestDetails='false': form data and headers will be masked to prevent unsafe logging of potentially sensitive data
14:08:39.899 [Test worker] DEBUG o.s.w.t.h.s.r.b.ReactorHttpServer - Starting ReactorHttpServer...
14:08:39.902 [Test worker] DEBUG o.s.w.t.h.s.r.b.ReactorHttpServer - Server started on port 61773(0 millis).
14:08:39.902 [Test worker] DEBUG o.s.w.c.RestTemplate - HTTP GET http://localhost:61773/person-response/single
14:08:39.903 [Test worker] DEBUG o.s.w.c.RestTemplate - Accept=[application/xml, text/xml, application/json, application/x-jackson-smile, application/*+xml, application/*+json]
14:08:39.906 [reactor-http-nio-2] DEBUG o.s.w.s.a.HttpWebHandlerAdapter - [ee861483-58] HTTP GET "/person-response/single"
14:08:39.906 [reactor-http-nio-2] DEBUG o.s.w.r.r.m.a.RequestMappingHandlerMapping - [ee861483-58] Mapped to org.springframework.web.reactive.result.method.annotation.RequestMappingMessageConversionIntegrationTests$PersonResponseBodyController#getSingle()
14:08:39.907 [reactor-http-nio-2] DEBUG o.s.w.r.r.m.a.ResponseBodyResultHandler - Using 'application/json' given [application/json] and supported [application/json, application/*+json, application/x-jackson-smile, application/*+x-jackson-smile, application/xml, text/xml, text/event-stream]
14:08:39.907 [reactor-http-nio-2] DEBUG o.s.w.r.r.m.a.ResponseBodyResultHandler - [ee861483-58] 0..1 [org.springframework.web.reactive.result.method.annotation.RequestMappingMessageConversionIntegrationTests$Person]
14:08:39.908 [reactor-http-nio-2] DEBUG o.s.h.c.j.Jackson2JsonEncoder - [ee861483-58] Encoding [Person{name='Robert'}]
14:08:39.909 [reactor-http-nio-2] DEBUG o.s.w.s.a.HttpWebHandlerAdapter - [ee861483-58] Completed 200 OK
14:08:39.910 [Test worker] DEBUG o.s.w.c.RestTemplate - Response 200 OK
14:08:39.910 [Test worker] DEBUG o.s.w.c.RestTemplate - Reading to [org.springframework.web.reactive.result.method.annotation.RequestMappingMessageConversionIntegrationTests$Person]
14:08:39.911 [Test worker] DEBUG o.s.w.t.h.s.r.b.ReactorHttpServer - Stopping ReactorHttpServer...
14:08:39.911 [Test worker] DEBUG o.s.w.t.h.s.r.b.ReactorHttpServer - Server stopped (0 millis).
14:08:40.040 [Test worker] DEBUG o.s.w.r.r.m.a.RequestMappingHandlerMapping - 34 mappings in 'requestMappingHandlerMapping'
14:08:40.074 [Test worker] DEBUG o.s.w.r.r.m.a.ControllerMethodResolver - ControllerAdvice beans: none
14:08:40.097 [Test worker] DEBUG o.s.w.s.a.HttpWebHandlerAdapter - enableLoggingRequestDetails='false': form data and headers will be masked to prevent unsafe logging of potentially sensitive data
14:08:40.097 [Test worker] DEBUG o.s.w.t.h.s.r.b.TomcatHttpServer - Starting TomcatHttpServer...
14:08:40.106 [Test worker] DEBUG o.s.w.t.h.s.r.b.TomcatHttpServer - Server started on port 61777(0 millis).
14:08:40.106 [Test worker] DEBUG o.s.w.c.RestTemplate - HTTP GET http://localhost:61777/person-response/single
14:08:40.107 [Test worker] DEBUG o.s.w.c.RestTemplate - Accept=[application/xml, text/xml, application/json, application/x-jackson-smile, application/*+xml, application/*+json]
14:08:40.111 [http-nio-auto-55-exec-1] DEBUG o.s.w.s.a.HttpWebHandlerAdapter - [bc6cf5b] HTTP GET "/person-response/single"
14:08:40.111 [http-nio-auto-55-exec-1] DEBUG o.s.w.r.r.m.a.RequestMappingHandlerMapping - [bc6cf5b] Mapped to org.springframework.web.reactive.result.method.annotation.RequestMappingMessageConversionIntegrationTests$PersonResponseBodyController#getSingle()
14:08:40.112 [http-nio-auto-55-exec-1] DEBUG o.s.w.r.r.m.a.ResponseBodyResultHandler - Using 'application/json' given [application/json] and supported [application/json, application/*+json, application/x-jackson-smile, application/*+x-jackson-smile, application/xml, text/xml, text/event-stream]
14:08:40.112 [http-nio-auto-55-exec-1] DEBUG o.s.w.r.r.m.a.ResponseBodyResultHandler - [bc6cf5b] 0..1 [org.springframework.web.reactive.result.method.annotation.RequestMappingMessageConversionIntegrationTests$Person]
14:08:40.113 [http-nio-auto-55-exec-1] DEBUG o.s.h.c.j.Jackson2JsonEncoder - [bc6cf5b] Encoding [Person{name='Robert'}]
14:08:40.114 [http-nio-auto-55-exec-1] DEBUG o.s.w.s.a.HttpWebHandlerAdapter - [bc6cf5b] Completed 200 OK
14:08:40.114 [Test worker] DEBUG o.s.w.c.RestTemplate - Response 200 OK
14:08:40.114 [Test worker] DEBUG o.s.w.c.RestTemplate - Reading to [org.springframework.web.reactive.result.method.annotation.RequestMappingMessageConversionIntegrationTests$Person]
14:08:40.115 [Test worker] DEBUG o.s.w.t.h.s.r.b.TomcatHttpServer - Stopping TomcatHttpServer...
14:08:40.130 [Test worker] DEBUG o.s.w.t.h.s.r.b.TomcatHttpServer - Server stopped (0 millis).
14:08:40.189 [Test worker] DEBUG o.s.w.r.r.m.a.RequestMappingHandlerMapping - 34 mappings in 'requestMappingHandlerMapping'
14:08:40.231 [Test worker] DEBUG o.s.w.r.r.m.a.ControllerMethodResolver - ControllerAdvice beans: none
14:08:40.246 [Test worker] DEBUG o.s.w.s.a.HttpWebHandlerAdapter - enableLoggingRequestDetails='false': form data and headers will be masked to prevent unsafe logging of potentially sensitive data
14:08:40.246 [Test worker] DEBUG o.s.w.t.h.s.r.b.UndertowHttpServer - Starting UndertowHttpServer...
14:08:40.246 [Test worker] INFO  i.undertow - starting server: Undertow - 2.1.3.Final
14:08:40.252 [Test worker] DEBUG o.s.w.t.h.s.r.b.UndertowHttpServer - Server started on port 61780(0 millis).
14:08:40.252 [Test worker] DEBUG o.s.w.c.RestTemplate - HTTP GET http://localhost:61780/person-response/single
14:08:40.253 [Test worker] DEBUG o.s.w.c.RestTemplate - Accept=[application/xml, text/xml, application/json, application/x-jackson-smile, application/*+xml, application/*+json]
14:08:40.255 [XNIO-55 I/O-4] DEBUG o.s.w.s.a.HttpWebHandlerAdapter - [4b2b3d95] HTTP GET "/person-response/single"
14:08:40.255 [XNIO-55 I/O-4] DEBUG o.s.w.r.r.m.a.RequestMappingHandlerMapping - [4b2b3d95] Mapped to org.springframework.web.reactive.result.method.annotation.RequestMappingMessageConversionIntegrationTests$PersonResponseBodyController#getSingle()
14:08:40.257 [XNIO-55 I/O-4] DEBUG o.s.w.r.r.m.a.ResponseBodyResultHandler - Using 'application/json' given [application/json] and supported [application/json, application/*+json, application/x-jackson-smile, application/*+x-jackson-smile, application/xml, text/xml, text/event-stream]
14:08:40.257 [XNIO-55 I/O-4] DEBUG o.s.w.r.r.m.a.ResponseBodyResultHandler - [4b2b3d95] 0..1 [org.springframework.web.reactive.result.method.annotation.RequestMappingMessageConversionIntegrationTests$Person]
14:08:40.257 [XNIO-55 I/O-4] DEBUG o.s.h.c.j.Jackson2JsonEncoder - [4b2b3d95] Encoding [Person{name='Robert'}]
14:08:40.257 [XNIO-55 I/O-4] DEBUG o.s.w.s.a.HttpWebHandlerAdapter - [4b2b3d95] Completed 200 OK
14:08:40.258 [Test worker] DEBUG o.s.w.c.RestTemplate - Response 200 OK
14:08:40.258 [Test worker] DEBUG o.s.w.c.RestTemplate - Reading to [org.springframework.web.reactive.result.method.annotation.RequestMappingMessageConversionIntegrationTests$Person]
14:08:40.259 [Test worker] DEBUG o.s.w.t.h.s.r.b.UndertowHttpServer - Stopping UndertowHttpServer...
14:08:40.259 [Test worker] INFO  i.undertow - stopping server: Undertow - 2.1.3.Final
14:08:40.260 [Test worker] DEBUG o.s.w.t.h.s.r.b.UndertowHttpServer - Server stopped (0 millis).
14:08:40.359 [Test worker] DEBUG o.s.w.r.r.m.a.RequestMappingHandlerMapping - 34 mappings in 'requestMappingHandlerMapping'
14:08:40.397 [Test worker] DEBUG o.s.w.r.r.m.a.ControllerMethodResolver - ControllerAdvice beans: none
14:08:40.434 [Test worker] DEBUG o.s.w.s.a.HttpWebHandlerAdapter - enableLoggingRequestDetails='false': form data and headers will be masked to prevent unsafe logging of potentially sensitive data
14:08:40.435 [Test worker] WARN  o.e.j.s.h.ContextHandler - Empty contextPath
14:08:40.435 [Test worker] INFO  o.e.j.s.h.ContextHandler - Started o.e.j.s.ServletContextHandler@302c0093{/,null,AVAILABLE}
14:08:40.435 [Test worker] DEBUG o.s.w.t.h.s.r.b.JettyHttpServer - Starting JettyHttpServer...
14:08:40.435 [Test worker] INFO  o.e.j.s.Server - jetty-9.4.30.v20200611; built: 2020-06-11T12:34:51.929Z; git: 271836e4c1f4612f12b7bb13ef5a92a927634b0d; jvm 1.8.0_73-b02
14:08:40.438 [Test worker] INFO  o.e.j.s.AbstractConnector - Started ServerConnector@4fde2ffc{HTTP/1.1, (http/1.1)}{0.0.0.0:61784}
14:08:40.438 [Test worker] INFO  o.e.j.s.Server - Started @120151ms
14:08:40.438 [Test worker] DEBUG o.s.w.t.h.s.r.b.JettyHttpServer - Server started on port 61784(0 millis).
14:08:40.439 [Test worker] DEBUG o.s.w.c.RestTemplate - HTTP POST http://localhost:61784/23791
14:08:40.439 [Test worker] DEBUG o.s.w.c.RestTemplate - Accept=[text/plain, application/json, application/x-jackson-smile, application/*+json, */*]
14:08:40.439 [Test worker] DEBUG o.s.w.c.RestTemplate - Writing [Person{name='Robert'}] as "application/json"
14:08:40.441 [qtp1945759509-1856] DEBUG o.s.w.s.a.HttpWebHandlerAdapter - [4cde4323] HTTP POST "/23791"
14:08:40.442 [qtp1945759509-1856] DEBUG o.s.w.r.r.m.a.RequestMappingHandlerMapping - [4cde4323] Mapped to org.springframework.web.reactive.result.method.annotation.RequestMappingMessageConversionIntegrationTests$ConcreteController23791#test(Mono)
14:08:40.443 [qtp1945759509-1856] DEBUG o.s.w.r.r.m.a.RequestBodyMethodArgumentResolver - [4cde4323] Content-Type:application/json
14:08:40.446 [qtp1945759509-1856] DEBUG o.s.w.r.r.m.a.RequestBodyMethodArgumentResolver - [4cde4323] 0..1 [org.springframework.web.reactive.result.method.annotation.RequestMappingMessageConversionIntegrationTests$Person]
14:08:40.447 [qtp1945759509-1856] DEBUG o.s.w.r.r.m.a.ResponseBodyResultHandler - Using 'text/plain;charset=UTF-8' given [text/plain, application/json, application/x-jackson-smile, application/*+json, */*] and supported [text/plain;charset=UTF-8, text/event-stream, text/plain;charset=UTF-8, */*]
14:08:40.447 [qtp1945759509-1856] DEBUG o.s.w.r.r.m.a.ResponseBodyResultHandler - [4cde4323] 0..1 [java.lang.String]
14:08:40.448 [qtp1945759509-1856] DEBUG o.s.h.c.j.Jackson2JsonDecoder - [4cde4323] Decoded [Person{name='Robert'}]
14:08:40.448 [qtp1945759509-1856] DEBUG o.s.c.c.CharSequenceEncoder - [4cde4323] Writing "Person"
14:08:40.448 [qtp1945759509-1856] DEBUG o.s.w.s.a.HttpWebHandlerAdapter - [4cde4323] Completed 200 OK
14:08:40.448 [Test worker] DEBUG o.s.w.c.RestTemplate - Response 200 OK
14:08:40.448 [Test worker] DEBUG o.s.w.c.RestTemplate - Reading to [java.lang.String] as "text/plain;charset=utf-8"
14:08:40.449 [Test worker] DEBUG o.s.w.t.h.s.r.b.JettyHttpServer - Stopping JettyHttpServer...
14:08:40.449 [Test worker] INFO  o.e.j.s.h.ContextHandler - Stopped o.e.j.s.ServletContextHandler@302c0093{/,null,UNAVAILABLE}
14:08:40.450 [Test worker] INFO  o.e.j.s.AbstractConnector - Stopped ServerConnector@4fde2ffc{HTTP/1.1, (http/1.1)}{0.0.0.0:0}
14:08:40.466 [Test worker] DEBUG o.s.w.t.h.s.r.b.JettyHttpServer - Server stopped (0 millis).
14:08:40.545 [Test worker] DEBUG o.s.w.r.r.m.a.RequestMappingHandlerMapping - 34 mappings in 'requestMappingHandlerMapping'
14:08:40.564 [Test worker] DEBUG o.s.w.r.r.m.a.ControllerMethodResolver - ControllerAdvice beans: none
14:08:40.598 [Test worker] DEBUG o.s.w.s.a.HttpWebHandlerAdapter - enableLoggingRequestDetails='false': form data and headers will be masked to prevent unsafe logging of potentially sensitive data
14:08:40.600 [Test worker] DEBUG o.s.w.t.h.s.r.b.ReactorHttpServer - Starting ReactorHttpServer...
14:08:40.607 [Test worker] DEBUG o.s.w.t.h.s.r.b.ReactorHttpServer - Server started on port 61786(0 millis).
14:08:40.607 [Test worker] DEBUG o.s.w.c.RestTemplate - HTTP POST http://localhost:61786/23791
14:08:40.610 [Test worker] DEBUG o.s.w.c.RestTemplate - Accept=[text/plain, application/json, application/x-jackson-smile, application/*+json, */*]
14:08:40.610 [Test worker] DEBUG o.s.w.c.RestTemplate - Writing [Person{name='Robert'}] as "application/json"
14:08:40.613 [reactor-http-nio-4] DEBUG o.s.w.s.a.HttpWebHandlerAdapter - [6474f37e-59] HTTP POST "/23791"
14:08:40.614 [reactor-http-nio-4] DEBUG o.s.w.r.r.m.a.RequestMappingHandlerMapping - [6474f37e-59] Mapped to org.springframework.web.reactive.result.method.annotation.RequestMappingMessageConversionIntegrationTests$ConcreteController23791#test(Mono)
14:08:40.615 [reactor-http-nio-4] DEBUG o.s.w.r.r.m.a.RequestBodyMethodArgumentResolver - [6474f37e-59] Content-Type:application/json
14:08:40.616 [reactor-http-nio-4] DEBUG o.s.w.r.r.m.a.RequestBodyMethodArgumentResolver - [6474f37e-59] 0..1 [org.springframework.web.reactive.result.method.annotation.RequestMappingMessageConversionIntegrationTests$Person]
14:08:40.617 [reactor-http-nio-4] DEBUG o.s.w.r.r.m.a.ResponseBodyResultHandler - Using 'text/plain;charset=UTF-8' given [text/plain, application/json, application/x-jackson-smile, application/*+json, */*] and supported [text/plain;charset=UTF-8, text/event-stream, text/plain;charset=UTF-8, */*]
14:08:40.617 [reactor-http-nio-4] DEBUG o.s.w.r.r.m.a.ResponseBodyResultHandler - [6474f37e-59] 0..1 [java.lang.String]
14:08:40.619 [reactor-http-nio-4] DEBUG o.s.h.c.j.Jackson2JsonDecoder - [6474f37e-59] Decoded [Person{name='Robert'}]
14:08:40.619 [reactor-http-nio-4] DEBUG o.s.c.c.CharSequenceEncoder - [6474f37e-59] Writing "Person"
14:08:40.620 [reactor-http-nio-4] DEBUG o.s.w.s.a.HttpWebHandlerAdapter - [6474f37e-59] Completed 200 OK
14:08:40.620 [Test worker] DEBUG o.s.w.c.RestTemplate - Response 200 OK
14:08:40.620 [Test worker] DEBUG o.s.w.c.RestTemplate - Reading to [java.lang.String] as "text/plain;charset=UTF-8"
14:08:40.621 [Test worker] DEBUG o.s.w.t.h.s.r.b.ReactorHttpServer - Stopping ReactorHttpServer...
14:08:40.621 [Test worker] DEBUG o.s.w.t.h.s.r.b.ReactorHttpServer - Server stopped (0 millis).
14:08:40.699 [Test worker] DEBUG o.s.w.r.r.m.a.RequestMappingHandlerMapping - 34 mappings in 'requestMappingHandlerMapping'
14:08:40.742 [Test worker] DEBUG o.s.w.r.r.m.a.ControllerMethodResolver - ControllerAdvice beans: none
14:08:40.788 [Test worker] DEBUG o.s.w.s.a.HttpWebHandlerAdapter - enableLoggingRequestDetails='false': form data and headers will be masked to prevent unsafe logging of potentially sensitive data
14:08:40.788 [Test worker] DEBUG o.s.w.t.h.s.r.b.TomcatHttpServer - Starting TomcatHttpServer...
14:08:40.821 [Test worker] DEBUG o.s.w.t.h.s.r.b.TomcatHttpServer - Server started on port 61790(0 millis).
14:08:40.822 [Test worker] DEBUG o.s.w.c.RestTemplate - HTTP POST http://localhost:61790/23791
14:08:40.822 [Test worker] DEBUG o.s.w.c.RestTemplate - Accept=[text/plain, application/json, application/x-jackson-smile, application/*+json, */*]
14:08:40.824 [Test worker] DEBUG o.s.w.c.RestTemplate - Writing [Person{name='Robert'}] as "application/json"
14:08:40.828 [http-nio-auto-56-exec-1] DEBUG o.s.w.s.a.HttpWebHandlerAdapter - [1f979a99] HTTP POST "/23791"
14:08:40.829 [http-nio-auto-56-exec-1] DEBUG o.s.w.r.r.m.a.RequestMappingHandlerMapping - [1f979a99] Mapped to org.springframework.web.reactive.result.method.annotation.RequestMappingMessageConversionIntegrationTests$ConcreteController23791#test(Mono)
14:08:40.830 [http-nio-auto-56-exec-1] DEBUG o.s.w.r.r.m.a.RequestBodyMethodArgumentResolver - [1f979a99] Content-Type:application/json
14:08:40.830 [http-nio-auto-56-exec-1] DEBUG o.s.w.r.r.m.a.RequestBodyMethodArgumentResolver - [1f979a99] 0..1 [org.springframework.web.reactive.result.method.annotation.RequestMappingMessageConversionIntegrationTests$Person]
14:08:40.831 [http-nio-auto-56-exec-1] DEBUG o.s.w.r.r.m.a.ResponseBodyResultHandler - Using 'text/plain;charset=UTF-8' given [text/plain, application/json, application/x-jackson-smile, application/*+json, */*] and supported [text/plain;charset=UTF-8, text/event-stream, text/plain;charset=UTF-8, */*]
14:08:40.831 [http-nio-auto-56-exec-1] DEBUG o.s.w.r.r.m.a.ResponseBodyResultHandler - [1f979a99] 0..1 [java.lang.String]
14:08:40.832 [http-nio-auto-56-exec-1] DEBUG o.s.h.c.j.Jackson2JsonDecoder - [1f979a99] Decoded [Person{name='Robert'}]
14:08:40.832 [http-nio-auto-56-exec-1] DEBUG o.s.c.c.CharSequenceEncoder - [1f979a99] Writing "Person"
14:08:40.833 [http-nio-auto-56-exec-1] DEBUG o.s.w.s.a.HttpWebHandlerAdapter - [1f979a99] Completed 200 OK
14:08:40.833 [Test worker] DEBUG o.s.w.c.RestTemplate - Response 200 OK
14:08:40.833 [Test worker] DEBUG o.s.w.c.RestTemplate - Reading to [java.lang.String] as "text/plain;charset=UTF-8"
14:08:40.833 [Test worker] DEBUG o.s.w.t.h.s.r.b.TomcatHttpServer - Stopping TomcatHttpServer...
14:08:40.842 [Test worker] DEBUG o.s.w.t.h.s.r.b.TomcatHttpServer - Server stopped (0 millis).
14:08:40.900 [Test worker] DEBUG o.s.w.r.r.m.a.RequestMappingHandlerMapping - 34 mappings in 'requestMappingHandlerMapping'
14:08:40.953 [Test worker] DEBUG o.s.w.r.r.m.a.ControllerMethodResolver - ControllerAdvice beans: none
14:08:40.975 [Test worker] DEBUG o.s.w.s.a.HttpWebHandlerAdapter - enableLoggingRequestDetails='false': form data and headers will be masked to prevent unsafe logging of potentially sensitive data
14:08:40.975 [Test worker] DEBUG o.s.w.t.h.s.r.b.UndertowHttpServer - Starting UndertowHttpServer...
14:08:40.975 [Test worker] INFO  i.undertow - starting server: Undertow - 2.1.3.Final
14:08:40.982 [Test worker] DEBUG o.s.w.t.h.s.r.b.UndertowHttpServer - Server started on port 61793(0 millis).
14:08:40.982 [Test worker] DEBUG o.s.w.c.RestTemplate - HTTP POST http://localhost:61793/23791
14:08:40.982 [Test worker] DEBUG o.s.w.c.RestTemplate - Accept=[text/plain, application/json, application/x-jackson-smile, application/*+json, */*]
14:08:40.983 [Test worker] DEBUG o.s.w.c.RestTemplate - Writing [Person{name='Robert'}] as "application/json"
14:08:40.985 [XNIO-56 I/O-5] DEBUG o.s.w.s.a.HttpWebHandlerAdapter - [5e42844a] HTTP POST "/23791"
14:08:40.986 [XNIO-56 I/O-5] DEBUG o.s.w.r.r.m.a.RequestMappingHandlerMapping - [5e42844a] Mapped to org.springframework.web.reactive.result.method.annotation.RequestMappingMessageConversionIntegrationTests$ConcreteController23791#test(Mono)
14:08:40.986 [XNIO-56 I/O-5] DEBUG o.s.w.r.r.m.a.RequestBodyMethodArgumentResolver - [5e42844a] Content-Type:application/json
14:08:40.987 [XNIO-56 I/O-5] DEBUG o.s.w.r.r.m.a.RequestBodyMethodArgumentResolver - [5e42844a] 0..1 [org.springframework.web.reactive.result.method.annotation.RequestMappingMessageConversionIntegrationTests$Person]
14:08:40.987 [XNIO-56 I/O-5] DEBUG o.s.w.r.r.m.a.ResponseBodyResultHandler - Using 'text/plain;charset=UTF-8' given [text/plain, application/json, application/x-jackson-smile, application/*+json, */*] and supported [text/plain;charset=UTF-8, text/event-stream, text/plain;charset=UTF-8, */*]
14:08:40.987 [XNIO-56 I/O-5] DEBUG o.s.w.r.r.m.a.ResponseBodyResultHandler - [5e42844a] 0..1 [java.lang.String]
14:08:40.988 [XNIO-56 I/O-5] DEBUG o.s.h.c.j.Jackson2JsonDecoder - [5e42844a] Decoded [Person{name='Robert'}]
14:08:40.988 [XNIO-56 I/O-5] DEBUG o.s.c.c.CharSequenceEncoder - [5e42844a] Writing "Person"
14:08:40.988 [XNIO-56 I/O-5] DEBUG o.s.w.s.a.HttpWebHandlerAdapter - [5e42844a] Completed 200 OK
14:08:40.988 [Test worker] DEBUG o.s.w.c.RestTemplate - Response 200 OK
14:08:40.989 [Test worker] DEBUG o.s.w.c.RestTemplate - Reading to [java.lang.String] as "text/plain;charset=UTF-8"
14:08:40.989 [Test worker] DEBUG o.s.w.t.h.s.r.b.UndertowHttpServer - Stopping UndertowHttpServer...
14:08:40.989 [Test worker] INFO  i.undertow - stopping server: Undertow - 2.1.3.Final
14:08:40.992 [Test worker] DEBUG o.s.w.t.h.s.r.b.UndertowHttpServer - Server stopped (0 millis).
14:08:41.063 [Test worker] DEBUG o.s.w.r.r.m.a.RequestMappingHandlerMapping - 34 mappings in 'requestMappingHandlerMapping'
14:08:41.088 [Test worker] DEBUG o.s.w.r.r.m.a.ControllerMethodResolver - ControllerAdvice beans: none
14:08:41.110 [Test worker] DEBUG o.s.w.s.a.HttpWebHandlerAdapter - enableLoggingRequestDetails='false': form data and headers will be masked to prevent unsafe logging of potentially sensitive data
14:08:41.110 [Test worker] WARN  o.e.j.s.h.ContextHandler - Empty contextPath
14:08:41.111 [Test worker] INFO  o.e.j.s.h.ContextHandler - Started o.e.j.s.ServletContextHandler@4c24e83c{/,null,AVAILABLE}
14:08:41.111 [Test worker] DEBUG o.s.w.t.h.s.r.b.JettyHttpServer - Starting JettyHttpServer...
14:08:41.111 [Test worker] INFO  o.e.j.s.Server - jetty-9.4.30.v20200611; built: 2020-06-11T12:34:51.929Z; git: 271836e4c1f4612f12b7bb13ef5a92a927634b0d; jvm 1.8.0_73-b02
14:08:41.114 [Test worker] INFO  o.e.j.s.AbstractConnector - Started ServerConnector@52dbc647{HTTP/1.1, (http/1.1)}{0.0.0.0:61797}
14:08:41.114 [Test worker] INFO  o.e.j.s.Server - Started @120827ms
14:08:41.114 [Test worker] DEBUG o.s.w.t.h.s.r.b.JettyHttpServer - Server started on port 61797(0 millis).
14:08:41.115 [Test worker] DEBUG o.s.w.c.RestTemplate - HTTP POST http://localhost:61797/person-transform/maybe
14:08:41.116 [Test worker] DEBUG o.s.w.c.RestTemplate - Accept=[application/xml, text/xml, application/json, application/x-jackson-smile, application/*+xml, application/*+json]
14:08:41.117 [Test worker] DEBUG o.s.w.c.RestTemplate - Writing [Person{name='Robert'}] as "application/json"
14:08:41.120 [qtp1323906340-1889] DEBUG o.s.w.s.a.HttpWebHandlerAdapter - [5e56eebd] HTTP POST "/person-transform/maybe"
14:08:41.120 [qtp1323906340-1889] DEBUG o.s.w.r.r.m.a.RequestMappingHandlerMapping - [5e56eebd] Mapped to org.springframework.web.reactive.result.method.annotation.RequestMappingMessageConversionIntegrationTests$PersonTransformationController#transformMaybe(Maybe)
14:08:41.121 [qtp1323906340-1889] DEBUG o.s.w.r.r.m.a.RequestBodyMethodArgumentResolver - [5e56eebd] Content-Type:application/json
14:08:41.122 [qtp1323906340-1889] DEBUG o.s.w.r.r.m.a.RequestBodyMethodArgumentResolver - [5e56eebd] 0..1 [org.springframework.web.reactive.result.method.annotation.RequestMappingMessageConversionIntegrationTests$Person]
14:08:41.123 [qtp1323906340-1889] DEBUG o.s.w.r.r.m.a.ResponseBodyResultHandler - Using 'application/json' given [application/json] and supported [application/json, application/*+json, application/x-jackson-smile, application/*+x-jackson-smile, application/xml, text/xml, text/event-stream]
14:08:41.123 [qtp1323906340-1889] DEBUG o.s.w.r.r.m.a.ResponseBodyResultHandler - [5e56eebd] 0..1 [org.springframework.web.reactive.result.method.annotation.RequestMappingMessageConversionIntegrationTests$Person]
14:08:41.125 [qtp1323906340-1889] DEBUG o.s.h.c.j.Jackson2JsonDecoder - [5e56eebd] Decoded [Person{name='Robert'}]
14:08:41.125 [qtp1323906340-1889] DEBUG o.s.h.c.j.Jackson2JsonEncoder - [5e56eebd] Encoding [Person{name='ROBERT'}]
14:08:41.125 [qtp1323906340-1889] DEBUG o.s.w.s.a.HttpWebHandlerAdapter - [5e56eebd] Completed 200 OK
14:08:41.126 [Test worker] DEBUG o.s.w.c.RestTemplate - Response 200 OK
14:08:41.126 [Test worker] DEBUG o.s.w.c.RestTemplate - Reading to [org.springframework.web.reactive.result.method.annotation.RequestMappingMessageConversionIntegrationTests$Person]
14:08:41.126 [Test worker] DEBUG o.s.w.t.h.s.r.b.JettyHttpServer - Stopping JettyHttpServer...
14:08:41.127 [Test worker] INFO  o.e.j.s.h.ContextHandler - Stopped o.e.j.s.ServletContextHandler@4c24e83c{/,null,UNAVAILABLE}
14:08:41.128 [Test worker] INFO  o.e.j.s.AbstractConnector - Stopped ServerConnector@52dbc647{HTTP/1.1, (http/1.1)}{0.0.0.0:0}
14:08:41.131 [Test worker] DEBUG o.s.w.t.h.s.r.b.JettyHttpServer - Server stopped (0 millis).
14:08:41.187 [Test worker] DEBUG o.s.w.r.r.m.a.RequestMappingHandlerMapping - 34 mappings in 'requestMappingHandlerMapping'
14:08:41.232 [Test worker] DEBUG o.s.w.r.r.m.a.ControllerMethodResolver - ControllerAdvice beans: none
14:08:41.252 [Test worker] DEBUG o.s.w.s.a.HttpWebHandlerAdapter - enableLoggingRequestDetails='false': form data and headers will be masked to prevent unsafe logging of potentially sensitive data
14:08:41.252 [Test worker] DEBUG o.s.w.t.h.s.r.b.ReactorHttpServer - Starting ReactorHttpServer...
14:08:41.253 [Test worker] DEBUG o.s.w.t.h.s.r.b.ReactorHttpServer - Server started on port 61799(0 millis).
14:08:41.254 [Test worker] DEBUG o.s.w.c.RestTemplate - HTTP POST http://localhost:61799/person-transform/maybe
14:08:41.255 [Test worker] DEBUG o.s.w.c.RestTemplate - Accept=[application/xml, text/xml, application/json, application/x-jackson-smile, application/*+xml, application/*+json]
14:08:41.255 [Test worker] DEBUG o.s.w.c.RestTemplate - Writing [Person{name='Robert'}] as "application/json"
14:08:41.257 [reactor-http-nio-6] DEBUG o.s.w.s.a.HttpWebHandlerAdapter - [0699d850-60] HTTP POST "/person-transform/maybe"
14:08:41.258 [reactor-http-nio-6] DEBUG o.s.w.r.r.m.a.RequestMappingHandlerMapping - [0699d850-60] Mapped to org.springframework.web.reactive.result.method.annotation.RequestMappingMessageConversionIntegrationTests$PersonTransformationController#transformMaybe(Maybe)
14:08:41.258 [reactor-http-nio-6] DEBUG o.s.w.r.r.m.a.RequestBodyMethodArgumentResolver - [0699d850-60] Content-Type:application/json
14:08:41.259 [reactor-http-nio-6] DEBUG o.s.w.r.r.m.a.RequestBodyMethodArgumentResolver - [0699d850-60] 0..1 [org.springframework.web.reactive.result.method.annotation.RequestMappingMessageConversionIntegrationTests$Person]
14:08:41.259 [reactor-http-nio-6] DEBUG o.s.w.r.r.m.a.ResponseBodyResultHandler - Using 'application/json' given [application/json] and supported [application/json, application/*+json, application/x-jackson-smile, application/*+x-jackson-smile, application/xml, text/xml, text/event-stream]
14:08:41.260 [reactor-http-nio-6] DEBUG o.s.w.r.r.m.a.ResponseBodyResultHandler - [0699d850-60] 0..1 [org.springframework.web.reactive.result.method.annotation.RequestMappingMessageConversionIntegrationTests$Person]
14:08:41.260 [reactor-http-nio-6] DEBUG o.s.h.c.j.Jackson2JsonDecoder - [0699d850-60] Decoded [Person{name='Robert'}]
14:08:41.260 [reactor-http-nio-6] DEBUG o.s.h.c.j.Jackson2JsonEncoder - [0699d850-60] Encoding [Person{name='ROBERT'}]
14:08:41.261 [reactor-http-nio-6] DEBUG o.s.w.s.a.HttpWebHandlerAdapter - [0699d850-60] Completed 200 OK
14:08:41.262 [Test worker] DEBUG o.s.w.c.RestTemplate - Response 200 OK
14:08:41.262 [Test worker] DEBUG o.s.w.c.RestTemplate - Reading to [org.springframework.web.reactive.result.method.annotation.RequestMappingMessageConversionIntegrationTests$Person]
14:08:41.262 [Test worker] DEBUG o.s.w.t.h.s.r.b.ReactorHttpServer - Stopping ReactorHttpServer...
14:08:41.262 [Test worker] DEBUG o.s.w.t.h.s.r.b.ReactorHttpServer - Server stopped (0 millis).
14:08:41.308 [Test worker] DEBUG o.s.w.r.r.m.a.RequestMappingHandlerMapping - 34 mappings in 'requestMappingHandlerMapping'
14:08:41.344 [Test worker] DEBUG o.s.w.r.r.m.a.ControllerMethodResolver - ControllerAdvice beans: none
14:08:41.363 [Test worker] DEBUG o.s.w.s.a.HttpWebHandlerAdapter - enableLoggingRequestDetails='false': form data and headers will be masked to prevent unsafe logging of potentially sensitive data
14:08:41.363 [Test worker] DEBUG o.s.w.t.h.s.r.b.TomcatHttpServer - Starting TomcatHttpServer...
14:08:41.377 [Test worker] DEBUG o.s.w.t.h.s.r.b.TomcatHttpServer - Server started on port 61803(0 millis).
14:08:41.377 [Test worker] DEBUG o.s.w.c.RestTemplate - HTTP POST http://localhost:61803/person-transform/maybe
14:08:41.378 [Test worker] DEBUG o.s.w.c.RestTemplate - Accept=[application/xml, text/xml, application/json, application/x-jackson-smile, application/*+xml, application/*+json]
14:08:41.378 [Test worker] DEBUG o.s.w.c.RestTemplate - Writing [Person{name='Robert'}] as "application/json"
14:08:41.382 [http-nio-auto-57-exec-1] DEBUG o.s.w.s.a.HttpWebHandlerAdapter - [2052a864] HTTP POST "/person-transform/maybe"
14:08:41.382 [http-nio-auto-57-exec-1] DEBUG o.s.w.r.r.m.a.RequestMappingHandlerMapping - [2052a864] Mapped to org.springframework.web.reactive.result.method.annotation.RequestMappingMessageConversionIntegrationTests$PersonTransformationController#transformMaybe(Maybe)
14:08:41.383 [http-nio-auto-57-exec-1] DEBUG o.s.w.r.r.m.a.RequestBodyMethodArgumentResolver - [2052a864] Content-Type:application/json
14:08:41.383 [http-nio-auto-57-exec-1] DEBUG o.s.w.r.r.m.a.RequestBodyMethodArgumentResolver - [2052a864] 0..1 [org.springframework.web.reactive.result.method.annotation.RequestMappingMessageConversionIntegrationTests$Person]
14:08:41.384 [http-nio-auto-57-exec-1] DEBUG o.s.w.r.r.m.a.ResponseBodyResultHandler - Using 'application/json' given [application/json] and supported [application/json, application/*+json, application/x-jackson-smile, application/*+x-jackson-smile, application/xml, text/xml, text/event-stream]
14:08:41.384 [http-nio-auto-57-exec-1] DEBUG o.s.w.r.r.m.a.ResponseBodyResultHandler - [2052a864] 0..1 [org.springframework.web.reactive.result.method.annotation.RequestMappingMessageConversionIntegrationTests$Person]
14:08:41.384 [http-nio-auto-57-exec-1] DEBUG o.s.h.c.j.Jackson2JsonDecoder - [2052a864] Decoded [Person{name='Robert'}]
14:08:41.384 [http-nio-auto-57-exec-1] DEBUG o.s.h.c.j.Jackson2JsonEncoder - [2052a864] Encoding [Person{name='ROBERT'}]
14:08:41.385 [http-nio-auto-57-exec-1] DEBUG o.s.w.s.a.HttpWebHandlerAdapter - [2052a864] Completed 200 OK
14:08:41.385 [Test worker] DEBUG o.s.w.c.RestTemplate - Response 200 OK
14:08:41.386 [Test worker] DEBUG o.s.w.c.RestTemplate - Reading to [org.springframework.web.reactive.result.method.annotation.RequestMappingMessageConversionIntegrationTests$Person]
14:08:41.387 [Test worker] DEBUG o.s.w.t.h.s.r.b.TomcatHttpServer - Stopping TomcatHttpServer...
14:08:41.400 [Test worker] DEBUG o.s.w.t.h.s.r.b.TomcatHttpServer - Server stopped (0 millis).
14:08:41.458 [Test worker] DEBUG o.s.w.r.r.m.a.RequestMappingHandlerMapping - 34 mappings in 'requestMappingHandlerMapping'
14:08:41.487 [Test worker] DEBUG o.s.w.r.r.m.a.ControllerMethodResolver - ControllerAdvice beans: none
14:08:41.527 [Test worker] DEBUG o.s.w.s.a.HttpWebHandlerAdapter - enableLoggingRequestDetails='false': form data and headers will be masked to prevent unsafe logging of potentially sensitive data
14:08:41.527 [Test worker] DEBUG o.s.w.t.h.s.r.b.UndertowHttpServer - Starting UndertowHttpServer...
14:08:41.528 [Test worker] INFO  i.undertow - starting server: Undertow - 2.1.3.Final
14:08:41.531 [Test worker] DEBUG o.s.w.t.h.s.r.b.UndertowHttpServer - Server started on port 61806(0 millis).
14:08:41.531 [Test worker] DEBUG o.s.w.c.RestTemplate - HTTP POST http://localhost:61806/person-transform/maybe
14:08:41.534 [Test worker] DEBUG o.s.w.c.RestTemplate - Accept=[application/xml, text/xml, application/json, application/x-jackson-smile, application/*+xml, application/*+json]
14:08:41.534 [Test worker] DEBUG o.s.w.c.RestTemplate - Writing [Person{name='Robert'}] as "application/json"
14:08:41.537 [XNIO-57 I/O-8] DEBUG o.s.w.s.a.HttpWebHandlerAdapter - [2ced8578] HTTP POST "/person-transform/maybe"
14:08:41.537 [XNIO-57 I/O-8] DEBUG o.s.w.r.r.m.a.RequestMappingHandlerMapping - [2ced8578] Mapped to org.springframework.web.reactive.result.method.annotation.RequestMappingMessageConversionIntegrationTests$PersonTransformationController#transformMaybe(Maybe)
14:08:41.538 [XNIO-57 I/O-8] DEBUG o.s.w.r.r.m.a.RequestBodyMethodArgumentResolver - [2ced8578] Content-Type:application/json
14:08:41.538 [XNIO-57 I/O-8] DEBUG o.s.w.r.r.m.a.RequestBodyMethodArgumentResolver - [2ced8578] 0..1 [org.springframework.web.reactive.result.method.annotation.RequestMappingMessageConversionIntegrationTests$Person]
14:08:41.539 [XNIO-57 I/O-8] DEBUG o.s.w.r.r.m.a.ResponseBodyResultHandler - Using 'application/json' given [application/json] and supported [application/json, application/*+json, application/x-jackson-smile, application/*+x-jackson-smile, application/xml, text/xml, text/event-stream]
14:08:41.539 [XNIO-57 I/O-8] DEBUG o.s.w.r.r.m.a.ResponseBodyResultHandler - [2ced8578] 0..1 [org.springframework.web.reactive.result.method.annotation.RequestMappingMessageConversionIntegrationTests$Person]
14:08:41.540 [XNIO-57 I/O-8] DEBUG o.s.h.c.j.Jackson2JsonDecoder - [2ced8578] Decoded [Person{name='Robert'}]
14:08:41.540 [XNIO-57 I/O-8] DEBUG o.s.h.c.j.Jackson2JsonEncoder - [2ced8578] Encoding [Person{name='ROBERT'}]
14:08:41.540 [XNIO-57 I/O-8] DEBUG o.s.w.s.a.HttpWebHandlerAdapter - [2ced8578] Completed 200 OK
14:08:41.540 [Test worker] DEBUG o.s.w.c.RestTemplate - Response 200 OK
14:08:41.540 [Test worker] DEBUG o.s.w.c.RestTemplate - Reading to [org.springframework.web.reactive.result.method.annotation.RequestMappingMessageConversionIntegrationTests$Person]
14:08:41.541 [Test worker] DEBUG o.s.w.t.h.s.r.b.UndertowHttpServer - Stopping UndertowHttpServer...
14:08:41.541 [Test worker] INFO  i.undertow - stopping server: Undertow - 2.1.3.Final
14:08:41.545 [Test worker] DEBUG o.s.w.t.h.s.r.b.UndertowHttpServer - Server stopped (0 millis).
14:08:41.604 [Test worker] DEBUG o.s.w.r.r.m.a.RequestMappingHandlerMapping - 34 mappings in 'requestMappingHandlerMapping'
14:08:41.649 [Test worker] DEBUG o.s.w.r.r.m.a.ControllerMethodResolver - ControllerAdvice beans: none
14:08:41.670 [Test worker] DEBUG o.s.w.s.a.HttpWebHandlerAdapter - enableLoggingRequestDetails='false': form data and headers will be masked to prevent unsafe logging of potentially sensitive data
14:08:41.670 [Test worker] WARN  o.e.j.s.h.ContextHandler - Empty contextPath
14:08:41.670 [Test worker] INFO  o.e.j.s.h.ContextHandler - Started o.e.j.s.ServletContextHandler@17a01436{/,null,AVAILABLE}
14:08:41.670 [Test worker] DEBUG o.s.w.t.h.s.r.b.JettyHttpServer - Starting JettyHttpServer...
14:08:41.670 [Test worker] INFO  o.e.j.s.Server - jetty-9.4.30.v20200611; built: 2020-06-11T12:34:51.929Z; git: 271836e4c1f4612f12b7bb13ef5a92a927634b0d; jvm 1.8.0_73-b02
14:08:41.678 [Test worker] INFO  o.e.j.s.AbstractConnector - Started ServerConnector@59de1a6{HTTP/1.1, (http/1.1)}{0.0.0.0:61810}
14:08:41.678 [Test worker] INFO  o.e.j.s.Server - Started @121391ms
14:08:41.678 [Test worker] DEBUG o.s.w.t.h.s.r.b.JettyHttpServer - Server started on port 61810(0 millis).
14:08:41.679 [Test worker] DEBUG o.s.w.c.RestTemplate - HTTP POST http://localhost:61810/person-create/flowable
14:08:41.679 [Test worker] DEBUG o.s.w.c.RestTemplate - Accept=[application/json, application/x-jackson-smile, application/*+json]
14:08:41.679 [Test worker] DEBUG o.s.w.c.RestTemplate - Writing [[Person{name='Robert'}, Person{name='Marie'}]] as "application/json"
14:08:41.683 [qtp1378538619-1922] DEBUG o.s.w.s.a.HttpWebHandlerAdapter - [50eaab5d] HTTP POST "/person-create/flowable"
14:08:41.683 [qtp1378538619-1922] DEBUG o.s.w.r.r.m.a.RequestMappingHandlerMapping - [50eaab5d] Mapped to org.springframework.web.reactive.result.method.annotation.RequestMappingMessageConversionIntegrationTests$PersonCreateController#createWithFlowable(Flowable)
14:08:41.683 [qtp1378538619-1922] DEBUG o.s.w.r.r.m.a.RequestBodyMethodArgumentResolver - [50eaab5d] Content-Type:application/json
14:08:41.684 [qtp1378538619-1922] DEBUG o.s.w.r.r.m.a.RequestBodyMethodArgumentResolver - [50eaab5d] 0..N [org.springframework.web.reactive.result.method.annotation.RequestMappingMessageConversionIntegrationTests$Person]
14:08:41.685 [qtp1378538619-1922] DEBUG o.s.h.c.j.Jackson2JsonDecoder - [50eaab5d] Decoded [Person{name='Robert'}]
14:08:41.685 [qtp1378538619-1922] DEBUG o.s.h.c.j.Jackson2JsonDecoder - [50eaab5d] Decoded [Person{name='Marie'}]
14:08:41.685 [qtp1378538619-1922] DEBUG o.s.w.s.a.HttpWebHandlerAdapter - [50eaab5d] Completed 200 OK
14:08:41.685 [Test worker] DEBUG o.s.w.c.RestTemplate - Response 200 OK
14:08:41.685 [Test worker] DEBUG o.s.w.t.h.s.r.b.JettyHttpServer - Stopping JettyHttpServer...
14:08:41.686 [Test worker] INFO  o.e.j.s.h.ContextHandler - Stopped o.e.j.s.ServletContextHandler@17a01436{/,null,UNAVAILABLE}
14:08:41.687 [Test worker] INFO  o.e.j.s.AbstractConnector - Stopped ServerConnector@59de1a6{HTTP/1.1, (http/1.1)}{0.0.0.0:0}
14:08:41.688 [Test worker] DEBUG o.s.w.t.h.s.r.b.JettyHttpServer - Server stopped (0 millis).
14:08:41.758 [Test worker] DEBUG o.s.w.r.r.m.a.RequestMappingHandlerMapping - 34 mappings in 'requestMappingHandlerMapping'
14:08:41.795 [Test worker] DEBUG o.s.w.r.r.m.a.ControllerMethodResolver - ControllerAdvice beans: none
14:08:41.847 [Test worker] DEBUG o.s.w.s.a.HttpWebHandlerAdapter - enableLoggingRequestDetails='false': form data and headers will be masked to prevent unsafe logging of potentially sensitive data
14:08:41.847 [Test worker] DEBUG o.s.w.t.h.s.r.b.ReactorHttpServer - Starting ReactorHttpServer...
14:08:41.848 [Test worker] DEBUG o.s.w.t.h.s.r.b.ReactorHttpServer - Server started on port 61812(0 millis).
14:08:41.849 [Test worker] DEBUG o.s.w.c.RestTemplate - HTTP POST http://localhost:61812/person-create/flowable
14:08:41.849 [Test worker] DEBUG o.s.w.c.RestTemplate - Accept=[application/json, application/x-jackson-smile, application/*+json]
14:08:41.849 [Test worker] DEBUG o.s.w.c.RestTemplate - Writing [[Person{name='Robert'}, Person{name='Marie'}]] as "application/json"
14:08:41.853 [reactor-http-nio-8] DEBUG o.s.w.s.a.HttpWebHandlerAdapter - [ae4907cc-61] HTTP POST "/person-create/flowable"
14:08:41.853 [reactor-http-nio-8] DEBUG o.s.w.r.r.m.a.RequestMappingHandlerMapping - [ae4907cc-61] Mapped to org.springframework.web.reactive.result.method.annotation.RequestMappingMessageConversionIntegrationTests$PersonCreateController#createWithFlowable(Flowable)
14:08:41.854 [reactor-http-nio-8] DEBUG o.s.w.r.r.m.a.RequestBodyMethodArgumentResolver - [ae4907cc-61] Content-Type:application/json
14:08:41.854 [reactor-http-nio-8] DEBUG o.s.w.r.r.m.a.RequestBodyMethodArgumentResolver - [ae4907cc-61] 0..N [org.springframework.web.reactive.result.method.annotation.RequestMappingMessageConversionIntegrationTests$Person]
14:08:41.855 [reactor-http-nio-8] DEBUG o.s.h.c.j.Jackson2JsonDecoder - [ae4907cc-61] Decoded [Person{name='Robert'}]
14:08:41.855 [reactor-http-nio-8] DEBUG o.s.h.c.j.Jackson2JsonDecoder - [ae4907cc-61] Decoded [Person{name='Marie'}]
14:08:41.855 [reactor-http-nio-8] DEBUG o.s.w.s.a.HttpWebHandlerAdapter - [ae4907cc-61] Completed 200 OK
14:08:41.856 [Test worker] DEBUG o.s.w.c.RestTemplate - Response 200 OK
14:08:41.856 [Test worker] DEBUG o.s.w.t.h.s.r.b.ReactorHttpServer - Stopping ReactorHttpServer...
14:08:41.857 [Test worker] DEBUG o.s.w.t.h.s.r.b.ReactorHttpServer - Server stopped (0 millis).
14:08:41.939 [Test worker] DEBUG o.s.w.r.r.m.a.RequestMappingHandlerMapping - 34 mappings in 'requestMappingHandlerMapping'
14:08:41.963 [Test worker] DEBUG o.s.w.r.r.m.a.ControllerMethodResolver - ControllerAdvice beans: none
14:08:42.057 [Test worker] DEBUG o.s.w.s.a.HttpWebHandlerAdapter - enableLoggingRequestDetails='false': form data and headers will be masked to prevent unsafe logging of potentially sensitive data
14:08:42.060 [Test worker] DEBUG o.s.w.t.h.s.r.b.TomcatHttpServer - Starting TomcatHttpServer...
14:08:42.074 [Test worker] DEBUG o.s.w.t.h.s.r.b.TomcatHttpServer - Server started on port 61817(0 millis).
14:08:42.074 [Test worker] DEBUG o.s.w.c.RestTemplate - HTTP POST http://localhost:61817/person-create/flowable
14:08:42.074 [Test worker] DEBUG o.s.w.c.RestTemplate - Accept=[application/json, application/x-jackson-smile, application/*+json]
14:08:42.075 [Test worker] DEBUG o.s.w.c.RestTemplate - Writing [[Person{name='Robert'}, Person{name='Marie'}]] as "application/json"
14:08:42.078 [http-nio-auto-58-exec-1] DEBUG o.s.w.s.a.HttpWebHandlerAdapter - [4477aeb] HTTP POST "/person-create/flowable"
14:08:42.079 [http-nio-auto-58-exec-1] DEBUG o.s.w.r.r.m.a.RequestMappingHandlerMapping - [4477aeb] Mapped to org.springframework.web.reactive.result.method.annotation.RequestMappingMessageConversionIntegrationTests$PersonCreateController#createWithFlowable(Flowable)
14:08:42.079 [http-nio-auto-58-exec-1] DEBUG o.s.w.r.r.m.a.RequestBodyMethodArgumentResolver - [4477aeb] Content-Type:application/json
14:08:42.080 [http-nio-auto-58-exec-1] DEBUG o.s.w.r.r.m.a.RequestBodyMethodArgumentResolver - [4477aeb] 0..N [org.springframework.web.reactive.result.method.annotation.RequestMappingMessageConversionIntegrationTests$Person]
14:08:42.080 [http-nio-auto-58-exec-1] DEBUG o.s.h.c.j.Jackson2JsonDecoder - [4477aeb] Decoded [Person{name='Robert'}]
14:08:42.080 [http-nio-auto-58-exec-1] DEBUG o.s.h.c.j.Jackson2JsonDecoder - [4477aeb] Decoded [Person{name='Marie'}]
14:08:42.080 [http-nio-auto-58-exec-1] DEBUG o.s.w.s.a.HttpWebHandlerAdapter - [4477aeb] Completed 200 OK
14:08:42.081 [Test worker] DEBUG o.s.w.c.RestTemplate - Response 200 OK
14:08:42.081 [Test worker] DEBUG o.s.w.t.h.s.r.b.TomcatHttpServer - Stopping TomcatHttpServer...
14:08:42.088 [Test worker] DEBUG o.s.w.t.h.s.r.b.TomcatHttpServer - Server stopped (0 millis).
14:08:42.207 [Test worker] DEBUG o.s.w.r.r.m.a.RequestMappingHandlerMapping - 34 mappings in 'requestMappingHandlerMapping'
14:08:42.244 [Test worker] DEBUG o.s.w.r.r.m.a.ControllerMethodResolver - ControllerAdvice beans: none
14:08:42.271 [Test worker] DEBUG o.s.w.s.a.HttpWebHandlerAdapter - enableLoggingRequestDetails='false': form data and headers will be masked to prevent unsafe logging of potentially sensitive data
14:08:42.271 [Test worker] DEBUG o.s.w.t.h.s.r.b.UndertowHttpServer - Starting UndertowHttpServer...
14:08:42.271 [Test worker] INFO  i.undertow - starting server: Undertow - 2.1.3.Final
14:08:42.275 [Test worker] DEBUG o.s.w.t.h.s.r.b.UndertowHttpServer - Server started on port 61820(0 millis).
14:08:42.275 [Test worker] DEBUG o.s.w.c.RestTemplate - HTTP POST http://localhost:61820/person-create/flowable
14:08:42.275 [Test worker] DEBUG o.s.w.c.RestTemplate - Accept=[application/json, application/x-jackson-smile, application/*+json]
14:08:42.275 [Test worker] DEBUG o.s.w.c.RestTemplate - Writing [[Person{name='Robert'}, Person{name='Marie'}]] as "application/json"
14:08:42.278 [XNIO-58 I/O-3] DEBUG o.s.w.s.a.HttpWebHandlerAdapter - [4d4a5b07] HTTP POST "/person-create/flowable"
14:08:42.278 [XNIO-58 I/O-3] DEBUG o.s.w.r.r.m.a.RequestMappingHandlerMapping - [4d4a5b07] Mapped to org.springframework.web.reactive.result.method.annotation.RequestMappingMessageConversionIntegrationTests$PersonCreateController#createWithFlowable(Flowable)
14:08:42.278 [XNIO-58 I/O-3] DEBUG o.s.w.r.r.m.a.RequestBodyMethodArgumentResolver - [4d4a5b07] Content-Type:application/json
14:08:42.279 [XNIO-58 I/O-3] DEBUG o.s.w.r.r.m.a.RequestBodyMethodArgumentResolver - [4d4a5b07] 0..N [org.springframework.web.reactive.result.method.annotation.RequestMappingMessageConversionIntegrationTests$Person]
14:08:42.280 [XNIO-58 I/O-3] DEBUG o.s.h.c.j.Jackson2JsonDecoder - [4d4a5b07] Decoded [Person{name='Robert'}]
14:08:42.280 [XNIO-58 I/O-3] DEBUG o.s.h.c.j.Jackson2JsonDecoder - [4d4a5b07] Decoded [Person{name='Marie'}]
14:08:42.280 [XNIO-58 I/O-3] DEBUG o.s.w.s.a.HttpWebHandlerAdapter - [4d4a5b07] Completed 200 OK
14:08:42.280 [Test worker] DEBUG o.s.w.c.RestTemplate - Response 200 OK
14:08:42.280 [Test worker] DEBUG o.s.w.t.h.s.r.b.UndertowHttpServer - Stopping UndertowHttpServer...
14:08:42.280 [Test worker] INFO  i.undertow - stopping server: Undertow - 2.1.3.Final
14:08:42.284 [Test worker] DEBUG o.s.w.t.h.s.r.b.UndertowHttpServer - Server stopped (0 millis).
14:08:42.394 [Test worker] DEBUG o.s.w.r.r.m.a.RequestMappingHandlerMapping - 34 mappings in 'requestMappingHandlerMapping'
14:08:42.471 [Test worker] DEBUG o.s.w.r.r.m.a.ControllerMethodResolver - ControllerAdvice beans: none
14:08:42.544 [Test worker] DEBUG o.s.w.s.a.HttpWebHandlerAdapter - enableLoggingRequestDetails='false': form data and headers will be masked to prevent unsafe logging of potentially sensitive data
14:08:42.545 [Test worker] WARN  o.e.j.s.h.ContextHandler - Empty contextPath
14:08:42.545 [Test worker] INFO  o.e.j.s.h.ContextHandler - Started o.e.j.s.ServletContextHandler@5860ed83{/,null,AVAILABLE}
14:08:42.545 [Test worker] DEBUG o.s.w.t.h.s.r.b.JettyHttpServer - Starting JettyHttpServer...
14:08:42.545 [Test worker] INFO  o.e.j.s.Server - jetty-9.4.30.v20200611; built: 2020-06-11T12:34:51.929Z; git: 271836e4c1f4612f12b7bb13ef5a92a927634b0d; jvm 1.8.0_73-b02
14:08:42.547 [Test worker] INFO  o.e.j.s.AbstractConnector - Started ServerConnector@3398b52b{HTTP/1.1, (http/1.1)}{0.0.0.0:61825}
14:08:42.548 [Test worker] INFO  o.e.j.s.Server - Started @122260ms
14:08:42.548 [Test worker] DEBUG o.s.w.t.h.s.r.b.JettyHttpServer - Server started on port 61825(0 millis).
14:08:42.548 [Test worker] DEBUG o.s.w.c.RestTemplate - HTTP GET http://localhost:61825/raw-response/flowable
14:08:42.548 [Test worker] DEBUG o.s.w.c.RestTemplate - Accept=[text/plain, application/json, application/x-jackson-smile, application/*+json, */*]
14:08:42.550 [qtp1935667935-1955] DEBUG o.s.w.s.a.HttpWebHandlerAdapter - [ea33bbb] HTTP GET "/raw-response/flowable"
14:08:42.550 [qtp1935667935-1955] DEBUG o.s.w.r.r.m.a.RequestMappingHandlerMapping - [ea33bbb] Mapped to org.springframework.web.reactive.result.method.annotation.RequestMappingMessageConversionIntegrationTests$RawResponseBodyController#getFlowable()
14:08:42.551 [qtp1935667935-1955] DEBUG o.s.w.r.r.m.a.ResponseBodyResultHandler - Using 'text/plain' given [text/plain, application/json, application/x-jackson-smile, application/*+json, */*] and supported [*/*, application/json, application/*+json, application/x-jackson-smile, application/*+x-jackson-smile, text/event-stream]
14:08:42.552 [qtp1935667935-1955] DEBUG o.s.w.r.r.m.a.ResponseBodyResultHandler - [ea33bbb] 0..N [java.nio.ByteBuffer]
14:08:42.552 [qtp1935667935-1955] DEBUG o.s.c.c.ByteBufferEncoder - [ea33bbb] Writing 6 bytes
14:08:42.553 [qtp1935667935-1955] DEBUG o.s.w.s.a.HttpWebHandlerAdapter - [ea33bbb] Completed 200 OK
14:08:42.553 [Test worker] DEBUG o.s.w.c.RestTemplate - Response 200 OK
14:08:42.558 [Test worker] DEBUG o.s.w.c.RestTemplate - Reading to [java.lang.String] as "text/plain"
14:08:42.572 [Test worker] DEBUG o.s.w.t.h.s.r.b.JettyHttpServer - Stopping JettyHttpServer...
14:08:42.595 [Test worker] INFO  o.e.j.s.h.ContextHandler - Stopped o.e.j.s.ServletContextHandler@5860ed83{/,null,UNAVAILABLE}
14:08:42.597 [Test worker] INFO  o.e.j.s.AbstractConnector - Stopped ServerConnector@3398b52b{HTTP/1.1, (http/1.1)}{0.0.0.0:0}
14:08:42.612 [Test worker] DEBUG o.s.w.t.h.s.r.b.JettyHttpServer - Server stopped (0 millis).
14:08:42.703 [Test worker] DEBUG o.s.w.r.r.m.a.RequestMappingHandlerMapping - 34 mappings in 'requestMappingHandlerMapping'
14:08:42.739 [Test worker] DEBUG o.s.w.r.r.m.a.ControllerMethodResolver - ControllerAdvice beans: none
14:08:42.898 [Test worker] DEBUG o.s.w.s.a.HttpWebHandlerAdapter - enableLoggingRequestDetails='false': form data and headers will be masked to prevent unsafe logging of potentially sensitive data
14:08:42.898 [Test worker] DEBUG o.s.w.t.h.s.r.b.ReactorHttpServer - Starting ReactorHttpServer...
14:08:42.899 [Test worker] DEBUG o.s.w.t.h.s.r.b.ReactorHttpServer - Server started on port 61828(0 millis).
14:08:42.900 [Test worker] DEBUG o.s.w.c.RestTemplate - HTTP GET http://localhost:61828/raw-response/flowable
14:08:42.900 [Test worker] DEBUG o.s.w.c.RestTemplate - Accept=[text/plain, application/json, application/x-jackson-smile, application/*+json, */*]
14:08:42.902 [reactor-http-nio-2] DEBUG o.s.w.s.a.HttpWebHandlerAdapter - [0963ccec-62] HTTP GET "/raw-response/flowable"
14:08:42.902 [reactor-http-nio-2] DEBUG o.s.w.r.r.m.a.RequestMappingHandlerMapping - [0963ccec-62] Mapped to org.springframework.web.reactive.result.method.annotation.RequestMappingMessageConversionIntegrationTests$RawResponseBodyController#getFlowable()
14:08:42.904 [reactor-http-nio-2] DEBUG o.s.w.r.r.m.a.ResponseBodyResultHandler - Using 'text/plain' given [text/plain, application/json, application/x-jackson-smile, application/*+json, */*] and supported [*/*, application/json, application/*+json, application/x-jackson-smile, application/*+x-jackson-smile, text/event-stream]
14:08:42.904 [reactor-http-nio-2] DEBUG o.s.w.r.r.m.a.ResponseBodyResultHandler - [0963ccec-62] 0..N [java.nio.ByteBuffer]
14:08:42.904 [reactor-http-nio-2] DEBUG o.s.c.c.ByteBufferEncoder - [0963ccec-62] Writing 6 bytes
14:08:42.906 [Test worker] DEBUG o.s.w.c.RestTemplate - Response 200 OK
14:08:42.906 [reactor-http-nio-2] DEBUG o.s.w.s.a.HttpWebHandlerAdapter - [0963ccec-62] Completed 200 OK
14:08:42.906 [Test worker] DEBUG o.s.w.c.RestTemplate - Reading to [java.lang.String] as "text/plain"
14:08:42.906 [Test worker] DEBUG o.s.w.t.h.s.r.b.ReactorHttpServer - Stopping ReactorHttpServer...
14:08:42.906 [Test worker] DEBUG o.s.w.t.h.s.r.b.ReactorHttpServer - Server stopped (0 millis).
14:08:42.998 [Test worker] DEBUG o.s.w.r.r.m.a.RequestMappingHandlerMapping - 34 mappings in 'requestMappingHandlerMapping'
14:08:43.111 [Test worker] DEBUG o.s.w.r.r.m.a.ControllerMethodResolver - ControllerAdvice beans: none
14:08:43.138 [Test worker] DEBUG o.s.w.s.a.HttpWebHandlerAdapter - enableLoggingRequestDetails='false': form data and headers will be masked to prevent unsafe logging of potentially sensitive data
14:08:43.139 [Test worker] DEBUG o.s.w.t.h.s.r.b.TomcatHttpServer - Starting TomcatHttpServer...
14:08:43.194 [Test worker] DEBUG o.s.w.t.h.s.r.b.TomcatHttpServer - Server started on port 61832(0 millis).
14:08:43.194 [Test worker] DEBUG o.s.w.c.RestTemplate - HTTP GET http://localhost:61832/raw-response/flowable
14:08:43.194 [Test worker] DEBUG o.s.w.c.RestTemplate - Accept=[text/plain, application/json, application/x-jackson-smile, application/*+json, */*]
14:08:43.198 [http-nio-auto-59-exec-1] DEBUG o.s.w.s.a.HttpWebHandlerAdapter - [2c7a6cad] HTTP GET "/raw-response/flowable"
14:08:43.198 [http-nio-auto-59-exec-1] DEBUG o.s.w.r.r.m.a.RequestMappingHandlerMapping - [2c7a6cad] Mapped to org.springframework.web.reactive.result.method.annotation.RequestMappingMessageConversionIntegrationTests$RawResponseBodyController#getFlowable()
14:08:43.199 [http-nio-auto-59-exec-1] DEBUG o.s.w.r.r.m.a.ResponseBodyResultHandler - Using 'text/plain' given [text/plain, application/json, application/x-jackson-smile, application/*+json, */*] and supported [*/*, application/json, application/*+json, application/x-jackson-smile, application/*+x-jackson-smile, text/event-stream]
14:08:43.199 [http-nio-auto-59-exec-1] DEBUG o.s.w.r.r.m.a.ResponseBodyResultHandler - [2c7a6cad] 0..N [java.nio.ByteBuffer]
14:08:43.200 [http-nio-auto-59-exec-1] DEBUG o.s.c.c.ByteBufferEncoder - [2c7a6cad] Writing 6 bytes
14:08:43.200 [http-nio-auto-59-exec-1] DEBUG o.s.w.s.a.HttpWebHandlerAdapter - [2c7a6cad] Completed 200 OK
14:08:43.201 [Test worker] DEBUG o.s.w.c.RestTemplate - Response 200 OK
14:08:43.201 [Test worker] DEBUG o.s.w.c.RestTemplate - Reading to [java.lang.String] as "text/plain"
14:08:43.201 [Test worker] DEBUG o.s.w.t.h.s.r.b.TomcatHttpServer - Stopping TomcatHttpServer...
14:08:43.228 [Test worker] DEBUG o.s.w.t.h.s.r.b.TomcatHttpServer - Server stopped (0 millis).
14:08:43.398 [Test worker] DEBUG o.s.w.r.r.m.a.RequestMappingHandlerMapping - 34 mappings in 'requestMappingHandlerMapping'
14:08:43.451 [Test worker] DEBUG o.s.w.r.r.m.a.ControllerMethodResolver - ControllerAdvice beans: none
14:08:43.490 [Test worker] DEBUG o.s.w.s.a.HttpWebHandlerAdapter - enableLoggingRequestDetails='false': form data and headers will be masked to prevent unsafe logging of potentially sensitive data
14:08:43.490 [Test worker] DEBUG o.s.w.t.h.s.r.b.UndertowHttpServer - Starting UndertowHttpServer...
14:08:43.490 [Test worker] INFO  i.undertow - starting server: Undertow - 2.1.3.Final
14:08:43.494 [Test worker] DEBUG o.s.w.t.h.s.r.b.UndertowHttpServer - Server started on port 61837(0 millis).
14:08:43.494 [Test worker] DEBUG o.s.w.c.RestTemplate - HTTP GET http://localhost:61837/raw-response/flowable
14:08:43.495 [Test worker] DEBUG o.s.w.c.RestTemplate - Accept=[text/plain, application/json, application/x-jackson-smile, application/*+json, */*]
14:08:43.497 [XNIO-59 I/O-6] DEBUG o.s.w.s.a.HttpWebHandlerAdapter - [7d69a99d] HTTP GET "/raw-response/flowable"
14:08:43.497 [XNIO-59 I/O-6] DEBUG o.s.w.r.r.m.a.RequestMappingHandlerMapping - [7d69a99d] Mapped to org.springframework.web.reactive.result.method.annotation.RequestMappingMessageConversionIntegrationTests$RawResponseBodyController#getFlowable()
14:08:43.498 [XNIO-59 I/O-6] DEBUG o.s.w.r.r.m.a.ResponseBodyResultHandler - Using 'text/plain' given [text/plain, application/json, application/x-jackson-smile, application/*+json, */*] and supported [*/*, application/json, application/*+json, application/x-jackson-smile, application/*+x-jackson-smile, text/event-stream]
14:08:43.498 [XNIO-59 I/O-6] DEBUG o.s.w.r.r.m.a.ResponseBodyResultHandler - [7d69a99d] 0..N [java.nio.ByteBuffer]
14:08:43.498 [XNIO-59 I/O-6] DEBUG o.s.c.c.ByteBufferEncoder - [7d69a99d] Writing 6 bytes
14:08:43.499 [XNIO-59 I/O-6] DEBUG o.s.w.s.a.HttpWebHandlerAdapter - [7d69a99d] Completed 200 OK
14:08:43.500 [Test worker] DEBUG o.s.w.c.RestTemplate - Response 200 OK
14:08:43.500 [Test worker] DEBUG o.s.w.c.RestTemplate - Reading to [java.lang.String] as "text/plain"
14:08:43.501 [Test worker] DEBUG o.s.w.t.h.s.r.b.UndertowHttpServer - Stopping UndertowHttpServer...
14:08:43.501 [Test worker] INFO  i.undertow - stopping server: Undertow - 2.1.3.Final
14:08:43.503 [Test worker] DEBUG o.s.w.t.h.s.r.b.UndertowHttpServer - Server stopped (0 millis).
14:08:43.783 [Test worker] DEBUG o.s.w.r.r.m.a.RequestMappingHandlerMapping - 34 mappings in 'requestMappingHandlerMapping'
14:08:43.947 [Test worker] DEBUG o.s.w.r.r.m.a.ControllerMethodResolver - ControllerAdvice beans: none
14:08:44.025 [Test worker] DEBUG o.s.w.s.a.HttpWebHandlerAdapter - enableLoggingRequestDetails='false': form data and headers will be masked to prevent unsafe logging of potentially sensitive data
14:08:44.026 [Test worker] WARN  o.e.j.s.h.ContextHandler - Empty contextPath
14:08:44.027 [Test worker] INFO  o.e.j.s.h.ContextHandler - Started o.e.j.s.ServletContextHandler@503d746f{/,null,AVAILABLE}
14:08:44.027 [Test worker] DEBUG o.s.w.t.h.s.r.b.JettyHttpServer - Starting JettyHttpServer...
14:08:44.027 [Test worker] INFO  o.e.j.s.Server - jetty-9.4.30.v20200611; built: 2020-06-11T12:34:51.929Z; git: 271836e4c1f4612f12b7bb13ef5a92a927634b0d; jvm 1.8.0_73-b02
14:08:44.041 [Test worker] INFO  o.e.j.s.AbstractConnector - Started ServerConnector@fca3fc{HTTP/1.1, (http/1.1)}{0.0.0.0:61841}
14:08:44.041 [Test worker] INFO  o.e.j.s.Server - Started @123754ms
14:08:44.041 [Test worker] DEBUG o.s.w.t.h.s.r.b.JettyHttpServer - Server started on port 61841(0 millis).
14:08:44.043 [Test worker] DEBUG o.s.w.c.RestTemplate - HTTP POST http://localhost:61841/person-transform/flux
14:08:44.044 [Test worker] DEBUG o.s.w.c.RestTemplate - Accept=[application/json, application/x-jackson-smile, application/*+json]
14:08:44.044 [Test worker] DEBUG o.s.w.c.RestTemplate - Writing [[Person{name='Robert'}, Person{name='Marie'}]] as "application/json"
14:08:44.047 [qtp180937878-1988] DEBUG o.s.w.s.a.HttpWebHandlerAdapter - [7a19c097] HTTP POST "/person-transform/flux"
14:08:44.048 [qtp180937878-1988] DEBUG o.s.w.r.r.m.a.RequestMappingHandlerMapping - [7a19c097] Mapped to org.springframework.web.reactive.result.method.annotation.RequestMappingMessageConversionIntegrationTests$PersonTransformationController#transformFlux(Flux)
14:08:44.048 [qtp180937878-1988] DEBUG o.s.w.r.r.m.a.RequestBodyMethodArgumentResolver - [7a19c097] Content-Type:application/json
14:08:44.049 [qtp180937878-1988] DEBUG o.s.w.r.r.m.a.RequestBodyMethodArgumentResolver - [7a19c097] 0..N [org.springframework.web.reactive.result.method.annotation.RequestMappingMessageConversionIntegrationTests$Person]
14:08:44.050 [qtp180937878-1988] DEBUG o.s.w.r.r.m.a.ResponseBodyResultHandler - Using 'application/json' given [application/json] and supported [application/json, application/*+json, application/x-jackson-smile, application/*+x-jackson-smile, application/xml, text/xml, text/event-stream]
14:08:44.050 [qtp180937878-1988] DEBUG o.s.w.r.r.m.a.ResponseBodyResultHandler - [7a19c097] 0..N [org.springframework.web.reactive.result.method.annotation.RequestMappingMessageConversionIntegrationTests$Person]
14:08:44.051 [qtp180937878-1988] DEBUG o.s.h.c.j.Jackson2JsonDecoder - [7a19c097] Decoded [Person{name='Robert'}]
14:08:44.051 [qtp180937878-1988] DEBUG o.s.h.c.j.Jackson2JsonDecoder - [7a19c097] Decoded [Person{name='Marie'}]
14:08:44.051 [qtp180937878-1988] DEBUG o.s.h.c.j.Jackson2JsonEncoder - [7a19c097] Encoding [[Person{name='ROBERT'}, Person{name='MARIE'}]]
14:08:44.051 [qtp180937878-1988] DEBUG o.s.w.s.a.HttpWebHandlerAdapter - [7a19c097] Completed 200 OK
14:08:44.052 [Test worker] DEBUG o.s.w.c.RestTemplate - Response 200 OK
14:08:44.052 [Test worker] DEBUG o.s.w.c.RestTemplate - Reading to [java.util.List<org.springframework.web.reactive.result.method.annotation.RequestMappingMessageConversionIntegrationTests$Person>]
14:08:44.053 [Test worker] DEBUG o.s.w.t.h.s.r.b.JettyHttpServer - Stopping JettyHttpServer...
14:08:44.053 [Test worker] INFO  o.e.j.s.h.ContextHandler - Stopped o.e.j.s.ServletContextHandler@503d746f{/,null,UNAVAILABLE}
14:08:44.069 [Test worker] INFO  o.e.j.s.AbstractConnector - Stopped ServerConnector@fca3fc{HTTP/1.1, (http/1.1)}{0.0.0.0:0}
14:08:44.080 [Test worker] DEBUG o.s.w.t.h.s.r.b.JettyHttpServer - Server stopped (0 millis).
14:08:44.367 [Test worker] DEBUG o.s.w.r.r.m.a.RequestMappingHandlerMapping - 34 mappings in 'requestMappingHandlerMapping'
14:08:44.469 [Test worker] DEBUG o.s.w.r.r.m.a.ControllerMethodResolver - ControllerAdvice beans: none
14:08:44.572 [Test worker] DEBUG o.s.w.s.a.HttpWebHandlerAdapter - enableLoggingRequestDetails='false': form data and headers will be masked to prevent unsafe logging of potentially sensitive data
14:08:44.572 [Test worker] DEBUG o.s.w.t.h.s.r.b.ReactorHttpServer - Starting ReactorHttpServer...
14:08:44.573 [Test worker] DEBUG o.s.w.t.h.s.r.b.ReactorHttpServer - Server started on port 61843(0 millis).
14:08:44.573 [Test worker] DEBUG o.s.w.c.RestTemplate - HTTP POST http://localhost:61843/person-transform/flux
14:08:44.574 [Test worker] DEBUG o.s.w.c.RestTemplate - Accept=[application/json, application/x-jackson-smile, application/*+json]
14:08:44.575 [Test worker] DEBUG o.s.w.c.RestTemplate - Writing [[Person{name='Robert'}, Person{name='Marie'}]] as "application/json"
14:08:44.577 [reactor-http-nio-4] DEBUG o.s.w.s.a.HttpWebHandlerAdapter - [d149b427-63] HTTP POST "/person-transform/flux"
14:08:44.577 [reactor-http-nio-4] DEBUG o.s.w.r.r.m.a.RequestMappingHandlerMapping - [d149b427-63] Mapped to org.springframework.web.reactive.result.method.annotation.RequestMappingMessageConversionIntegrationTests$PersonTransformationController#transformFlux(Flux)
14:08:44.578 [reactor-http-nio-4] DEBUG o.s.w.r.r.m.a.RequestBodyMethodArgumentResolver - [d149b427-63] Content-Type:application/json
14:08:44.579 [reactor-http-nio-4] DEBUG o.s.w.r.r.m.a.RequestBodyMethodArgumentResolver - [d149b427-63] 0..N [org.springframework.web.reactive.result.method.annotation.RequestMappingMessageConversionIntegrationTests$Person]
14:08:44.579 [reactor-http-nio-4] DEBUG o.s.w.r.r.m.a.ResponseBodyResultHandler - Using 'application/json' given [application/json] and supported [application/json, application/*+json, application/x-jackson-smile, application/*+x-jackson-smile, application/xml, text/xml, text/event-stream]
14:08:44.579 [reactor-http-nio-4] DEBUG o.s.w.r.r.m.a.ResponseBodyResultHandler - [d149b427-63] 0..N [org.springframework.web.reactive.result.method.annotation.RequestMappingMessageConversionIntegrationTests$Person]
14:08:44.580 [reactor-http-nio-4] DEBUG o.s.h.c.j.Jackson2JsonDecoder - [d149b427-63] Decoded [Person{name='Robert'}]
14:08:44.580 [reactor-http-nio-4] DEBUG o.s.h.c.j.Jackson2JsonDecoder - [d149b427-63] Decoded [Person{name='Marie'}]
14:08:44.580 [reactor-http-nio-4] DEBUG o.s.h.c.j.Jackson2JsonEncoder - [d149b427-63] Encoding [[Person{name='ROBERT'}, Person{name='MARIE'}]]
14:08:44.582 [reactor-http-nio-4] DEBUG o.s.w.s.a.HttpWebHandlerAdapter - [d149b427-63] Completed 200 OK
14:08:44.583 [Test worker] DEBUG o.s.w.c.RestTemplate - Response 200 OK
14:08:44.586 [Test worker] DEBUG o.s.w.c.RestTemplate - Reading to [java.util.List<org.springframework.web.reactive.result.method.annotation.RequestMappingMessageConversionIntegrationTests$Person>]
14:08:44.616 [Test worker] DEBUG o.s.w.t.h.s.r.b.ReactorHttpServer - Stopping ReactorHttpServer...
14:08:44.622 [Test worker] DEBUG o.s.w.t.h.s.r.b.ReactorHttpServer - Server stopped (0 millis).
14:08:44.901 [Test worker] DEBUG o.s.w.r.r.m.a.RequestMappingHandlerMapping - 34 mappings in 'requestMappingHandlerMapping'
14:08:45.129 [Test worker] DEBUG o.s.w.r.r.m.a.ControllerMethodResolver - ControllerAdvice beans: none
14:08:45.211 [Test worker] DEBUG o.s.w.s.a.HttpWebHandlerAdapter - enableLoggingRequestDetails='false': form data and headers will be masked to prevent unsafe logging of potentially sensitive data
14:08:45.214 [Test worker] DEBUG o.s.w.t.h.s.r.b.TomcatHttpServer - Starting TomcatHttpServer...
14:08:45.299 [Test worker] DEBUG o.s.w.t.h.s.r.b.TomcatHttpServer - Server started on port 61846(0 millis).
14:08:45.300 [Test worker] DEBUG o.s.w.c.RestTemplate - HTTP POST http://localhost:61846/person-transform/flux
14:08:45.300 [Test worker] DEBUG o.s.w.c.RestTemplate - Accept=[application/json, application/x-jackson-smile, application/*+json]
14:08:45.300 [Test worker] DEBUG o.s.w.c.RestTemplate - Writing [[Person{name='Robert'}, Person{name='Marie'}]] as "application/json"
14:08:45.304 [http-nio-auto-60-exec-1] DEBUG o.s.w.s.a.HttpWebHandlerAdapter - [24c916c0] HTTP POST "/person-transform/flux"
14:08:45.304 [http-nio-auto-60-exec-1] DEBUG o.s.w.r.r.m.a.RequestMappingHandlerMapping - [24c916c0] Mapped to org.springframework.web.reactive.result.method.annotation.RequestMappingMessageConversionIntegrationTests$PersonTransformationController#transformFlux(Flux)
14:08:45.305 [http-nio-auto-60-exec-1] DEBUG o.s.w.r.r.m.a.RequestBodyMethodArgumentResolver - [24c916c0] Content-Type:application/json
14:08:45.306 [http-nio-auto-60-exec-1] DEBUG o.s.w.r.r.m.a.RequestBodyMethodArgumentResolver - [24c916c0] 0..N [org.springframework.web.reactive.result.method.annotation.RequestMappingMessageConversionIntegrationTests$Person]
14:08:45.308 [http-nio-auto-60-exec-1] DEBUG o.s.w.r.r.m.a.ResponseBodyResultHandler - Using 'application/json' given [application/json] and supported [application/json, application/*+json, application/x-jackson-smile, application/*+x-jackson-smile, application/xml, text/xml, text/event-stream]
14:08:45.308 [http-nio-auto-60-exec-1] DEBUG o.s.w.r.r.m.a.ResponseBodyResultHandler - [24c916c0] 0..N [org.springframework.web.reactive.result.method.annotation.RequestMappingMessageConversionIntegrationTests$Person]
14:08:45.309 [http-nio-auto-60-exec-1] DEBUG o.s.h.c.j.Jackson2JsonDecoder - [24c916c0] Decoded [Person{name='Robert'}]
14:08:45.309 [http-nio-auto-60-exec-1] DEBUG o.s.h.c.j.Jackson2JsonDecoder - [24c916c0] Decoded [Person{name='Marie'}]
14:08:45.309 [http-nio-auto-60-exec-1] DEBUG o.s.h.c.j.Jackson2JsonEncoder - [24c916c0] Encoding [[Person{name='ROBERT'}, Person{name='MARIE'}]]
14:08:45.310 [http-nio-auto-60-exec-1] DEBUG o.s.w.s.a.HttpWebHandlerAdapter - [24c916c0] Completed 200 OK
14:08:45.310 [Test worker] DEBUG o.s.w.c.RestTemplate - Response 200 OK
14:08:45.311 [Test worker] DEBUG o.s.w.c.RestTemplate - Reading to [java.util.List<org.springframework.web.reactive.result.method.annotation.RequestMappingMessageConversionIntegrationTests$Person>]
14:08:45.312 [Test worker] DEBUG o.s.w.t.h.s.r.b.TomcatHttpServer - Stopping TomcatHttpServer...
14:08:45.326 [Test worker] DEBUG o.s.w.t.h.s.r.b.TomcatHttpServer - Server stopped (0 millis).
14:08:45.483 [Test worker] DEBUG o.s.w.r.r.m.a.RequestMappingHandlerMapping - 34 mappings in 'requestMappingHandlerMapping'
14:08:45.618 [Test worker] DEBUG o.s.w.r.r.m.a.ControllerMethodResolver - ControllerAdvice beans: none
14:08:45.720 [Test worker] DEBUG o.s.w.s.a.HttpWebHandlerAdapter - enableLoggingRequestDetails='false': form data and headers will be masked to prevent unsafe logging of potentially sensitive data
14:08:45.720 [Test worker] DEBUG o.s.w.t.h.s.r.b.UndertowHttpServer - Starting UndertowHttpServer...
14:08:45.720 [Test worker] INFO  i.undertow - starting server: Undertow - 2.1.3.Final
14:08:45.731 [Test worker] DEBUG o.s.w.t.h.s.r.b.UndertowHttpServer - Server started on port 61849(0 millis).
14:08:45.731 [Test worker] DEBUG o.s.w.c.RestTemplate - HTTP POST http://localhost:61849/person-transform/flux
14:08:45.732 [Test worker] DEBUG o.s.w.c.RestTemplate - Accept=[application/json, application/x-jackson-smile, application/*+json]
14:08:45.733 [Test worker] DEBUG o.s.w.c.RestTemplate - Writing [[Person{name='Robert'}, Person{name='Marie'}]] as "application/json"
14:08:45.736 [XNIO-60 I/O-6] DEBUG o.s.w.s.a.HttpWebHandlerAdapter - [1ea297fa] HTTP POST "/person-transform/flux"
14:08:45.736 [XNIO-60 I/O-6] DEBUG o.s.w.r.r.m.a.RequestMappingHandlerMapping - [1ea297fa] Mapped to org.springframework.web.reactive.result.method.annotation.RequestMappingMessageConversionIntegrationTests$PersonTransformationController#transformFlux(Flux)
14:08:45.736 [XNIO-60 I/O-6] DEBUG o.s.w.r.r.m.a.RequestBodyMethodArgumentResolver - [1ea297fa] Content-Type:application/json
14:08:45.737 [XNIO-60 I/O-6] DEBUG o.s.w.r.r.m.a.RequestBodyMethodArgumentResolver - [1ea297fa] 0..N [org.springframework.web.reactive.result.method.annotation.RequestMappingMessageConversionIntegrationTests$Person]
14:08:45.739 [XNIO-60 I/O-6] DEBUG o.s.w.r.r.m.a.ResponseBodyResultHandler - Using 'application/json' given [application/json] and supported [application/json, application/*+json, application/x-jackson-smile, application/*+x-jackson-smile, application/xml, text/xml, text/event-stream]
14:08:45.739 [XNIO-60 I/O-6] DEBUG o.s.w.r.r.m.a.ResponseBodyResultHandler - [1ea297fa] 0..N [org.springframework.web.reactive.result.method.annotation.RequestMappingMessageConversionIntegrationTests$Person]
14:08:45.740 [XNIO-60 I/O-6] DEBUG o.s.h.c.j.Jackson2JsonDecoder - [1ea297fa] Decoded [Person{name='Robert'}]
14:08:45.740 [XNIO-60 I/O-6] DEBUG o.s.h.c.j.Jackson2JsonDecoder - [1ea297fa] Decoded [Person{name='Marie'}]
14:08:45.741 [XNIO-60 I/O-6] DEBUG o.s.h.c.j.Jackson2JsonEncoder - [1ea297fa] Encoding [[Person{name='ROBERT'}, Person{name='MARIE'}]]
14:08:45.741 [XNIO-60 I/O-6] DEBUG o.s.w.s.a.HttpWebHandlerAdapter - [1ea297fa] Completed 200 OK
14:08:45.748 [Test worker] DEBUG o.s.w.c.RestTemplate - Response 200 OK
14:08:45.748 [Test worker] DEBUG o.s.w.c.RestTemplate - Reading to [java.util.List<org.springframework.web.reactive.result.method.annotation.RequestMappingMessageConversionIntegrationTests$Person>]
14:08:45.751 [Test worker] DEBUG o.s.w.t.h.s.r.b.UndertowHttpServer - Stopping UndertowHttpServer...
14:08:45.751 [Test worker] INFO  i.undertow - stopping server: Undertow - 2.1.3.Final
14:08:45.795 [Test worker] DEBUG o.s.w.t.h.s.r.b.UndertowHttpServer - Server stopped (0 millis).
14:08:45.941 [Test worker] DEBUG o.s.w.r.r.m.a.RequestMappingHandlerMapping - 34 mappings in 'requestMappingHandlerMapping'
14:08:46.024 [Test worker] DEBUG o.s.w.r.r.m.a.ControllerMethodResolver - ControllerAdvice beans: none
14:08:46.073 [Test worker] DEBUG o.s.w.s.a.HttpWebHandlerAdapter - enableLoggingRequestDetails='false': form data and headers will be masked to prevent unsafe logging of potentially sensitive data
14:08:46.074 [Test worker] WARN  o.e.j.s.h.ContextHandler - Empty contextPath
14:08:46.074 [Test worker] INFO  o.e.j.s.h.ContextHandler - Started o.e.j.s.ServletContextHandler@460d9036{/,null,AVAILABLE}
14:08:46.075 [Test worker] DEBUG o.s.w.t.h.s.r.b.JettyHttpServer - Starting JettyHttpServer...
14:08:46.075 [Test worker] INFO  o.e.j.s.Server - jetty-9.4.30.v20200611; built: 2020-06-11T12:34:51.929Z; git: 271836e4c1f4612f12b7bb13ef5a92a927634b0d; jvm 1.8.0_73-b02
14:08:46.079 [Test worker] INFO  o.e.j.s.AbstractConnector - Started ServerConnector@342d82da{HTTP/1.1, (http/1.1)}{0.0.0.0:61851}
14:08:46.079 [Test worker] INFO  o.e.j.s.Server - Started @125792ms
14:08:46.079 [Test worker] DEBUG o.s.w.t.h.s.r.b.JettyHttpServer - Server started on port 61851(0 millis).
14:08:46.079 [Test worker] DEBUG o.s.w.c.RestTemplate - HTTP POST http://localhost:61851/person-transform/mono
14:08:46.080 [Test worker] DEBUG o.s.w.c.RestTemplate - Accept=[application/xml, text/xml, application/json, application/x-jackson-smile, application/*+xml, application/*+json]
14:08:46.081 [Test worker] DEBUG o.s.w.c.RestTemplate - Writing [Person{name='Robert'}] as "application/json"
14:08:46.083 [qtp1538062099-2021] DEBUG o.s.w.s.a.HttpWebHandlerAdapter - [61407a21] HTTP POST "/person-transform/mono"
14:08:46.083 [qtp1538062099-2021] DEBUG o.s.w.r.r.m.a.RequestMappingHandlerMapping - [61407a21] Mapped to org.springframework.web.reactive.result.method.annotation.RequestMappingMessageConversionIntegrationTests$PersonTransformationController#transformMono(Mono)
14:08:46.084 [qtp1538062099-2021] DEBUG o.s.w.r.r.m.a.RequestBodyMethodArgumentResolver - [61407a21] Content-Type:application/json
14:08:46.084 [qtp1538062099-2021] DEBUG o.s.w.r.r.m.a.RequestBodyMethodArgumentResolver - [61407a21] 0..1 [org.springframework.web.reactive.result.method.annotation.RequestMappingMessageConversionIntegrationTests$Person]
14:08:46.086 [qtp1538062099-2021] DEBUG o.s.w.r.r.m.a.ResponseBodyResultHandler - Using 'application/json' given [application/json] and supported [application/json, application/*+json, application/x-jackson-smile, application/*+x-jackson-smile, application/xml, text/xml, text/event-stream]
14:08:46.086 [qtp1538062099-2021] DEBUG o.s.w.r.r.m.a.ResponseBodyResultHandler - [61407a21] 0..1 [org.springframework.web.reactive.result.method.annotation.RequestMappingMessageConversionIntegrationTests$Person]
14:08:46.086 [qtp1538062099-2021] DEBUG o.s.h.c.j.Jackson2JsonDecoder - [61407a21] Decoded [Person{name='Robert'}]
14:08:46.086 [qtp1538062099-2021] DEBUG o.s.h.c.j.Jackson2JsonEncoder - [61407a21] Encoding [Person{name='ROBERT'}]
14:08:46.087 [Test worker] DEBUG o.s.w.c.RestTemplate - Response 200 OK
14:08:46.087 [qtp1538062099-2021] DEBUG o.s.w.s.a.HttpWebHandlerAdapter - [61407a21] Completed 200 OK
14:08:46.087 [Test worker] DEBUG o.s.w.c.RestTemplate - Reading to [org.springframework.web.reactive.result.method.annotation.RequestMappingMessageConversionIntegrationTests$Person]
14:08:46.088 [Test worker] DEBUG o.s.w.t.h.s.r.b.JettyHttpServer - Stopping JettyHttpServer...
14:08:46.088 [Test worker] INFO  o.e.j.s.h.ContextHandler - Stopped o.e.j.s.ServletContextHandler@460d9036{/,null,UNAVAILABLE}
14:08:46.093 [Test worker] INFO  o.e.j.s.AbstractConnector - Stopped ServerConnector@342d82da{HTTP/1.1, (http/1.1)}{0.0.0.0:0}
14:08:46.105 [Test worker] DEBUG o.s.w.t.h.s.r.b.JettyHttpServer - Server stopped (0 millis).
14:08:46.211 [Test worker] DEBUG o.s.w.r.r.m.a.RequestMappingHandlerMapping - 34 mappings in 'requestMappingHandlerMapping'
14:08:46.269 [Test worker] DEBUG o.s.w.r.r.m.a.ControllerMethodResolver - ControllerAdvice beans: none
14:08:46.311 [Test worker] DEBUG o.s.w.s.a.HttpWebHandlerAdapter - enableLoggingRequestDetails='false': form data and headers will be masked to prevent unsafe logging of potentially sensitive data
14:08:46.311 [Test worker] DEBUG o.s.w.t.h.s.r.b.ReactorHttpServer - Starting ReactorHttpServer...
14:08:46.313 [Test worker] DEBUG o.s.w.t.h.s.r.b.ReactorHttpServer - Server started on port 61853(0 millis).
14:08:46.313 [Test worker] DEBUG o.s.w.c.RestTemplate - HTTP POST http://localhost:61853/person-transform/mono
14:08:46.316 [Test worker] DEBUG o.s.w.c.RestTemplate - Accept=[application/xml, text/xml, application/json, application/x-jackson-smile, application/*+xml, application/*+json]
14:08:46.317 [Test worker] DEBUG o.s.w.c.RestTemplate - Writing [Person{name='Robert'}] as "application/json"
14:08:46.320 [reactor-http-nio-6] DEBUG o.s.w.s.a.HttpWebHandlerAdapter - [274da373-64] HTTP POST "/person-transform/mono"
14:08:46.320 [reactor-http-nio-6] DEBUG o.s.w.r.r.m.a.RequestMappingHandlerMapping - [274da373-64] Mapped to org.springframework.web.reactive.result.method.annotation.RequestMappingMessageConversionIntegrationTests$PersonTransformationController#transformMono(Mono)
14:08:46.321 [reactor-http-nio-6] DEBUG o.s.w.r.r.m.a.RequestBodyMethodArgumentResolver - [274da373-64] Content-Type:application/json
14:08:46.321 [reactor-http-nio-6] DEBUG o.s.w.r.r.m.a.RequestBodyMethodArgumentResolver - [274da373-64] 0..1 [org.springframework.web.reactive.result.method.annotation.RequestMappingMessageConversionIntegrationTests$Person]
14:08:46.323 [reactor-http-nio-6] DEBUG o.s.w.r.r.m.a.ResponseBodyResultHandler - Using 'application/json' given [application/json] and supported [application/json, application/*+json, application/x-jackson-smile, application/*+x-jackson-smile, application/xml, text/xml, text/event-stream]
14:08:46.323 [reactor-http-nio-6] DEBUG o.s.w.r.r.m.a.ResponseBodyResultHandler - [274da373-64] 0..1 [org.springframework.web.reactive.result.method.annotation.RequestMappingMessageConversionIntegrationTests$Person]
14:08:46.323 [reactor-http-nio-6] DEBUG o.s.h.c.j.Jackson2JsonDecoder - [274da373-64] Decoded [Person{name='Robert'}]
14:08:46.323 [reactor-http-nio-6] DEBUG o.s.h.c.j.Jackson2JsonEncoder - [274da373-64] Encoding [Person{name='ROBERT'}]
14:08:46.324 [reactor-http-nio-6] DEBUG o.s.w.s.a.HttpWebHandlerAdapter - [274da373-64] Completed 200 OK
14:08:46.325 [Test worker] DEBUG o.s.w.c.RestTemplate - Response 200 OK
14:08:46.325 [Test worker] DEBUG o.s.w.c.RestTemplate - Reading to [org.springframework.web.reactive.result.method.annotation.RequestMappingMessageConversionIntegrationTests$Person]
14:08:46.325 [Test worker] DEBUG o.s.w.t.h.s.r.b.ReactorHttpServer - Stopping ReactorHttpServer...
14:08:46.325 [Test worker] DEBUG o.s.w.t.h.s.r.b.ReactorHttpServer - Server stopped (0 millis).
14:08:46.441 [Test worker] DEBUG o.s.w.r.r.m.a.RequestMappingHandlerMapping - 34 mappings in 'requestMappingHandlerMapping'
14:08:46.473 [Test worker] DEBUG o.s.w.r.r.m.a.ControllerMethodResolver - ControllerAdvice beans: none
14:08:46.546 [Test worker] DEBUG o.s.w.s.a.HttpWebHandlerAdapter - enableLoggingRequestDetails='false': form data and headers will be masked to prevent unsafe logging of potentially sensitive data
14:08:46.547 [Test worker] DEBUG o.s.w.t.h.s.r.b.TomcatHttpServer - Starting TomcatHttpServer...
14:08:46.555 [Test worker] DEBUG o.s.w.t.h.s.r.b.TomcatHttpServer - Server started on port 61857(0 millis).
14:08:46.555 [Test worker] DEBUG o.s.w.c.RestTemplate - HTTP POST http://localhost:61857/person-transform/mono
14:08:46.556 [Test worker] DEBUG o.s.w.c.RestTemplate - Accept=[application/xml, text/xml, application/json, application/x-jackson-smile, application/*+xml, application/*+json]
14:08:46.557 [Test worker] DEBUG o.s.w.c.RestTemplate - Writing [Person{name='Robert'}] as "application/json"
14:08:46.560 [http-nio-auto-61-exec-1] DEBUG o.s.w.s.a.HttpWebHandlerAdapter - [2e4fe0b9] HTTP POST "/person-transform/mono"
14:08:46.560 [http-nio-auto-61-exec-1] DEBUG o.s.w.r.r.m.a.RequestMappingHandlerMapping - [2e4fe0b9] Mapped to org.springframework.web.reactive.result.method.annotation.RequestMappingMessageConversionIntegrationTests$PersonTransformationController#transformMono(Mono)
14:08:46.561 [http-nio-auto-61-exec-1] DEBUG o.s.w.r.r.m.a.RequestBodyMethodArgumentResolver - [2e4fe0b9] Content-Type:application/json
14:08:46.561 [http-nio-auto-61-exec-1] DEBUG o.s.w.r.r.m.a.RequestBodyMethodArgumentResolver - [2e4fe0b9] 0..1 [org.springframework.web.reactive.result.method.annotation.RequestMappingMessageConversionIntegrationTests$Person]
14:08:46.562 [http-nio-auto-61-exec-1] DEBUG o.s.w.r.r.m.a.ResponseBodyResultHandler - Using 'application/json' given [application/json] and supported [application/json, application/*+json, application/x-jackson-smile, application/*+x-jackson-smile, application/xml, text/xml, text/event-stream]
14:08:46.562 [http-nio-auto-61-exec-1] DEBUG o.s.w.r.r.m.a.ResponseBodyResultHandler - [2e4fe0b9] 0..1 [org.springframework.web.reactive.result.method.annotation.RequestMappingMessageConversionIntegrationTests$Person]
14:08:46.563 [http-nio-auto-61-exec-1] DEBUG o.s.h.c.j.Jackson2JsonDecoder - [2e4fe0b9] Decoded [Person{name='Robert'}]
14:08:46.563 [http-nio-auto-61-exec-1] DEBUG o.s.h.c.j.Jackson2JsonEncoder - [2e4fe0b9] Encoding [Person{name='ROBERT'}]
14:08:46.563 [http-nio-auto-61-exec-1] DEBUG o.s.w.s.a.HttpWebHandlerAdapter - [2e4fe0b9] Completed 200 OK
14:08:46.564 [Test worker] DEBUG o.s.w.c.RestTemplate - Response 200 OK
14:08:46.564 [Test worker] DEBUG o.s.w.c.RestTemplate - Reading to [org.springframework.web.reactive.result.method.annotation.RequestMappingMessageConversionIntegrationTests$Person]
14:08:46.564 [Test worker] DEBUG o.s.w.t.h.s.r.b.TomcatHttpServer - Stopping TomcatHttpServer...
14:08:46.586 [Test worker] DEBUG o.s.w.t.h.s.r.b.TomcatHttpServer - Server stopped (0 millis).
14:08:46.697 [Test worker] DEBUG o.s.w.r.r.m.a.RequestMappingHandlerMapping - 34 mappings in 'requestMappingHandlerMapping'
14:08:46.731 [Test worker] DEBUG o.s.w.r.r.m.a.ControllerMethodResolver - ControllerAdvice beans: none
14:08:46.763 [Test worker] DEBUG o.s.w.s.a.HttpWebHandlerAdapter - enableLoggingRequestDetails='false': form data and headers will be masked to prevent unsafe logging of potentially sensitive data
14:08:46.764 [Test worker] DEBUG o.s.w.t.h.s.r.b.UndertowHttpServer - Starting UndertowHttpServer...
14:08:46.764 [Test worker] INFO  i.undertow - starting server: Undertow - 2.1.3.Final
14:08:46.768 [Test worker] DEBUG o.s.w.t.h.s.r.b.UndertowHttpServer - Server started on port 61860(0 millis).
14:08:46.768 [Test worker] DEBUG o.s.w.c.RestTemplate - HTTP POST http://localhost:61860/person-transform/mono
14:08:46.769 [Test worker] DEBUG o.s.w.c.RestTemplate - Accept=[application/xml, text/xml, application/json, application/x-jackson-smile, application/*+xml, application/*+json]
14:08:46.769 [Test worker] DEBUG o.s.w.c.RestTemplate - Writing [Person{name='Robert'}] as "application/json"
14:08:46.771 [XNIO-61 I/O-3] DEBUG o.s.w.s.a.HttpWebHandlerAdapter - [2d3f52a0] HTTP POST "/person-transform/mono"
14:08:46.772 [XNIO-61 I/O-3] DEBUG o.s.w.r.r.m.a.RequestMappingHandlerMapping - [2d3f52a0] Mapped to org.springframework.web.reactive.result.method.annotation.RequestMappingMessageConversionIntegrationTests$PersonTransformationController#transformMono(Mono)
14:08:46.772 [XNIO-61 I/O-3] DEBUG o.s.w.r.r.m.a.RequestBodyMethodArgumentResolver - [2d3f52a0] Content-Type:application/json
14:08:46.773 [XNIO-61 I/O-3] DEBUG o.s.w.r.r.m.a.RequestBodyMethodArgumentResolver - [2d3f52a0] 0..1 [org.springframework.web.reactive.result.method.annotation.RequestMappingMessageConversionIntegrationTests$Person]
14:08:46.773 [XNIO-61 I/O-3] DEBUG o.s.w.r.r.m.a.ResponseBodyResultHandler - Using 'application/json' given [application/json] and supported [application/json, application/*+json, application/x-jackson-smile, application/*+x-jackson-smile, application/xml, text/xml, text/event-stream]
14:08:46.773 [XNIO-61 I/O-3] DEBUG o.s.w.r.r.m.a.ResponseBodyResultHandler - [2d3f52a0] 0..1 [org.springframework.web.reactive.result.method.annotation.RequestMappingMessageConversionIntegrationTests$Person]
14:08:46.774 [XNIO-61 I/O-3] DEBUG o.s.h.c.j.Jackson2JsonDecoder - [2d3f52a0] Decoded [Person{name='Robert'}]
14:08:46.774 [XNIO-61 I/O-3] DEBUG o.s.h.c.j.Jackson2JsonEncoder - [2d3f52a0] Encoding [Person{name='ROBERT'}]
14:08:46.775 [XNIO-61 I/O-3] DEBUG o.s.w.s.a.HttpWebHandlerAdapter - [2d3f52a0] Completed 200 OK
14:08:46.775 [Test worker] DEBUG o.s.w.c.RestTemplate - Response 200 OK
14:08:46.775 [Test worker] DEBUG o.s.w.c.RestTemplate - Reading to [org.springframework.web.reactive.result.method.annotation.RequestMappingMessageConversionIntegrationTests$Person]
14:08:46.775 [Test worker] DEBUG o.s.w.t.h.s.r.b.UndertowHttpServer - Stopping UndertowHttpServer...
14:08:46.775 [Test worker] INFO  i.undertow - stopping server: Undertow - 2.1.3.Final
14:08:46.777 [Test worker] DEBUG o.s.w.t.h.s.r.b.UndertowHttpServer - Server stopped (0 millis).
14:08:46.890 [Test worker] DEBUG o.s.w.r.r.m.a.RequestMappingHandlerMapping - 34 mappings in 'requestMappingHandlerMapping'
14:08:47.003 [Test worker] DEBUG o.s.w.r.r.m.a.ControllerMethodResolver - ControllerAdvice beans: none
14:08:47.044 [Test worker] DEBUG o.s.w.s.a.HttpWebHandlerAdapter - enableLoggingRequestDetails='false': form data and headers will be masked to prevent unsafe logging of potentially sensitive data
14:08:47.044 [Test worker] WARN  o.e.j.s.h.ContextHandler - Empty contextPath
14:08:47.045 [Test worker] INFO  o.e.j.s.h.ContextHandler - Started o.e.j.s.ServletContextHandler@5487616e{/,null,AVAILABLE}
14:08:47.045 [Test worker] DEBUG o.s.w.t.h.s.r.b.JettyHttpServer - Starting JettyHttpServer...
14:08:47.045 [Test worker] INFO  o.e.j.s.Server - jetty-9.4.30.v20200611; built: 2020-06-11T12:34:51.929Z; git: 271836e4c1f4612f12b7bb13ef5a92a927634b0d; jvm 1.8.0_73-b02
14:08:47.048 [Test worker] INFO  o.e.j.s.AbstractConnector - Started ServerConnector@6b54551f{HTTP/1.1, (http/1.1)}{0.0.0.0:61862}
14:08:47.048 [Test worker] INFO  o.e.j.s.Server - Started @126761ms
14:08:47.048 [Test worker] DEBUG o.s.w.t.h.s.r.b.JettyHttpServer - Server started on port 61862(0 millis).
14:08:47.048 [Test worker] DEBUG o.s.w.c.RestTemplate - HTTP POST http://localhost:61862/person-transform/person
14:08:47.049 [Test worker] DEBUG o.s.w.c.RestTemplate - Accept=[application/xml, text/xml, application/json, application/x-jackson-smile, application/*+xml, application/*+json]
14:08:47.049 [Test worker] DEBUG o.s.w.c.RestTemplate - Writing [Person{name='Robert'}] as "application/json"
14:08:47.052 [qtp1419248786-2054] DEBUG o.s.w.s.a.HttpWebHandlerAdapter - [2af5b3b1] HTTP POST "/person-transform/person"
14:08:47.052 [qtp1419248786-2054] DEBUG o.s.w.r.r.m.a.RequestMappingHandlerMapping - [2af5b3b1] Mapped to org.springframework.web.reactive.result.method.annotation.RequestMappingMessageConversionIntegrationTests$PersonTransformationController#transformPerson(Person)
14:08:47.053 [qtp1419248786-2054] DEBUG o.s.w.r.r.m.a.RequestBodyMethodArgumentResolver - [2af5b3b1] Content-Type:application/json
14:08:47.053 [qtp1419248786-2054] DEBUG o.s.w.r.r.m.a.RequestBodyMethodArgumentResolver - [2af5b3b1] 0..1 [org.springframework.web.reactive.result.method.annotation.RequestMappingMessageConversionIntegrationTests$Person]
14:08:47.053 [qtp1419248786-2054] DEBUG o.s.h.c.j.Jackson2JsonDecoder - [2af5b3b1] Decoded [Person{name='Robert'}]
14:08:47.054 [qtp1419248786-2054] DEBUG o.s.w.r.r.m.a.ResponseBodyResultHandler - Using 'application/json' given [application/json] and supported [application/json, application/*+json, application/x-jackson-smile, application/*+x-jackson-smile, application/xml, text/xml, text/event-stream]
14:08:47.054 [qtp1419248786-2054] DEBUG o.s.w.r.r.m.a.ResponseBodyResultHandler - [2af5b3b1] 0..1 [org.springframework.web.reactive.result.method.annotation.RequestMappingMessageConversionIntegrationTests$Person]
14:08:47.054 [qtp1419248786-2054] DEBUG o.s.h.c.j.Jackson2JsonEncoder - [2af5b3b1] Encoding [Person{name='ROBERT'}]
14:08:47.055 [Test worker] DEBUG o.s.w.c.RestTemplate - Response 200 OK
14:08:47.055 [qtp1419248786-2054] DEBUG o.s.w.s.a.HttpWebHandlerAdapter - [2af5b3b1] Completed 200 OK
14:08:47.055 [Test worker] DEBUG o.s.w.c.RestTemplate - Reading to [org.springframework.web.reactive.result.method.annotation.RequestMappingMessageConversionIntegrationTests$Person]
14:08:47.055 [Test worker] DEBUG o.s.w.t.h.s.r.b.JettyHttpServer - Stopping JettyHttpServer...
14:08:47.055 [Test worker] INFO  o.e.j.s.h.ContextHandler - Stopped o.e.j.s.ServletContextHandler@5487616e{/,null,UNAVAILABLE}
14:08:47.056 [Test worker] INFO  o.e.j.s.AbstractConnector - Stopped ServerConnector@6b54551f{HTTP/1.1, (http/1.1)}{0.0.0.0:0}
14:08:47.067 [Test worker] DEBUG o.s.w.t.h.s.r.b.JettyHttpServer - Server stopped (0 millis).
14:08:47.270 [Test worker] DEBUG o.s.w.r.r.m.a.RequestMappingHandlerMapping - 34 mappings in 'requestMappingHandlerMapping'
14:08:47.300 [Test worker] DEBUG o.s.w.r.r.m.a.ControllerMethodResolver - ControllerAdvice beans: none
14:08:47.430 [Test worker] DEBUG o.s.w.s.a.HttpWebHandlerAdapter - enableLoggingRequestDetails='false': form data and headers will be masked to prevent unsafe logging of potentially sensitive data
14:08:47.430 [Test worker] DEBUG o.s.w.t.h.s.r.b.ReactorHttpServer - Starting ReactorHttpServer...
14:08:47.432 [Test worker] DEBUG o.s.w.t.h.s.r.b.ReactorHttpServer - Server started on port 61866(0 millis).
14:08:47.432 [Test worker] DEBUG o.s.w.c.RestTemplate - HTTP POST http://localhost:61866/person-transform/person
14:08:47.435 [Test worker] DEBUG o.s.w.c.RestTemplate - Accept=[application/xml, text/xml, application/json, application/x-jackson-smile, application/*+xml, application/*+json]
14:08:47.436 [Test worker] DEBUG o.s.w.c.RestTemplate - Writing [Person{name='Robert'}] as "application/json"
14:08:47.443 [reactor-http-nio-8] DEBUG o.s.w.s.a.HttpWebHandlerAdapter - [e4d91ee6-65] HTTP POST "/person-transform/person"
14:08:47.444 [reactor-http-nio-8] DEBUG o.s.w.r.r.m.a.RequestMappingHandlerMapping - [e4d91ee6-65] Mapped to org.springframework.web.reactive.result.method.annotation.RequestMappingMessageConversionIntegrationTests$PersonTransformationController#transformPerson(Person)
14:08:47.446 [reactor-http-nio-8] DEBUG o.s.w.r.r.m.a.RequestBodyMethodArgumentResolver - [e4d91ee6-65] Content-Type:application/json
14:08:47.447 [reactor-http-nio-8] DEBUG o.s.w.r.r.m.a.RequestBodyMethodArgumentResolver - [e4d91ee6-65] 0..1 [org.springframework.web.reactive.result.method.annotation.RequestMappingMessageConversionIntegrationTests$Person]
14:08:47.449 [reactor-http-nio-8] DEBUG o.s.h.c.j.Jackson2JsonDecoder - [e4d91ee6-65] Decoded [Person{name='Robert'}]
14:08:47.450 [reactor-http-nio-8] DEBUG o.s.w.r.r.m.a.ResponseBodyResultHandler - Using 'application/json' given [application/json] and supported [application/json, application/*+json, application/x-jackson-smile, application/*+x-jackson-smile, application/xml, text/xml, text/event-stream]
14:08:47.450 [reactor-http-nio-8] DEBUG o.s.w.r.r.m.a.ResponseBodyResultHandler - [e4d91ee6-65] 0..1 [org.springframework.web.reactive.result.method.annotation.RequestMappingMessageConversionIntegrationTests$Person]
14:08:47.451 [reactor-http-nio-8] DEBUG o.s.h.c.j.Jackson2JsonEncoder - [e4d91ee6-65] Encoding [Person{name='ROBERT'}]
14:08:47.453 [reactor-http-nio-8] DEBUG o.s.w.s.a.HttpWebHandlerAdapter - [e4d91ee6-65] Completed 200 OK
14:08:47.453 [Test worker] DEBUG o.s.w.c.RestTemplate - Response 200 OK
14:08:47.453 [Test worker] DEBUG o.s.w.c.RestTemplate - Reading to [org.springframework.web.reactive.result.method.annotation.RequestMappingMessageConversionIntegrationTests$Person]
14:08:47.454 [Test worker] DEBUG o.s.w.t.h.s.r.b.ReactorHttpServer - Stopping ReactorHttpServer...
14:08:47.454 [Test worker] DEBUG o.s.w.t.h.s.r.b.ReactorHttpServer - Server stopped (0 millis).
14:08:47.553 [Test worker] DEBUG o.s.w.r.r.m.a.RequestMappingHandlerMapping - 34 mappings in 'requestMappingHandlerMapping'
14:08:47.594 [Test worker] DEBUG o.s.w.r.r.m.a.ControllerMethodResolver - ControllerAdvice beans: none
14:08:47.646 [Test worker] DEBUG o.s.w.s.a.HttpWebHandlerAdapter - enableLoggingRequestDetails='false': form data and headers will be masked to prevent unsafe logging of potentially sensitive data
14:08:47.647 [Test worker] DEBUG o.s.w.t.h.s.r.b.TomcatHttpServer - Starting TomcatHttpServer...
14:08:47.731 [Test worker] DEBUG o.s.w.t.h.s.r.b.TomcatHttpServer - Server started on port 61868(0 millis).
14:08:47.735 [Test worker] DEBUG o.s.w.c.RestTemplate - HTTP POST http://localhost:61868/person-transform/person
14:08:47.738 [Test worker] DEBUG o.s.w.c.RestTemplate - Accept=[application/xml, text/xml, application/json, application/x-jackson-smile, application/*+xml, application/*+json]
14:08:47.739 [Test worker] DEBUG o.s.w.c.RestTemplate - Writing [Person{name='Robert'}] as "application/json"
14:08:47.747 [http-nio-auto-62-exec-1] DEBUG o.s.w.s.a.HttpWebHandlerAdapter - [1d2804f2] HTTP POST "/person-transform/person"
14:08:47.748 [http-nio-auto-62-exec-1] DEBUG o.s.w.r.r.m.a.RequestMappingHandlerMapping - [1d2804f2] Mapped to org.springframework.web.reactive.result.method.annotation.RequestMappingMessageConversionIntegrationTests$PersonTransformationController#transformPerson(Person)
14:08:47.749 [http-nio-auto-62-exec-1] DEBUG o.s.w.r.r.m.a.RequestBodyMethodArgumentResolver - [1d2804f2] Content-Type:application/json
14:08:47.749 [http-nio-auto-62-exec-1] DEBUG o.s.w.r.r.m.a.RequestBodyMethodArgumentResolver - [1d2804f2] 0..1 [org.springframework.web.reactive.result.method.annotation.RequestMappingMessageConversionIntegrationTests$Person]
14:08:47.751 [http-nio-auto-62-exec-1] DEBUG o.s.h.c.j.Jackson2JsonDecoder - [1d2804f2] Decoded [Person{name='Robert'}]
14:08:47.752 [http-nio-auto-62-exec-1] DEBUG o.s.w.r.r.m.a.ResponseBodyResultHandler - Using 'application/json' given [application/json] and supported [application/json, application/*+json, application/x-jackson-smile, application/*+x-jackson-smile, application/xml, text/xml, text/event-stream]
14:08:47.753 [http-nio-auto-62-exec-1] DEBUG o.s.w.r.r.m.a.ResponseBodyResultHandler - [1d2804f2] 0..1 [org.springframework.web.reactive.result.method.annotation.RequestMappingMessageConversionIntegrationTests$Person]
14:08:47.753 [http-nio-auto-62-exec-1] DEBUG o.s.h.c.j.Jackson2JsonEncoder - [1d2804f2] Encoding [Person{name='ROBERT'}]
14:08:47.754 [http-nio-auto-62-exec-1] DEBUG o.s.w.s.a.HttpWebHandlerAdapter - [1d2804f2] Completed 200 OK
14:08:47.755 [Test worker] DEBUG o.s.w.c.RestTemplate - Response 200 OK
14:08:47.755 [Test worker] DEBUG o.s.w.c.RestTemplate - Reading to [org.springframework.web.reactive.result.method.annotation.RequestMappingMessageConversionIntegrationTests$Person]
14:08:47.756 [Test worker] DEBUG o.s.w.t.h.s.r.b.TomcatHttpServer - Stopping TomcatHttpServer...
14:08:47.777 [Test worker] DEBUG o.s.w.t.h.s.r.b.TomcatHttpServer - Server stopped (0 millis).
14:08:47.983 [Test worker] DEBUG o.s.w.r.r.m.a.RequestMappingHandlerMapping - 34 mappings in 'requestMappingHandlerMapping'
14:08:48.017 [Test worker] DEBUG o.s.w.r.r.m.a.ControllerMethodResolver - ControllerAdvice beans: none
14:08:48.083 [Test worker] DEBUG o.s.w.s.a.HttpWebHandlerAdapter - enableLoggingRequestDetails='false': form data and headers will be masked to prevent unsafe logging of potentially sensitive data
14:08:48.083 [Test worker] DEBUG o.s.w.t.h.s.r.b.UndertowHttpServer - Starting UndertowHttpServer...
14:08:48.083 [Test worker] INFO  i.undertow - starting server: Undertow - 2.1.3.Final
14:08:48.086 [Test worker] DEBUG o.s.w.t.h.s.r.b.UndertowHttpServer - Server started on port 61871(0 millis).
14:08:48.086 [Test worker] DEBUG o.s.w.c.RestTemplate - HTTP POST http://localhost:61871/person-transform/person
14:08:48.087 [Test worker] DEBUG o.s.w.c.RestTemplate - Accept=[application/xml, text/xml, application/json, application/x-jackson-smile, application/*+xml, application/*+json]
14:08:48.088 [Test worker] DEBUG o.s.w.c.RestTemplate - Writing [Person{name='Robert'}] as "application/json"
14:08:48.090 [XNIO-62 I/O-1] DEBUG o.s.w.s.a.HttpWebHandlerAdapter - [54dd776a] HTTP POST "/person-transform/person"
14:08:48.091 [XNIO-62 I/O-1] DEBUG o.s.w.r.r.m.a.RequestMappingHandlerMapping - [54dd776a] Mapped to org.springframework.web.reactive.result.method.annotation.RequestMappingMessageConversionIntegrationTests$PersonTransformationController#transformPerson(Person)
14:08:48.091 [XNIO-62 I/O-1] DEBUG o.s.w.r.r.m.a.RequestBodyMethodArgumentResolver - [54dd776a] Content-Type:application/json
14:08:48.092 [XNIO-62 I/O-1] DEBUG o.s.w.r.r.m.a.RequestBodyMethodArgumentResolver - [54dd776a] 0..1 [org.springframework.web.reactive.result.method.annotation.RequestMappingMessageConversionIntegrationTests$Person]
14:08:48.092 [XNIO-62 I/O-1] DEBUG o.s.h.c.j.Jackson2JsonDecoder - [54dd776a] Decoded [Person{name='Robert'}]
14:08:48.093 [XNIO-62 I/O-1] DEBUG o.s.w.r.r.m.a.ResponseBodyResultHandler - Using 'application/json' given [application/json] and supported [application/json, application/*+json, application/x-jackson-smile, application/*+x-jackson-smile, application/xml, text/xml, text/event-stream]
14:08:48.093 [XNIO-62 I/O-1] DEBUG o.s.w.r.r.m.a.ResponseBodyResultHandler - [54dd776a] 0..1 [org.springframework.web.reactive.result.method.annotation.RequestMappingMessageConversionIntegrationTests$Person]
14:08:48.093 [XNIO-62 I/O-1] DEBUG o.s.h.c.j.Jackson2JsonEncoder - [54dd776a] Encoding [Person{name='ROBERT'}]
14:08:48.093 [XNIO-62 I/O-1] DEBUG o.s.w.s.a.HttpWebHandlerAdapter - [54dd776a] Completed 200 OK
14:08:48.094 [Test worker] DEBUG o.s.w.c.RestTemplate - Response 200 OK
14:08:48.094 [Test worker] DEBUG o.s.w.c.RestTemplate - Reading to [org.springframework.web.reactive.result.method.annotation.RequestMappingMessageConversionIntegrationTests$Person]
14:08:48.094 [Test worker] DEBUG o.s.w.t.h.s.r.b.UndertowHttpServer - Stopping UndertowHttpServer...
14:08:48.094 [Test worker] INFO  i.undertow - stopping server: Undertow - 2.1.3.Final
14:08:48.095 [Test worker] DEBUG o.s.w.t.h.s.r.b.UndertowHttpServer - Server stopped (0 millis).
14:08:48.201 [Test worker] DEBUG o.s.w.r.r.m.a.RequestMappingHandlerMapping - 34 mappings in 'requestMappingHandlerMapping'
14:08:48.241 [Test worker] DEBUG o.s.w.r.r.m.a.ControllerMethodResolver - ControllerAdvice beans: none
14:08:48.287 [Test worker] DEBUG o.s.w.s.a.HttpWebHandlerAdapter - enableLoggingRequestDetails='false': form data and headers will be masked to prevent unsafe logging of potentially sensitive data
14:08:48.287 [Test worker] WARN  o.e.j.s.h.ContextHandler - Empty contextPath
14:08:48.287 [Test worker] INFO  o.e.j.s.h.ContextHandler - Started o.e.j.s.ServletContextHandler@55620faa{/,null,AVAILABLE}
14:08:48.288 [Test worker] DEBUG o.s.w.t.h.s.r.b.JettyHttpServer - Starting JettyHttpServer...
14:08:48.288 [Test worker] INFO  o.e.j.s.Server - jetty-9.4.30.v20200611; built: 2020-06-11T12:34:51.929Z; git: 271836e4c1f4612f12b7bb13ef5a92a927634b0d; jvm 1.8.0_73-b02
14:08:48.291 [Test worker] INFO  o.e.j.s.AbstractConnector - Started ServerConnector@531d54e0{HTTP/1.1, (http/1.1)}{0.0.0.0:61873}
14:08:48.291 [Test worker] INFO  o.e.j.s.Server - Started @128004ms
14:08:48.291 [Test worker] DEBUG o.s.w.t.h.s.r.b.JettyHttpServer - Server started on port 61873(0 millis).
14:08:48.291 [Test worker] DEBUG o.s.w.c.RestTemplate - HTTP POST http://localhost:61873/person-transform/mono
14:08:48.292 [Test worker] DEBUG o.s.w.c.RestTemplate - Accept=[application/xml, text/xml, application/json, application/x-jackson-smile, application/*+xml, application/*+json]
14:08:48.292 [Test worker] DEBUG o.s.w.c.RestTemplate - Writing [Person{name='Robert'}] as "application/xml"
14:08:48.297 [qtp1420172003-2087] DEBUG o.s.w.s.a.HttpWebHandlerAdapter - [5e54ee72] HTTP POST "/person-transform/mono"
14:08:48.298 [qtp1420172003-2087] DEBUG o.s.w.r.r.m.a.RequestMappingHandlerMapping - [5e54ee72] Mapped to org.springframework.web.reactive.result.method.annotation.RequestMappingMessageConversionIntegrationTests$PersonTransformationController#transformMono(Mono)
14:08:48.298 [qtp1420172003-2087] DEBUG o.s.w.r.r.m.a.RequestBodyMethodArgumentResolver - [5e54ee72] Content-Type:application/xml
14:08:48.299 [qtp1420172003-2087] DEBUG o.s.w.r.r.m.a.RequestBodyMethodArgumentResolver - [5e54ee72] 0..1 [org.springframework.web.reactive.result.method.annotation.RequestMappingMessageConversionIntegrationTests$Person]
14:08:48.300 [qtp1420172003-2087] DEBUG o.s.w.r.r.m.a.ResponseBodyResultHandler - Using 'application/xml' given [application/xml] and supported [application/json, application/*+json, application/x-jackson-smile, application/*+x-jackson-smile, application/xml, text/xml, text/event-stream]
14:08:48.300 [qtp1420172003-2087] DEBUG o.s.w.r.r.m.a.ResponseBodyResultHandler - [5e54ee72] 0..1 [org.springframework.web.reactive.result.method.annotation.RequestMappingMessageConversionIntegrationTests$Person]
14:08:48.315 [qtp1420172003-2087] DEBUG o.s.h.c.x.Jaxb2XmlEncoder - [5e54ee72] Encoding [Person{name='ROBERT'}]
14:08:48.318 [Test worker] DEBUG o.s.w.c.RestTemplate - Response 200 OK
14:08:48.319 [qtp1420172003-2087] DEBUG o.s.w.s.a.HttpWebHandlerAdapter - [5e54ee72] Completed 200 OK
14:08:48.319 [Test worker] DEBUG o.s.w.c.RestTemplate - Reading to [org.springframework.web.reactive.result.method.annotation.RequestMappingMessageConversionIntegrationTests$Person] as "application/xml"
14:08:48.325 [Test worker] DEBUG o.s.w.t.h.s.r.b.JettyHttpServer - Stopping JettyHttpServer...
14:08:48.326 [Test worker] INFO  o.e.j.s.h.ContextHandler - Stopped o.e.j.s.ServletContextHandler@55620faa{/,null,UNAVAILABLE}
14:08:48.327 [Test worker] INFO  o.e.j.s.AbstractConnector - Stopped ServerConnector@531d54e0{HTTP/1.1, (http/1.1)}{0.0.0.0:0}
14:08:48.329 [Test worker] DEBUG o.s.w.t.h.s.r.b.JettyHttpServer - Server stopped (0 millis).
14:08:48.440 [Test worker] DEBUG o.s.w.r.r.m.a.RequestMappingHandlerMapping - 34 mappings in 'requestMappingHandlerMapping'
14:08:48.492 [Test worker] DEBUG o.s.w.r.r.m.a.ControllerMethodResolver - ControllerAdvice beans: none
14:08:48.528 [Test worker] DEBUG o.s.w.s.a.HttpWebHandlerAdapter - enableLoggingRequestDetails='false': form data and headers will be masked to prevent unsafe logging of potentially sensitive data
14:08:48.528 [Test worker] DEBUG o.s.w.t.h.s.r.b.ReactorHttpServer - Starting ReactorHttpServer...
14:08:48.529 [Test worker] DEBUG o.s.w.t.h.s.r.b.ReactorHttpServer - Server started on port 61875(0 millis).
14:08:48.530 [Test worker] DEBUG o.s.w.c.RestTemplate - HTTP POST http://localhost:61875/person-transform/mono
14:08:48.531 [Test worker] DEBUG o.s.w.c.RestTemplate - Accept=[application/xml, text/xml, application/json, application/x-jackson-smile, application/*+xml, application/*+json]
14:08:48.532 [Test worker] DEBUG o.s.w.c.RestTemplate - Writing [Person{name='Robert'}] as "application/xml"
14:08:48.540 [reactor-http-nio-2] DEBUG o.s.w.s.a.HttpWebHandlerAdapter - [d906435a-66] HTTP POST "/person-transform/mono"
14:08:48.541 [reactor-http-nio-2] DEBUG o.s.w.r.r.m.a.RequestMappingHandlerMapping - [d906435a-66] Mapped to org.springframework.web.reactive.result.method.annotation.RequestMappingMessageConversionIntegrationTests$PersonTransformationController#transformMono(Mono)
14:08:48.541 [reactor-http-nio-2] DEBUG o.s.w.r.r.m.a.RequestBodyMethodArgumentResolver - [d906435a-66] Content-Type:application/xml
14:08:48.542 [reactor-http-nio-2] DEBUG o.s.w.r.r.m.a.RequestBodyMethodArgumentResolver - [d906435a-66] 0..1 [org.springframework.web.reactive.result.method.annotation.RequestMappingMessageConversionIntegrationTests$Person]
14:08:48.543 [reactor-http-nio-2] DEBUG o.s.w.r.r.m.a.ResponseBodyResultHandler - Using 'application/xml' given [application/xml] and supported [application/json, application/*+json, application/x-jackson-smile, application/*+x-jackson-smile, application/xml, text/xml, text/event-stream]
14:08:48.543 [reactor-http-nio-2] DEBUG o.s.w.r.r.m.a.ResponseBodyResultHandler - [d906435a-66] 0..1 [org.springframework.web.reactive.result.method.annotation.RequestMappingMessageConversionIntegrationTests$Person]
14:08:48.546 [reactor-http-nio-2] DEBUG o.s.h.c.x.Jaxb2XmlEncoder - [d906435a-66] Encoding [Person{name='ROBERT'}]
14:08:48.549 [reactor-http-nio-2] DEBUG o.s.w.s.a.HttpWebHandlerAdapter - [d906435a-66] Completed 200 OK
14:08:48.549 [Test worker] DEBUG o.s.w.c.RestTemplate - Response 200 OK
14:08:48.550 [Test worker] DEBUG o.s.w.c.RestTemplate - Reading to [org.springframework.web.reactive.result.method.annotation.RequestMappingMessageConversionIntegrationTests$Person] as "application/xml"
14:08:48.551 [Test worker] DEBUG o.s.w.t.h.s.r.b.ReactorHttpServer - Stopping ReactorHttpServer...
14:08:48.551 [Test worker] DEBUG o.s.w.t.h.s.r.b.ReactorHttpServer - Server stopped (0 millis).
14:08:48.643 [Test worker] DEBUG o.s.w.r.r.m.a.RequestMappingHandlerMapping - 34 mappings in 'requestMappingHandlerMapping'
14:08:48.665 [Test worker] DEBUG o.s.w.r.r.m.a.ControllerMethodResolver - ControllerAdvice beans: none
14:08:48.683 [Test worker] DEBUG o.s.w.s.a.HttpWebHandlerAdapter - enableLoggingRequestDetails='false': form data and headers will be masked to prevent unsafe logging of potentially sensitive data
14:08:48.683 [Test worker] DEBUG o.s.w.t.h.s.r.b.TomcatHttpServer - Starting TomcatHttpServer...
14:08:48.743 [Test worker] DEBUG o.s.w.t.h.s.r.b.TomcatHttpServer - Server started on port 61877(0 millis).
14:08:48.755 [Test worker] DEBUG o.s.w.c.RestTemplate - HTTP POST http://localhost:61877/person-transform/mono
14:08:48.757 [Test worker] DEBUG o.s.w.c.RestTemplate - Accept=[application/xml, text/xml, application/json, application/x-jackson-smile, application/*+xml, application/*+json]
14:08:48.758 [Test worker] DEBUG o.s.w.c.RestTemplate - Writing [Person{name='Robert'}] as "application/xml"
14:08:48.764 [http-nio-auto-63-exec-1] DEBUG o.s.w.s.a.HttpWebHandlerAdapter - [2313a55b] HTTP POST "/person-transform/mono"
14:08:48.764 [http-nio-auto-63-exec-1] DEBUG o.s.w.r.r.m.a.RequestMappingHandlerMapping - [2313a55b] Mapped to org.springframework.web.reactive.result.method.annotation.RequestMappingMessageConversionIntegrationTests$PersonTransformationController#transformMono(Mono)
14:08:48.765 [http-nio-auto-63-exec-1] DEBUG o.s.w.r.r.m.a.RequestBodyMethodArgumentResolver - [2313a55b] Content-Type:application/xml
14:08:48.766 [http-nio-auto-63-exec-1] DEBUG o.s.w.r.r.m.a.RequestBodyMethodArgumentResolver - [2313a55b] 0..1 [org.springframework.web.reactive.result.method.annotation.RequestMappingMessageConversionIntegrationTests$Person]
14:08:48.767 [http-nio-auto-63-exec-1] DEBUG o.s.w.r.r.m.a.ResponseBodyResultHandler - Using 'application/xml' given [application/xml] and supported [application/json, application/*+json, application/x-jackson-smile, application/*+x-jackson-smile, application/xml, text/xml, text/event-stream]
14:08:48.767 [http-nio-auto-63-exec-1] DEBUG o.s.w.r.r.m.a.ResponseBodyResultHandler - [2313a55b] 0..1 [org.springframework.web.reactive.result.method.annotation.RequestMappingMessageConversionIntegrationTests$Person]
14:08:48.773 [http-nio-auto-63-exec-1] DEBUG o.s.h.c.x.Jaxb2XmlEncoder - [2313a55b] Encoding [Person{name='ROBERT'}]
14:08:48.779 [http-nio-auto-63-exec-1] DEBUG o.s.w.s.a.HttpWebHandlerAdapter - [2313a55b] Completed 200 OK
14:08:48.780 [Test worker] DEBUG o.s.w.c.RestTemplate - Response 200 OK
14:08:48.780 [Test worker] DEBUG o.s.w.c.RestTemplate - Reading to [org.springframework.web.reactive.result.method.annotation.RequestMappingMessageConversionIntegrationTests$Person] as "application/xml"
14:08:48.783 [Test worker] DEBUG o.s.w.t.h.s.r.b.TomcatHttpServer - Stopping TomcatHttpServer...
14:08:48.799 [Test worker] DEBUG o.s.w.t.h.s.r.b.TomcatHttpServer - Server stopped (0 millis).
14:08:48.918 [Test worker] DEBUG o.s.w.r.r.m.a.RequestMappingHandlerMapping - 34 mappings in 'requestMappingHandlerMapping'
14:08:48.958 [Test worker] DEBUG o.s.w.r.r.m.a.ControllerMethodResolver - ControllerAdvice beans: none
14:08:48.980 [Test worker] DEBUG o.s.w.s.a.HttpWebHandlerAdapter - enableLoggingRequestDetails='false': form data and headers will be masked to prevent unsafe logging of potentially sensitive data
14:08:48.980 [Test worker] DEBUG o.s.w.t.h.s.r.b.UndertowHttpServer - Starting UndertowHttpServer...
14:08:48.980 [Test worker] INFO  i.undertow - starting server: Undertow - 2.1.3.Final
14:08:48.985 [Test worker] DEBUG o.s.w.t.h.s.r.b.UndertowHttpServer - Server started on port 61880(0 millis).
14:08:48.986 [Test worker] DEBUG o.s.w.c.RestTemplate - HTTP POST http://localhost:61880/person-transform/mono
14:08:48.986 [Test worker] DEBUG o.s.w.c.RestTemplate - Accept=[application/xml, text/xml, application/json, application/x-jackson-smile, application/*+xml, application/*+json]
14:08:48.987 [Test worker] DEBUG o.s.w.c.RestTemplate - Writing [Person{name='Robert'}] as "application/xml"
14:08:48.992 [XNIO-63 I/O-3] DEBUG o.s.w.s.a.HttpWebHandlerAdapter - [870f915] HTTP POST "/person-transform/mono"
14:08:48.992 [XNIO-63 I/O-3] DEBUG o.s.w.r.r.m.a.RequestMappingHandlerMapping - [870f915] Mapped to org.springframework.web.reactive.result.method.annotation.RequestMappingMessageConversionIntegrationTests$PersonTransformationController#transformMono(Mono)
14:08:48.992 [XNIO-63 I/O-3] DEBUG o.s.w.r.r.m.a.RequestBodyMethodArgumentResolver - [870f915] Content-Type:application/xml
14:08:48.993 [XNIO-63 I/O-3] DEBUG o.s.w.r.r.m.a.RequestBodyMethodArgumentResolver - [870f915] 0..1 [org.springframework.web.reactive.result.method.annotation.RequestMappingMessageConversionIntegrationTests$Person]
14:08:48.994 [XNIO-63 I/O-3] DEBUG o.s.w.r.r.m.a.ResponseBodyResultHandler - Using 'application/xml' given [application/xml] and supported [application/json, application/*+json, application/x-jackson-smile, application/*+x-jackson-smile, application/xml, text/xml, text/event-stream]
14:08:48.994 [XNIO-63 I/O-3] DEBUG o.s.w.r.r.m.a.ResponseBodyResultHandler - [870f915] 0..1 [org.springframework.web.reactive.result.method.annotation.RequestMappingMessageConversionIntegrationTests$Person]
14:08:48.997 [XNIO-63 I/O-3] DEBUG o.s.h.c.x.Jaxb2XmlEncoder - [870f915] Encoding [Person{name='ROBERT'}]
14:08:49.000 [XNIO-63 I/O-3] DEBUG o.s.w.s.a.HttpWebHandlerAdapter - [870f915] Completed 200 OK
14:08:49.000 [Test worker] DEBUG o.s.w.c.RestTemplate - Response 200 OK
14:08:49.000 [Test worker] DEBUG o.s.w.c.RestTemplate - Reading to [org.springframework.web.reactive.result.method.annotation.RequestMappingMessageConversionIntegrationTests$Person] as "application/xml"
14:08:49.001 [Test worker] DEBUG o.s.w.t.h.s.r.b.UndertowHttpServer - Stopping UndertowHttpServer...
14:08:49.001 [Test worker] INFO  i.undertow - stopping server: Undertow - 2.1.3.Final
14:08:49.006 [Test worker] DEBUG o.s.w.t.h.s.r.b.UndertowHttpServer - Server stopped (0 millis).
14:08:49.092 [Test worker] DEBUG o.s.w.r.r.m.a.RequestMappingHandlerMapping - 34 mappings in 'requestMappingHandlerMapping'
14:08:49.183 [Test worker] DEBUG o.s.w.r.r.m.a.ControllerMethodResolver - ControllerAdvice beans: none
14:08:49.261 [Test worker] DEBUG o.s.w.s.a.HttpWebHandlerAdapter - enableLoggingRequestDetails='false': form data and headers will be masked to prevent unsafe logging of potentially sensitive data
14:08:49.262 [Test worker] WARN  o.e.j.s.h.ContextHandler - Empty contextPath
14:08:49.264 [Test worker] INFO  o.e.j.s.h.ContextHandler - Started o.e.j.s.ServletContextHandler@78f38db8{/,null,AVAILABLE}
14:08:49.265 [Test worker] DEBUG o.s.w.t.h.s.r.b.JettyHttpServer - Starting JettyHttpServer...
14:08:49.265 [Test worker] INFO  o.e.j.s.Server - jetty-9.4.30.v20200611; built: 2020-06-11T12:34:51.929Z; git: 271836e4c1f4612f12b7bb13ef5a92a927634b0d; jvm 1.8.0_73-b02
14:08:49.274 [Test worker] INFO  o.e.j.s.AbstractConnector - Started ServerConnector@2b23a84b{HTTP/1.1, (http/1.1)}{0.0.0.0:61882}
14:08:49.276 [Test worker] INFO  o.e.j.s.Server - Started @128989ms
14:08:49.276 [Test worker] DEBUG o.s.w.t.h.s.r.b.JettyHttpServer - Server started on port 61882(0 millis).
14:08:49.277 [Test worker] DEBUG o.s.w.c.RestTemplate - HTTP GET http://localhost:61882/person-response/observable
14:08:49.277 [Test worker] DEBUG o.s.w.c.RestTemplate - Accept=[application/json, application/x-jackson-smile, application/*+json]
14:08:49.283 [qtp1888746257-2120] DEBUG o.s.w.s.a.HttpWebHandlerAdapter - [d44ba8d] HTTP GET "/person-response/observable"
14:08:49.283 [qtp1888746257-2120] DEBUG o.s.w.r.r.m.a.RequestMappingHandlerMapping - [d44ba8d] Mapped to org.springframework.web.reactive.result.method.annotation.RequestMappingMessageConversionIntegrationTests$PersonResponseBodyController#getObservable()
14:08:49.287 [qtp1888746257-2120] DEBUG o.s.w.r.r.m.a.ResponseBodyResultHandler - Using 'application/json' given [application/json] and supported [application/json, application/*+json, application/x-jackson-smile, application/*+x-jackson-smile, application/xml, text/xml, text/event-stream]
14:08:49.287 [qtp1888746257-2120] DEBUG o.s.w.r.r.m.a.ResponseBodyResultHandler - [d44ba8d] 0..N [org.springframework.web.reactive.result.method.annotation.RequestMappingMessageConversionIntegrationTests$Person]
14:08:49.292 [qtp1888746257-2120] DEBUG o.s.h.c.j.Jackson2JsonEncoder - [d44ba8d] Encoding [[Person{name='Robert'}, Person{name='Marie'}]]
14:08:49.294 [qtp1888746257-2120] DEBUG o.s.w.s.a.HttpWebHandlerAdapter - [d44ba8d] Completed 200 OK
14:08:49.294 [Test worker] DEBUG o.s.w.c.RestTemplate - Response 200 OK
14:08:49.295 [Test worker] DEBUG o.s.w.c.RestTemplate - Reading to [java.util.List<org.springframework.web.reactive.result.method.annotation.RequestMappingMessageConversionIntegrationTests$Person>]
14:08:49.297 [Test worker] DEBUG o.s.w.t.h.s.r.b.JettyHttpServer - Stopping JettyHttpServer...
14:08:49.297 [Test worker] INFO  o.e.j.s.h.ContextHandler - Stopped o.e.j.s.ServletContextHandler@78f38db8{/,null,UNAVAILABLE}
14:08:49.302 [Test worker] INFO  o.e.j.s.AbstractConnector - Stopped ServerConnector@2b23a84b{HTTP/1.1, (http/1.1)}{0.0.0.0:0}
14:08:49.314 [Test worker] DEBUG o.s.w.t.h.s.r.b.JettyHttpServer - Server stopped (0 millis).
14:08:49.381 [Test worker] DEBUG o.s.w.r.r.m.a.RequestMappingHandlerMapping - 34 mappings in 'requestMappingHandlerMapping'
14:08:49.410 [Test worker] DEBUG o.s.w.r.r.m.a.ControllerMethodResolver - ControllerAdvice beans: none
14:08:49.432 [Test worker] DEBUG o.s.w.s.a.HttpWebHandlerAdapter - enableLoggingRequestDetails='false': form data and headers will be masked to prevent unsafe logging of potentially sensitive data
14:08:49.433 [Test worker] DEBUG o.s.w.t.h.s.r.b.ReactorHttpServer - Starting ReactorHttpServer...
14:08:49.434 [Test worker] DEBUG o.s.w.t.h.s.r.b.ReactorHttpServer - Server started on port 61884(0 millis).
14:08:49.434 [Test worker] DEBUG o.s.w.c.RestTemplate - HTTP GET http://localhost:61884/person-response/observable
14:08:49.435 [Test worker] DEBUG o.s.w.c.RestTemplate - Accept=[application/json, application/x-jackson-smile, application/*+json]
14:08:49.437 [reactor-http-nio-4] DEBUG o.s.w.s.a.HttpWebHandlerAdapter - [f80c429f-67] HTTP GET "/person-response/observable"
14:08:49.437 [reactor-http-nio-4] DEBUG o.s.w.r.r.m.a.RequestMappingHandlerMapping - [f80c429f-67] Mapped to org.springframework.web.reactive.result.method.annotation.RequestMappingMessageConversionIntegrationTests$PersonResponseBodyController#getObservable()
14:08:49.439 [reactor-http-nio-4] DEBUG o.s.w.r.r.m.a.ResponseBodyResultHandler - Using 'application/json' given [application/json] and supported [application/json, application/*+json, application/x-jackson-smile, application/*+x-jackson-smile, application/xml, text/xml, text/event-stream]
14:08:49.439 [reactor-http-nio-4] DEBUG o.s.w.r.r.m.a.ResponseBodyResultHandler - [f80c429f-67] 0..N [org.springframework.web.reactive.result.method.annotation.RequestMappingMessageConversionIntegrationTests$Person]
14:08:49.440 [reactor-http-nio-4] DEBUG o.s.h.c.j.Jackson2JsonEncoder - [f80c429f-67] Encoding [[Person{name='Robert'}, Person{name='Marie'}]]
14:08:49.442 [Test worker] DEBUG o.s.w.c.RestTemplate - Response 200 OK
14:08:49.443 [Test worker] DEBUG o.s.w.c.RestTemplate - Reading to [java.util.List<org.springframework.web.reactive.result.method.annotation.RequestMappingMessageConversionIntegrationTests$Person>]
14:08:49.443 [reactor-http-nio-4] DEBUG o.s.w.s.a.HttpWebHandlerAdapter - [f80c429f-67] Completed 200 OK
14:08:49.446 [Test worker] DEBUG o.s.w.t.h.s.r.b.ReactorHttpServer - Stopping ReactorHttpServer...
14:08:49.446 [Test worker] DEBUG o.s.w.t.h.s.r.b.ReactorHttpServer - Server stopped (0 millis).
14:08:49.633 [Test worker] DEBUG o.s.w.r.r.m.a.RequestMappingHandlerMapping - 34 mappings in 'requestMappingHandlerMapping'
14:08:49.700 [Test worker] DEBUG o.s.w.r.r.m.a.ControllerMethodResolver - ControllerAdvice beans: none
14:08:49.752 [Test worker] DEBUG o.s.w.s.a.HttpWebHandlerAdapter - enableLoggingRequestDetails='false': form data and headers will be masked to prevent unsafe logging of potentially sensitive data
14:08:49.763 [Test worker] DEBUG o.s.w.t.h.s.r.b.TomcatHttpServer - Starting TomcatHttpServer...
14:08:49.780 [Test worker] DEBUG o.s.w.t.h.s.r.b.TomcatHttpServer - Server started on port 61886(0 millis).
14:08:49.780 [Test worker] DEBUG o.s.w.c.RestTemplate - HTTP GET http://localhost:61886/person-response/observable
14:08:49.781 [Test worker] DEBUG o.s.w.c.RestTemplate - Accept=[application/json, application/x-jackson-smile, application/*+json]
14:08:49.784 [http-nio-auto-64-exec-1] DEBUG o.s.w.s.a.HttpWebHandlerAdapter - [b9595e9] HTTP GET "/person-response/observable"
14:08:49.784 [http-nio-auto-64-exec-1] DEBUG o.s.w.r.r.m.a.RequestMappingHandlerMapping - [b9595e9] Mapped to org.springframework.web.reactive.result.method.annotation.RequestMappingMessageConversionIntegrationTests$PersonResponseBodyController#getObservable()
14:08:49.785 [http-nio-auto-64-exec-1] DEBUG o.s.w.r.r.m.a.ResponseBodyResultHandler - Using 'application/json' given [application/json] and supported [application/json, application/*+json, application/x-jackson-smile, application/*+x-jackson-smile, application/xml, text/xml, text/event-stream]
14:08:49.785 [http-nio-auto-64-exec-1] DEBUG o.s.w.r.r.m.a.ResponseBodyResultHandler - [b9595e9] 0..N [org.springframework.web.reactive.result.method.annotation.RequestMappingMessageConversionIntegrationTests$Person]
14:08:49.786 [http-nio-auto-64-exec-1] DEBUG o.s.h.c.j.Jackson2JsonEncoder - [b9595e9] Encoding [[Person{name='Robert'}, Person{name='Marie'}]]
14:08:49.786 [http-nio-auto-64-exec-1] DEBUG o.s.w.s.a.HttpWebHandlerAdapter - [b9595e9] Completed 200 OK
14:08:49.787 [Test worker] DEBUG o.s.w.c.RestTemplate - Response 200 OK
14:08:49.787 [Test worker] DEBUG o.s.w.c.RestTemplate - Reading to [java.util.List<org.springframework.web.reactive.result.method.annotation.RequestMappingMessageConversionIntegrationTests$Person>]
14:08:49.788 [Test worker] DEBUG o.s.w.t.h.s.r.b.TomcatHttpServer - Stopping TomcatHttpServer...
14:08:49.795 [Test worker] DEBUG o.s.w.t.h.s.r.b.TomcatHttpServer - Server stopped (0 millis).
14:08:49.933 [Test worker] DEBUG o.s.w.r.r.m.a.RequestMappingHandlerMapping - 34 mappings in 'requestMappingHandlerMapping'
14:08:49.981 [Test worker] DEBUG o.s.w.r.r.m.a.ControllerMethodResolver - ControllerAdvice beans: none
14:08:50.166 [Test worker] DEBUG o.s.w.s.a.HttpWebHandlerAdapter - enableLoggingRequestDetails='false': form data and headers will be masked to prevent unsafe logging of potentially sensitive data
14:08:50.176 [Test worker] DEBUG o.s.w.t.h.s.r.b.UndertowHttpServer - Starting UndertowHttpServer...
14:08:50.177 [Test worker] INFO  i.undertow - starting server: Undertow - 2.1.3.Final
14:08:50.187 [Test worker] DEBUG o.s.w.t.h.s.r.b.UndertowHttpServer - Server started on port 61890(0 millis).
14:08:50.187 [Test worker] DEBUG o.s.w.c.RestTemplate - HTTP GET http://localhost:61890/person-response/observable
14:08:50.187 [Test worker] DEBUG o.s.w.c.RestTemplate - Accept=[application/json, application/x-jackson-smile, application/*+json]
14:08:50.191 [XNIO-64 I/O-2] DEBUG o.s.w.s.a.HttpWebHandlerAdapter - [72af9ffb] HTTP GET "/person-response/observable"
14:08:50.192 [XNIO-64 I/O-2] DEBUG o.s.w.r.r.m.a.RequestMappingHandlerMapping - [72af9ffb] Mapped to org.springframework.web.reactive.result.method.annotation.RequestMappingMessageConversionIntegrationTests$PersonResponseBodyController#getObservable()
14:08:50.194 [XNIO-64 I/O-2] DEBUG o.s.w.r.r.m.a.ResponseBodyResultHandler - Using 'application/json' given [application/json] and supported [application/json, application/*+json, application/x-jackson-smile, application/*+x-jackson-smile, application/xml, text/xml, text/event-stream]
14:08:50.194 [XNIO-64 I/O-2] DEBUG o.s.w.r.r.m.a.ResponseBodyResultHandler - [72af9ffb] 0..N [org.springframework.web.reactive.result.method.annotation.RequestMappingMessageConversionIntegrationTests$Person]
14:08:50.195 [XNIO-64 I/O-2] DEBUG o.s.h.c.j.Jackson2JsonEncoder - [72af9ffb] Encoding [[Person{name='Robert'}, Person{name='Marie'}]]
14:08:50.196 [XNIO-64 I/O-2] DEBUG o.s.w.s.a.HttpWebHandlerAdapter - [72af9ffb] Completed 200 OK
14:08:50.196 [Test worker] DEBUG o.s.w.c.RestTemplate - Response 200 OK
14:08:50.197 [Test worker] DEBUG o.s.w.c.RestTemplate - Reading to [java.util.List<org.springframework.web.reactive.result.method.annotation.RequestMappingMessageConversionIntegrationTests$Person>]
14:08:50.198 [Test worker] DEBUG o.s.w.t.h.s.r.b.UndertowHttpServer - Stopping UndertowHttpServer...
14:08:50.198 [Test worker] INFO  i.undertow - stopping server: Undertow - 2.1.3.Final
14:08:50.200 [Test worker] DEBUG o.s.w.t.h.s.r.b.UndertowHttpServer - Server stopped (0 millis).
14:08:50.369 [Test worker] DEBUG o.s.w.r.r.m.a.RequestMappingHandlerMapping - 34 mappings in 'requestMappingHandlerMapping'
14:08:50.407 [Test worker] DEBUG o.s.w.r.r.m.a.ControllerMethodResolver - ControllerAdvice beans: none
14:08:50.490 [Test worker] DEBUG o.s.w.s.a.HttpWebHandlerAdapter - enableLoggingRequestDetails='false': form data and headers will be masked to prevent unsafe logging of potentially sensitive data
14:08:50.490 [Test worker] WARN  o.e.j.s.h.ContextHandler - Empty contextPath
14:08:50.501 [Test worker] INFO  o.e.j.s.h.ContextHandler - Started o.e.j.s.ServletContextHandler@2fcaef3f{/,null,AVAILABLE}
14:08:50.502 [Test worker] DEBUG o.s.w.t.h.s.r.b.JettyHttpServer - Starting JettyHttpServer...
14:08:50.502 [Test worker] INFO  o.e.j.s.Server - jetty-9.4.30.v20200611; built: 2020-06-11T12:34:51.929Z; git: 271836e4c1f4612f12b7bb13ef5a92a927634b0d; jvm 1.8.0_73-b02
14:08:50.505 [Test worker] INFO  o.e.j.s.AbstractConnector - Started ServerConnector@3b7fb464{HTTP/1.1, (http/1.1)}{0.0.0.0:61892}
14:08:50.506 [Test worker] INFO  o.e.j.s.Server - Started @130219ms
14:08:50.506 [Test worker] DEBUG o.s.w.t.h.s.r.b.JettyHttpServer - Server started on port 61892(0 millis).
14:08:50.506 [Test worker] DEBUG o.s.w.c.RestTemplate - HTTP POST http://localhost:61892/person-transform/publisher
14:08:50.506 [Test worker] DEBUG o.s.w.c.RestTemplate - Accept=[application/json, application/x-jackson-smile, application/*+json]
14:08:50.507 [Test worker] DEBUG o.s.w.c.RestTemplate - Writing [[Person{name='Robert'}, Person{name='Marie'}]] as "application/json"
14:08:50.510 [qtp1485545110-2153] DEBUG o.s.w.s.a.HttpWebHandlerAdapter - [24bacf62] HTTP POST "/person-transform/publisher"
14:08:50.510 [qtp1485545110-2153] DEBUG o.s.w.r.r.m.a.RequestMappingHandlerMapping - [24bacf62] Mapped to org.springframework.web.reactive.result.method.annotation.RequestMappingMessageConversionIntegrationTests$PersonTransformationController#transformPublisher(Publisher)
14:08:50.511 [qtp1485545110-2153] DEBUG o.s.w.r.r.m.a.RequestBodyMethodArgumentResolver - [24bacf62] Content-Type:application/json
14:08:50.511 [qtp1485545110-2153] DEBUG o.s.w.r.r.m.a.RequestBodyMethodArgumentResolver - [24bacf62] 0..N [org.springframework.web.reactive.result.method.annotation.RequestMappingMessageConversionIntegrationTests$Person]
14:08:50.512 [qtp1485545110-2153] DEBUG o.s.w.r.r.m.a.ResponseBodyResultHandler - Using 'application/json' given [application/json] and supported [application/json, application/*+json, application/x-jackson-smile, application/*+x-jackson-smile, application/xml, text/xml, text/event-stream]
14:08:50.513 [qtp1485545110-2153] DEBUG o.s.w.r.r.m.a.ResponseBodyResultHandler - [24bacf62] 0..N [org.springframework.web.reactive.result.method.annotation.RequestMappingMessageConversionIntegrationTests$Person]
14:08:50.513 [qtp1485545110-2153] DEBUG o.s.h.c.j.Jackson2JsonDecoder - [24bacf62] Decoded [Person{name='Robert'}]
14:08:50.513 [qtp1485545110-2153] DEBUG o.s.h.c.j.Jackson2JsonDecoder - [24bacf62] Decoded [Person{name='Marie'}]
14:08:50.513 [qtp1485545110-2153] DEBUG o.s.h.c.j.Jackson2JsonEncoder - [24bacf62] Encoding [[Person{name='ROBERT'}, Person{name='MARIE'}]]
14:08:50.514 [qtp1485545110-2153] DEBUG o.s.w.s.a.HttpWebHandlerAdapter - [24bacf62] Completed 200 OK
14:08:50.514 [Test worker] DEBUG o.s.w.c.RestTemplate - Response 200 OK
14:08:50.514 [Test worker] DEBUG o.s.w.c.RestTemplate - Reading to [java.util.List<org.springframework.web.reactive.result.method.annotation.RequestMappingMessageConversionIntegrationTests$Person>]
14:08:50.515 [Test worker] DEBUG o.s.w.t.h.s.r.b.JettyHttpServer - Stopping JettyHttpServer...
14:08:50.516 [Test worker] INFO  o.e.j.s.h.ContextHandler - Stopped o.e.j.s.ServletContextHandler@2fcaef3f{/,null,UNAVAILABLE}
14:08:50.521 [Test worker] INFO  o.e.j.s.AbstractConnector - Stopped ServerConnector@3b7fb464{HTTP/1.1, (http/1.1)}{0.0.0.0:0}
14:08:50.533 [Test worker] DEBUG o.s.w.t.h.s.r.b.JettyHttpServer - Server stopped (0 millis).
14:08:50.638 [Test worker] DEBUG o.s.w.r.r.m.a.RequestMappingHandlerMapping - 34 mappings in 'requestMappingHandlerMapping'
14:08:50.711 [Test worker] DEBUG o.s.w.r.r.m.a.ControllerMethodResolver - ControllerAdvice beans: none
14:08:50.843 [Test worker] DEBUG o.s.w.s.a.HttpWebHandlerAdapter - enableLoggingRequestDetails='false': form data and headers will be masked to prevent unsafe logging of potentially sensitive data
14:08:50.843 [Test worker] DEBUG o.s.w.t.h.s.r.b.ReactorHttpServer - Starting ReactorHttpServer...
14:08:50.845 [Test worker] DEBUG o.s.w.t.h.s.r.b.ReactorHttpServer - Server started on port 61894(0 millis).
14:08:50.846 [Test worker] DEBUG o.s.w.c.RestTemplate - HTTP POST http://localhost:61894/person-transform/publisher
14:08:50.850 [Test worker] DEBUG o.s.w.c.RestTemplate - Accept=[application/json, application/x-jackson-smile, application/*+json]
14:08:50.851 [Test worker] DEBUG o.s.w.c.RestTemplate - Writing [[Person{name='Robert'}, Person{name='Marie'}]] as "application/json"
14:08:50.854 [reactor-http-nio-6] DEBUG o.s.w.s.a.HttpWebHandlerAdapter - [6b98691c-68] HTTP POST "/person-transform/publisher"
14:08:50.854 [reactor-http-nio-6] DEBUG o.s.w.r.r.m.a.RequestMappingHandlerMapping - [6b98691c-68] Mapped to org.springframework.web.reactive.result.method.annotation.RequestMappingMessageConversionIntegrationTests$PersonTransformationController#transformPublisher(Publisher)
14:08:50.854 [reactor-http-nio-6] DEBUG o.s.w.r.r.m.a.RequestBodyMethodArgumentResolver - [6b98691c-68] Content-Type:application/json
14:08:50.855 [reactor-http-nio-6] DEBUG o.s.w.r.r.m.a.RequestBodyMethodArgumentResolver - [6b98691c-68] 0..N [org.springframework.web.reactive.result.method.annotation.RequestMappingMessageConversionIntegrationTests$Person]
14:08:50.856 [reactor-http-nio-6] DEBUG o.s.w.r.r.m.a.ResponseBodyResultHandler - Using 'application/json' given [application/json] and supported [application/json, application/*+json, application/x-jackson-smile, application/*+x-jackson-smile, application/xml, text/xml, text/event-stream]
14:08:50.856 [reactor-http-nio-6] DEBUG o.s.w.r.r.m.a.ResponseBodyResultHandler - [6b98691c-68] 0..N [org.springframework.web.reactive.result.method.annotation.RequestMappingMessageConversionIntegrationTests$Person]
14:08:50.857 [reactor-http-nio-6] DEBUG o.s.h.c.j.Jackson2JsonDecoder - [6b98691c-68] Decoded [Person{name='Robert'}]
14:08:50.857 [reactor-http-nio-6] DEBUG o.s.h.c.j.Jackson2JsonDecoder - [6b98691c-68] Decoded [Person{name='Marie'}]
14:08:50.857 [reactor-http-nio-6] DEBUG o.s.h.c.j.Jackson2JsonEncoder - [6b98691c-68] Encoding [[Person{name='ROBERT'}, Person{name='MARIE'}]]
14:08:50.858 [reactor-http-nio-6] DEBUG o.s.w.s.a.HttpWebHandlerAdapter - [6b98691c-68] Completed 200 OK
14:08:50.859 [Test worker] DEBUG o.s.w.c.RestTemplate - Response 200 OK
14:08:50.862 [Test worker] DEBUG o.s.w.c.RestTemplate - Reading to [java.util.List<org.springframework.web.reactive.result.method.annotation.RequestMappingMessageConversionIntegrationTests$Person>]
14:08:50.863 [Test worker] DEBUG o.s.w.t.h.s.r.b.ReactorHttpServer - Stopping ReactorHttpServer...
14:08:50.863 [Test worker] DEBUG o.s.w.t.h.s.r.b.ReactorHttpServer - Server stopped (0 millis).
14:08:50.939 [Test worker] DEBUG o.s.w.r.r.m.a.RequestMappingHandlerMapping - 34 mappings in 'requestMappingHandlerMapping'
14:08:50.969 [Test worker] DEBUG o.s.w.r.r.m.a.ControllerMethodResolver - ControllerAdvice beans: none
14:08:50.998 [Test worker] DEBUG o.s.w.s.a.HttpWebHandlerAdapter - enableLoggingRequestDetails='false': form data and headers will be masked to prevent unsafe logging of potentially sensitive data
14:08:50.998 [Test worker] DEBUG o.s.w.t.h.s.r.b.TomcatHttpServer - Starting TomcatHttpServer...
14:08:51.031 [Test worker] DEBUG o.s.w.t.h.s.r.b.TomcatHttpServer - Server started on port 61896(0 millis).
14:08:51.031 [Test worker] DEBUG o.s.w.c.RestTemplate - HTTP POST http://localhost:61896/person-transform/publisher
14:08:51.031 [Test worker] DEBUG o.s.w.c.RestTemplate - Accept=[application/json, application/x-jackson-smile, application/*+json]
14:08:51.031 [Test worker] DEBUG o.s.w.c.RestTemplate - Writing [[Person{name='Robert'}, Person{name='Marie'}]] as "application/json"
14:08:51.035 [http-nio-auto-65-exec-1] DEBUG o.s.w.s.a.HttpWebHandlerAdapter - [5c3f5c17] HTTP POST "/person-transform/publisher"
14:08:51.035 [http-nio-auto-65-exec-1] DEBUG o.s.w.r.r.m.a.RequestMappingHandlerMapping - [5c3f5c17] Mapped to org.springframework.web.reactive.result.method.annotation.RequestMappingMessageConversionIntegrationTests$PersonTransformationController#transformPublisher(Publisher)
14:08:51.036 [http-nio-auto-65-exec-1] DEBUG o.s.w.r.r.m.a.RequestBodyMethodArgumentResolver - [5c3f5c17] Content-Type:application/json
14:08:51.037 [http-nio-auto-65-exec-1] DEBUG o.s.w.r.r.m.a.RequestBodyMethodArgumentResolver - [5c3f5c17] 0..N [org.springframework.web.reactive.result.method.annotation.RequestMappingMessageConversionIntegrationTests$Person]
14:08:51.038 [http-nio-auto-65-exec-1] DEBUG o.s.w.r.r.m.a.ResponseBodyResultHandler - Using 'application/json' given [application/json] and supported [application/json, application/*+json, application/x-jackson-smile, application/*+x-jackson-smile, application/xml, text/xml, text/event-stream]
14:08:51.038 [http-nio-auto-65-exec-1] DEBUG o.s.w.r.r.m.a.ResponseBodyResultHandler - [5c3f5c17] 0..N [org.springframework.web.reactive.result.method.annotation.RequestMappingMessageConversionIntegrationTests$Person]
14:08:51.038 [http-nio-auto-65-exec-1] DEBUG o.s.h.c.j.Jackson2JsonDecoder - [5c3f5c17] Decoded [Person{name='Robert'}]
14:08:51.038 [http-nio-auto-65-exec-1] DEBUG o.s.h.c.j.Jackson2JsonDecoder - [5c3f5c17] Decoded [Person{name='Marie'}]
14:08:51.039 [http-nio-auto-65-exec-1] DEBUG o.s.h.c.j.Jackson2JsonEncoder - [5c3f5c17] Encoding [[Person{name='ROBERT'}, Person{name='MARIE'}]]
14:08:51.039 [http-nio-auto-65-exec-1] DEBUG o.s.w.s.a.HttpWebHandlerAdapter - [5c3f5c17] Completed 200 OK
14:08:51.039 [Test worker] DEBUG o.s.w.c.RestTemplate - Response 200 OK
14:08:51.040 [Test worker] DEBUG o.s.w.c.RestTemplate - Reading to [java.util.List<org.springframework.web.reactive.result.method.annotation.RequestMappingMessageConversionIntegrationTests$Person>]
14:08:51.040 [Test worker] DEBUG o.s.w.t.h.s.r.b.TomcatHttpServer - Stopping TomcatHttpServer...
14:08:51.054 [Test worker] DEBUG o.s.w.t.h.s.r.b.TomcatHttpServer - Server stopped (0 millis).
14:08:51.110 [Test worker] DEBUG o.s.w.r.r.m.a.RequestMappingHandlerMapping - 34 mappings in 'requestMappingHandlerMapping'
14:08:51.159 [Test worker] DEBUG o.s.w.r.r.m.a.ControllerMethodResolver - ControllerAdvice beans: none
14:08:51.186 [Test worker] DEBUG o.s.w.s.a.HttpWebHandlerAdapter - enableLoggingRequestDetails='false': form data and headers will be masked to prevent unsafe logging of potentially sensitive data
14:08:51.187 [Test worker] DEBUG o.s.w.t.h.s.r.b.UndertowHttpServer - Starting UndertowHttpServer...
14:08:51.187 [Test worker] INFO  i.undertow - starting server: Undertow - 2.1.3.Final
14:08:51.190 [Test worker] DEBUG o.s.w.t.h.s.r.b.UndertowHttpServer - Server started on port 61899(0 millis).
14:08:51.190 [Test worker] DEBUG o.s.w.c.RestTemplate - HTTP POST http://localhost:61899/person-transform/publisher
14:08:51.191 [Test worker] DEBUG o.s.w.c.RestTemplate - Accept=[application/json, application/x-jackson-smile, application/*+json]
14:08:51.191 [Test worker] DEBUG o.s.w.c.RestTemplate - Writing [[Person{name='Robert'}, Person{name='Marie'}]] as "application/json"
14:08:51.193 [XNIO-65 I/O-5] DEBUG o.s.w.s.a.HttpWebHandlerAdapter - [4345c622] HTTP POST "/person-transform/publisher"
14:08:51.193 [XNIO-65 I/O-5] DEBUG o.s.w.r.r.m.a.RequestMappingHandlerMapping - [4345c622] Mapped to org.springframework.web.reactive.result.method.annotation.RequestMappingMessageConversionIntegrationTests$PersonTransformationController#transformPublisher(Publisher)
14:08:51.194 [XNIO-65 I/O-5] DEBUG o.s.w.r.r.m.a.RequestBodyMethodArgumentResolver - [4345c622] Content-Type:application/json
14:08:51.194 [XNIO-65 I/O-5] DEBUG o.s.w.r.r.m.a.RequestBodyMethodArgumentResolver - [4345c622] 0..N [org.springframework.web.reactive.result.method.annotation.RequestMappingMessageConversionIntegrationTests$Person]
14:08:51.195 [XNIO-65 I/O-5] DEBUG o.s.w.r.r.m.a.ResponseBodyResultHandler - Using 'application/json' given [application/json] and supported [application/json, application/*+json, application/x-jackson-smile, application/*+x-jackson-smile, application/xml, text/xml, text/event-stream]
14:08:51.195 [XNIO-65 I/O-5] DEBUG o.s.w.r.r.m.a.ResponseBodyResultHandler - [4345c622] 0..N [org.springframework.web.reactive.result.method.annotation.RequestMappingMessageConversionIntegrationTests$Person]
14:08:51.195 [XNIO-65 I/O-5] DEBUG o.s.h.c.j.Jackson2JsonDecoder - [4345c622] Decoded [Person{name='Robert'}]
14:08:51.195 [XNIO-65 I/O-5] DEBUG o.s.h.c.j.Jackson2JsonDecoder - [4345c622] Decoded [Person{name='Marie'}]
14:08:51.196 [XNIO-65 I/O-5] DEBUG o.s.h.c.j.Jackson2JsonEncoder - [4345c622] Encoding [[Person{name='ROBERT'}, Person{name='MARIE'}]]
14:08:51.196 [XNIO-65 I/O-5] DEBUG o.s.w.s.a.HttpWebHandlerAdapter - [4345c622] Completed 200 OK
14:08:51.196 [Test worker] DEBUG o.s.w.c.RestTemplate - Response 200 OK
14:08:51.197 [Test worker] DEBUG o.s.w.c.RestTemplate - Reading to [java.util.List<org.springframework.web.reactive.result.method.annotation.RequestMappingMessageConversionIntegrationTests$Person>]
14:08:51.197 [Test worker] DEBUG o.s.w.t.h.s.r.b.UndertowHttpServer - Stopping UndertowHttpServer...
14:08:51.197 [Test worker] INFO  i.undertow - stopping server: Undertow - 2.1.3.Final
14:08:51.198 [Test worker] DEBUG o.s.w.t.h.s.r.b.UndertowHttpServer - Server stopped (0 millis).
14:08:51.286 [Test worker] DEBUG o.s.w.r.r.m.a.RequestMappingHandlerMapping - 34 mappings in 'requestMappingHandlerMapping'
14:08:51.334 [Test worker] DEBUG o.s.w.r.r.m.a.ControllerMethodResolver - ControllerAdvice beans: none
14:08:51.377 [Test worker] DEBUG o.s.w.s.a.HttpWebHandlerAdapter - enableLoggingRequestDetails='false': form data and headers will be masked to prevent unsafe logging of potentially sensitive data
14:08:51.378 [Test worker] WARN  o.e.j.s.h.ContextHandler - Empty contextPath
14:08:51.378 [Test worker] INFO  o.e.j.s.h.ContextHandler - Started o.e.j.s.ServletContextHandler@3c0bd66e{/,null,AVAILABLE}
14:08:51.379 [Test worker] DEBUG o.s.w.t.h.s.r.b.JettyHttpServer - Starting JettyHttpServer...
14:08:51.379 [Test worker] INFO  o.e.j.s.Server - jetty-9.4.30.v20200611; built: 2020-06-11T12:34:51.929Z; git: 271836e4c1f4612f12b7bb13ef5a92a927634b0d; jvm 1.8.0_73-b02
14:08:51.382 [Test worker] INFO  o.e.j.s.AbstractConnector - Started ServerConnector@44304008{HTTP/1.1, (http/1.1)}{0.0.0.0:61901}
14:08:51.382 [Test worker] INFO  o.e.j.s.Server - Started @131095ms
14:08:51.382 [Test worker] DEBUG o.s.w.t.h.s.r.b.JettyHttpServer - Server started on port 61901(0 millis).
14:08:51.382 [Test worker] DEBUG o.s.w.c.RestTemplate - HTTP POST http://localhost:61901/person-create/observable
14:08:51.382 [Test worker] DEBUG o.s.w.c.RestTemplate - Accept=[application/json, application/x-jackson-smile, application/*+json]
14:08:51.382 [Test worker] DEBUG o.s.w.c.RestTemplate - Writing [[Person{name='Robert'}, Person{name='Marie'}]] as "application/json"
14:08:51.385 [qtp1739257662-2186] DEBUG o.s.w.s.a.HttpWebHandlerAdapter - [6c887854] HTTP POST "/person-create/observable"
14:08:51.385 [qtp1739257662-2186] DEBUG o.s.w.r.r.m.a.RequestMappingHandlerMapping - [6c887854] Mapped to org.springframework.web.reactive.result.method.annotation.RequestMappingMessageConversionIntegrationTests$PersonCreateController#createWithObservable(Observable)
14:08:51.386 [qtp1739257662-2186] DEBUG o.s.w.r.r.m.a.RequestBodyMethodArgumentResolver - [6c887854] Content-Type:application/json
14:08:51.386 [qtp1739257662-2186] DEBUG o.s.w.r.r.m.a.RequestBodyMethodArgumentResolver - [6c887854] 0..N [org.springframework.web.reactive.result.method.annotation.RequestMappingMessageConversionIntegrationTests$Person]
14:08:51.387 [qtp1739257662-2186] DEBUG o.s.h.c.j.Jackson2JsonDecoder - [6c887854] Decoded [Person{name='Robert'}]
14:08:51.387 [qtp1739257662-2186] DEBUG o.s.h.c.j.Jackson2JsonDecoder - [6c887854] Decoded [Person{name='Marie'}]
14:08:51.387 [qtp1739257662-2186] DEBUG o.s.w.s.a.HttpWebHandlerAdapter - [6c887854] Completed 200 OK
14:08:51.388 [Test worker] DEBUG o.s.w.c.RestTemplate - Response 200 OK
14:08:51.388 [Test worker] DEBUG o.s.w.t.h.s.r.b.JettyHttpServer - Stopping JettyHttpServer...
14:08:51.389 [Test worker] INFO  o.e.j.s.h.ContextHandler - Stopped o.e.j.s.ServletContextHandler@3c0bd66e{/,null,UNAVAILABLE}
14:08:51.391 [Test worker] INFO  o.e.j.s.AbstractConnector - Stopped ServerConnector@44304008{HTTP/1.1, (http/1.1)}{0.0.0.0:0}
14:08:51.402 [Test worker] DEBUG o.s.w.t.h.s.r.b.JettyHttpServer - Server stopped (0 millis).
14:08:51.490 [Test worker] DEBUG o.s.w.r.r.m.a.RequestMappingHandlerMapping - 34 mappings in 'requestMappingHandlerMapping'
14:08:51.533 [Test worker] DEBUG o.s.w.r.r.m.a.ControllerMethodResolver - ControllerAdvice beans: none
14:08:51.553 [Test worker] DEBUG o.s.w.s.a.HttpWebHandlerAdapter - enableLoggingRequestDetails='false': form data and headers will be masked to prevent unsafe logging of potentially sensitive data
14:08:51.553 [Test worker] DEBUG o.s.w.t.h.s.r.b.ReactorHttpServer - Starting ReactorHttpServer...
14:08:51.573 [Test worker] DEBUG o.s.w.t.h.s.r.b.ReactorHttpServer - Server started on port 61903(0 millis).
14:08:51.573 [Test worker] DEBUG o.s.w.c.RestTemplate - HTTP POST http://localhost:61903/person-create/observable
14:08:51.574 [Test worker] DEBUG o.s.w.c.RestTemplate - Accept=[application/json, application/x-jackson-smile, application/*+json]
14:08:51.574 [Test worker] DEBUG o.s.w.c.RestTemplate - Writing [[Person{name='Robert'}, Person{name='Marie'}]] as "application/json"
14:08:51.577 [reactor-http-nio-8] DEBUG o.s.w.s.a.HttpWebHandlerAdapter - [76ebaefd-69] HTTP POST "/person-create/observable"
14:08:51.577 [reactor-http-nio-8] DEBUG o.s.w.r.r.m.a.RequestMappingHandlerMapping - [76ebaefd-69] Mapped to org.springframework.web.reactive.result.method.annotation.RequestMappingMessageConversionIntegrationTests$PersonCreateController#createWithObservable(Observable)
14:08:51.578 [reactor-http-nio-8] DEBUG o.s.w.r.r.m.a.RequestBodyMethodArgumentResolver - [76ebaefd-69] Content-Type:application/json
14:08:51.578 [reactor-http-nio-8] DEBUG o.s.w.r.r.m.a.RequestBodyMethodArgumentResolver - [76ebaefd-69] 0..N [org.springframework.web.reactive.result.method.annotation.RequestMappingMessageConversionIntegrationTests$Person]
14:08:51.579 [reactor-http-nio-8] DEBUG o.s.h.c.j.Jackson2JsonDecoder - [76ebaefd-69] Decoded [Person{name='Robert'}]
14:08:51.579 [reactor-http-nio-8] DEBUG o.s.h.c.j.Jackson2JsonDecoder - [76ebaefd-69] Decoded [Person{name='Marie'}]
14:08:51.580 [reactor-http-nio-8] DEBUG o.s.w.s.a.HttpWebHandlerAdapter - [76ebaefd-69] Completed 200 OK
14:08:51.580 [Test worker] DEBUG o.s.w.c.RestTemplate - Response 200 OK
14:08:51.581 [Test worker] DEBUG o.s.w.t.h.s.r.b.ReactorHttpServer - Stopping ReactorHttpServer...
14:08:51.581 [Test worker] DEBUG o.s.w.t.h.s.r.b.ReactorHttpServer - Server stopped (0 millis).
14:08:51.643 [Test worker] DEBUG o.s.w.r.r.m.a.RequestMappingHandlerMapping - 34 mappings in 'requestMappingHandlerMapping'
14:08:51.687 [Test worker] DEBUG o.s.w.r.r.m.a.ControllerMethodResolver - ControllerAdvice beans: none
14:08:51.715 [Test worker] DEBUG o.s.w.s.a.HttpWebHandlerAdapter - enableLoggingRequestDetails='false': form data and headers will be masked to prevent unsafe logging of potentially sensitive data
14:08:51.716 [Test worker] DEBUG o.s.w.t.h.s.r.b.TomcatHttpServer - Starting TomcatHttpServer...
14:08:51.742 [Test worker] DEBUG o.s.w.t.h.s.r.b.TomcatHttpServer - Server started on port 61905(0 millis).
14:08:51.743 [Test worker] DEBUG o.s.w.c.RestTemplate - HTTP POST http://localhost:61905/person-create/observable
14:08:51.743 [Test worker] DEBUG o.s.w.c.RestTemplate - Accept=[application/json, application/x-jackson-smile, application/*+json]
14:08:51.744 [Test worker] DEBUG o.s.w.c.RestTemplate - Writing [[Person{name='Robert'}, Person{name='Marie'}]] as "application/json"
14:08:51.753 [http-nio-auto-66-exec-1] DEBUG o.s.w.s.a.HttpWebHandlerAdapter - [7091bd9f] HTTP POST "/person-create/observable"
14:08:51.754 [http-nio-auto-66-exec-1] DEBUG o.s.w.r.r.m.a.RequestMappingHandlerMapping - [7091bd9f] Mapped to org.springframework.web.reactive.result.method.annotation.RequestMappingMessageConversionIntegrationTests$PersonCreateController#createWithObservable(Observable)
14:08:51.755 [http-nio-auto-66-exec-1] DEBUG o.s.w.r.r.m.a.RequestBodyMethodArgumentResolver - [7091bd9f] Content-Type:application/json
14:08:51.756 [http-nio-auto-66-exec-1] DEBUG o.s.w.r.r.m.a.RequestBodyMethodArgumentResolver - [7091bd9f] 0..N [org.springframework.web.reactive.result.method.annotation.RequestMappingMessageConversionIntegrationTests$Person]
14:08:51.757 [http-nio-auto-66-exec-1] DEBUG o.s.h.c.j.Jackson2JsonDecoder - [7091bd9f] Decoded [Person{name='Robert'}]
14:08:51.757 [http-nio-auto-66-exec-1] DEBUG o.s.h.c.j.Jackson2JsonDecoder - [7091bd9f] Decoded [Person{name='Marie'}]
14:08:51.758 [http-nio-auto-66-exec-1] DEBUG o.s.w.s.a.HttpWebHandlerAdapter - [7091bd9f] Completed 200 OK
14:08:51.759 [Test worker] DEBUG o.s.w.c.RestTemplate - Response 200 OK
14:08:51.759 [Test worker] DEBUG o.s.w.t.h.s.r.b.TomcatHttpServer - Stopping TomcatHttpServer...
14:08:51.770 [Test worker] DEBUG o.s.w.t.h.s.r.b.TomcatHttpServer - Server stopped (0 millis).
14:08:51.864 [Test worker] DEBUG o.s.w.r.r.m.a.RequestMappingHandlerMapping - 34 mappings in 'requestMappingHandlerMapping'
14:08:51.897 [Test worker] DEBUG o.s.w.r.r.m.a.ControllerMethodResolver - ControllerAdvice beans: none
14:08:51.914 [Test worker] DEBUG o.s.w.s.a.HttpWebHandlerAdapter - enableLoggingRequestDetails='false': form data and headers will be masked to prevent unsafe logging of potentially sensitive data
14:08:51.914 [Test worker] DEBUG o.s.w.t.h.s.r.b.UndertowHttpServer - Starting UndertowHttpServer...
14:08:51.914 [Test worker] INFO  i.undertow - starting server: Undertow - 2.1.3.Final
14:08:51.943 [Test worker] DEBUG o.s.w.t.h.s.r.b.UndertowHttpServer - Server started on port 61908(0 millis).
14:08:51.944 [Test worker] DEBUG o.s.w.c.RestTemplate - HTTP POST http://localhost:61908/person-create/observable
14:08:51.944 [Test worker] DEBUG o.s.w.c.RestTemplate - Accept=[application/json, application/x-jackson-smile, application/*+json]
14:08:51.945 [Test worker] DEBUG o.s.w.c.RestTemplate - Writing [[Person{name='Robert'}, Person{name='Marie'}]] as "application/json"
14:08:51.950 [XNIO-66 I/O-3] DEBUG o.s.w.s.a.HttpWebHandlerAdapter - [319cac36] HTTP POST "/person-create/observable"
14:08:51.951 [XNIO-66 I/O-3] DEBUG o.s.w.r.r.m.a.RequestMappingHandlerMapping - [319cac36] Mapped to org.springframework.web.reactive.result.method.annotation.RequestMappingMessageConversionIntegrationTests$PersonCreateController#createWithObservable(Observable)
14:08:51.952 [XNIO-66 I/O-3] DEBUG o.s.w.r.r.m.a.RequestBodyMethodArgumentResolver - [319cac36] Content-Type:application/json
14:08:51.952 [XNIO-66 I/O-3] DEBUG o.s.w.r.r.m.a.RequestBodyMethodArgumentResolver - [319cac36] 0..N [org.springframework.web.reactive.result.method.annotation.RequestMappingMessageConversionIntegrationTests$Person]
14:08:51.953 [XNIO-66 I/O-3] DEBUG o.s.h.c.j.Jackson2JsonDecoder - [319cac36] Decoded [Person{name='Robert'}]
14:08:51.953 [XNIO-66 I/O-3] DEBUG o.s.h.c.j.Jackson2JsonDecoder - [319cac36] Decoded [Person{name='Marie'}]
14:08:51.953 [XNIO-66 I/O-3] DEBUG o.s.w.s.a.HttpWebHandlerAdapter - [319cac36] Completed 200 OK
14:08:51.960 [Test worker] DEBUG o.s.w.c.RestTemplate - Response 200 OK
14:08:51.961 [Test worker] DEBUG o.s.w.t.h.s.r.b.UndertowHttpServer - Stopping UndertowHttpServer...
14:08:51.961 [Test worker] INFO  i.undertow - stopping server: Undertow - 2.1.3.Final
14:08:51.963 [Test worker] DEBUG o.s.w.t.h.s.r.b.UndertowHttpServer - Server stopped (0 millis).
14:08:52.126 [Test worker] DEBUG o.s.w.r.r.m.a.RequestMappingHandlerMapping - 34 mappings in 'requestMappingHandlerMapping'
14:08:52.165 [Test worker] DEBUG o.s.w.r.r.m.a.ControllerMethodResolver - ControllerAdvice beans: none
14:08:52.231 [Test worker] DEBUG o.s.w.s.a.HttpWebHandlerAdapter - enableLoggingRequestDetails='false': form data and headers will be masked to prevent unsafe logging of potentially sensitive data
14:08:52.232 [Test worker] WARN  o.e.j.s.h.ContextHandler - Empty contextPath
14:08:52.233 [Test worker] INFO  o.e.j.s.h.ContextHandler - Started o.e.j.s.ServletContextHandler@7ba438c8{/,null,AVAILABLE}
14:08:52.233 [Test worker] DEBUG o.s.w.t.h.s.r.b.JettyHttpServer - Starting JettyHttpServer...
14:08:52.233 [Test worker] INFO  o.e.j.s.Server - jetty-9.4.30.v20200611; built: 2020-06-11T12:34:51.929Z; git: 271836e4c1f4612f12b7bb13ef5a92a927634b0d; jvm 1.8.0_73-b02
14:08:52.237 [Test worker] INFO  o.e.j.s.AbstractConnector - Started ServerConnector@777be11c{HTTP/1.1, (http/1.1)}{0.0.0.0:61910}
14:08:52.237 [Test worker] INFO  o.e.j.s.Server - Started @131950ms
14:08:52.237 [Test worker] DEBUG o.s.w.t.h.s.r.b.JettyHttpServer - Server started on port 61910(0 millis).
14:08:52.238 [Test worker] DEBUG o.s.w.c.RestTemplate - HTTP POST http://localhost:61910/person-create/mono
14:08:52.238 [Test worker] DEBUG o.s.w.c.RestTemplate - Accept=[application/json, application/x-jackson-smile, application/*+json]
14:08:52.239 [Test worker] DEBUG o.s.w.c.RestTemplate - Writing [Person{name='Robert'}] as "application/json"
14:08:52.244 [qtp1969665056-2219] DEBUG o.s.w.s.a.HttpWebHandlerAdapter - [4a838bf5] HTTP POST "/person-create/mono"
14:08:52.245 [qtp1969665056-2219] DEBUG o.s.w.r.r.m.a.RequestMappingHandlerMapping - [4a838bf5] Mapped to org.springframework.web.reactive.result.method.annotation.RequestMappingMessageConversionIntegrationTests$PersonCreateController#createWithMono(Mono)
14:08:52.246 [qtp1969665056-2219] DEBUG o.s.w.r.r.m.a.RequestBodyMethodArgumentResolver - [4a838bf5] Content-Type:application/json
14:08:52.247 [qtp1969665056-2219] DEBUG o.s.w.r.r.m.a.RequestBodyMethodArgumentResolver - [4a838bf5] 0..1 [org.springframework.web.reactive.result.method.annotation.RequestMappingMessageConversionIntegrationTests$Person]
14:08:52.251 [qtp1969665056-2219] DEBUG o.s.h.c.j.Jackson2JsonDecoder - [4a838bf5] Decoded [Person{name='Robert'}]
14:08:52.251 [qtp1969665056-2219] DEBUG o.s.w.s.a.HttpWebHandlerAdapter - [4a838bf5] Completed 200 OK
14:08:52.253 [Test worker] DEBUG o.s.w.c.RestTemplate - Response 200 OK
14:08:52.253 [Test worker] DEBUG o.s.w.t.h.s.r.b.JettyHttpServer - Stopping JettyHttpServer...
14:08:52.254 [Test worker] INFO  o.e.j.s.h.ContextHandler - Stopped o.e.j.s.ServletContextHandler@7ba438c8{/,null,UNAVAILABLE}
14:08:52.255 [Test worker] INFO  o.e.j.s.AbstractConnector - Stopped ServerConnector@777be11c{HTTP/1.1, (http/1.1)}{0.0.0.0:0}
14:08:52.267 [Test worker] DEBUG o.s.w.t.h.s.r.b.JettyHttpServer - Server stopped (0 millis).
14:08:52.317 [Test worker] DEBUG o.s.w.r.r.m.a.RequestMappingHandlerMapping - 34 mappings in 'requestMappingHandlerMapping'
14:08:52.361 [Test worker] DEBUG o.s.w.r.r.m.a.ControllerMethodResolver - ControllerAdvice beans: none
14:08:52.381 [Test worker] DEBUG o.s.w.s.a.HttpWebHandlerAdapter - enableLoggingRequestDetails='false': form data and headers will be masked to prevent unsafe logging of potentially sensitive data
14:08:52.381 [Test worker] DEBUG o.s.w.t.h.s.r.b.ReactorHttpServer - Starting ReactorHttpServer...
14:08:52.383 [Test worker] DEBUG o.s.w.t.h.s.r.b.ReactorHttpServer - Server started on port 61913(0 millis).
14:08:52.383 [Test worker] DEBUG o.s.w.c.RestTemplate - HTTP POST http://localhost:61913/person-create/mono
14:08:52.384 [Test worker] DEBUG o.s.w.c.RestTemplate - Accept=[application/json, application/x-jackson-smile, application/*+json]
14:08:52.384 [Test worker] DEBUG o.s.w.c.RestTemplate - Writing [Person{name='Robert'}] as "application/json"
14:08:52.398 [reactor-http-nio-2] DEBUG o.s.w.s.a.HttpWebHandlerAdapter - [3d198982-70] HTTP POST "/person-create/mono"
14:08:52.398 [reactor-http-nio-2] DEBUG o.s.w.r.r.m.a.RequestMappingHandlerMapping - [3d198982-70] Mapped to org.springframework.web.reactive.result.method.annotation.RequestMappingMessageConversionIntegrationTests$PersonCreateController#createWithMono(Mono)
14:08:52.398 [reactor-http-nio-2] DEBUG o.s.w.r.r.m.a.RequestBodyMethodArgumentResolver - [3d198982-70] Content-Type:application/json
14:08:52.399 [reactor-http-nio-2] DEBUG o.s.w.r.r.m.a.RequestBodyMethodArgumentResolver - [3d198982-70] 0..1 [org.springframework.web.reactive.result.method.annotation.RequestMappingMessageConversionIntegrationTests$Person]
14:08:52.400 [reactor-http-nio-2] DEBUG o.s.h.c.j.Jackson2JsonDecoder - [3d198982-70] Decoded [Person{name='Robert'}]
14:08:52.400 [reactor-http-nio-2] DEBUG o.s.w.s.a.HttpWebHandlerAdapter - [3d198982-70] Completed 200 OK
14:08:52.400 [Test worker] DEBUG o.s.w.c.RestTemplate - Response 200 OK
14:08:52.401 [Test worker] DEBUG o.s.w.t.h.s.r.b.ReactorHttpServer - Stopping ReactorHttpServer...
14:08:52.401 [Test worker] DEBUG o.s.w.t.h.s.r.b.ReactorHttpServer - Server stopped (0 millis).
14:08:52.450 [Test worker] DEBUG o.s.w.r.r.m.a.RequestMappingHandlerMapping - 34 mappings in 'requestMappingHandlerMapping'
14:08:52.480 [Test worker] DEBUG o.s.w.r.r.m.a.ControllerMethodResolver - ControllerAdvice beans: none
14:08:52.501 [Test worker] DEBUG o.s.w.s.a.HttpWebHandlerAdapter - enableLoggingRequestDetails='false': form data and headers will be masked to prevent unsafe logging of potentially sensitive data
14:08:52.502 [Test worker] DEBUG o.s.w.t.h.s.r.b.TomcatHttpServer - Starting TomcatHttpServer...
14:08:52.512 [Test worker] DEBUG o.s.w.t.h.s.r.b.TomcatHttpServer - Server started on port 61917(0 millis).
14:08:52.512 [Test worker] DEBUG o.s.w.c.RestTemplate - HTTP POST http://localhost:61917/person-create/mono
14:08:52.512 [Test worker] DEBUG o.s.w.c.RestTemplate - Accept=[application/json, application/x-jackson-smile, application/*+json]
14:08:52.513 [Test worker] DEBUG o.s.w.c.RestTemplate - Writing [Person{name='Robert'}] as "application/json"
14:08:52.516 [http-nio-auto-67-exec-1] DEBUG o.s.w.s.a.HttpWebHandlerAdapter - [13ef1e48] HTTP POST "/person-create/mono"
14:08:52.516 [http-nio-auto-67-exec-1] DEBUG o.s.w.r.r.m.a.RequestMappingHandlerMapping - [13ef1e48] Mapped to org.springframework.web.reactive.result.method.annotation.RequestMappingMessageConversionIntegrationTests$PersonCreateController#createWithMono(Mono)
14:08:52.517 [http-nio-auto-67-exec-1] DEBUG o.s.w.r.r.m.a.RequestBodyMethodArgumentResolver - [13ef1e48] Content-Type:application/json
14:08:52.517 [http-nio-auto-67-exec-1] DEBUG o.s.w.r.r.m.a.RequestBodyMethodArgumentResolver - [13ef1e48] 0..1 [org.springframework.web.reactive.result.method.annotation.RequestMappingMessageConversionIntegrationTests$Person]
14:08:52.518 [http-nio-auto-67-exec-1] DEBUG o.s.h.c.j.Jackson2JsonDecoder - [13ef1e48] Decoded [Person{name='Robert'}]
14:08:52.518 [http-nio-auto-67-exec-1] DEBUG o.s.w.s.a.HttpWebHandlerAdapter - [13ef1e48] Completed 200 OK
14:08:52.518 [Test worker] DEBUG o.s.w.c.RestTemplate - Response 200 OK
14:08:52.519 [Test worker] DEBUG o.s.w.t.h.s.r.b.TomcatHttpServer - Stopping TomcatHttpServer...
14:08:52.527 [Test worker] DEBUG o.s.w.t.h.s.r.b.TomcatHttpServer - Server stopped (0 millis).
14:08:52.636 [Test worker] DEBUG o.s.w.r.r.m.a.RequestMappingHandlerMapping - 34 mappings in 'requestMappingHandlerMapping'
14:08:52.666 [Test worker] DEBUG o.s.w.r.r.m.a.ControllerMethodResolver - ControllerAdvice beans: none
14:08:52.707 [Test worker] DEBUG o.s.w.s.a.HttpWebHandlerAdapter - enableLoggingRequestDetails='false': form data and headers will be masked to prevent unsafe logging of potentially sensitive data
14:08:52.708 [Test worker] DEBUG o.s.w.t.h.s.r.b.UndertowHttpServer - Starting UndertowHttpServer...
14:08:52.708 [Test worker] INFO  i.undertow - starting server: Undertow - 2.1.3.Final
14:08:52.735 [Test worker] DEBUG o.s.w.t.h.s.r.b.UndertowHttpServer - Server started on port 61923(0 millis).
14:08:52.735 [Test worker] DEBUG o.s.w.c.RestTemplate - HTTP POST http://localhost:61923/person-create/mono
14:08:52.735 [Test worker] DEBUG o.s.w.c.RestTemplate - Accept=[application/json, application/x-jackson-smile, application/*+json]
14:08:52.736 [Test worker] DEBUG o.s.w.c.RestTemplate - Writing [Person{name='Robert'}] as "application/json"
14:08:52.738 [XNIO-67 I/O-6] DEBUG o.s.w.s.a.HttpWebHandlerAdapter - [23993e8c] HTTP POST "/person-create/mono"
14:08:52.738 [XNIO-67 I/O-6] DEBUG o.s.w.r.r.m.a.RequestMappingHandlerMapping - [23993e8c] Mapped to org.springframework.web.reactive.result.method.annotation.RequestMappingMessageConversionIntegrationTests$PersonCreateController#createWithMono(Mono)
14:08:52.739 [XNIO-67 I/O-6] DEBUG o.s.w.r.r.m.a.RequestBodyMethodArgumentResolver - [23993e8c] Content-Type:application/json
14:08:52.739 [XNIO-67 I/O-6] DEBUG o.s.w.r.r.m.a.RequestBodyMethodArgumentResolver - [23993e8c] 0..1 [org.springframework.web.reactive.result.method.annotation.RequestMappingMessageConversionIntegrationTests$Person]
14:08:52.740 [XNIO-67 I/O-6] DEBUG o.s.h.c.j.Jackson2JsonDecoder - [23993e8c] Decoded [Person{name='Robert'}]
14:08:52.740 [XNIO-67 I/O-6] DEBUG o.s.w.s.a.HttpWebHandlerAdapter - [23993e8c] Completed 200 OK
14:08:52.740 [Test worker] DEBUG o.s.w.c.RestTemplate - Response 200 OK
14:08:52.740 [Test worker] DEBUG o.s.w.t.h.s.r.b.UndertowHttpServer - Stopping UndertowHttpServer...
14:08:52.740 [Test worker] INFO  i.undertow - stopping server: Undertow - 2.1.3.Final
14:08:52.741 [Test worker] DEBUG o.s.w.t.h.s.r.b.UndertowHttpServer - Server stopped (0 millis).
14:08:52.814 [Test worker] DEBUG o.s.w.r.r.m.a.RequestMappingHandlerMapping - 34 mappings in 'requestMappingHandlerMapping'
14:08:52.872 [Test worker] DEBUG o.s.w.r.r.m.a.ControllerMethodResolver - ControllerAdvice beans: none
14:08:52.892 [Test worker] DEBUG o.s.w.s.a.HttpWebHandlerAdapter - enableLoggingRequestDetails='false': form data and headers will be masked to prevent unsafe logging of potentially sensitive data
14:08:52.892 [Test worker] WARN  o.e.j.s.h.ContextHandler - Empty contextPath
14:08:52.892 [Test worker] INFO  o.e.j.s.h.ContextHandler - Started o.e.j.s.ServletContextHandler@3b074000{/,null,AVAILABLE}
14:08:52.892 [Test worker] DEBUG o.s.w.t.h.s.r.b.JettyHttpServer - Starting JettyHttpServer...
14:08:52.892 [Test worker] INFO  o.e.j.s.Server - jetty-9.4.30.v20200611; built: 2020-06-11T12:34:51.929Z; git: 271836e4c1f4612f12b7bb13ef5a92a927634b0d; jvm 1.8.0_73-b02
14:08:52.911 [Test worker] INFO  o.e.j.s.AbstractConnector - Started ServerConnector@6ead7c2a{HTTP/1.1, (http/1.1)}{0.0.0.0:61927}
14:08:52.911 [Test worker] INFO  o.e.j.s.Server - Started @132624ms
14:08:52.911 [Test worker] DEBUG o.s.w.t.h.s.r.b.JettyHttpServer - Server started on port 61927(0 millis).
14:08:52.911 [Test worker] DEBUG o.s.w.c.RestTemplate - HTTP GET http://localhost:61927/person-response/person
14:08:52.912 [Test worker] DEBUG o.s.w.c.RestTemplate - Accept=[application/xml, text/xml, application/json, application/x-jackson-smile, application/*+xml, application/*+json]
14:08:52.914 [qtp23011751-2252] DEBUG o.s.w.s.a.HttpWebHandlerAdapter - [2c22ec5] HTTP GET "/person-response/person"
14:08:52.915 [qtp23011751-2252] DEBUG o.s.w.r.r.m.a.RequestMappingHandlerMapping - [2c22ec5] Mapped to org.springframework.web.reactive.result.method.annotation.RequestMappingMessageConversionIntegrationTests$PersonResponseBodyController#getPerson()
14:08:52.916 [qtp23011751-2252] DEBUG o.s.w.r.r.m.a.ResponseBodyResultHandler - Using 'application/json' given [application/json] and supported [application/json, application/*+json, application/x-jackson-smile, application/*+x-jackson-smile, application/xml, text/xml, text/event-stream]
14:08:52.916 [qtp23011751-2252] DEBUG o.s.w.r.r.m.a.ResponseBodyResultHandler - [2c22ec5] 0..1 [org.springframework.web.reactive.result.method.annotation.RequestMappingMessageConversionIntegrationTests$Person]
14:08:52.916 [qtp23011751-2252] DEBUG o.s.h.c.j.Jackson2JsonEncoder - [2c22ec5] Encoding [Person{name='Robert'}]
14:08:52.917 [qtp23011751-2252] DEBUG o.s.w.s.a.HttpWebHandlerAdapter - [2c22ec5] Completed 200 OK
14:08:52.917 [Test worker] DEBUG o.s.w.c.RestTemplate - Response 200 OK
14:08:52.917 [Test worker] DEBUG o.s.w.c.RestTemplate - Reading to [org.springframework.web.reactive.result.method.annotation.RequestMappingMessageConversionIntegrationTests$Person]
14:08:52.918 [Test worker] DEBUG o.s.w.t.h.s.r.b.JettyHttpServer - Stopping JettyHttpServer...
14:08:52.918 [Test worker] INFO  o.e.j.s.h.ContextHandler - Stopped o.e.j.s.ServletContextHandler@3b074000{/,null,UNAVAILABLE}
14:08:52.919 [Test worker] INFO  o.e.j.s.AbstractConnector - Stopped ServerConnector@6ead7c2a{HTTP/1.1, (http/1.1)}{0.0.0.0:0}
14:08:52.930 [Test worker] DEBUG o.s.w.t.h.s.r.b.JettyHttpServer - Server stopped (0 millis).
14:08:53.004 [Test worker] DEBUG o.s.w.r.r.m.a.RequestMappingHandlerMapping - 34 mappings in 'requestMappingHandlerMapping'
14:08:53.029 [Test worker] DEBUG o.s.w.r.r.m.a.ControllerMethodResolver - ControllerAdvice beans: none
14:08:53.073 [Test worker] DEBUG o.s.w.s.a.HttpWebHandlerAdapter - enableLoggingRequestDetails='false': form data and headers will be masked to prevent unsafe logging of potentially sensitive data
14:08:53.073 [Test worker] DEBUG o.s.w.t.h.s.r.b.ReactorHttpServer - Starting ReactorHttpServer...
14:08:53.077 [Test worker] DEBUG o.s.w.t.h.s.r.b.ReactorHttpServer - Server started on port 61929(0 millis).
14:08:53.078 [Test worker] DEBUG o.s.w.c.RestTemplate - HTTP GET http://localhost:61929/person-response/person
14:08:53.080 [Test worker] DEBUG o.s.w.c.RestTemplate - Accept=[application/xml, text/xml, application/json, application/x-jackson-smile, application/*+xml, application/*+json]
14:08:53.086 [reactor-http-nio-4] DEBUG o.s.w.s.a.HttpWebHandlerAdapter - [513bf7ec-71] HTTP GET "/person-response/person"
14:08:53.086 [reactor-http-nio-4] DEBUG o.s.w.r.r.m.a.RequestMappingHandlerMapping - [513bf7ec-71] Mapped to org.springframework.web.reactive.result.method.annotation.RequestMappingMessageConversionIntegrationTests$PersonResponseBodyController#getPerson()
14:08:53.087 [reactor-http-nio-4] DEBUG o.s.w.r.r.m.a.ResponseBodyResultHandler - Using 'application/json' given [application/json] and supported [application/json, application/*+json, application/x-jackson-smile, application/*+x-jackson-smile, application/xml, text/xml, text/event-stream]
14:08:53.087 [reactor-http-nio-4] DEBUG o.s.w.r.r.m.a.ResponseBodyResultHandler - [513bf7ec-71] 0..1 [org.springframework.web.reactive.result.method.annotation.RequestMappingMessageConversionIntegrationTests$Person]
14:08:53.087 [reactor-http-nio-4] DEBUG o.s.h.c.j.Jackson2JsonEncoder - [513bf7ec-71] Encoding [Person{name='Robert'}]
14:08:53.089 [reactor-http-nio-4] DEBUG o.s.w.s.a.HttpWebHandlerAdapter - [513bf7ec-71] Completed 200 OK
14:08:53.089 [Test worker] DEBUG o.s.w.c.RestTemplate - Response 200 OK
14:08:53.089 [Test worker] DEBUG o.s.w.c.RestTemplate - Reading to [org.springframework.web.reactive.result.method.annotation.RequestMappingMessageConversionIntegrationTests$Person]
14:08:53.091 [Test worker] DEBUG o.s.w.t.h.s.r.b.ReactorHttpServer - Stopping ReactorHttpServer...
14:08:53.091 [Test worker] DEBUG o.s.w.t.h.s.r.b.ReactorHttpServer - Server stopped (0 millis).
14:08:53.183 [Test worker] DEBUG o.s.w.r.r.m.a.RequestMappingHandlerMapping - 34 mappings in 'requestMappingHandlerMapping'
14:08:53.204 [Test worker] DEBUG o.s.w.r.r.m.a.ControllerMethodResolver - ControllerAdvice beans: none
14:08:53.228 [Test worker] DEBUG o.s.w.s.a.HttpWebHandlerAdapter - enableLoggingRequestDetails='false': form data and headers will be masked to prevent unsafe logging of potentially sensitive data
14:08:53.229 [Test worker] DEBUG o.s.w.t.h.s.r.b.TomcatHttpServer - Starting TomcatHttpServer...
14:08:53.247 [Test worker] DEBUG o.s.w.t.h.s.r.b.TomcatHttpServer - Server started on port 61931(0 millis).
14:08:53.252 [Test worker] DEBUG o.s.w.c.RestTemplate - HTTP GET http://localhost:61931/person-response/person
14:08:53.253 [Test worker] DEBUG o.s.w.c.RestTemplate - Accept=[application/xml, text/xml, application/json, application/x-jackson-smile, application/*+xml, application/*+json]
14:08:53.266 [http-nio-auto-68-exec-1] DEBUG o.s.w.s.a.HttpWebHandlerAdapter - [61f791c4] HTTP GET "/person-response/person"
14:08:53.266 [http-nio-auto-68-exec-1] DEBUG o.s.w.r.r.m.a.RequestMappingHandlerMapping - [61f791c4] Mapped to org.springframework.web.reactive.result.method.annotation.RequestMappingMessageConversionIntegrationTests$PersonResponseBodyController#getPerson()
14:08:53.267 [http-nio-auto-68-exec-1] DEBUG o.s.w.r.r.m.a.ResponseBodyResultHandler - Using 'application/json' given [application/json] and supported [application/json, application/*+json, application/x-jackson-smile, application/*+x-jackson-smile, application/xml, text/xml, text/event-stream]
14:08:53.268 [http-nio-auto-68-exec-1] DEBUG o.s.w.r.r.m.a.ResponseBodyResultHandler - [61f791c4] 0..1 [org.springframework.web.reactive.result.method.annotation.RequestMappingMessageConversionIntegrationTests$Person]
14:08:53.268 [http-nio-auto-68-exec-1] DEBUG o.s.h.c.j.Jackson2JsonEncoder - [61f791c4] Encoding [Person{name='Robert'}]
14:08:53.268 [http-nio-auto-68-exec-1] DEBUG o.s.w.s.a.HttpWebHandlerAdapter - [61f791c4] Completed 200 OK
14:08:53.272 [Test worker] DEBUG o.s.w.c.RestTemplate - Response 200 OK
14:08:53.272 [Test worker] DEBUG o.s.w.c.RestTemplate - Reading to [org.springframework.web.reactive.result.method.annotation.RequestMappingMessageConversionIntegrationTests$Person]
14:08:53.273 [Test worker] DEBUG o.s.w.t.h.s.r.b.TomcatHttpServer - Stopping TomcatHttpServer...
14:08:53.309 [Test worker] DEBUG o.s.w.t.h.s.r.b.TomcatHttpServer - Server stopped (0 millis).
14:08:53.396 [Test worker] DEBUG o.s.w.r.r.m.a.RequestMappingHandlerMapping - 34 mappings in 'requestMappingHandlerMapping'
14:08:53.421 [Test worker] DEBUG o.s.w.r.r.m.a.ControllerMethodResolver - ControllerAdvice beans: none
14:08:53.463 [Test worker] DEBUG o.s.w.s.a.HttpWebHandlerAdapter - enableLoggingRequestDetails='false': form data and headers will be masked to prevent unsafe logging of potentially sensitive data
14:08:53.463 [Test worker] DEBUG o.s.w.t.h.s.r.b.UndertowHttpServer - Starting UndertowHttpServer...
14:08:53.463 [Test worker] INFO  i.undertow - starting server: Undertow - 2.1.3.Final
14:08:53.467 [Test worker] DEBUG o.s.w.t.h.s.r.b.UndertowHttpServer - Server started on port 61934(0 millis).
14:08:53.467 [Test worker] DEBUG o.s.w.c.RestTemplate - HTTP GET http://localhost:61934/person-response/person
14:08:53.468 [Test worker] DEBUG o.s.w.c.RestTemplate - Accept=[application/xml, text/xml, application/json, application/x-jackson-smile, application/*+xml, application/*+json]
14:08:53.470 [XNIO-68 I/O-7] DEBUG o.s.w.s.a.HttpWebHandlerAdapter - [376deff5] HTTP GET "/person-response/person"
14:08:53.470 [XNIO-68 I/O-7] DEBUG o.s.w.r.r.m.a.RequestMappingHandlerMapping - [376deff5] Mapped to org.springframework.web.reactive.result.method.annotation.RequestMappingMessageConversionIntegrationTests$PersonResponseBodyController#getPerson()
14:08:53.471 [XNIO-68 I/O-7] DEBUG o.s.w.r.r.m.a.ResponseBodyResultHandler - Using 'application/json' given [application/json] and supported [application/json, application/*+json, application/x-jackson-smile, application/*+x-jackson-smile, application/xml, text/xml, text/event-stream]
14:08:53.472 [XNIO-68 I/O-7] DEBUG o.s.w.r.r.m.a.ResponseBodyResultHandler - [376deff5] 0..1 [org.springframework.web.reactive.result.method.annotation.RequestMappingMessageConversionIntegrationTests$Person]
14:08:53.472 [XNIO-68 I/O-7] DEBUG o.s.h.c.j.Jackson2JsonEncoder - [376deff5] Encoding [Person{name='Robert'}]
14:08:53.472 [XNIO-68 I/O-7] DEBUG o.s.w.s.a.HttpWebHandlerAdapter - [376deff5] Completed 200 OK
14:08:53.472 [Test worker] DEBUG o.s.w.c.RestTemplate - Response 200 OK
14:08:53.473 [Test worker] DEBUG o.s.w.c.RestTemplate - Reading to [org.springframework.web.reactive.result.method.annotation.RequestMappingMessageConversionIntegrationTests$Person]
14:08:53.473 [Test worker] DEBUG o.s.w.t.h.s.r.b.UndertowHttpServer - Stopping UndertowHttpServer...
14:08:53.473 [Test worker] INFO  i.undertow - stopping server: Undertow - 2.1.3.Final
14:08:53.474 [Test worker] DEBUG o.s.w.t.h.s.r.b.UndertowHttpServer - Server stopped (0 millis).
]]></system-out>
  <system-err><![CDATA[]]></system-err>
</testsuite>
