<?xml version="1.0" encoding="UTF-8"?>
<testsuite name="org.springframework.web.reactive.function.server.DefaultRenderingResponseTests" tests="11" skipped="0" failures="0" errors="0" timestamp="2020-06-22T06:07:22" hostname="aiguoxindeMacBook-Pro.local" time="1.937">
  <properties/>
  <testcase name="notModifiedEtag()" classname="org.springframework.web.reactive.function.server.DefaultRenderingResponseTests" time="0.077"/>
  <testcase name="create()" classname="org.springframework.web.reactive.function.server.DefaultRenderingResponseTests" time="0.001"/>
  <testcase name="modelAttributes()" classname="org.springframework.web.reactive.function.server.DefaultRenderingResponseTests" time="0.001"/>
  <testcase name="render()" classname="org.springframework.web.reactive.function.server.DefaultRenderingResponseTests" time="1.734"/>
  <testcase name="modelAttribute()" classname="org.springframework.web.reactive.function.server.DefaultRenderingResponseTests" time="0.065"/>
  <testcase name="modelAttributesConventions()" classname="org.springframework.web.reactive.function.server.DefaultRenderingResponseTests" time="0.003"/>
  <testcase name="notModifiedLastModified()" classname="org.springframework.web.reactive.function.server.DefaultRenderingResponseTests" time="0.011"/>
  <testcase name="defaultContentType()" classname="org.springframework.web.reactive.function.server.DefaultRenderingResponseTests" time="0.032"/>
  <testcase name="headers()" classname="org.springframework.web.reactive.function.server.DefaultRenderingResponseTests" time="0.001"/>
  <testcase name="cookies()" classname="org.springframework.web.reactive.function.server.DefaultRenderingResponseTests" time="0.002"/>
  <testcase name="modelAttributeConventions()" classname="org.springframework.web.reactive.function.server.DefaultRenderingResponseTests" time="0.001"/>
  <system-out><![CDATA[14:07:24.081 [Test worker] DEBUG o.s.w.r.f.s.DefaultRenderingResponseTests$TestView - [2b2ff582] View [TestView], model {}
]]></system-out>
  <system-err><![CDATA[]]></system-err>
</testsuite>
