<?xml version="1.0" encoding="UTF-8"?>
<testsuite name="org.springframework.web.reactive.result.view.AbstractViewTests" tests="1" skipped="0" failures="0" errors="0" timestamp="2020-06-22T06:07:54" hostname="aiguoxindeMacBook-Pro.local" time="0.083">
  <properties/>
  <testcase name="resolveAsyncAttributes()" classname="org.springframework.web.reactive.result.view.AbstractViewTests" time="0.083"/>
  <system-out><![CDATA[14:07:54.198 [Test worker] DEBUG o.s.w.r.r.v.AbstractViewTests$TestView - [3374d7e5] View [TestView], model {attr5=MonoEmpty, attr2=FluxConcatMap, attr1=MonoDelayElement, attr4=io.reactivex.rxjava3.internal.operators.observable.ObservableFromArray@3ea324dd, attr3=io.reactivex.rxjava3.internal.operators.single.SingleJust@3395931d}
]]></system-out>
  <system-err><![CDATA[]]></system-err>
</testsuite>
