<?xml version="1.0" encoding="UTF-8"?>
<testsuite name="org.springframework.web.reactive.result.method.annotation.RequestMappingViewResolutionIntegrationTests" tests="12" skipped="0" failures="0" errors="0" timestamp="2020-06-22T06:07:42" hostname="aiguoxindeMacBook-Pro.local" time="12.055">
  <properties/>
  <testcase name="redirect(HttpServer)[1]" classname="org.springframework.web.reactive.result.method.annotation.RequestMappingViewResolutionIntegrationTests" time="7.742"/>
  <testcase name="redirect(HttpServer)[2]" classname="org.springframework.web.reactive.result.method.annotation.RequestMappingViewResolutionIntegrationTests" time="0.252"/>
  <testcase name="redirect(HttpServer)[3]" classname="org.springframework.web.reactive.result.method.annotation.RequestMappingViewResolutionIntegrationTests" time="0.376"/>
  <testcase name="redirect(HttpServer)[4]" classname="org.springframework.web.reactive.result.method.annotation.RequestMappingViewResolutionIntegrationTests" time="0.431"/>
  <testcase name="html(HttpServer)[1]" classname="org.springframework.web.reactive.result.method.annotation.RequestMappingViewResolutionIntegrationTests" time="0.647"/>
  <testcase name="html(HttpServer)[2]" classname="org.springframework.web.reactive.result.method.annotation.RequestMappingViewResolutionIntegrationTests" time="0.224"/>
  <testcase name="html(HttpServer)[3]" classname="org.springframework.web.reactive.result.method.annotation.RequestMappingViewResolutionIntegrationTests" time="0.305"/>
  <testcase name="html(HttpServer)[4]" classname="org.springframework.web.reactive.result.method.annotation.RequestMappingViewResolutionIntegrationTests" time="0.285"/>
  <testcase name="etagCheckWithNotModifiedResponse(HttpServer)[1]" classname="org.springframework.web.reactive.result.method.annotation.RequestMappingViewResolutionIntegrationTests" time="0.269"/>
  <testcase name="etagCheckWithNotModifiedResponse(HttpServer)[2]" classname="org.springframework.web.reactive.result.method.annotation.RequestMappingViewResolutionIntegrationTests" time="0.264"/>
  <testcase name="etagCheckWithNotModifiedResponse(HttpServer)[3]" classname="org.springframework.web.reactive.result.method.annotation.RequestMappingViewResolutionIntegrationTests" time="0.302"/>
  <testcase name="etagCheckWithNotModifiedResponse(HttpServer)[4]" classname="org.springframework.web.reactive.result.method.annotation.RequestMappingViewResolutionIntegrationTests" time="0.353"/>
  <system-out><![CDATA[14:07:42.244 [Test worker] DEBUG o.s.w.r.r.m.a.RequestMappingHandlerMapping - 2 mappings in 'requestMappingHandlerMapping'
14:07:42.346 [Test worker] DEBUG o.s.w.r.r.m.a.ControllerMethodResolver - ControllerAdvice beans: none
14:07:44.574 [Test worker] DEBUG o.s.w.r.r.v.f.FreeMarkerConfigurer - File system access not preferred: using SpringTemplateLoader
14:07:44.582 [Test worker] DEBUG o.s.w.s.a.HttpWebHandlerAdapter - enableLoggingRequestDetails='false': form data and headers will be masked to prevent unsafe logging of potentially sensitive data
14:07:44.583 [Test worker] WARN  o.e.j.s.h.ContextHandler - Empty contextPath
14:07:44.583 [Test worker] INFO  o.e.j.s.h.ContextHandler - Started o.e.j.s.ServletContextHandler@6b7a51d8{/,null,AVAILABLE}
14:07:44.583 [Test worker] DEBUG o.s.w.t.h.s.r.b.JettyHttpServer - Starting JettyHttpServer...
14:07:44.583 [Test worker] INFO  o.e.j.s.Server - jetty-9.4.30.v20200611; built: 2020-06-11T12:34:51.929Z; git: 271836e4c1f4612f12b7bb13ef5a92a927634b0d; jvm 1.8.0_73-b02
14:07:44.586 [Test worker] INFO  o.e.j.s.AbstractConnector - Started ServerConnector@26f11584{HTTP/1.1, (http/1.1)}{0.0.0.0:60836}
14:07:44.586 [Test worker] INFO  o.e.j.s.Server - Started @64311ms
14:07:44.587 [Test worker] DEBUG o.s.w.t.h.s.r.b.JettyHttpServer - Server started on port 60836(0 millis).
14:07:44.686 [Test worker] DEBUG o.s.w.c.RestTemplate - HTTP GET http://localhost:60836/redirect
14:07:44.717 [Test worker] DEBUG o.s.w.c.RestTemplate - Accept=[application/json, application/x-jackson-smile, application/*+json]
14:07:49.768 [qtp1869755335-679] DEBUG o.s.w.s.a.HttpWebHandlerAdapter - [397c825f] HTTP GET "/redirect"
14:07:49.769 [qtp1869755335-679] DEBUG o.s.w.r.r.m.a.RequestMappingHandlerMapping - [397c825f] Mapped to org.springframework.web.reactive.result.method.annotation.RequestMappingViewResolutionIntegrationTests$TestController#redirect()
14:07:49.778 [qtp1869755335-679] DEBUG o.s.w.r.r.v.RedirectView - [397c825f] View name 'redirect:/', model {}
14:07:49.779 [qtp1869755335-679] DEBUG o.s.w.s.a.HttpWebHandlerAdapter - [397c825f] Completed 303 SEE_OTHER
14:07:49.780 [Test worker] DEBUG o.s.w.c.RestTemplate - Response 303 SEE_OTHER
14:07:49.780 [Test worker] DEBUG o.s.w.t.h.s.r.b.JettyHttpServer - Stopping JettyHttpServer...
14:07:49.780 [Test worker] INFO  o.e.j.s.h.ContextHandler - Stopped o.e.j.s.ServletContextHandler@6b7a51d8{/,null,UNAVAILABLE}
14:07:49.781 [Test worker] INFO  o.e.j.s.AbstractConnector - Stopped ServerConnector@26f11584{HTTP/1.1, (http/1.1)}{0.0.0.0:0}
14:07:49.792 [Test worker] DEBUG o.s.w.t.h.s.r.b.JettyHttpServer - Server stopped (0 millis).
14:07:49.851 [Test worker] DEBUG o.s.w.r.r.m.a.RequestMappingHandlerMapping - 2 mappings in 'requestMappingHandlerMapping'
14:07:49.893 [Test worker] DEBUG o.s.w.r.r.m.a.ControllerMethodResolver - ControllerAdvice beans: none
14:07:49.941 [Test worker] DEBUG o.s.w.r.r.v.f.FreeMarkerConfigurer - File system access not preferred: using SpringTemplateLoader
14:07:49.975 [Test worker] DEBUG o.s.w.s.a.HttpWebHandlerAdapter - enableLoggingRequestDetails='false': form data and headers will be masked to prevent unsafe logging of potentially sensitive data
14:07:49.975 [Test worker] DEBUG o.s.w.t.h.s.r.b.ReactorHttpServer - Starting ReactorHttpServer...
14:07:49.976 [Test worker] DEBUG o.s.w.t.h.s.r.b.ReactorHttpServer - Server started on port 60899(0 millis).
14:07:50.042 [Test worker] DEBUG o.s.w.c.RestTemplate - HTTP GET http://localhost:60899/redirect
14:07:50.044 [Test worker] DEBUG o.s.w.c.RestTemplate - Accept=[application/json, application/x-jackson-smile, application/*+json]
14:07:50.048 [reactor-http-nio-2] DEBUG o.s.w.s.a.HttpWebHandlerAdapter - [ce84c52c-17] HTTP GET "/redirect"
14:07:50.048 [reactor-http-nio-2] DEBUG o.s.w.r.r.m.a.RequestMappingHandlerMapping - [ce84c52c-17] Mapped to org.springframework.web.reactive.result.method.annotation.RequestMappingViewResolutionIntegrationTests$TestController#redirect()
14:07:50.049 [reactor-http-nio-2] DEBUG o.s.w.r.r.v.RedirectView - [ce84c52c-17] View name 'redirect:/', model {}
14:07:50.050 [reactor-http-nio-2] DEBUG o.s.w.s.a.HttpWebHandlerAdapter - [ce84c52c-17] Completed 303 SEE_OTHER
14:07:50.050 [Test worker] DEBUG o.s.w.c.RestTemplate - Response 303 SEE_OTHER
14:07:50.057 [Test worker] DEBUG o.s.w.t.h.s.r.b.ReactorHttpServer - Stopping ReactorHttpServer...
14:07:50.057 [Test worker] DEBUG o.s.w.t.h.s.r.b.ReactorHttpServer - Server stopped (0 millis).
14:07:50.215 [Test worker] DEBUG o.s.w.r.r.m.a.RequestMappingHandlerMapping - 2 mappings in 'requestMappingHandlerMapping'
14:07:50.276 [Test worker] DEBUG o.s.w.r.r.m.a.ControllerMethodResolver - ControllerAdvice beans: none
14:07:50.359 [Test worker] DEBUG o.s.w.r.r.v.f.FreeMarkerConfigurer - File system access not preferred: using SpringTemplateLoader
14:07:50.364 [Test worker] DEBUG o.s.w.s.a.HttpWebHandlerAdapter - enableLoggingRequestDetails='false': form data and headers will be masked to prevent unsafe logging of potentially sensitive data
14:07:50.364 [Test worker] DEBUG o.s.w.t.h.s.r.b.TomcatHttpServer - Starting TomcatHttpServer...
14:07:50.397 [Test worker] DEBUG o.s.w.t.h.s.r.b.TomcatHttpServer - Server started on port 60904(0 millis).
14:07:50.430 [Test worker] DEBUG o.s.w.c.RestTemplate - HTTP GET http://localhost:60904/redirect
14:07:50.431 [Test worker] DEBUG o.s.w.c.RestTemplate - Accept=[application/json, application/x-jackson-smile, application/*+json]
14:07:50.435 [http-nio-auto-17-exec-1] DEBUG o.s.w.s.a.HttpWebHandlerAdapter - [76f710a8] HTTP GET "/redirect"
14:07:50.436 [http-nio-auto-17-exec-1] DEBUG o.s.w.r.r.m.a.RequestMappingHandlerMapping - [76f710a8] Mapped to org.springframework.web.reactive.result.method.annotation.RequestMappingViewResolutionIntegrationTests$TestController#redirect()
14:07:50.437 [http-nio-auto-17-exec-1] DEBUG o.s.w.r.r.v.RedirectView - [76f710a8] View name 'redirect:/', model {}
14:07:50.437 [http-nio-auto-17-exec-1] DEBUG o.s.w.s.a.HttpWebHandlerAdapter - [76f710a8] Completed 303 SEE_OTHER
14:07:50.438 [Test worker] DEBUG o.s.w.c.RestTemplate - Response 303 SEE_OTHER
14:07:50.438 [Test worker] DEBUG o.s.w.t.h.s.r.b.TomcatHttpServer - Stopping TomcatHttpServer...
14:07:50.454 [Test worker] DEBUG o.s.w.t.h.s.r.b.TomcatHttpServer - Server stopped (0 millis).
14:07:50.624 [Test worker] DEBUG o.s.w.r.r.m.a.RequestMappingHandlerMapping - 2 mappings in 'requestMappingHandlerMapping'
14:07:50.738 [Test worker] DEBUG o.s.w.r.r.m.a.ControllerMethodResolver - ControllerAdvice beans: none
14:07:50.807 [Test worker] DEBUG o.s.w.r.r.v.f.FreeMarkerConfigurer - File system access not preferred: using SpringTemplateLoader
14:07:50.835 [Test worker] DEBUG o.s.w.s.a.HttpWebHandlerAdapter - enableLoggingRequestDetails='false': form data and headers will be masked to prevent unsafe logging of potentially sensitive data
14:07:50.835 [Test worker] DEBUG o.s.w.t.h.s.r.b.UndertowHttpServer - Starting UndertowHttpServer...
14:07:50.835 [Test worker] INFO  i.undertow - starting server: Undertow - 2.1.3.Final
14:07:50.849 [Test worker] DEBUG o.s.w.t.h.s.r.b.UndertowHttpServer - Server started on port 60909(0 millis).
14:07:50.929 [Test worker] DEBUG o.s.w.c.RestTemplate - HTTP GET http://localhost:60909/redirect
14:07:50.930 [Test worker] DEBUG o.s.w.c.RestTemplate - Accept=[application/json, application/x-jackson-smile, application/*+json]
14:07:50.936 [XNIO-17 I/O-5] DEBUG o.s.w.s.a.HttpWebHandlerAdapter - [3477e629] HTTP GET "/redirect"
14:07:50.936 [XNIO-17 I/O-5] DEBUG o.s.w.r.r.m.a.RequestMappingHandlerMapping - [3477e629] Mapped to org.springframework.web.reactive.result.method.annotation.RequestMappingViewResolutionIntegrationTests$TestController#redirect()
14:07:50.937 [XNIO-17 I/O-5] DEBUG o.s.w.r.r.v.RedirectView - [3477e629] View name 'redirect:/', model {}
14:07:50.937 [XNIO-17 I/O-5] DEBUG o.s.w.s.a.HttpWebHandlerAdapter - [3477e629] Completed 303 SEE_OTHER
14:07:50.938 [Test worker] DEBUG o.s.w.c.RestTemplate - Response 303 SEE_OTHER
14:07:50.939 [Test worker] DEBUG o.s.w.t.h.s.r.b.UndertowHttpServer - Stopping UndertowHttpServer...
14:07:50.939 [Test worker] INFO  i.undertow - stopping server: Undertow - 2.1.3.Final
14:07:50.944 [Test worker] DEBUG o.s.w.t.h.s.r.b.UndertowHttpServer - Server stopped (0 millis).
14:07:51.113 [Test worker] DEBUG o.s.w.r.r.m.a.RequestMappingHandlerMapping - 2 mappings in 'requestMappingHandlerMapping'
14:07:51.211 [Test worker] DEBUG o.s.w.r.r.m.a.ControllerMethodResolver - ControllerAdvice beans: none
14:07:51.268 [Test worker] DEBUG o.s.w.r.r.v.f.FreeMarkerConfigurer - File system access not preferred: using SpringTemplateLoader
14:07:51.273 [Test worker] DEBUG o.s.w.s.a.HttpWebHandlerAdapter - enableLoggingRequestDetails='false': form data and headers will be masked to prevent unsafe logging of potentially sensitive data
14:07:51.275 [Test worker] WARN  o.e.j.s.h.ContextHandler - Empty contextPath
14:07:51.276 [Test worker] INFO  o.e.j.s.h.ContextHandler - Started o.e.j.s.ServletContextHandler@37ee9cbc{/,null,AVAILABLE}
14:07:51.276 [Test worker] DEBUG o.s.w.t.h.s.r.b.JettyHttpServer - Starting JettyHttpServer...
14:07:51.276 [Test worker] INFO  o.e.j.s.Server - jetty-9.4.30.v20200611; built: 2020-06-11T12:34:51.929Z; git: 271836e4c1f4612f12b7bb13ef5a92a927634b0d; jvm 1.8.0_73-b02
14:07:51.279 [Test worker] INFO  o.e.j.s.AbstractConnector - Started ServerConnector@5cdd51ff{HTTP/1.1, (http/1.1)}{0.0.0.0:60913}
14:07:51.279 [Test worker] INFO  o.e.j.s.Server - Started @71004ms
14:07:51.280 [Test worker] DEBUG o.s.w.t.h.s.r.b.JettyHttpServer - Server started on port 60913(0 millis).
14:07:51.280 [Test worker] DEBUG o.s.w.c.RestTemplate - HTTP GET http://localhost:60913/html?name=Jason
14:07:51.280 [Test worker] DEBUG o.s.w.c.RestTemplate - Accept=[text/plain, application/json, application/x-jackson-smile, application/*+json, */*]
14:07:51.282 [qtp1456254992-712] DEBUG o.s.w.s.a.HttpWebHandlerAdapter - [78a97661] HTTP GET "/html?name=Jason"
14:07:51.283 [qtp1456254992-712] DEBUG o.s.w.r.r.m.a.RequestMappingHandlerMapping - [78a97661] Mapped to org.springframework.web.reactive.result.method.annotation.RequestMappingViewResolutionIntegrationTests$TestController#getHtmlPage(Optional, Model, ServerWebExchange)
14:07:51.479 [qtp1456254992-712] DEBUG o.s.w.r.r.v.ViewResolutionResultHandler - Using 'text/html;charset=UTF-8' given [text/html] and supported [text/html;charset=UTF-8]
14:07:51.480 [qtp1456254992-712] DEBUG o.s.w.r.r.v.f.FreeMarkerView - [78a97661] View name 'test', model {hello=Hello: Jason!}
14:07:51.564 [qtp1456254992-712] DEBUG o.s.w.r.r.v.f.FreeMarkerView - [78a97661] Rendering [test.ftl]
14:07:51.671 [qtp1456254992-712] DEBUG o.s.w.s.a.HttpWebHandlerAdapter - [78a97661] Completed 200 OK
14:07:51.671 [Test worker] DEBUG o.s.w.c.RestTemplate - Response 200 OK
14:07:51.671 [Test worker] DEBUG o.s.w.c.RestTemplate - Reading to [java.lang.String] as "text/html;charset=utf-8"
14:07:51.671 [Test worker] DEBUG o.s.w.t.h.s.r.b.JettyHttpServer - Stopping JettyHttpServer...
14:07:51.672 [Test worker] INFO  o.e.j.s.h.ContextHandler - Stopped o.e.j.s.ServletContextHandler@37ee9cbc{/,null,UNAVAILABLE}
14:07:51.673 [Test worker] INFO  o.e.j.s.AbstractConnector - Stopped ServerConnector@5cdd51ff{HTTP/1.1, (http/1.1)}{0.0.0.0:0}
14:07:51.683 [Test worker] DEBUG o.s.w.t.h.s.r.b.JettyHttpServer - Server stopped (0 millis).
14:07:51.726 [Test worker] DEBUG o.s.w.r.r.m.a.RequestMappingHandlerMapping - 2 mappings in 'requestMappingHandlerMapping'
14:07:51.823 [Test worker] DEBUG o.s.w.r.r.m.a.ControllerMethodResolver - ControllerAdvice beans: none
14:07:51.877 [Test worker] DEBUG o.s.w.r.r.v.f.FreeMarkerConfigurer - File system access not preferred: using SpringTemplateLoader
14:07:51.905 [Test worker] DEBUG o.s.w.s.a.HttpWebHandlerAdapter - enableLoggingRequestDetails='false': form data and headers will be masked to prevent unsafe logging of potentially sensitive data
14:07:51.905 [Test worker] DEBUG o.s.w.t.h.s.r.b.ReactorHttpServer - Starting ReactorHttpServer...
14:07:51.907 [Test worker] DEBUG o.s.w.t.h.s.r.b.ReactorHttpServer - Server started on port 60918(0 millis).
14:07:51.907 [Test worker] DEBUG o.s.w.c.RestTemplate - HTTP GET http://localhost:60918/html?name=Jason
14:07:51.907 [Test worker] DEBUG o.s.w.c.RestTemplate - Accept=[text/plain, application/json, application/x-jackson-smile, application/*+json, */*]
14:07:51.910 [reactor-http-nio-4] DEBUG o.s.w.s.a.HttpWebHandlerAdapter - [b674cad1-18] HTTP GET "/html?name=Jason"
14:07:51.910 [reactor-http-nio-4] DEBUG o.s.w.r.r.m.a.RequestMappingHandlerMapping - [b674cad1-18] Mapped to org.springframework.web.reactive.result.method.annotation.RequestMappingViewResolutionIntegrationTests$TestController#getHtmlPage(Optional, Model, ServerWebExchange)
14:07:51.915 [reactor-http-nio-4] DEBUG o.s.w.r.r.v.ViewResolutionResultHandler - Using 'text/html;charset=UTF-8' given [text/html] and supported [text/html;charset=UTF-8]
14:07:51.915 [reactor-http-nio-4] DEBUG o.s.w.r.r.v.f.FreeMarkerView - [b674cad1-18] View name 'test', model {hello=Hello: Jason!}
14:07:51.915 [reactor-http-nio-4] DEBUG o.s.w.r.r.v.f.FreeMarkerView - [b674cad1-18] Rendering [test.ftl]
14:07:51.917 [reactor-http-nio-4] DEBUG o.s.w.s.a.HttpWebHandlerAdapter - [b674cad1-18] Completed 200 OK
14:07:51.917 [Test worker] DEBUG o.s.w.c.RestTemplate - Response 200 OK
14:07:51.918 [Test worker] DEBUG o.s.w.c.RestTemplate - Reading to [java.lang.String] as "text/html;charset=UTF-8"
14:07:51.918 [Test worker] DEBUG o.s.w.t.h.s.r.b.ReactorHttpServer - Stopping ReactorHttpServer...
14:07:51.918 [Test worker] DEBUG o.s.w.t.h.s.r.b.ReactorHttpServer - Server stopped (0 millis).
14:07:52.024 [Test worker] DEBUG o.s.w.r.r.m.a.RequestMappingHandlerMapping - 2 mappings in 'requestMappingHandlerMapping'
14:07:52.158 [Test worker] DEBUG o.s.w.r.r.m.a.ControllerMethodResolver - ControllerAdvice beans: none
14:07:52.207 [Test worker] DEBUG o.s.w.r.r.v.f.FreeMarkerConfigurer - File system access not preferred: using SpringTemplateLoader
14:07:52.211 [Test worker] DEBUG o.s.w.s.a.HttpWebHandlerAdapter - enableLoggingRequestDetails='false': form data and headers will be masked to prevent unsafe logging of potentially sensitive data
14:07:52.212 [Test worker] DEBUG o.s.w.t.h.s.r.b.TomcatHttpServer - Starting TomcatHttpServer...
14:07:52.260 [Test worker] DEBUG o.s.w.t.h.s.r.b.TomcatHttpServer - Server started on port 60922(0 millis).
14:07:52.261 [Test worker] DEBUG o.s.w.c.RestTemplate - HTTP GET http://localhost:60922/html?name=Jason
14:07:52.261 [Test worker] DEBUG o.s.w.c.RestTemplate - Accept=[text/plain, application/json, application/x-jackson-smile, application/*+json, */*]
14:07:52.266 [http-nio-auto-18-exec-1] DEBUG o.s.w.s.a.HttpWebHandlerAdapter - [3fae4b6] HTTP GET "/html?name=Jason"
14:07:52.266 [http-nio-auto-18-exec-1] DEBUG o.s.w.r.r.m.a.RequestMappingHandlerMapping - [3fae4b6] Mapped to org.springframework.web.reactive.result.method.annotation.RequestMappingViewResolutionIntegrationTests$TestController#getHtmlPage(Optional, Model, ServerWebExchange)
14:07:52.273 [http-nio-auto-18-exec-1] DEBUG o.s.w.r.r.v.ViewResolutionResultHandler - Using 'text/html;charset=UTF-8' given [text/html] and supported [text/html;charset=UTF-8]
14:07:52.273 [http-nio-auto-18-exec-1] DEBUG o.s.w.r.r.v.f.FreeMarkerView - [3fae4b6] View name 'test', model {hello=Hello: Jason!}
14:07:52.273 [http-nio-auto-18-exec-1] DEBUG o.s.w.r.r.v.f.FreeMarkerView - [3fae4b6] Rendering [test.ftl]
14:07:52.274 [http-nio-auto-18-exec-1] DEBUG o.s.w.s.a.HttpWebHandlerAdapter - [3fae4b6] Completed 200 OK
14:07:52.274 [Test worker] DEBUG o.s.w.c.RestTemplate - Response 200 OK
14:07:52.275 [Test worker] DEBUG o.s.w.c.RestTemplate - Reading to [java.lang.String] as "text/html;charset=UTF-8"
14:07:52.275 [Test worker] DEBUG o.s.w.t.h.s.r.b.TomcatHttpServer - Stopping TomcatHttpServer...
14:07:52.289 [Test worker] DEBUG o.s.w.t.h.s.r.b.TomcatHttpServer - Server stopped (0 millis).
14:07:52.513 [Test worker] DEBUG o.s.w.r.r.m.a.RequestMappingHandlerMapping - 2 mappings in 'requestMappingHandlerMapping'
14:07:52.580 [Test worker] DEBUG o.s.w.r.r.m.a.ControllerMethodResolver - ControllerAdvice beans: none
14:07:52.617 [Test worker] DEBUG o.s.w.r.r.v.f.FreeMarkerConfigurer - File system access not preferred: using SpringTemplateLoader
14:07:52.621 [Test worker] DEBUG o.s.w.s.a.HttpWebHandlerAdapter - enableLoggingRequestDetails='false': form data and headers will be masked to prevent unsafe logging of potentially sensitive data
14:07:52.621 [Test worker] DEBUG o.s.w.t.h.s.r.b.UndertowHttpServer - Starting UndertowHttpServer...
14:07:52.621 [Test worker] INFO  i.undertow - starting server: Undertow - 2.1.3.Final
14:07:52.631 [Test worker] DEBUG o.s.w.t.h.s.r.b.UndertowHttpServer - Server started on port 60928(0 millis).
14:07:52.632 [Test worker] DEBUG o.s.w.c.RestTemplate - HTTP GET http://localhost:60928/html?name=Jason
14:07:52.632 [Test worker] DEBUG o.s.w.c.RestTemplate - Accept=[text/plain, application/json, application/x-jackson-smile, application/*+json, */*]
14:07:52.638 [XNIO-18 I/O-6] DEBUG o.s.w.s.a.HttpWebHandlerAdapter - [13f10e51] HTTP GET "/html?name=Jason"
14:07:52.639 [XNIO-18 I/O-6] DEBUG o.s.w.r.r.m.a.RequestMappingHandlerMapping - [13f10e51] Mapped to org.springframework.web.reactive.result.method.annotation.RequestMappingViewResolutionIntegrationTests$TestController#getHtmlPage(Optional, Model, ServerWebExchange)
14:07:52.649 [XNIO-18 I/O-6] DEBUG o.s.w.r.r.v.ViewResolutionResultHandler - Using 'text/html;charset=UTF-8' given [text/html] and supported [text/html;charset=UTF-8]
14:07:52.649 [XNIO-18 I/O-6] DEBUG o.s.w.r.r.v.f.FreeMarkerView - [13f10e51] View name 'test', model {hello=Hello: Jason!}
14:07:52.649 [XNIO-18 I/O-6] DEBUG o.s.w.r.r.v.f.FreeMarkerView - [13f10e51] Rendering [test.ftl]
14:07:52.651 [XNIO-18 I/O-6] DEBUG o.s.w.s.a.HttpWebHandlerAdapter - [13f10e51] Completed 200 OK
14:07:52.651 [Test worker] DEBUG o.s.w.c.RestTemplate - Response 200 OK
14:07:52.651 [Test worker] DEBUG o.s.w.c.RestTemplate - Reading to [java.lang.String] as "text/html;charset=UTF-8"
14:07:52.651 [Test worker] DEBUG o.s.w.t.h.s.r.b.UndertowHttpServer - Stopping UndertowHttpServer...
14:07:52.651 [Test worker] INFO  i.undertow - stopping server: Undertow - 2.1.3.Final
14:07:52.652 [Test worker] DEBUG o.s.w.t.h.s.r.b.UndertowHttpServer - Server stopped (0 millis).
14:07:52.824 [Test worker] DEBUG o.s.w.r.r.m.a.RequestMappingHandlerMapping - 2 mappings in 'requestMappingHandlerMapping'
14:07:52.924 [Test worker] DEBUG o.s.w.r.r.m.a.ControllerMethodResolver - ControllerAdvice beans: none
14:07:52.940 [Test worker] DEBUG o.s.w.r.r.v.f.FreeMarkerConfigurer - File system access not preferred: using SpringTemplateLoader
14:07:52.945 [Test worker] DEBUG o.s.w.s.a.HttpWebHandlerAdapter - enableLoggingRequestDetails='false': form data and headers will be masked to prevent unsafe logging of potentially sensitive data
14:07:52.945 [Test worker] WARN  o.e.j.s.h.ContextHandler - Empty contextPath
14:07:52.945 [Test worker] INFO  o.e.j.s.h.ContextHandler - Started o.e.j.s.ServletContextHandler@10b46de0{/,null,AVAILABLE}
14:07:52.945 [Test worker] DEBUG o.s.w.t.h.s.r.b.JettyHttpServer - Starting JettyHttpServer...
14:07:52.945 [Test worker] INFO  o.e.j.s.Server - jetty-9.4.30.v20200611; built: 2020-06-11T12:34:51.929Z; git: 271836e4c1f4612f12b7bb13ef5a92a927634b0d; jvm 1.8.0_73-b02
14:07:52.948 [Test worker] INFO  o.e.j.s.AbstractConnector - Started ServerConnector@145fc109{HTTP/1.1, (http/1.1)}{0.0.0.0:60932}
14:07:52.948 [Test worker] INFO  o.e.j.s.Server - Started @72672ms
14:07:52.948 [Test worker] DEBUG o.s.w.t.h.s.r.b.JettyHttpServer - Server started on port 60932(0 millis).
14:07:52.948 [Test worker] DEBUG o.s.w.c.RestTemplate - HTTP GET http://localhost:60932/html
14:07:52.948 [Test worker] DEBUG o.s.w.c.RestTemplate - Accept=[text/plain, application/json, application/x-jackson-smile, application/*+json, */*]
14:07:52.951 [qtp2065408972-745] DEBUG o.s.w.s.a.HttpWebHandlerAdapter - [2a013f19] HTTP GET "/html"
14:07:52.951 [qtp2065408972-745] DEBUG o.s.w.r.r.m.a.RequestMappingHandlerMapping - [2a013f19] Mapped to org.springframework.web.reactive.result.method.annotation.RequestMappingViewResolutionIntegrationTests$TestController#getHtmlPage(Optional, Model, ServerWebExchange)
14:07:52.953 [qtp2065408972-745] DEBUG o.s.w.s.a.HttpWebHandlerAdapter - [2a013f19] Completed 304 NOT_MODIFIED
14:07:52.953 [Test worker] DEBUG o.s.w.c.RestTemplate - Response 304 NOT_MODIFIED
14:07:52.954 [Test worker] DEBUG o.s.w.t.h.s.r.b.JettyHttpServer - Stopping JettyHttpServer...
14:07:52.954 [Test worker] INFO  o.e.j.s.h.ContextHandler - Stopped o.e.j.s.ServletContextHandler@10b46de0{/,null,UNAVAILABLE}
14:07:52.955 [Test worker] INFO  o.e.j.s.AbstractConnector - Stopped ServerConnector@145fc109{HTTP/1.1, (http/1.1)}{0.0.0.0:0}
14:07:52.965 [Test worker] DEBUG o.s.w.t.h.s.r.b.JettyHttpServer - Server stopped (0 millis).
14:07:53.115 [Test worker] DEBUG o.s.w.r.r.m.a.RequestMappingHandlerMapping - 2 mappings in 'requestMappingHandlerMapping'
14:07:53.198 [Test worker] DEBUG o.s.w.r.r.m.a.ControllerMethodResolver - ControllerAdvice beans: none
14:07:53.235 [Test worker] DEBUG o.s.w.r.r.v.f.FreeMarkerConfigurer - File system access not preferred: using SpringTemplateLoader
14:07:53.284 [Test worker] DEBUG o.s.w.s.a.HttpWebHandlerAdapter - enableLoggingRequestDetails='false': form data and headers will be masked to prevent unsafe logging of potentially sensitive data
14:07:53.285 [Test worker] DEBUG o.s.w.t.h.s.r.b.ReactorHttpServer - Starting ReactorHttpServer...
14:07:53.289 [Test worker] DEBUG o.s.w.t.h.s.r.b.ReactorHttpServer - Server started on port 60937(0 millis).
14:07:53.290 [Test worker] DEBUG o.s.w.c.RestTemplate - HTTP GET http://localhost:60937/html
14:07:53.290 [Test worker] DEBUG o.s.w.c.RestTemplate - Accept=[text/plain, application/json, application/x-jackson-smile, application/*+json, */*]
14:07:53.294 [reactor-http-nio-6] DEBUG o.s.w.s.a.HttpWebHandlerAdapter - [a4a33759-19] HTTP GET "/html"
14:07:53.294 [reactor-http-nio-6] DEBUG o.s.w.r.r.m.a.RequestMappingHandlerMapping - [a4a33759-19] Mapped to org.springframework.web.reactive.result.method.annotation.RequestMappingViewResolutionIntegrationTests$TestController#getHtmlPage(Optional, Model, ServerWebExchange)
14:07:53.295 [reactor-http-nio-6] DEBUG o.s.w.s.a.HttpWebHandlerAdapter - [a4a33759-19] Completed 304 NOT_MODIFIED
14:07:53.297 [Test worker] DEBUG o.s.w.c.RestTemplate - Response 304 NOT_MODIFIED
14:07:53.297 [Test worker] DEBUG o.s.w.t.h.s.r.b.ReactorHttpServer - Stopping ReactorHttpServer...
14:07:53.298 [Test worker] DEBUG o.s.w.t.h.s.r.b.ReactorHttpServer - Server stopped (0 millis).
14:07:53.436 [Test worker] DEBUG o.s.w.r.r.m.a.RequestMappingHandlerMapping - 2 mappings in 'requestMappingHandlerMapping'
14:07:53.500 [Test worker] DEBUG o.s.w.r.r.m.a.ControllerMethodResolver - ControllerAdvice beans: none
14:07:53.581 [Test worker] DEBUG o.s.w.r.r.v.f.FreeMarkerConfigurer - File system access not preferred: using SpringTemplateLoader
14:07:53.586 [Test worker] DEBUG o.s.w.s.a.HttpWebHandlerAdapter - enableLoggingRequestDetails='false': form data and headers will be masked to prevent unsafe logging of potentially sensitive data
14:07:53.588 [Test worker] DEBUG o.s.w.t.h.s.r.b.TomcatHttpServer - Starting TomcatHttpServer...
14:07:53.598 [Test worker] DEBUG o.s.w.t.h.s.r.b.TomcatHttpServer - Server started on port 60941(0 millis).
14:07:53.598 [Test worker] DEBUG o.s.w.c.RestTemplate - HTTP GET http://localhost:60941/html
14:07:53.598 [Test worker] DEBUG o.s.w.c.RestTemplate - Accept=[text/plain, application/json, application/x-jackson-smile, application/*+json, */*]
14:07:53.603 [http-nio-auto-19-exec-1] DEBUG o.s.w.s.a.HttpWebHandlerAdapter - [7a3bb128] HTTP GET "/html"
14:07:53.604 [http-nio-auto-19-exec-1] DEBUG o.s.w.r.r.m.a.RequestMappingHandlerMapping - [7a3bb128] Mapped to org.springframework.web.reactive.result.method.annotation.RequestMappingViewResolutionIntegrationTests$TestController#getHtmlPage(Optional, Model, ServerWebExchange)
14:07:53.605 [http-nio-auto-19-exec-1] DEBUG o.s.w.s.a.HttpWebHandlerAdapter - [7a3bb128] Completed 304 NOT_MODIFIED
14:07:53.606 [Test worker] DEBUG o.s.w.c.RestTemplate - Response 304 NOT_MODIFIED
14:07:53.606 [Test worker] DEBUG o.s.w.t.h.s.r.b.TomcatHttpServer - Stopping TomcatHttpServer...
14:07:53.621 [Test worker] DEBUG o.s.w.t.h.s.r.b.TomcatHttpServer - Server stopped (0 millis).
14:07:53.927 [Test worker] DEBUG o.s.w.r.r.m.a.RequestMappingHandlerMapping - 2 mappings in 'requestMappingHandlerMapping'
14:07:54.006 [Test worker] DEBUG o.s.w.r.r.m.a.ControllerMethodResolver - ControllerAdvice beans: none
14:07:54.070 [Test worker] DEBUG o.s.w.r.r.v.f.FreeMarkerConfigurer - File system access not preferred: using SpringTemplateLoader
14:07:54.074 [Test worker] DEBUG o.s.w.s.a.HttpWebHandlerAdapter - enableLoggingRequestDetails='false': form data and headers will be masked to prevent unsafe logging of potentially sensitive data
14:07:54.074 [Test worker] DEBUG o.s.w.t.h.s.r.b.UndertowHttpServer - Starting UndertowHttpServer...
14:07:54.074 [Test worker] INFO  i.undertow - starting server: Undertow - 2.1.3.Final
14:07:54.098 [Test worker] DEBUG o.s.w.t.h.s.r.b.UndertowHttpServer - Server started on port 60947(0 millis).
14:07:54.098 [Test worker] DEBUG o.s.w.c.RestTemplate - HTTP GET http://localhost:60947/html
14:07:54.098 [Test worker] DEBUG o.s.w.c.RestTemplate - Accept=[text/plain, application/json, application/x-jackson-smile, application/*+json, */*]
14:07:54.101 [XNIO-19 I/O-6] DEBUG o.s.w.s.a.HttpWebHandlerAdapter - [4eba5232] HTTP GET "/html"
14:07:54.101 [XNIO-19 I/O-6] DEBUG o.s.w.r.r.m.a.RequestMappingHandlerMapping - [4eba5232] Mapped to org.springframework.web.reactive.result.method.annotation.RequestMappingViewResolutionIntegrationTests$TestController#getHtmlPage(Optional, Model, ServerWebExchange)
14:07:54.103 [XNIO-19 I/O-6] DEBUG o.s.w.s.a.HttpWebHandlerAdapter - [4eba5232] Completed 304 NOT_MODIFIED
14:07:54.104 [Test worker] DEBUG o.s.w.c.RestTemplate - Response 304 NOT_MODIFIED
14:07:54.104 [Test worker] DEBUG o.s.w.t.h.s.r.b.UndertowHttpServer - Stopping UndertowHttpServer...
14:07:54.104 [Test worker] INFO  i.undertow - stopping server: Undertow - 2.1.3.Final
14:07:54.105 [Test worker] DEBUG o.s.w.t.h.s.r.b.UndertowHttpServer - Server stopped (0 millis).
]]></system-out>
  <system-err><![CDATA[]]></system-err>
</testsuite>
