<?xml version="1.0" encoding="UTF-8"?>
<testsuite name="org.springframework.web.reactive.resource.ResourceTransformerSupportTests" tests="4" skipped="0" failures="0" errors="0" timestamp="2020-06-22T06:07:28" hostname="aiguoxindeMacBook-Pro.local" time="0.015">
  <properties/>
  <testcase name="toAbsolutePath()" classname="org.springframework.web.reactive.resource.ResourceTransformerSupportTests" time="0.001"/>
  <testcase name="resolveUrlPathWithRelativePath()" classname="org.springframework.web.reactive.resource.ResourceTransformerSupportTests" time="0.004"/>
  <testcase name="resolveUrlPathWithRelativePathInParentDirectory()" classname="org.springframework.web.reactive.resource.ResourceTransformerSupportTests" time="0.004"/>
  <testcase name="resolveUrlPath()" classname="org.springframework.web.reactive.resource.ResourceTransformerSupportTests" time="0.005"/>
  <system-out><![CDATA[]]></system-out>
  <system-err><![CDATA[]]></system-err>
</testsuite>
