<?xml version="1.0" encoding="UTF-8"?>
<testsuite name="org.springframework.web.reactive.function.server.support.DispatcherHandlerIntegrationTests" tests="4" skipped="0" failures="0" errors="0" timestamp="2020-06-22T06:07:22" hostname="aiguoxindeMacBook-Pro.local" time="2.312">
  <properties/>
  <testcase name="nested(HttpServer)[1]" classname="org.springframework.web.reactive.function.server.support.DispatcherHandlerIntegrationTests" time="1.454"/>
  <testcase name="nested(HttpServer)[2]" classname="org.springframework.web.reactive.function.server.support.DispatcherHandlerIntegrationTests" time="0.21"/>
  <testcase name="nested(HttpServer)[3]" classname="org.springframework.web.reactive.function.server.support.DispatcherHandlerIntegrationTests" time="0.183"/>
  <testcase name="nested(HttpServer)[4]" classname="org.springframework.web.reactive.function.server.support.DispatcherHandlerIntegrationTests" time="0.317"/>
  <system-out><![CDATA[14:07:22.305 [Test worker] DEBUG o.s.w.r.f.s.s.RouterFunctionMapping - 1 RouterFunction(s) in 'routerFunctionMapping'
14:07:22.415 [Test worker] INFO  o.h.v.i.u.Version - HV000001: Hibernate Validator 6.1.5.Final
14:07:23.415 [Test worker] DEBUG o.s.w.r.r.m.a.ControllerMethodResolver - ControllerAdvice beans: none
14:07:23.481 [Test worker] DEBUG o.s.w.s.a.HttpWebHandlerAdapter - enableLoggingRequestDetails='false': form data and headers will be masked to prevent unsafe logging of potentially sensitive data
14:07:23.481 [Test worker] WARN  o.e.j.s.h.ContextHandler - Empty contextPath
14:07:23.482 [Test worker] INFO  o.e.j.s.h.ContextHandler - Started o.e.j.s.ServletContextHandler@29120f9c{/,null,AVAILABLE}
14:07:23.483 [Test worker] DEBUG o.s.w.t.h.s.r.b.JettyHttpServer - Starting JettyHttpServer...
14:07:23.483 [Test worker] INFO  o.e.j.s.Server - jetty-9.4.30.v20200611; built: 2020-06-11T12:34:51.929Z; git: 271836e4c1f4612f12b7bb13ef5a92a927634b0d; jvm 1.8.0_73-b02
14:07:23.487 [Test worker] INFO  o.e.j.s.AbstractConnector - Started ServerConnector@119a1bbd{HTTP/1.1, (http/1.1)}{0.0.0.0:60484}
14:07:23.487 [Test worker] INFO  o.e.j.s.Server - Started @43211ms
14:07:23.487 [Test worker] DEBUG o.s.w.t.h.s.r.b.JettyHttpServer - Server started on port 60484(0 millis).
14:07:23.488 [Test worker] DEBUG o.s.w.c.RestTemplate - HTTP GET http://localhost:60484/foo/bar
14:07:23.488 [Test worker] DEBUG o.s.w.c.RestTemplate - Accept=[text/plain, application/json, application/x-jackson-smile, application/*+json, */*]
14:07:23.490 [qtp1130605996-347] DEBUG o.s.w.s.a.HttpWebHandlerAdapter - [69d45ed] HTTP GET "/foo/bar"
14:07:23.493 [qtp1130605996-347] DEBUG o.s.w.r.f.s.s.RouterFunctionMapping - [69d45ed] Mapped to org.springframework.web.reactive.function.server.support.DispatcherHandlerIntegrationTests$TestConfiguration$$Lambda$1175/1763171604@25b93799
14:07:23.495 [qtp1130605996-347] DEBUG o.s.w.s.a.HttpWebHandlerAdapter - [69d45ed] Completed 200 OK
14:07:23.496 [Test worker] DEBUG o.s.w.c.RestTemplate - Response 200 OK
14:07:23.496 [Test worker] DEBUG o.s.w.t.h.s.r.b.JettyHttpServer - Stopping JettyHttpServer...
14:07:23.496 [Test worker] INFO  o.e.j.s.h.ContextHandler - Stopped o.e.j.s.ServletContextHandler@29120f9c{/,null,UNAVAILABLE}
14:07:23.498 [Test worker] INFO  o.e.j.s.AbstractConnector - Stopped ServerConnector@119a1bbd{HTTP/1.1, (http/1.1)}{0.0.0.0:0}
14:07:23.508 [Test worker] DEBUG o.s.w.t.h.s.r.b.JettyHttpServer - Server stopped (0 millis).
14:07:23.609 [Test worker] DEBUG o.s.w.r.f.s.s.RouterFunctionMapping - 1 RouterFunction(s) in 'routerFunctionMapping'
14:07:23.667 [Test worker] DEBUG o.s.w.r.r.m.a.ControllerMethodResolver - ControllerAdvice beans: none
14:07:23.730 [Test worker] DEBUG o.s.w.s.a.HttpWebHandlerAdapter - enableLoggingRequestDetails='false': form data and headers will be masked to prevent unsafe logging of potentially sensitive data
14:07:23.730 [Test worker] DEBUG o.s.w.t.h.s.r.b.ReactorHttpServer - Starting ReactorHttpServer...
14:07:23.732 [Test worker] DEBUG o.s.w.t.h.s.r.b.ReactorHttpServer - Server started on port 60486(0 millis).
14:07:23.732 [Test worker] DEBUG o.s.w.c.RestTemplate - HTTP GET http://localhost:60486/foo/bar
14:07:23.733 [Test worker] DEBUG o.s.w.c.RestTemplate - Accept=[text/plain, application/json, application/x-jackson-smile, application/*+json, */*]
14:07:23.735 [reactor-http-nio-6] DEBUG o.s.w.s.a.HttpWebHandlerAdapter - [509ca16a-7] HTTP GET "/foo/bar"
14:07:23.736 [reactor-http-nio-6] DEBUG o.s.w.r.f.s.s.RouterFunctionMapping - [509ca16a-7] Mapped to org.springframework.web.reactive.function.server.support.DispatcherHandlerIntegrationTests$TestConfiguration$$Lambda$1175/1763171604@7759e7d
14:07:23.736 [reactor-http-nio-6] DEBUG o.s.w.s.a.HttpWebHandlerAdapter - [509ca16a-7] Completed 200 OK
14:07:23.738 [Test worker] DEBUG o.s.w.c.RestTemplate - Response 200 OK
14:07:23.738 [Test worker] DEBUG o.s.w.t.h.s.r.b.ReactorHttpServer - Stopping ReactorHttpServer...
14:07:23.739 [Test worker] DEBUG o.s.w.t.h.s.r.b.ReactorHttpServer - Server stopped (0 millis).
14:07:23.874 [Test worker] DEBUG o.s.w.r.f.s.s.RouterFunctionMapping - 1 RouterFunction(s) in 'routerFunctionMapping'
14:07:23.924 [Test worker] DEBUG o.s.w.r.r.m.a.ControllerMethodResolver - ControllerAdvice beans: none
14:07:23.946 [Test worker] DEBUG o.s.w.s.a.HttpWebHandlerAdapter - enableLoggingRequestDetails='false': form data and headers will be masked to prevent unsafe logging of potentially sensitive data
14:07:23.947 [Test worker] DEBUG o.s.w.t.h.s.r.b.TomcatHttpServer - Starting TomcatHttpServer...
14:07:23.958 [Test worker] DEBUG o.s.w.t.h.s.r.b.TomcatHttpServer - Server started on port 60490(0 millis).
14:07:23.959 [Test worker] DEBUG o.s.w.c.RestTemplate - HTTP GET http://localhost:60490/foo/bar
14:07:23.959 [Test worker] DEBUG o.s.w.c.RestTemplate - Accept=[text/plain, application/json, application/x-jackson-smile, application/*+json, */*]
14:07:23.963 [http-nio-auto-7-exec-1] DEBUG o.s.w.s.a.HttpWebHandlerAdapter - [7064fb2e] HTTP GET "/foo/bar"
14:07:23.964 [http-nio-auto-7-exec-1] DEBUG o.s.w.r.f.s.s.RouterFunctionMapping - [7064fb2e] Mapped to org.springframework.web.reactive.function.server.support.DispatcherHandlerIntegrationTests$TestConfiguration$$Lambda$1175/1763171604@7ea31b52
14:07:23.965 [http-nio-auto-7-exec-1] DEBUG o.s.w.s.a.HttpWebHandlerAdapter - [7064fb2e] Completed 200 OK
14:07:23.966 [Test worker] DEBUG o.s.w.c.RestTemplate - Response 200 OK
14:07:23.968 [Test worker] DEBUG o.s.w.t.h.s.r.b.TomcatHttpServer - Stopping TomcatHttpServer...
14:07:23.981 [Test worker] DEBUG o.s.w.t.h.s.r.b.TomcatHttpServer - Server stopped (0 millis).
14:07:24.194 [Test worker] DEBUG o.s.w.r.f.s.s.RouterFunctionMapping - 1 RouterFunction(s) in 'routerFunctionMapping'
14:07:24.275 [Test worker] DEBUG o.s.w.r.r.m.a.ControllerMethodResolver - ControllerAdvice beans: none
14:07:24.347 [Test worker] DEBUG o.s.w.s.a.HttpWebHandlerAdapter - enableLoggingRequestDetails='false': form data and headers will be masked to prevent unsafe logging of potentially sensitive data
14:07:24.347 [Test worker] DEBUG o.s.w.t.h.s.r.b.UndertowHttpServer - Starting UndertowHttpServer...
14:07:24.347 [Test worker] INFO  i.undertow - starting server: Undertow - 2.1.3.Final
14:07:24.359 [Test worker] DEBUG o.s.w.t.h.s.r.b.UndertowHttpServer - Server started on port 60501(0 millis).
14:07:24.359 [Test worker] DEBUG o.s.w.c.RestTemplate - HTTP GET http://localhost:60501/foo/bar
14:07:24.359 [Test worker] DEBUG o.s.w.c.RestTemplate - Accept=[text/plain, application/json, application/x-jackson-smile, application/*+json, */*]
14:07:24.362 [XNIO-7 I/O-2] DEBUG o.s.w.s.a.HttpWebHandlerAdapter - [127ca962] HTTP GET "/foo/bar"
14:07:24.363 [XNIO-7 I/O-2] DEBUG o.s.w.r.f.s.s.RouterFunctionMapping - [127ca962] Mapped to org.springframework.web.reactive.function.server.support.DispatcherHandlerIntegrationTests$TestConfiguration$$Lambda$1175/1763171604@1cbb555d
14:07:24.363 [XNIO-7 I/O-2] DEBUG o.s.w.s.a.HttpWebHandlerAdapter - [127ca962] Completed 200 OK
14:07:24.364 [Test worker] DEBUG o.s.w.c.RestTemplate - Response 200 OK
14:07:24.364 [Test worker] DEBUG o.s.w.t.h.s.r.b.UndertowHttpServer - Stopping UndertowHttpServer...
14:07:24.364 [Test worker] INFO  i.undertow - stopping server: Undertow - 2.1.3.Final
14:07:24.366 [Test worker] DEBUG o.s.w.t.h.s.r.b.UndertowHttpServer - Server stopped (0 millis).
]]></system-out>
  <system-err><![CDATA[]]></system-err>
</testsuite>
