<?xml version="1.0" encoding="UTF-8"?>
<testsuite name="org.springframework.web.reactive.function.client.DefaultClientRequestBuilderTests" tests="8" skipped="0" failures="0" errors="0" timestamp="2020-06-22T06:07:01" hostname="aiguoxindeMacBook-Pro.local" time="0.725">
  <properties/>
  <testcase name="cookie()" classname="org.springframework.web.reactive.function.client.DefaultClientRequestBuilderTests" time="0.592"/>
  <testcase name="method()" classname="org.springframework.web.reactive.function.client.DefaultClientRequestBuilderTests" time="0.001"/>
  <testcase name="url()" classname="org.springframework.web.reactive.function.client.DefaultClientRequestBuilderTests" time="0.003"/>
  <testcase name="from()" classname="org.springframework.web.reactive.function.client.DefaultClientRequestBuilderTests" time="0.005"/>
  <testcase name="build()" classname="org.springframework.web.reactive.function.client.DefaultClientRequestBuilderTests" time="0.023"/>
  <testcase name="bodyParameterizedTypeReference()" classname="org.springframework.web.reactive.function.client.DefaultClientRequestBuilderTests" time="0.087"/>
  <testcase name="bodyInserter()" classname="org.springframework.web.reactive.function.client.DefaultClientRequestBuilderTests" time="0.002"/>
  <testcase name="bodyClass()" classname="org.springframework.web.reactive.function.client.DefaultClientRequestBuilderTests" time="0.01"/>
  <system-out><![CDATA[14:07:02.014 [Test worker] DEBUG o.s.c.c.CharSequenceEncoder - [37ede96c] Writing "foo"
14:07:02.034 [Test worker] DEBUG o.s.c.c.CharSequenceEncoder - [2777a00d] Writing "foo"
]]></system-out>
  <system-err><![CDATA[]]></system-err>
</testsuite>
