<?xml version="1.0" encoding="UTF-8"?>
<testsuite name="org.springframework.web.reactive.resource.ResourceUrlProviderTests" tests="5" skipped="0" failures="0" errors="0" timestamp="2020-06-22T06:07:37" hostname="aiguoxindeMacBook-Pro.local" time="0.182">
  <properties/>
  <testcase name="getStaticResourceUrl()" classname="org.springframework.web.reactive.resource.ResourceUrlProviderTests" time="0.001"/>
  <testcase name="getVersionedResourceUrl()" classname="org.springframework.web.reactive.resource.ResourceUrlProviderTests" time="0.003"/>
  <testcase name="getStaticResourceUrlRequestWithQueryOrHash()" classname="org.springframework.web.reactive.resource.ResourceUrlProviderTests" time="0.002"/>
  <testcase name="bestPatternMatch()" classname="org.springframework.web.reactive.resource.ResourceUrlProviderTests" time="0.004"/>
  <testcase name="initializeOnce()" classname="org.springframework.web.reactive.resource.ResourceUrlProviderTests" time="0.17"/>
  <system-out><![CDATA[14:07:38.001 [Test worker] DEBUG o.s.w.c.s.AnnotationConfigWebApplicationContext - Refreshing Root WebApplicationContext
14:07:38.082 [Test worker] DEBUG o.s.w.c.s.AnnotationConfigWebApplicationContext - Registering component classes: [class org.springframework.web.reactive.resource.ResourceUrlProviderTests$HandlerMappingConfiguration]
14:07:38.104 [Test worker] DEBUG o.s.w.r.h.SimpleUrlHandlerMapping - Patterns [/resources/**] in 'simpleUrlHandlerMapping'
]]></system-out>
  <system-err><![CDATA[]]></system-err>
</testsuite>
