<?xml version="1.0" encoding="UTF-8"?>
<testsuite name="org.springframework.web.reactive.result.method.annotation.RequestMappingExceptionHandlingIntegrationTests" tests="24" skipped="0" failures="0" errors="0" timestamp="2020-06-22T06:07:32" hostname="aiguoxindeMacBook-Pro.local" time="9.208">
  <properties/>
  <testcase name="errorBeforeFirstItem(HttpServer)[1]" classname="org.springframework.web.reactive.result.method.annotation.RequestMappingExceptionHandlingIntegrationTests" time="0.517"/>
  <testcase name="errorBeforeFirstItem(HttpServer)[2]" classname="org.springframework.web.reactive.result.method.annotation.RequestMappingExceptionHandlingIntegrationTests" time="0.369"/>
  <testcase name="errorBeforeFirstItem(HttpServer)[3]" classname="org.springframework.web.reactive.result.method.annotation.RequestMappingExceptionHandlingIntegrationTests" time="0.35"/>
  <testcase name="errorBeforeFirstItem(HttpServer)[4]" classname="org.springframework.web.reactive.result.method.annotation.RequestMappingExceptionHandlingIntegrationTests" time="0.334"/>
  <testcase name="thrownExceptionWithCauseToHandle(HttpServer)[1]" classname="org.springframework.web.reactive.result.method.annotation.RequestMappingExceptionHandlingIntegrationTests" time="0.275"/>
  <testcase name="thrownExceptionWithCauseToHandle(HttpServer)[2]" classname="org.springframework.web.reactive.result.method.annotation.RequestMappingExceptionHandlingIntegrationTests" time="0.234"/>
  <testcase name="thrownExceptionWithCauseToHandle(HttpServer)[3]" classname="org.springframework.web.reactive.result.method.annotation.RequestMappingExceptionHandlingIntegrationTests" time="0.271"/>
  <testcase name="thrownExceptionWithCauseToHandle(HttpServer)[4]" classname="org.springframework.web.reactive.result.method.annotation.RequestMappingExceptionHandlingIntegrationTests" time="0.341"/>
  <testcase name="exceptionFromMethodWithProducesCondition(HttpServer)[1]" classname="org.springframework.web.reactive.result.method.annotation.RequestMappingExceptionHandlingIntegrationTests" time="0.307"/>
  <testcase name="exceptionFromMethodWithProducesCondition(HttpServer)[2]" classname="org.springframework.web.reactive.result.method.annotation.RequestMappingExceptionHandlingIntegrationTests" time="0.299"/>
  <testcase name="exceptionFromMethodWithProducesCondition(HttpServer)[3]" classname="org.springframework.web.reactive.result.method.annotation.RequestMappingExceptionHandlingIntegrationTests" time="0.28"/>
  <testcase name="exceptionFromMethodWithProducesCondition(HttpServer)[4]" classname="org.springframework.web.reactive.result.method.annotation.RequestMappingExceptionHandlingIntegrationTests" time="0.299"/>
  <testcase name="thrownException(HttpServer)[1]" classname="org.springframework.web.reactive.result.method.annotation.RequestMappingExceptionHandlingIntegrationTests" time="0.266"/>
  <testcase name="thrownException(HttpServer)[2]" classname="org.springframework.web.reactive.result.method.annotation.RequestMappingExceptionHandlingIntegrationTests" time="0.286"/>
  <testcase name="thrownException(HttpServer)[3]" classname="org.springframework.web.reactive.result.method.annotation.RequestMappingExceptionHandlingIntegrationTests" time="0.293"/>
  <testcase name="thrownException(HttpServer)[4]" classname="org.springframework.web.reactive.result.method.annotation.RequestMappingExceptionHandlingIntegrationTests" time="0.414"/>
  <testcase name="exceptionAfterSeveralItems(HttpServer)[1]" classname="org.springframework.web.reactive.result.method.annotation.RequestMappingExceptionHandlingIntegrationTests" time="0.571"/>
  <testcase name="exceptionAfterSeveralItems(HttpServer)[2]" classname="org.springframework.web.reactive.result.method.annotation.RequestMappingExceptionHandlingIntegrationTests" time="0.859"/>
  <testcase name="exceptionAfterSeveralItems(HttpServer)[3]" classname="org.springframework.web.reactive.result.method.annotation.RequestMappingExceptionHandlingIntegrationTests" time="0.169"/>
  <testcase name="exceptionAfterSeveralItems(HttpServer)[4]" classname="org.springframework.web.reactive.result.method.annotation.RequestMappingExceptionHandlingIntegrationTests" time="0.373"/>
  <testcase name="thrownExceptionWithCause(HttpServer)[1]" classname="org.springframework.web.reactive.result.method.annotation.RequestMappingExceptionHandlingIntegrationTests" time="0.271"/>
  <testcase name="thrownExceptionWithCause(HttpServer)[2]" classname="org.springframework.web.reactive.result.method.annotation.RequestMappingExceptionHandlingIntegrationTests" time="0.303"/>
  <testcase name="thrownExceptionWithCause(HttpServer)[3]" classname="org.springframework.web.reactive.result.method.annotation.RequestMappingExceptionHandlingIntegrationTests" time="0.313"/>
  <testcase name="thrownExceptionWithCause(HttpServer)[4]" classname="org.springframework.web.reactive.result.method.annotation.RequestMappingExceptionHandlingIntegrationTests" time="0.374"/>
  <system-out><![CDATA[14:07:32.973 [Test worker] DEBUG o.s.w.r.r.m.a.RequestMappingHandlerMapping - 6 mappings in 'requestMappingHandlerMapping'
14:07:33.110 [Test worker] DEBUG o.s.w.r.r.m.a.ControllerMethodResolver - ControllerAdvice beans: none
14:07:33.256 [Test worker] DEBUG o.s.w.s.a.HttpWebHandlerAdapter - enableLoggingRequestDetails='false': form data and headers will be masked to prevent unsafe logging of potentially sensitive data
14:07:33.256 [Test worker] WARN  o.e.j.s.h.ContextHandler - Empty contextPath
14:07:33.257 [Test worker] INFO  o.e.j.s.h.ContextHandler - Started o.e.j.s.ServletContextHandler@24ff77d3{/,null,AVAILABLE}
14:07:33.257 [Test worker] DEBUG o.s.w.t.h.s.r.b.JettyHttpServer - Starting JettyHttpServer...
14:07:33.257 [Test worker] INFO  o.e.j.s.Server - jetty-9.4.30.v20200611; built: 2020-06-11T12:34:51.929Z; git: 271836e4c1f4612f12b7bb13ef5a92a927634b0d; jvm 1.8.0_73-b02
14:07:33.261 [Test worker] INFO  o.e.j.s.AbstractConnector - Started ServerConnector@3864cd1a{HTTP/1.1, (http/1.1)}{0.0.0.0:60670}
14:07:33.261 [Test worker] INFO  o.e.j.s.Server - Started @52985ms
14:07:33.261 [Test worker] DEBUG o.s.w.t.h.s.r.b.JettyHttpServer - Server started on port 60670(0 millis).
14:07:33.262 [Test worker] DEBUG o.s.w.c.RestTemplate - HTTP GET http://localhost:60670/mono-error
14:07:33.262 [Test worker] DEBUG o.s.w.c.RestTemplate - Accept=[text/plain, application/json, application/x-jackson-smile, application/*+json, */*]
14:07:33.265 [qtp1416478517-481] DEBUG o.s.w.s.a.HttpWebHandlerAdapter - [6061b299] HTTP GET "/mono-error"
14:07:33.265 [qtp1416478517-481] DEBUG o.s.w.r.r.m.a.RequestMappingHandlerMapping - [6061b299] Mapped to org.springframework.web.reactive.result.method.annotation.RequestMappingExceptionHandlingIntegrationTests$TestController#handleWithError()
14:07:33.267 [qtp1416478517-481] DEBUG o.s.w.r.r.m.a.ResponseBodyResultHandler - Using 'text/plain;charset=UTF-8' given [text/plain, application/json, application/x-jackson-smile, application/*+json, */*] and supported [text/plain;charset=UTF-8, text/event-stream, text/plain;charset=UTF-8, */*]
14:07:33.267 [qtp1416478517-481] DEBUG o.s.w.r.r.m.a.ResponseBodyResultHandler - [6061b299] 0..1 [java.lang.String]
14:07:33.268 [qtp1416478517-481] DEBUG o.s.w.r.r.m.a.RequestMappingHandlerAdapter - [6061b299] Using @ExceptionHandler org.springframework.web.reactive.result.method.annotation.RequestMappingExceptionHandlingIntegrationTests$TestController#handleArgumentException(IllegalArgumentException)
14:07:33.269 [qtp1416478517-481] DEBUG o.s.w.r.r.m.a.ResponseBodyResultHandler - Using 'text/plain;charset=UTF-8' given [text/plain, application/json, application/x-jackson-smile, application/*+json, */*] and supported [text/plain;charset=UTF-8, text/event-stream, text/plain;charset=UTF-8, */*]
14:07:33.269 [qtp1416478517-481] DEBUG o.s.w.r.r.m.a.ResponseBodyResultHandler - [6061b299] 0..1 [java.lang.String]
14:07:33.269 [qtp1416478517-481] DEBUG o.s.c.c.CharSequenceEncoder - [6061b299] Writing "Recovered from error: Argument"
14:07:33.270 [qtp1416478517-481] DEBUG o.s.w.s.a.HttpWebHandlerAdapter - [6061b299] Completed 200 OK
14:07:33.270 [Test worker] DEBUG o.s.w.c.RestTemplate - Response 200 OK
14:07:33.270 [Test worker] DEBUG o.s.w.c.RestTemplate - Reading to [java.lang.String] as "text/plain;charset=utf-8"
14:07:33.271 [Test worker] DEBUG o.s.w.t.h.s.r.b.JettyHttpServer - Stopping JettyHttpServer...
14:07:33.271 [Test worker] INFO  o.e.j.s.h.ContextHandler - Stopped o.e.j.s.ServletContextHandler@24ff77d3{/,null,UNAVAILABLE}
14:07:33.274 [Test worker] INFO  o.e.j.s.AbstractConnector - Stopped ServerConnector@3864cd1a{HTTP/1.1, (http/1.1)}{0.0.0.0:0}
14:07:33.284 [Test worker] DEBUG o.s.w.t.h.s.r.b.JettyHttpServer - Server stopped (0 millis).
14:07:33.510 [Test worker] DEBUG o.s.w.r.r.m.a.RequestMappingHandlerMapping - 6 mappings in 'requestMappingHandlerMapping'
14:07:33.574 [Test worker] DEBUG o.s.w.r.r.m.a.ControllerMethodResolver - ControllerAdvice beans: none
14:07:33.656 [Test worker] DEBUG o.s.w.s.a.HttpWebHandlerAdapter - enableLoggingRequestDetails='false': form data and headers will be masked to prevent unsafe logging of potentially sensitive data
14:07:33.656 [Test worker] DEBUG o.s.w.t.h.s.r.b.ReactorHttpServer - Starting ReactorHttpServer...
14:07:33.657 [Test worker] DEBUG o.s.w.t.h.s.r.b.ReactorHttpServer - Server started on port 60682(0 millis).
14:07:33.658 [Test worker] DEBUG o.s.w.c.RestTemplate - HTTP GET http://localhost:60682/mono-error
14:07:33.658 [Test worker] DEBUG o.s.w.c.RestTemplate - Accept=[text/plain, application/json, application/x-jackson-smile, application/*+json, */*]
14:07:33.660 [reactor-http-nio-6] DEBUG o.s.w.s.a.HttpWebHandlerAdapter - [2f1174da-11] HTTP GET "/mono-error"
14:07:33.661 [reactor-http-nio-6] DEBUG o.s.w.r.r.m.a.RequestMappingHandlerMapping - [2f1174da-11] Mapped to org.springframework.web.reactive.result.method.annotation.RequestMappingExceptionHandlingIntegrationTests$TestController#handleWithError()
14:07:33.662 [reactor-http-nio-6] DEBUG o.s.w.r.r.m.a.ResponseBodyResultHandler - Using 'text/plain;charset=UTF-8' given [text/plain, application/json, application/x-jackson-smile, application/*+json, */*] and supported [text/plain;charset=UTF-8, text/event-stream, text/plain;charset=UTF-8, */*]
14:07:33.662 [reactor-http-nio-6] DEBUG o.s.w.r.r.m.a.ResponseBodyResultHandler - [2f1174da-11] 0..1 [java.lang.String]
14:07:33.663 [reactor-http-nio-6] DEBUG o.s.w.r.r.m.a.RequestMappingHandlerAdapter - [2f1174da-11] Using @ExceptionHandler org.springframework.web.reactive.result.method.annotation.RequestMappingExceptionHandlingIntegrationTests$TestController#handleArgumentException(IllegalArgumentException)
14:07:33.663 [reactor-http-nio-6] DEBUG o.s.w.r.r.m.a.ResponseBodyResultHandler - Using 'text/plain;charset=UTF-8' given [text/plain, application/json, application/x-jackson-smile, application/*+json, */*] and supported [text/plain;charset=UTF-8, text/event-stream, text/plain;charset=UTF-8, */*]
14:07:33.663 [reactor-http-nio-6] DEBUG o.s.w.r.r.m.a.ResponseBodyResultHandler - [2f1174da-11] 0..1 [java.lang.String]
14:07:33.663 [reactor-http-nio-6] DEBUG o.s.c.c.CharSequenceEncoder - [2f1174da-11] Writing "Recovered from error: Argument"
14:07:33.665 [reactor-http-nio-6] DEBUG o.s.w.s.a.HttpWebHandlerAdapter - [2f1174da-11] Completed 200 OK
14:07:33.690 [Test worker] DEBUG o.s.w.c.RestTemplate - Response 200 OK
14:07:33.691 [Test worker] DEBUG o.s.w.c.RestTemplate - Reading to [java.lang.String] as "text/plain;charset=UTF-8"
14:07:33.691 [Test worker] DEBUG o.s.w.t.h.s.r.b.ReactorHttpServer - Stopping ReactorHttpServer...
14:07:33.691 [Test worker] DEBUG o.s.w.t.h.s.r.b.ReactorHttpServer - Server stopped (0 millis).
14:07:33.844 [Test worker] DEBUG o.s.w.r.r.m.a.RequestMappingHandlerMapping - 6 mappings in 'requestMappingHandlerMapping'
14:07:33.971 [Test worker] DEBUG o.s.w.r.r.m.a.ControllerMethodResolver - ControllerAdvice beans: none
14:07:34.043 [Test worker] DEBUG o.s.w.s.a.HttpWebHandlerAdapter - enableLoggingRequestDetails='false': form data and headers will be masked to prevent unsafe logging of potentially sensitive data
14:07:34.044 [Test worker] DEBUG o.s.w.t.h.s.r.b.TomcatHttpServer - Starting TomcatHttpServer...
14:07:34.059 [Test worker] DEBUG o.s.w.t.h.s.r.b.TomcatHttpServer - Server started on port 60693(0 millis).
14:07:34.059 [Test worker] DEBUG o.s.w.c.RestTemplate - HTTP GET http://localhost:60693/mono-error
14:07:34.059 [Test worker] DEBUG o.s.w.c.RestTemplate - Accept=[text/plain, application/json, application/x-jackson-smile, application/*+json, */*]
14:07:34.064 [http-nio-auto-11-exec-1] DEBUG o.s.w.s.a.HttpWebHandlerAdapter - [17ad4006] HTTP GET "/mono-error"
14:07:34.065 [http-nio-auto-11-exec-1] DEBUG o.s.w.r.r.m.a.RequestMappingHandlerMapping - [17ad4006] Mapped to org.springframework.web.reactive.result.method.annotation.RequestMappingExceptionHandlingIntegrationTests$TestController#handleWithError()
14:07:34.066 [http-nio-auto-11-exec-1] DEBUG o.s.w.r.r.m.a.ResponseBodyResultHandler - Using 'text/plain;charset=UTF-8' given [text/plain, application/json, application/x-jackson-smile, application/*+json, */*] and supported [text/plain;charset=UTF-8, text/event-stream, text/plain;charset=UTF-8, */*]
14:07:34.066 [http-nio-auto-11-exec-1] DEBUG o.s.w.r.r.m.a.ResponseBodyResultHandler - [17ad4006] 0..1 [java.lang.String]
14:07:34.067 [http-nio-auto-11-exec-1] DEBUG o.s.w.r.r.m.a.RequestMappingHandlerAdapter - [17ad4006] Using @ExceptionHandler org.springframework.web.reactive.result.method.annotation.RequestMappingExceptionHandlingIntegrationTests$TestController#handleArgumentException(IllegalArgumentException)
14:07:34.067 [http-nio-auto-11-exec-1] DEBUG o.s.w.r.r.m.a.ResponseBodyResultHandler - Using 'text/plain;charset=UTF-8' given [text/plain, application/json, application/x-jackson-smile, application/*+json, */*] and supported [text/plain;charset=UTF-8, text/event-stream, text/plain;charset=UTF-8, */*]
14:07:34.067 [http-nio-auto-11-exec-1] DEBUG o.s.w.r.r.m.a.ResponseBodyResultHandler - [17ad4006] 0..1 [java.lang.String]
14:07:34.067 [http-nio-auto-11-exec-1] DEBUG o.s.c.c.CharSequenceEncoder - [17ad4006] Writing "Recovered from error: Argument"
14:07:34.068 [http-nio-auto-11-exec-1] DEBUG o.s.w.s.a.HttpWebHandlerAdapter - [17ad4006] Completed 200 OK
14:07:34.069 [Test worker] DEBUG o.s.w.c.RestTemplate - Response 200 OK
14:07:34.069 [Test worker] DEBUG o.s.w.c.RestTemplate - Reading to [java.lang.String] as "text/plain;charset=UTF-8"
14:07:34.070 [Test worker] DEBUG o.s.w.t.h.s.r.b.TomcatHttpServer - Stopping TomcatHttpServer...
14:07:34.088 [Test worker] DEBUG o.s.w.t.h.s.r.b.TomcatHttpServer - Server stopped (0 millis).
14:07:34.305 [Test worker] DEBUG o.s.w.r.r.m.a.RequestMappingHandlerMapping - 6 mappings in 'requestMappingHandlerMapping'
14:07:34.420 [Test worker] DEBUG o.s.w.r.r.m.a.ControllerMethodResolver - ControllerAdvice beans: none
14:07:34.479 [Test worker] DEBUG o.s.w.s.a.HttpWebHandlerAdapter - enableLoggingRequestDetails='false': form data and headers will be masked to prevent unsafe logging of potentially sensitive data
14:07:34.479 [Test worker] DEBUG o.s.w.t.h.s.r.b.UndertowHttpServer - Starting UndertowHttpServer...
14:07:34.479 [Test worker] INFO  i.undertow - starting server: Undertow - 2.1.3.Final
14:07:34.488 [Test worker] DEBUG o.s.w.t.h.s.r.b.UndertowHttpServer - Server started on port 60700(0 millis).
14:07:34.489 [Test worker] DEBUG o.s.w.c.RestTemplate - HTTP GET http://localhost:60700/mono-error
14:07:34.489 [Test worker] DEBUG o.s.w.c.RestTemplate - Accept=[text/plain, application/json, application/x-jackson-smile, application/*+json, */*]
14:07:34.492 [XNIO-11 I/O-7] DEBUG o.s.w.s.a.HttpWebHandlerAdapter - [2c6d9508] HTTP GET "/mono-error"
14:07:34.493 [XNIO-11 I/O-7] DEBUG o.s.w.r.r.m.a.RequestMappingHandlerMapping - [2c6d9508] Mapped to org.springframework.web.reactive.result.method.annotation.RequestMappingExceptionHandlingIntegrationTests$TestController#handleWithError()
14:07:34.494 [XNIO-11 I/O-7] DEBUG o.s.w.r.r.m.a.ResponseBodyResultHandler - Using 'text/plain;charset=UTF-8' given [text/plain, application/json, application/x-jackson-smile, application/*+json, */*] and supported [text/plain;charset=UTF-8, text/event-stream, text/plain;charset=UTF-8, */*]
14:07:34.494 [XNIO-11 I/O-7] DEBUG o.s.w.r.r.m.a.ResponseBodyResultHandler - [2c6d9508] 0..1 [java.lang.String]
14:07:34.494 [XNIO-11 I/O-7] DEBUG o.s.w.r.r.m.a.RequestMappingHandlerAdapter - [2c6d9508] Using @ExceptionHandler org.springframework.web.reactive.result.method.annotation.RequestMappingExceptionHandlingIntegrationTests$TestController#handleArgumentException(IllegalArgumentException)
14:07:34.495 [XNIO-11 I/O-7] DEBUG o.s.w.r.r.m.a.ResponseBodyResultHandler - Using 'text/plain;charset=UTF-8' given [text/plain, application/json, application/x-jackson-smile, application/*+json, */*] and supported [text/plain;charset=UTF-8, text/event-stream, text/plain;charset=UTF-8, */*]
14:07:34.495 [XNIO-11 I/O-7] DEBUG o.s.w.r.r.m.a.ResponseBodyResultHandler - [2c6d9508] 0..1 [java.lang.String]
14:07:34.495 [XNIO-11 I/O-7] DEBUG o.s.c.c.CharSequenceEncoder - [2c6d9508] Writing "Recovered from error: Argument"
14:07:34.495 [XNIO-11 I/O-7] DEBUG o.s.w.s.a.HttpWebHandlerAdapter - [2c6d9508] Completed 200 OK
14:07:34.496 [Test worker] DEBUG o.s.w.c.RestTemplate - Response 200 OK
14:07:34.496 [Test worker] DEBUG o.s.w.c.RestTemplate - Reading to [java.lang.String] as "text/plain;charset=UTF-8"
14:07:34.496 [Test worker] DEBUG o.s.w.t.h.s.r.b.UndertowHttpServer - Stopping UndertowHttpServer...
14:07:34.496 [Test worker] INFO  i.undertow - stopping server: Undertow - 2.1.3.Final
14:07:34.498 [Test worker] DEBUG o.s.w.t.h.s.r.b.UndertowHttpServer - Server stopped (0 millis).
14:07:34.676 [Test worker] DEBUG o.s.w.r.r.m.a.RequestMappingHandlerMapping - 6 mappings in 'requestMappingHandlerMapping'
14:07:34.767 [Test worker] DEBUG o.s.w.r.r.m.a.ControllerMethodResolver - ControllerAdvice beans: none
14:07:34.805 [Test worker] DEBUG o.s.w.s.a.HttpWebHandlerAdapter - enableLoggingRequestDetails='false': form data and headers will be masked to prevent unsafe logging of potentially sensitive data
14:07:34.806 [Test worker] WARN  o.e.j.s.h.ContextHandler - Empty contextPath
14:07:34.806 [Test worker] INFO  o.e.j.s.h.ContextHandler - Started o.e.j.s.ServletContextHandler@1767b9d3{/,null,AVAILABLE}
14:07:34.806 [Test worker] DEBUG o.s.w.t.h.s.r.b.JettyHttpServer - Starting JettyHttpServer...
14:07:34.806 [Test worker] INFO  o.e.j.s.Server - jetty-9.4.30.v20200611; built: 2020-06-11T12:34:51.929Z; git: 271836e4c1f4612f12b7bb13ef5a92a927634b0d; jvm 1.8.0_73-b02
14:07:34.809 [Test worker] INFO  o.e.j.s.AbstractConnector - Started ServerConnector@1ece457d{HTTP/1.1, (http/1.1)}{0.0.0.0:60708}
14:07:34.809 [Test worker] INFO  o.e.j.s.Server - Started @54533ms
14:07:34.810 [Test worker] DEBUG o.s.w.t.h.s.r.b.JettyHttpServer - Server started on port 60708(0 millis).
14:07:34.810 [Test worker] DEBUG o.s.w.c.RestTemplate - HTTP GET http://localhost:60708/thrown-exception-with-cause-to-handle
14:07:34.810 [Test worker] DEBUG o.s.w.c.RestTemplate - Accept=[text/plain, application/json, application/x-jackson-smile, application/*+json, */*]
14:07:34.813 [qtp579790687-514] DEBUG o.s.w.s.a.HttpWebHandlerAdapter - [508f3af4] HTTP GET "/thrown-exception-with-cause-to-handle"
14:07:34.813 [qtp579790687-514] DEBUG o.s.w.r.r.m.a.RequestMappingHandlerMapping - [508f3af4] Mapped to org.springframework.web.reactive.result.method.annotation.RequestMappingExceptionHandlingIntegrationTests$TestController#handleAndThrowExceptionWithCauseToHandle()
14:07:34.814 [qtp579790687-514] DEBUG o.s.w.r.r.m.a.RequestMappingHandlerAdapter - [508f3af4] Using @ExceptionHandler org.springframework.web.reactive.result.method.annotation.RequestMappingExceptionHandlingIntegrationTests$TestController#handleArgumentException(IOException)
14:07:34.815 [qtp579790687-514] DEBUG o.s.w.r.r.m.a.ResponseBodyResultHandler - Using 'text/plain;charset=UTF-8' given [text/plain, application/json, application/x-jackson-smile, application/*+json, */*] and supported [text/plain;charset=UTF-8, text/event-stream, text/plain;charset=UTF-8, */*]
14:07:34.815 [qtp579790687-514] DEBUG o.s.w.r.r.m.a.ResponseBodyResultHandler - [508f3af4] 0..1 [java.lang.String]
14:07:34.815 [qtp579790687-514] DEBUG o.s.c.c.CharSequenceEncoder - [508f3af4] Writing "Recovered from error: IO"
14:07:34.815 [Test worker] DEBUG o.s.w.c.RestTemplate - Response 200 OK
14:07:34.815 [qtp579790687-514] DEBUG o.s.w.s.a.HttpWebHandlerAdapter - [508f3af4] Completed 200 OK
14:07:34.816 [Test worker] DEBUG o.s.w.c.RestTemplate - Reading to [java.lang.String] as "text/plain;charset=utf-8"
14:07:34.816 [Test worker] DEBUG o.s.w.t.h.s.r.b.JettyHttpServer - Stopping JettyHttpServer...
14:07:34.816 [Test worker] INFO  o.e.j.s.h.ContextHandler - Stopped o.e.j.s.ServletContextHandler@1767b9d3{/,null,UNAVAILABLE}
14:07:34.817 [Test worker] INFO  o.e.j.s.AbstractConnector - Stopped ServerConnector@1ece457d{HTTP/1.1, (http/1.1)}{0.0.0.0:0}
14:07:34.828 [Test worker] DEBUG o.s.w.t.h.s.r.b.JettyHttpServer - Server stopped (0 millis).
14:07:34.962 [Test worker] DEBUG o.s.w.r.r.m.a.RequestMappingHandlerMapping - 6 mappings in 'requestMappingHandlerMapping'
14:07:35.024 [Test worker] DEBUG o.s.w.r.r.m.a.ControllerMethodResolver - ControllerAdvice beans: none
14:07:35.075 [Test worker] DEBUG o.s.w.s.a.HttpWebHandlerAdapter - enableLoggingRequestDetails='false': form data and headers will be masked to prevent unsafe logging of potentially sensitive data
14:07:35.075 [Test worker] DEBUG o.s.w.t.h.s.r.b.ReactorHttpServer - Starting ReactorHttpServer...
14:07:35.097 [Test worker] DEBUG o.s.w.t.h.s.r.b.ReactorHttpServer - Server started on port 60715(0 millis).
14:07:35.097 [Test worker] DEBUG o.s.w.c.RestTemplate - HTTP GET http://localhost:60715/thrown-exception-with-cause-to-handle
14:07:35.098 [Test worker] DEBUG o.s.w.c.RestTemplate - Accept=[text/plain, application/json, application/x-jackson-smile, application/*+json, */*]
14:07:35.100 [reactor-http-nio-8] DEBUG o.s.w.s.a.HttpWebHandlerAdapter - [84f5d786-12] HTTP GET "/thrown-exception-with-cause-to-handle"
14:07:35.101 [reactor-http-nio-8] DEBUG o.s.w.r.r.m.a.RequestMappingHandlerMapping - [84f5d786-12] Mapped to org.springframework.web.reactive.result.method.annotation.RequestMappingExceptionHandlingIntegrationTests$TestController#handleAndThrowExceptionWithCauseToHandle()
14:07:35.102 [reactor-http-nio-8] DEBUG o.s.w.r.r.m.a.RequestMappingHandlerAdapter - [84f5d786-12] Using @ExceptionHandler org.springframework.web.reactive.result.method.annotation.RequestMappingExceptionHandlingIntegrationTests$TestController#handleArgumentException(IOException)
14:07:35.102 [reactor-http-nio-8] DEBUG o.s.w.r.r.m.a.ResponseBodyResultHandler - Using 'text/plain;charset=UTF-8' given [text/plain, application/json, application/x-jackson-smile, application/*+json, */*] and supported [text/plain;charset=UTF-8, text/event-stream, text/plain;charset=UTF-8, */*]
14:07:35.102 [reactor-http-nio-8] DEBUG o.s.w.r.r.m.a.ResponseBodyResultHandler - [84f5d786-12] 0..1 [java.lang.String]
14:07:35.103 [reactor-http-nio-8] DEBUG o.s.c.c.CharSequenceEncoder - [84f5d786-12] Writing "Recovered from error: IO"
14:07:35.104 [reactor-http-nio-8] DEBUG o.s.w.s.a.HttpWebHandlerAdapter - [84f5d786-12] Completed 200 OK
14:07:35.104 [Test worker] DEBUG o.s.w.c.RestTemplate - Response 200 OK
14:07:35.104 [Test worker] DEBUG o.s.w.c.RestTemplate - Reading to [java.lang.String] as "text/plain;charset=UTF-8"
14:07:35.105 [Test worker] DEBUG o.s.w.t.h.s.r.b.ReactorHttpServer - Stopping ReactorHttpServer...
14:07:35.105 [Test worker] DEBUG o.s.w.t.h.s.r.b.ReactorHttpServer - Server stopped (0 millis).
14:07:35.226 [Test worker] DEBUG o.s.w.r.r.m.a.RequestMappingHandlerMapping - 6 mappings in 'requestMappingHandlerMapping'
14:07:35.311 [Test worker] DEBUG o.s.w.r.r.m.a.ControllerMethodResolver - ControllerAdvice beans: none
14:07:35.376 [Test worker] DEBUG o.s.w.s.a.HttpWebHandlerAdapter - enableLoggingRequestDetails='false': form data and headers will be masked to prevent unsafe logging of potentially sensitive data
14:07:35.376 [Test worker] DEBUG o.s.w.t.h.s.r.b.TomcatHttpServer - Starting TomcatHttpServer...
14:07:35.385 [Test worker] DEBUG o.s.w.t.h.s.r.b.TomcatHttpServer - Server started on port 60722(0 millis).
14:07:35.386 [Test worker] DEBUG o.s.w.c.RestTemplate - HTTP GET http://localhost:60722/thrown-exception-with-cause-to-handle
14:07:35.386 [Test worker] DEBUG o.s.w.c.RestTemplate - Accept=[text/plain, application/json, application/x-jackson-smile, application/*+json, */*]
14:07:35.391 [http-nio-auto-12-exec-1] DEBUG o.s.w.s.a.HttpWebHandlerAdapter - [38025684] HTTP GET "/thrown-exception-with-cause-to-handle"
14:07:35.391 [http-nio-auto-12-exec-1] DEBUG o.s.w.r.r.m.a.RequestMappingHandlerMapping - [38025684] Mapped to org.springframework.web.reactive.result.method.annotation.RequestMappingExceptionHandlingIntegrationTests$TestController#handleAndThrowExceptionWithCauseToHandle()
14:07:35.392 [http-nio-auto-12-exec-1] DEBUG o.s.w.r.r.m.a.RequestMappingHandlerAdapter - [38025684] Using @ExceptionHandler org.springframework.web.reactive.result.method.annotation.RequestMappingExceptionHandlingIntegrationTests$TestController#handleArgumentException(IOException)
14:07:35.393 [http-nio-auto-12-exec-1] DEBUG o.s.w.r.r.m.a.ResponseBodyResultHandler - Using 'text/plain;charset=UTF-8' given [text/plain, application/json, application/x-jackson-smile, application/*+json, */*] and supported [text/plain;charset=UTF-8, text/event-stream, text/plain;charset=UTF-8, */*]
14:07:35.393 [http-nio-auto-12-exec-1] DEBUG o.s.w.r.r.m.a.ResponseBodyResultHandler - [38025684] 0..1 [java.lang.String]
14:07:35.393 [http-nio-auto-12-exec-1] DEBUG o.s.c.c.CharSequenceEncoder - [38025684] Writing "Recovered from error: IO"
14:07:35.394 [http-nio-auto-12-exec-1] DEBUG o.s.w.s.a.HttpWebHandlerAdapter - [38025684] Completed 200 OK
14:07:35.395 [Test worker] DEBUG o.s.w.c.RestTemplate - Response 200 OK
14:07:35.395 [Test worker] DEBUG o.s.w.c.RestTemplate - Reading to [java.lang.String] as "text/plain;charset=UTF-8"
14:07:35.395 [Test worker] DEBUG o.s.w.t.h.s.r.b.TomcatHttpServer - Stopping TomcatHttpServer...
14:07:35.407 [Test worker] DEBUG o.s.w.t.h.s.r.b.TomcatHttpServer - Server stopped (0 millis).
14:07:35.583 [Test worker] DEBUG o.s.w.r.r.m.a.RequestMappingHandlerMapping - 6 mappings in 'requestMappingHandlerMapping'
14:07:35.682 [Test worker] DEBUG o.s.w.r.r.m.a.ControllerMethodResolver - ControllerAdvice beans: none
14:07:35.748 [Test worker] DEBUG o.s.w.s.a.HttpWebHandlerAdapter - enableLoggingRequestDetails='false': form data and headers will be masked to prevent unsafe logging of potentially sensitive data
14:07:35.748 [Test worker] DEBUG o.s.w.t.h.s.r.b.UndertowHttpServer - Starting UndertowHttpServer...
14:07:35.748 [Test worker] INFO  i.undertow - starting server: Undertow - 2.1.3.Final
14:07:35.752 [Test worker] DEBUG o.s.w.t.h.s.r.b.UndertowHttpServer - Server started on port 60729(0 millis).
14:07:35.752 [Test worker] DEBUG o.s.w.c.RestTemplate - HTTP GET http://localhost:60729/thrown-exception-with-cause-to-handle
14:07:35.753 [Test worker] DEBUG o.s.w.c.RestTemplate - Accept=[text/plain, application/json, application/x-jackson-smile, application/*+json, */*]
14:07:35.756 [XNIO-12 I/O-4] DEBUG o.s.w.s.a.HttpWebHandlerAdapter - [4803b493] HTTP GET "/thrown-exception-with-cause-to-handle"
14:07:35.756 [XNIO-12 I/O-4] DEBUG o.s.w.r.r.m.a.RequestMappingHandlerMapping - [4803b493] Mapped to org.springframework.web.reactive.result.method.annotation.RequestMappingExceptionHandlingIntegrationTests$TestController#handleAndThrowExceptionWithCauseToHandle()
14:07:35.757 [XNIO-12 I/O-4] DEBUG o.s.w.r.r.m.a.RequestMappingHandlerAdapter - [4803b493] Using @ExceptionHandler org.springframework.web.reactive.result.method.annotation.RequestMappingExceptionHandlingIntegrationTests$TestController#handleArgumentException(IOException)
14:07:35.758 [XNIO-12 I/O-4] DEBUG o.s.w.r.r.m.a.ResponseBodyResultHandler - Using 'text/plain;charset=UTF-8' given [text/plain, application/json, application/x-jackson-smile, application/*+json, */*] and supported [text/plain;charset=UTF-8, text/event-stream, text/plain;charset=UTF-8, */*]
14:07:35.758 [XNIO-12 I/O-4] DEBUG o.s.w.r.r.m.a.ResponseBodyResultHandler - [4803b493] 0..1 [java.lang.String]
14:07:35.758 [XNIO-12 I/O-4] DEBUG o.s.c.c.CharSequenceEncoder - [4803b493] Writing "Recovered from error: IO"
14:07:35.758 [XNIO-12 I/O-4] DEBUG o.s.w.s.a.HttpWebHandlerAdapter - [4803b493] Completed 200 OK
14:07:35.758 [Test worker] DEBUG o.s.w.c.RestTemplate - Response 200 OK
14:07:35.759 [Test worker] DEBUG o.s.w.c.RestTemplate - Reading to [java.lang.String] as "text/plain;charset=UTF-8"
14:07:35.759 [Test worker] DEBUG o.s.w.t.h.s.r.b.UndertowHttpServer - Stopping UndertowHttpServer...
14:07:35.759 [Test worker] INFO  i.undertow - stopping server: Undertow - 2.1.3.Final
14:07:35.761 [Test worker] DEBUG o.s.w.t.h.s.r.b.UndertowHttpServer - Server stopped (0 millis).
14:07:35.924 [Test worker] DEBUG o.s.w.r.r.m.a.RequestMappingHandlerMapping - 6 mappings in 'requestMappingHandlerMapping'
14:07:35.993 [Test worker] DEBUG o.s.w.r.r.m.a.ControllerMethodResolver - ControllerAdvice beans: none
14:07:36.078 [Test worker] DEBUG o.s.w.s.a.HttpWebHandlerAdapter - enableLoggingRequestDetails='false': form data and headers will be masked to prevent unsafe logging of potentially sensitive data
14:07:36.079 [Test worker] WARN  o.e.j.s.h.ContextHandler - Empty contextPath
14:07:36.079 [Test worker] INFO  o.e.j.s.h.ContextHandler - Started o.e.j.s.ServletContextHandler@14035d8{/,null,AVAILABLE}
14:07:36.079 [Test worker] DEBUG o.s.w.t.h.s.r.b.JettyHttpServer - Starting JettyHttpServer...
14:07:36.079 [Test worker] INFO  o.e.j.s.Server - jetty-9.4.30.v20200611; built: 2020-06-11T12:34:51.929Z; git: 271836e4c1f4612f12b7bb13ef5a92a927634b0d; jvm 1.8.0_73-b02
14:07:36.084 [Test worker] INFO  o.e.j.s.AbstractConnector - Started ServerConnector@5595b175{HTTP/1.1, (http/1.1)}{0.0.0.0:60737}
14:07:36.084 [Test worker] INFO  o.e.j.s.Server - Started @55808ms
14:07:36.085 [Test worker] DEBUG o.s.w.t.h.s.r.b.JettyHttpServer - Server started on port 60737(0 millis).
14:07:36.086 [Test worker] DEBUG o.s.w.c.RestTemplate - HTTP GET http://localhost:60737/SPR-16318
14:07:36.086 [Test worker] DEBUG o.s.w.c.RestTemplate - Accept=[text/plain, application/json, application/x-jackson-smile, application/*+json, */*]
14:07:36.090 [qtp1086922881-547] DEBUG o.s.w.s.a.HttpWebHandlerAdapter - [68e794f8] HTTP GET "/SPR-16318"
14:07:36.090 [qtp1086922881-547] DEBUG o.s.w.r.r.m.a.RequestMappingHandlerMapping - [68e794f8] Mapped to org.springframework.web.reactive.result.method.annotation.RequestMappingExceptionHandlingIntegrationTests$TestController#handleTextPlain()
14:07:36.091 [qtp1086922881-547] DEBUG o.s.w.r.r.m.a.ResponseBodyResultHandler - Using 'text/plain' given [text/plain, application/problem+json] and supported [text/plain]
14:07:36.092 [qtp1086922881-547] DEBUG o.s.w.r.r.m.a.ResponseBodyResultHandler - [68e794f8] 0..1 [java.lang.String]
14:07:36.092 [qtp1086922881-547] DEBUG o.s.w.r.r.m.a.RequestMappingHandlerAdapter - [68e794f8] Using @ExceptionHandler org.springframework.web.reactive.result.method.annotation.RequestMappingExceptionHandlingIntegrationTests$TestController#handle(Spr16318Exception)
14:07:36.097 [qtp1086922881-547] DEBUG o.s.w.r.r.m.a.ResponseEntityResultHandler - Using 'application/problem+json' given [text/plain, application/problem+json] and supported [application/json, application/*+json, application/x-jackson-smile, application/*+x-jackson-smile, text/event-stream]
14:07:36.097 [qtp1086922881-547] DEBUG o.s.w.r.r.m.a.ResponseEntityResultHandler - [68e794f8] 0..1 [java.util.Map<java.lang.String, java.lang.String>]
14:07:36.102 [qtp1086922881-547] DEBUG o.s.h.c.j.Jackson2JsonEncoder - [68e794f8] Encoding [{reason=error}]
14:07:36.104 [qtp1086922881-547] DEBUG o.s.w.s.a.HttpWebHandlerAdapter - [68e794f8] Completed 500 INTERNAL_SERVER_ERROR
14:07:36.104 [Test worker] DEBUG o.s.w.c.RestTemplate - Response 500 INTERNAL_SERVER_ERROR
14:07:36.109 [Test worker] DEBUG o.s.w.t.h.s.r.b.JettyHttpServer - Stopping JettyHttpServer...
14:07:36.109 [Test worker] INFO  o.e.j.s.h.ContextHandler - Stopped o.e.j.s.ServletContextHandler@14035d8{/,null,UNAVAILABLE}
14:07:36.110 [Test worker] INFO  o.e.j.s.AbstractConnector - Stopped ServerConnector@5595b175{HTTP/1.1, (http/1.1)}{0.0.0.0:0}
14:07:36.121 [Test worker] DEBUG o.s.w.t.h.s.r.b.JettyHttpServer - Server stopped (0 millis).
14:07:36.279 [Test worker] DEBUG o.s.w.r.r.m.a.RequestMappingHandlerMapping - 6 mappings in 'requestMappingHandlerMapping'
14:07:36.353 [Test worker] DEBUG o.s.w.r.r.m.a.ControllerMethodResolver - ControllerAdvice beans: none
14:07:36.468 [Test worker] DEBUG o.s.w.s.a.HttpWebHandlerAdapter - enableLoggingRequestDetails='false': form data and headers will be masked to prevent unsafe logging of potentially sensitive data
14:07:36.468 [Test worker] DEBUG o.s.w.t.h.s.r.b.ReactorHttpServer - Starting ReactorHttpServer...
14:07:36.469 [Test worker] DEBUG o.s.w.t.h.s.r.b.ReactorHttpServer - Server started on port 60744(0 millis).
14:07:36.469 [Test worker] DEBUG o.s.w.c.RestTemplate - HTTP GET http://localhost:60744/SPR-16318
14:07:36.470 [Test worker] DEBUG o.s.w.c.RestTemplate - Accept=[text/plain, application/json, application/x-jackson-smile, application/*+json, */*]
14:07:36.473 [reactor-http-nio-2] DEBUG o.s.w.s.a.HttpWebHandlerAdapter - [936bec69-13] HTTP GET "/SPR-16318"
14:07:36.474 [reactor-http-nio-2] DEBUG o.s.w.r.r.m.a.RequestMappingHandlerMapping - [936bec69-13] Mapped to org.springframework.web.reactive.result.method.annotation.RequestMappingExceptionHandlingIntegrationTests$TestController#handleTextPlain()
14:07:36.475 [reactor-http-nio-2] DEBUG o.s.w.r.r.m.a.ResponseBodyResultHandler - Using 'text/plain' given [text/plain, application/problem+json] and supported [text/plain]
14:07:36.475 [reactor-http-nio-2] DEBUG o.s.w.r.r.m.a.ResponseBodyResultHandler - [936bec69-13] 0..1 [java.lang.String]
14:07:36.475 [reactor-http-nio-2] DEBUG o.s.w.r.r.m.a.RequestMappingHandlerAdapter - [936bec69-13] Using @ExceptionHandler org.springframework.web.reactive.result.method.annotation.RequestMappingExceptionHandlingIntegrationTests$TestController#handle(Spr16318Exception)
14:07:36.476 [reactor-http-nio-2] DEBUG o.s.w.r.r.m.a.ResponseEntityResultHandler - Using 'application/problem+json' given [text/plain, application/problem+json] and supported [application/json, application/*+json, application/x-jackson-smile, application/*+x-jackson-smile, text/event-stream]
14:07:36.476 [reactor-http-nio-2] DEBUG o.s.w.r.r.m.a.ResponseEntityResultHandler - [936bec69-13] 0..1 [java.util.Map<java.lang.String, java.lang.String>]
14:07:36.476 [reactor-http-nio-2] DEBUG o.s.h.c.j.Jackson2JsonEncoder - [936bec69-13] Encoding [{reason=error}]
14:07:36.478 [reactor-http-nio-2] DEBUG o.s.w.s.a.HttpWebHandlerAdapter - [936bec69-13] Completed 500 INTERNAL_SERVER_ERROR
14:07:36.478 [Test worker] DEBUG o.s.w.c.RestTemplate - Response 500 INTERNAL_SERVER_ERROR
14:07:36.479 [Test worker] DEBUG o.s.w.t.h.s.r.b.ReactorHttpServer - Stopping ReactorHttpServer...
14:07:36.479 [Test worker] DEBUG o.s.w.t.h.s.r.b.ReactorHttpServer - Server stopped (0 millis).
14:07:36.607 [Test worker] DEBUG o.s.w.r.r.m.a.RequestMappingHandlerMapping - 6 mappings in 'requestMappingHandlerMapping'
14:07:36.696 [Test worker] DEBUG o.s.w.r.r.m.a.ControllerMethodResolver - ControllerAdvice beans: none
14:07:36.756 [Test worker] DEBUG o.s.w.s.a.HttpWebHandlerAdapter - enableLoggingRequestDetails='false': form data and headers will be masked to prevent unsafe logging of potentially sensitive data
14:07:36.757 [Test worker] DEBUG o.s.w.t.h.s.r.b.TomcatHttpServer - Starting TomcatHttpServer...
14:07:36.786 [Test worker] DEBUG o.s.w.t.h.s.r.b.TomcatHttpServer - Server started on port 60754(0 millis).
14:07:36.786 [Test worker] DEBUG o.s.w.c.RestTemplate - HTTP GET http://localhost:60754/SPR-16318
14:07:36.786 [Test worker] DEBUG o.s.w.c.RestTemplate - Accept=[text/plain, application/json, application/x-jackson-smile, application/*+json, */*]
14:07:36.791 [http-nio-auto-13-exec-1] DEBUG o.s.w.s.a.HttpWebHandlerAdapter - [5280341d] HTTP GET "/SPR-16318"
14:07:36.792 [http-nio-auto-13-exec-1] DEBUG o.s.w.r.r.m.a.RequestMappingHandlerMapping - [5280341d] Mapped to org.springframework.web.reactive.result.method.annotation.RequestMappingExceptionHandlingIntegrationTests$TestController#handleTextPlain()
14:07:36.793 [http-nio-auto-13-exec-1] DEBUG o.s.w.r.r.m.a.ResponseBodyResultHandler - Using 'text/plain' given [text/plain, application/problem+json] and supported [text/plain]
14:07:36.793 [http-nio-auto-13-exec-1] DEBUG o.s.w.r.r.m.a.ResponseBodyResultHandler - [5280341d] 0..1 [java.lang.String]
14:07:36.793 [http-nio-auto-13-exec-1] DEBUG o.s.w.r.r.m.a.RequestMappingHandlerAdapter - [5280341d] Using @ExceptionHandler org.springframework.web.reactive.result.method.annotation.RequestMappingExceptionHandlingIntegrationTests$TestController#handle(Spr16318Exception)
14:07:36.794 [http-nio-auto-13-exec-1] DEBUG o.s.w.r.r.m.a.ResponseEntityResultHandler - Using 'application/problem+json' given [text/plain, application/problem+json] and supported [application/json, application/*+json, application/x-jackson-smile, application/*+x-jackson-smile, text/event-stream]
14:07:36.794 [http-nio-auto-13-exec-1] DEBUG o.s.w.r.r.m.a.ResponseEntityResultHandler - [5280341d] 0..1 [java.util.Map<java.lang.String, java.lang.String>]
14:07:36.794 [http-nio-auto-13-exec-1] DEBUG o.s.h.c.j.Jackson2JsonEncoder - [5280341d] Encoding [{reason=error}]
14:07:36.796 [http-nio-auto-13-exec-1] DEBUG o.s.w.s.a.HttpWebHandlerAdapter - [5280341d] Completed 500 INTERNAL_SERVER_ERROR
14:07:36.797 [Test worker] DEBUG o.s.w.c.RestTemplate - Response 500 INTERNAL_SERVER_ERROR
14:07:36.799 [Test worker] DEBUG o.s.w.t.h.s.r.b.TomcatHttpServer - Stopping TomcatHttpServer...
14:07:36.808 [Test worker] DEBUG o.s.w.t.h.s.r.b.TomcatHttpServer - Server stopped (0 millis).
14:07:36.949 [Test worker] DEBUG o.s.w.r.r.m.a.RequestMappingHandlerMapping - 6 mappings in 'requestMappingHandlerMapping'
14:07:37.052 [Test worker] DEBUG o.s.w.r.r.m.a.ControllerMethodResolver - ControllerAdvice beans: none
14:07:37.086 [Test worker] DEBUG o.s.w.s.a.HttpWebHandlerAdapter - enableLoggingRequestDetails='false': form data and headers will be masked to prevent unsafe logging of potentially sensitive data
14:07:37.086 [Test worker] DEBUG o.s.w.t.h.s.r.b.UndertowHttpServer - Starting UndertowHttpServer...
14:07:37.086 [Test worker] INFO  i.undertow - starting server: Undertow - 2.1.3.Final
14:07:37.133 [Test worker] DEBUG o.s.w.t.h.s.r.b.UndertowHttpServer - Server started on port 60761(0 millis).
14:07:37.133 [Test worker] DEBUG o.s.w.c.RestTemplate - HTTP GET http://localhost:60761/SPR-16318
14:07:37.134 [Test worker] DEBUG o.s.w.c.RestTemplate - Accept=[text/plain, application/json, application/x-jackson-smile, application/*+json, */*]
14:07:37.137 [XNIO-13 I/O-7] DEBUG o.s.w.s.a.HttpWebHandlerAdapter - [2d2a146b] HTTP GET "/SPR-16318"
14:07:37.138 [XNIO-13 I/O-7] DEBUG o.s.w.r.r.m.a.RequestMappingHandlerMapping - [2d2a146b] Mapped to org.springframework.web.reactive.result.method.annotation.RequestMappingExceptionHandlingIntegrationTests$TestController#handleTextPlain()
14:07:37.139 [XNIO-13 I/O-7] DEBUG o.s.w.r.r.m.a.ResponseBodyResultHandler - Using 'text/plain' given [text/plain, application/problem+json] and supported [text/plain]
14:07:37.139 [XNIO-13 I/O-7] DEBUG o.s.w.r.r.m.a.ResponseBodyResultHandler - [2d2a146b] 0..1 [java.lang.String]
14:07:37.139 [XNIO-13 I/O-7] DEBUG o.s.w.r.r.m.a.RequestMappingHandlerAdapter - [2d2a146b] Using @ExceptionHandler org.springframework.web.reactive.result.method.annotation.RequestMappingExceptionHandlingIntegrationTests$TestController#handle(Spr16318Exception)
14:07:37.140 [XNIO-13 I/O-7] DEBUG o.s.w.r.r.m.a.ResponseEntityResultHandler - Using 'application/problem+json' given [text/plain, application/problem+json] and supported [application/json, application/*+json, application/x-jackson-smile, application/*+x-jackson-smile, text/event-stream]
14:07:37.140 [XNIO-13 I/O-7] DEBUG o.s.w.r.r.m.a.ResponseEntityResultHandler - [2d2a146b] 0..1 [java.util.Map<java.lang.String, java.lang.String>]
14:07:37.140 [XNIO-13 I/O-7] DEBUG o.s.h.c.j.Jackson2JsonEncoder - [2d2a146b] Encoding [{reason=error}]
14:07:37.141 [XNIO-13 I/O-7] DEBUG o.s.w.s.a.HttpWebHandlerAdapter - [2d2a146b] Completed 500 INTERNAL_SERVER_ERROR
14:07:37.141 [Test worker] DEBUG o.s.w.c.RestTemplate - Response 500 INTERNAL_SERVER_ERROR
14:07:37.142 [Test worker] DEBUG o.s.w.t.h.s.r.b.UndertowHttpServer - Stopping UndertowHttpServer...
14:07:37.142 [Test worker] INFO  i.undertow - stopping server: Undertow - 2.1.3.Final
14:07:37.143 [Test worker] DEBUG o.s.w.t.h.s.r.b.UndertowHttpServer - Server stopped (0 millis).
14:07:37.265 [Test worker] DEBUG o.s.w.r.r.m.a.RequestMappingHandlerMapping - 6 mappings in 'requestMappingHandlerMapping'
14:07:37.354 [Test worker] DEBUG o.s.w.r.r.m.a.ControllerMethodResolver - ControllerAdvice beans: none
14:07:37.417 [Test worker] DEBUG o.s.w.s.a.HttpWebHandlerAdapter - enableLoggingRequestDetails='false': form data and headers will be masked to prevent unsafe logging of potentially sensitive data
14:07:37.417 [Test worker] WARN  o.e.j.s.h.ContextHandler - Empty contextPath
14:07:37.417 [Test worker] INFO  o.e.j.s.h.ContextHandler - Started o.e.j.s.ServletContextHandler@37df3cc8{/,null,AVAILABLE}
14:07:37.418 [Test worker] DEBUG o.s.w.t.h.s.r.b.JettyHttpServer - Starting JettyHttpServer...
14:07:37.418 [Test worker] INFO  o.e.j.s.Server - jetty-9.4.30.v20200611; built: 2020-06-11T12:34:51.929Z; git: 271836e4c1f4612f12b7bb13ef5a92a927634b0d; jvm 1.8.0_73-b02
14:07:37.426 [Test worker] INFO  o.e.j.s.AbstractConnector - Started ServerConnector@7c41d01{HTTP/1.1, (http/1.1)}{0.0.0.0:60768}
14:07:37.426 [Test worker] INFO  o.e.j.s.Server - Started @57150ms
14:07:37.426 [Test worker] DEBUG o.s.w.t.h.s.r.b.JettyHttpServer - Server started on port 60768(0 millis).
14:07:37.426 [Test worker] DEBUG o.s.w.c.RestTemplate - HTTP GET http://localhost:60768/thrown-exception
14:07:37.427 [Test worker] DEBUG o.s.w.c.RestTemplate - Accept=[text/plain, application/json, application/x-jackson-smile, application/*+json, */*]
14:07:37.430 [qtp335342566-580] DEBUG o.s.w.s.a.HttpWebHandlerAdapter - [1b72468e] HTTP GET "/thrown-exception"
14:07:37.431 [qtp335342566-580] DEBUG o.s.w.r.r.m.a.RequestMappingHandlerMapping - [1b72468e] Mapped to org.springframework.web.reactive.result.method.annotation.RequestMappingExceptionHandlingIntegrationTests$TestController#handleAndThrowException()
14:07:37.432 [qtp335342566-580] DEBUG o.s.w.r.r.m.a.RequestMappingHandlerAdapter - [1b72468e] Using @ExceptionHandler org.springframework.web.reactive.result.method.annotation.RequestMappingExceptionHandlingIntegrationTests$TestController#handleStateException(IllegalStateException)
14:07:37.432 [qtp335342566-580] DEBUG o.s.w.r.r.m.a.ResponseEntityResultHandler - Using 'text/plain;charset=UTF-8' given [text/plain, application/json, application/x-jackson-smile, application/*+json, */*] and supported [text/plain;charset=UTF-8, text/event-stream, text/plain;charset=UTF-8, */*]
14:07:37.432 [qtp335342566-580] DEBUG o.s.w.r.r.m.a.ResponseEntityResultHandler - [1b72468e] 0..1 [java.lang.String]
14:07:37.433 [qtp335342566-580] DEBUG o.s.c.c.CharSequenceEncoder - [1b72468e] Writing "Recovered from error: State"
14:07:37.433 [qtp335342566-580] DEBUG o.s.w.s.a.HttpWebHandlerAdapter - [1b72468e] Completed 200 OK
14:07:37.433 [Test worker] DEBUG o.s.w.c.RestTemplate - Response 200 OK
14:07:37.434 [Test worker] DEBUG o.s.w.c.RestTemplate - Reading to [java.lang.String] as "text/plain;charset=utf-8"
14:07:37.434 [Test worker] DEBUG o.s.w.t.h.s.r.b.JettyHttpServer - Stopping JettyHttpServer...
14:07:37.434 [Test worker] INFO  o.e.j.s.h.ContextHandler - Stopped o.e.j.s.ServletContextHandler@37df3cc8{/,null,UNAVAILABLE}
14:07:37.436 [Test worker] INFO  o.e.j.s.AbstractConnector - Stopped ServerConnector@7c41d01{HTTP/1.1, (http/1.1)}{0.0.0.0:0}
14:07:37.446 [Test worker] DEBUG o.s.w.t.h.s.r.b.JettyHttpServer - Server stopped (0 millis).
14:07:37.592 [Test worker] DEBUG o.s.w.r.r.m.a.RequestMappingHandlerMapping - 6 mappings in 'requestMappingHandlerMapping'
14:07:37.684 [Test worker] DEBUG o.s.w.r.r.m.a.ControllerMethodResolver - ControllerAdvice beans: none
14:07:37.757 [Test worker] DEBUG o.s.w.s.a.HttpWebHandlerAdapter - enableLoggingRequestDetails='false': form data and headers will be masked to prevent unsafe logging of potentially sensitive data
14:07:37.757 [Test worker] DEBUG o.s.w.t.h.s.r.b.ReactorHttpServer - Starting ReactorHttpServer...
14:07:37.758 [Test worker] DEBUG o.s.w.t.h.s.r.b.ReactorHttpServer - Server started on port 60775(0 millis).
14:07:37.758 [Test worker] DEBUG o.s.w.c.RestTemplate - HTTP GET http://localhost:60775/thrown-exception
14:07:37.758 [Test worker] DEBUG o.s.w.c.RestTemplate - Accept=[text/plain, application/json, application/x-jackson-smile, application/*+json, */*]
14:07:37.761 [reactor-http-nio-4] DEBUG o.s.w.s.a.HttpWebHandlerAdapter - [3cd1f2ed-14] HTTP GET "/thrown-exception"
14:07:37.761 [reactor-http-nio-4] DEBUG o.s.w.r.r.m.a.RequestMappingHandlerMapping - [3cd1f2ed-14] Mapped to org.springframework.web.reactive.result.method.annotation.RequestMappingExceptionHandlingIntegrationTests$TestController#handleAndThrowException()
14:07:37.762 [reactor-http-nio-4] DEBUG o.s.w.r.r.m.a.RequestMappingHandlerAdapter - [3cd1f2ed-14] Using @ExceptionHandler org.springframework.web.reactive.result.method.annotation.RequestMappingExceptionHandlingIntegrationTests$TestController#handleStateException(IllegalStateException)
14:07:37.763 [reactor-http-nio-4] DEBUG o.s.w.r.r.m.a.ResponseEntityResultHandler - Using 'text/plain;charset=UTF-8' given [text/plain, application/json, application/x-jackson-smile, application/*+json, */*] and supported [text/plain;charset=UTF-8, text/event-stream, text/plain;charset=UTF-8, */*]
14:07:37.763 [reactor-http-nio-4] DEBUG o.s.w.r.r.m.a.ResponseEntityResultHandler - [3cd1f2ed-14] 0..1 [java.lang.String]
14:07:37.763 [reactor-http-nio-4] DEBUG o.s.c.c.CharSequenceEncoder - [3cd1f2ed-14] Writing "Recovered from error: State"
14:07:37.764 [Test worker] DEBUG o.s.w.c.RestTemplate - Response 200 OK
14:07:37.764 [reactor-http-nio-4] DEBUG o.s.w.s.a.HttpWebHandlerAdapter - [3cd1f2ed-14] Completed 200 OK
14:07:37.764 [Test worker] DEBUG o.s.w.c.RestTemplate - Reading to [java.lang.String] as "text/plain;charset=UTF-8"
14:07:37.765 [Test worker] DEBUG o.s.w.t.h.s.r.b.ReactorHttpServer - Stopping ReactorHttpServer...
14:07:37.765 [Test worker] DEBUG o.s.w.t.h.s.r.b.ReactorHttpServer - Server stopped (0 millis).
14:07:37.904 [Test worker] DEBUG o.s.w.r.r.m.a.RequestMappingHandlerMapping - 6 mappings in 'requestMappingHandlerMapping'
14:07:37.987 [Test worker] DEBUG o.s.w.r.r.m.a.ControllerMethodResolver - ControllerAdvice beans: none
14:07:38.040 [Test worker] DEBUG o.s.w.s.a.HttpWebHandlerAdapter - enableLoggingRequestDetails='false': form data and headers will be masked to prevent unsafe logging of potentially sensitive data
14:07:38.040 [Test worker] DEBUG o.s.w.t.h.s.r.b.TomcatHttpServer - Starting TomcatHttpServer...
14:07:38.064 [Test worker] DEBUG o.s.w.t.h.s.r.b.TomcatHttpServer - Server started on port 60777(0 millis).
14:07:38.064 [Test worker] DEBUG o.s.w.c.RestTemplate - HTTP GET http://localhost:60777/thrown-exception
14:07:38.064 [Test worker] DEBUG o.s.w.c.RestTemplate - Accept=[text/plain, application/json, application/x-jackson-smile, application/*+json, */*]
14:07:38.070 [http-nio-auto-14-exec-1] DEBUG o.s.w.s.a.HttpWebHandlerAdapter - [6bc1a98b] HTTP GET "/thrown-exception"
14:07:38.070 [http-nio-auto-14-exec-1] DEBUG o.s.w.r.r.m.a.RequestMappingHandlerMapping - [6bc1a98b] Mapped to org.springframework.web.reactive.result.method.annotation.RequestMappingExceptionHandlingIntegrationTests$TestController#handleAndThrowException()
14:07:38.071 [http-nio-auto-14-exec-1] DEBUG o.s.w.r.r.m.a.RequestMappingHandlerAdapter - [6bc1a98b] Using @ExceptionHandler org.springframework.web.reactive.result.method.annotation.RequestMappingExceptionHandlingIntegrationTests$TestController#handleStateException(IllegalStateException)
14:07:38.072 [http-nio-auto-14-exec-1] DEBUG o.s.w.r.r.m.a.ResponseEntityResultHandler - Using 'text/plain;charset=UTF-8' given [text/plain, application/json, application/x-jackson-smile, application/*+json, */*] and supported [text/plain;charset=UTF-8, text/event-stream, text/plain;charset=UTF-8, */*]
14:07:38.072 [http-nio-auto-14-exec-1] DEBUG o.s.w.r.r.m.a.ResponseEntityResultHandler - [6bc1a98b] 0..1 [java.lang.String]
14:07:38.072 [http-nio-auto-14-exec-1] DEBUG o.s.c.c.CharSequenceEncoder - [6bc1a98b] Writing "Recovered from error: State"
14:07:38.073 [http-nio-auto-14-exec-1] DEBUG o.s.w.s.a.HttpWebHandlerAdapter - [6bc1a98b] Completed 200 OK
14:07:38.073 [Test worker] DEBUG o.s.w.c.RestTemplate - Response 200 OK
14:07:38.073 [Test worker] DEBUG o.s.w.c.RestTemplate - Reading to [java.lang.String] as "text/plain;charset=UTF-8"
14:07:38.074 [Test worker] DEBUG o.s.w.t.h.s.r.b.TomcatHttpServer - Stopping TomcatHttpServer...
14:07:38.089 [Test worker] DEBUG o.s.w.t.h.s.r.b.TomcatHttpServer - Server stopped (0 millis).
14:07:38.323 [Test worker] DEBUG o.s.w.r.r.m.a.RequestMappingHandlerMapping - 6 mappings in 'requestMappingHandlerMapping'
14:07:38.417 [Test worker] DEBUG o.s.w.r.r.m.a.ControllerMethodResolver - ControllerAdvice beans: none
14:07:38.466 [Test worker] DEBUG o.s.w.s.a.HttpWebHandlerAdapter - enableLoggingRequestDetails='false': form data and headers will be masked to prevent unsafe logging of potentially sensitive data
14:07:38.466 [Test worker] DEBUG o.s.w.t.h.s.r.b.UndertowHttpServer - Starting UndertowHttpServer...
14:07:38.466 [Test worker] INFO  i.undertow - starting server: Undertow - 2.1.3.Final
14:07:38.510 [Test worker] DEBUG o.s.w.t.h.s.r.b.UndertowHttpServer - Server started on port 60780(0 millis).
14:07:38.511 [Test worker] DEBUG o.s.w.c.RestTemplate - HTTP GET http://localhost:60780/thrown-exception
14:07:38.511 [Test worker] DEBUG o.s.w.c.RestTemplate - Accept=[text/plain, application/json, application/x-jackson-smile, application/*+json, */*]
14:07:38.513 [XNIO-14 I/O-6] DEBUG o.s.w.s.a.HttpWebHandlerAdapter - [2673edcb] HTTP GET "/thrown-exception"
14:07:38.514 [XNIO-14 I/O-6] DEBUG o.s.w.r.r.m.a.RequestMappingHandlerMapping - [2673edcb] Mapped to org.springframework.web.reactive.result.method.annotation.RequestMappingExceptionHandlingIntegrationTests$TestController#handleAndThrowException()
14:07:38.515 [XNIO-14 I/O-6] DEBUG o.s.w.r.r.m.a.RequestMappingHandlerAdapter - [2673edcb] Using @ExceptionHandler org.springframework.web.reactive.result.method.annotation.RequestMappingExceptionHandlingIntegrationTests$TestController#handleStateException(IllegalStateException)
14:07:38.516 [XNIO-14 I/O-6] DEBUG o.s.w.r.r.m.a.ResponseEntityResultHandler - Using 'text/plain;charset=UTF-8' given [text/plain, application/json, application/x-jackson-smile, application/*+json, */*] and supported [text/plain;charset=UTF-8, text/event-stream, text/plain;charset=UTF-8, */*]
14:07:38.516 [XNIO-14 I/O-6] DEBUG o.s.w.r.r.m.a.ResponseEntityResultHandler - [2673edcb] 0..1 [java.lang.String]
14:07:38.516 [XNIO-14 I/O-6] DEBUG o.s.c.c.CharSequenceEncoder - [2673edcb] Writing "Recovered from error: State"
14:07:38.516 [XNIO-14 I/O-6] DEBUG o.s.w.s.a.HttpWebHandlerAdapter - [2673edcb] Completed 200 OK
14:07:38.516 [Test worker] DEBUG o.s.w.c.RestTemplate - Response 200 OK
14:07:38.517 [Test worker] DEBUG o.s.w.c.RestTemplate - Reading to [java.lang.String] as "text/plain;charset=UTF-8"
14:07:38.517 [Test worker] DEBUG o.s.w.t.h.s.r.b.UndertowHttpServer - Stopping UndertowHttpServer...
14:07:38.517 [Test worker] INFO  i.undertow - stopping server: Undertow - 2.1.3.Final
14:07:38.518 [Test worker] DEBUG o.s.w.t.h.s.r.b.UndertowHttpServer - Server stopped (0 millis).
14:07:38.679 [Test worker] DEBUG o.s.w.r.r.m.a.RequestMappingHandlerMapping - 6 mappings in 'requestMappingHandlerMapping'
14:07:38.768 [Test worker] DEBUG o.s.w.r.r.m.a.ControllerMethodResolver - ControllerAdvice beans: none
14:07:38.825 [Test worker] DEBUG o.s.w.s.a.HttpWebHandlerAdapter - enableLoggingRequestDetails='false': form data and headers will be masked to prevent unsafe logging of potentially sensitive data
14:07:38.825 [Test worker] WARN  o.e.j.s.h.ContextHandler - Empty contextPath
14:07:38.825 [Test worker] INFO  o.e.j.s.h.ContextHandler - Started o.e.j.s.ServletContextHandler@1e3b82ec{/,null,AVAILABLE}
14:07:38.826 [Test worker] DEBUG o.s.w.t.h.s.r.b.JettyHttpServer - Starting JettyHttpServer...
14:07:38.826 [Test worker] INFO  o.e.j.s.Server - jetty-9.4.30.v20200611; built: 2020-06-11T12:34:51.929Z; git: 271836e4c1f4612f12b7bb13ef5a92a927634b0d; jvm 1.8.0_73-b02
14:07:38.829 [Test worker] INFO  o.e.j.s.AbstractConnector - Started ServerConnector@1949f1dd{HTTP/1.1, (http/1.1)}{0.0.0.0:60782}
14:07:38.830 [Test worker] INFO  o.e.j.s.Server - Started @58553ms
14:07:38.830 [Test worker] DEBUG o.s.w.t.h.s.r.b.JettyHttpServer - Server started on port 60782(0 millis).
14:07:38.830 [Test worker] DEBUG o.s.w.c.RestTemplate - HTTP GET http://localhost:60782/SPR-16051
14:07:38.831 [Test worker] DEBUG o.s.w.c.RestTemplate - Accept=[text/plain, application/json, application/x-jackson-smile, application/*+json, */*]
14:07:38.834 [qtp1641661627-613] DEBUG o.s.w.s.a.HttpWebHandlerAdapter - [6e891376] HTTP GET "/SPR-16051"
14:07:38.835 [qtp1641661627-613] DEBUG o.s.w.r.r.m.a.RequestMappingHandlerMapping - [6e891376] Mapped to org.springframework.web.reactive.result.method.annotation.RequestMappingExceptionHandlingIntegrationTests$TestController#errors()
14:07:38.836 [qtp1641661627-613] DEBUG o.s.w.r.r.m.a.ResponseBodyResultHandler - Using 'text/plain;charset=UTF-8' given [text/plain, application/json, application/x-jackson-smile, application/*+json, */*] and supported [text/plain;charset=UTF-8, text/event-stream, text/plain;charset=UTF-8, */*]
14:07:38.837 [qtp1641661627-613] DEBUG o.s.w.r.r.m.a.ResponseBodyResultHandler - [6e891376] 0..N [java.lang.String]
14:07:38.838 [qtp1641661627-613] DEBUG o.s.c.c.CharSequenceEncoder - [6e891376] Writing "1. foo bar"
14:07:38.838 [qtp1641661627-613] DEBUG o.s.c.c.CharSequenceEncoder - [6e891376] Writing "2. foo bar"
14:07:38.838 [Test worker] DEBUG o.s.w.c.RestTemplate - Response 200 OK
14:07:38.838 [qtp1641661627-613] DEBUG o.s.c.c.CharSequenceEncoder - [6e891376] Writing "3. foo bar"
14:07:38.839 [Test worker] DEBUG o.s.w.c.RestTemplate - Reading to [java.lang.String] as "text/plain;charset=utf-8"
14:07:38.839 [qtp1641661627-613] DEBUG o.s.c.c.CharSequenceEncoder - [6e891376] Writing "4. foo bar"
14:07:38.839 [qtp1641661627-613] DEBUG o.s.c.c.CharSequenceEncoder - [6e891376] Writing "5. foo bar"
14:07:38.839 [qtp1641661627-613] DEBUG o.s.c.c.CharSequenceEncoder - [6e891376] Writing "6. foo bar"
14:07:38.839 [qtp1641661627-613] DEBUG o.s.c.c.CharSequenceEncoder - [6e891376] Writing "7. foo bar"
14:07:38.839 [qtp1641661627-613] DEBUG o.s.c.c.CharSequenceEncoder - [6e891376] Writing "8. foo bar"
14:07:38.840 [qtp1641661627-613] DEBUG o.s.c.c.CharSequenceEncoder - [6e891376] Writing "9. foo bar"
14:07:38.840 [qtp1641661627-613] DEBUG o.s.c.c.CharSequenceEncoder - [6e891376] Writing "10. foo bar"
14:07:38.840 [qtp1641661627-613] DEBUG o.s.c.c.CharSequenceEncoder - [6e891376] Writing "11. foo bar"
14:07:38.840 [qtp1641661627-613] DEBUG o.s.c.c.CharSequenceEncoder - [6e891376] Writing "12. foo bar"
14:07:38.841 [qtp1641661627-613] DEBUG o.s.c.c.CharSequenceEncoder - [6e891376] Writing "13. foo bar"
14:07:38.841 [qtp1641661627-613] DEBUG o.s.c.c.CharSequenceEncoder - [6e891376] Writing "14. foo bar"
14:07:38.841 [qtp1641661627-613] DEBUG o.s.c.c.CharSequenceEncoder - [6e891376] Writing "15. foo bar"
14:07:38.841 [qtp1641661627-613] DEBUG o.s.c.c.CharSequenceEncoder - [6e891376] Writing "16. foo bar"
14:07:38.842 [qtp1641661627-613] DEBUG o.s.c.c.CharSequenceEncoder - [6e891376] Writing "17. foo bar"
14:07:38.842 [qtp1641661627-613] DEBUG o.s.c.c.CharSequenceEncoder - [6e891376] Writing "18. foo bar"
14:07:38.842 [qtp1641661627-613] DEBUG o.s.c.c.CharSequenceEncoder - [6e891376] Writing "19. foo bar"
14:07:38.842 [qtp1641661627-613] DEBUG o.s.c.c.CharSequenceEncoder - [6e891376] Writing "20. foo bar"
14:07:38.842 [qtp1641661627-613] DEBUG o.s.c.c.CharSequenceEncoder - [6e891376] Writing "21. foo bar"
14:07:38.842 [qtp1641661627-613] DEBUG o.s.c.c.CharSequenceEncoder - [6e891376] Writing "22. foo bar"
14:07:38.843 [qtp1641661627-613] DEBUG o.s.c.c.CharSequenceEncoder - [6e891376] Writing "23. foo bar"
14:07:38.843 [qtp1641661627-613] DEBUG o.s.c.c.CharSequenceEncoder - [6e891376] Writing "24. foo bar"
14:07:38.843 [qtp1641661627-613] DEBUG o.s.c.c.CharSequenceEncoder - [6e891376] Writing "25. foo bar"
14:07:38.843 [qtp1641661627-613] DEBUG o.s.c.c.CharSequenceEncoder - [6e891376] Writing "26. foo bar"
14:07:38.843 [qtp1641661627-613] DEBUG o.s.c.c.CharSequenceEncoder - [6e891376] Writing "27. foo bar"
14:07:38.844 [qtp1641661627-613] DEBUG o.s.c.c.CharSequenceEncoder - [6e891376] Writing "28. foo bar"
14:07:38.844 [qtp1641661627-613] DEBUG o.s.c.c.CharSequenceEncoder - [6e891376] Writing "29. foo bar"
14:07:38.844 [qtp1641661627-613] DEBUG o.s.c.c.CharSequenceEncoder - [6e891376] Writing "30. foo bar"
14:07:38.844 [qtp1641661627-613] DEBUG o.s.c.c.CharSequenceEncoder - [6e891376] Writing "31. foo bar"
14:07:38.844 [qtp1641661627-613] DEBUG o.s.c.c.CharSequenceEncoder - [6e891376] Writing "32. foo bar"
14:07:38.845 [qtp1641661627-613] DEBUG o.s.c.c.CharSequenceEncoder - [6e891376] Writing "33. foo bar"
14:07:38.845 [qtp1641661627-613] DEBUG o.s.c.c.CharSequenceEncoder - [6e891376] Writing "34. foo bar"
14:07:38.845 [qtp1641661627-613] DEBUG o.s.c.c.CharSequenceEncoder - [6e891376] Writing "35. foo bar"
14:07:38.845 [qtp1641661627-613] DEBUG o.s.c.c.CharSequenceEncoder - [6e891376] Writing "36. foo bar"
14:07:38.846 [qtp1641661627-613] DEBUG o.s.c.c.CharSequenceEncoder - [6e891376] Writing "37. foo bar"
14:07:38.846 [qtp1641661627-613] DEBUG o.s.c.c.CharSequenceEncoder - [6e891376] Writing "38. foo bar"
14:07:38.846 [qtp1641661627-613] DEBUG o.s.c.c.CharSequenceEncoder - [6e891376] Writing "39. foo bar"
14:07:38.846 [qtp1641661627-613] DEBUG o.s.c.c.CharSequenceEncoder - [6e891376] Writing "40. foo bar"
14:07:38.846 [qtp1641661627-613] DEBUG o.s.c.c.CharSequenceEncoder - [6e891376] Writing "41. foo bar"
14:07:38.847 [qtp1641661627-613] DEBUG o.s.c.c.CharSequenceEncoder - [6e891376] Writing "42. foo bar"
14:07:38.847 [qtp1641661627-613] DEBUG o.s.c.c.CharSequenceEncoder - [6e891376] Writing "43. foo bar"
14:07:38.847 [qtp1641661627-613] DEBUG o.s.c.c.CharSequenceEncoder - [6e891376] Writing "44. foo bar"
14:07:38.847 [qtp1641661627-613] DEBUG o.s.c.c.CharSequenceEncoder - [6e891376] Writing "45. foo bar"
14:07:38.847 [qtp1641661627-613] DEBUG o.s.c.c.CharSequenceEncoder - [6e891376] Writing "46. foo bar"
14:07:38.848 [qtp1641661627-613] DEBUG o.s.c.c.CharSequenceEncoder - [6e891376] Writing "47. foo bar"
14:07:38.848 [qtp1641661627-613] DEBUG o.s.c.c.CharSequenceEncoder - [6e891376] Writing "48. foo bar"
14:07:38.848 [qtp1641661627-613] DEBUG o.s.c.c.CharSequenceEncoder - [6e891376] Writing "49. foo bar"
14:07:38.848 [qtp1641661627-613] DEBUG o.s.c.c.CharSequenceEncoder - [6e891376] Writing "50. foo bar"
14:07:38.848 [qtp1641661627-613] DEBUG o.s.c.c.CharSequenceEncoder - [6e891376] Writing "51. foo bar"
14:07:38.849 [qtp1641661627-613] DEBUG o.s.c.c.CharSequenceEncoder - [6e891376] Writing "52. foo bar"
14:07:38.849 [qtp1641661627-613] DEBUG o.s.c.c.CharSequenceEncoder - [6e891376] Writing "53. foo bar"
14:07:38.849 [qtp1641661627-613] DEBUG o.s.c.c.CharSequenceEncoder - [6e891376] Writing "54. foo bar"
14:07:38.849 [qtp1641661627-613] DEBUG o.s.c.c.CharSequenceEncoder - [6e891376] Writing "55. foo bar"
14:07:38.849 [qtp1641661627-613] DEBUG o.s.c.c.CharSequenceEncoder - [6e891376] Writing "56. foo bar"
14:07:38.849 [qtp1641661627-613] DEBUG o.s.c.c.CharSequenceEncoder - [6e891376] Writing "57. foo bar"
14:07:38.850 [qtp1641661627-613] DEBUG o.s.c.c.CharSequenceEncoder - [6e891376] Writing "58. foo bar"
14:07:38.850 [qtp1641661627-613] DEBUG o.s.c.c.CharSequenceEncoder - [6e891376] Writing "59. foo bar"
14:07:38.850 [qtp1641661627-613] DEBUG o.s.c.c.CharSequenceEncoder - [6e891376] Writing "60. foo bar"
14:07:38.850 [qtp1641661627-613] DEBUG o.s.c.c.CharSequenceEncoder - [6e891376] Writing "61. foo bar"
14:07:38.850 [qtp1641661627-613] DEBUG o.s.c.c.CharSequenceEncoder - [6e891376] Writing "62. foo bar"
14:07:38.851 [qtp1641661627-613] DEBUG o.s.c.c.CharSequenceEncoder - [6e891376] Writing "63. foo bar"
14:07:38.851 [qtp1641661627-613] DEBUG o.s.c.c.CharSequenceEncoder - [6e891376] Writing "64. foo bar"
14:07:38.851 [qtp1641661627-613] DEBUG o.s.c.c.CharSequenceEncoder - [6e891376] Writing "65. foo bar"
14:07:38.851 [qtp1641661627-613] DEBUG o.s.c.c.CharSequenceEncoder - [6e891376] Writing "66. foo bar"
14:07:38.851 [qtp1641661627-613] DEBUG o.s.c.c.CharSequenceEncoder - [6e891376] Writing "67. foo bar"
14:07:38.851 [qtp1641661627-613] DEBUG o.s.c.c.CharSequenceEncoder - [6e891376] Writing "68. foo bar"
14:07:38.852 [qtp1641661627-613] DEBUG o.s.c.c.CharSequenceEncoder - [6e891376] Writing "69. foo bar"
14:07:38.852 [qtp1641661627-613] DEBUG o.s.c.c.CharSequenceEncoder - [6e891376] Writing "70. foo bar"
14:07:38.852 [qtp1641661627-613] DEBUG o.s.c.c.CharSequenceEncoder - [6e891376] Writing "71. foo bar"
14:07:38.852 [qtp1641661627-613] DEBUG o.s.c.c.CharSequenceEncoder - [6e891376] Writing "72. foo bar"
14:07:38.852 [qtp1641661627-613] DEBUG o.s.c.c.CharSequenceEncoder - [6e891376] Writing "73. foo bar"
14:07:38.852 [qtp1641661627-613] DEBUG o.s.c.c.CharSequenceEncoder - [6e891376] Writing "74. foo bar"
14:07:38.853 [qtp1641661627-613] DEBUG o.s.c.c.CharSequenceEncoder - [6e891376] Writing "75. foo bar"
14:07:38.853 [qtp1641661627-613] DEBUG o.s.c.c.CharSequenceEncoder - [6e891376] Writing "76. foo bar"
14:07:38.853 [qtp1641661627-613] DEBUG o.s.c.c.CharSequenceEncoder - [6e891376] Writing "77. foo bar"
14:07:38.853 [qtp1641661627-613] DEBUG o.s.c.c.CharSequenceEncoder - [6e891376] Writing "78. foo bar"
14:07:38.853 [qtp1641661627-613] DEBUG o.s.c.c.CharSequenceEncoder - [6e891376] Writing "79. foo bar"
14:07:38.854 [qtp1641661627-613] DEBUG o.s.c.c.CharSequenceEncoder - [6e891376] Writing "80. foo bar"
14:07:38.854 [qtp1641661627-613] DEBUG o.s.c.c.CharSequenceEncoder - [6e891376] Writing "81. foo bar"
14:07:38.854 [qtp1641661627-613] DEBUG o.s.c.c.CharSequenceEncoder - [6e891376] Writing "82. foo bar"
14:07:38.854 [qtp1641661627-613] DEBUG o.s.c.c.CharSequenceEncoder - [6e891376] Writing "83. foo bar"
14:07:38.854 [qtp1641661627-613] DEBUG o.s.c.c.CharSequenceEncoder - [6e891376] Writing "84. foo bar"
14:07:38.854 [qtp1641661627-613] DEBUG o.s.c.c.CharSequenceEncoder - [6e891376] Writing "85. foo bar"
14:07:38.855 [qtp1641661627-613] DEBUG o.s.c.c.CharSequenceEncoder - [6e891376] Writing "86. foo bar"
14:07:38.855 [qtp1641661627-613] DEBUG o.s.c.c.CharSequenceEncoder - [6e891376] Writing "87. foo bar"
14:07:38.855 [qtp1641661627-613] DEBUG o.s.c.c.CharSequenceEncoder - [6e891376] Writing "88. foo bar"
14:07:38.855 [qtp1641661627-613] DEBUG o.s.c.c.CharSequenceEncoder - [6e891376] Writing "89. foo bar"
14:07:38.855 [qtp1641661627-613] DEBUG o.s.c.c.CharSequenceEncoder - [6e891376] Writing "90. foo bar"
14:07:38.855 [qtp1641661627-613] DEBUG o.s.c.c.CharSequenceEncoder - [6e891376] Writing "91. foo bar"
14:07:38.856 [qtp1641661627-613] DEBUG o.s.c.c.CharSequenceEncoder - [6e891376] Writing "92. foo bar"
14:07:38.856 [qtp1641661627-613] DEBUG o.s.c.c.CharSequenceEncoder - [6e891376] Writing "93. foo bar"
14:07:38.856 [qtp1641661627-613] DEBUG o.s.c.c.CharSequenceEncoder - [6e891376] Writing "94. foo bar"
14:07:38.856 [qtp1641661627-613] DEBUG o.s.c.c.CharSequenceEncoder - [6e891376] Writing "95. foo bar"
14:07:38.857 [qtp1641661627-613] DEBUG o.s.c.c.CharSequenceEncoder - [6e891376] Writing "96. foo bar"
14:07:38.857 [qtp1641661627-613] DEBUG o.s.c.c.CharSequenceEncoder - [6e891376] Writing "97. foo bar"
14:07:38.857 [qtp1641661627-613] DEBUG o.s.c.c.CharSequenceEncoder - [6e891376] Writing "98. foo bar"
14:07:38.858 [qtp1641661627-613] DEBUG o.s.c.c.CharSequenceEncoder - [6e891376] Writing "99. foo bar"
14:07:38.858 [qtp1641661627-613] DEBUG o.s.c.c.CharSequenceEncoder - [6e891376] Writing "100. foo bar"
14:07:38.858 [qtp1641661627-613] DEBUG o.s.c.c.CharSequenceEncoder - [6e891376] Writing "101. foo bar"
14:07:38.858 [qtp1641661627-613] DEBUG o.s.c.c.CharSequenceEncoder - [6e891376] Writing "102. foo bar"
14:07:38.858 [qtp1641661627-613] DEBUG o.s.c.c.CharSequenceEncoder - [6e891376] Writing "103. foo bar"
14:07:38.859 [qtp1641661627-613] DEBUG o.s.c.c.CharSequenceEncoder - [6e891376] Writing "104. foo bar"
14:07:38.859 [qtp1641661627-613] DEBUG o.s.c.c.CharSequenceEncoder - [6e891376] Writing "105. foo bar"
14:07:38.859 [qtp1641661627-613] DEBUG o.s.c.c.CharSequenceEncoder - [6e891376] Writing "106. foo bar"
14:07:38.860 [qtp1641661627-613] DEBUG o.s.c.c.CharSequenceEncoder - [6e891376] Writing "107. foo bar"
14:07:38.860 [qtp1641661627-613] DEBUG o.s.c.c.CharSequenceEncoder - [6e891376] Writing "108. foo bar"
14:07:38.860 [qtp1641661627-613] DEBUG o.s.c.c.CharSequenceEncoder - [6e891376] Writing "109. foo bar"
14:07:38.860 [qtp1641661627-613] DEBUG o.s.c.c.CharSequenceEncoder - [6e891376] Writing "110. foo bar"
14:07:38.860 [qtp1641661627-613] DEBUG o.s.c.c.CharSequenceEncoder - [6e891376] Writing "111. foo bar"
14:07:38.861 [qtp1641661627-613] DEBUG o.s.c.c.CharSequenceEncoder - [6e891376] Writing "112. foo bar"
14:07:38.861 [qtp1641661627-613] DEBUG o.s.c.c.CharSequenceEncoder - [6e891376] Writing "113. foo bar"
14:07:38.861 [qtp1641661627-613] DEBUG o.s.c.c.CharSequenceEncoder - [6e891376] Writing "114. foo bar"
14:07:38.861 [qtp1641661627-613] DEBUG o.s.c.c.CharSequenceEncoder - [6e891376] Writing "115. foo bar"
14:07:38.861 [qtp1641661627-613] DEBUG o.s.c.c.CharSequenceEncoder - [6e891376] Writing "116. foo bar"
14:07:38.861 [qtp1641661627-613] DEBUG o.s.c.c.CharSequenceEncoder - [6e891376] Writing "117. foo bar"
14:07:38.862 [qtp1641661627-613] DEBUG o.s.c.c.CharSequenceEncoder - [6e891376] Writing "118. foo bar"
14:07:38.862 [qtp1641661627-613] DEBUG o.s.c.c.CharSequenceEncoder - [6e891376] Writing "119. foo bar"
14:07:38.862 [qtp1641661627-613] DEBUG o.s.c.c.CharSequenceEncoder - [6e891376] Writing "120. foo bar"
14:07:38.862 [qtp1641661627-613] DEBUG o.s.c.c.CharSequenceEncoder - [6e891376] Writing "121. foo bar"
14:07:38.862 [qtp1641661627-613] DEBUG o.s.c.c.CharSequenceEncoder - [6e891376] Writing "122. foo bar"
14:07:38.862 [qtp1641661627-613] DEBUG o.s.c.c.CharSequenceEncoder - [6e891376] Writing "123. foo bar"
14:07:38.863 [qtp1641661627-613] DEBUG o.s.c.c.CharSequenceEncoder - [6e891376] Writing "124. foo bar"
14:07:38.863 [qtp1641661627-613] DEBUG o.s.c.c.CharSequenceEncoder - [6e891376] Writing "125. foo bar"
14:07:38.863 [qtp1641661627-613] DEBUG o.s.c.c.CharSequenceEncoder - [6e891376] Writing "126. foo bar"
14:07:38.863 [qtp1641661627-613] DEBUG o.s.c.c.CharSequenceEncoder - [6e891376] Writing "127. foo bar"
14:07:38.863 [qtp1641661627-613] DEBUG o.s.c.c.CharSequenceEncoder - [6e891376] Writing "128. foo bar"
14:07:38.863 [qtp1641661627-613] DEBUG o.s.c.c.CharSequenceEncoder - [6e891376] Writing "129. foo bar"
14:07:38.864 [qtp1641661627-613] DEBUG o.s.c.c.CharSequenceEncoder - [6e891376] Writing "130. foo bar"
14:07:38.864 [qtp1641661627-613] DEBUG o.s.c.c.CharSequenceEncoder - [6e891376] Writing "131. foo bar"
14:07:38.864 [qtp1641661627-613] DEBUG o.s.c.c.CharSequenceEncoder - [6e891376] Writing "132. foo bar"
14:07:38.864 [qtp1641661627-613] DEBUG o.s.c.c.CharSequenceEncoder - [6e891376] Writing "133. foo bar"
14:07:38.864 [qtp1641661627-613] DEBUG o.s.c.c.CharSequenceEncoder - [6e891376] Writing "134. foo bar"
14:07:38.865 [qtp1641661627-613] DEBUG o.s.c.c.CharSequenceEncoder - [6e891376] Writing "135. foo bar"
14:07:38.865 [qtp1641661627-613] DEBUG o.s.c.c.CharSequenceEncoder - [6e891376] Writing "136. foo bar"
14:07:38.865 [qtp1641661627-613] DEBUG o.s.c.c.CharSequenceEncoder - [6e891376] Writing "137. foo bar"
14:07:38.865 [qtp1641661627-613] DEBUG o.s.c.c.CharSequenceEncoder - [6e891376] Writing "138. foo bar"
14:07:38.865 [qtp1641661627-613] DEBUG o.s.c.c.CharSequenceEncoder - [6e891376] Writing "139. foo bar"
14:07:38.866 [qtp1641661627-613] DEBUG o.s.c.c.CharSequenceEncoder - [6e891376] Writing "140. foo bar"
14:07:38.866 [qtp1641661627-613] DEBUG o.s.c.c.CharSequenceEncoder - [6e891376] Writing "141. foo bar"
14:07:38.866 [qtp1641661627-613] DEBUG o.s.c.c.CharSequenceEncoder - [6e891376] Writing "142. foo bar"
14:07:38.866 [qtp1641661627-613] DEBUG o.s.c.c.CharSequenceEncoder - [6e891376] Writing "143. foo bar"
14:07:38.866 [qtp1641661627-613] DEBUG o.s.c.c.CharSequenceEncoder - [6e891376] Writing "144. foo bar"
14:07:38.867 [qtp1641661627-613] DEBUG o.s.c.c.CharSequenceEncoder - [6e891376] Writing "145. foo bar"
14:07:38.867 [qtp1641661627-613] DEBUG o.s.c.c.CharSequenceEncoder - [6e891376] Writing "146. foo bar"
14:07:38.867 [qtp1641661627-613] DEBUG o.s.c.c.CharSequenceEncoder - [6e891376] Writing "147. foo bar"
14:07:38.867 [qtp1641661627-613] DEBUG o.s.c.c.CharSequenceEncoder - [6e891376] Writing "148. foo bar"
14:07:38.867 [qtp1641661627-613] DEBUG o.s.c.c.CharSequenceEncoder - [6e891376] Writing "149. foo bar"
14:07:38.868 [qtp1641661627-613] DEBUG o.s.c.c.CharSequenceEncoder - [6e891376] Writing "150. foo bar"
14:07:38.868 [qtp1641661627-613] DEBUG o.s.c.c.CharSequenceEncoder - [6e891376] Writing "151. foo bar"
14:07:38.868 [qtp1641661627-613] DEBUG o.s.c.c.CharSequenceEncoder - [6e891376] Writing "152. foo bar"
14:07:38.868 [qtp1641661627-613] DEBUG o.s.c.c.CharSequenceEncoder - [6e891376] Writing "153. foo bar"
14:07:38.868 [qtp1641661627-613] DEBUG o.s.c.c.CharSequenceEncoder - [6e891376] Writing "154. foo bar"
14:07:38.868 [qtp1641661627-613] DEBUG o.s.c.c.CharSequenceEncoder - [6e891376] Writing "155. foo bar"
14:07:38.869 [qtp1641661627-613] DEBUG o.s.c.c.CharSequenceEncoder - [6e891376] Writing "156. foo bar"
14:07:38.869 [qtp1641661627-613] DEBUG o.s.c.c.CharSequenceEncoder - [6e891376] Writing "157. foo bar"
14:07:38.869 [qtp1641661627-613] DEBUG o.s.c.c.CharSequenceEncoder - [6e891376] Writing "158. foo bar"
14:07:38.869 [qtp1641661627-613] DEBUG o.s.c.c.CharSequenceEncoder - [6e891376] Writing "159. foo bar"
14:07:38.869 [qtp1641661627-613] DEBUG o.s.c.c.CharSequenceEncoder - [6e891376] Writing "160. foo bar"
14:07:38.869 [qtp1641661627-613] DEBUG o.s.c.c.CharSequenceEncoder - [6e891376] Writing "161. foo bar"
14:07:38.869 [qtp1641661627-613] DEBUG o.s.c.c.CharSequenceEncoder - [6e891376] Writing "162. foo bar"
14:07:38.870 [qtp1641661627-613] DEBUG o.s.c.c.CharSequenceEncoder - [6e891376] Writing "163. foo bar"
14:07:38.870 [qtp1641661627-613] DEBUG o.s.c.c.CharSequenceEncoder - [6e891376] Writing "164. foo bar"
14:07:38.870 [qtp1641661627-613] DEBUG o.s.c.c.CharSequenceEncoder - [6e891376] Writing "165. foo bar"
14:07:38.870 [qtp1641661627-613] DEBUG o.s.c.c.CharSequenceEncoder - [6e891376] Writing "166. foo bar"
14:07:38.870 [qtp1641661627-613] DEBUG o.s.c.c.CharSequenceEncoder - [6e891376] Writing "167. foo bar"
14:07:38.870 [qtp1641661627-613] DEBUG o.s.c.c.CharSequenceEncoder - [6e891376] Writing "168. foo bar"
14:07:38.871 [qtp1641661627-613] DEBUG o.s.c.c.CharSequenceEncoder - [6e891376] Writing "169. foo bar"
14:07:38.871 [qtp1641661627-613] DEBUG o.s.c.c.CharSequenceEncoder - [6e891376] Writing "170. foo bar"
14:07:38.871 [qtp1641661627-613] DEBUG o.s.c.c.CharSequenceEncoder - [6e891376] Writing "171. foo bar"
14:07:38.871 [qtp1641661627-613] DEBUG o.s.c.c.CharSequenceEncoder - [6e891376] Writing "172. foo bar"
14:07:38.871 [qtp1641661627-613] DEBUG o.s.c.c.CharSequenceEncoder - [6e891376] Writing "173. foo bar"
14:07:38.871 [qtp1641661627-613] DEBUG o.s.c.c.CharSequenceEncoder - [6e891376] Writing "174. foo bar"
14:07:38.872 [qtp1641661627-613] DEBUG o.s.c.c.CharSequenceEncoder - [6e891376] Writing "175. foo bar"
14:07:38.872 [qtp1641661627-613] DEBUG o.s.c.c.CharSequenceEncoder - [6e891376] Writing "176. foo bar"
14:07:38.872 [qtp1641661627-613] DEBUG o.s.c.c.CharSequenceEncoder - [6e891376] Writing "177. foo bar"
14:07:38.872 [qtp1641661627-613] DEBUG o.s.c.c.CharSequenceEncoder - [6e891376] Writing "178. foo bar"
14:07:38.872 [qtp1641661627-613] DEBUG o.s.c.c.CharSequenceEncoder - [6e891376] Writing "179. foo bar"
14:07:38.872 [qtp1641661627-613] DEBUG o.s.c.c.CharSequenceEncoder - [6e891376] Writing "180. foo bar"
14:07:38.872 [qtp1641661627-613] DEBUG o.s.c.c.CharSequenceEncoder - [6e891376] Writing "181. foo bar"
14:07:38.873 [qtp1641661627-613] DEBUG o.s.c.c.CharSequenceEncoder - [6e891376] Writing "182. foo bar"
14:07:38.873 [qtp1641661627-613] DEBUG o.s.c.c.CharSequenceEncoder - [6e891376] Writing "183. foo bar"
14:07:38.873 [qtp1641661627-613] DEBUG o.s.c.c.CharSequenceEncoder - [6e891376] Writing "184. foo bar"
14:07:38.873 [qtp1641661627-613] DEBUG o.s.c.c.CharSequenceEncoder - [6e891376] Writing "185. foo bar"
14:07:38.873 [qtp1641661627-613] DEBUG o.s.c.c.CharSequenceEncoder - [6e891376] Writing "186. foo bar"
14:07:38.873 [qtp1641661627-613] DEBUG o.s.c.c.CharSequenceEncoder - [6e891376] Writing "187. foo bar"
14:07:38.874 [qtp1641661627-613] DEBUG o.s.c.c.CharSequenceEncoder - [6e891376] Writing "188. foo bar"
14:07:38.874 [qtp1641661627-613] DEBUG o.s.c.c.CharSequenceEncoder - [6e891376] Writing "189. foo bar"
14:07:38.874 [qtp1641661627-613] DEBUG o.s.c.c.CharSequenceEncoder - [6e891376] Writing "190. foo bar"
14:07:38.874 [qtp1641661627-613] DEBUG o.s.c.c.CharSequenceEncoder - [6e891376] Writing "191. foo bar"
14:07:38.874 [qtp1641661627-613] DEBUG o.s.c.c.CharSequenceEncoder - [6e891376] Writing "192. foo bar"
14:07:38.874 [qtp1641661627-613] DEBUG o.s.c.c.CharSequenceEncoder - [6e891376] Writing "193. foo bar"
14:07:38.875 [qtp1641661627-613] DEBUG o.s.c.c.CharSequenceEncoder - [6e891376] Writing "194. foo bar"
14:07:38.875 [qtp1641661627-613] DEBUG o.s.c.c.CharSequenceEncoder - [6e891376] Writing "195. foo bar"
14:07:38.875 [qtp1641661627-613] DEBUG o.s.c.c.CharSequenceEncoder - [6e891376] Writing "196. foo bar"
14:07:38.875 [qtp1641661627-613] DEBUG o.s.c.c.CharSequenceEncoder - [6e891376] Writing "197. foo bar"
14:07:38.875 [qtp1641661627-613] DEBUG o.s.c.c.CharSequenceEncoder - [6e891376] Writing "198. foo bar"
14:07:38.875 [qtp1641661627-613] DEBUG o.s.c.c.CharSequenceEncoder - [6e891376] Writing "199. foo bar"
14:07:38.876 [qtp1641661627-613] DEBUG o.s.c.c.CharSequenceEncoder - [6e891376] Writing "200. foo bar"
14:07:38.876 [qtp1641661627-613] DEBUG o.s.c.c.CharSequenceEncoder - [6e891376] Writing "201. foo bar"
14:07:38.876 [qtp1641661627-613] DEBUG o.s.c.c.CharSequenceEncoder - [6e891376] Writing "202. foo bar"
14:07:38.876 [qtp1641661627-613] DEBUG o.s.c.c.CharSequenceEncoder - [6e891376] Writing "203. foo bar"
14:07:38.876 [qtp1641661627-613] DEBUG o.s.c.c.CharSequenceEncoder - [6e891376] Writing "204. foo bar"
14:07:38.876 [qtp1641661627-613] DEBUG o.s.c.c.CharSequenceEncoder - [6e891376] Writing "205. foo bar"
14:07:38.877 [qtp1641661627-613] DEBUG o.s.c.c.CharSequenceEncoder - [6e891376] Writing "206. foo bar"
14:07:38.877 [qtp1641661627-613] DEBUG o.s.c.c.CharSequenceEncoder - [6e891376] Writing "207. foo bar"
14:07:38.877 [qtp1641661627-613] DEBUG o.s.c.c.CharSequenceEncoder - [6e891376] Writing "208. foo bar"
14:07:38.877 [qtp1641661627-613] DEBUG o.s.c.c.CharSequenceEncoder - [6e891376] Writing "209. foo bar"
14:07:38.877 [qtp1641661627-613] DEBUG o.s.c.c.CharSequenceEncoder - [6e891376] Writing "210. foo bar"
14:07:38.877 [qtp1641661627-613] DEBUG o.s.c.c.CharSequenceEncoder - [6e891376] Writing "211. foo bar"
14:07:38.878 [qtp1641661627-613] DEBUG o.s.c.c.CharSequenceEncoder - [6e891376] Writing "212. foo bar"
14:07:38.878 [qtp1641661627-613] DEBUG o.s.c.c.CharSequenceEncoder - [6e891376] Writing "213. foo bar"
14:07:38.878 [qtp1641661627-613] DEBUG o.s.c.c.CharSequenceEncoder - [6e891376] Writing "214. foo bar"
14:07:38.878 [qtp1641661627-613] DEBUG o.s.c.c.CharSequenceEncoder - [6e891376] Writing "215. foo bar"
14:07:38.878 [qtp1641661627-613] DEBUG o.s.c.c.CharSequenceEncoder - [6e891376] Writing "216. foo bar"
14:07:38.878 [qtp1641661627-613] DEBUG o.s.c.c.CharSequenceEncoder - [6e891376] Writing "217. foo bar"
14:07:38.879 [qtp1641661627-613] DEBUG o.s.c.c.CharSequenceEncoder - [6e891376] Writing "218. foo bar"
14:07:38.879 [qtp1641661627-613] DEBUG o.s.c.c.CharSequenceEncoder - [6e891376] Writing "219. foo bar"
14:07:38.879 [qtp1641661627-613] DEBUG o.s.c.c.CharSequenceEncoder - [6e891376] Writing "220. foo bar"
14:07:38.879 [qtp1641661627-613] DEBUG o.s.c.c.CharSequenceEncoder - [6e891376] Writing "221. foo bar"
14:07:38.879 [qtp1641661627-613] DEBUG o.s.c.c.CharSequenceEncoder - [6e891376] Writing "222. foo bar"
14:07:38.879 [qtp1641661627-613] DEBUG o.s.c.c.CharSequenceEncoder - [6e891376] Writing "223. foo bar"
14:07:38.879 [qtp1641661627-613] DEBUG o.s.c.c.CharSequenceEncoder - [6e891376] Writing "224. foo bar"
14:07:38.880 [qtp1641661627-613] DEBUG o.s.c.c.CharSequenceEncoder - [6e891376] Writing "225. foo bar"
14:07:38.880 [qtp1641661627-613] DEBUG o.s.c.c.CharSequenceEncoder - [6e891376] Writing "226. foo bar"
14:07:38.880 [qtp1641661627-613] DEBUG o.s.c.c.CharSequenceEncoder - [6e891376] Writing "227. foo bar"
14:07:38.880 [qtp1641661627-613] DEBUG o.s.c.c.CharSequenceEncoder - [6e891376] Writing "228. foo bar"
14:07:38.880 [qtp1641661627-613] DEBUG o.s.c.c.CharSequenceEncoder - [6e891376] Writing "229. foo bar"
14:07:38.880 [qtp1641661627-613] DEBUG o.s.c.c.CharSequenceEncoder - [6e891376] Writing "230. foo bar"
14:07:38.880 [qtp1641661627-613] DEBUG o.s.c.c.CharSequenceEncoder - [6e891376] Writing "231. foo bar"
14:07:38.881 [qtp1641661627-613] DEBUG o.s.c.c.CharSequenceEncoder - [6e891376] Writing "232. foo bar"
14:07:38.881 [qtp1641661627-613] DEBUG o.s.c.c.CharSequenceEncoder - [6e891376] Writing "233. foo bar"
14:07:38.881 [qtp1641661627-613] DEBUG o.s.c.c.CharSequenceEncoder - [6e891376] Writing "234. foo bar"
14:07:38.881 [qtp1641661627-613] DEBUG o.s.c.c.CharSequenceEncoder - [6e891376] Writing "235. foo bar"
14:07:38.881 [qtp1641661627-613] DEBUG o.s.c.c.CharSequenceEncoder - [6e891376] Writing "236. foo bar"
14:07:38.881 [qtp1641661627-613] DEBUG o.s.c.c.CharSequenceEncoder - [6e891376] Writing "237. foo bar"
14:07:38.881 [qtp1641661627-613] DEBUG o.s.c.c.CharSequenceEncoder - [6e891376] Writing "238. foo bar"
14:07:38.882 [qtp1641661627-613] DEBUG o.s.c.c.CharSequenceEncoder - [6e891376] Writing "239. foo bar"
14:07:38.882 [qtp1641661627-613] DEBUG o.s.c.c.CharSequenceEncoder - [6e891376] Writing "240. foo bar"
14:07:38.882 [qtp1641661627-613] DEBUG o.s.c.c.CharSequenceEncoder - [6e891376] Writing "241. foo bar"
14:07:38.882 [qtp1641661627-613] DEBUG o.s.c.c.CharSequenceEncoder - [6e891376] Writing "242. foo bar"
14:07:38.882 [qtp1641661627-613] DEBUG o.s.c.c.CharSequenceEncoder - [6e891376] Writing "243. foo bar"
14:07:38.882 [qtp1641661627-613] DEBUG o.s.c.c.CharSequenceEncoder - [6e891376] Writing "244. foo bar"
14:07:38.882 [qtp1641661627-613] DEBUG o.s.c.c.CharSequenceEncoder - [6e891376] Writing "245. foo bar"
14:07:38.883 [qtp1641661627-613] DEBUG o.s.c.c.CharSequenceEncoder - [6e891376] Writing "246. foo bar"
14:07:38.883 [qtp1641661627-613] DEBUG o.s.c.c.CharSequenceEncoder - [6e891376] Writing "247. foo bar"
14:07:38.883 [qtp1641661627-613] DEBUG o.s.c.c.CharSequenceEncoder - [6e891376] Writing "248. foo bar"
14:07:38.883 [qtp1641661627-613] DEBUG o.s.c.c.CharSequenceEncoder - [6e891376] Writing "249. foo bar"
14:07:38.883 [qtp1641661627-613] DEBUG o.s.c.c.CharSequenceEncoder - [6e891376] Writing "250. foo bar"
14:07:38.883 [qtp1641661627-613] DEBUG o.s.c.c.CharSequenceEncoder - [6e891376] Writing "251. foo bar"
14:07:38.883 [qtp1641661627-613] DEBUG o.s.c.c.CharSequenceEncoder - [6e891376] Writing "252. foo bar"
14:07:38.884 [qtp1641661627-613] DEBUG o.s.c.c.CharSequenceEncoder - [6e891376] Writing "253. foo bar"
14:07:38.884 [qtp1641661627-613] DEBUG o.s.c.c.CharSequenceEncoder - [6e891376] Writing "254. foo bar"
14:07:38.884 [qtp1641661627-613] DEBUG o.s.c.c.CharSequenceEncoder - [6e891376] Writing "255. foo bar"
14:07:38.884 [qtp1641661627-613] DEBUG o.s.c.c.CharSequenceEncoder - [6e891376] Writing "256. foo bar"
14:07:38.884 [qtp1641661627-613] DEBUG o.s.c.c.CharSequenceEncoder - [6e891376] Writing "257. foo bar"
14:07:38.884 [qtp1641661627-613] DEBUG o.s.c.c.CharSequenceEncoder - [6e891376] Writing "258. foo bar"
14:07:38.884 [qtp1641661627-613] DEBUG o.s.c.c.CharSequenceEncoder - [6e891376] Writing "259. foo bar"
14:07:38.885 [qtp1641661627-613] DEBUG o.s.c.c.CharSequenceEncoder - [6e891376] Writing "260. foo bar"
14:07:38.885 [qtp1641661627-613] DEBUG o.s.c.c.CharSequenceEncoder - [6e891376] Writing "261. foo bar"
14:07:38.885 [qtp1641661627-613] DEBUG o.s.c.c.CharSequenceEncoder - [6e891376] Writing "262. foo bar"
14:07:38.885 [qtp1641661627-613] DEBUG o.s.c.c.CharSequenceEncoder - [6e891376] Writing "263. foo bar"
14:07:38.885 [qtp1641661627-613] DEBUG o.s.c.c.CharSequenceEncoder - [6e891376] Writing "264. foo bar"
14:07:38.885 [qtp1641661627-613] DEBUG o.s.c.c.CharSequenceEncoder - [6e891376] Writing "265. foo bar"
14:07:38.885 [qtp1641661627-613] DEBUG o.s.c.c.CharSequenceEncoder - [6e891376] Writing "266. foo bar"
14:07:38.886 [qtp1641661627-613] DEBUG o.s.c.c.CharSequenceEncoder - [6e891376] Writing "267. foo bar"
14:07:38.886 [qtp1641661627-613] DEBUG o.s.c.c.CharSequenceEncoder - [6e891376] Writing "268. foo bar"
14:07:38.886 [qtp1641661627-613] DEBUG o.s.c.c.CharSequenceEncoder - [6e891376] Writing "269. foo bar"
14:07:38.886 [qtp1641661627-613] DEBUG o.s.c.c.CharSequenceEncoder - [6e891376] Writing "270. foo bar"
14:07:38.886 [qtp1641661627-613] DEBUG o.s.c.c.CharSequenceEncoder - [6e891376] Writing "271. foo bar"
14:07:38.886 [qtp1641661627-613] DEBUG o.s.c.c.CharSequenceEncoder - [6e891376] Writing "272. foo bar"
14:07:38.887 [qtp1641661627-613] DEBUG o.s.c.c.CharSequenceEncoder - [6e891376] Writing "273. foo bar"
14:07:38.887 [qtp1641661627-613] DEBUG o.s.c.c.CharSequenceEncoder - [6e891376] Writing "274. foo bar"
14:07:38.887 [qtp1641661627-613] DEBUG o.s.c.c.CharSequenceEncoder - [6e891376] Writing "275. foo bar"
14:07:38.887 [qtp1641661627-613] DEBUG o.s.c.c.CharSequenceEncoder - [6e891376] Writing "276. foo bar"
14:07:38.887 [qtp1641661627-613] DEBUG o.s.c.c.CharSequenceEncoder - [6e891376] Writing "277. foo bar"
14:07:38.887 [qtp1641661627-613] DEBUG o.s.c.c.CharSequenceEncoder - [6e891376] Writing "278. foo bar"
14:07:38.887 [qtp1641661627-613] DEBUG o.s.c.c.CharSequenceEncoder - [6e891376] Writing "279. foo bar"
14:07:38.887 [qtp1641661627-613] DEBUG o.s.c.c.CharSequenceEncoder - [6e891376] Writing "280. foo bar"
14:07:38.888 [qtp1641661627-613] DEBUG o.s.c.c.CharSequenceEncoder - [6e891376] Writing "281. foo bar"
14:07:38.888 [qtp1641661627-613] DEBUG o.s.c.c.CharSequenceEncoder - [6e891376] Writing "282. foo bar"
14:07:38.888 [qtp1641661627-613] DEBUG o.s.c.c.CharSequenceEncoder - [6e891376] Writing "283. foo bar"
14:07:38.888 [qtp1641661627-613] DEBUG o.s.c.c.CharSequenceEncoder - [6e891376] Writing "284. foo bar"
14:07:38.888 [qtp1641661627-613] DEBUG o.s.c.c.CharSequenceEncoder - [6e891376] Writing "285. foo bar"
14:07:38.889 [qtp1641661627-613] DEBUG o.s.c.c.CharSequenceEncoder - [6e891376] Writing "286. foo bar"
14:07:38.889 [qtp1641661627-613] DEBUG o.s.c.c.CharSequenceEncoder - [6e891376] Writing "287. foo bar"
14:07:38.889 [qtp1641661627-613] DEBUG o.s.c.c.CharSequenceEncoder - [6e891376] Writing "288. foo bar"
14:07:38.889 [qtp1641661627-613] DEBUG o.s.c.c.CharSequenceEncoder - [6e891376] Writing "289. foo bar"
14:07:38.889 [qtp1641661627-613] DEBUG o.s.c.c.CharSequenceEncoder - [6e891376] Writing "290. foo bar"
14:07:38.890 [qtp1641661627-613] DEBUG o.s.c.c.CharSequenceEncoder - [6e891376] Writing "291. foo bar"
14:07:38.890 [qtp1641661627-613] DEBUG o.s.c.c.CharSequenceEncoder - [6e891376] Writing "292. foo bar"
14:07:38.890 [qtp1641661627-613] DEBUG o.s.c.c.CharSequenceEncoder - [6e891376] Writing "293. foo bar"
14:07:38.890 [qtp1641661627-613] DEBUG o.s.c.c.CharSequenceEncoder - [6e891376] Writing "294. foo bar"
14:07:38.890 [qtp1641661627-613] DEBUG o.s.c.c.CharSequenceEncoder - [6e891376] Writing "295. foo bar"
14:07:38.890 [qtp1641661627-613] DEBUG o.s.c.c.CharSequenceEncoder - [6e891376] Writing "296. foo bar"
14:07:38.891 [qtp1641661627-613] DEBUG o.s.c.c.CharSequenceEncoder - [6e891376] Writing "297. foo bar"
14:07:38.891 [qtp1641661627-613] DEBUG o.s.c.c.CharSequenceEncoder - [6e891376] Writing "298. foo bar"
14:07:38.891 [qtp1641661627-613] DEBUG o.s.c.c.CharSequenceEncoder - [6e891376] Writing "299. foo bar"
14:07:38.892 [qtp1641661627-613] DEBUG o.s.c.c.CharSequenceEncoder - [6e891376] Writing "300. foo bar"
14:07:38.892 [qtp1641661627-613] DEBUG o.s.c.c.CharSequenceEncoder - [6e891376] Writing "301. foo bar"
14:07:38.892 [qtp1641661627-613] DEBUG o.s.c.c.CharSequenceEncoder - [6e891376] Writing "302. foo bar"
14:07:38.892 [qtp1641661627-613] DEBUG o.s.c.c.CharSequenceEncoder - [6e891376] Writing "303. foo bar"
14:07:38.892 [qtp1641661627-613] DEBUG o.s.c.c.CharSequenceEncoder - [6e891376] Writing "304. foo bar"
14:07:38.892 [qtp1641661627-613] DEBUG o.s.c.c.CharSequenceEncoder - [6e891376] Writing "305. foo bar"
14:07:38.893 [qtp1641661627-613] DEBUG o.s.c.c.CharSequenceEncoder - [6e891376] Writing "306. foo bar"
14:07:38.893 [qtp1641661627-613] DEBUG o.s.c.c.CharSequenceEncoder - [6e891376] Writing "307. foo bar"
14:07:38.893 [qtp1641661627-613] DEBUG o.s.c.c.CharSequenceEncoder - [6e891376] Writing "308. foo bar"
14:07:38.893 [qtp1641661627-613] DEBUG o.s.c.c.CharSequenceEncoder - [6e891376] Writing "309. foo bar"
14:07:38.893 [qtp1641661627-613] DEBUG o.s.c.c.CharSequenceEncoder - [6e891376] Writing "310. foo bar"
14:07:38.893 [qtp1641661627-613] DEBUG o.s.c.c.CharSequenceEncoder - [6e891376] Writing "311. foo bar"
14:07:38.893 [qtp1641661627-613] DEBUG o.s.c.c.CharSequenceEncoder - [6e891376] Writing "312. foo bar"
14:07:38.894 [qtp1641661627-613] DEBUG o.s.c.c.CharSequenceEncoder - [6e891376] Writing "313. foo bar"
14:07:38.894 [qtp1641661627-613] DEBUG o.s.c.c.CharSequenceEncoder - [6e891376] Writing "314. foo bar"
14:07:38.894 [qtp1641661627-613] DEBUG o.s.c.c.CharSequenceEncoder - [6e891376] Writing "315. foo bar"
14:07:38.894 [qtp1641661627-613] DEBUG o.s.c.c.CharSequenceEncoder - [6e891376] Writing "316. foo bar"
14:07:38.894 [qtp1641661627-613] DEBUG o.s.c.c.CharSequenceEncoder - [6e891376] Writing "317. foo bar"
14:07:38.894 [qtp1641661627-613] DEBUG o.s.c.c.CharSequenceEncoder - [6e891376] Writing "318. foo bar"
14:07:38.895 [qtp1641661627-613] DEBUG o.s.c.c.CharSequenceEncoder - [6e891376] Writing "319. foo bar"
14:07:38.895 [qtp1641661627-613] DEBUG o.s.c.c.CharSequenceEncoder - [6e891376] Writing "320. foo bar"
14:07:38.895 [qtp1641661627-613] DEBUG o.s.c.c.CharSequenceEncoder - [6e891376] Writing "321. foo bar"
14:07:38.895 [qtp1641661627-613] DEBUG o.s.c.c.CharSequenceEncoder - [6e891376] Writing "322. foo bar"
14:07:38.895 [qtp1641661627-613] DEBUG o.s.c.c.CharSequenceEncoder - [6e891376] Writing "323. foo bar"
14:07:38.895 [qtp1641661627-613] DEBUG o.s.c.c.CharSequenceEncoder - [6e891376] Writing "324. foo bar"
14:07:38.895 [qtp1641661627-613] DEBUG o.s.c.c.CharSequenceEncoder - [6e891376] Writing "325. foo bar"
14:07:38.896 [qtp1641661627-613] DEBUG o.s.c.c.CharSequenceEncoder - [6e891376] Writing "326. foo bar"
14:07:38.896 [qtp1641661627-613] DEBUG o.s.c.c.CharSequenceEncoder - [6e891376] Writing "327. foo bar"
14:07:38.896 [qtp1641661627-613] DEBUG o.s.c.c.CharSequenceEncoder - [6e891376] Writing "328. foo bar"
14:07:38.896 [qtp1641661627-613] DEBUG o.s.c.c.CharSequenceEncoder - [6e891376] Writing "329. foo bar"
14:07:38.896 [qtp1641661627-613] DEBUG o.s.c.c.CharSequenceEncoder - [6e891376] Writing "330. foo bar"
14:07:38.896 [qtp1641661627-613] DEBUG o.s.c.c.CharSequenceEncoder - [6e891376] Writing "331. foo bar"
14:07:38.896 [qtp1641661627-613] DEBUG o.s.c.c.CharSequenceEncoder - [6e891376] Writing "332. foo bar"
14:07:38.896 [qtp1641661627-613] DEBUG o.s.c.c.CharSequenceEncoder - [6e891376] Writing "333. foo bar"
14:07:38.897 [qtp1641661627-613] DEBUG o.s.c.c.CharSequenceEncoder - [6e891376] Writing "334. foo bar"
14:07:38.897 [qtp1641661627-613] DEBUG o.s.c.c.CharSequenceEncoder - [6e891376] Writing "335. foo bar"
14:07:38.897 [qtp1641661627-613] DEBUG o.s.c.c.CharSequenceEncoder - [6e891376] Writing "336. foo bar"
14:07:38.897 [qtp1641661627-613] DEBUG o.s.c.c.CharSequenceEncoder - [6e891376] Writing "337. foo bar"
14:07:38.897 [qtp1641661627-613] DEBUG o.s.c.c.CharSequenceEncoder - [6e891376] Writing "338. foo bar"
14:07:38.897 [qtp1641661627-613] DEBUG o.s.c.c.CharSequenceEncoder - [6e891376] Writing "339. foo bar"
14:07:38.897 [qtp1641661627-613] DEBUG o.s.c.c.CharSequenceEncoder - [6e891376] Writing "340. foo bar"
14:07:38.897 [qtp1641661627-613] DEBUG o.s.c.c.CharSequenceEncoder - [6e891376] Writing "341. foo bar"
14:07:38.897 [qtp1641661627-613] DEBUG o.s.c.c.CharSequenceEncoder - [6e891376] Writing "342. foo bar"
14:07:38.898 [qtp1641661627-613] DEBUG o.s.c.c.CharSequenceEncoder - [6e891376] Writing "343. foo bar"
14:07:38.898 [qtp1641661627-613] DEBUG o.s.c.c.CharSequenceEncoder - [6e891376] Writing "344. foo bar"
14:07:38.898 [qtp1641661627-613] DEBUG o.s.c.c.CharSequenceEncoder - [6e891376] Writing "345. foo bar"
14:07:38.898 [qtp1641661627-613] DEBUG o.s.c.c.CharSequenceEncoder - [6e891376] Writing "346. foo bar"
14:07:38.898 [qtp1641661627-613] DEBUG o.s.c.c.CharSequenceEncoder - [6e891376] Writing "347. foo bar"
14:07:38.898 [qtp1641661627-613] DEBUG o.s.c.c.CharSequenceEncoder - [6e891376] Writing "348. foo bar"
14:07:38.898 [qtp1641661627-613] DEBUG o.s.c.c.CharSequenceEncoder - [6e891376] Writing "349. foo bar"
14:07:38.898 [qtp1641661627-613] DEBUG o.s.c.c.CharSequenceEncoder - [6e891376] Writing "350. foo bar"
14:07:38.899 [qtp1641661627-613] DEBUG o.s.c.c.CharSequenceEncoder - [6e891376] Writing "351. foo bar"
14:07:38.899 [qtp1641661627-613] DEBUG o.s.c.c.CharSequenceEncoder - [6e891376] Writing "352. foo bar"
14:07:38.899 [qtp1641661627-613] DEBUG o.s.c.c.CharSequenceEncoder - [6e891376] Writing "353. foo bar"
14:07:38.899 [qtp1641661627-613] DEBUG o.s.c.c.CharSequenceEncoder - [6e891376] Writing "354. foo bar"
14:07:38.899 [qtp1641661627-613] DEBUG o.s.c.c.CharSequenceEncoder - [6e891376] Writing "355. foo bar"
14:07:38.899 [qtp1641661627-613] DEBUG o.s.c.c.CharSequenceEncoder - [6e891376] Writing "356. foo bar"
14:07:38.899 [qtp1641661627-613] DEBUG o.s.c.c.CharSequenceEncoder - [6e891376] Writing "357. foo bar"
14:07:38.899 [qtp1641661627-613] DEBUG o.s.c.c.CharSequenceEncoder - [6e891376] Writing "358. foo bar"
14:07:38.900 [qtp1641661627-613] DEBUG o.s.c.c.CharSequenceEncoder - [6e891376] Writing "359. foo bar"
14:07:38.900 [qtp1641661627-613] DEBUG o.s.c.c.CharSequenceEncoder - [6e891376] Writing "360. foo bar"
14:07:38.900 [qtp1641661627-613] DEBUG o.s.c.c.CharSequenceEncoder - [6e891376] Writing "361. foo bar"
14:07:38.900 [qtp1641661627-613] DEBUG o.s.c.c.CharSequenceEncoder - [6e891376] Writing "362. foo bar"
14:07:38.900 [qtp1641661627-613] DEBUG o.s.c.c.CharSequenceEncoder - [6e891376] Writing "363. foo bar"
14:07:38.900 [qtp1641661627-613] DEBUG o.s.c.c.CharSequenceEncoder - [6e891376] Writing "364. foo bar"
14:07:38.900 [qtp1641661627-613] DEBUG o.s.c.c.CharSequenceEncoder - [6e891376] Writing "365. foo bar"
14:07:38.900 [qtp1641661627-613] DEBUG o.s.c.c.CharSequenceEncoder - [6e891376] Writing "366. foo bar"
14:07:38.901 [qtp1641661627-613] DEBUG o.s.c.c.CharSequenceEncoder - [6e891376] Writing "367. foo bar"
14:07:38.901 [qtp1641661627-613] DEBUG o.s.c.c.CharSequenceEncoder - [6e891376] Writing "368. foo bar"
14:07:38.901 [qtp1641661627-613] DEBUG o.s.c.c.CharSequenceEncoder - [6e891376] Writing "369. foo bar"
14:07:38.901 [qtp1641661627-613] DEBUG o.s.c.c.CharSequenceEncoder - [6e891376] Writing "370. foo bar"
14:07:38.901 [qtp1641661627-613] DEBUG o.s.c.c.CharSequenceEncoder - [6e891376] Writing "371. foo bar"
14:07:38.901 [qtp1641661627-613] DEBUG o.s.c.c.CharSequenceEncoder - [6e891376] Writing "372. foo bar"
14:07:38.901 [qtp1641661627-613] DEBUG o.s.c.c.CharSequenceEncoder - [6e891376] Writing "373. foo bar"
14:07:38.902 [qtp1641661627-613] DEBUG o.s.c.c.CharSequenceEncoder - [6e891376] Writing "374. foo bar"
14:07:38.902 [qtp1641661627-613] DEBUG o.s.c.c.CharSequenceEncoder - [6e891376] Writing "375. foo bar"
14:07:38.902 [qtp1641661627-613] DEBUG o.s.c.c.CharSequenceEncoder - [6e891376] Writing "376. foo bar"
14:07:38.902 [qtp1641661627-613] DEBUG o.s.c.c.CharSequenceEncoder - [6e891376] Writing "377. foo bar"
14:07:38.902 [qtp1641661627-613] DEBUG o.s.c.c.CharSequenceEncoder - [6e891376] Writing "378. foo bar"
14:07:38.902 [qtp1641661627-613] DEBUG o.s.c.c.CharSequenceEncoder - [6e891376] Writing "379. foo bar"
14:07:38.902 [qtp1641661627-613] DEBUG o.s.c.c.CharSequenceEncoder - [6e891376] Writing "380. foo bar"
14:07:38.902 [qtp1641661627-613] DEBUG o.s.c.c.CharSequenceEncoder - [6e891376] Writing "381. foo bar"
14:07:38.903 [qtp1641661627-613] DEBUG o.s.c.c.CharSequenceEncoder - [6e891376] Writing "382. foo bar"
14:07:38.903 [qtp1641661627-613] DEBUG o.s.c.c.CharSequenceEncoder - [6e891376] Writing "383. foo bar"
14:07:38.903 [qtp1641661627-613] DEBUG o.s.c.c.CharSequenceEncoder - [6e891376] Writing "384. foo bar"
14:07:38.903 [qtp1641661627-613] DEBUG o.s.c.c.CharSequenceEncoder - [6e891376] Writing "385. foo bar"
14:07:38.903 [qtp1641661627-613] DEBUG o.s.c.c.CharSequenceEncoder - [6e891376] Writing "386. foo bar"
14:07:38.903 [qtp1641661627-613] DEBUG o.s.c.c.CharSequenceEncoder - [6e891376] Writing "387. foo bar"
14:07:38.903 [qtp1641661627-613] DEBUG o.s.c.c.CharSequenceEncoder - [6e891376] Writing "388. foo bar"
14:07:38.903 [qtp1641661627-613] DEBUG o.s.c.c.CharSequenceEncoder - [6e891376] Writing "389. foo bar"
14:07:38.903 [qtp1641661627-613] DEBUG o.s.c.c.CharSequenceEncoder - [6e891376] Writing "390. foo bar"
14:07:38.904 [qtp1641661627-613] DEBUG o.s.c.c.CharSequenceEncoder - [6e891376] Writing "391. foo bar"
14:07:38.904 [qtp1641661627-613] DEBUG o.s.c.c.CharSequenceEncoder - [6e891376] Writing "392. foo bar"
14:07:38.904 [qtp1641661627-613] DEBUG o.s.c.c.CharSequenceEncoder - [6e891376] Writing "393. foo bar"
14:07:38.904 [qtp1641661627-613] DEBUG o.s.c.c.CharSequenceEncoder - [6e891376] Writing "394. foo bar"
14:07:38.904 [qtp1641661627-613] DEBUG o.s.c.c.CharSequenceEncoder - [6e891376] Writing "395. foo bar"
14:07:38.904 [qtp1641661627-613] DEBUG o.s.c.c.CharSequenceEncoder - [6e891376] Writing "396. foo bar"
14:07:38.904 [qtp1641661627-613] DEBUG o.s.c.c.CharSequenceEncoder - [6e891376] Writing "397. foo bar"
14:07:38.904 [qtp1641661627-613] DEBUG o.s.c.c.CharSequenceEncoder - [6e891376] Writing "398. foo bar"
14:07:38.905 [qtp1641661627-613] DEBUG o.s.c.c.CharSequenceEncoder - [6e891376] Writing "399. foo bar"
14:07:38.905 [qtp1641661627-613] DEBUG o.s.c.c.CharSequenceEncoder - [6e891376] Writing "400. foo bar"
14:07:38.905 [qtp1641661627-613] DEBUG o.s.c.c.CharSequenceEncoder - [6e891376] Writing "401. foo bar"
14:07:38.905 [qtp1641661627-613] DEBUG o.s.c.c.CharSequenceEncoder - [6e891376] Writing "402. foo bar"
14:07:38.905 [qtp1641661627-613] DEBUG o.s.c.c.CharSequenceEncoder - [6e891376] Writing "403. foo bar"
14:07:38.905 [qtp1641661627-613] DEBUG o.s.c.c.CharSequenceEncoder - [6e891376] Writing "404. foo bar"
14:07:38.905 [qtp1641661627-613] DEBUG o.s.c.c.CharSequenceEncoder - [6e891376] Writing "405. foo bar"
14:07:38.905 [qtp1641661627-613] DEBUG o.s.c.c.CharSequenceEncoder - [6e891376] Writing "406. foo bar"
14:07:38.906 [qtp1641661627-613] DEBUG o.s.c.c.CharSequenceEncoder - [6e891376] Writing "407. foo bar"
14:07:38.906 [qtp1641661627-613] DEBUG o.s.c.c.CharSequenceEncoder - [6e891376] Writing "408. foo bar"
14:07:38.906 [qtp1641661627-613] DEBUG o.s.c.c.CharSequenceEncoder - [6e891376] Writing "409. foo bar"
14:07:38.906 [qtp1641661627-613] DEBUG o.s.c.c.CharSequenceEncoder - [6e891376] Writing "410. foo bar"
14:07:38.906 [qtp1641661627-613] DEBUG o.s.c.c.CharSequenceEncoder - [6e891376] Writing "411. foo bar"
14:07:38.906 [qtp1641661627-613] DEBUG o.s.c.c.CharSequenceEncoder - [6e891376] Writing "412. foo bar"
14:07:38.906 [qtp1641661627-613] DEBUG o.s.c.c.CharSequenceEncoder - [6e891376] Writing "413. foo bar"
14:07:38.906 [qtp1641661627-613] DEBUG o.s.c.c.CharSequenceEncoder - [6e891376] Writing "414. foo bar"
14:07:38.906 [qtp1641661627-613] DEBUG o.s.c.c.CharSequenceEncoder - [6e891376] Writing "415. foo bar"
14:07:38.907 [qtp1641661627-613] DEBUG o.s.c.c.CharSequenceEncoder - [6e891376] Writing "416. foo bar"
14:07:38.907 [qtp1641661627-613] DEBUG o.s.c.c.CharSequenceEncoder - [6e891376] Writing "417. foo bar"
14:07:38.907 [qtp1641661627-613] DEBUG o.s.c.c.CharSequenceEncoder - [6e891376] Writing "418. foo bar"
14:07:38.907 [qtp1641661627-613] DEBUG o.s.c.c.CharSequenceEncoder - [6e891376] Writing "419. foo bar"
14:07:38.907 [qtp1641661627-613] DEBUG o.s.c.c.CharSequenceEncoder - [6e891376] Writing "420. foo bar"
14:07:38.907 [qtp1641661627-613] DEBUG o.s.c.c.CharSequenceEncoder - [6e891376] Writing "421. foo bar"
14:07:38.907 [qtp1641661627-613] DEBUG o.s.c.c.CharSequenceEncoder - [6e891376] Writing "422. foo bar"
14:07:38.907 [qtp1641661627-613] DEBUG o.s.c.c.CharSequenceEncoder - [6e891376] Writing "423. foo bar"
14:07:38.908 [qtp1641661627-613] DEBUG o.s.c.c.CharSequenceEncoder - [6e891376] Writing "424. foo bar"
14:07:38.908 [qtp1641661627-613] DEBUG o.s.c.c.CharSequenceEncoder - [6e891376] Writing "425. foo bar"
14:07:38.908 [qtp1641661627-613] DEBUG o.s.c.c.CharSequenceEncoder - [6e891376] Writing "426. foo bar"
14:07:38.908 [qtp1641661627-613] DEBUG o.s.c.c.CharSequenceEncoder - [6e891376] Writing "427. foo bar"
14:07:38.908 [qtp1641661627-613] DEBUG o.s.c.c.CharSequenceEncoder - [6e891376] Writing "428. foo bar"
14:07:38.908 [qtp1641661627-613] DEBUG o.s.c.c.CharSequenceEncoder - [6e891376] Writing "429. foo bar"
14:07:38.908 [qtp1641661627-613] DEBUG o.s.c.c.CharSequenceEncoder - [6e891376] Writing "430. foo bar"
14:07:38.909 [qtp1641661627-613] DEBUG o.s.c.c.CharSequenceEncoder - [6e891376] Writing "431. foo bar"
14:07:38.909 [qtp1641661627-613] DEBUG o.s.c.c.CharSequenceEncoder - [6e891376] Writing "432. foo bar"
14:07:38.909 [qtp1641661627-613] DEBUG o.s.c.c.CharSequenceEncoder - [6e891376] Writing "433. foo bar"
14:07:38.909 [qtp1641661627-613] DEBUG o.s.c.c.CharSequenceEncoder - [6e891376] Writing "434. foo bar"
14:07:38.909 [qtp1641661627-613] DEBUG o.s.c.c.CharSequenceEncoder - [6e891376] Writing "435. foo bar"
14:07:38.909 [qtp1641661627-613] DEBUG o.s.c.c.CharSequenceEncoder - [6e891376] Writing "436. foo bar"
14:07:38.909 [qtp1641661627-613] DEBUG o.s.c.c.CharSequenceEncoder - [6e891376] Writing "437. foo bar"
14:07:38.909 [qtp1641661627-613] DEBUG o.s.c.c.CharSequenceEncoder - [6e891376] Writing "438. foo bar"
14:07:38.909 [qtp1641661627-613] DEBUG o.s.c.c.CharSequenceEncoder - [6e891376] Writing "439. foo bar"
14:07:38.910 [qtp1641661627-613] DEBUG o.s.c.c.CharSequenceEncoder - [6e891376] Writing "440. foo bar"
14:07:38.910 [qtp1641661627-613] DEBUG o.s.c.c.CharSequenceEncoder - [6e891376] Writing "441. foo bar"
14:07:38.910 [qtp1641661627-613] DEBUG o.s.c.c.CharSequenceEncoder - [6e891376] Writing "442. foo bar"
14:07:38.910 [qtp1641661627-613] DEBUG o.s.c.c.CharSequenceEncoder - [6e891376] Writing "443. foo bar"
14:07:38.910 [qtp1641661627-613] DEBUG o.s.c.c.CharSequenceEncoder - [6e891376] Writing "444. foo bar"
14:07:38.910 [qtp1641661627-613] DEBUG o.s.c.c.CharSequenceEncoder - [6e891376] Writing "445. foo bar"
14:07:38.910 [qtp1641661627-613] DEBUG o.s.c.c.CharSequenceEncoder - [6e891376] Writing "446. foo bar"
14:07:38.910 [qtp1641661627-613] DEBUG o.s.c.c.CharSequenceEncoder - [6e891376] Writing "447. foo bar"
14:07:38.911 [qtp1641661627-613] DEBUG o.s.c.c.CharSequenceEncoder - [6e891376] Writing "448. foo bar"
14:07:38.911 [qtp1641661627-613] DEBUG o.s.c.c.CharSequenceEncoder - [6e891376] Writing "449. foo bar"
14:07:38.911 [qtp1641661627-613] DEBUG o.s.c.c.CharSequenceEncoder - [6e891376] Writing "450. foo bar"
14:07:38.911 [qtp1641661627-613] DEBUG o.s.c.c.CharSequenceEncoder - [6e891376] Writing "451. foo bar"
14:07:38.911 [qtp1641661627-613] DEBUG o.s.c.c.CharSequenceEncoder - [6e891376] Writing "452. foo bar"
14:07:38.911 [qtp1641661627-613] DEBUG o.s.c.c.CharSequenceEncoder - [6e891376] Writing "453. foo bar"
14:07:38.911 [qtp1641661627-613] DEBUG o.s.c.c.CharSequenceEncoder - [6e891376] Writing "454. foo bar"
14:07:38.911 [qtp1641661627-613] DEBUG o.s.c.c.CharSequenceEncoder - [6e891376] Writing "455. foo bar"
14:07:38.912 [qtp1641661627-613] DEBUG o.s.c.c.CharSequenceEncoder - [6e891376] Writing "456. foo bar"
14:07:38.912 [qtp1641661627-613] DEBUG o.s.c.c.CharSequenceEncoder - [6e891376] Writing "457. foo bar"
14:07:38.912 [qtp1641661627-613] DEBUG o.s.c.c.CharSequenceEncoder - [6e891376] Writing "458. foo bar"
14:07:38.912 [qtp1641661627-613] DEBUG o.s.c.c.CharSequenceEncoder - [6e891376] Writing "459. foo bar"
14:07:38.912 [qtp1641661627-613] DEBUG o.s.c.c.CharSequenceEncoder - [6e891376] Writing "460. foo bar"
14:07:38.912 [qtp1641661627-613] DEBUG o.s.c.c.CharSequenceEncoder - [6e891376] Writing "461. foo bar"
14:07:38.912 [qtp1641661627-613] DEBUG o.s.c.c.CharSequenceEncoder - [6e891376] Writing "462. foo bar"
14:07:38.912 [qtp1641661627-613] DEBUG o.s.c.c.CharSequenceEncoder - [6e891376] Writing "463. foo bar"
14:07:38.913 [qtp1641661627-613] DEBUG o.s.c.c.CharSequenceEncoder - [6e891376] Writing "464. foo bar"
14:07:38.913 [qtp1641661627-613] DEBUG o.s.c.c.CharSequenceEncoder - [6e891376] Writing "465. foo bar"
14:07:38.913 [qtp1641661627-613] DEBUG o.s.c.c.CharSequenceEncoder - [6e891376] Writing "466. foo bar"
14:07:38.913 [qtp1641661627-613] DEBUG o.s.c.c.CharSequenceEncoder - [6e891376] Writing "467. foo bar"
14:07:38.913 [qtp1641661627-613] DEBUG o.s.c.c.CharSequenceEncoder - [6e891376] Writing "468. foo bar"
14:07:38.913 [qtp1641661627-613] DEBUG o.s.c.c.CharSequenceEncoder - [6e891376] Writing "469. foo bar"
14:07:38.913 [qtp1641661627-613] DEBUG o.s.c.c.CharSequenceEncoder - [6e891376] Writing "470. foo bar"
14:07:38.913 [qtp1641661627-613] DEBUG o.s.c.c.CharSequenceEncoder - [6e891376] Writing "471. foo bar"
14:07:38.913 [qtp1641661627-613] DEBUG o.s.c.c.CharSequenceEncoder - [6e891376] Writing "472. foo bar"
14:07:38.914 [qtp1641661627-613] DEBUG o.s.c.c.CharSequenceEncoder - [6e891376] Writing "473. foo bar"
14:07:38.914 [qtp1641661627-613] DEBUG o.s.c.c.CharSequenceEncoder - [6e891376] Writing "474. foo bar"
14:07:38.914 [qtp1641661627-613] DEBUG o.s.c.c.CharSequenceEncoder - [6e891376] Writing "475. foo bar"
14:07:38.914 [qtp1641661627-613] DEBUG o.s.c.c.CharSequenceEncoder - [6e891376] Writing "476. foo bar"
14:07:38.916 [qtp1641661627-613] DEBUG o.s.c.c.CharSequenceEncoder - [6e891376] Writing "477. foo bar"
14:07:38.916 [qtp1641661627-613] DEBUG o.s.c.c.CharSequenceEncoder - [6e891376] Writing "478. foo bar"
14:07:38.917 [qtp1641661627-613] DEBUG o.s.c.c.CharSequenceEncoder - [6e891376] Writing "479. foo bar"
14:07:38.917 [qtp1641661627-613] DEBUG o.s.c.c.CharSequenceEncoder - [6e891376] Writing "480. foo bar"
14:07:38.917 [qtp1641661627-613] DEBUG o.s.c.c.CharSequenceEncoder - [6e891376] Writing "481. foo bar"
14:07:38.917 [qtp1641661627-613] DEBUG o.s.c.c.CharSequenceEncoder - [6e891376] Writing "482. foo bar"
14:07:38.917 [qtp1641661627-613] DEBUG o.s.c.c.CharSequenceEncoder - [6e891376] Writing "483. foo bar"
14:07:38.917 [qtp1641661627-613] DEBUG o.s.c.c.CharSequenceEncoder - [6e891376] Writing "484. foo bar"
14:07:38.917 [qtp1641661627-613] DEBUG o.s.c.c.CharSequenceEncoder - [6e891376] Writing "485. foo bar"
14:07:38.917 [qtp1641661627-613] DEBUG o.s.c.c.CharSequenceEncoder - [6e891376] Writing "486. foo bar"
14:07:38.925 [qtp1641661627-613] DEBUG o.s.c.c.CharSequenceEncoder - [6e891376] Writing "487. foo bar"
14:07:38.925 [qtp1641661627-613] DEBUG o.s.c.c.CharSequenceEncoder - [6e891376] Writing "488. foo bar"
14:07:38.925 [qtp1641661627-613] DEBUG o.s.c.c.CharSequenceEncoder - [6e891376] Writing "489. foo bar"
14:07:38.926 [qtp1641661627-613] DEBUG o.s.c.c.CharSequenceEncoder - [6e891376] Writing "490. foo bar"
14:07:38.926 [qtp1641661627-613] DEBUG o.s.c.c.CharSequenceEncoder - [6e891376] Writing "491. foo bar"
14:07:38.926 [qtp1641661627-613] DEBUG o.s.c.c.CharSequenceEncoder - [6e891376] Writing "492. foo bar"
14:07:38.926 [qtp1641661627-613] DEBUG o.s.c.c.CharSequenceEncoder - [6e891376] Writing "493. foo bar"
14:07:38.926 [qtp1641661627-613] DEBUG o.s.c.c.CharSequenceEncoder - [6e891376] Writing "494. foo bar"
14:07:38.926 [qtp1641661627-613] DEBUG o.s.c.c.CharSequenceEncoder - [6e891376] Writing "495. foo bar"
14:07:38.926 [qtp1641661627-613] DEBUG o.s.c.c.CharSequenceEncoder - [6e891376] Writing "496. foo bar"
14:07:38.926 [qtp1641661627-613] DEBUG o.s.c.c.CharSequenceEncoder - [6e891376] Writing "497. foo bar"
14:07:38.926 [qtp1641661627-613] DEBUG o.s.c.c.CharSequenceEncoder - [6e891376] Writing "498. foo bar"
14:07:38.927 [qtp1641661627-613] DEBUG o.s.c.c.CharSequenceEncoder - [6e891376] Writing "499. foo bar"
14:07:38.927 [qtp1641661627-613] DEBUG o.s.c.c.CharSequenceEncoder - [6e891376] Writing "500. foo bar"
14:07:38.927 [qtp1641661627-613] DEBUG o.s.c.c.CharSequenceEncoder - [6e891376] Writing "501. foo bar"
14:07:38.928 [qtp1641661627-613] DEBUG o.s.c.c.CharSequenceEncoder - [6e891376] Writing "502. foo bar"
14:07:38.929 [qtp1641661627-613] DEBUG o.s.c.c.CharSequenceEncoder - [6e891376] Writing "503. foo bar"
14:07:38.929 [qtp1641661627-613] DEBUG o.s.c.c.CharSequenceEncoder - [6e891376] Writing "504. foo bar"
14:07:38.929 [qtp1641661627-613] DEBUG o.s.c.c.CharSequenceEncoder - [6e891376] Writing "505. foo bar"
14:07:38.929 [qtp1641661627-613] DEBUG o.s.c.c.CharSequenceEncoder - [6e891376] Writing "506. foo bar"
14:07:38.930 [qtp1641661627-613] DEBUG o.s.c.c.CharSequenceEncoder - [6e891376] Writing "507. foo bar"
14:07:38.930 [qtp1641661627-613] DEBUG o.s.c.c.CharSequenceEncoder - [6e891376] Writing "508. foo bar"
14:07:38.930 [qtp1641661627-613] DEBUG o.s.c.c.CharSequenceEncoder - [6e891376] Writing "509. foo bar"
14:07:38.930 [qtp1641661627-613] DEBUG o.s.c.c.CharSequenceEncoder - [6e891376] Writing "510. foo bar"
14:07:38.930 [qtp1641661627-613] DEBUG o.s.c.c.CharSequenceEncoder - [6e891376] Writing "511. foo bar"
14:07:38.931 [qtp1641661627-613] DEBUG o.s.c.c.CharSequenceEncoder - [6e891376] Writing "512. foo bar"
14:07:38.931 [qtp1641661627-613] DEBUG o.s.c.c.CharSequenceEncoder - [6e891376] Writing "513. foo bar"
14:07:38.931 [qtp1641661627-613] DEBUG o.s.c.c.CharSequenceEncoder - [6e891376] Writing "514. foo bar"
14:07:38.932 [qtp1641661627-613] DEBUG o.s.c.c.CharSequenceEncoder - [6e891376] Writing "515. foo bar"
14:07:38.932 [qtp1641661627-613] DEBUG o.s.c.c.CharSequenceEncoder - [6e891376] Writing "516. foo bar"
14:07:38.932 [qtp1641661627-613] DEBUG o.s.c.c.CharSequenceEncoder - [6e891376] Writing "517. foo bar"
14:07:38.932 [qtp1641661627-613] DEBUG o.s.c.c.CharSequenceEncoder - [6e891376] Writing "518. foo bar"
14:07:38.932 [qtp1641661627-613] DEBUG o.s.c.c.CharSequenceEncoder - [6e891376] Writing "519. foo bar"
14:07:38.933 [qtp1641661627-613] DEBUG o.s.c.c.CharSequenceEncoder - [6e891376] Writing "520. foo bar"
14:07:38.933 [qtp1641661627-613] DEBUG o.s.c.c.CharSequenceEncoder - [6e891376] Writing "521. foo bar"
14:07:38.933 [qtp1641661627-613] DEBUG o.s.c.c.CharSequenceEncoder - [6e891376] Writing "522. foo bar"
14:07:38.933 [qtp1641661627-613] DEBUG o.s.c.c.CharSequenceEncoder - [6e891376] Writing "523. foo bar"
14:07:38.933 [qtp1641661627-613] DEBUG o.s.c.c.CharSequenceEncoder - [6e891376] Writing "524. foo bar"
14:07:38.933 [qtp1641661627-613] DEBUG o.s.c.c.CharSequenceEncoder - [6e891376] Writing "525. foo bar"
14:07:38.934 [qtp1641661627-613] DEBUG o.s.c.c.CharSequenceEncoder - [6e891376] Writing "526. foo bar"
14:07:38.934 [qtp1641661627-613] DEBUG o.s.c.c.CharSequenceEncoder - [6e891376] Writing "527. foo bar"
14:07:38.934 [qtp1641661627-613] DEBUG o.s.c.c.CharSequenceEncoder - [6e891376] Writing "528. foo bar"
14:07:38.934 [qtp1641661627-613] DEBUG o.s.c.c.CharSequenceEncoder - [6e891376] Writing "529. foo bar"
14:07:38.934 [qtp1641661627-613] DEBUG o.s.c.c.CharSequenceEncoder - [6e891376] Writing "530. foo bar"
14:07:38.935 [qtp1641661627-613] DEBUG o.s.c.c.CharSequenceEncoder - [6e891376] Writing "531. foo bar"
14:07:38.935 [qtp1641661627-613] DEBUG o.s.c.c.CharSequenceEncoder - [6e891376] Writing "532. foo bar"
14:07:38.935 [qtp1641661627-613] DEBUG o.s.c.c.CharSequenceEncoder - [6e891376] Writing "533. foo bar"
14:07:38.935 [qtp1641661627-613] DEBUG o.s.c.c.CharSequenceEncoder - [6e891376] Writing "534. foo bar"
14:07:38.935 [qtp1641661627-613] DEBUG o.s.c.c.CharSequenceEncoder - [6e891376] Writing "535. foo bar"
14:07:38.936 [qtp1641661627-613] DEBUG o.s.c.c.CharSequenceEncoder - [6e891376] Writing "536. foo bar"
14:07:38.936 [qtp1641661627-613] DEBUG o.s.c.c.CharSequenceEncoder - [6e891376] Writing "537. foo bar"
14:07:38.936 [qtp1641661627-613] DEBUG o.s.c.c.CharSequenceEncoder - [6e891376] Writing "538. foo bar"
14:07:38.937 [qtp1641661627-613] DEBUG o.s.c.c.CharSequenceEncoder - [6e891376] Writing "539. foo bar"
14:07:38.937 [qtp1641661627-613] DEBUG o.s.c.c.CharSequenceEncoder - [6e891376] Writing "540. foo bar"
14:07:38.937 [qtp1641661627-613] DEBUG o.s.c.c.CharSequenceEncoder - [6e891376] Writing "541. foo bar"
14:07:38.938 [qtp1641661627-613] DEBUG o.s.c.c.CharSequenceEncoder - [6e891376] Writing "542. foo bar"
14:07:38.938 [qtp1641661627-613] DEBUG o.s.c.c.CharSequenceEncoder - [6e891376] Writing "543. foo bar"
14:07:38.938 [qtp1641661627-613] DEBUG o.s.c.c.CharSequenceEncoder - [6e891376] Writing "544. foo bar"
14:07:38.938 [qtp1641661627-613] DEBUG o.s.c.c.CharSequenceEncoder - [6e891376] Writing "545. foo bar"
14:07:38.938 [qtp1641661627-613] DEBUG o.s.c.c.CharSequenceEncoder - [6e891376] Writing "546. foo bar"
14:07:38.938 [qtp1641661627-613] DEBUG o.s.c.c.CharSequenceEncoder - [6e891376] Writing "547. foo bar"
14:07:38.938 [qtp1641661627-613] DEBUG o.s.c.c.CharSequenceEncoder - [6e891376] Writing "548. foo bar"
14:07:38.939 [qtp1641661627-613] DEBUG o.s.c.c.CharSequenceEncoder - [6e891376] Writing "549. foo bar"
14:07:38.939 [qtp1641661627-613] DEBUG o.s.c.c.CharSequenceEncoder - [6e891376] Writing "550. foo bar"
14:07:38.939 [qtp1641661627-613] DEBUG o.s.c.c.CharSequenceEncoder - [6e891376] Writing "551. foo bar"
14:07:38.939 [qtp1641661627-613] DEBUG o.s.c.c.CharSequenceEncoder - [6e891376] Writing "552. foo bar"
14:07:38.939 [qtp1641661627-613] DEBUG o.s.c.c.CharSequenceEncoder - [6e891376] Writing "553. foo bar"
14:07:38.939 [qtp1641661627-613] DEBUG o.s.c.c.CharSequenceEncoder - [6e891376] Writing "554. foo bar"
14:07:38.939 [qtp1641661627-613] DEBUG o.s.c.c.CharSequenceEncoder - [6e891376] Writing "555. foo bar"
14:07:38.939 [qtp1641661627-613] DEBUG o.s.c.c.CharSequenceEncoder - [6e891376] Writing "556. foo bar"
14:07:38.940 [qtp1641661627-613] DEBUG o.s.c.c.CharSequenceEncoder - [6e891376] Writing "557. foo bar"
14:07:38.940 [qtp1641661627-613] DEBUG o.s.c.c.CharSequenceEncoder - [6e891376] Writing "558. foo bar"
14:07:38.940 [qtp1641661627-613] DEBUG o.s.c.c.CharSequenceEncoder - [6e891376] Writing "559. foo bar"
14:07:38.940 [qtp1641661627-613] DEBUG o.s.c.c.CharSequenceEncoder - [6e891376] Writing "560. foo bar"
14:07:38.940 [qtp1641661627-613] DEBUG o.s.c.c.CharSequenceEncoder - [6e891376] Writing "561. foo bar"
14:07:38.940 [qtp1641661627-613] DEBUG o.s.c.c.CharSequenceEncoder - [6e891376] Writing "562. foo bar"
14:07:38.940 [qtp1641661627-613] DEBUG o.s.c.c.CharSequenceEncoder - [6e891376] Writing "563. foo bar"
14:07:38.941 [qtp1641661627-613] DEBUG o.s.c.c.CharSequenceEncoder - [6e891376] Writing "564. foo bar"
14:07:38.941 [qtp1641661627-613] DEBUG o.s.c.c.CharSequenceEncoder - [6e891376] Writing "565. foo bar"
14:07:38.941 [qtp1641661627-613] DEBUG o.s.c.c.CharSequenceEncoder - [6e891376] Writing "566. foo bar"
14:07:38.941 [qtp1641661627-613] DEBUG o.s.c.c.CharSequenceEncoder - [6e891376] Writing "567. foo bar"
14:07:38.942 [qtp1641661627-613] DEBUG o.s.c.c.CharSequenceEncoder - [6e891376] Writing "568. foo bar"
14:07:38.942 [qtp1641661627-613] DEBUG o.s.c.c.CharSequenceEncoder - [6e891376] Writing "569. foo bar"
14:07:38.942 [qtp1641661627-613] DEBUG o.s.c.c.CharSequenceEncoder - [6e891376] Writing "570. foo bar"
14:07:38.942 [qtp1641661627-613] DEBUG o.s.c.c.CharSequenceEncoder - [6e891376] Writing "571. foo bar"
14:07:38.942 [qtp1641661627-613] DEBUG o.s.c.c.CharSequenceEncoder - [6e891376] Writing "572. foo bar"
14:07:38.943 [qtp1641661627-613] DEBUG o.s.c.c.CharSequenceEncoder - [6e891376] Writing "573. foo bar"
14:07:38.943 [qtp1641661627-613] DEBUG o.s.c.c.CharSequenceEncoder - [6e891376] Writing "574. foo bar"
14:07:38.943 [qtp1641661627-613] DEBUG o.s.c.c.CharSequenceEncoder - [6e891376] Writing "575. foo bar"
14:07:38.943 [qtp1641661627-613] DEBUG o.s.c.c.CharSequenceEncoder - [6e891376] Writing "576. foo bar"
14:07:38.943 [qtp1641661627-613] DEBUG o.s.c.c.CharSequenceEncoder - [6e891376] Writing "577. foo bar"
14:07:38.944 [qtp1641661627-613] DEBUG o.s.c.c.CharSequenceEncoder - [6e891376] Writing "578. foo bar"
14:07:38.944 [qtp1641661627-613] DEBUG o.s.c.c.CharSequenceEncoder - [6e891376] Writing "579. foo bar"
14:07:38.944 [qtp1641661627-613] DEBUG o.s.c.c.CharSequenceEncoder - [6e891376] Writing "580. foo bar"
14:07:38.944 [qtp1641661627-613] DEBUG o.s.c.c.CharSequenceEncoder - [6e891376] Writing "581. foo bar"
14:07:38.944 [qtp1641661627-613] DEBUG o.s.c.c.CharSequenceEncoder - [6e891376] Writing "582. foo bar"
14:07:38.945 [qtp1641661627-613] DEBUG o.s.c.c.CharSequenceEncoder - [6e891376] Writing "583. foo bar"
14:07:38.945 [qtp1641661627-613] DEBUG o.s.c.c.CharSequenceEncoder - [6e891376] Writing "584. foo bar"
14:07:38.945 [qtp1641661627-613] DEBUG o.s.c.c.CharSequenceEncoder - [6e891376] Writing "585. foo bar"
14:07:38.945 [qtp1641661627-613] DEBUG o.s.c.c.CharSequenceEncoder - [6e891376] Writing "586. foo bar"
14:07:38.945 [qtp1641661627-613] DEBUG o.s.c.c.CharSequenceEncoder - [6e891376] Writing "587. foo bar"
14:07:38.945 [qtp1641661627-613] DEBUG o.s.c.c.CharSequenceEncoder - [6e891376] Writing "588. foo bar"
14:07:38.945 [qtp1641661627-613] DEBUG o.s.c.c.CharSequenceEncoder - [6e891376] Writing "589. foo bar"
14:07:38.945 [qtp1641661627-613] DEBUG o.s.c.c.CharSequenceEncoder - [6e891376] Writing "590. foo bar"
14:07:38.945 [qtp1641661627-613] DEBUG o.s.c.c.CharSequenceEncoder - [6e891376] Writing "591. foo bar"
14:07:38.946 [qtp1641661627-613] DEBUG o.s.c.c.CharSequenceEncoder - [6e891376] Writing "592. foo bar"
14:07:38.946 [qtp1641661627-613] DEBUG o.s.c.c.CharSequenceEncoder - [6e891376] Writing "593. foo bar"
14:07:38.946 [qtp1641661627-613] DEBUG o.s.c.c.CharSequenceEncoder - [6e891376] Writing "594. foo bar"
14:07:38.946 [qtp1641661627-613] DEBUG o.s.c.c.CharSequenceEncoder - [6e891376] Writing "595. foo bar"
14:07:38.946 [qtp1641661627-613] DEBUG o.s.c.c.CharSequenceEncoder - [6e891376] Writing "596. foo bar"
14:07:38.946 [qtp1641661627-613] DEBUG o.s.c.c.CharSequenceEncoder - [6e891376] Writing "597. foo bar"
14:07:38.947 [qtp1641661627-613] DEBUG o.s.c.c.CharSequenceEncoder - [6e891376] Writing "598. foo bar"
14:07:38.947 [qtp1641661627-613] DEBUG o.s.c.c.CharSequenceEncoder - [6e891376] Writing "599. foo bar"
14:07:38.947 [qtp1641661627-613] DEBUG o.s.c.c.CharSequenceEncoder - [6e891376] Writing "600. foo bar"
14:07:38.947 [qtp1641661627-613] DEBUG o.s.c.c.CharSequenceEncoder - [6e891376] Writing "601. foo bar"
14:07:38.948 [qtp1641661627-613] DEBUG o.s.c.c.CharSequenceEncoder - [6e891376] Writing "602. foo bar"
14:07:38.948 [qtp1641661627-613] DEBUG o.s.c.c.CharSequenceEncoder - [6e891376] Writing "603. foo bar"
14:07:38.948 [qtp1641661627-613] DEBUG o.s.c.c.CharSequenceEncoder - [6e891376] Writing "604. foo bar"
14:07:38.948 [qtp1641661627-613] DEBUG o.s.c.c.CharSequenceEncoder - [6e891376] Writing "605. foo bar"
14:07:38.948 [qtp1641661627-613] DEBUG o.s.c.c.CharSequenceEncoder - [6e891376] Writing "606. foo bar"
14:07:38.949 [qtp1641661627-613] DEBUG o.s.c.c.CharSequenceEncoder - [6e891376] Writing "607. foo bar"
14:07:38.949 [qtp1641661627-613] DEBUG o.s.c.c.CharSequenceEncoder - [6e891376] Writing "608. foo bar"
14:07:38.949 [qtp1641661627-613] DEBUG o.s.c.c.CharSequenceEncoder - [6e891376] Writing "609. foo bar"
14:07:38.949 [qtp1641661627-613] DEBUG o.s.c.c.CharSequenceEncoder - [6e891376] Writing "610. foo bar"
14:07:38.949 [qtp1641661627-613] DEBUG o.s.c.c.CharSequenceEncoder - [6e891376] Writing "611. foo bar"
14:07:38.949 [qtp1641661627-613] DEBUG o.s.c.c.CharSequenceEncoder - [6e891376] Writing "612. foo bar"
14:07:38.949 [qtp1641661627-613] DEBUG o.s.c.c.CharSequenceEncoder - [6e891376] Writing "613. foo bar"
14:07:38.950 [qtp1641661627-613] DEBUG o.s.c.c.CharSequenceEncoder - [6e891376] Writing "614. foo bar"
14:07:38.950 [qtp1641661627-613] DEBUG o.s.c.c.CharSequenceEncoder - [6e891376] Writing "615. foo bar"
14:07:38.950 [qtp1641661627-613] DEBUG o.s.c.c.CharSequenceEncoder - [6e891376] Writing "616. foo bar"
14:07:38.950 [qtp1641661627-613] DEBUG o.s.c.c.CharSequenceEncoder - [6e891376] Writing "617. foo bar"
14:07:38.950 [qtp1641661627-613] DEBUG o.s.c.c.CharSequenceEncoder - [6e891376] Writing "618. foo bar"
14:07:38.950 [qtp1641661627-613] DEBUG o.s.c.c.CharSequenceEncoder - [6e891376] Writing "619. foo bar"
14:07:38.951 [qtp1641661627-613] DEBUG o.s.c.c.CharSequenceEncoder - [6e891376] Writing "620. foo bar"
14:07:38.951 [qtp1641661627-613] DEBUG o.s.c.c.CharSequenceEncoder - [6e891376] Writing "621. foo bar"
14:07:38.951 [qtp1641661627-613] DEBUG o.s.c.c.CharSequenceEncoder - [6e891376] Writing "622. foo bar"
14:07:38.951 [qtp1641661627-613] DEBUG o.s.c.c.CharSequenceEncoder - [6e891376] Writing "623. foo bar"
14:07:38.951 [qtp1641661627-613] DEBUG o.s.c.c.CharSequenceEncoder - [6e891376] Writing "624. foo bar"
14:07:38.951 [qtp1641661627-613] DEBUG o.s.c.c.CharSequenceEncoder - [6e891376] Writing "625. foo bar"
14:07:38.951 [qtp1641661627-613] DEBUG o.s.c.c.CharSequenceEncoder - [6e891376] Writing "626. foo bar"
14:07:38.952 [qtp1641661627-613] DEBUG o.s.c.c.CharSequenceEncoder - [6e891376] Writing "627. foo bar"
14:07:38.952 [qtp1641661627-613] DEBUG o.s.c.c.CharSequenceEncoder - [6e891376] Writing "628. foo bar"
14:07:38.952 [qtp1641661627-613] DEBUG o.s.c.c.CharSequenceEncoder - [6e891376] Writing "629. foo bar"
14:07:38.952 [qtp1641661627-613] DEBUG o.s.c.c.CharSequenceEncoder - [6e891376] Writing "630. foo bar"
14:07:38.952 [qtp1641661627-613] DEBUG o.s.c.c.CharSequenceEncoder - [6e891376] Writing "631. foo bar"
14:07:38.952 [qtp1641661627-613] DEBUG o.s.c.c.CharSequenceEncoder - [6e891376] Writing "632. foo bar"
14:07:38.952 [qtp1641661627-613] DEBUG o.s.c.c.CharSequenceEncoder - [6e891376] Writing "633. foo bar"
14:07:38.952 [qtp1641661627-613] DEBUG o.s.c.c.CharSequenceEncoder - [6e891376] Writing "634. foo bar"
14:07:38.952 [qtp1641661627-613] DEBUG o.s.c.c.CharSequenceEncoder - [6e891376] Writing "635. foo bar"
14:07:38.952 [qtp1641661627-613] DEBUG o.s.c.c.CharSequenceEncoder - [6e891376] Writing "636. foo bar"
14:07:38.953 [qtp1641661627-613] DEBUG o.s.c.c.CharSequenceEncoder - [6e891376] Writing "637. foo bar"
14:07:38.953 [qtp1641661627-613] DEBUG o.s.c.c.CharSequenceEncoder - [6e891376] Writing "638. foo bar"
14:07:38.953 [qtp1641661627-613] DEBUG o.s.c.c.CharSequenceEncoder - [6e891376] Writing "639. foo bar"
14:07:38.953 [qtp1641661627-613] DEBUG o.s.c.c.CharSequenceEncoder - [6e891376] Writing "640. foo bar"
14:07:38.953 [qtp1641661627-613] DEBUG o.s.c.c.CharSequenceEncoder - [6e891376] Writing "641. foo bar"
14:07:38.953 [qtp1641661627-613] DEBUG o.s.c.c.CharSequenceEncoder - [6e891376] Writing "642. foo bar"
14:07:38.953 [qtp1641661627-613] DEBUG o.s.c.c.CharSequenceEncoder - [6e891376] Writing "643. foo bar"
14:07:38.953 [qtp1641661627-613] DEBUG o.s.c.c.CharSequenceEncoder - [6e891376] Writing "644. foo bar"
14:07:38.953 [qtp1641661627-613] DEBUG o.s.c.c.CharSequenceEncoder - [6e891376] Writing "645. foo bar"
14:07:38.953 [qtp1641661627-613] DEBUG o.s.c.c.CharSequenceEncoder - [6e891376] Writing "646. foo bar"
14:07:38.953 [qtp1641661627-613] DEBUG o.s.c.c.CharSequenceEncoder - [6e891376] Writing "647. foo bar"
14:07:38.954 [qtp1641661627-613] DEBUG o.s.c.c.CharSequenceEncoder - [6e891376] Writing "648. foo bar"
14:07:38.954 [qtp1641661627-613] DEBUG o.s.c.c.CharSequenceEncoder - [6e891376] Writing "649. foo bar"
14:07:38.954 [qtp1641661627-613] DEBUG o.s.c.c.CharSequenceEncoder - [6e891376] Writing "650. foo bar"
14:07:38.954 [qtp1641661627-613] DEBUG o.s.c.c.CharSequenceEncoder - [6e891376] Writing "651. foo bar"
14:07:38.954 [qtp1641661627-613] DEBUG o.s.c.c.CharSequenceEncoder - [6e891376] Writing "652. foo bar"
14:07:38.954 [qtp1641661627-613] DEBUG o.s.c.c.CharSequenceEncoder - [6e891376] Writing "653. foo bar"
14:07:38.954 [qtp1641661627-613] DEBUG o.s.c.c.CharSequenceEncoder - [6e891376] Writing "654. foo bar"
14:07:38.954 [qtp1641661627-613] DEBUG o.s.c.c.CharSequenceEncoder - [6e891376] Writing "655. foo bar"
14:07:38.954 [qtp1641661627-613] DEBUG o.s.c.c.CharSequenceEncoder - [6e891376] Writing "656. foo bar"
14:07:38.954 [qtp1641661627-613] DEBUG o.s.c.c.CharSequenceEncoder - [6e891376] Writing "657. foo bar"
14:07:38.954 [qtp1641661627-613] DEBUG o.s.c.c.CharSequenceEncoder - [6e891376] Writing "658. foo bar"
14:07:38.955 [qtp1641661627-613] DEBUG o.s.c.c.CharSequenceEncoder - [6e891376] Writing "659. foo bar"
14:07:38.955 [qtp1641661627-613] DEBUG o.s.c.c.CharSequenceEncoder - [6e891376] Writing "660. foo bar"
14:07:38.955 [qtp1641661627-613] DEBUG o.s.c.c.CharSequenceEncoder - [6e891376] Writing "661. foo bar"
14:07:38.955 [qtp1641661627-613] DEBUG o.s.c.c.CharSequenceEncoder - [6e891376] Writing "662. foo bar"
14:07:38.955 [qtp1641661627-613] DEBUG o.s.c.c.CharSequenceEncoder - [6e891376] Writing "663. foo bar"
14:07:38.955 [qtp1641661627-613] DEBUG o.s.c.c.CharSequenceEncoder - [6e891376] Writing "664. foo bar"
14:07:38.955 [qtp1641661627-613] DEBUG o.s.c.c.CharSequenceEncoder - [6e891376] Writing "665. foo bar"
14:07:38.955 [qtp1641661627-613] DEBUG o.s.c.c.CharSequenceEncoder - [6e891376] Writing "666. foo bar"
14:07:38.955 [qtp1641661627-613] DEBUG o.s.c.c.CharSequenceEncoder - [6e891376] Writing "667. foo bar"
14:07:38.955 [qtp1641661627-613] DEBUG o.s.c.c.CharSequenceEncoder - [6e891376] Writing "668. foo bar"
14:07:38.956 [qtp1641661627-613] DEBUG o.s.c.c.CharSequenceEncoder - [6e891376] Writing "669. foo bar"
14:07:38.956 [qtp1641661627-613] DEBUG o.s.c.c.CharSequenceEncoder - [6e891376] Writing "670. foo bar"
14:07:38.956 [qtp1641661627-613] DEBUG o.s.c.c.CharSequenceEncoder - [6e891376] Writing "671. foo bar"
14:07:38.956 [qtp1641661627-613] DEBUG o.s.c.c.CharSequenceEncoder - [6e891376] Writing "672. foo bar"
14:07:38.956 [qtp1641661627-613] DEBUG o.s.c.c.CharSequenceEncoder - [6e891376] Writing "673. foo bar"
14:07:38.956 [qtp1641661627-613] DEBUG o.s.c.c.CharSequenceEncoder - [6e891376] Writing "674. foo bar"
14:07:38.956 [qtp1641661627-613] DEBUG o.s.c.c.CharSequenceEncoder - [6e891376] Writing "675. foo bar"
14:07:38.956 [qtp1641661627-613] DEBUG o.s.c.c.CharSequenceEncoder - [6e891376] Writing "676. foo bar"
14:07:38.957 [qtp1641661627-613] DEBUG o.s.c.c.CharSequenceEncoder - [6e891376] Writing "677. foo bar"
14:07:38.957 [qtp1641661627-613] DEBUG o.s.c.c.CharSequenceEncoder - [6e891376] Writing "678. foo bar"
14:07:38.957 [qtp1641661627-613] DEBUG o.s.c.c.CharSequenceEncoder - [6e891376] Writing "679. foo bar"
14:07:38.957 [qtp1641661627-613] DEBUG o.s.c.c.CharSequenceEncoder - [6e891376] Writing "680. foo bar"
14:07:38.957 [qtp1641661627-613] DEBUG o.s.c.c.CharSequenceEncoder - [6e891376] Writing "681. foo bar"
14:07:38.957 [qtp1641661627-613] DEBUG o.s.c.c.CharSequenceEncoder - [6e891376] Writing "682. foo bar"
14:07:38.957 [qtp1641661627-613] DEBUG o.s.c.c.CharSequenceEncoder - [6e891376] Writing "683. foo bar"
14:07:38.957 [qtp1641661627-613] DEBUG o.s.c.c.CharSequenceEncoder - [6e891376] Writing "684. foo bar"
14:07:38.957 [qtp1641661627-613] DEBUG o.s.c.c.CharSequenceEncoder - [6e891376] Writing "685. foo bar"
14:07:38.957 [qtp1641661627-613] DEBUG o.s.c.c.CharSequenceEncoder - [6e891376] Writing "686. foo bar"
14:07:38.957 [qtp1641661627-613] DEBUG o.s.c.c.CharSequenceEncoder - [6e891376] Writing "687. foo bar"
14:07:38.958 [qtp1641661627-613] DEBUG o.s.c.c.CharSequenceEncoder - [6e891376] Writing "688. foo bar"
14:07:38.958 [qtp1641661627-613] DEBUG o.s.c.c.CharSequenceEncoder - [6e891376] Writing "689. foo bar"
14:07:38.958 [qtp1641661627-613] DEBUG o.s.c.c.CharSequenceEncoder - [6e891376] Writing "690. foo bar"
14:07:38.958 [qtp1641661627-613] DEBUG o.s.c.c.CharSequenceEncoder - [6e891376] Writing "691. foo bar"
14:07:38.958 [qtp1641661627-613] DEBUG o.s.c.c.CharSequenceEncoder - [6e891376] Writing "692. foo bar"
14:07:38.958 [qtp1641661627-613] DEBUG o.s.c.c.CharSequenceEncoder - [6e891376] Writing "693. foo bar"
14:07:38.958 [qtp1641661627-613] DEBUG o.s.c.c.CharSequenceEncoder - [6e891376] Writing "694. foo bar"
14:07:38.958 [qtp1641661627-613] DEBUG o.s.c.c.CharSequenceEncoder - [6e891376] Writing "695. foo bar"
14:07:38.958 [qtp1641661627-613] DEBUG o.s.c.c.CharSequenceEncoder - [6e891376] Writing "696. foo bar"
14:07:38.958 [qtp1641661627-613] DEBUG o.s.c.c.CharSequenceEncoder - [6e891376] Writing "697. foo bar"
14:07:38.958 [qtp1641661627-613] DEBUG o.s.c.c.CharSequenceEncoder - [6e891376] Writing "698. foo bar"
14:07:38.959 [qtp1641661627-613] DEBUG o.s.c.c.CharSequenceEncoder - [6e891376] Writing "699. foo bar"
14:07:38.959 [qtp1641661627-613] DEBUG o.s.c.c.CharSequenceEncoder - [6e891376] Writing "700. foo bar"
14:07:38.959 [qtp1641661627-613] DEBUG o.s.c.c.CharSequenceEncoder - [6e891376] Writing "701. foo bar"
14:07:38.959 [qtp1641661627-613] DEBUG o.s.c.c.CharSequenceEncoder - [6e891376] Writing "702. foo bar"
14:07:38.959 [qtp1641661627-613] DEBUG o.s.c.c.CharSequenceEncoder - [6e891376] Writing "703. foo bar"
14:07:38.959 [qtp1641661627-613] DEBUG o.s.c.c.CharSequenceEncoder - [6e891376] Writing "704. foo bar"
14:07:38.959 [qtp1641661627-613] DEBUG o.s.c.c.CharSequenceEncoder - [6e891376] Writing "705. foo bar"
14:07:38.959 [qtp1641661627-613] DEBUG o.s.c.c.CharSequenceEncoder - [6e891376] Writing "706. foo bar"
14:07:38.959 [qtp1641661627-613] DEBUG o.s.c.c.CharSequenceEncoder - [6e891376] Writing "707. foo bar"
14:07:38.959 [qtp1641661627-613] DEBUG o.s.c.c.CharSequenceEncoder - [6e891376] Writing "708. foo bar"
14:07:38.959 [qtp1641661627-613] DEBUG o.s.c.c.CharSequenceEncoder - [6e891376] Writing "709. foo bar"
14:07:38.960 [qtp1641661627-613] DEBUG o.s.c.c.CharSequenceEncoder - [6e891376] Writing "710. foo bar"
14:07:38.960 [qtp1641661627-613] DEBUG o.s.c.c.CharSequenceEncoder - [6e891376] Writing "711. foo bar"
14:07:38.960 [qtp1641661627-613] DEBUG o.s.c.c.CharSequenceEncoder - [6e891376] Writing "712. foo bar"
14:07:38.960 [qtp1641661627-613] DEBUG o.s.c.c.CharSequenceEncoder - [6e891376] Writing "713. foo bar"
14:07:38.960 [qtp1641661627-613] DEBUG o.s.c.c.CharSequenceEncoder - [6e891376] Writing "714. foo bar"
14:07:38.960 [qtp1641661627-613] DEBUG o.s.c.c.CharSequenceEncoder - [6e891376] Writing "715. foo bar"
14:07:38.960 [qtp1641661627-613] DEBUG o.s.c.c.CharSequenceEncoder - [6e891376] Writing "716. foo bar"
14:07:38.960 [qtp1641661627-613] DEBUG o.s.c.c.CharSequenceEncoder - [6e891376] Writing "717. foo bar"
14:07:38.960 [qtp1641661627-613] DEBUG o.s.c.c.CharSequenceEncoder - [6e891376] Writing "718. foo bar"
14:07:38.960 [qtp1641661627-613] DEBUG o.s.c.c.CharSequenceEncoder - [6e891376] Writing "719. foo bar"
14:07:38.960 [qtp1641661627-613] DEBUG o.s.c.c.CharSequenceEncoder - [6e891376] Writing "720. foo bar"
14:07:38.961 [qtp1641661627-613] DEBUG o.s.c.c.CharSequenceEncoder - [6e891376] Writing "721. foo bar"
14:07:39.006 [qtp1641661627-613] DEBUG o.s.c.c.CharSequenceEncoder - [6e891376] Writing "722. foo bar"
14:07:39.006 [qtp1641661627-613] DEBUG o.s.c.c.CharSequenceEncoder - [6e891376] Writing "723. foo bar"
14:07:39.006 [qtp1641661627-613] DEBUG o.s.c.c.CharSequenceEncoder - [6e891376] Writing "724. foo bar"
14:07:39.006 [qtp1641661627-613] DEBUG o.s.c.c.CharSequenceEncoder - [6e891376] Writing "725. foo bar"
14:07:39.006 [qtp1641661627-613] DEBUG o.s.c.c.CharSequenceEncoder - [6e891376] Writing "726. foo bar"
14:07:39.006 [qtp1641661627-613] DEBUG o.s.c.c.CharSequenceEncoder - [6e891376] Writing "727. foo bar"
14:07:39.006 [qtp1641661627-613] DEBUG o.s.c.c.CharSequenceEncoder - [6e891376] Writing "728. foo bar"
14:07:39.006 [qtp1641661627-613] DEBUG o.s.c.c.CharSequenceEncoder - [6e891376] Writing "729. foo bar"
14:07:39.007 [qtp1641661627-613] DEBUG o.s.c.c.CharSequenceEncoder - [6e891376] Writing "730. foo bar"
14:07:39.007 [qtp1641661627-613] DEBUG o.s.c.c.CharSequenceEncoder - [6e891376] Writing "731. foo bar"
14:07:39.007 [qtp1641661627-613] DEBUG o.s.c.c.CharSequenceEncoder - [6e891376] Writing "732. foo bar"
14:07:39.007 [qtp1641661627-613] DEBUG o.s.c.c.CharSequenceEncoder - [6e891376] Writing "733. foo bar"
14:07:39.007 [qtp1641661627-613] DEBUG o.s.c.c.CharSequenceEncoder - [6e891376] Writing "734. foo bar"
14:07:39.007 [qtp1641661627-613] DEBUG o.s.c.c.CharSequenceEncoder - [6e891376] Writing "735. foo bar"
14:07:39.007 [qtp1641661627-613] DEBUG o.s.c.c.CharSequenceEncoder - [6e891376] Writing "736. foo bar"
14:07:39.007 [qtp1641661627-613] DEBUG o.s.c.c.CharSequenceEncoder - [6e891376] Writing "737. foo bar"
14:07:39.007 [qtp1641661627-613] DEBUG o.s.c.c.CharSequenceEncoder - [6e891376] Writing "738. foo bar"
14:07:39.007 [qtp1641661627-613] DEBUG o.s.c.c.CharSequenceEncoder - [6e891376] Writing "739. foo bar"
14:07:39.008 [qtp1641661627-613] DEBUG o.s.c.c.CharSequenceEncoder - [6e891376] Writing "740. foo bar"
14:07:39.008 [qtp1641661627-613] DEBUG o.s.c.c.CharSequenceEncoder - [6e891376] Writing "741. foo bar"
14:07:39.008 [qtp1641661627-613] DEBUG o.s.c.c.CharSequenceEncoder - [6e891376] Writing "742. foo bar"
14:07:39.008 [qtp1641661627-613] DEBUG o.s.c.c.CharSequenceEncoder - [6e891376] Writing "743. foo bar"
14:07:39.008 [qtp1641661627-613] DEBUG o.s.c.c.CharSequenceEncoder - [6e891376] Writing "744. foo bar"
14:07:39.008 [qtp1641661627-613] DEBUG o.s.c.c.CharSequenceEncoder - [6e891376] Writing "745. foo bar"
14:07:39.008 [qtp1641661627-613] DEBUG o.s.c.c.CharSequenceEncoder - [6e891376] Writing "746. foo bar"
14:07:39.008 [qtp1641661627-613] DEBUG o.s.c.c.CharSequenceEncoder - [6e891376] Writing "747. foo bar"
14:07:39.009 [qtp1641661627-613] DEBUG o.s.c.c.CharSequenceEncoder - [6e891376] Writing "748. foo bar"
14:07:39.009 [qtp1641661627-613] DEBUG o.s.c.c.CharSequenceEncoder - [6e891376] Writing "749. foo bar"
14:07:39.009 [qtp1641661627-613] DEBUG o.s.c.c.CharSequenceEncoder - [6e891376] Writing "750. foo bar"
14:07:39.011 [qtp1641661627-613] DEBUG o.s.c.c.CharSequenceEncoder - [6e891376] Writing "751. foo bar"
14:07:39.011 [qtp1641661627-613] DEBUG o.s.c.c.CharSequenceEncoder - [6e891376] Writing "752. foo bar"
14:07:39.011 [qtp1641661627-613] DEBUG o.s.c.c.CharSequenceEncoder - [6e891376] Writing "753. foo bar"
14:07:39.011 [qtp1641661627-613] DEBUG o.s.c.c.CharSequenceEncoder - [6e891376] Writing "754. foo bar"
14:07:39.011 [qtp1641661627-613] DEBUG o.s.c.c.CharSequenceEncoder - [6e891376] Writing "755. foo bar"
14:07:39.011 [qtp1641661627-613] DEBUG o.s.c.c.CharSequenceEncoder - [6e891376] Writing "756. foo bar"
14:07:39.011 [qtp1641661627-613] DEBUG o.s.c.c.CharSequenceEncoder - [6e891376] Writing "757. foo bar"
14:07:39.011 [qtp1641661627-613] DEBUG o.s.c.c.CharSequenceEncoder - [6e891376] Writing "758. foo bar"
14:07:39.012 [qtp1641661627-613] DEBUG o.s.c.c.CharSequenceEncoder - [6e891376] Writing "759. foo bar"
14:07:39.012 [qtp1641661627-613] DEBUG o.s.c.c.CharSequenceEncoder - [6e891376] Writing "760. foo bar"
14:07:39.012 [qtp1641661627-613] DEBUG o.s.c.c.CharSequenceEncoder - [6e891376] Writing "761. foo bar"
14:07:39.012 [qtp1641661627-613] DEBUG o.s.c.c.CharSequenceEncoder - [6e891376] Writing "762. foo bar"
14:07:39.012 [qtp1641661627-613] DEBUG o.s.c.c.CharSequenceEncoder - [6e891376] Writing "763. foo bar"
14:07:39.012 [qtp1641661627-613] DEBUG o.s.c.c.CharSequenceEncoder - [6e891376] Writing "764. foo bar"
14:07:39.012 [qtp1641661627-613] DEBUG o.s.c.c.CharSequenceEncoder - [6e891376] Writing "765. foo bar"
14:07:39.012 [qtp1641661627-613] DEBUG o.s.c.c.CharSequenceEncoder - [6e891376] Writing "766. foo bar"
14:07:39.012 [qtp1641661627-613] DEBUG o.s.c.c.CharSequenceEncoder - [6e891376] Writing "767. foo bar"
14:07:39.012 [qtp1641661627-613] DEBUG o.s.c.c.CharSequenceEncoder - [6e891376] Writing "768. foo bar"
14:07:39.013 [qtp1641661627-613] DEBUG o.s.c.c.CharSequenceEncoder - [6e891376] Writing "769. foo bar"
14:07:39.013 [qtp1641661627-613] DEBUG o.s.c.c.CharSequenceEncoder - [6e891376] Writing "770. foo bar"
14:07:39.013 [qtp1641661627-613] DEBUG o.s.c.c.CharSequenceEncoder - [6e891376] Writing "771. foo bar"
14:07:39.013 [qtp1641661627-613] DEBUG o.s.c.c.CharSequenceEncoder - [6e891376] Writing "772. foo bar"
14:07:39.013 [qtp1641661627-613] DEBUG o.s.c.c.CharSequenceEncoder - [6e891376] Writing "773. foo bar"
14:07:39.013 [qtp1641661627-613] DEBUG o.s.c.c.CharSequenceEncoder - [6e891376] Writing "774. foo bar"
14:07:39.013 [qtp1641661627-613] DEBUG o.s.c.c.CharSequenceEncoder - [6e891376] Writing "775. foo bar"
14:07:39.013 [qtp1641661627-613] DEBUG o.s.c.c.CharSequenceEncoder - [6e891376] Writing "776. foo bar"
14:07:39.013 [qtp1641661627-613] DEBUG o.s.c.c.CharSequenceEncoder - [6e891376] Writing "777. foo bar"
14:07:39.014 [qtp1641661627-613] DEBUG o.s.c.c.CharSequenceEncoder - [6e891376] Writing "778. foo bar"
14:07:39.014 [qtp1641661627-613] DEBUG o.s.c.c.CharSequenceEncoder - [6e891376] Writing "779. foo bar"
14:07:39.014 [qtp1641661627-613] DEBUG o.s.c.c.CharSequenceEncoder - [6e891376] Writing "780. foo bar"
14:07:39.014 [qtp1641661627-613] DEBUG o.s.c.c.CharSequenceEncoder - [6e891376] Writing "781. foo bar"
14:07:39.014 [qtp1641661627-613] DEBUG o.s.c.c.CharSequenceEncoder - [6e891376] Writing "782. foo bar"
14:07:39.014 [qtp1641661627-613] DEBUG o.s.c.c.CharSequenceEncoder - [6e891376] Writing "783. foo bar"
14:07:39.014 [qtp1641661627-613] DEBUG o.s.c.c.CharSequenceEncoder - [6e891376] Writing "784. foo bar"
14:07:39.014 [qtp1641661627-613] DEBUG o.s.c.c.CharSequenceEncoder - [6e891376] Writing "785. foo bar"
14:07:39.014 [qtp1641661627-613] DEBUG o.s.c.c.CharSequenceEncoder - [6e891376] Writing "786. foo bar"
14:07:39.014 [qtp1641661627-613] DEBUG o.s.c.c.CharSequenceEncoder - [6e891376] Writing "787. foo bar"
14:07:39.014 [qtp1641661627-613] DEBUG o.s.c.c.CharSequenceEncoder - [6e891376] Writing "788. foo bar"
14:07:39.015 [qtp1641661627-613] DEBUG o.s.c.c.CharSequenceEncoder - [6e891376] Writing "789. foo bar"
14:07:39.015 [qtp1641661627-613] DEBUG o.s.c.c.CharSequenceEncoder - [6e891376] Writing "790. foo bar"
14:07:39.015 [qtp1641661627-613] DEBUG o.s.c.c.CharSequenceEncoder - [6e891376] Writing "791. foo bar"
14:07:39.015 [qtp1641661627-613] DEBUG o.s.c.c.CharSequenceEncoder - [6e891376] Writing "792. foo bar"
14:07:39.015 [qtp1641661627-613] DEBUG o.s.c.c.CharSequenceEncoder - [6e891376] Writing "793. foo bar"
14:07:39.015 [qtp1641661627-613] DEBUG o.s.c.c.CharSequenceEncoder - [6e891376] Writing "794. foo bar"
14:07:39.015 [qtp1641661627-613] DEBUG o.s.c.c.CharSequenceEncoder - [6e891376] Writing "795. foo bar"
14:07:39.015 [qtp1641661627-613] DEBUG o.s.c.c.CharSequenceEncoder - [6e891376] Writing "796. foo bar"
14:07:39.015 [qtp1641661627-613] DEBUG o.s.c.c.CharSequenceEncoder - [6e891376] Writing "797. foo bar"
14:07:39.015 [qtp1641661627-613] DEBUG o.s.c.c.CharSequenceEncoder - [6e891376] Writing "798. foo bar"
14:07:39.016 [qtp1641661627-613] DEBUG o.s.c.c.CharSequenceEncoder - [6e891376] Writing "799. foo bar"
14:07:39.016 [qtp1641661627-613] DEBUG o.s.c.c.CharSequenceEncoder - [6e891376] Writing "800. foo bar"
14:07:39.016 [qtp1641661627-613] DEBUG o.s.c.c.CharSequenceEncoder - [6e891376] Writing "801. foo bar"
14:07:39.016 [qtp1641661627-613] DEBUG o.s.c.c.CharSequenceEncoder - [6e891376] Writing "802. foo bar"
14:07:39.016 [qtp1641661627-613] DEBUG o.s.c.c.CharSequenceEncoder - [6e891376] Writing "803. foo bar"
14:07:39.016 [qtp1641661627-613] DEBUG o.s.c.c.CharSequenceEncoder - [6e891376] Writing "804. foo bar"
14:07:39.016 [qtp1641661627-613] DEBUG o.s.c.c.CharSequenceEncoder - [6e891376] Writing "805. foo bar"
14:07:39.016 [qtp1641661627-613] DEBUG o.s.c.c.CharSequenceEncoder - [6e891376] Writing "806. foo bar"
14:07:39.016 [qtp1641661627-613] DEBUG o.s.c.c.CharSequenceEncoder - [6e891376] Writing "807. foo bar"
14:07:39.016 [qtp1641661627-613] DEBUG o.s.c.c.CharSequenceEncoder - [6e891376] Writing "808. foo bar"
14:07:39.016 [qtp1641661627-613] DEBUG o.s.c.c.CharSequenceEncoder - [6e891376] Writing "809. foo bar"
14:07:39.016 [qtp1641661627-613] DEBUG o.s.c.c.CharSequenceEncoder - [6e891376] Writing "810. foo bar"
14:07:39.017 [qtp1641661627-613] DEBUG o.s.c.c.CharSequenceEncoder - [6e891376] Writing "811. foo bar"
14:07:39.017 [qtp1641661627-613] DEBUG o.s.c.c.CharSequenceEncoder - [6e891376] Writing "812. foo bar"
14:07:39.017 [qtp1641661627-613] DEBUG o.s.c.c.CharSequenceEncoder - [6e891376] Writing "813. foo bar"
14:07:39.017 [qtp1641661627-613] DEBUG o.s.c.c.CharSequenceEncoder - [6e891376] Writing "814. foo bar"
14:07:39.017 [qtp1641661627-613] DEBUG o.s.c.c.CharSequenceEncoder - [6e891376] Writing "815. foo bar"
14:07:39.017 [qtp1641661627-613] DEBUG o.s.c.c.CharSequenceEncoder - [6e891376] Writing "816. foo bar"
14:07:39.017 [qtp1641661627-613] DEBUG o.s.c.c.CharSequenceEncoder - [6e891376] Writing "817. foo bar"
14:07:39.018 [qtp1641661627-613] DEBUG o.s.c.c.CharSequenceEncoder - [6e891376] Writing "818. foo bar"
14:07:39.018 [qtp1641661627-613] DEBUG o.s.c.c.CharSequenceEncoder - [6e891376] Writing "819. foo bar"
14:07:39.018 [qtp1641661627-613] DEBUG o.s.c.c.CharSequenceEncoder - [6e891376] Writing "820. foo bar"
14:07:39.018 [qtp1641661627-613] DEBUG o.s.c.c.CharSequenceEncoder - [6e891376] Writing "821. foo bar"
14:07:39.018 [qtp1641661627-613] DEBUG o.s.c.c.CharSequenceEncoder - [6e891376] Writing "822. foo bar"
14:07:39.018 [qtp1641661627-613] DEBUG o.s.c.c.CharSequenceEncoder - [6e891376] Writing "823. foo bar"
14:07:39.018 [qtp1641661627-613] DEBUG o.s.c.c.CharSequenceEncoder - [6e891376] Writing "824. foo bar"
14:07:39.018 [qtp1641661627-613] DEBUG o.s.c.c.CharSequenceEncoder - [6e891376] Writing "825. foo bar"
14:07:39.018 [qtp1641661627-613] DEBUG o.s.c.c.CharSequenceEncoder - [6e891376] Writing "826. foo bar"
14:07:39.019 [qtp1641661627-613] DEBUG o.s.c.c.CharSequenceEncoder - [6e891376] Writing "827. foo bar"
14:07:39.019 [qtp1641661627-613] DEBUG o.s.c.c.CharSequenceEncoder - [6e891376] Writing "828. foo bar"
14:07:39.019 [qtp1641661627-613] DEBUG o.s.c.c.CharSequenceEncoder - [6e891376] Writing "829. foo bar"
14:07:39.019 [qtp1641661627-613] DEBUG o.s.c.c.CharSequenceEncoder - [6e891376] Writing "830. foo bar"
14:07:39.019 [qtp1641661627-613] DEBUG o.s.c.c.CharSequenceEncoder - [6e891376] Writing "831. foo bar"
14:07:39.019 [qtp1641661627-613] DEBUG o.s.c.c.CharSequenceEncoder - [6e891376] Writing "832. foo bar"
14:07:39.019 [qtp1641661627-613] DEBUG o.s.c.c.CharSequenceEncoder - [6e891376] Writing "833. foo bar"
14:07:39.019 [qtp1641661627-613] DEBUG o.s.c.c.CharSequenceEncoder - [6e891376] Writing "834. foo bar"
14:07:39.019 [qtp1641661627-613] DEBUG o.s.c.c.CharSequenceEncoder - [6e891376] Writing "835. foo bar"
14:07:39.019 [qtp1641661627-613] DEBUG o.s.c.c.CharSequenceEncoder - [6e891376] Writing "836. foo bar"
14:07:39.019 [qtp1641661627-613] DEBUG o.s.c.c.CharSequenceEncoder - [6e891376] Writing "837. foo bar"
14:07:39.019 [qtp1641661627-613] DEBUG o.s.c.c.CharSequenceEncoder - [6e891376] Writing "838. foo bar"
14:07:39.019 [qtp1641661627-613] DEBUG o.s.c.c.CharSequenceEncoder - [6e891376] Writing "839. foo bar"
14:07:39.019 [qtp1641661627-613] DEBUG o.s.c.c.CharSequenceEncoder - [6e891376] Writing "840. foo bar"
14:07:39.020 [qtp1641661627-613] DEBUG o.s.c.c.CharSequenceEncoder - [6e891376] Writing "841. foo bar"
14:07:39.020 [qtp1641661627-613] DEBUG o.s.c.c.CharSequenceEncoder - [6e891376] Writing "842. foo bar"
14:07:39.020 [qtp1641661627-613] DEBUG o.s.c.c.CharSequenceEncoder - [6e891376] Writing "843. foo bar"
14:07:39.020 [qtp1641661627-613] DEBUG o.s.c.c.CharSequenceEncoder - [6e891376] Writing "844. foo bar"
14:07:39.020 [qtp1641661627-613] DEBUG o.s.c.c.CharSequenceEncoder - [6e891376] Writing "845. foo bar"
14:07:39.020 [qtp1641661627-613] DEBUG o.s.c.c.CharSequenceEncoder - [6e891376] Writing "846. foo bar"
14:07:39.020 [qtp1641661627-613] DEBUG o.s.c.c.CharSequenceEncoder - [6e891376] Writing "847. foo bar"
14:07:39.020 [qtp1641661627-613] DEBUG o.s.c.c.CharSequenceEncoder - [6e891376] Writing "848. foo bar"
14:07:39.020 [qtp1641661627-613] DEBUG o.s.c.c.CharSequenceEncoder - [6e891376] Writing "849. foo bar"
14:07:39.020 [qtp1641661627-613] DEBUG o.s.c.c.CharSequenceEncoder - [6e891376] Writing "850. foo bar"
14:07:39.020 [qtp1641661627-613] DEBUG o.s.c.c.CharSequenceEncoder - [6e891376] Writing "851. foo bar"
14:07:39.020 [qtp1641661627-613] DEBUG o.s.c.c.CharSequenceEncoder - [6e891376] Writing "852. foo bar"
14:07:39.020 [qtp1641661627-613] DEBUG o.s.c.c.CharSequenceEncoder - [6e891376] Writing "853. foo bar"
14:07:39.020 [qtp1641661627-613] DEBUG o.s.c.c.CharSequenceEncoder - [6e891376] Writing "854. foo bar"
14:07:39.021 [qtp1641661627-613] DEBUG o.s.c.c.CharSequenceEncoder - [6e891376] Writing "855. foo bar"
14:07:39.021 [qtp1641661627-613] DEBUG o.s.c.c.CharSequenceEncoder - [6e891376] Writing "856. foo bar"
14:07:39.021 [qtp1641661627-613] DEBUG o.s.c.c.CharSequenceEncoder - [6e891376] Writing "857. foo bar"
14:07:39.021 [qtp1641661627-613] DEBUG o.s.c.c.CharSequenceEncoder - [6e891376] Writing "858. foo bar"
14:07:39.021 [qtp1641661627-613] DEBUG o.s.c.c.CharSequenceEncoder - [6e891376] Writing "859. foo bar"
14:07:39.021 [qtp1641661627-613] DEBUG o.s.c.c.CharSequenceEncoder - [6e891376] Writing "860. foo bar"
14:07:39.021 [qtp1641661627-613] DEBUG o.s.c.c.CharSequenceEncoder - [6e891376] Writing "861. foo bar"
14:07:39.021 [qtp1641661627-613] DEBUG o.s.c.c.CharSequenceEncoder - [6e891376] Writing "862. foo bar"
14:07:39.021 [qtp1641661627-613] DEBUG o.s.c.c.CharSequenceEncoder - [6e891376] Writing "863. foo bar"
14:07:39.021 [qtp1641661627-613] DEBUG o.s.c.c.CharSequenceEncoder - [6e891376] Writing "864. foo bar"
14:07:39.021 [qtp1641661627-613] DEBUG o.s.c.c.CharSequenceEncoder - [6e891376] Writing "865. foo bar"
14:07:39.021 [qtp1641661627-613] DEBUG o.s.c.c.CharSequenceEncoder - [6e891376] Writing "866. foo bar"
14:07:39.021 [qtp1641661627-613] DEBUG o.s.c.c.CharSequenceEncoder - [6e891376] Writing "867. foo bar"
14:07:39.021 [qtp1641661627-613] DEBUG o.s.c.c.CharSequenceEncoder - [6e891376] Writing "868. foo bar"
14:07:39.022 [qtp1641661627-613] DEBUG o.s.c.c.CharSequenceEncoder - [6e891376] Writing "869. foo bar"
14:07:39.022 [qtp1641661627-613] DEBUG o.s.c.c.CharSequenceEncoder - [6e891376] Writing "870. foo bar"
14:07:39.022 [qtp1641661627-613] DEBUG o.s.c.c.CharSequenceEncoder - [6e891376] Writing "871. foo bar"
14:07:39.022 [qtp1641661627-613] DEBUG o.s.c.c.CharSequenceEncoder - [6e891376] Writing "872. foo bar"
14:07:39.022 [qtp1641661627-613] DEBUG o.s.c.c.CharSequenceEncoder - [6e891376] Writing "873. foo bar"
14:07:39.022 [qtp1641661627-613] DEBUG o.s.c.c.CharSequenceEncoder - [6e891376] Writing "874. foo bar"
14:07:39.022 [qtp1641661627-613] DEBUG o.s.c.c.CharSequenceEncoder - [6e891376] Writing "875. foo bar"
14:07:39.022 [qtp1641661627-613] DEBUG o.s.c.c.CharSequenceEncoder - [6e891376] Writing "876. foo bar"
14:07:39.022 [qtp1641661627-613] DEBUG o.s.c.c.CharSequenceEncoder - [6e891376] Writing "877. foo bar"
14:07:39.022 [qtp1641661627-613] DEBUG o.s.c.c.CharSequenceEncoder - [6e891376] Writing "878. foo bar"
14:07:39.022 [qtp1641661627-613] DEBUG o.s.c.c.CharSequenceEncoder - [6e891376] Writing "879. foo bar"
14:07:39.022 [qtp1641661627-613] DEBUG o.s.c.c.CharSequenceEncoder - [6e891376] Writing "880. foo bar"
14:07:39.022 [qtp1641661627-613] DEBUG o.s.c.c.CharSequenceEncoder - [6e891376] Writing "881. foo bar"
14:07:39.022 [qtp1641661627-613] DEBUG o.s.c.c.CharSequenceEncoder - [6e891376] Writing "882. foo bar"
14:07:39.023 [qtp1641661627-613] DEBUG o.s.c.c.CharSequenceEncoder - [6e891376] Writing "883. foo bar"
14:07:39.023 [qtp1641661627-613] DEBUG o.s.c.c.CharSequenceEncoder - [6e891376] Writing "884. foo bar"
14:07:39.023 [qtp1641661627-613] DEBUG o.s.c.c.CharSequenceEncoder - [6e891376] Writing "885. foo bar"
14:07:39.023 [qtp1641661627-613] DEBUG o.s.c.c.CharSequenceEncoder - [6e891376] Writing "886. foo bar"
14:07:39.023 [qtp1641661627-613] DEBUG o.s.c.c.CharSequenceEncoder - [6e891376] Writing "887. foo bar"
14:07:39.023 [qtp1641661627-613] DEBUG o.s.c.c.CharSequenceEncoder - [6e891376] Writing "888. foo bar"
14:07:39.023 [qtp1641661627-613] DEBUG o.s.c.c.CharSequenceEncoder - [6e891376] Writing "889. foo bar"
14:07:39.023 [qtp1641661627-613] DEBUG o.s.c.c.CharSequenceEncoder - [6e891376] Writing "890. foo bar"
14:07:39.023 [qtp1641661627-613] DEBUG o.s.c.c.CharSequenceEncoder - [6e891376] Writing "891. foo bar"
14:07:39.023 [qtp1641661627-613] DEBUG o.s.c.c.CharSequenceEncoder - [6e891376] Writing "892. foo bar"
14:07:39.023 [qtp1641661627-613] DEBUG o.s.c.c.CharSequenceEncoder - [6e891376] Writing "893. foo bar"
14:07:39.023 [qtp1641661627-613] DEBUG o.s.c.c.CharSequenceEncoder - [6e891376] Writing "894. foo bar"
14:07:39.023 [qtp1641661627-613] DEBUG o.s.c.c.CharSequenceEncoder - [6e891376] Writing "895. foo bar"
14:07:39.023 [qtp1641661627-613] DEBUG o.s.c.c.CharSequenceEncoder - [6e891376] Writing "896. foo bar"
14:07:39.023 [qtp1641661627-613] DEBUG o.s.c.c.CharSequenceEncoder - [6e891376] Writing "897. foo bar"
14:07:39.024 [qtp1641661627-613] DEBUG o.s.c.c.CharSequenceEncoder - [6e891376] Writing "898. foo bar"
14:07:39.024 [qtp1641661627-613] DEBUG o.s.c.c.CharSequenceEncoder - [6e891376] Writing "899. foo bar"
14:07:39.024 [qtp1641661627-613] DEBUG o.s.c.c.CharSequenceEncoder - [6e891376] Writing "900. foo bar"
14:07:39.024 [qtp1641661627-613] DEBUG o.s.c.c.CharSequenceEncoder - [6e891376] Writing "901. foo bar"
14:07:39.024 [qtp1641661627-613] DEBUG o.s.c.c.CharSequenceEncoder - [6e891376] Writing "902. foo bar"
14:07:39.024 [qtp1641661627-613] DEBUG o.s.c.c.CharSequenceEncoder - [6e891376] Writing "903. foo bar"
14:07:39.024 [qtp1641661627-613] DEBUG o.s.c.c.CharSequenceEncoder - [6e891376] Writing "904. foo bar"
14:07:39.024 [qtp1641661627-613] DEBUG o.s.c.c.CharSequenceEncoder - [6e891376] Writing "905. foo bar"
14:07:39.024 [qtp1641661627-613] DEBUG o.s.c.c.CharSequenceEncoder - [6e891376] Writing "906. foo bar"
14:07:39.024 [qtp1641661627-613] DEBUG o.s.c.c.CharSequenceEncoder - [6e891376] Writing "907. foo bar"
14:07:39.024 [qtp1641661627-613] DEBUG o.s.c.c.CharSequenceEncoder - [6e891376] Writing "908. foo bar"
14:07:39.024 [qtp1641661627-613] DEBUG o.s.c.c.CharSequenceEncoder - [6e891376] Writing "909. foo bar"
14:07:39.024 [qtp1641661627-613] DEBUG o.s.c.c.CharSequenceEncoder - [6e891376] Writing "910. foo bar"
14:07:39.025 [qtp1641661627-613] DEBUG o.s.c.c.CharSequenceEncoder - [6e891376] Writing "911. foo bar"
14:07:39.025 [qtp1641661627-613] DEBUG o.s.c.c.CharSequenceEncoder - [6e891376] Writing "912. foo bar"
14:07:39.025 [qtp1641661627-613] DEBUG o.s.c.c.CharSequenceEncoder - [6e891376] Writing "913. foo bar"
14:07:39.025 [qtp1641661627-613] DEBUG o.s.c.c.CharSequenceEncoder - [6e891376] Writing "914. foo bar"
14:07:39.025 [qtp1641661627-613] DEBUG o.s.c.c.CharSequenceEncoder - [6e891376] Writing "915. foo bar"
14:07:39.025 [qtp1641661627-613] DEBUG o.s.c.c.CharSequenceEncoder - [6e891376] Writing "916. foo bar"
14:07:39.025 [qtp1641661627-613] DEBUG o.s.c.c.CharSequenceEncoder - [6e891376] Writing "917. foo bar"
14:07:39.025 [qtp1641661627-613] DEBUG o.s.c.c.CharSequenceEncoder - [6e891376] Writing "918. foo bar"
14:07:39.025 [qtp1641661627-613] DEBUG o.s.c.c.CharSequenceEncoder - [6e891376] Writing "919. foo bar"
14:07:39.025 [qtp1641661627-613] DEBUG o.s.c.c.CharSequenceEncoder - [6e891376] Writing "920. foo bar"
14:07:39.025 [qtp1641661627-613] DEBUG o.s.c.c.CharSequenceEncoder - [6e891376] Writing "921. foo bar"
14:07:39.025 [qtp1641661627-613] DEBUG o.s.c.c.CharSequenceEncoder - [6e891376] Writing "922. foo bar"
14:07:39.025 [qtp1641661627-613] DEBUG o.s.c.c.CharSequenceEncoder - [6e891376] Writing "923. foo bar"
14:07:39.025 [qtp1641661627-613] DEBUG o.s.c.c.CharSequenceEncoder - [6e891376] Writing "924. foo bar"
14:07:39.026 [qtp1641661627-613] DEBUG o.s.c.c.CharSequenceEncoder - [6e891376] Writing "925. foo bar"
14:07:39.026 [qtp1641661627-613] DEBUG o.s.c.c.CharSequenceEncoder - [6e891376] Writing "926. foo bar"
14:07:39.026 [qtp1641661627-613] DEBUG o.s.c.c.CharSequenceEncoder - [6e891376] Writing "927. foo bar"
14:07:39.026 [qtp1641661627-613] DEBUG o.s.c.c.CharSequenceEncoder - [6e891376] Writing "928. foo bar"
14:07:39.026 [qtp1641661627-613] DEBUG o.s.c.c.CharSequenceEncoder - [6e891376] Writing "929. foo bar"
14:07:39.026 [qtp1641661627-613] DEBUG o.s.c.c.CharSequenceEncoder - [6e891376] Writing "930. foo bar"
14:07:39.026 [qtp1641661627-613] DEBUG o.s.c.c.CharSequenceEncoder - [6e891376] Writing "931. foo bar"
14:07:39.026 [qtp1641661627-613] DEBUG o.s.c.c.CharSequenceEncoder - [6e891376] Writing "932. foo bar"
14:07:39.026 [qtp1641661627-613] DEBUG o.s.c.c.CharSequenceEncoder - [6e891376] Writing "933. foo bar"
14:07:39.026 [qtp1641661627-613] DEBUG o.s.c.c.CharSequenceEncoder - [6e891376] Writing "934. foo bar"
14:07:39.026 [qtp1641661627-613] DEBUG o.s.c.c.CharSequenceEncoder - [6e891376] Writing "935. foo bar"
14:07:39.026 [qtp1641661627-613] DEBUG o.s.c.c.CharSequenceEncoder - [6e891376] Writing "936. foo bar"
14:07:39.026 [qtp1641661627-613] DEBUG o.s.c.c.CharSequenceEncoder - [6e891376] Writing "937. foo bar"
14:07:39.027 [qtp1641661627-613] DEBUG o.s.c.c.CharSequenceEncoder - [6e891376] Writing "938. foo bar"
14:07:39.027 [qtp1641661627-613] DEBUG o.s.c.c.CharSequenceEncoder - [6e891376] Writing "939. foo bar"
14:07:39.027 [qtp1641661627-613] DEBUG o.s.c.c.CharSequenceEncoder - [6e891376] Writing "940. foo bar"
14:07:39.027 [qtp1641661627-613] DEBUG o.s.c.c.CharSequenceEncoder - [6e891376] Writing "941. foo bar"
14:07:39.027 [qtp1641661627-613] DEBUG o.s.c.c.CharSequenceEncoder - [6e891376] Writing "942. foo bar"
14:07:39.027 [qtp1641661627-613] DEBUG o.s.c.c.CharSequenceEncoder - [6e891376] Writing "943. foo bar"
14:07:39.027 [qtp1641661627-613] DEBUG o.s.c.c.CharSequenceEncoder - [6e891376] Writing "944. foo bar"
14:07:39.027 [qtp1641661627-613] DEBUG o.s.c.c.CharSequenceEncoder - [6e891376] Writing "945. foo bar"
14:07:39.027 [qtp1641661627-613] DEBUG o.s.c.c.CharSequenceEncoder - [6e891376] Writing "946. foo bar"
14:07:39.027 [qtp1641661627-613] DEBUG o.s.c.c.CharSequenceEncoder - [6e891376] Writing "947. foo bar"
14:07:39.027 [qtp1641661627-613] DEBUG o.s.c.c.CharSequenceEncoder - [6e891376] Writing "948. foo bar"
14:07:39.027 [qtp1641661627-613] DEBUG o.s.c.c.CharSequenceEncoder - [6e891376] Writing "949. foo bar"
14:07:39.027 [qtp1641661627-613] DEBUG o.s.c.c.CharSequenceEncoder - [6e891376] Writing "950. foo bar"
14:07:39.027 [qtp1641661627-613] DEBUG o.s.c.c.CharSequenceEncoder - [6e891376] Writing "951. foo bar"
14:07:39.028 [qtp1641661627-613] DEBUG o.s.c.c.CharSequenceEncoder - [6e891376] Writing "952. foo bar"
14:07:39.028 [qtp1641661627-613] DEBUG o.s.c.c.CharSequenceEncoder - [6e891376] Writing "953. foo bar"
14:07:39.028 [qtp1641661627-613] DEBUG o.s.c.c.CharSequenceEncoder - [6e891376] Writing "954. foo bar"
14:07:39.028 [qtp1641661627-613] DEBUG o.s.c.c.CharSequenceEncoder - [6e891376] Writing "955. foo bar"
14:07:39.028 [qtp1641661627-613] DEBUG o.s.c.c.CharSequenceEncoder - [6e891376] Writing "956. foo bar"
14:07:39.028 [qtp1641661627-613] DEBUG o.s.c.c.CharSequenceEncoder - [6e891376] Writing "957. foo bar"
14:07:39.028 [qtp1641661627-613] DEBUG o.s.c.c.CharSequenceEncoder - [6e891376] Writing "958. foo bar"
14:07:39.028 [qtp1641661627-613] DEBUG o.s.c.c.CharSequenceEncoder - [6e891376] Writing "959. foo bar"
14:07:39.028 [qtp1641661627-613] DEBUG o.s.c.c.CharSequenceEncoder - [6e891376] Writing "960. foo bar"
14:07:39.028 [qtp1641661627-613] DEBUG o.s.c.c.CharSequenceEncoder - [6e891376] Writing "961. foo bar"
14:07:39.028 [qtp1641661627-613] DEBUG o.s.c.c.CharSequenceEncoder - [6e891376] Writing "962. foo bar"
14:07:39.028 [qtp1641661627-613] DEBUG o.s.c.c.CharSequenceEncoder - [6e891376] Writing "963. foo bar"
14:07:39.029 [qtp1641661627-613] DEBUG o.s.c.c.CharSequenceEncoder - [6e891376] Writing "964. foo bar"
14:07:39.029 [qtp1641661627-613] DEBUG o.s.c.c.CharSequenceEncoder - [6e891376] Writing "965. foo bar"
14:07:39.029 [qtp1641661627-613] DEBUG o.s.c.c.CharSequenceEncoder - [6e891376] Writing "966. foo bar"
14:07:39.029 [qtp1641661627-613] DEBUG o.s.c.c.CharSequenceEncoder - [6e891376] Writing "967. foo bar"
14:07:39.029 [qtp1641661627-613] DEBUG o.s.c.c.CharSequenceEncoder - [6e891376] Writing "968. foo bar"
14:07:39.029 [qtp1641661627-613] DEBUG o.s.c.c.CharSequenceEncoder - [6e891376] Writing "969. foo bar"
14:07:39.029 [qtp1641661627-613] DEBUG o.s.c.c.CharSequenceEncoder - [6e891376] Writing "970. foo bar"
14:07:39.029 [qtp1641661627-613] DEBUG o.s.c.c.CharSequenceEncoder - [6e891376] Writing "971. foo bar"
14:07:39.030 [qtp1641661627-613] DEBUG o.s.c.c.CharSequenceEncoder - [6e891376] Writing "972. foo bar"
14:07:39.030 [qtp1641661627-613] DEBUG o.s.c.c.CharSequenceEncoder - [6e891376] Writing "973. foo bar"
14:07:39.030 [qtp1641661627-613] DEBUG o.s.c.c.CharSequenceEncoder - [6e891376] Writing "974. foo bar"
14:07:39.030 [qtp1641661627-613] DEBUG o.s.c.c.CharSequenceEncoder - [6e891376] Writing "975. foo bar"
14:07:39.030 [qtp1641661627-613] DEBUG o.s.c.c.CharSequenceEncoder - [6e891376] Writing "976. foo bar"
14:07:39.030 [qtp1641661627-613] DEBUG o.s.c.c.CharSequenceEncoder - [6e891376] Writing "977. foo bar"
14:07:39.030 [qtp1641661627-613] DEBUG o.s.c.c.CharSequenceEncoder - [6e891376] Writing "978. foo bar"
14:07:39.030 [qtp1641661627-613] DEBUG o.s.c.c.CharSequenceEncoder - [6e891376] Writing "979. foo bar"
14:07:39.030 [qtp1641661627-613] DEBUG o.s.c.c.CharSequenceEncoder - [6e891376] Writing "980. foo bar"
14:07:39.030 [qtp1641661627-613] DEBUG o.s.c.c.CharSequenceEncoder - [6e891376] Writing "981. foo bar"
14:07:39.030 [qtp1641661627-613] DEBUG o.s.c.c.CharSequenceEncoder - [6e891376] Writing "982. foo bar"
14:07:39.031 [qtp1641661627-613] DEBUG o.s.c.c.CharSequenceEncoder - [6e891376] Writing "983. foo bar"
14:07:39.031 [qtp1641661627-613] DEBUG o.s.c.c.CharSequenceEncoder - [6e891376] Writing "984. foo bar"
14:07:39.031 [qtp1641661627-613] DEBUG o.s.c.c.CharSequenceEncoder - [6e891376] Writing "985. foo bar"
14:07:39.031 [qtp1641661627-613] DEBUG o.s.c.c.CharSequenceEncoder - [6e891376] Writing "986. foo bar"
14:07:39.031 [qtp1641661627-613] DEBUG o.s.c.c.CharSequenceEncoder - [6e891376] Writing "987. foo bar"
14:07:39.031 [qtp1641661627-613] DEBUG o.s.c.c.CharSequenceEncoder - [6e891376] Writing "988. foo bar"
14:07:39.031 [qtp1641661627-613] DEBUG o.s.c.c.CharSequenceEncoder - [6e891376] Writing "989. foo bar"
14:07:39.031 [qtp1641661627-613] DEBUG o.s.c.c.CharSequenceEncoder - [6e891376] Writing "990. foo bar"
14:07:39.031 [qtp1641661627-613] DEBUG o.s.c.c.CharSequenceEncoder - [6e891376] Writing "991. foo bar"
14:07:39.031 [qtp1641661627-613] DEBUG o.s.c.c.CharSequenceEncoder - [6e891376] Writing "992. foo bar"
14:07:39.031 [qtp1641661627-613] DEBUG o.s.c.c.CharSequenceEncoder - [6e891376] Writing "993. foo bar"
14:07:39.031 [qtp1641661627-613] DEBUG o.s.c.c.CharSequenceEncoder - [6e891376] Writing "994. foo bar"
14:07:39.031 [qtp1641661627-613] DEBUG o.s.c.c.CharSequenceEncoder - [6e891376] Writing "995. foo bar"
14:07:39.031 [qtp1641661627-613] DEBUG o.s.c.c.CharSequenceEncoder - [6e891376] Writing "996. foo bar"
14:07:39.032 [qtp1641661627-613] DEBUG o.s.c.c.CharSequenceEncoder - [6e891376] Writing "997. foo bar"
14:07:39.032 [qtp1641661627-613] DEBUG o.s.c.c.CharSequenceEncoder - [6e891376] Writing "998. foo bar"
14:07:39.032 [qtp1641661627-613] DEBUG o.s.c.c.CharSequenceEncoder - [6e891376] Writing "999. foo bar"
14:07:39.033 [qtp1641661627-613] ERROR o.s.w.s.a.HttpWebHandlerAdapter - [6e891376] Error [java.lang.RuntimeException: Random error] for HTTP GET "/SPR-16051", but ServerHttpResponse already committed (200 OK)
14:07:39.036 [qtp1641661627-613] WARN  o.e.j.s.HttpChannel - /SPR-16051
javax.servlet.ServletException: Failed to create response content
	at org.springframework.http.server.reactive.ServletHttpHandlerAdapter.service(ServletHttpHandlerAdapter.java:162) ~[spring-web-5.3.0-SNAPSHOT.jar:5.3.0-SNAPSHOT]
	at org.eclipse.jetty.servlet.ServletHolder.handle(ServletHolder.java:763) ~[jetty-servlet-9.4.30.v20200611.jar:9.4.30.v20200611]
	at org.eclipse.jetty.servlet.ServletHandler.doHandle(ServletHandler.java:551) ~[jetty-servlet-9.4.30.v20200611.jar:9.4.30.v20200611]
	at org.eclipse.jetty.server.handler.ScopedHandler.nextHandle(ScopedHandler.java:233) ~[jetty-server-9.4.30.v20200611.jar:9.4.30.v20200611]
	at org.eclipse.jetty.server.handler.ContextHandler.doHandle(ContextHandler.java:1369) ~[jetty-server-9.4.30.v20200611.jar:9.4.30.v20200611]
	at org.eclipse.jetty.server.handler.ScopedHandler.nextScope(ScopedHandler.java:188) ~[jetty-server-9.4.30.v20200611.jar:9.4.30.v20200611]
	at org.eclipse.jetty.servlet.ServletHandler.doScope(ServletHandler.java:489) ~[jetty-servlet-9.4.30.v20200611.jar:9.4.30.v20200611]
	at org.eclipse.jetty.server.handler.ScopedHandler.nextScope(ScopedHandler.java:186) ~[jetty-server-9.4.30.v20200611.jar:9.4.30.v20200611]
	at org.eclipse.jetty.server.handler.ContextHandler.doScope(ContextHandler.java:1284) ~[jetty-server-9.4.30.v20200611.jar:9.4.30.v20200611]
	at org.eclipse.jetty.server.handler.ScopedHandler.handle(ScopedHandler.java:141) ~[jetty-server-9.4.30.v20200611.jar:9.4.30.v20200611]
	at org.eclipse.jetty.server.handler.HandlerWrapper.handle(HandlerWrapper.java:127) ~[jetty-server-9.4.30.v20200611.jar:9.4.30.v20200611]
	at org.eclipse.jetty.server.Server.handleAsync(Server.java:544) ~[jetty-server-9.4.30.v20200611.jar:9.4.30.v20200611]
	at org.eclipse.jetty.server.HttpChannel.lambda$handle$2(HttpChannel.java:391) ~[jetty-server-9.4.30.v20200611.jar:9.4.30.v20200611]
	at org.eclipse.jetty.server.HttpChannel.dispatch(HttpChannel.java:556) ~[jetty-server-9.4.30.v20200611.jar:9.4.30.v20200611]
	at org.eclipse.jetty.server.HttpChannel.handle(HttpChannel.java:391) [jetty-server-9.4.30.v20200611.jar:9.4.30.v20200611]
	at org.eclipse.jetty.server.HttpConnection.onFillable(HttpConnection.java:272) [jetty-server-9.4.30.v20200611.jar:9.4.30.v20200611]
	at org.eclipse.jetty.io.AbstractConnection$ReadCallback.succeeded(AbstractConnection.java:311) [jetty-io-9.4.30.v20200611.jar:9.4.30.v20200611]
	at org.eclipse.jetty.io.FillInterest.fillable(FillInterest.java:103) [jetty-io-9.4.30.v20200611.jar:9.4.30.v20200611]
	at org.eclipse.jetty.io.ChannelEndPoint$1.run(ChannelEndPoint.java:104) [jetty-io-9.4.30.v20200611.jar:9.4.30.v20200611]
	at org.eclipse.jetty.util.thread.QueuedThreadPool.runJob(QueuedThreadPool.java:806) [jetty-util-9.4.30.v20200611.jar:9.4.30.v20200611]
	at org.eclipse.jetty.util.thread.QueuedThreadPool$Runner.run(QueuedThreadPool.java:938) [jetty-util-9.4.30.v20200611.jar:9.4.30.v20200611]
	at java.lang.Thread.run(Thread.java:745) [?:1.8.0_73]
Caused by: java.lang.RuntimeException: Random error
	at org.springframework.web.reactive.result.method.annotation.RequestMappingExceptionHandlingIntegrationTests$TestController.lambda$errors$0(RequestMappingExceptionHandlingIntegrationTests.java:154) ~[test/:?]
	Suppressed: reactor.core.publisher.FluxOnAssembly$OnAssemblyException: 
Error has been observed at the following site(s):
	|_ checkpoint ⇢ Handler org.springframework.web.reactive.result.method.annotation.RequestMappingExceptionHandlingIntegrationTests$TestController#errors() [DispatcherHandler]
	|_ checkpoint ⇢ HTTP GET "/SPR-16051" [ExceptionHandlingWebHandler]
Stack trace:
		at org.springframework.web.reactive.result.method.annotation.RequestMappingExceptionHandlingIntegrationTests$TestController.lambda$errors$0(RequestMappingExceptionHandlingIntegrationTests.java:154) ~[test/:?]
		at reactor.core.publisher.FluxMapFuseable$MapFuseableSubscriber.onNext(FluxMapFuseable.java:107) ~[reactor-core-3.4.0-SNAPSHOT.jar:3.4.0-SNAPSHOT]
		at reactor.core.publisher.FluxRange$RangeSubscription.slowPath(FluxRange.java:154) ~[reactor-core-3.4.0-SNAPSHOT.jar:3.4.0-SNAPSHOT]
		at reactor.core.publisher.FluxRange$RangeSubscription.request(FluxRange.java:109) ~[reactor-core-3.4.0-SNAPSHOT.jar:3.4.0-SNAPSHOT]
		at reactor.core.publisher.FluxMapFuseable$MapFuseableSubscriber.request(FluxMapFuseable.java:162) ~[reactor-core-3.4.0-SNAPSHOT.jar:3.4.0-SNAPSHOT]
		at reactor.core.publisher.FluxMapFuseable$MapFuseableSubscriber.request(FluxMapFuseable.java:162) ~[reactor-core-3.4.0-SNAPSHOT.jar:3.4.0-SNAPSHOT]
		at org.springframework.http.server.reactive.ChannelSendOperator$WriteBarrier.onSubscribe(ChannelSendOperator.java:166) ~[spring-web-5.3.0-SNAPSHOT.jar:5.3.0-SNAPSHOT]
		at reactor.core.publisher.FluxMapFuseable$MapFuseableSubscriber.onSubscribe(FluxMapFuseable.java:90) ~[reactor-core-3.4.0-SNAPSHOT.jar:3.4.0-SNAPSHOT]
		at reactor.core.publisher.FluxMapFuseable$MapFuseableSubscriber.onSubscribe(FluxMapFuseable.java:90) ~[reactor-core-3.4.0-SNAPSHOT.jar:3.4.0-SNAPSHOT]
		at reactor.core.publisher.FluxRange.subscribe(FluxRange.java:68) ~[reactor-core-3.4.0-SNAPSHOT.jar:3.4.0-SNAPSHOT]
		at reactor.core.publisher.InternalFluxOperator.subscribe(InternalFluxOperator.java:62) ~[reactor-core-3.4.0-SNAPSHOT.jar:3.4.0-SNAPSHOT]
		at org.springframework.http.server.reactive.ChannelSendOperator.subscribe(ChannelSendOperator.java:77) ~[spring-web-5.3.0-SNAPSHOT.jar:5.3.0-SNAPSHOT]
		at reactor.core.publisher.InternalMonoOperator.subscribe(InternalMonoOperator.java:64) ~[reactor-core-3.4.0-SNAPSHOT.jar:3.4.0-SNAPSHOT]
		at reactor.core.publisher.MonoFlatMap$FlatMapMain.onNext(MonoFlatMap.java:150) ~[reactor-core-3.4.0-SNAPSHOT.jar:3.4.0-SNAPSHOT]
		at reactor.core.publisher.Operators$MonoSubscriber.complete(Operators.java:1782) ~[reactor-core-3.4.0-SNAPSHOT.jar:3.4.0-SNAPSHOT]
		at reactor.core.publisher.MonoFlatMap$FlatMapInner.onNext(MonoFlatMap.java:241) ~[reactor-core-3.4.0-SNAPSHOT.jar:3.4.0-SNAPSHOT]
		at reactor.core.publisher.FluxOnErrorResume$ResumeSubscriber.onNext(FluxOnErrorResume.java:73) ~[reactor-core-3.4.0-SNAPSHOT.jar:3.4.0-SNAPSHOT]
		at reactor.core.publisher.FluxPeekFuseable$PeekFuseableSubscriber.onNext(FluxPeekFuseable.java:203) ~[reactor-core-3.4.0-SNAPSHOT.jar:3.4.0-SNAPSHOT]
		at reactor.core.publisher.FluxPeekFuseable$PeekFuseableSubscriber.onNext(FluxPeekFuseable.java:203) ~[reactor-core-3.4.0-SNAPSHOT.jar:3.4.0-SNAPSHOT]
		at reactor.core.publisher.Operators$MonoSubscriber.complete(Operators.java:1782) ~[reactor-core-3.4.0-SNAPSHOT.jar:3.4.0-SNAPSHOT]
		at reactor.core.publisher.MonoIgnoreThen$ThenAcceptInner.onNext(MonoIgnoreThen.java:296) ~[reactor-core-3.4.0-SNAPSHOT.jar:3.4.0-SNAPSHOT]
		at reactor.core.publisher.Operators$ScalarSubscription.request(Operators.java:2344) ~[reactor-core-3.4.0-SNAPSHOT.jar:3.4.0-SNAPSHOT]
		at reactor.core.publisher.MonoIgnoreThen$ThenAcceptInner.onSubscribe(MonoIgnoreThen.java:285) ~[reactor-core-3.4.0-SNAPSHOT.jar:3.4.0-SNAPSHOT]
		at reactor.core.publisher.FluxFlatMap.trySubscribeScalarMap(FluxFlatMap.java:191) ~[reactor-core-3.4.0-SNAPSHOT.jar:3.4.0-SNAPSHOT]
		at reactor.core.publisher.MonoFlatMap.subscribeOrReturn(MonoFlatMap.java:53) ~[reactor-core-3.4.0-SNAPSHOT.jar:3.4.0-SNAPSHOT]
		at reactor.core.publisher.InternalMonoOperator.subscribe(InternalMonoOperator.java:57) ~[reactor-core-3.4.0-SNAPSHOT.jar:3.4.0-SNAPSHOT]
		at reactor.core.publisher.MonoDefer.subscribe(MonoDefer.java:52) ~[reactor-core-3.4.0-SNAPSHOT.jar:3.4.0-SNAPSHOT]
		at reactor.core.publisher.MonoIgnoreThen$ThenIgnoreMain.drain(MonoIgnoreThen.java:153) ~[reactor-core-3.4.0-SNAPSHOT.jar:3.4.0-SNAPSHOT]
		at reactor.core.publisher.MonoIgnoreThen.subscribe(MonoIgnoreThen.java:56) ~[reactor-core-3.4.0-SNAPSHOT.jar:3.4.0-SNAPSHOT]
		at reactor.core.publisher.InternalMonoOperator.subscribe(InternalMonoOperator.java:64) ~[reactor-core-3.4.0-SNAPSHOT.jar:3.4.0-SNAPSHOT]
		at reactor.core.publisher.MonoFlatMap$FlatMapMain.onNext(MonoFlatMap.java:150) ~[reactor-core-3.4.0-SNAPSHOT.jar:3.4.0-SNAPSHOT]
		at reactor.core.publisher.FluxSwitchIfEmpty$SwitchIfEmptySubscriber.onNext(FluxSwitchIfEmpty.java:67) ~[reactor-core-3.4.0-SNAPSHOT.jar:3.4.0-SNAPSHOT]
		at reactor.core.publisher.MonoNext$NextSubscriber.onNext(MonoNext.java:76) ~[reactor-core-3.4.0-SNAPSHOT.jar:3.4.0-SNAPSHOT]
		at reactor.core.publisher.FluxConcatMap$ConcatMapImmediate.innerNext(FluxConcatMap.java:274) ~[reactor-core-3.4.0-SNAPSHOT.jar:3.4.0-SNAPSHOT]
		at reactor.core.publisher.FluxConcatMap$ConcatMapInner.onNext(FluxConcatMap.java:851) ~[reactor-core-3.4.0-SNAPSHOT.jar:3.4.0-SNAPSHOT]
		at reactor.core.publisher.FluxMapFuseable$MapFuseableSubscriber.onNext(FluxMapFuseable.java:121) ~[reactor-core-3.4.0-SNAPSHOT.jar:3.4.0-SNAPSHOT]
		at reactor.core.publisher.MonoPeekTerminal$MonoTerminalPeekSubscriber.onNext(MonoPeekTerminal.java:173) ~[reactor-core-3.4.0-SNAPSHOT.jar:3.4.0-SNAPSHOT]
		at reactor.core.publisher.Operators$ScalarSubscription.request(Operators.java:2344) ~[reactor-core-3.4.0-SNAPSHOT.jar:3.4.0-SNAPSHOT]
		at reactor.core.publisher.MonoPeekTerminal$MonoTerminalPeekSubscriber.request(MonoPeekTerminal.java:132) ~[reactor-core-3.4.0-SNAPSHOT.jar:3.4.0-SNAPSHOT]
		at reactor.core.publisher.FluxMapFuseable$MapFuseableSubscriber.request(FluxMapFuseable.java:162) ~[reactor-core-3.4.0-SNAPSHOT.jar:3.4.0-SNAPSHOT]
		at reactor.core.publisher.Operators$MultiSubscriptionSubscriber.set(Operators.java:2152) ~[reactor-core-3.4.0-SNAPSHOT.jar:3.4.0-SNAPSHOT]
		at reactor.core.publisher.Operators$MultiSubscriptionSubscriber.onSubscribe(Operators.java:2026) ~[reactor-core-3.4.0-SNAPSHOT.jar:3.4.0-SNAPSHOT]
		at reactor.core.publisher.FluxMapFuseable$MapFuseableSubscriber.onSubscribe(FluxMapFuseable.java:90) ~[reactor-core-3.4.0-SNAPSHOT.jar:3.4.0-SNAPSHOT]
		at reactor.core.publisher.MonoPeekTerminal$MonoTerminalPeekSubscriber.onSubscribe(MonoPeekTerminal.java:145) ~[reactor-core-3.4.0-SNAPSHOT.jar:3.4.0-SNAPSHOT]
		at reactor.core.publisher.MonoJust.subscribe(MonoJust.java:54) ~[reactor-core-3.4.0-SNAPSHOT.jar:3.4.0-SNAPSHOT]
		at reactor.core.publisher.Mono.subscribe(Mono.java:4219) ~[reactor-core-3.4.0-SNAPSHOT.jar:3.4.0-SNAPSHOT]
		at reactor.core.publisher.FluxConcatMap$ConcatMapImmediate.drain(FluxConcatMap.java:441) ~[reactor-core-3.4.0-SNAPSHOT.jar:3.4.0-SNAPSHOT]
		at reactor.core.publisher.FluxConcatMap$ConcatMapImmediate.onSubscribe(FluxConcatMap.java:211) ~[reactor-core-3.4.0-SNAPSHOT.jar:3.4.0-SNAPSHOT]
		at reactor.core.publisher.FluxIterable.subscribe(FluxIterable.java:161) ~[reactor-core-3.4.0-SNAPSHOT.jar:3.4.0-SNAPSHOT]
		at reactor.core.publisher.FluxIterable.subscribe(FluxIterable.java:86) ~[reactor-core-3.4.0-SNAPSHOT.jar:3.4.0-SNAPSHOT]
		at reactor.core.publisher.InternalMonoOperator.subscribe(InternalMonoOperator.java:64) ~[reactor-core-3.4.0-SNAPSHOT.jar:3.4.0-SNAPSHOT]
		at reactor.core.publisher.MonoDefer.subscribe(MonoDefer.java:52) ~[reactor-core-3.4.0-SNAPSHOT.jar:3.4.0-SNAPSHOT]
		at reactor.core.publisher.Mono.subscribe(Mono.java:4219) ~[reactor-core-3.4.0-SNAPSHOT.jar:3.4.0-SNAPSHOT]
		at reactor.core.publisher.MonoIgnoreThen$ThenIgnoreMain.drain(MonoIgnoreThen.java:172) ~[reactor-core-3.4.0-SNAPSHOT.jar:3.4.0-SNAPSHOT]
		at reactor.core.publisher.MonoIgnoreThen.subscribe(MonoIgnoreThen.java:56) ~[reactor-core-3.4.0-SNAPSHOT.jar:3.4.0-SNAPSHOT]
		at reactor.core.publisher.Mono.subscribe(Mono.java:4219) ~[reactor-core-3.4.0-SNAPSHOT.jar:3.4.0-SNAPSHOT]
		at org.springframework.http.server.reactive.ServletHttpHandlerAdapter.service(ServletHttpHandlerAdapter.java:192) ~[spring-web-5.3.0-SNAPSHOT.jar:5.3.0-SNAPSHOT]
		at org.eclipse.jetty.servlet.ServletHolder.handle(ServletHolder.java:763) ~[jetty-servlet-9.4.30.v20200611.jar:9.4.30.v20200611]
		at org.eclipse.jetty.servlet.ServletHandler.doHandle(ServletHandler.java:551) ~[jetty-servlet-9.4.30.v20200611.jar:9.4.30.v20200611]
		at org.eclipse.jetty.server.handler.ScopedHandler.nextHandle(ScopedHandler.java:233) ~[jetty-server-9.4.30.v20200611.jar:9.4.30.v20200611]
		at org.eclipse.jetty.server.handler.ContextHandler.doHandle(ContextHandler.java:1369) ~[jetty-server-9.4.30.v20200611.jar:9.4.30.v20200611]
		at org.eclipse.jetty.server.handler.ScopedHandler.nextScope(ScopedHandler.java:188) ~[jetty-server-9.4.30.v20200611.jar:9.4.30.v20200611]
		at org.eclipse.jetty.servlet.ServletHandler.doScope(ServletHandler.java:489) ~[jetty-servlet-9.4.30.v20200611.jar:9.4.30.v20200611]
		at org.eclipse.jetty.server.handler.ScopedHandler.nextScope(ScopedHandler.java:186) ~[jetty-server-9.4.30.v20200611.jar:9.4.30.v20200611]
		at org.eclipse.jetty.server.handler.ContextHandler.doScope(ContextHandler.java:1284) ~[jetty-server-9.4.30.v20200611.jar:9.4.30.v20200611]
		at org.eclipse.jetty.server.handler.ScopedHandler.handle(ScopedHandler.java:141) ~[jetty-server-9.4.30.v20200611.jar:9.4.30.v20200611]
		at org.eclipse.jetty.server.handler.HandlerWrapper.handle(HandlerWrapper.java:127) ~[jetty-server-9.4.30.v20200611.jar:9.4.30.v20200611]
		at org.eclipse.jetty.server.Server.handle(Server.java:501) ~[jetty-server-9.4.30.v20200611.jar:9.4.30.v20200611]
		at org.eclipse.jetty.server.HttpChannel.lambda$handle$1(HttpChannel.java:383) ~[jetty-server-9.4.30.v20200611.jar:9.4.30.v20200611]
		at org.eclipse.jetty.server.HttpChannel.dispatch(HttpChannel.java:556) ~[jetty-server-9.4.30.v20200611.jar:9.4.30.v20200611]
		at org.eclipse.jetty.server.HttpChannel.handle(HttpChannel.java:375) [jetty-server-9.4.30.v20200611.jar:9.4.30.v20200611]
		at org.eclipse.jetty.server.HttpConnection.onFillable(HttpConnection.java:272) [jetty-server-9.4.30.v20200611.jar:9.4.30.v20200611]
		at org.eclipse.jetty.io.AbstractConnection$ReadCallback.succeeded(AbstractConnection.java:311) [jetty-io-9.4.30.v20200611.jar:9.4.30.v20200611]
		at org.eclipse.jetty.io.FillInterest.fillable(FillInterest.java:103) [jetty-io-9.4.30.v20200611.jar:9.4.30.v20200611]
		at org.eclipse.jetty.io.ChannelEndPoint$1.run(ChannelEndPoint.java:104) [jetty-io-9.4.30.v20200611.jar:9.4.30.v20200611]
		at org.eclipse.jetty.util.thread.QueuedThreadPool.runJob(QueuedThreadPool.java:806) [jetty-util-9.4.30.v20200611.jar:9.4.30.v20200611]
		at org.eclipse.jetty.util.thread.QueuedThreadPool$Runner.run(QueuedThreadPool.java:938) [jetty-util-9.4.30.v20200611.jar:9.4.30.v20200611]
		at java.lang.Thread.run(Thread.java:745) [?:1.8.0_73]
14:07:39.119 [Test worker] DEBUG o.s.w.t.h.s.r.b.JettyHttpServer - Stopping JettyHttpServer...
14:07:39.119 [Test worker] INFO  o.e.j.s.h.ContextHandler - Stopped o.e.j.s.ServletContextHandler@1e3b82ec{/,null,UNAVAILABLE}
14:07:39.120 [Test worker] INFO  o.e.j.s.AbstractConnector - Stopped ServerConnector@1949f1dd{HTTP/1.1, (http/1.1)}{0.0.0.0:0}
14:07:39.131 [Test worker] DEBUG o.s.w.t.h.s.r.b.JettyHttpServer - Server stopped (0 millis).
14:07:39.178 [Test worker] DEBUG o.s.w.r.r.m.a.RequestMappingHandlerMapping - 6 mappings in 'requestMappingHandlerMapping'
14:07:39.275 [Test worker] DEBUG o.s.w.r.r.m.a.ControllerMethodResolver - ControllerAdvice beans: none
14:07:39.321 [Test worker] DEBUG o.s.w.s.a.HttpWebHandlerAdapter - enableLoggingRequestDetails='false': form data and headers will be masked to prevent unsafe logging of potentially sensitive data
14:07:39.321 [Test worker] DEBUG o.s.w.t.h.s.r.b.ReactorHttpServer - Starting ReactorHttpServer...
14:07:39.322 [Test worker] DEBUG o.s.w.t.h.s.r.b.ReactorHttpServer - Server started on port 60784(0 millis).
14:07:39.323 [Test worker] DEBUG o.s.w.c.RestTemplate - HTTP GET http://localhost:60784/SPR-16051
14:07:39.323 [Test worker] DEBUG o.s.w.c.RestTemplate - Accept=[text/plain, application/json, application/x-jackson-smile, application/*+json, */*]
14:07:39.327 [reactor-http-nio-6] DEBUG o.s.w.s.a.HttpWebHandlerAdapter - [a99ed9e4-15] HTTP GET "/SPR-16051"
14:07:39.328 [reactor-http-nio-6] DEBUG o.s.w.r.r.m.a.RequestMappingHandlerMapping - [a99ed9e4-15] Mapped to org.springframework.web.reactive.result.method.annotation.RequestMappingExceptionHandlingIntegrationTests$TestController#errors()
14:07:39.329 [reactor-http-nio-6] DEBUG o.s.w.r.r.m.a.ResponseBodyResultHandler - Using 'text/plain;charset=UTF-8' given [text/plain, application/json, application/x-jackson-smile, application/*+json, */*] and supported [text/plain;charset=UTF-8, text/event-stream, text/plain;charset=UTF-8, */*]
14:07:39.329 [reactor-http-nio-6] DEBUG o.s.w.r.r.m.a.ResponseBodyResultHandler - [a99ed9e4-15] 0..N [java.lang.String]
14:07:39.329 [reactor-http-nio-6] DEBUG o.s.c.c.CharSequenceEncoder - [a99ed9e4-15] Writing "1. foo bar"
14:07:39.331 [Test worker] DEBUG o.s.w.c.RestTemplate - Response 200 OK
14:07:39.332 [reactor-http-nio-6] DEBUG o.s.c.c.CharSequenceEncoder - [a99ed9e4-15] Writing "2. foo bar"
14:07:39.332 [reactor-http-nio-6] DEBUG o.s.c.c.CharSequenceEncoder - [a99ed9e4-15] Writing "3. foo bar"
14:07:39.333 [reactor-http-nio-6] DEBUG o.s.c.c.CharSequenceEncoder - [a99ed9e4-15] Writing "4. foo bar"
14:07:39.334 [reactor-http-nio-6] DEBUG o.s.c.c.CharSequenceEncoder - [a99ed9e4-15] Writing "5. foo bar"
14:07:39.335 [reactor-http-nio-6] DEBUG o.s.c.c.CharSequenceEncoder - [a99ed9e4-15] Writing "6. foo bar"
14:07:39.335 [reactor-http-nio-6] DEBUG o.s.c.c.CharSequenceEncoder - [a99ed9e4-15] Writing "7. foo bar"
14:07:39.336 [reactor-http-nio-6] DEBUG o.s.c.c.CharSequenceEncoder - [a99ed9e4-15] Writing "8. foo bar"
14:07:39.336 [reactor-http-nio-6] DEBUG o.s.c.c.CharSequenceEncoder - [a99ed9e4-15] Writing "9. foo bar"
14:07:39.336 [reactor-http-nio-6] DEBUG o.s.c.c.CharSequenceEncoder - [a99ed9e4-15] Writing "10. foo bar"
14:07:39.337 [reactor-http-nio-6] DEBUG o.s.c.c.CharSequenceEncoder - [a99ed9e4-15] Writing "11. foo bar"
14:07:39.337 [reactor-http-nio-6] DEBUG o.s.c.c.CharSequenceEncoder - [a99ed9e4-15] Writing "12. foo bar"
14:07:39.338 [reactor-http-nio-6] DEBUG o.s.c.c.CharSequenceEncoder - [a99ed9e4-15] Writing "13. foo bar"
14:07:39.338 [reactor-http-nio-6] DEBUG o.s.c.c.CharSequenceEncoder - [a99ed9e4-15] Writing "14. foo bar"
14:07:39.339 [reactor-http-nio-6] DEBUG o.s.c.c.CharSequenceEncoder - [a99ed9e4-15] Writing "15. foo bar"
14:07:39.339 [reactor-http-nio-6] DEBUG o.s.c.c.CharSequenceEncoder - [a99ed9e4-15] Writing "16. foo bar"
14:07:39.340 [reactor-http-nio-6] DEBUG o.s.c.c.CharSequenceEncoder - [a99ed9e4-15] Writing "17. foo bar"
14:07:39.340 [reactor-http-nio-6] DEBUG o.s.c.c.CharSequenceEncoder - [a99ed9e4-15] Writing "18. foo bar"
14:07:39.341 [reactor-http-nio-6] DEBUG o.s.c.c.CharSequenceEncoder - [a99ed9e4-15] Writing "19. foo bar"
14:07:39.341 [reactor-http-nio-6] DEBUG o.s.c.c.CharSequenceEncoder - [a99ed9e4-15] Writing "20. foo bar"
14:07:39.342 [reactor-http-nio-6] DEBUG o.s.c.c.CharSequenceEncoder - [a99ed9e4-15] Writing "21. foo bar"
14:07:39.342 [reactor-http-nio-6] DEBUG o.s.c.c.CharSequenceEncoder - [a99ed9e4-15] Writing "22. foo bar"
14:07:39.342 [reactor-http-nio-6] DEBUG o.s.c.c.CharSequenceEncoder - [a99ed9e4-15] Writing "23. foo bar"
14:07:39.343 [reactor-http-nio-6] DEBUG o.s.c.c.CharSequenceEncoder - [a99ed9e4-15] Writing "24. foo bar"
14:07:39.343 [reactor-http-nio-6] DEBUG o.s.c.c.CharSequenceEncoder - [a99ed9e4-15] Writing "25. foo bar"
14:07:39.343 [reactor-http-nio-6] DEBUG o.s.c.c.CharSequenceEncoder - [a99ed9e4-15] Writing "26. foo bar"
14:07:39.344 [reactor-http-nio-6] DEBUG o.s.c.c.CharSequenceEncoder - [a99ed9e4-15] Writing "27. foo bar"
14:07:39.344 [reactor-http-nio-6] DEBUG o.s.c.c.CharSequenceEncoder - [a99ed9e4-15] Writing "28. foo bar"
14:07:39.345 [reactor-http-nio-6] DEBUG o.s.c.c.CharSequenceEncoder - [a99ed9e4-15] Writing "29. foo bar"
14:07:39.345 [reactor-http-nio-6] DEBUG o.s.c.c.CharSequenceEncoder - [a99ed9e4-15] Writing "30. foo bar"
14:07:39.346 [reactor-http-nio-6] DEBUG o.s.c.c.CharSequenceEncoder - [a99ed9e4-15] Writing "31. foo bar"
14:07:39.346 [reactor-http-nio-6] DEBUG o.s.c.c.CharSequenceEncoder - [a99ed9e4-15] Writing "32. foo bar"
14:07:39.347 [reactor-http-nio-6] DEBUG o.s.c.c.CharSequenceEncoder - [a99ed9e4-15] Writing "33. foo bar"
14:07:39.347 [reactor-http-nio-6] DEBUG o.s.c.c.CharSequenceEncoder - [a99ed9e4-15] Writing "34. foo bar"
14:07:39.348 [reactor-http-nio-6] DEBUG o.s.c.c.CharSequenceEncoder - [a99ed9e4-15] Writing "35. foo bar"
14:07:39.348 [reactor-http-nio-6] DEBUG o.s.c.c.CharSequenceEncoder - [a99ed9e4-15] Writing "36. foo bar"
14:07:39.349 [reactor-http-nio-6] DEBUG o.s.c.c.CharSequenceEncoder - [a99ed9e4-15] Writing "37. foo bar"
14:07:39.349 [reactor-http-nio-6] DEBUG o.s.c.c.CharSequenceEncoder - [a99ed9e4-15] Writing "38. foo bar"
14:07:39.350 [reactor-http-nio-6] DEBUG o.s.c.c.CharSequenceEncoder - [a99ed9e4-15] Writing "39. foo bar"
14:07:39.350 [reactor-http-nio-6] DEBUG o.s.c.c.CharSequenceEncoder - [a99ed9e4-15] Writing "40. foo bar"
14:07:39.350 [reactor-http-nio-6] DEBUG o.s.c.c.CharSequenceEncoder - [a99ed9e4-15] Writing "41. foo bar"
14:07:39.351 [reactor-http-nio-6] DEBUG o.s.c.c.CharSequenceEncoder - [a99ed9e4-15] Writing "42. foo bar"
14:07:39.352 [reactor-http-nio-6] DEBUG o.s.c.c.CharSequenceEncoder - [a99ed9e4-15] Writing "43. foo bar"
14:07:39.352 [reactor-http-nio-6] DEBUG o.s.c.c.CharSequenceEncoder - [a99ed9e4-15] Writing "44. foo bar"
14:07:39.352 [reactor-http-nio-6] DEBUG o.s.c.c.CharSequenceEncoder - [a99ed9e4-15] Writing "45. foo bar"
14:07:39.353 [reactor-http-nio-6] DEBUG o.s.c.c.CharSequenceEncoder - [a99ed9e4-15] Writing "46. foo bar"
14:07:39.353 [reactor-http-nio-6] DEBUG o.s.c.c.CharSequenceEncoder - [a99ed9e4-15] Writing "47. foo bar"
14:07:39.354 [reactor-http-nio-6] DEBUG o.s.c.c.CharSequenceEncoder - [a99ed9e4-15] Writing "48. foo bar"
14:07:39.354 [reactor-http-nio-6] DEBUG o.s.c.c.CharSequenceEncoder - [a99ed9e4-15] Writing "49. foo bar"
14:07:39.355 [reactor-http-nio-6] DEBUG o.s.c.c.CharSequenceEncoder - [a99ed9e4-15] Writing "50. foo bar"
14:07:39.355 [reactor-http-nio-6] DEBUG o.s.c.c.CharSequenceEncoder - [a99ed9e4-15] Writing "51. foo bar"
14:07:39.355 [reactor-http-nio-6] DEBUG o.s.c.c.CharSequenceEncoder - [a99ed9e4-15] Writing "52. foo bar"
14:07:39.356 [reactor-http-nio-6] DEBUG o.s.c.c.CharSequenceEncoder - [a99ed9e4-15] Writing "53. foo bar"
14:07:39.356 [reactor-http-nio-6] DEBUG o.s.c.c.CharSequenceEncoder - [a99ed9e4-15] Writing "54. foo bar"
14:07:39.357 [reactor-http-nio-6] DEBUG o.s.c.c.CharSequenceEncoder - [a99ed9e4-15] Writing "55. foo bar"
14:07:39.357 [reactor-http-nio-6] DEBUG o.s.c.c.CharSequenceEncoder - [a99ed9e4-15] Writing "56. foo bar"
14:07:39.358 [reactor-http-nio-6] DEBUG o.s.c.c.CharSequenceEncoder - [a99ed9e4-15] Writing "57. foo bar"
14:07:39.358 [reactor-http-nio-6] DEBUG o.s.c.c.CharSequenceEncoder - [a99ed9e4-15] Writing "58. foo bar"
14:07:39.359 [reactor-http-nio-6] DEBUG o.s.c.c.CharSequenceEncoder - [a99ed9e4-15] Writing "59. foo bar"
14:07:39.359 [reactor-http-nio-6] DEBUG o.s.c.c.CharSequenceEncoder - [a99ed9e4-15] Writing "60. foo bar"
14:07:39.360 [reactor-http-nio-6] DEBUG o.s.c.c.CharSequenceEncoder - [a99ed9e4-15] Writing "61. foo bar"
14:07:39.360 [reactor-http-nio-6] DEBUG o.s.c.c.CharSequenceEncoder - [a99ed9e4-15] Writing "62. foo bar"
14:07:39.360 [reactor-http-nio-6] DEBUG o.s.c.c.CharSequenceEncoder - [a99ed9e4-15] Writing "63. foo bar"
14:07:39.361 [reactor-http-nio-6] DEBUG o.s.c.c.CharSequenceEncoder - [a99ed9e4-15] Writing "64. foo bar"
14:07:39.361 [reactor-http-nio-6] DEBUG o.s.c.c.CharSequenceEncoder - [a99ed9e4-15] Writing "65. foo bar"
14:07:39.362 [reactor-http-nio-6] DEBUG o.s.c.c.CharSequenceEncoder - [a99ed9e4-15] Writing "66. foo bar"
14:07:39.362 [reactor-http-nio-6] DEBUG o.s.c.c.CharSequenceEncoder - [a99ed9e4-15] Writing "67. foo bar"
14:07:39.363 [reactor-http-nio-6] DEBUG o.s.c.c.CharSequenceEncoder - [a99ed9e4-15] Writing "68. foo bar"
14:07:39.363 [reactor-http-nio-6] DEBUG o.s.c.c.CharSequenceEncoder - [a99ed9e4-15] Writing "69. foo bar"
14:07:39.363 [reactor-http-nio-6] DEBUG o.s.c.c.CharSequenceEncoder - [a99ed9e4-15] Writing "70. foo bar"
14:07:39.364 [reactor-http-nio-6] DEBUG o.s.c.c.CharSequenceEncoder - [a99ed9e4-15] Writing "71. foo bar"
14:07:39.364 [reactor-http-nio-6] DEBUG o.s.c.c.CharSequenceEncoder - [a99ed9e4-15] Writing "72. foo bar"
14:07:39.365 [reactor-http-nio-6] DEBUG o.s.c.c.CharSequenceEncoder - [a99ed9e4-15] Writing "73. foo bar"
14:07:39.365 [reactor-http-nio-6] DEBUG o.s.c.c.CharSequenceEncoder - [a99ed9e4-15] Writing "74. foo bar"
14:07:39.366 [reactor-http-nio-6] DEBUG o.s.c.c.CharSequenceEncoder - [a99ed9e4-15] Writing "75. foo bar"
14:07:39.366 [reactor-http-nio-6] DEBUG o.s.c.c.CharSequenceEncoder - [a99ed9e4-15] Writing "76. foo bar"
14:07:39.366 [reactor-http-nio-6] DEBUG o.s.c.c.CharSequenceEncoder - [a99ed9e4-15] Writing "77. foo bar"
14:07:39.367 [reactor-http-nio-6] DEBUG o.s.c.c.CharSequenceEncoder - [a99ed9e4-15] Writing "78. foo bar"
14:07:39.367 [reactor-http-nio-6] DEBUG o.s.c.c.CharSequenceEncoder - [a99ed9e4-15] Writing "79. foo bar"
14:07:39.368 [reactor-http-nio-6] DEBUG o.s.c.c.CharSequenceEncoder - [a99ed9e4-15] Writing "80. foo bar"
14:07:39.369 [reactor-http-nio-6] DEBUG o.s.c.c.CharSequenceEncoder - [a99ed9e4-15] Writing "81. foo bar"
14:07:39.369 [reactor-http-nio-6] DEBUG o.s.c.c.CharSequenceEncoder - [a99ed9e4-15] Writing "82. foo bar"
14:07:39.369 [reactor-http-nio-6] DEBUG o.s.c.c.CharSequenceEncoder - [a99ed9e4-15] Writing "83. foo bar"
14:07:39.370 [reactor-http-nio-6] DEBUG o.s.c.c.CharSequenceEncoder - [a99ed9e4-15] Writing "84. foo bar"
14:07:39.370 [reactor-http-nio-6] DEBUG o.s.c.c.CharSequenceEncoder - [a99ed9e4-15] Writing "85. foo bar"
14:07:39.371 [reactor-http-nio-6] DEBUG o.s.c.c.CharSequenceEncoder - [a99ed9e4-15] Writing "86. foo bar"
14:07:39.371 [reactor-http-nio-6] DEBUG o.s.c.c.CharSequenceEncoder - [a99ed9e4-15] Writing "87. foo bar"
14:07:39.371 [reactor-http-nio-6] DEBUG o.s.c.c.CharSequenceEncoder - [a99ed9e4-15] Writing "88. foo bar"
14:07:39.372 [reactor-http-nio-6] DEBUG o.s.c.c.CharSequenceEncoder - [a99ed9e4-15] Writing "89. foo bar"
14:07:39.372 [reactor-http-nio-6] DEBUG o.s.c.c.CharSequenceEncoder - [a99ed9e4-15] Writing "90. foo bar"
14:07:39.372 [reactor-http-nio-6] DEBUG o.s.c.c.CharSequenceEncoder - [a99ed9e4-15] Writing "91. foo bar"
14:07:39.373 [reactor-http-nio-6] DEBUG o.s.c.c.CharSequenceEncoder - [a99ed9e4-15] Writing "92. foo bar"
14:07:39.373 [reactor-http-nio-6] DEBUG o.s.c.c.CharSequenceEncoder - [a99ed9e4-15] Writing "93. foo bar"
14:07:39.373 [reactor-http-nio-6] DEBUG o.s.c.c.CharSequenceEncoder - [a99ed9e4-15] Writing "94. foo bar"
14:07:39.374 [reactor-http-nio-6] DEBUG o.s.c.c.CharSequenceEncoder - [a99ed9e4-15] Writing "95. foo bar"
14:07:39.374 [reactor-http-nio-6] DEBUG o.s.c.c.CharSequenceEncoder - [a99ed9e4-15] Writing "96. foo bar"
14:07:39.375 [reactor-http-nio-6] DEBUG o.s.c.c.CharSequenceEncoder - [a99ed9e4-15] Writing "97. foo bar"
14:07:39.375 [reactor-http-nio-6] DEBUG o.s.c.c.CharSequenceEncoder - [a99ed9e4-15] Writing "98. foo bar"
14:07:39.376 [reactor-http-nio-6] DEBUG o.s.c.c.CharSequenceEncoder - [a99ed9e4-15] Writing "99. foo bar"
14:07:39.376 [reactor-http-nio-6] DEBUG o.s.c.c.CharSequenceEncoder - [a99ed9e4-15] Writing "100. foo bar"
14:07:39.376 [reactor-http-nio-6] DEBUG o.s.c.c.CharSequenceEncoder - [a99ed9e4-15] Writing "101. foo bar"
14:07:39.377 [reactor-http-nio-6] DEBUG o.s.c.c.CharSequenceEncoder - [a99ed9e4-15] Writing "102. foo bar"
14:07:39.377 [reactor-http-nio-6] DEBUG o.s.c.c.CharSequenceEncoder - [a99ed9e4-15] Writing "103. foo bar"
14:07:39.378 [reactor-http-nio-6] DEBUG o.s.c.c.CharSequenceEncoder - [a99ed9e4-15] Writing "104. foo bar"
14:07:39.378 [reactor-http-nio-6] DEBUG o.s.c.c.CharSequenceEncoder - [a99ed9e4-15] Writing "105. foo bar"
14:07:39.379 [reactor-http-nio-6] DEBUG o.s.c.c.CharSequenceEncoder - [a99ed9e4-15] Writing "106. foo bar"
14:07:39.379 [reactor-http-nio-6] DEBUG o.s.c.c.CharSequenceEncoder - [a99ed9e4-15] Writing "107. foo bar"
14:07:39.380 [reactor-http-nio-6] DEBUG o.s.c.c.CharSequenceEncoder - [a99ed9e4-15] Writing "108. foo bar"
14:07:39.380 [reactor-http-nio-6] DEBUG o.s.c.c.CharSequenceEncoder - [a99ed9e4-15] Writing "109. foo bar"
14:07:39.381 [reactor-http-nio-6] DEBUG o.s.c.c.CharSequenceEncoder - [a99ed9e4-15] Writing "110. foo bar"
14:07:39.381 [reactor-http-nio-6] DEBUG o.s.c.c.CharSequenceEncoder - [a99ed9e4-15] Writing "111. foo bar"
14:07:39.381 [reactor-http-nio-6] DEBUG o.s.c.c.CharSequenceEncoder - [a99ed9e4-15] Writing "112. foo bar"
14:07:39.382 [reactor-http-nio-6] DEBUG o.s.c.c.CharSequenceEncoder - [a99ed9e4-15] Writing "113. foo bar"
14:07:39.382 [reactor-http-nio-6] DEBUG o.s.c.c.CharSequenceEncoder - [a99ed9e4-15] Writing "114. foo bar"
14:07:39.383 [reactor-http-nio-6] DEBUG o.s.c.c.CharSequenceEncoder - [a99ed9e4-15] Writing "115. foo bar"
14:07:39.383 [reactor-http-nio-6] DEBUG o.s.c.c.CharSequenceEncoder - [a99ed9e4-15] Writing "116. foo bar"
14:07:39.384 [reactor-http-nio-6] DEBUG o.s.c.c.CharSequenceEncoder - [a99ed9e4-15] Writing "117. foo bar"
14:07:39.384 [reactor-http-nio-6] DEBUG o.s.c.c.CharSequenceEncoder - [a99ed9e4-15] Writing "118. foo bar"
14:07:39.385 [reactor-http-nio-6] DEBUG o.s.c.c.CharSequenceEncoder - [a99ed9e4-15] Writing "119. foo bar"
14:07:39.385 [reactor-http-nio-6] DEBUG o.s.c.c.CharSequenceEncoder - [a99ed9e4-15] Writing "120. foo bar"
14:07:39.386 [reactor-http-nio-6] DEBUG o.s.c.c.CharSequenceEncoder - [a99ed9e4-15] Writing "121. foo bar"
14:07:39.386 [reactor-http-nio-6] DEBUG o.s.c.c.CharSequenceEncoder - [a99ed9e4-15] Writing "122. foo bar"
14:07:39.386 [reactor-http-nio-6] DEBUG o.s.c.c.CharSequenceEncoder - [a99ed9e4-15] Writing "123. foo bar"
14:07:39.387 [reactor-http-nio-6] DEBUG o.s.c.c.CharSequenceEncoder - [a99ed9e4-15] Writing "124. foo bar"
14:07:39.387 [reactor-http-nio-6] DEBUG o.s.c.c.CharSequenceEncoder - [a99ed9e4-15] Writing "125. foo bar"
14:07:39.387 [reactor-http-nio-6] DEBUG o.s.c.c.CharSequenceEncoder - [a99ed9e4-15] Writing "126. foo bar"
14:07:39.388 [reactor-http-nio-6] DEBUG o.s.c.c.CharSequenceEncoder - [a99ed9e4-15] Writing "127. foo bar"
14:07:39.388 [reactor-http-nio-6] DEBUG o.s.c.c.CharSequenceEncoder - [a99ed9e4-15] Writing "128. foo bar"
14:07:39.394 [Test worker] DEBUG o.s.w.c.RestTemplate - Reading to [java.lang.String] as "text/plain;charset=UTF-8"
14:07:39.396 [reactor-http-nio-6] DEBUG o.s.c.c.CharSequenceEncoder - [a99ed9e4-15] Writing "129. foo bar"
14:07:39.397 [reactor-http-nio-6] DEBUG o.s.c.c.CharSequenceEncoder - [a99ed9e4-15] Writing "130. foo bar"
14:07:39.397 [reactor-http-nio-6] DEBUG o.s.c.c.CharSequenceEncoder - [a99ed9e4-15] Writing "131. foo bar"
14:07:39.397 [reactor-http-nio-6] DEBUG o.s.c.c.CharSequenceEncoder - [a99ed9e4-15] Writing "132. foo bar"
14:07:39.397 [reactor-http-nio-6] DEBUG o.s.c.c.CharSequenceEncoder - [a99ed9e4-15] Writing "133. foo bar"
14:07:39.397 [reactor-http-nio-6] DEBUG o.s.c.c.CharSequenceEncoder - [a99ed9e4-15] Writing "134. foo bar"
14:07:39.397 [reactor-http-nio-6] DEBUG o.s.c.c.CharSequenceEncoder - [a99ed9e4-15] Writing "135. foo bar"
14:07:39.398 [reactor-http-nio-6] DEBUG o.s.c.c.CharSequenceEncoder - [a99ed9e4-15] Writing "136. foo bar"
14:07:39.398 [reactor-http-nio-6] DEBUG o.s.c.c.CharSequenceEncoder - [a99ed9e4-15] Writing "137. foo bar"
14:07:39.398 [reactor-http-nio-6] DEBUG o.s.c.c.CharSequenceEncoder - [a99ed9e4-15] Writing "138. foo bar"
14:07:39.398 [reactor-http-nio-6] DEBUG o.s.c.c.CharSequenceEncoder - [a99ed9e4-15] Writing "139. foo bar"
14:07:39.398 [reactor-http-nio-6] DEBUG o.s.c.c.CharSequenceEncoder - [a99ed9e4-15] Writing "140. foo bar"
14:07:39.398 [reactor-http-nio-6] DEBUG o.s.c.c.CharSequenceEncoder - [a99ed9e4-15] Writing "141. foo bar"
14:07:39.398 [reactor-http-nio-6] DEBUG o.s.c.c.CharSequenceEncoder - [a99ed9e4-15] Writing "142. foo bar"
14:07:39.398 [reactor-http-nio-6] DEBUG o.s.c.c.CharSequenceEncoder - [a99ed9e4-15] Writing "143. foo bar"
14:07:39.398 [reactor-http-nio-6] DEBUG o.s.c.c.CharSequenceEncoder - [a99ed9e4-15] Writing "144. foo bar"
14:07:39.399 [reactor-http-nio-6] DEBUG o.s.c.c.CharSequenceEncoder - [a99ed9e4-15] Writing "145. foo bar"
14:07:39.399 [reactor-http-nio-6] DEBUG o.s.c.c.CharSequenceEncoder - [a99ed9e4-15] Writing "146. foo bar"
14:07:39.399 [reactor-http-nio-6] DEBUG o.s.c.c.CharSequenceEncoder - [a99ed9e4-15] Writing "147. foo bar"
14:07:39.399 [reactor-http-nio-6] DEBUG o.s.c.c.CharSequenceEncoder - [a99ed9e4-15] Writing "148. foo bar"
14:07:39.399 [reactor-http-nio-6] DEBUG o.s.c.c.CharSequenceEncoder - [a99ed9e4-15] Writing "149. foo bar"
14:07:39.399 [reactor-http-nio-6] DEBUG o.s.c.c.CharSequenceEncoder - [a99ed9e4-15] Writing "150. foo bar"
14:07:39.399 [reactor-http-nio-6] DEBUG o.s.c.c.CharSequenceEncoder - [a99ed9e4-15] Writing "151. foo bar"
14:07:39.399 [reactor-http-nio-6] DEBUG o.s.c.c.CharSequenceEncoder - [a99ed9e4-15] Writing "152. foo bar"
14:07:39.399 [reactor-http-nio-6] DEBUG o.s.c.c.CharSequenceEncoder - [a99ed9e4-15] Writing "153. foo bar"
14:07:39.400 [reactor-http-nio-6] DEBUG o.s.c.c.CharSequenceEncoder - [a99ed9e4-15] Writing "154. foo bar"
14:07:39.400 [reactor-http-nio-6] DEBUG o.s.c.c.CharSequenceEncoder - [a99ed9e4-15] Writing "155. foo bar"
14:07:39.400 [reactor-http-nio-6] DEBUG o.s.c.c.CharSequenceEncoder - [a99ed9e4-15] Writing "156. foo bar"
14:07:39.400 [reactor-http-nio-6] DEBUG o.s.c.c.CharSequenceEncoder - [a99ed9e4-15] Writing "157. foo bar"
14:07:39.400 [reactor-http-nio-6] DEBUG o.s.c.c.CharSequenceEncoder - [a99ed9e4-15] Writing "158. foo bar"
14:07:39.400 [reactor-http-nio-6] DEBUG o.s.c.c.CharSequenceEncoder - [a99ed9e4-15] Writing "159. foo bar"
14:07:39.400 [reactor-http-nio-6] DEBUG o.s.c.c.CharSequenceEncoder - [a99ed9e4-15] Writing "160. foo bar"
14:07:39.400 [reactor-http-nio-6] DEBUG o.s.c.c.CharSequenceEncoder - [a99ed9e4-15] Writing "161. foo bar"
14:07:39.401 [reactor-http-nio-6] DEBUG o.s.c.c.CharSequenceEncoder - [a99ed9e4-15] Writing "162. foo bar"
14:07:39.401 [reactor-http-nio-6] DEBUG o.s.c.c.CharSequenceEncoder - [a99ed9e4-15] Writing "163. foo bar"
14:07:39.401 [reactor-http-nio-6] DEBUG o.s.c.c.CharSequenceEncoder - [a99ed9e4-15] Writing "164. foo bar"
14:07:39.401 [reactor-http-nio-6] DEBUG o.s.c.c.CharSequenceEncoder - [a99ed9e4-15] Writing "165. foo bar"
14:07:39.401 [reactor-http-nio-6] DEBUG o.s.c.c.CharSequenceEncoder - [a99ed9e4-15] Writing "166. foo bar"
14:07:39.401 [reactor-http-nio-6] DEBUG o.s.c.c.CharSequenceEncoder - [a99ed9e4-15] Writing "167. foo bar"
14:07:39.401 [reactor-http-nio-6] DEBUG o.s.c.c.CharSequenceEncoder - [a99ed9e4-15] Writing "168. foo bar"
14:07:39.401 [reactor-http-nio-6] DEBUG o.s.c.c.CharSequenceEncoder - [a99ed9e4-15] Writing "169. foo bar"
14:07:39.401 [reactor-http-nio-6] DEBUG o.s.c.c.CharSequenceEncoder - [a99ed9e4-15] Writing "170. foo bar"
14:07:39.401 [reactor-http-nio-6] DEBUG o.s.c.c.CharSequenceEncoder - [a99ed9e4-15] Writing "171. foo bar"
14:07:39.401 [reactor-http-nio-6] DEBUG o.s.c.c.CharSequenceEncoder - [a99ed9e4-15] Writing "172. foo bar"
14:07:39.401 [reactor-http-nio-6] DEBUG o.s.c.c.CharSequenceEncoder - [a99ed9e4-15] Writing "173. foo bar"
14:07:39.401 [reactor-http-nio-6] DEBUG o.s.c.c.CharSequenceEncoder - [a99ed9e4-15] Writing "174. foo bar"
14:07:39.402 [reactor-http-nio-6] DEBUG o.s.c.c.CharSequenceEncoder - [a99ed9e4-15] Writing "175. foo bar"
14:07:39.402 [reactor-http-nio-6] DEBUG o.s.c.c.CharSequenceEncoder - [a99ed9e4-15] Writing "176. foo bar"
14:07:39.402 [reactor-http-nio-6] DEBUG o.s.c.c.CharSequenceEncoder - [a99ed9e4-15] Writing "177. foo bar"
14:07:39.402 [reactor-http-nio-6] DEBUG o.s.c.c.CharSequenceEncoder - [a99ed9e4-15] Writing "178. foo bar"
14:07:39.402 [reactor-http-nio-6] DEBUG o.s.c.c.CharSequenceEncoder - [a99ed9e4-15] Writing "179. foo bar"
14:07:39.402 [reactor-http-nio-6] DEBUG o.s.c.c.CharSequenceEncoder - [a99ed9e4-15] Writing "180. foo bar"
14:07:39.402 [reactor-http-nio-6] DEBUG o.s.c.c.CharSequenceEncoder - [a99ed9e4-15] Writing "181. foo bar"
14:07:39.402 [reactor-http-nio-6] DEBUG o.s.c.c.CharSequenceEncoder - [a99ed9e4-15] Writing "182. foo bar"
14:07:39.402 [reactor-http-nio-6] DEBUG o.s.c.c.CharSequenceEncoder - [a99ed9e4-15] Writing "183. foo bar"
14:07:39.402 [reactor-http-nio-6] DEBUG o.s.c.c.CharSequenceEncoder - [a99ed9e4-15] Writing "184. foo bar"
14:07:39.402 [reactor-http-nio-6] DEBUG o.s.c.c.CharSequenceEncoder - [a99ed9e4-15] Writing "185. foo bar"
14:07:39.402 [reactor-http-nio-6] DEBUG o.s.c.c.CharSequenceEncoder - [a99ed9e4-15] Writing "186. foo bar"
14:07:39.402 [reactor-http-nio-6] DEBUG o.s.c.c.CharSequenceEncoder - [a99ed9e4-15] Writing "187. foo bar"
14:07:39.402 [reactor-http-nio-6] DEBUG o.s.c.c.CharSequenceEncoder - [a99ed9e4-15] Writing "188. foo bar"
14:07:39.403 [reactor-http-nio-6] DEBUG o.s.c.c.CharSequenceEncoder - [a99ed9e4-15] Writing "189. foo bar"
14:07:39.403 [reactor-http-nio-6] DEBUG o.s.c.c.CharSequenceEncoder - [a99ed9e4-15] Writing "190. foo bar"
14:07:39.403 [reactor-http-nio-6] DEBUG o.s.c.c.CharSequenceEncoder - [a99ed9e4-15] Writing "191. foo bar"
14:07:39.403 [reactor-http-nio-6] DEBUG o.s.c.c.CharSequenceEncoder - [a99ed9e4-15] Writing "192. foo bar"
14:07:39.419 [reactor-http-nio-6] DEBUG o.s.c.c.CharSequenceEncoder - [a99ed9e4-15] Writing "193. foo bar"
14:07:39.419 [reactor-http-nio-6] DEBUG o.s.c.c.CharSequenceEncoder - [a99ed9e4-15] Writing "194. foo bar"
14:07:39.420 [reactor-http-nio-6] DEBUG o.s.c.c.CharSequenceEncoder - [a99ed9e4-15] Writing "195. foo bar"
14:07:39.420 [reactor-http-nio-6] DEBUG o.s.c.c.CharSequenceEncoder - [a99ed9e4-15] Writing "196. foo bar"
14:07:39.420 [reactor-http-nio-6] DEBUG o.s.c.c.CharSequenceEncoder - [a99ed9e4-15] Writing "197. foo bar"
14:07:39.420 [reactor-http-nio-6] DEBUG o.s.c.c.CharSequenceEncoder - [a99ed9e4-15] Writing "198. foo bar"
14:07:39.420 [reactor-http-nio-6] DEBUG o.s.c.c.CharSequenceEncoder - [a99ed9e4-15] Writing "199. foo bar"
14:07:39.420 [reactor-http-nio-6] DEBUG o.s.c.c.CharSequenceEncoder - [a99ed9e4-15] Writing "200. foo bar"
14:07:39.420 [reactor-http-nio-6] DEBUG o.s.c.c.CharSequenceEncoder - [a99ed9e4-15] Writing "201. foo bar"
14:07:39.420 [reactor-http-nio-6] DEBUG o.s.c.c.CharSequenceEncoder - [a99ed9e4-15] Writing "202. foo bar"
14:07:39.421 [reactor-http-nio-6] DEBUG o.s.c.c.CharSequenceEncoder - [a99ed9e4-15] Writing "203. foo bar"
14:07:39.421 [reactor-http-nio-6] DEBUG o.s.c.c.CharSequenceEncoder - [a99ed9e4-15] Writing "204. foo bar"
14:07:39.421 [reactor-http-nio-6] DEBUG o.s.c.c.CharSequenceEncoder - [a99ed9e4-15] Writing "205. foo bar"
14:07:39.422 [reactor-http-nio-6] DEBUG o.s.c.c.CharSequenceEncoder - [a99ed9e4-15] Writing "206. foo bar"
14:07:39.422 [reactor-http-nio-6] DEBUG o.s.c.c.CharSequenceEncoder - [a99ed9e4-15] Writing "207. foo bar"
14:07:39.422 [reactor-http-nio-6] DEBUG o.s.c.c.CharSequenceEncoder - [a99ed9e4-15] Writing "208. foo bar"
14:07:39.422 [reactor-http-nio-6] DEBUG o.s.c.c.CharSequenceEncoder - [a99ed9e4-15] Writing "209. foo bar"
14:07:39.422 [reactor-http-nio-6] DEBUG o.s.c.c.CharSequenceEncoder - [a99ed9e4-15] Writing "210. foo bar"
14:07:39.422 [reactor-http-nio-6] DEBUG o.s.c.c.CharSequenceEncoder - [a99ed9e4-15] Writing "211. foo bar"
14:07:39.422 [reactor-http-nio-6] DEBUG o.s.c.c.CharSequenceEncoder - [a99ed9e4-15] Writing "212. foo bar"
14:07:39.422 [reactor-http-nio-6] DEBUG o.s.c.c.CharSequenceEncoder - [a99ed9e4-15] Writing "213. foo bar"
14:07:39.422 [reactor-http-nio-6] DEBUG o.s.c.c.CharSequenceEncoder - [a99ed9e4-15] Writing "214. foo bar"
14:07:39.423 [reactor-http-nio-6] DEBUG o.s.c.c.CharSequenceEncoder - [a99ed9e4-15] Writing "215. foo bar"
14:07:39.423 [reactor-http-nio-6] DEBUG o.s.c.c.CharSequenceEncoder - [a99ed9e4-15] Writing "216. foo bar"
14:07:39.423 [reactor-http-nio-6] DEBUG o.s.c.c.CharSequenceEncoder - [a99ed9e4-15] Writing "217. foo bar"
14:07:39.423 [reactor-http-nio-6] DEBUG o.s.c.c.CharSequenceEncoder - [a99ed9e4-15] Writing "218. foo bar"
14:07:39.423 [reactor-http-nio-6] DEBUG o.s.c.c.CharSequenceEncoder - [a99ed9e4-15] Writing "219. foo bar"
14:07:39.423 [reactor-http-nio-6] DEBUG o.s.c.c.CharSequenceEncoder - [a99ed9e4-15] Writing "220. foo bar"
14:07:39.423 [reactor-http-nio-6] DEBUG o.s.c.c.CharSequenceEncoder - [a99ed9e4-15] Writing "221. foo bar"
14:07:39.423 [reactor-http-nio-6] DEBUG o.s.c.c.CharSequenceEncoder - [a99ed9e4-15] Writing "222. foo bar"
14:07:39.423 [reactor-http-nio-6] DEBUG o.s.c.c.CharSequenceEncoder - [a99ed9e4-15] Writing "223. foo bar"
14:07:39.423 [reactor-http-nio-6] DEBUG o.s.c.c.CharSequenceEncoder - [a99ed9e4-15] Writing "224. foo bar"
14:07:39.423 [reactor-http-nio-6] DEBUG o.s.c.c.CharSequenceEncoder - [a99ed9e4-15] Writing "225. foo bar"
14:07:39.423 [reactor-http-nio-6] DEBUG o.s.c.c.CharSequenceEncoder - [a99ed9e4-15] Writing "226. foo bar"
14:07:39.423 [reactor-http-nio-6] DEBUG o.s.c.c.CharSequenceEncoder - [a99ed9e4-15] Writing "227. foo bar"
14:07:39.423 [reactor-http-nio-6] DEBUG o.s.c.c.CharSequenceEncoder - [a99ed9e4-15] Writing "228. foo bar"
14:07:39.424 [reactor-http-nio-6] DEBUG o.s.c.c.CharSequenceEncoder - [a99ed9e4-15] Writing "229. foo bar"
14:07:39.424 [reactor-http-nio-6] DEBUG o.s.c.c.CharSequenceEncoder - [a99ed9e4-15] Writing "230. foo bar"
14:07:39.424 [reactor-http-nio-6] DEBUG o.s.c.c.CharSequenceEncoder - [a99ed9e4-15] Writing "231. foo bar"
14:07:39.424 [reactor-http-nio-6] DEBUG o.s.c.c.CharSequenceEncoder - [a99ed9e4-15] Writing "232. foo bar"
14:07:39.424 [reactor-http-nio-6] DEBUG o.s.c.c.CharSequenceEncoder - [a99ed9e4-15] Writing "233. foo bar"
14:07:39.424 [reactor-http-nio-6] DEBUG o.s.c.c.CharSequenceEncoder - [a99ed9e4-15] Writing "234. foo bar"
14:07:39.424 [reactor-http-nio-6] DEBUG o.s.c.c.CharSequenceEncoder - [a99ed9e4-15] Writing "235. foo bar"
14:07:39.424 [reactor-http-nio-6] DEBUG o.s.c.c.CharSequenceEncoder - [a99ed9e4-15] Writing "236. foo bar"
14:07:39.424 [reactor-http-nio-6] DEBUG o.s.c.c.CharSequenceEncoder - [a99ed9e4-15] Writing "237. foo bar"
14:07:39.424 [reactor-http-nio-6] DEBUG o.s.c.c.CharSequenceEncoder - [a99ed9e4-15] Writing "238. foo bar"
14:07:39.424 [reactor-http-nio-6] DEBUG o.s.c.c.CharSequenceEncoder - [a99ed9e4-15] Writing "239. foo bar"
14:07:39.424 [reactor-http-nio-6] DEBUG o.s.c.c.CharSequenceEncoder - [a99ed9e4-15] Writing "240. foo bar"
14:07:39.424 [reactor-http-nio-6] DEBUG o.s.c.c.CharSequenceEncoder - [a99ed9e4-15] Writing "241. foo bar"
14:07:39.424 [reactor-http-nio-6] DEBUG o.s.c.c.CharSequenceEncoder - [a99ed9e4-15] Writing "242. foo bar"
14:07:39.424 [reactor-http-nio-6] DEBUG o.s.c.c.CharSequenceEncoder - [a99ed9e4-15] Writing "243. foo bar"
14:07:39.424 [reactor-http-nio-6] DEBUG o.s.c.c.CharSequenceEncoder - [a99ed9e4-15] Writing "244. foo bar"
14:07:39.424 [reactor-http-nio-6] DEBUG o.s.c.c.CharSequenceEncoder - [a99ed9e4-15] Writing "245. foo bar"
14:07:39.425 [reactor-http-nio-6] DEBUG o.s.c.c.CharSequenceEncoder - [a99ed9e4-15] Writing "246. foo bar"
14:07:39.425 [reactor-http-nio-6] DEBUG o.s.c.c.CharSequenceEncoder - [a99ed9e4-15] Writing "247. foo bar"
14:07:39.425 [reactor-http-nio-6] DEBUG o.s.c.c.CharSequenceEncoder - [a99ed9e4-15] Writing "248. foo bar"
14:07:39.425 [reactor-http-nio-6] DEBUG o.s.c.c.CharSequenceEncoder - [a99ed9e4-15] Writing "249. foo bar"
14:07:39.425 [reactor-http-nio-6] DEBUG o.s.c.c.CharSequenceEncoder - [a99ed9e4-15] Writing "250. foo bar"
14:07:39.425 [reactor-http-nio-6] DEBUG o.s.c.c.CharSequenceEncoder - [a99ed9e4-15] Writing "251. foo bar"
14:07:39.425 [reactor-http-nio-6] DEBUG o.s.c.c.CharSequenceEncoder - [a99ed9e4-15] Writing "252. foo bar"
14:07:39.425 [reactor-http-nio-6] DEBUG o.s.c.c.CharSequenceEncoder - [a99ed9e4-15] Writing "253. foo bar"
14:07:39.425 [reactor-http-nio-6] DEBUG o.s.c.c.CharSequenceEncoder - [a99ed9e4-15] Writing "254. foo bar"
14:07:39.425 [reactor-http-nio-6] DEBUG o.s.c.c.CharSequenceEncoder - [a99ed9e4-15] Writing "255. foo bar"
14:07:39.425 [reactor-http-nio-6] DEBUG o.s.c.c.CharSequenceEncoder - [a99ed9e4-15] Writing "256. foo bar"
14:07:39.451 [reactor-http-nio-6] DEBUG o.s.c.c.CharSequenceEncoder - [a99ed9e4-15] Writing "257. foo bar"
14:07:39.451 [reactor-http-nio-6] DEBUG o.s.c.c.CharSequenceEncoder - [a99ed9e4-15] Writing "258. foo bar"
14:07:39.451 [reactor-http-nio-6] DEBUG o.s.c.c.CharSequenceEncoder - [a99ed9e4-15] Writing "259. foo bar"
14:07:39.451 [reactor-http-nio-6] DEBUG o.s.c.c.CharSequenceEncoder - [a99ed9e4-15] Writing "260. foo bar"
14:07:39.451 [reactor-http-nio-6] DEBUG o.s.c.c.CharSequenceEncoder - [a99ed9e4-15] Writing "261. foo bar"
14:07:39.452 [reactor-http-nio-6] DEBUG o.s.c.c.CharSequenceEncoder - [a99ed9e4-15] Writing "262. foo bar"
14:07:39.452 [reactor-http-nio-6] DEBUG o.s.c.c.CharSequenceEncoder - [a99ed9e4-15] Writing "263. foo bar"
14:07:39.452 [reactor-http-nio-6] DEBUG o.s.c.c.CharSequenceEncoder - [a99ed9e4-15] Writing "264. foo bar"
14:07:39.452 [reactor-http-nio-6] DEBUG o.s.c.c.CharSequenceEncoder - [a99ed9e4-15] Writing "265. foo bar"
14:07:39.452 [reactor-http-nio-6] DEBUG o.s.c.c.CharSequenceEncoder - [a99ed9e4-15] Writing "266. foo bar"
14:07:39.452 [reactor-http-nio-6] DEBUG o.s.c.c.CharSequenceEncoder - [a99ed9e4-15] Writing "267. foo bar"
14:07:39.479 [reactor-http-nio-6] DEBUG o.s.c.c.CharSequenceEncoder - [a99ed9e4-15] Writing "268. foo bar"
14:07:39.481 [reactor-http-nio-6] DEBUG o.s.c.c.CharSequenceEncoder - [a99ed9e4-15] Writing "269. foo bar"
14:07:39.482 [reactor-http-nio-6] DEBUG o.s.c.c.CharSequenceEncoder - [a99ed9e4-15] Writing "270. foo bar"
14:07:39.483 [reactor-http-nio-6] DEBUG o.s.c.c.CharSequenceEncoder - [a99ed9e4-15] Writing "271. foo bar"
14:07:39.483 [reactor-http-nio-6] DEBUG o.s.c.c.CharSequenceEncoder - [a99ed9e4-15] Writing "272. foo bar"
14:07:39.483 [reactor-http-nio-6] DEBUG o.s.c.c.CharSequenceEncoder - [a99ed9e4-15] Writing "273. foo bar"
14:07:39.484 [reactor-http-nio-6] DEBUG o.s.c.c.CharSequenceEncoder - [a99ed9e4-15] Writing "274. foo bar"
14:07:39.484 [reactor-http-nio-6] DEBUG o.s.c.c.CharSequenceEncoder - [a99ed9e4-15] Writing "275. foo bar"
14:07:39.484 [reactor-http-nio-6] DEBUG o.s.c.c.CharSequenceEncoder - [a99ed9e4-15] Writing "276. foo bar"
14:07:39.484 [reactor-http-nio-6] DEBUG o.s.c.c.CharSequenceEncoder - [a99ed9e4-15] Writing "277. foo bar"
14:07:39.485 [reactor-http-nio-6] DEBUG o.s.c.c.CharSequenceEncoder - [a99ed9e4-15] Writing "278. foo bar"
14:07:39.485 [reactor-http-nio-6] DEBUG o.s.c.c.CharSequenceEncoder - [a99ed9e4-15] Writing "279. foo bar"
14:07:39.485 [reactor-http-nio-6] DEBUG o.s.c.c.CharSequenceEncoder - [a99ed9e4-15] Writing "280. foo bar"
14:07:39.485 [reactor-http-nio-6] DEBUG o.s.c.c.CharSequenceEncoder - [a99ed9e4-15] Writing "281. foo bar"
14:07:39.485 [reactor-http-nio-6] DEBUG o.s.c.c.CharSequenceEncoder - [a99ed9e4-15] Writing "282. foo bar"
14:07:39.485 [reactor-http-nio-6] DEBUG o.s.c.c.CharSequenceEncoder - [a99ed9e4-15] Writing "283. foo bar"
14:07:39.485 [reactor-http-nio-6] DEBUG o.s.c.c.CharSequenceEncoder - [a99ed9e4-15] Writing "284. foo bar"
14:07:39.485 [reactor-http-nio-6] DEBUG o.s.c.c.CharSequenceEncoder - [a99ed9e4-15] Writing "285. foo bar"
14:07:39.485 [reactor-http-nio-6] DEBUG o.s.c.c.CharSequenceEncoder - [a99ed9e4-15] Writing "286. foo bar"
14:07:39.485 [reactor-http-nio-6] DEBUG o.s.c.c.CharSequenceEncoder - [a99ed9e4-15] Writing "287. foo bar"
14:07:39.485 [reactor-http-nio-6] DEBUG o.s.c.c.CharSequenceEncoder - [a99ed9e4-15] Writing "288. foo bar"
14:07:39.485 [reactor-http-nio-6] DEBUG o.s.c.c.CharSequenceEncoder - [a99ed9e4-15] Writing "289. foo bar"
14:07:39.485 [reactor-http-nio-6] DEBUG o.s.c.c.CharSequenceEncoder - [a99ed9e4-15] Writing "290. foo bar"
14:07:39.485 [reactor-http-nio-6] DEBUG o.s.c.c.CharSequenceEncoder - [a99ed9e4-15] Writing "291. foo bar"
14:07:39.485 [reactor-http-nio-6] DEBUG o.s.c.c.CharSequenceEncoder - [a99ed9e4-15] Writing "292. foo bar"
14:07:39.486 [reactor-http-nio-6] DEBUG o.s.c.c.CharSequenceEncoder - [a99ed9e4-15] Writing "293. foo bar"
14:07:39.486 [reactor-http-nio-6] DEBUG o.s.c.c.CharSequenceEncoder - [a99ed9e4-15] Writing "294. foo bar"
14:07:39.486 [reactor-http-nio-6] DEBUG o.s.c.c.CharSequenceEncoder - [a99ed9e4-15] Writing "295. foo bar"
14:07:39.486 [reactor-http-nio-6] DEBUG o.s.c.c.CharSequenceEncoder - [a99ed9e4-15] Writing "296. foo bar"
14:07:39.486 [reactor-http-nio-6] DEBUG o.s.c.c.CharSequenceEncoder - [a99ed9e4-15] Writing "297. foo bar"
14:07:39.486 [reactor-http-nio-6] DEBUG o.s.c.c.CharSequenceEncoder - [a99ed9e4-15] Writing "298. foo bar"
14:07:39.486 [reactor-http-nio-6] DEBUG o.s.c.c.CharSequenceEncoder - [a99ed9e4-15] Writing "299. foo bar"
14:07:39.486 [reactor-http-nio-6] DEBUG o.s.c.c.CharSequenceEncoder - [a99ed9e4-15] Writing "300. foo bar"
14:07:39.486 [reactor-http-nio-6] DEBUG o.s.c.c.CharSequenceEncoder - [a99ed9e4-15] Writing "301. foo bar"
14:07:39.486 [reactor-http-nio-6] DEBUG o.s.c.c.CharSequenceEncoder - [a99ed9e4-15] Writing "302. foo bar"
14:07:39.486 [reactor-http-nio-6] DEBUG o.s.c.c.CharSequenceEncoder - [a99ed9e4-15] Writing "303. foo bar"
14:07:39.486 [reactor-http-nio-6] DEBUG o.s.c.c.CharSequenceEncoder - [a99ed9e4-15] Writing "304. foo bar"
14:07:39.486 [reactor-http-nio-6] DEBUG o.s.c.c.CharSequenceEncoder - [a99ed9e4-15] Writing "305. foo bar"
14:07:39.486 [reactor-http-nio-6] DEBUG o.s.c.c.CharSequenceEncoder - [a99ed9e4-15] Writing "306. foo bar"
14:07:39.486 [reactor-http-nio-6] DEBUG o.s.c.c.CharSequenceEncoder - [a99ed9e4-15] Writing "307. foo bar"
14:07:39.486 [reactor-http-nio-6] DEBUG o.s.c.c.CharSequenceEncoder - [a99ed9e4-15] Writing "308. foo bar"
14:07:39.486 [reactor-http-nio-6] DEBUG o.s.c.c.CharSequenceEncoder - [a99ed9e4-15] Writing "309. foo bar"
14:07:39.487 [reactor-http-nio-6] DEBUG o.s.c.c.CharSequenceEncoder - [a99ed9e4-15] Writing "310. foo bar"
14:07:39.487 [reactor-http-nio-6] DEBUG o.s.c.c.CharSequenceEncoder - [a99ed9e4-15] Writing "311. foo bar"
14:07:39.487 [reactor-http-nio-6] DEBUG o.s.c.c.CharSequenceEncoder - [a99ed9e4-15] Writing "312. foo bar"
14:07:39.487 [reactor-http-nio-6] DEBUG o.s.c.c.CharSequenceEncoder - [a99ed9e4-15] Writing "313. foo bar"
14:07:39.487 [reactor-http-nio-6] DEBUG o.s.c.c.CharSequenceEncoder - [a99ed9e4-15] Writing "314. foo bar"
14:07:39.487 [reactor-http-nio-6] DEBUG o.s.c.c.CharSequenceEncoder - [a99ed9e4-15] Writing "315. foo bar"
14:07:39.487 [reactor-http-nio-6] DEBUG o.s.c.c.CharSequenceEncoder - [a99ed9e4-15] Writing "316. foo bar"
14:07:39.487 [reactor-http-nio-6] DEBUG o.s.c.c.CharSequenceEncoder - [a99ed9e4-15] Writing "317. foo bar"
14:07:39.487 [reactor-http-nio-6] DEBUG o.s.c.c.CharSequenceEncoder - [a99ed9e4-15] Writing "318. foo bar"
14:07:39.487 [reactor-http-nio-6] DEBUG o.s.c.c.CharSequenceEncoder - [a99ed9e4-15] Writing "319. foo bar"
14:07:39.487 [reactor-http-nio-6] DEBUG o.s.c.c.CharSequenceEncoder - [a99ed9e4-15] Writing "320. foo bar"
14:07:39.514 [reactor-http-nio-6] DEBUG o.s.c.c.CharSequenceEncoder - [a99ed9e4-15] Writing "321. foo bar"
14:07:39.514 [reactor-http-nio-6] DEBUG o.s.c.c.CharSequenceEncoder - [a99ed9e4-15] Writing "322. foo bar"
14:07:39.515 [reactor-http-nio-6] DEBUG o.s.c.c.CharSequenceEncoder - [a99ed9e4-15] Writing "323. foo bar"
14:07:39.516 [reactor-http-nio-6] DEBUG o.s.c.c.CharSequenceEncoder - [a99ed9e4-15] Writing "324. foo bar"
14:07:39.518 [reactor-http-nio-6] DEBUG o.s.c.c.CharSequenceEncoder - [a99ed9e4-15] Writing "325. foo bar"
14:07:39.519 [reactor-http-nio-6] DEBUG o.s.c.c.CharSequenceEncoder - [a99ed9e4-15] Writing "326. foo bar"
14:07:39.520 [reactor-http-nio-6] DEBUG o.s.c.c.CharSequenceEncoder - [a99ed9e4-15] Writing "327. foo bar"
14:07:39.520 [reactor-http-nio-6] DEBUG o.s.c.c.CharSequenceEncoder - [a99ed9e4-15] Writing "328. foo bar"
14:07:39.520 [reactor-http-nio-6] DEBUG o.s.c.c.CharSequenceEncoder - [a99ed9e4-15] Writing "329. foo bar"
14:07:39.520 [reactor-http-nio-6] DEBUG o.s.c.c.CharSequenceEncoder - [a99ed9e4-15] Writing "330. foo bar"
14:07:39.521 [reactor-http-nio-6] DEBUG o.s.c.c.CharSequenceEncoder - [a99ed9e4-15] Writing "331. foo bar"
14:07:39.521 [reactor-http-nio-6] DEBUG o.s.c.c.CharSequenceEncoder - [a99ed9e4-15] Writing "332. foo bar"
14:07:39.521 [reactor-http-nio-6] DEBUG o.s.c.c.CharSequenceEncoder - [a99ed9e4-15] Writing "333. foo bar"
14:07:39.521 [reactor-http-nio-6] DEBUG o.s.c.c.CharSequenceEncoder - [a99ed9e4-15] Writing "334. foo bar"
14:07:39.521 [reactor-http-nio-6] DEBUG o.s.c.c.CharSequenceEncoder - [a99ed9e4-15] Writing "335. foo bar"
14:07:39.522 [reactor-http-nio-6] DEBUG o.s.c.c.CharSequenceEncoder - [a99ed9e4-15] Writing "336. foo bar"
14:07:39.522 [reactor-http-nio-6] DEBUG o.s.c.c.CharSequenceEncoder - [a99ed9e4-15] Writing "337. foo bar"
14:07:39.523 [reactor-http-nio-6] DEBUG o.s.c.c.CharSequenceEncoder - [a99ed9e4-15] Writing "338. foo bar"
14:07:39.523 [reactor-http-nio-6] DEBUG o.s.c.c.CharSequenceEncoder - [a99ed9e4-15] Writing "339. foo bar"
14:07:39.523 [reactor-http-nio-6] DEBUG o.s.c.c.CharSequenceEncoder - [a99ed9e4-15] Writing "340. foo bar"
14:07:39.523 [reactor-http-nio-6] DEBUG o.s.c.c.CharSequenceEncoder - [a99ed9e4-15] Writing "341. foo bar"
14:07:39.523 [reactor-http-nio-6] DEBUG o.s.c.c.CharSequenceEncoder - [a99ed9e4-15] Writing "342. foo bar"
14:07:39.524 [reactor-http-nio-6] DEBUG o.s.c.c.CharSequenceEncoder - [a99ed9e4-15] Writing "343. foo bar"
14:07:39.524 [reactor-http-nio-6] DEBUG o.s.c.c.CharSequenceEncoder - [a99ed9e4-15] Writing "344. foo bar"
14:07:39.524 [reactor-http-nio-6] DEBUG o.s.c.c.CharSequenceEncoder - [a99ed9e4-15] Writing "345. foo bar"
14:07:39.525 [reactor-http-nio-6] DEBUG o.s.c.c.CharSequenceEncoder - [a99ed9e4-15] Writing "346. foo bar"
14:07:39.526 [reactor-http-nio-6] DEBUG o.s.c.c.CharSequenceEncoder - [a99ed9e4-15] Writing "347. foo bar"
14:07:39.527 [reactor-http-nio-6] DEBUG o.s.c.c.CharSequenceEncoder - [a99ed9e4-15] Writing "348. foo bar"
14:07:39.527 [reactor-http-nio-6] DEBUG o.s.c.c.CharSequenceEncoder - [a99ed9e4-15] Writing "349. foo bar"
14:07:39.527 [reactor-http-nio-6] DEBUG o.s.c.c.CharSequenceEncoder - [a99ed9e4-15] Writing "350. foo bar"
14:07:39.527 [reactor-http-nio-6] DEBUG o.s.c.c.CharSequenceEncoder - [a99ed9e4-15] Writing "351. foo bar"
14:07:39.527 [reactor-http-nio-6] DEBUG o.s.c.c.CharSequenceEncoder - [a99ed9e4-15] Writing "352. foo bar"
14:07:39.527 [reactor-http-nio-6] DEBUG o.s.c.c.CharSequenceEncoder - [a99ed9e4-15] Writing "353. foo bar"
14:07:39.527 [reactor-http-nio-6] DEBUG o.s.c.c.CharSequenceEncoder - [a99ed9e4-15] Writing "354. foo bar"
14:07:39.528 [reactor-http-nio-6] DEBUG o.s.c.c.CharSequenceEncoder - [a99ed9e4-15] Writing "355. foo bar"
14:07:39.528 [reactor-http-nio-6] DEBUG o.s.c.c.CharSequenceEncoder - [a99ed9e4-15] Writing "356. foo bar"
14:07:39.528 [reactor-http-nio-6] DEBUG o.s.c.c.CharSequenceEncoder - [a99ed9e4-15] Writing "357. foo bar"
14:07:39.528 [reactor-http-nio-6] DEBUG o.s.c.c.CharSequenceEncoder - [a99ed9e4-15] Writing "358. foo bar"
14:07:39.529 [reactor-http-nio-6] DEBUG o.s.c.c.CharSequenceEncoder - [a99ed9e4-15] Writing "359. foo bar"
14:07:39.529 [reactor-http-nio-6] DEBUG o.s.c.c.CharSequenceEncoder - [a99ed9e4-15] Writing "360. foo bar"
14:07:39.529 [reactor-http-nio-6] DEBUG o.s.c.c.CharSequenceEncoder - [a99ed9e4-15] Writing "361. foo bar"
14:07:39.529 [reactor-http-nio-6] DEBUG o.s.c.c.CharSequenceEncoder - [a99ed9e4-15] Writing "362. foo bar"
14:07:39.530 [reactor-http-nio-6] DEBUG o.s.c.c.CharSequenceEncoder - [a99ed9e4-15] Writing "363. foo bar"
14:07:39.530 [reactor-http-nio-6] DEBUG o.s.c.c.CharSequenceEncoder - [a99ed9e4-15] Writing "364. foo bar"
14:07:39.530 [reactor-http-nio-6] DEBUG o.s.c.c.CharSequenceEncoder - [a99ed9e4-15] Writing "365. foo bar"
14:07:39.530 [reactor-http-nio-6] DEBUG o.s.c.c.CharSequenceEncoder - [a99ed9e4-15] Writing "366. foo bar"
14:07:39.531 [reactor-http-nio-6] DEBUG o.s.c.c.CharSequenceEncoder - [a99ed9e4-15] Writing "367. foo bar"
14:07:39.531 [reactor-http-nio-6] DEBUG o.s.c.c.CharSequenceEncoder - [a99ed9e4-15] Writing "368. foo bar"
14:07:39.531 [reactor-http-nio-6] DEBUG o.s.c.c.CharSequenceEncoder - [a99ed9e4-15] Writing "369. foo bar"
14:07:39.531 [reactor-http-nio-6] DEBUG o.s.c.c.CharSequenceEncoder - [a99ed9e4-15] Writing "370. foo bar"
14:07:39.531 [reactor-http-nio-6] DEBUG o.s.c.c.CharSequenceEncoder - [a99ed9e4-15] Writing "371. foo bar"
14:07:39.531 [reactor-http-nio-6] DEBUG o.s.c.c.CharSequenceEncoder - [a99ed9e4-15] Writing "372. foo bar"
14:07:39.531 [reactor-http-nio-6] DEBUG o.s.c.c.CharSequenceEncoder - [a99ed9e4-15] Writing "373. foo bar"
14:07:39.532 [reactor-http-nio-6] DEBUG o.s.c.c.CharSequenceEncoder - [a99ed9e4-15] Writing "374. foo bar"
14:07:39.532 [reactor-http-nio-6] DEBUG o.s.c.c.CharSequenceEncoder - [a99ed9e4-15] Writing "375. foo bar"
14:07:39.532 [reactor-http-nio-6] DEBUG o.s.c.c.CharSequenceEncoder - [a99ed9e4-15] Writing "376. foo bar"
14:07:39.532 [reactor-http-nio-6] DEBUG o.s.c.c.CharSequenceEncoder - [a99ed9e4-15] Writing "377. foo bar"
14:07:39.532 [reactor-http-nio-6] DEBUG o.s.c.c.CharSequenceEncoder - [a99ed9e4-15] Writing "378. foo bar"
14:07:39.532 [reactor-http-nio-6] DEBUG o.s.c.c.CharSequenceEncoder - [a99ed9e4-15] Writing "379. foo bar"
14:07:39.532 [reactor-http-nio-6] DEBUG o.s.c.c.CharSequenceEncoder - [a99ed9e4-15] Writing "380. foo bar"
14:07:39.532 [reactor-http-nio-6] DEBUG o.s.c.c.CharSequenceEncoder - [a99ed9e4-15] Writing "381. foo bar"
14:07:39.532 [reactor-http-nio-6] DEBUG o.s.c.c.CharSequenceEncoder - [a99ed9e4-15] Writing "382. foo bar"
14:07:39.533 [reactor-http-nio-6] DEBUG o.s.c.c.CharSequenceEncoder - [a99ed9e4-15] Writing "383. foo bar"
14:07:39.533 [reactor-http-nio-6] DEBUG o.s.c.c.CharSequenceEncoder - [a99ed9e4-15] Writing "384. foo bar"
14:07:39.577 [reactor-http-nio-6] DEBUG o.s.c.c.CharSequenceEncoder - [a99ed9e4-15] Writing "385. foo bar"
14:07:39.577 [reactor-http-nio-6] DEBUG o.s.c.c.CharSequenceEncoder - [a99ed9e4-15] Writing "386. foo bar"
14:07:39.577 [reactor-http-nio-6] DEBUG o.s.c.c.CharSequenceEncoder - [a99ed9e4-15] Writing "387. foo bar"
14:07:39.577 [reactor-http-nio-6] DEBUG o.s.c.c.CharSequenceEncoder - [a99ed9e4-15] Writing "388. foo bar"
14:07:39.577 [reactor-http-nio-6] DEBUG o.s.c.c.CharSequenceEncoder - [a99ed9e4-15] Writing "389. foo bar"
14:07:39.577 [reactor-http-nio-6] DEBUG o.s.c.c.CharSequenceEncoder - [a99ed9e4-15] Writing "390. foo bar"
14:07:39.577 [reactor-http-nio-6] DEBUG o.s.c.c.CharSequenceEncoder - [a99ed9e4-15] Writing "391. foo bar"
14:07:39.577 [reactor-http-nio-6] DEBUG o.s.c.c.CharSequenceEncoder - [a99ed9e4-15] Writing "392. foo bar"
14:07:39.577 [reactor-http-nio-6] DEBUG o.s.c.c.CharSequenceEncoder - [a99ed9e4-15] Writing "393. foo bar"
14:07:39.577 [reactor-http-nio-6] DEBUG o.s.c.c.CharSequenceEncoder - [a99ed9e4-15] Writing "394. foo bar"
14:07:39.577 [reactor-http-nio-6] DEBUG o.s.c.c.CharSequenceEncoder - [a99ed9e4-15] Writing "395. foo bar"
14:07:39.577 [reactor-http-nio-6] DEBUG o.s.c.c.CharSequenceEncoder - [a99ed9e4-15] Writing "396. foo bar"
14:07:39.577 [reactor-http-nio-6] DEBUG o.s.c.c.CharSequenceEncoder - [a99ed9e4-15] Writing "397. foo bar"
14:07:39.578 [reactor-http-nio-6] DEBUG o.s.c.c.CharSequenceEncoder - [a99ed9e4-15] Writing "398. foo bar"
14:07:39.578 [reactor-http-nio-6] DEBUG o.s.c.c.CharSequenceEncoder - [a99ed9e4-15] Writing "399. foo bar"
14:07:39.578 [reactor-http-nio-6] DEBUG o.s.c.c.CharSequenceEncoder - [a99ed9e4-15] Writing "400. foo bar"
14:07:39.578 [reactor-http-nio-6] DEBUG o.s.c.c.CharSequenceEncoder - [a99ed9e4-15] Writing "401. foo bar"
14:07:39.578 [reactor-http-nio-6] DEBUG o.s.c.c.CharSequenceEncoder - [a99ed9e4-15] Writing "402. foo bar"
14:07:39.578 [reactor-http-nio-6] DEBUG o.s.c.c.CharSequenceEncoder - [a99ed9e4-15] Writing "403. foo bar"
14:07:39.578 [reactor-http-nio-6] DEBUG o.s.c.c.CharSequenceEncoder - [a99ed9e4-15] Writing "404. foo bar"
14:07:39.578 [reactor-http-nio-6] DEBUG o.s.c.c.CharSequenceEncoder - [a99ed9e4-15] Writing "405. foo bar"
14:07:39.578 [reactor-http-nio-6] DEBUG o.s.c.c.CharSequenceEncoder - [a99ed9e4-15] Writing "406. foo bar"
14:07:39.578 [reactor-http-nio-6] DEBUG o.s.c.c.CharSequenceEncoder - [a99ed9e4-15] Writing "407. foo bar"
14:07:39.584 [reactor-http-nio-6] DEBUG o.s.c.c.CharSequenceEncoder - [a99ed9e4-15] Writing "408. foo bar"
14:07:39.585 [reactor-http-nio-6] DEBUG o.s.c.c.CharSequenceEncoder - [a99ed9e4-15] Writing "409. foo bar"
14:07:39.585 [reactor-http-nio-6] DEBUG o.s.c.c.CharSequenceEncoder - [a99ed9e4-15] Writing "410. foo bar"
14:07:39.585 [reactor-http-nio-6] DEBUG o.s.c.c.CharSequenceEncoder - [a99ed9e4-15] Writing "411. foo bar"
14:07:39.585 [reactor-http-nio-6] DEBUG o.s.c.c.CharSequenceEncoder - [a99ed9e4-15] Writing "412. foo bar"
14:07:39.585 [reactor-http-nio-6] DEBUG o.s.c.c.CharSequenceEncoder - [a99ed9e4-15] Writing "413. foo bar"
14:07:39.585 [reactor-http-nio-6] DEBUG o.s.c.c.CharSequenceEncoder - [a99ed9e4-15] Writing "414. foo bar"
14:07:39.585 [reactor-http-nio-6] DEBUG o.s.c.c.CharSequenceEncoder - [a99ed9e4-15] Writing "415. foo bar"
14:07:39.585 [reactor-http-nio-6] DEBUG o.s.c.c.CharSequenceEncoder - [a99ed9e4-15] Writing "416. foo bar"
14:07:39.585 [reactor-http-nio-6] DEBUG o.s.c.c.CharSequenceEncoder - [a99ed9e4-15] Writing "417. foo bar"
14:07:39.585 [reactor-http-nio-6] DEBUG o.s.c.c.CharSequenceEncoder - [a99ed9e4-15] Writing "418. foo bar"
14:07:39.585 [reactor-http-nio-6] DEBUG o.s.c.c.CharSequenceEncoder - [a99ed9e4-15] Writing "419. foo bar"
14:07:39.585 [reactor-http-nio-6] DEBUG o.s.c.c.CharSequenceEncoder - [a99ed9e4-15] Writing "420. foo bar"
14:07:39.585 [reactor-http-nio-6] DEBUG o.s.c.c.CharSequenceEncoder - [a99ed9e4-15] Writing "421. foo bar"
14:07:39.585 [reactor-http-nio-6] DEBUG o.s.c.c.CharSequenceEncoder - [a99ed9e4-15] Writing "422. foo bar"
14:07:39.585 [reactor-http-nio-6] DEBUG o.s.c.c.CharSequenceEncoder - [a99ed9e4-15] Writing "423. foo bar"
14:07:39.586 [reactor-http-nio-6] DEBUG o.s.c.c.CharSequenceEncoder - [a99ed9e4-15] Writing "424. foo bar"
14:07:39.587 [reactor-http-nio-6] DEBUG o.s.c.c.CharSequenceEncoder - [a99ed9e4-15] Writing "425. foo bar"
14:07:39.587 [reactor-http-nio-6] DEBUG o.s.c.c.CharSequenceEncoder - [a99ed9e4-15] Writing "426. foo bar"
14:07:39.588 [reactor-http-nio-6] DEBUG o.s.c.c.CharSequenceEncoder - [a99ed9e4-15] Writing "427. foo bar"
14:07:39.588 [reactor-http-nio-6] DEBUG o.s.c.c.CharSequenceEncoder - [a99ed9e4-15] Writing "428. foo bar"
14:07:39.588 [reactor-http-nio-6] DEBUG o.s.c.c.CharSequenceEncoder - [a99ed9e4-15] Writing "429. foo bar"
14:07:39.589 [reactor-http-nio-6] DEBUG o.s.c.c.CharSequenceEncoder - [a99ed9e4-15] Writing "430. foo bar"
14:07:39.589 [reactor-http-nio-6] DEBUG o.s.c.c.CharSequenceEncoder - [a99ed9e4-15] Writing "431. foo bar"
14:07:39.589 [reactor-http-nio-6] DEBUG o.s.c.c.CharSequenceEncoder - [a99ed9e4-15] Writing "432. foo bar"
14:07:39.589 [reactor-http-nio-6] DEBUG o.s.c.c.CharSequenceEncoder - [a99ed9e4-15] Writing "433. foo bar"
14:07:39.589 [reactor-http-nio-6] DEBUG o.s.c.c.CharSequenceEncoder - [a99ed9e4-15] Writing "434. foo bar"
14:07:39.589 [reactor-http-nio-6] DEBUG o.s.c.c.CharSequenceEncoder - [a99ed9e4-15] Writing "435. foo bar"
14:07:39.589 [reactor-http-nio-6] DEBUG o.s.c.c.CharSequenceEncoder - [a99ed9e4-15] Writing "436. foo bar"
14:07:39.589 [reactor-http-nio-6] DEBUG o.s.c.c.CharSequenceEncoder - [a99ed9e4-15] Writing "437. foo bar"
14:07:39.589 [reactor-http-nio-6] DEBUG o.s.c.c.CharSequenceEncoder - [a99ed9e4-15] Writing "438. foo bar"
14:07:39.589 [reactor-http-nio-6] DEBUG o.s.c.c.CharSequenceEncoder - [a99ed9e4-15] Writing "439. foo bar"
14:07:39.589 [reactor-http-nio-6] DEBUG o.s.c.c.CharSequenceEncoder - [a99ed9e4-15] Writing "440. foo bar"
14:07:39.589 [reactor-http-nio-6] DEBUG o.s.c.c.CharSequenceEncoder - [a99ed9e4-15] Writing "441. foo bar"
14:07:39.589 [reactor-http-nio-6] DEBUG o.s.c.c.CharSequenceEncoder - [a99ed9e4-15] Writing "442. foo bar"
14:07:39.589 [reactor-http-nio-6] DEBUG o.s.c.c.CharSequenceEncoder - [a99ed9e4-15] Writing "443. foo bar"
14:07:39.589 [reactor-http-nio-6] DEBUG o.s.c.c.CharSequenceEncoder - [a99ed9e4-15] Writing "444. foo bar"
14:07:39.589 [reactor-http-nio-6] DEBUG o.s.c.c.CharSequenceEncoder - [a99ed9e4-15] Writing "445. foo bar"
14:07:39.589 [reactor-http-nio-6] DEBUG o.s.c.c.CharSequenceEncoder - [a99ed9e4-15] Writing "446. foo bar"
14:07:39.590 [reactor-http-nio-6] DEBUG o.s.c.c.CharSequenceEncoder - [a99ed9e4-15] Writing "447. foo bar"
14:07:39.590 [reactor-http-nio-6] DEBUG o.s.c.c.CharSequenceEncoder - [a99ed9e4-15] Writing "448. foo bar"
14:07:39.623 [reactor-http-nio-6] DEBUG o.s.c.c.CharSequenceEncoder - [a99ed9e4-15] Writing "449. foo bar"
14:07:39.624 [reactor-http-nio-6] DEBUG o.s.c.c.CharSequenceEncoder - [a99ed9e4-15] Writing "450. foo bar"
14:07:39.624 [reactor-http-nio-6] DEBUG o.s.c.c.CharSequenceEncoder - [a99ed9e4-15] Writing "451. foo bar"
14:07:39.624 [reactor-http-nio-6] DEBUG o.s.c.c.CharSequenceEncoder - [a99ed9e4-15] Writing "452. foo bar"
14:07:39.631 [reactor-http-nio-6] DEBUG o.s.c.c.CharSequenceEncoder - [a99ed9e4-15] Writing "453. foo bar"
14:07:39.631 [reactor-http-nio-6] DEBUG o.s.c.c.CharSequenceEncoder - [a99ed9e4-15] Writing "454. foo bar"
14:07:39.632 [reactor-http-nio-6] DEBUG o.s.c.c.CharSequenceEncoder - [a99ed9e4-15] Writing "455. foo bar"
14:07:39.633 [reactor-http-nio-6] DEBUG o.s.c.c.CharSequenceEncoder - [a99ed9e4-15] Writing "456. foo bar"
14:07:39.633 [reactor-http-nio-6] DEBUG o.s.c.c.CharSequenceEncoder - [a99ed9e4-15] Writing "457. foo bar"
14:07:39.633 [reactor-http-nio-6] DEBUG o.s.c.c.CharSequenceEncoder - [a99ed9e4-15] Writing "458. foo bar"
14:07:39.633 [reactor-http-nio-6] DEBUG o.s.c.c.CharSequenceEncoder - [a99ed9e4-15] Writing "459. foo bar"
14:07:39.633 [reactor-http-nio-6] DEBUG o.s.c.c.CharSequenceEncoder - [a99ed9e4-15] Writing "460. foo bar"
14:07:39.633 [reactor-http-nio-6] DEBUG o.s.c.c.CharSequenceEncoder - [a99ed9e4-15] Writing "461. foo bar"
14:07:39.634 [reactor-http-nio-6] DEBUG o.s.c.c.CharSequenceEncoder - [a99ed9e4-15] Writing "462. foo bar"
14:07:39.634 [reactor-http-nio-6] DEBUG o.s.c.c.CharSequenceEncoder - [a99ed9e4-15] Writing "463. foo bar"
14:07:39.634 [reactor-http-nio-6] DEBUG o.s.c.c.CharSequenceEncoder - [a99ed9e4-15] Writing "464. foo bar"
14:07:39.634 [reactor-http-nio-6] DEBUG o.s.c.c.CharSequenceEncoder - [a99ed9e4-15] Writing "465. foo bar"
14:07:39.634 [reactor-http-nio-6] DEBUG o.s.c.c.CharSequenceEncoder - [a99ed9e4-15] Writing "466. foo bar"
14:07:39.634 [reactor-http-nio-6] DEBUG o.s.c.c.CharSequenceEncoder - [a99ed9e4-15] Writing "467. foo bar"
14:07:39.634 [reactor-http-nio-6] DEBUG o.s.c.c.CharSequenceEncoder - [a99ed9e4-15] Writing "468. foo bar"
14:07:39.634 [reactor-http-nio-6] DEBUG o.s.c.c.CharSequenceEncoder - [a99ed9e4-15] Writing "469. foo bar"
14:07:39.634 [reactor-http-nio-6] DEBUG o.s.c.c.CharSequenceEncoder - [a99ed9e4-15] Writing "470. foo bar"
14:07:39.634 [reactor-http-nio-6] DEBUG o.s.c.c.CharSequenceEncoder - [a99ed9e4-15] Writing "471. foo bar"
14:07:39.634 [reactor-http-nio-6] DEBUG o.s.c.c.CharSequenceEncoder - [a99ed9e4-15] Writing "472. foo bar"
14:07:39.634 [reactor-http-nio-6] DEBUG o.s.c.c.CharSequenceEncoder - [a99ed9e4-15] Writing "473. foo bar"
14:07:39.635 [reactor-http-nio-6] DEBUG o.s.c.c.CharSequenceEncoder - [a99ed9e4-15] Writing "474. foo bar"
14:07:39.635 [reactor-http-nio-6] DEBUG o.s.c.c.CharSequenceEncoder - [a99ed9e4-15] Writing "475. foo bar"
14:07:39.635 [reactor-http-nio-6] DEBUG o.s.c.c.CharSequenceEncoder - [a99ed9e4-15] Writing "476. foo bar"
14:07:39.635 [reactor-http-nio-6] DEBUG o.s.c.c.CharSequenceEncoder - [a99ed9e4-15] Writing "477. foo bar"
14:07:39.635 [reactor-http-nio-6] DEBUG o.s.c.c.CharSequenceEncoder - [a99ed9e4-15] Writing "478. foo bar"
14:07:39.635 [reactor-http-nio-6] DEBUG o.s.c.c.CharSequenceEncoder - [a99ed9e4-15] Writing "479. foo bar"
14:07:39.635 [reactor-http-nio-6] DEBUG o.s.c.c.CharSequenceEncoder - [a99ed9e4-15] Writing "480. foo bar"
14:07:39.635 [reactor-http-nio-6] DEBUG o.s.c.c.CharSequenceEncoder - [a99ed9e4-15] Writing "481. foo bar"
14:07:39.635 [reactor-http-nio-6] DEBUG o.s.c.c.CharSequenceEncoder - [a99ed9e4-15] Writing "482. foo bar"
14:07:39.635 [reactor-http-nio-6] DEBUG o.s.c.c.CharSequenceEncoder - [a99ed9e4-15] Writing "483. foo bar"
14:07:39.635 [reactor-http-nio-6] DEBUG o.s.c.c.CharSequenceEncoder - [a99ed9e4-15] Writing "484. foo bar"
14:07:39.635 [reactor-http-nio-6] DEBUG o.s.c.c.CharSequenceEncoder - [a99ed9e4-15] Writing "485. foo bar"
14:07:39.635 [reactor-http-nio-6] DEBUG o.s.c.c.CharSequenceEncoder - [a99ed9e4-15] Writing "486. foo bar"
14:07:39.635 [reactor-http-nio-6] DEBUG o.s.c.c.CharSequenceEncoder - [a99ed9e4-15] Writing "487. foo bar"
14:07:39.635 [reactor-http-nio-6] DEBUG o.s.c.c.CharSequenceEncoder - [a99ed9e4-15] Writing "488. foo bar"
14:07:39.636 [reactor-http-nio-6] DEBUG o.s.c.c.CharSequenceEncoder - [a99ed9e4-15] Writing "489. foo bar"
14:07:39.636 [reactor-http-nio-6] DEBUG o.s.c.c.CharSequenceEncoder - [a99ed9e4-15] Writing "490. foo bar"
14:07:39.636 [reactor-http-nio-6] DEBUG o.s.c.c.CharSequenceEncoder - [a99ed9e4-15] Writing "491. foo bar"
14:07:39.636 [reactor-http-nio-6] DEBUG o.s.c.c.CharSequenceEncoder - [a99ed9e4-15] Writing "492. foo bar"
14:07:39.636 [reactor-http-nio-6] DEBUG o.s.c.c.CharSequenceEncoder - [a99ed9e4-15] Writing "493. foo bar"
14:07:39.636 [reactor-http-nio-6] DEBUG o.s.c.c.CharSequenceEncoder - [a99ed9e4-15] Writing "494. foo bar"
14:07:39.636 [reactor-http-nio-6] DEBUG o.s.c.c.CharSequenceEncoder - [a99ed9e4-15] Writing "495. foo bar"
14:07:39.636 [reactor-http-nio-6] DEBUG o.s.c.c.CharSequenceEncoder - [a99ed9e4-15] Writing "496. foo bar"
14:07:39.636 [reactor-http-nio-6] DEBUG o.s.c.c.CharSequenceEncoder - [a99ed9e4-15] Writing "497. foo bar"
14:07:39.636 [reactor-http-nio-6] DEBUG o.s.c.c.CharSequenceEncoder - [a99ed9e4-15] Writing "498. foo bar"
14:07:39.636 [reactor-http-nio-6] DEBUG o.s.c.c.CharSequenceEncoder - [a99ed9e4-15] Writing "499. foo bar"
14:07:39.636 [reactor-http-nio-6] DEBUG o.s.c.c.CharSequenceEncoder - [a99ed9e4-15] Writing "500. foo bar"
14:07:39.636 [reactor-http-nio-6] DEBUG o.s.c.c.CharSequenceEncoder - [a99ed9e4-15] Writing "501. foo bar"
14:07:39.636 [reactor-http-nio-6] DEBUG o.s.c.c.CharSequenceEncoder - [a99ed9e4-15] Writing "502. foo bar"
14:07:39.636 [reactor-http-nio-6] DEBUG o.s.c.c.CharSequenceEncoder - [a99ed9e4-15] Writing "503. foo bar"
14:07:39.636 [reactor-http-nio-6] DEBUG o.s.c.c.CharSequenceEncoder - [a99ed9e4-15] Writing "504. foo bar"
14:07:39.636 [reactor-http-nio-6] DEBUG o.s.c.c.CharSequenceEncoder - [a99ed9e4-15] Writing "505. foo bar"
14:07:39.636 [reactor-http-nio-6] DEBUG o.s.c.c.CharSequenceEncoder - [a99ed9e4-15] Writing "506. foo bar"
14:07:39.636 [reactor-http-nio-6] DEBUG o.s.c.c.CharSequenceEncoder - [a99ed9e4-15] Writing "507. foo bar"
14:07:39.636 [reactor-http-nio-6] DEBUG o.s.c.c.CharSequenceEncoder - [a99ed9e4-15] Writing "508. foo bar"
14:07:39.636 [reactor-http-nio-6] DEBUG o.s.c.c.CharSequenceEncoder - [a99ed9e4-15] Writing "509. foo bar"
14:07:39.637 [reactor-http-nio-6] DEBUG o.s.c.c.CharSequenceEncoder - [a99ed9e4-15] Writing "510. foo bar"
14:07:39.637 [reactor-http-nio-6] DEBUG o.s.c.c.CharSequenceEncoder - [a99ed9e4-15] Writing "511. foo bar"
14:07:39.637 [reactor-http-nio-6] DEBUG o.s.c.c.CharSequenceEncoder - [a99ed9e4-15] Writing "512. foo bar"
14:07:39.652 [reactor-http-nio-6] DEBUG o.s.c.c.CharSequenceEncoder - [a99ed9e4-15] Writing "513. foo bar"
14:07:39.652 [reactor-http-nio-6] DEBUG o.s.c.c.CharSequenceEncoder - [a99ed9e4-15] Writing "514. foo bar"
14:07:39.652 [reactor-http-nio-6] DEBUG o.s.c.c.CharSequenceEncoder - [a99ed9e4-15] Writing "515. foo bar"
14:07:39.652 [reactor-http-nio-6] DEBUG o.s.c.c.CharSequenceEncoder - [a99ed9e4-15] Writing "516. foo bar"
14:07:39.652 [reactor-http-nio-6] DEBUG o.s.c.c.CharSequenceEncoder - [a99ed9e4-15] Writing "517. foo bar"
14:07:39.652 [reactor-http-nio-6] DEBUG o.s.c.c.CharSequenceEncoder - [a99ed9e4-15] Writing "518. foo bar"
14:07:39.652 [reactor-http-nio-6] DEBUG o.s.c.c.CharSequenceEncoder - [a99ed9e4-15] Writing "519. foo bar"
14:07:39.652 [reactor-http-nio-6] DEBUG o.s.c.c.CharSequenceEncoder - [a99ed9e4-15] Writing "520. foo bar"
14:07:39.652 [reactor-http-nio-6] DEBUG o.s.c.c.CharSequenceEncoder - [a99ed9e4-15] Writing "521. foo bar"
14:07:39.652 [reactor-http-nio-6] DEBUG o.s.c.c.CharSequenceEncoder - [a99ed9e4-15] Writing "522. foo bar"
14:07:39.652 [reactor-http-nio-6] DEBUG o.s.c.c.CharSequenceEncoder - [a99ed9e4-15] Writing "523. foo bar"
14:07:39.652 [reactor-http-nio-6] DEBUG o.s.c.c.CharSequenceEncoder - [a99ed9e4-15] Writing "524. foo bar"
14:07:39.653 [reactor-http-nio-6] DEBUG o.s.c.c.CharSequenceEncoder - [a99ed9e4-15] Writing "525. foo bar"
14:07:39.653 [reactor-http-nio-6] DEBUG o.s.c.c.CharSequenceEncoder - [a99ed9e4-15] Writing "526. foo bar"
14:07:39.653 [reactor-http-nio-6] DEBUG o.s.c.c.CharSequenceEncoder - [a99ed9e4-15] Writing "527. foo bar"
14:07:39.653 [reactor-http-nio-6] DEBUG o.s.c.c.CharSequenceEncoder - [a99ed9e4-15] Writing "528. foo bar"
14:07:39.653 [reactor-http-nio-6] DEBUG o.s.c.c.CharSequenceEncoder - [a99ed9e4-15] Writing "529. foo bar"
14:07:39.653 [reactor-http-nio-6] DEBUG o.s.c.c.CharSequenceEncoder - [a99ed9e4-15] Writing "530. foo bar"
14:07:39.653 [reactor-http-nio-6] DEBUG o.s.c.c.CharSequenceEncoder - [a99ed9e4-15] Writing "531. foo bar"
14:07:39.653 [reactor-http-nio-6] DEBUG o.s.c.c.CharSequenceEncoder - [a99ed9e4-15] Writing "532. foo bar"
14:07:39.653 [reactor-http-nio-6] DEBUG o.s.c.c.CharSequenceEncoder - [a99ed9e4-15] Writing "533. foo bar"
14:07:39.653 [reactor-http-nio-6] DEBUG o.s.c.c.CharSequenceEncoder - [a99ed9e4-15] Writing "534. foo bar"
14:07:39.653 [reactor-http-nio-6] DEBUG o.s.c.c.CharSequenceEncoder - [a99ed9e4-15] Writing "535. foo bar"
14:07:39.653 [reactor-http-nio-6] DEBUG o.s.c.c.CharSequenceEncoder - [a99ed9e4-15] Writing "536. foo bar"
14:07:39.653 [reactor-http-nio-6] DEBUG o.s.c.c.CharSequenceEncoder - [a99ed9e4-15] Writing "537. foo bar"
14:07:39.653 [reactor-http-nio-6] DEBUG o.s.c.c.CharSequenceEncoder - [a99ed9e4-15] Writing "538. foo bar"
14:07:39.654 [reactor-http-nio-6] DEBUG o.s.c.c.CharSequenceEncoder - [a99ed9e4-15] Writing "539. foo bar"
14:07:39.654 [reactor-http-nio-6] DEBUG o.s.c.c.CharSequenceEncoder - [a99ed9e4-15] Writing "540. foo bar"
14:07:39.654 [reactor-http-nio-6] DEBUG o.s.c.c.CharSequenceEncoder - [a99ed9e4-15] Writing "541. foo bar"
14:07:39.654 [reactor-http-nio-6] DEBUG o.s.c.c.CharSequenceEncoder - [a99ed9e4-15] Writing "542. foo bar"
14:07:39.654 [reactor-http-nio-6] DEBUG o.s.c.c.CharSequenceEncoder - [a99ed9e4-15] Writing "543. foo bar"
14:07:39.654 [reactor-http-nio-6] DEBUG o.s.c.c.CharSequenceEncoder - [a99ed9e4-15] Writing "544. foo bar"
14:07:39.654 [reactor-http-nio-6] DEBUG o.s.c.c.CharSequenceEncoder - [a99ed9e4-15] Writing "545. foo bar"
14:07:39.654 [reactor-http-nio-6] DEBUG o.s.c.c.CharSequenceEncoder - [a99ed9e4-15] Writing "546. foo bar"
14:07:39.654 [reactor-http-nio-6] DEBUG o.s.c.c.CharSequenceEncoder - [a99ed9e4-15] Writing "547. foo bar"
14:07:39.654 [reactor-http-nio-6] DEBUG o.s.c.c.CharSequenceEncoder - [a99ed9e4-15] Writing "548. foo bar"
14:07:39.654 [reactor-http-nio-6] DEBUG o.s.c.c.CharSequenceEncoder - [a99ed9e4-15] Writing "549. foo bar"
14:07:39.654 [reactor-http-nio-6] DEBUG o.s.c.c.CharSequenceEncoder - [a99ed9e4-15] Writing "550. foo bar"
14:07:39.654 [reactor-http-nio-6] DEBUG o.s.c.c.CharSequenceEncoder - [a99ed9e4-15] Writing "551. foo bar"
14:07:39.654 [reactor-http-nio-6] DEBUG o.s.c.c.CharSequenceEncoder - [a99ed9e4-15] Writing "552. foo bar"
14:07:39.655 [reactor-http-nio-6] DEBUG o.s.c.c.CharSequenceEncoder - [a99ed9e4-15] Writing "553. foo bar"
14:07:39.655 [reactor-http-nio-6] DEBUG o.s.c.c.CharSequenceEncoder - [a99ed9e4-15] Writing "554. foo bar"
14:07:39.655 [reactor-http-nio-6] DEBUG o.s.c.c.CharSequenceEncoder - [a99ed9e4-15] Writing "555. foo bar"
14:07:39.655 [reactor-http-nio-6] DEBUG o.s.c.c.CharSequenceEncoder - [a99ed9e4-15] Writing "556. foo bar"
14:07:39.655 [reactor-http-nio-6] DEBUG o.s.c.c.CharSequenceEncoder - [a99ed9e4-15] Writing "557. foo bar"
14:07:39.655 [reactor-http-nio-6] DEBUG o.s.c.c.CharSequenceEncoder - [a99ed9e4-15] Writing "558. foo bar"
14:07:39.655 [reactor-http-nio-6] DEBUG o.s.c.c.CharSequenceEncoder - [a99ed9e4-15] Writing "559. foo bar"
14:07:39.655 [reactor-http-nio-6] DEBUG o.s.c.c.CharSequenceEncoder - [a99ed9e4-15] Writing "560. foo bar"
14:07:39.655 [reactor-http-nio-6] DEBUG o.s.c.c.CharSequenceEncoder - [a99ed9e4-15] Writing "561. foo bar"
14:07:39.655 [reactor-http-nio-6] DEBUG o.s.c.c.CharSequenceEncoder - [a99ed9e4-15] Writing "562. foo bar"
14:07:39.655 [reactor-http-nio-6] DEBUG o.s.c.c.CharSequenceEncoder - [a99ed9e4-15] Writing "563. foo bar"
14:07:39.655 [reactor-http-nio-6] DEBUG o.s.c.c.CharSequenceEncoder - [a99ed9e4-15] Writing "564. foo bar"
14:07:39.655 [reactor-http-nio-6] DEBUG o.s.c.c.CharSequenceEncoder - [a99ed9e4-15] Writing "565. foo bar"
14:07:39.655 [reactor-http-nio-6] DEBUG o.s.c.c.CharSequenceEncoder - [a99ed9e4-15] Writing "566. foo bar"
14:07:39.655 [reactor-http-nio-6] DEBUG o.s.c.c.CharSequenceEncoder - [a99ed9e4-15] Writing "567. foo bar"
14:07:39.656 [reactor-http-nio-6] DEBUG o.s.c.c.CharSequenceEncoder - [a99ed9e4-15] Writing "568. foo bar"
14:07:39.656 [reactor-http-nio-6] DEBUG o.s.c.c.CharSequenceEncoder - [a99ed9e4-15] Writing "569. foo bar"
14:07:39.656 [reactor-http-nio-6] DEBUG o.s.c.c.CharSequenceEncoder - [a99ed9e4-15] Writing "570. foo bar"
14:07:39.656 [reactor-http-nio-6] DEBUG o.s.c.c.CharSequenceEncoder - [a99ed9e4-15] Writing "571. foo bar"
14:07:39.656 [reactor-http-nio-6] DEBUG o.s.c.c.CharSequenceEncoder - [a99ed9e4-15] Writing "572. foo bar"
14:07:39.656 [reactor-http-nio-6] DEBUG o.s.c.c.CharSequenceEncoder - [a99ed9e4-15] Writing "573. foo bar"
14:07:39.656 [reactor-http-nio-6] DEBUG o.s.c.c.CharSequenceEncoder - [a99ed9e4-15] Writing "574. foo bar"
14:07:39.656 [reactor-http-nio-6] DEBUG o.s.c.c.CharSequenceEncoder - [a99ed9e4-15] Writing "575. foo bar"
14:07:39.656 [reactor-http-nio-6] DEBUG o.s.c.c.CharSequenceEncoder - [a99ed9e4-15] Writing "576. foo bar"
14:07:39.664 [reactor-http-nio-6] DEBUG o.s.c.c.CharSequenceEncoder - [a99ed9e4-15] Writing "577. foo bar"
14:07:39.664 [reactor-http-nio-6] DEBUG o.s.c.c.CharSequenceEncoder - [a99ed9e4-15] Writing "578. foo bar"
14:07:39.664 [reactor-http-nio-6] DEBUG o.s.c.c.CharSequenceEncoder - [a99ed9e4-15] Writing "579. foo bar"
14:07:39.664 [reactor-http-nio-6] DEBUG o.s.c.c.CharSequenceEncoder - [a99ed9e4-15] Writing "580. foo bar"
14:07:39.664 [reactor-http-nio-6] DEBUG o.s.c.c.CharSequenceEncoder - [a99ed9e4-15] Writing "581. foo bar"
14:07:39.665 [reactor-http-nio-6] DEBUG o.s.c.c.CharSequenceEncoder - [a99ed9e4-15] Writing "582. foo bar"
14:07:39.665 [reactor-http-nio-6] DEBUG o.s.c.c.CharSequenceEncoder - [a99ed9e4-15] Writing "583. foo bar"
14:07:39.665 [reactor-http-nio-6] DEBUG o.s.c.c.CharSequenceEncoder - [a99ed9e4-15] Writing "584. foo bar"
14:07:39.665 [reactor-http-nio-6] DEBUG o.s.c.c.CharSequenceEncoder - [a99ed9e4-15] Writing "585. foo bar"
14:07:39.665 [reactor-http-nio-6] DEBUG o.s.c.c.CharSequenceEncoder - [a99ed9e4-15] Writing "586. foo bar"
14:07:39.665 [reactor-http-nio-6] DEBUG o.s.c.c.CharSequenceEncoder - [a99ed9e4-15] Writing "587. foo bar"
14:07:39.665 [reactor-http-nio-6] DEBUG o.s.c.c.CharSequenceEncoder - [a99ed9e4-15] Writing "588. foo bar"
14:07:39.665 [reactor-http-nio-6] DEBUG o.s.c.c.CharSequenceEncoder - [a99ed9e4-15] Writing "589. foo bar"
14:07:39.665 [reactor-http-nio-6] DEBUG o.s.c.c.CharSequenceEncoder - [a99ed9e4-15] Writing "590. foo bar"
14:07:39.665 [reactor-http-nio-6] DEBUG o.s.c.c.CharSequenceEncoder - [a99ed9e4-15] Writing "591. foo bar"
14:07:39.665 [reactor-http-nio-6] DEBUG o.s.c.c.CharSequenceEncoder - [a99ed9e4-15] Writing "592. foo bar"
14:07:39.665 [reactor-http-nio-6] DEBUG o.s.c.c.CharSequenceEncoder - [a99ed9e4-15] Writing "593. foo bar"
14:07:39.665 [reactor-http-nio-6] DEBUG o.s.c.c.CharSequenceEncoder - [a99ed9e4-15] Writing "594. foo bar"
14:07:39.665 [reactor-http-nio-6] DEBUG o.s.c.c.CharSequenceEncoder - [a99ed9e4-15] Writing "595. foo bar"
14:07:39.665 [reactor-http-nio-6] DEBUG o.s.c.c.CharSequenceEncoder - [a99ed9e4-15] Writing "596. foo bar"
14:07:39.665 [reactor-http-nio-6] DEBUG o.s.c.c.CharSequenceEncoder - [a99ed9e4-15] Writing "597. foo bar"
14:07:39.665 [reactor-http-nio-6] DEBUG o.s.c.c.CharSequenceEncoder - [a99ed9e4-15] Writing "598. foo bar"
14:07:39.665 [reactor-http-nio-6] DEBUG o.s.c.c.CharSequenceEncoder - [a99ed9e4-15] Writing "599. foo bar"
14:07:39.666 [reactor-http-nio-6] DEBUG o.s.c.c.CharSequenceEncoder - [a99ed9e4-15] Writing "600. foo bar"
14:07:39.666 [reactor-http-nio-6] DEBUG o.s.c.c.CharSequenceEncoder - [a99ed9e4-15] Writing "601. foo bar"
14:07:39.666 [reactor-http-nio-6] DEBUG o.s.c.c.CharSequenceEncoder - [a99ed9e4-15] Writing "602. foo bar"
14:07:39.666 [reactor-http-nio-6] DEBUG o.s.c.c.CharSequenceEncoder - [a99ed9e4-15] Writing "603. foo bar"
14:07:39.666 [reactor-http-nio-6] DEBUG o.s.c.c.CharSequenceEncoder - [a99ed9e4-15] Writing "604. foo bar"
14:07:39.666 [reactor-http-nio-6] DEBUG o.s.c.c.CharSequenceEncoder - [a99ed9e4-15] Writing "605. foo bar"
14:07:39.666 [reactor-http-nio-6] DEBUG o.s.c.c.CharSequenceEncoder - [a99ed9e4-15] Writing "606. foo bar"
14:07:39.666 [reactor-http-nio-6] DEBUG o.s.c.c.CharSequenceEncoder - [a99ed9e4-15] Writing "607. foo bar"
14:07:39.666 [reactor-http-nio-6] DEBUG o.s.c.c.CharSequenceEncoder - [a99ed9e4-15] Writing "608. foo bar"
14:07:39.666 [reactor-http-nio-6] DEBUG o.s.c.c.CharSequenceEncoder - [a99ed9e4-15] Writing "609. foo bar"
14:07:39.666 [reactor-http-nio-6] DEBUG o.s.c.c.CharSequenceEncoder - [a99ed9e4-15] Writing "610. foo bar"
14:07:39.666 [reactor-http-nio-6] DEBUG o.s.c.c.CharSequenceEncoder - [a99ed9e4-15] Writing "611. foo bar"
14:07:39.666 [reactor-http-nio-6] DEBUG o.s.c.c.CharSequenceEncoder - [a99ed9e4-15] Writing "612. foo bar"
14:07:39.666 [reactor-http-nio-6] DEBUG o.s.c.c.CharSequenceEncoder - [a99ed9e4-15] Writing "613. foo bar"
14:07:39.666 [reactor-http-nio-6] DEBUG o.s.c.c.CharSequenceEncoder - [a99ed9e4-15] Writing "614. foo bar"
14:07:39.666 [reactor-http-nio-6] DEBUG o.s.c.c.CharSequenceEncoder - [a99ed9e4-15] Writing "615. foo bar"
14:07:39.666 [reactor-http-nio-6] DEBUG o.s.c.c.CharSequenceEncoder - [a99ed9e4-15] Writing "616. foo bar"
14:07:39.666 [reactor-http-nio-6] DEBUG o.s.c.c.CharSequenceEncoder - [a99ed9e4-15] Writing "617. foo bar"
14:07:39.667 [reactor-http-nio-6] DEBUG o.s.c.c.CharSequenceEncoder - [a99ed9e4-15] Writing "618. foo bar"
14:07:39.667 [reactor-http-nio-6] DEBUG o.s.c.c.CharSequenceEncoder - [a99ed9e4-15] Writing "619. foo bar"
14:07:39.667 [reactor-http-nio-6] DEBUG o.s.c.c.CharSequenceEncoder - [a99ed9e4-15] Writing "620. foo bar"
14:07:39.667 [reactor-http-nio-6] DEBUG o.s.c.c.CharSequenceEncoder - [a99ed9e4-15] Writing "621. foo bar"
14:07:39.667 [reactor-http-nio-6] DEBUG o.s.c.c.CharSequenceEncoder - [a99ed9e4-15] Writing "622. foo bar"
14:07:39.667 [reactor-http-nio-6] DEBUG o.s.c.c.CharSequenceEncoder - [a99ed9e4-15] Writing "623. foo bar"
14:07:39.667 [reactor-http-nio-6] DEBUG o.s.c.c.CharSequenceEncoder - [a99ed9e4-15] Writing "624. foo bar"
14:07:39.667 [reactor-http-nio-6] DEBUG o.s.c.c.CharSequenceEncoder - [a99ed9e4-15] Writing "625. foo bar"
14:07:39.667 [reactor-http-nio-6] DEBUG o.s.c.c.CharSequenceEncoder - [a99ed9e4-15] Writing "626. foo bar"
14:07:39.667 [reactor-http-nio-6] DEBUG o.s.c.c.CharSequenceEncoder - [a99ed9e4-15] Writing "627. foo bar"
14:07:39.667 [reactor-http-nio-6] DEBUG o.s.c.c.CharSequenceEncoder - [a99ed9e4-15] Writing "628. foo bar"
14:07:39.667 [reactor-http-nio-6] DEBUG o.s.c.c.CharSequenceEncoder - [a99ed9e4-15] Writing "629. foo bar"
14:07:39.667 [reactor-http-nio-6] DEBUG o.s.c.c.CharSequenceEncoder - [a99ed9e4-15] Writing "630. foo bar"
14:07:39.667 [reactor-http-nio-6] DEBUG o.s.c.c.CharSequenceEncoder - [a99ed9e4-15] Writing "631. foo bar"
14:07:39.667 [reactor-http-nio-6] DEBUG o.s.c.c.CharSequenceEncoder - [a99ed9e4-15] Writing "632. foo bar"
14:07:39.667 [reactor-http-nio-6] DEBUG o.s.c.c.CharSequenceEncoder - [a99ed9e4-15] Writing "633. foo bar"
14:07:39.667 [reactor-http-nio-6] DEBUG o.s.c.c.CharSequenceEncoder - [a99ed9e4-15] Writing "634. foo bar"
14:07:39.667 [reactor-http-nio-6] DEBUG o.s.c.c.CharSequenceEncoder - [a99ed9e4-15] Writing "635. foo bar"
14:07:39.668 [reactor-http-nio-6] DEBUG o.s.c.c.CharSequenceEncoder - [a99ed9e4-15] Writing "636. foo bar"
14:07:39.668 [reactor-http-nio-6] DEBUG o.s.c.c.CharSequenceEncoder - [a99ed9e4-15] Writing "637. foo bar"
14:07:39.668 [reactor-http-nio-6] DEBUG o.s.c.c.CharSequenceEncoder - [a99ed9e4-15] Writing "638. foo bar"
14:07:39.668 [reactor-http-nio-6] DEBUG o.s.c.c.CharSequenceEncoder - [a99ed9e4-15] Writing "639. foo bar"
14:07:39.668 [reactor-http-nio-6] DEBUG o.s.c.c.CharSequenceEncoder - [a99ed9e4-15] Writing "640. foo bar"
14:07:39.712 [reactor-http-nio-6] DEBUG o.s.c.c.CharSequenceEncoder - [a99ed9e4-15] Writing "641. foo bar"
14:07:39.712 [reactor-http-nio-6] DEBUG o.s.c.c.CharSequenceEncoder - [a99ed9e4-15] Writing "642. foo bar"
14:07:39.712 [reactor-http-nio-6] DEBUG o.s.c.c.CharSequenceEncoder - [a99ed9e4-15] Writing "643. foo bar"
14:07:39.713 [reactor-http-nio-6] DEBUG o.s.c.c.CharSequenceEncoder - [a99ed9e4-15] Writing "644. foo bar"
14:07:39.714 [reactor-http-nio-6] DEBUG o.s.c.c.CharSequenceEncoder - [a99ed9e4-15] Writing "645. foo bar"
14:07:39.715 [reactor-http-nio-6] DEBUG o.s.c.c.CharSequenceEncoder - [a99ed9e4-15] Writing "646. foo bar"
14:07:39.716 [reactor-http-nio-6] DEBUG o.s.c.c.CharSequenceEncoder - [a99ed9e4-15] Writing "647. foo bar"
14:07:39.716 [reactor-http-nio-6] DEBUG o.s.c.c.CharSequenceEncoder - [a99ed9e4-15] Writing "648. foo bar"
14:07:39.717 [reactor-http-nio-6] DEBUG o.s.c.c.CharSequenceEncoder - [a99ed9e4-15] Writing "649. foo bar"
14:07:39.717 [reactor-http-nio-6] DEBUG o.s.c.c.CharSequenceEncoder - [a99ed9e4-15] Writing "650. foo bar"
14:07:39.717 [reactor-http-nio-6] DEBUG o.s.c.c.CharSequenceEncoder - [a99ed9e4-15] Writing "651. foo bar"
14:07:39.717 [reactor-http-nio-6] DEBUG o.s.c.c.CharSequenceEncoder - [a99ed9e4-15] Writing "652. foo bar"
14:07:39.717 [reactor-http-nio-6] DEBUG o.s.c.c.CharSequenceEncoder - [a99ed9e4-15] Writing "653. foo bar"
14:07:39.717 [reactor-http-nio-6] DEBUG o.s.c.c.CharSequenceEncoder - [a99ed9e4-15] Writing "654. foo bar"
14:07:39.717 [reactor-http-nio-6] DEBUG o.s.c.c.CharSequenceEncoder - [a99ed9e4-15] Writing "655. foo bar"
14:07:39.717 [reactor-http-nio-6] DEBUG o.s.c.c.CharSequenceEncoder - [a99ed9e4-15] Writing "656. foo bar"
14:07:39.718 [reactor-http-nio-6] DEBUG o.s.c.c.CharSequenceEncoder - [a99ed9e4-15] Writing "657. foo bar"
14:07:39.718 [reactor-http-nio-6] DEBUG o.s.c.c.CharSequenceEncoder - [a99ed9e4-15] Writing "658. foo bar"
14:07:39.720 [reactor-http-nio-6] DEBUG o.s.c.c.CharSequenceEncoder - [a99ed9e4-15] Writing "659. foo bar"
14:07:39.721 [reactor-http-nio-6] DEBUG o.s.c.c.CharSequenceEncoder - [a99ed9e4-15] Writing "660. foo bar"
14:07:39.721 [reactor-http-nio-6] DEBUG o.s.c.c.CharSequenceEncoder - [a99ed9e4-15] Writing "661. foo bar"
14:07:39.721 [reactor-http-nio-6] DEBUG o.s.c.c.CharSequenceEncoder - [a99ed9e4-15] Writing "662. foo bar"
14:07:39.721 [reactor-http-nio-6] DEBUG o.s.c.c.CharSequenceEncoder - [a99ed9e4-15] Writing "663. foo bar"
14:07:39.722 [reactor-http-nio-6] DEBUG o.s.c.c.CharSequenceEncoder - [a99ed9e4-15] Writing "664. foo bar"
14:07:39.722 [reactor-http-nio-6] DEBUG o.s.c.c.CharSequenceEncoder - [a99ed9e4-15] Writing "665. foo bar"
14:07:39.722 [reactor-http-nio-6] DEBUG o.s.c.c.CharSequenceEncoder - [a99ed9e4-15] Writing "666. foo bar"
14:07:39.722 [reactor-http-nio-6] DEBUG o.s.c.c.CharSequenceEncoder - [a99ed9e4-15] Writing "667. foo bar"
14:07:39.722 [reactor-http-nio-6] DEBUG o.s.c.c.CharSequenceEncoder - [a99ed9e4-15] Writing "668. foo bar"
14:07:39.722 [reactor-http-nio-6] DEBUG o.s.c.c.CharSequenceEncoder - [a99ed9e4-15] Writing "669. foo bar"
14:07:39.722 [reactor-http-nio-6] DEBUG o.s.c.c.CharSequenceEncoder - [a99ed9e4-15] Writing "670. foo bar"
14:07:39.722 [reactor-http-nio-6] DEBUG o.s.c.c.CharSequenceEncoder - [a99ed9e4-15] Writing "671. foo bar"
14:07:39.722 [reactor-http-nio-6] DEBUG o.s.c.c.CharSequenceEncoder - [a99ed9e4-15] Writing "672. foo bar"
14:07:39.723 [reactor-http-nio-6] DEBUG o.s.c.c.CharSequenceEncoder - [a99ed9e4-15] Writing "673. foo bar"
14:07:39.723 [reactor-http-nio-6] DEBUG o.s.c.c.CharSequenceEncoder - [a99ed9e4-15] Writing "674. foo bar"
14:07:39.723 [reactor-http-nio-6] DEBUG o.s.c.c.CharSequenceEncoder - [a99ed9e4-15] Writing "675. foo bar"
14:07:39.723 [reactor-http-nio-6] DEBUG o.s.c.c.CharSequenceEncoder - [a99ed9e4-15] Writing "676. foo bar"
14:07:39.723 [reactor-http-nio-6] DEBUG o.s.c.c.CharSequenceEncoder - [a99ed9e4-15] Writing "677. foo bar"
14:07:39.723 [reactor-http-nio-6] DEBUG o.s.c.c.CharSequenceEncoder - [a99ed9e4-15] Writing "678. foo bar"
14:07:39.723 [reactor-http-nio-6] DEBUG o.s.c.c.CharSequenceEncoder - [a99ed9e4-15] Writing "679. foo bar"
14:07:39.723 [reactor-http-nio-6] DEBUG o.s.c.c.CharSequenceEncoder - [a99ed9e4-15] Writing "680. foo bar"
14:07:39.723 [reactor-http-nio-6] DEBUG o.s.c.c.CharSequenceEncoder - [a99ed9e4-15] Writing "681. foo bar"
14:07:39.723 [reactor-http-nio-6] DEBUG o.s.c.c.CharSequenceEncoder - [a99ed9e4-15] Writing "682. foo bar"
14:07:39.724 [reactor-http-nio-6] DEBUG o.s.c.c.CharSequenceEncoder - [a99ed9e4-15] Writing "683. foo bar"
14:07:39.724 [reactor-http-nio-6] DEBUG o.s.c.c.CharSequenceEncoder - [a99ed9e4-15] Writing "684. foo bar"
14:07:39.724 [reactor-http-nio-6] DEBUG o.s.c.c.CharSequenceEncoder - [a99ed9e4-15] Writing "685. foo bar"
14:07:39.724 [reactor-http-nio-6] DEBUG o.s.c.c.CharSequenceEncoder - [a99ed9e4-15] Writing "686. foo bar"
14:07:39.724 [reactor-http-nio-6] DEBUG o.s.c.c.CharSequenceEncoder - [a99ed9e4-15] Writing "687. foo bar"
14:07:39.724 [reactor-http-nio-6] DEBUG o.s.c.c.CharSequenceEncoder - [a99ed9e4-15] Writing "688. foo bar"
14:07:39.724 [reactor-http-nio-6] DEBUG o.s.c.c.CharSequenceEncoder - [a99ed9e4-15] Writing "689. foo bar"
14:07:39.724 [reactor-http-nio-6] DEBUG o.s.c.c.CharSequenceEncoder - [a99ed9e4-15] Writing "690. foo bar"
14:07:39.724 [reactor-http-nio-6] DEBUG o.s.c.c.CharSequenceEncoder - [a99ed9e4-15] Writing "691. foo bar"
14:07:39.724 [reactor-http-nio-6] DEBUG o.s.c.c.CharSequenceEncoder - [a99ed9e4-15] Writing "692. foo bar"
14:07:39.724 [reactor-http-nio-6] DEBUG o.s.c.c.CharSequenceEncoder - [a99ed9e4-15] Writing "693. foo bar"
14:07:39.725 [reactor-http-nio-6] DEBUG o.s.c.c.CharSequenceEncoder - [a99ed9e4-15] Writing "694. foo bar"
14:07:39.725 [reactor-http-nio-6] DEBUG o.s.c.c.CharSequenceEncoder - [a99ed9e4-15] Writing "695. foo bar"
14:07:39.725 [reactor-http-nio-6] DEBUG o.s.c.c.CharSequenceEncoder - [a99ed9e4-15] Writing "696. foo bar"
14:07:39.725 [reactor-http-nio-6] DEBUG o.s.c.c.CharSequenceEncoder - [a99ed9e4-15] Writing "697. foo bar"
14:07:39.725 [reactor-http-nio-6] DEBUG o.s.c.c.CharSequenceEncoder - [a99ed9e4-15] Writing "698. foo bar"
14:07:39.725 [reactor-http-nio-6] DEBUG o.s.c.c.CharSequenceEncoder - [a99ed9e4-15] Writing "699. foo bar"
14:07:39.725 [reactor-http-nio-6] DEBUG o.s.c.c.CharSequenceEncoder - [a99ed9e4-15] Writing "700. foo bar"
14:07:39.725 [reactor-http-nio-6] DEBUG o.s.c.c.CharSequenceEncoder - [a99ed9e4-15] Writing "701. foo bar"
14:07:39.725 [reactor-http-nio-6] DEBUG o.s.c.c.CharSequenceEncoder - [a99ed9e4-15] Writing "702. foo bar"
14:07:39.725 [reactor-http-nio-6] DEBUG o.s.c.c.CharSequenceEncoder - [a99ed9e4-15] Writing "703. foo bar"
14:07:39.725 [reactor-http-nio-6] DEBUG o.s.c.c.CharSequenceEncoder - [a99ed9e4-15] Writing "704. foo bar"
14:07:39.733 [reactor-http-nio-6] DEBUG o.s.c.c.CharSequenceEncoder - [a99ed9e4-15] Writing "705. foo bar"
14:07:39.733 [reactor-http-nio-6] DEBUG o.s.c.c.CharSequenceEncoder - [a99ed9e4-15] Writing "706. foo bar"
14:07:39.733 [reactor-http-nio-6] DEBUG o.s.c.c.CharSequenceEncoder - [a99ed9e4-15] Writing "707. foo bar"
14:07:39.733 [reactor-http-nio-6] DEBUG o.s.c.c.CharSequenceEncoder - [a99ed9e4-15] Writing "708. foo bar"
14:07:39.733 [reactor-http-nio-6] DEBUG o.s.c.c.CharSequenceEncoder - [a99ed9e4-15] Writing "709. foo bar"
14:07:39.733 [reactor-http-nio-6] DEBUG o.s.c.c.CharSequenceEncoder - [a99ed9e4-15] Writing "710. foo bar"
14:07:39.733 [reactor-http-nio-6] DEBUG o.s.c.c.CharSequenceEncoder - [a99ed9e4-15] Writing "711. foo bar"
14:07:39.733 [reactor-http-nio-6] DEBUG o.s.c.c.CharSequenceEncoder - [a99ed9e4-15] Writing "712. foo bar"
14:07:39.733 [reactor-http-nio-6] DEBUG o.s.c.c.CharSequenceEncoder - [a99ed9e4-15] Writing "713. foo bar"
14:07:39.733 [reactor-http-nio-6] DEBUG o.s.c.c.CharSequenceEncoder - [a99ed9e4-15] Writing "714. foo bar"
14:07:39.734 [reactor-http-nio-6] DEBUG o.s.c.c.CharSequenceEncoder - [a99ed9e4-15] Writing "715. foo bar"
14:07:39.734 [reactor-http-nio-6] DEBUG o.s.c.c.CharSequenceEncoder - [a99ed9e4-15] Writing "716. foo bar"
14:07:39.734 [reactor-http-nio-6] DEBUG o.s.c.c.CharSequenceEncoder - [a99ed9e4-15] Writing "717. foo bar"
14:07:39.734 [reactor-http-nio-6] DEBUG o.s.c.c.CharSequenceEncoder - [a99ed9e4-15] Writing "718. foo bar"
14:07:39.734 [reactor-http-nio-6] DEBUG o.s.c.c.CharSequenceEncoder - [a99ed9e4-15] Writing "719. foo bar"
14:07:39.734 [reactor-http-nio-6] DEBUG o.s.c.c.CharSequenceEncoder - [a99ed9e4-15] Writing "720. foo bar"
14:07:39.734 [reactor-http-nio-6] DEBUG o.s.c.c.CharSequenceEncoder - [a99ed9e4-15] Writing "721. foo bar"
14:07:39.734 [reactor-http-nio-6] DEBUG o.s.c.c.CharSequenceEncoder - [a99ed9e4-15] Writing "722. foo bar"
14:07:39.734 [reactor-http-nio-6] DEBUG o.s.c.c.CharSequenceEncoder - [a99ed9e4-15] Writing "723. foo bar"
14:07:39.734 [reactor-http-nio-6] DEBUG o.s.c.c.CharSequenceEncoder - [a99ed9e4-15] Writing "724. foo bar"
14:07:39.734 [reactor-http-nio-6] DEBUG o.s.c.c.CharSequenceEncoder - [a99ed9e4-15] Writing "725. foo bar"
14:07:39.734 [reactor-http-nio-6] DEBUG o.s.c.c.CharSequenceEncoder - [a99ed9e4-15] Writing "726. foo bar"
14:07:39.734 [reactor-http-nio-6] DEBUG o.s.c.c.CharSequenceEncoder - [a99ed9e4-15] Writing "727. foo bar"
14:07:39.734 [reactor-http-nio-6] DEBUG o.s.c.c.CharSequenceEncoder - [a99ed9e4-15] Writing "728. foo bar"
14:07:39.734 [reactor-http-nio-6] DEBUG o.s.c.c.CharSequenceEncoder - [a99ed9e4-15] Writing "729. foo bar"
14:07:39.734 [reactor-http-nio-6] DEBUG o.s.c.c.CharSequenceEncoder - [a99ed9e4-15] Writing "730. foo bar"
14:07:39.768 [reactor-http-nio-6] DEBUG o.s.c.c.CharSequenceEncoder - [a99ed9e4-15] Writing "731. foo bar"
14:07:39.768 [reactor-http-nio-6] DEBUG o.s.c.c.CharSequenceEncoder - [a99ed9e4-15] Writing "732. foo bar"
14:07:39.768 [reactor-http-nio-6] DEBUG o.s.c.c.CharSequenceEncoder - [a99ed9e4-15] Writing "733. foo bar"
14:07:39.768 [reactor-http-nio-6] DEBUG o.s.c.c.CharSequenceEncoder - [a99ed9e4-15] Writing "734. foo bar"
14:07:39.769 [reactor-http-nio-6] DEBUG o.s.c.c.CharSequenceEncoder - [a99ed9e4-15] Writing "735. foo bar"
14:07:39.769 [reactor-http-nio-6] DEBUG o.s.c.c.CharSequenceEncoder - [a99ed9e4-15] Writing "736. foo bar"
14:07:39.769 [reactor-http-nio-6] DEBUG o.s.c.c.CharSequenceEncoder - [a99ed9e4-15] Writing "737. foo bar"
14:07:39.769 [reactor-http-nio-6] DEBUG o.s.c.c.CharSequenceEncoder - [a99ed9e4-15] Writing "738. foo bar"
14:07:39.769 [reactor-http-nio-6] DEBUG o.s.c.c.CharSequenceEncoder - [a99ed9e4-15] Writing "739. foo bar"
14:07:39.769 [reactor-http-nio-6] DEBUG o.s.c.c.CharSequenceEncoder - [a99ed9e4-15] Writing "740. foo bar"
14:07:39.769 [reactor-http-nio-6] DEBUG o.s.c.c.CharSequenceEncoder - [a99ed9e4-15] Writing "741. foo bar"
14:07:39.769 [reactor-http-nio-6] DEBUG o.s.c.c.CharSequenceEncoder - [a99ed9e4-15] Writing "742. foo bar"
14:07:39.769 [reactor-http-nio-6] DEBUG o.s.c.c.CharSequenceEncoder - [a99ed9e4-15] Writing "743. foo bar"
14:07:39.769 [reactor-http-nio-6] DEBUG o.s.c.c.CharSequenceEncoder - [a99ed9e4-15] Writing "744. foo bar"
14:07:39.769 [reactor-http-nio-6] DEBUG o.s.c.c.CharSequenceEncoder - [a99ed9e4-15] Writing "745. foo bar"
14:07:39.769 [reactor-http-nio-6] DEBUG o.s.c.c.CharSequenceEncoder - [a99ed9e4-15] Writing "746. foo bar"
14:07:39.769 [reactor-http-nio-6] DEBUG o.s.c.c.CharSequenceEncoder - [a99ed9e4-15] Writing "747. foo bar"
14:07:39.769 [reactor-http-nio-6] DEBUG o.s.c.c.CharSequenceEncoder - [a99ed9e4-15] Writing "748. foo bar"
14:07:39.769 [reactor-http-nio-6] DEBUG o.s.c.c.CharSequenceEncoder - [a99ed9e4-15] Writing "749. foo bar"
14:07:39.769 [reactor-http-nio-6] DEBUG o.s.c.c.CharSequenceEncoder - [a99ed9e4-15] Writing "750. foo bar"
14:07:39.769 [reactor-http-nio-6] DEBUG o.s.c.c.CharSequenceEncoder - [a99ed9e4-15] Writing "751. foo bar"
14:07:39.770 [reactor-http-nio-6] DEBUG o.s.c.c.CharSequenceEncoder - [a99ed9e4-15] Writing "752. foo bar"
14:07:39.770 [reactor-http-nio-6] DEBUG o.s.c.c.CharSequenceEncoder - [a99ed9e4-15] Writing "753. foo bar"
14:07:39.770 [reactor-http-nio-6] DEBUG o.s.c.c.CharSequenceEncoder - [a99ed9e4-15] Writing "754. foo bar"
14:07:39.770 [reactor-http-nio-6] DEBUG o.s.c.c.CharSequenceEncoder - [a99ed9e4-15] Writing "755. foo bar"
14:07:39.770 [reactor-http-nio-6] DEBUG o.s.c.c.CharSequenceEncoder - [a99ed9e4-15] Writing "756. foo bar"
14:07:39.770 [reactor-http-nio-6] DEBUG o.s.c.c.CharSequenceEncoder - [a99ed9e4-15] Writing "757. foo bar"
14:07:39.770 [reactor-http-nio-6] DEBUG o.s.c.c.CharSequenceEncoder - [a99ed9e4-15] Writing "758. foo bar"
14:07:39.770 [reactor-http-nio-6] DEBUG o.s.c.c.CharSequenceEncoder - [a99ed9e4-15] Writing "759. foo bar"
14:07:39.770 [reactor-http-nio-6] DEBUG o.s.c.c.CharSequenceEncoder - [a99ed9e4-15] Writing "760. foo bar"
14:07:39.770 [reactor-http-nio-6] DEBUG o.s.c.c.CharSequenceEncoder - [a99ed9e4-15] Writing "761. foo bar"
14:07:39.770 [reactor-http-nio-6] DEBUG o.s.c.c.CharSequenceEncoder - [a99ed9e4-15] Writing "762. foo bar"
14:07:39.770 [reactor-http-nio-6] DEBUG o.s.c.c.CharSequenceEncoder - [a99ed9e4-15] Writing "763. foo bar"
14:07:39.770 [reactor-http-nio-6] DEBUG o.s.c.c.CharSequenceEncoder - [a99ed9e4-15] Writing "764. foo bar"
14:07:39.770 [reactor-http-nio-6] DEBUG o.s.c.c.CharSequenceEncoder - [a99ed9e4-15] Writing "765. foo bar"
14:07:39.770 [reactor-http-nio-6] DEBUG o.s.c.c.CharSequenceEncoder - [a99ed9e4-15] Writing "766. foo bar"
14:07:39.770 [reactor-http-nio-6] DEBUG o.s.c.c.CharSequenceEncoder - [a99ed9e4-15] Writing "767. foo bar"
14:07:39.770 [reactor-http-nio-6] DEBUG o.s.c.c.CharSequenceEncoder - [a99ed9e4-15] Writing "768. foo bar"
14:07:39.804 [reactor-http-nio-6] DEBUG o.s.c.c.CharSequenceEncoder - [a99ed9e4-15] Writing "769. foo bar"
14:07:39.804 [reactor-http-nio-6] DEBUG o.s.c.c.CharSequenceEncoder - [a99ed9e4-15] Writing "770. foo bar"
14:07:39.804 [reactor-http-nio-6] DEBUG o.s.c.c.CharSequenceEncoder - [a99ed9e4-15] Writing "771. foo bar"
14:07:39.804 [reactor-http-nio-6] DEBUG o.s.c.c.CharSequenceEncoder - [a99ed9e4-15] Writing "772. foo bar"
14:07:39.805 [reactor-http-nio-6] DEBUG o.s.c.c.CharSequenceEncoder - [a99ed9e4-15] Writing "773. foo bar"
14:07:39.805 [reactor-http-nio-6] DEBUG o.s.c.c.CharSequenceEncoder - [a99ed9e4-15] Writing "774. foo bar"
14:07:39.805 [reactor-http-nio-6] DEBUG o.s.c.c.CharSequenceEncoder - [a99ed9e4-15] Writing "775. foo bar"
14:07:39.805 [reactor-http-nio-6] DEBUG o.s.c.c.CharSequenceEncoder - [a99ed9e4-15] Writing "776. foo bar"
14:07:39.805 [reactor-http-nio-6] DEBUG o.s.c.c.CharSequenceEncoder - [a99ed9e4-15] Writing "777. foo bar"
14:07:39.805 [reactor-http-nio-6] DEBUG o.s.c.c.CharSequenceEncoder - [a99ed9e4-15] Writing "778. foo bar"
14:07:39.805 [reactor-http-nio-6] DEBUG o.s.c.c.CharSequenceEncoder - [a99ed9e4-15] Writing "779. foo bar"
14:07:39.806 [reactor-http-nio-6] DEBUG o.s.c.c.CharSequenceEncoder - [a99ed9e4-15] Writing "780. foo bar"
14:07:39.806 [reactor-http-nio-6] DEBUG o.s.c.c.CharSequenceEncoder - [a99ed9e4-15] Writing "781. foo bar"
14:07:39.806 [reactor-http-nio-6] DEBUG o.s.c.c.CharSequenceEncoder - [a99ed9e4-15] Writing "782. foo bar"
14:07:39.806 [reactor-http-nio-6] DEBUG o.s.c.c.CharSequenceEncoder - [a99ed9e4-15] Writing "783. foo bar"
14:07:39.806 [reactor-http-nio-6] DEBUG o.s.c.c.CharSequenceEncoder - [a99ed9e4-15] Writing "784. foo bar"
14:07:39.806 [reactor-http-nio-6] DEBUG o.s.c.c.CharSequenceEncoder - [a99ed9e4-15] Writing "785. foo bar"
14:07:39.806 [reactor-http-nio-6] DEBUG o.s.c.c.CharSequenceEncoder - [a99ed9e4-15] Writing "786. foo bar"
14:07:39.806 [reactor-http-nio-6] DEBUG o.s.c.c.CharSequenceEncoder - [a99ed9e4-15] Writing "787. foo bar"
14:07:39.806 [reactor-http-nio-6] DEBUG o.s.c.c.CharSequenceEncoder - [a99ed9e4-15] Writing "788. foo bar"
14:07:39.806 [reactor-http-nio-6] DEBUG o.s.c.c.CharSequenceEncoder - [a99ed9e4-15] Writing "789. foo bar"
14:07:39.806 [reactor-http-nio-6] DEBUG o.s.c.c.CharSequenceEncoder - [a99ed9e4-15] Writing "790. foo bar"
14:07:39.806 [reactor-http-nio-6] DEBUG o.s.c.c.CharSequenceEncoder - [a99ed9e4-15] Writing "791. foo bar"
14:07:39.806 [reactor-http-nio-6] DEBUG o.s.c.c.CharSequenceEncoder - [a99ed9e4-15] Writing "792. foo bar"
14:07:39.806 [reactor-http-nio-6] DEBUG o.s.c.c.CharSequenceEncoder - [a99ed9e4-15] Writing "793. foo bar"
14:07:39.806 [reactor-http-nio-6] DEBUG o.s.c.c.CharSequenceEncoder - [a99ed9e4-15] Writing "794. foo bar"
14:07:39.806 [reactor-http-nio-6] DEBUG o.s.c.c.CharSequenceEncoder - [a99ed9e4-15] Writing "795. foo bar"
14:07:39.806 [reactor-http-nio-6] DEBUG o.s.c.c.CharSequenceEncoder - [a99ed9e4-15] Writing "796. foo bar"
14:07:39.806 [reactor-http-nio-6] DEBUG o.s.c.c.CharSequenceEncoder - [a99ed9e4-15] Writing "797. foo bar"
14:07:39.806 [reactor-http-nio-6] DEBUG o.s.c.c.CharSequenceEncoder - [a99ed9e4-15] Writing "798. foo bar"
14:07:39.806 [reactor-http-nio-6] DEBUG o.s.c.c.CharSequenceEncoder - [a99ed9e4-15] Writing "799. foo bar"
14:07:39.806 [reactor-http-nio-6] DEBUG o.s.c.c.CharSequenceEncoder - [a99ed9e4-15] Writing "800. foo bar"
14:07:39.806 [reactor-http-nio-6] DEBUG o.s.c.c.CharSequenceEncoder - [a99ed9e4-15] Writing "801. foo bar"
14:07:39.806 [reactor-http-nio-6] DEBUG o.s.c.c.CharSequenceEncoder - [a99ed9e4-15] Writing "802. foo bar"
14:07:39.806 [reactor-http-nio-6] DEBUG o.s.c.c.CharSequenceEncoder - [a99ed9e4-15] Writing "803. foo bar"
14:07:39.806 [reactor-http-nio-6] DEBUG o.s.c.c.CharSequenceEncoder - [a99ed9e4-15] Writing "804. foo bar"
14:07:39.807 [reactor-http-nio-6] DEBUG o.s.c.c.CharSequenceEncoder - [a99ed9e4-15] Writing "805. foo bar"
14:07:39.807 [reactor-http-nio-6] DEBUG o.s.c.c.CharSequenceEncoder - [a99ed9e4-15] Writing "806. foo bar"
14:07:39.807 [reactor-http-nio-6] DEBUG o.s.c.c.CharSequenceEncoder - [a99ed9e4-15] Writing "807. foo bar"
14:07:39.807 [reactor-http-nio-6] DEBUG o.s.c.c.CharSequenceEncoder - [a99ed9e4-15] Writing "808. foo bar"
14:07:39.807 [reactor-http-nio-6] DEBUG o.s.c.c.CharSequenceEncoder - [a99ed9e4-15] Writing "809. foo bar"
14:07:39.807 [reactor-http-nio-6] DEBUG o.s.c.c.CharSequenceEncoder - [a99ed9e4-15] Writing "810. foo bar"
14:07:39.807 [reactor-http-nio-6] DEBUG o.s.c.c.CharSequenceEncoder - [a99ed9e4-15] Writing "811. foo bar"
14:07:39.807 [reactor-http-nio-6] DEBUG o.s.c.c.CharSequenceEncoder - [a99ed9e4-15] Writing "812. foo bar"
14:07:39.807 [reactor-http-nio-6] DEBUG o.s.c.c.CharSequenceEncoder - [a99ed9e4-15] Writing "813. foo bar"
14:07:39.807 [reactor-http-nio-6] DEBUG o.s.c.c.CharSequenceEncoder - [a99ed9e4-15] Writing "814. foo bar"
14:07:39.807 [reactor-http-nio-6] DEBUG o.s.c.c.CharSequenceEncoder - [a99ed9e4-15] Writing "815. foo bar"
14:07:39.807 [reactor-http-nio-6] DEBUG o.s.c.c.CharSequenceEncoder - [a99ed9e4-15] Writing "816. foo bar"
14:07:39.807 [reactor-http-nio-6] DEBUG o.s.c.c.CharSequenceEncoder - [a99ed9e4-15] Writing "817. foo bar"
14:07:39.807 [reactor-http-nio-6] DEBUG o.s.c.c.CharSequenceEncoder - [a99ed9e4-15] Writing "818. foo bar"
14:07:39.807 [reactor-http-nio-6] DEBUG o.s.c.c.CharSequenceEncoder - [a99ed9e4-15] Writing "819. foo bar"
14:07:39.807 [reactor-http-nio-6] DEBUG o.s.c.c.CharSequenceEncoder - [a99ed9e4-15] Writing "820. foo bar"
14:07:39.807 [reactor-http-nio-6] DEBUG o.s.c.c.CharSequenceEncoder - [a99ed9e4-15] Writing "821. foo bar"
14:07:39.807 [reactor-http-nio-6] DEBUG o.s.c.c.CharSequenceEncoder - [a99ed9e4-15] Writing "822. foo bar"
14:07:39.807 [reactor-http-nio-6] DEBUG o.s.c.c.CharSequenceEncoder - [a99ed9e4-15] Writing "823. foo bar"
14:07:39.807 [reactor-http-nio-6] DEBUG o.s.c.c.CharSequenceEncoder - [a99ed9e4-15] Writing "824. foo bar"
14:07:39.807 [reactor-http-nio-6] DEBUG o.s.c.c.CharSequenceEncoder - [a99ed9e4-15] Writing "825. foo bar"
14:07:39.807 [reactor-http-nio-6] DEBUG o.s.c.c.CharSequenceEncoder - [a99ed9e4-15] Writing "826. foo bar"
14:07:39.807 [reactor-http-nio-6] DEBUG o.s.c.c.CharSequenceEncoder - [a99ed9e4-15] Writing "827. foo bar"
14:07:39.807 [reactor-http-nio-6] DEBUG o.s.c.c.CharSequenceEncoder - [a99ed9e4-15] Writing "828. foo bar"
14:07:39.808 [reactor-http-nio-6] DEBUG o.s.c.c.CharSequenceEncoder - [a99ed9e4-15] Writing "829. foo bar"
14:07:39.808 [reactor-http-nio-6] DEBUG o.s.c.c.CharSequenceEncoder - [a99ed9e4-15] Writing "830. foo bar"
14:07:39.808 [reactor-http-nio-6] DEBUG o.s.c.c.CharSequenceEncoder - [a99ed9e4-15] Writing "831. foo bar"
14:07:39.808 [reactor-http-nio-6] DEBUG o.s.c.c.CharSequenceEncoder - [a99ed9e4-15] Writing "832. foo bar"
14:07:39.816 [reactor-http-nio-6] DEBUG o.s.c.c.CharSequenceEncoder - [a99ed9e4-15] Writing "833. foo bar"
14:07:39.816 [reactor-http-nio-6] DEBUG o.s.c.c.CharSequenceEncoder - [a99ed9e4-15] Writing "834. foo bar"
14:07:39.816 [reactor-http-nio-6] DEBUG o.s.c.c.CharSequenceEncoder - [a99ed9e4-15] Writing "835. foo bar"
14:07:39.816 [reactor-http-nio-6] DEBUG o.s.c.c.CharSequenceEncoder - [a99ed9e4-15] Writing "836. foo bar"
14:07:39.816 [reactor-http-nio-6] DEBUG o.s.c.c.CharSequenceEncoder - [a99ed9e4-15] Writing "837. foo bar"
14:07:39.816 [reactor-http-nio-6] DEBUG o.s.c.c.CharSequenceEncoder - [a99ed9e4-15] Writing "838. foo bar"
14:07:39.816 [reactor-http-nio-6] DEBUG o.s.c.c.CharSequenceEncoder - [a99ed9e4-15] Writing "839. foo bar"
14:07:39.816 [reactor-http-nio-6] DEBUG o.s.c.c.CharSequenceEncoder - [a99ed9e4-15] Writing "840. foo bar"
14:07:39.816 [reactor-http-nio-6] DEBUG o.s.c.c.CharSequenceEncoder - [a99ed9e4-15] Writing "841. foo bar"
14:07:39.816 [reactor-http-nio-6] DEBUG o.s.c.c.CharSequenceEncoder - [a99ed9e4-15] Writing "842. foo bar"
14:07:39.816 [reactor-http-nio-6] DEBUG o.s.c.c.CharSequenceEncoder - [a99ed9e4-15] Writing "843. foo bar"
14:07:39.816 [reactor-http-nio-6] DEBUG o.s.c.c.CharSequenceEncoder - [a99ed9e4-15] Writing "844. foo bar"
14:07:39.816 [reactor-http-nio-6] DEBUG o.s.c.c.CharSequenceEncoder - [a99ed9e4-15] Writing "845. foo bar"
14:07:39.816 [reactor-http-nio-6] DEBUG o.s.c.c.CharSequenceEncoder - [a99ed9e4-15] Writing "846. foo bar"
14:07:39.816 [reactor-http-nio-6] DEBUG o.s.c.c.CharSequenceEncoder - [a99ed9e4-15] Writing "847. foo bar"
14:07:39.817 [reactor-http-nio-6] DEBUG o.s.c.c.CharSequenceEncoder - [a99ed9e4-15] Writing "848. foo bar"
14:07:39.817 [reactor-http-nio-6] DEBUG o.s.c.c.CharSequenceEncoder - [a99ed9e4-15] Writing "849. foo bar"
14:07:39.817 [reactor-http-nio-6] DEBUG o.s.c.c.CharSequenceEncoder - [a99ed9e4-15] Writing "850. foo bar"
14:07:39.817 [reactor-http-nio-6] DEBUG o.s.c.c.CharSequenceEncoder - [a99ed9e4-15] Writing "851. foo bar"
14:07:39.817 [reactor-http-nio-6] DEBUG o.s.c.c.CharSequenceEncoder - [a99ed9e4-15] Writing "852. foo bar"
14:07:39.817 [reactor-http-nio-6] DEBUG o.s.c.c.CharSequenceEncoder - [a99ed9e4-15] Writing "853. foo bar"
14:07:39.817 [reactor-http-nio-6] DEBUG o.s.c.c.CharSequenceEncoder - [a99ed9e4-15] Writing "854. foo bar"
14:07:39.817 [reactor-http-nio-6] DEBUG o.s.c.c.CharSequenceEncoder - [a99ed9e4-15] Writing "855. foo bar"
14:07:39.817 [reactor-http-nio-6] DEBUG o.s.c.c.CharSequenceEncoder - [a99ed9e4-15] Writing "856. foo bar"
14:07:39.817 [reactor-http-nio-6] DEBUG o.s.c.c.CharSequenceEncoder - [a99ed9e4-15] Writing "857. foo bar"
14:07:39.817 [reactor-http-nio-6] DEBUG o.s.c.c.CharSequenceEncoder - [a99ed9e4-15] Writing "858. foo bar"
14:07:39.817 [reactor-http-nio-6] DEBUG o.s.c.c.CharSequenceEncoder - [a99ed9e4-15] Writing "859. foo bar"
14:07:39.817 [reactor-http-nio-6] DEBUG o.s.c.c.CharSequenceEncoder - [a99ed9e4-15] Writing "860. foo bar"
14:07:39.818 [reactor-http-nio-6] DEBUG o.s.c.c.CharSequenceEncoder - [a99ed9e4-15] Writing "861. foo bar"
14:07:39.818 [reactor-http-nio-6] DEBUG o.s.c.c.CharSequenceEncoder - [a99ed9e4-15] Writing "862. foo bar"
14:07:39.818 [reactor-http-nio-6] DEBUG o.s.c.c.CharSequenceEncoder - [a99ed9e4-15] Writing "863. foo bar"
14:07:39.818 [reactor-http-nio-6] DEBUG o.s.c.c.CharSequenceEncoder - [a99ed9e4-15] Writing "864. foo bar"
14:07:39.818 [reactor-http-nio-6] DEBUG o.s.c.c.CharSequenceEncoder - [a99ed9e4-15] Writing "865. foo bar"
14:07:39.818 [reactor-http-nio-6] DEBUG o.s.c.c.CharSequenceEncoder - [a99ed9e4-15] Writing "866. foo bar"
14:07:39.818 [reactor-http-nio-6] DEBUG o.s.c.c.CharSequenceEncoder - [a99ed9e4-15] Writing "867. foo bar"
14:07:39.818 [reactor-http-nio-6] DEBUG o.s.c.c.CharSequenceEncoder - [a99ed9e4-15] Writing "868. foo bar"
14:07:39.818 [reactor-http-nio-6] DEBUG o.s.c.c.CharSequenceEncoder - [a99ed9e4-15] Writing "869. foo bar"
14:07:39.818 [reactor-http-nio-6] DEBUG o.s.c.c.CharSequenceEncoder - [a99ed9e4-15] Writing "870. foo bar"
14:07:39.818 [reactor-http-nio-6] DEBUG o.s.c.c.CharSequenceEncoder - [a99ed9e4-15] Writing "871. foo bar"
14:07:39.818 [reactor-http-nio-6] DEBUG o.s.c.c.CharSequenceEncoder - [a99ed9e4-15] Writing "872. foo bar"
14:07:39.818 [reactor-http-nio-6] DEBUG o.s.c.c.CharSequenceEncoder - [a99ed9e4-15] Writing "873. foo bar"
14:07:39.818 [reactor-http-nio-6] DEBUG o.s.c.c.CharSequenceEncoder - [a99ed9e4-15] Writing "874. foo bar"
14:07:39.818 [reactor-http-nio-6] DEBUG o.s.c.c.CharSequenceEncoder - [a99ed9e4-15] Writing "875. foo bar"
14:07:39.818 [reactor-http-nio-6] DEBUG o.s.c.c.CharSequenceEncoder - [a99ed9e4-15] Writing "876. foo bar"
14:07:39.819 [reactor-http-nio-6] DEBUG o.s.c.c.CharSequenceEncoder - [a99ed9e4-15] Writing "877. foo bar"
14:07:39.819 [reactor-http-nio-6] DEBUG o.s.c.c.CharSequenceEncoder - [a99ed9e4-15] Writing "878. foo bar"
14:07:39.819 [reactor-http-nio-6] DEBUG o.s.c.c.CharSequenceEncoder - [a99ed9e4-15] Writing "879. foo bar"
14:07:39.819 [reactor-http-nio-6] DEBUG o.s.c.c.CharSequenceEncoder - [a99ed9e4-15] Writing "880. foo bar"
14:07:39.819 [reactor-http-nio-6] DEBUG o.s.c.c.CharSequenceEncoder - [a99ed9e4-15] Writing "881. foo bar"
14:07:39.819 [reactor-http-nio-6] DEBUG o.s.c.c.CharSequenceEncoder - [a99ed9e4-15] Writing "882. foo bar"
14:07:39.819 [reactor-http-nio-6] DEBUG o.s.c.c.CharSequenceEncoder - [a99ed9e4-15] Writing "883. foo bar"
14:07:39.819 [reactor-http-nio-6] DEBUG o.s.c.c.CharSequenceEncoder - [a99ed9e4-15] Writing "884. foo bar"
14:07:39.819 [reactor-http-nio-6] DEBUG o.s.c.c.CharSequenceEncoder - [a99ed9e4-15] Writing "885. foo bar"
14:07:39.819 [reactor-http-nio-6] DEBUG o.s.c.c.CharSequenceEncoder - [a99ed9e4-15] Writing "886. foo bar"
14:07:39.819 [reactor-http-nio-6] DEBUG o.s.c.c.CharSequenceEncoder - [a99ed9e4-15] Writing "887. foo bar"
14:07:39.819 [reactor-http-nio-6] DEBUG o.s.c.c.CharSequenceEncoder - [a99ed9e4-15] Writing "888. foo bar"
14:07:39.819 [reactor-http-nio-6] DEBUG o.s.c.c.CharSequenceEncoder - [a99ed9e4-15] Writing "889. foo bar"
14:07:39.819 [reactor-http-nio-6] DEBUG o.s.c.c.CharSequenceEncoder - [a99ed9e4-15] Writing "890. foo bar"
14:07:39.819 [reactor-http-nio-6] DEBUG o.s.c.c.CharSequenceEncoder - [a99ed9e4-15] Writing "891. foo bar"
14:07:39.819 [reactor-http-nio-6] DEBUG o.s.c.c.CharSequenceEncoder - [a99ed9e4-15] Writing "892. foo bar"
14:07:39.819 [reactor-http-nio-6] DEBUG o.s.c.c.CharSequenceEncoder - [a99ed9e4-15] Writing "893. foo bar"
14:07:39.819 [reactor-http-nio-6] DEBUG o.s.c.c.CharSequenceEncoder - [a99ed9e4-15] Writing "894. foo bar"
14:07:39.819 [reactor-http-nio-6] DEBUG o.s.c.c.CharSequenceEncoder - [a99ed9e4-15] Writing "895. foo bar"
14:07:39.820 [reactor-http-nio-6] DEBUG o.s.c.c.CharSequenceEncoder - [a99ed9e4-15] Writing "896. foo bar"
14:07:39.901 [reactor-http-nio-6] DEBUG o.s.c.c.CharSequenceEncoder - [a99ed9e4-15] Writing "897. foo bar"
14:07:39.901 [reactor-http-nio-6] DEBUG o.s.c.c.CharSequenceEncoder - [a99ed9e4-15] Writing "898. foo bar"
14:07:39.901 [reactor-http-nio-6] DEBUG o.s.c.c.CharSequenceEncoder - [a99ed9e4-15] Writing "899. foo bar"
14:07:39.901 [reactor-http-nio-6] DEBUG o.s.c.c.CharSequenceEncoder - [a99ed9e4-15] Writing "900. foo bar"
14:07:39.901 [reactor-http-nio-6] DEBUG o.s.c.c.CharSequenceEncoder - [a99ed9e4-15] Writing "901. foo bar"
14:07:39.901 [reactor-http-nio-6] DEBUG o.s.c.c.CharSequenceEncoder - [a99ed9e4-15] Writing "902. foo bar"
14:07:39.901 [reactor-http-nio-6] DEBUG o.s.c.c.CharSequenceEncoder - [a99ed9e4-15] Writing "903. foo bar"
14:07:39.901 [reactor-http-nio-6] DEBUG o.s.c.c.CharSequenceEncoder - [a99ed9e4-15] Writing "904. foo bar"
14:07:39.901 [reactor-http-nio-6] DEBUG o.s.c.c.CharSequenceEncoder - [a99ed9e4-15] Writing "905. foo bar"
14:07:39.901 [reactor-http-nio-6] DEBUG o.s.c.c.CharSequenceEncoder - [a99ed9e4-15] Writing "906. foo bar"
14:07:39.901 [reactor-http-nio-6] DEBUG o.s.c.c.CharSequenceEncoder - [a99ed9e4-15] Writing "907. foo bar"
14:07:39.901 [reactor-http-nio-6] DEBUG o.s.c.c.CharSequenceEncoder - [a99ed9e4-15] Writing "908. foo bar"
14:07:39.901 [reactor-http-nio-6] DEBUG o.s.c.c.CharSequenceEncoder - [a99ed9e4-15] Writing "909. foo bar"
14:07:39.901 [reactor-http-nio-6] DEBUG o.s.c.c.CharSequenceEncoder - [a99ed9e4-15] Writing "910. foo bar"
14:07:39.901 [reactor-http-nio-6] DEBUG o.s.c.c.CharSequenceEncoder - [a99ed9e4-15] Writing "911. foo bar"
14:07:39.902 [reactor-http-nio-6] DEBUG o.s.c.c.CharSequenceEncoder - [a99ed9e4-15] Writing "912. foo bar"
14:07:39.902 [reactor-http-nio-6] DEBUG o.s.c.c.CharSequenceEncoder - [a99ed9e4-15] Writing "913. foo bar"
14:07:39.902 [reactor-http-nio-6] DEBUG o.s.c.c.CharSequenceEncoder - [a99ed9e4-15] Writing "914. foo bar"
14:07:39.902 [reactor-http-nio-6] DEBUG o.s.c.c.CharSequenceEncoder - [a99ed9e4-15] Writing "915. foo bar"
14:07:39.902 [reactor-http-nio-6] DEBUG o.s.c.c.CharSequenceEncoder - [a99ed9e4-15] Writing "916. foo bar"
14:07:39.902 [reactor-http-nio-6] DEBUG o.s.c.c.CharSequenceEncoder - [a99ed9e4-15] Writing "917. foo bar"
14:07:39.902 [reactor-http-nio-6] DEBUG o.s.c.c.CharSequenceEncoder - [a99ed9e4-15] Writing "918. foo bar"
14:07:39.902 [reactor-http-nio-6] DEBUG o.s.c.c.CharSequenceEncoder - [a99ed9e4-15] Writing "919. foo bar"
14:07:39.902 [reactor-http-nio-6] DEBUG o.s.c.c.CharSequenceEncoder - [a99ed9e4-15] Writing "920. foo bar"
14:07:39.902 [reactor-http-nio-6] DEBUG o.s.c.c.CharSequenceEncoder - [a99ed9e4-15] Writing "921. foo bar"
14:07:39.902 [reactor-http-nio-6] DEBUG o.s.c.c.CharSequenceEncoder - [a99ed9e4-15] Writing "922. foo bar"
14:07:39.902 [reactor-http-nio-6] DEBUG o.s.c.c.CharSequenceEncoder - [a99ed9e4-15] Writing "923. foo bar"
14:07:39.902 [reactor-http-nio-6] DEBUG o.s.c.c.CharSequenceEncoder - [a99ed9e4-15] Writing "924. foo bar"
14:07:39.902 [reactor-http-nio-6] DEBUG o.s.c.c.CharSequenceEncoder - [a99ed9e4-15] Writing "925. foo bar"
14:07:39.902 [reactor-http-nio-6] DEBUG o.s.c.c.CharSequenceEncoder - [a99ed9e4-15] Writing "926. foo bar"
14:07:39.902 [reactor-http-nio-6] DEBUG o.s.c.c.CharSequenceEncoder - [a99ed9e4-15] Writing "927. foo bar"
14:07:39.902 [reactor-http-nio-6] DEBUG o.s.c.c.CharSequenceEncoder - [a99ed9e4-15] Writing "928. foo bar"
14:07:39.902 [reactor-http-nio-6] DEBUG o.s.c.c.CharSequenceEncoder - [a99ed9e4-15] Writing "929. foo bar"
14:07:39.902 [reactor-http-nio-6] DEBUG o.s.c.c.CharSequenceEncoder - [a99ed9e4-15] Writing "930. foo bar"
14:07:39.903 [reactor-http-nio-6] DEBUG o.s.c.c.CharSequenceEncoder - [a99ed9e4-15] Writing "931. foo bar"
14:07:39.903 [reactor-http-nio-6] DEBUG o.s.c.c.CharSequenceEncoder - [a99ed9e4-15] Writing "932. foo bar"
14:07:39.903 [reactor-http-nio-6] DEBUG o.s.c.c.CharSequenceEncoder - [a99ed9e4-15] Writing "933. foo bar"
14:07:39.903 [reactor-http-nio-6] DEBUG o.s.c.c.CharSequenceEncoder - [a99ed9e4-15] Writing "934. foo bar"
14:07:39.903 [reactor-http-nio-6] DEBUG o.s.c.c.CharSequenceEncoder - [a99ed9e4-15] Writing "935. foo bar"
14:07:39.903 [reactor-http-nio-6] DEBUG o.s.c.c.CharSequenceEncoder - [a99ed9e4-15] Writing "936. foo bar"
14:07:39.916 [reactor-http-nio-6] DEBUG o.s.c.c.CharSequenceEncoder - [a99ed9e4-15] Writing "937. foo bar"
14:07:39.917 [reactor-http-nio-6] DEBUG o.s.c.c.CharSequenceEncoder - [a99ed9e4-15] Writing "938. foo bar"
14:07:39.917 [reactor-http-nio-6] DEBUG o.s.c.c.CharSequenceEncoder - [a99ed9e4-15] Writing "939. foo bar"
14:07:39.917 [reactor-http-nio-6] DEBUG o.s.c.c.CharSequenceEncoder - [a99ed9e4-15] Writing "940. foo bar"
14:07:39.918 [reactor-http-nio-6] DEBUG o.s.c.c.CharSequenceEncoder - [a99ed9e4-15] Writing "941. foo bar"
14:07:39.919 [reactor-http-nio-6] DEBUG o.s.c.c.CharSequenceEncoder - [a99ed9e4-15] Writing "942. foo bar"
14:07:39.920 [reactor-http-nio-6] DEBUG o.s.c.c.CharSequenceEncoder - [a99ed9e4-15] Writing "943. foo bar"
14:07:39.920 [reactor-http-nio-6] DEBUG o.s.c.c.CharSequenceEncoder - [a99ed9e4-15] Writing "944. foo bar"
14:07:39.921 [reactor-http-nio-6] DEBUG o.s.c.c.CharSequenceEncoder - [a99ed9e4-15] Writing "945. foo bar"
14:07:39.935 [reactor-http-nio-6] DEBUG o.s.c.c.CharSequenceEncoder - [a99ed9e4-15] Writing "946. foo bar"
14:07:39.936 [reactor-http-nio-6] DEBUG o.s.c.c.CharSequenceEncoder - [a99ed9e4-15] Writing "947. foo bar"
14:07:39.937 [reactor-http-nio-6] DEBUG o.s.c.c.CharSequenceEncoder - [a99ed9e4-15] Writing "948. foo bar"
14:07:39.937 [reactor-http-nio-6] DEBUG o.s.c.c.CharSequenceEncoder - [a99ed9e4-15] Writing "949. foo bar"
14:07:39.937 [reactor-http-nio-6] DEBUG o.s.c.c.CharSequenceEncoder - [a99ed9e4-15] Writing "950. foo bar"
14:07:39.937 [reactor-http-nio-6] DEBUG o.s.c.c.CharSequenceEncoder - [a99ed9e4-15] Writing "951. foo bar"
14:07:39.937 [reactor-http-nio-6] DEBUG o.s.c.c.CharSequenceEncoder - [a99ed9e4-15] Writing "952. foo bar"
14:07:39.937 [reactor-http-nio-6] DEBUG o.s.c.c.CharSequenceEncoder - [a99ed9e4-15] Writing "953. foo bar"
14:07:39.937 [reactor-http-nio-6] DEBUG o.s.c.c.CharSequenceEncoder - [a99ed9e4-15] Writing "954. foo bar"
14:07:39.937 [reactor-http-nio-6] DEBUG o.s.c.c.CharSequenceEncoder - [a99ed9e4-15] Writing "955. foo bar"
14:07:39.937 [reactor-http-nio-6] DEBUG o.s.c.c.CharSequenceEncoder - [a99ed9e4-15] Writing "956. foo bar"
14:07:39.937 [reactor-http-nio-6] DEBUG o.s.c.c.CharSequenceEncoder - [a99ed9e4-15] Writing "957. foo bar"
14:07:39.937 [reactor-http-nio-6] DEBUG o.s.c.c.CharSequenceEncoder - [a99ed9e4-15] Writing "958. foo bar"
14:07:39.937 [reactor-http-nio-6] DEBUG o.s.c.c.CharSequenceEncoder - [a99ed9e4-15] Writing "959. foo bar"
14:07:39.937 [reactor-http-nio-6] DEBUG o.s.c.c.CharSequenceEncoder - [a99ed9e4-15] Writing "960. foo bar"
14:07:39.946 [reactor-http-nio-6] DEBUG o.s.c.c.CharSequenceEncoder - [a99ed9e4-15] Writing "961. foo bar"
14:07:39.946 [reactor-http-nio-6] DEBUG o.s.c.c.CharSequenceEncoder - [a99ed9e4-15] Writing "962. foo bar"
14:07:39.946 [reactor-http-nio-6] DEBUG o.s.c.c.CharSequenceEncoder - [a99ed9e4-15] Writing "963. foo bar"
14:07:39.946 [reactor-http-nio-6] DEBUG o.s.c.c.CharSequenceEncoder - [a99ed9e4-15] Writing "964. foo bar"
14:07:39.946 [reactor-http-nio-6] DEBUG o.s.c.c.CharSequenceEncoder - [a99ed9e4-15] Writing "965. foo bar"
14:07:39.962 [reactor-http-nio-6] DEBUG o.s.c.c.CharSequenceEncoder - [a99ed9e4-15] Writing "966. foo bar"
14:07:39.963 [reactor-http-nio-6] DEBUG o.s.c.c.CharSequenceEncoder - [a99ed9e4-15] Writing "967. foo bar"
14:07:39.963 [reactor-http-nio-6] DEBUG o.s.c.c.CharSequenceEncoder - [a99ed9e4-15] Writing "968. foo bar"
14:07:39.963 [reactor-http-nio-6] DEBUG o.s.c.c.CharSequenceEncoder - [a99ed9e4-15] Writing "969. foo bar"
14:07:39.963 [reactor-http-nio-6] DEBUG o.s.c.c.CharSequenceEncoder - [a99ed9e4-15] Writing "970. foo bar"
14:07:39.963 [reactor-http-nio-6] DEBUG o.s.c.c.CharSequenceEncoder - [a99ed9e4-15] Writing "971. foo bar"
14:07:39.963 [reactor-http-nio-6] DEBUG o.s.c.c.CharSequenceEncoder - [a99ed9e4-15] Writing "972. foo bar"
14:07:39.963 [reactor-http-nio-6] DEBUG o.s.c.c.CharSequenceEncoder - [a99ed9e4-15] Writing "973. foo bar"
14:07:39.963 [reactor-http-nio-6] DEBUG o.s.c.c.CharSequenceEncoder - [a99ed9e4-15] Writing "974. foo bar"
14:07:39.963 [reactor-http-nio-6] DEBUG o.s.c.c.CharSequenceEncoder - [a99ed9e4-15] Writing "975. foo bar"
14:07:39.963 [reactor-http-nio-6] DEBUG o.s.c.c.CharSequenceEncoder - [a99ed9e4-15] Writing "976. foo bar"
14:07:39.963 [reactor-http-nio-6] DEBUG o.s.c.c.CharSequenceEncoder - [a99ed9e4-15] Writing "977. foo bar"
14:07:39.963 [reactor-http-nio-6] DEBUG o.s.c.c.CharSequenceEncoder - [a99ed9e4-15] Writing "978. foo bar"
14:07:39.963 [reactor-http-nio-6] DEBUG o.s.c.c.CharSequenceEncoder - [a99ed9e4-15] Writing "979. foo bar"
14:07:39.963 [reactor-http-nio-6] DEBUG o.s.c.c.CharSequenceEncoder - [a99ed9e4-15] Writing "980. foo bar"
14:07:39.963 [reactor-http-nio-6] DEBUG o.s.c.c.CharSequenceEncoder - [a99ed9e4-15] Writing "981. foo bar"
14:07:39.963 [reactor-http-nio-6] DEBUG o.s.c.c.CharSequenceEncoder - [a99ed9e4-15] Writing "982. foo bar"
14:07:39.964 [reactor-http-nio-6] DEBUG o.s.c.c.CharSequenceEncoder - [a99ed9e4-15] Writing "983. foo bar"
14:07:39.964 [reactor-http-nio-6] DEBUG o.s.c.c.CharSequenceEncoder - [a99ed9e4-15] Writing "984. foo bar"
14:07:39.964 [reactor-http-nio-6] DEBUG o.s.c.c.CharSequenceEncoder - [a99ed9e4-15] Writing "985. foo bar"
14:07:39.964 [reactor-http-nio-6] DEBUG o.s.c.c.CharSequenceEncoder - [a99ed9e4-15] Writing "986. foo bar"
14:07:39.964 [reactor-http-nio-6] DEBUG o.s.c.c.CharSequenceEncoder - [a99ed9e4-15] Writing "987. foo bar"
14:07:39.964 [reactor-http-nio-6] DEBUG o.s.c.c.CharSequenceEncoder - [a99ed9e4-15] Writing "988. foo bar"
14:07:39.964 [reactor-http-nio-6] DEBUG o.s.c.c.CharSequenceEncoder - [a99ed9e4-15] Writing "989. foo bar"
14:07:39.964 [reactor-http-nio-6] DEBUG o.s.c.c.CharSequenceEncoder - [a99ed9e4-15] Writing "990. foo bar"
14:07:39.964 [reactor-http-nio-6] DEBUG o.s.c.c.CharSequenceEncoder - [a99ed9e4-15] Writing "991. foo bar"
14:07:39.964 [reactor-http-nio-6] DEBUG o.s.c.c.CharSequenceEncoder - [a99ed9e4-15] Writing "992. foo bar"
14:07:39.964 [reactor-http-nio-6] DEBUG o.s.c.c.CharSequenceEncoder - [a99ed9e4-15] Writing "993. foo bar"
14:07:39.964 [reactor-http-nio-6] DEBUG o.s.c.c.CharSequenceEncoder - [a99ed9e4-15] Writing "994. foo bar"
14:07:39.964 [reactor-http-nio-6] DEBUG o.s.c.c.CharSequenceEncoder - [a99ed9e4-15] Writing "995. foo bar"
14:07:39.964 [reactor-http-nio-6] DEBUG o.s.c.c.CharSequenceEncoder - [a99ed9e4-15] Writing "996. foo bar"
14:07:39.964 [reactor-http-nio-6] DEBUG o.s.c.c.CharSequenceEncoder - [a99ed9e4-15] Writing "997. foo bar"
14:07:39.964 [reactor-http-nio-6] DEBUG o.s.c.c.CharSequenceEncoder - [a99ed9e4-15] Writing "998. foo bar"
14:07:39.964 [reactor-http-nio-6] DEBUG o.s.c.c.CharSequenceEncoder - [a99ed9e4-15] Writing "999. foo bar"
14:07:39.985 [reactor-http-nio-6] ERROR o.s.w.s.a.HttpWebHandlerAdapter - [a99ed9e4-15] Error [java.lang.RuntimeException: Random error] for HTTP GET "/SPR-16051", but ServerHttpResponse already committed (200 OK)
14:07:39.986 [reactor-http-nio-6] ERROR r.n.h.s.HttpServerOperations - [id: 0xa99ed9e4, L:/127.0.0.1:60784 - R:/127.0.0.1:60785] Error finishing response. Closing connection
java.lang.RuntimeException: Random error
	at org.springframework.web.reactive.result.method.annotation.RequestMappingExceptionHandlingIntegrationTests$TestController.lambda$errors$0(RequestMappingExceptionHandlingIntegrationTests.java:154) ~[test/:?]
	Suppressed: reactor.core.publisher.FluxOnAssembly$OnAssemblyException: 
Error has been observed at the following site(s):
	|_ checkpoint ⇢ Handler org.springframework.web.reactive.result.method.annotation.RequestMappingExceptionHandlingIntegrationTests$TestController#errors() [DispatcherHandler]
	|_ checkpoint ⇢ HTTP GET "/SPR-16051" [ExceptionHandlingWebHandler]
Stack trace:
		at org.springframework.web.reactive.result.method.annotation.RequestMappingExceptionHandlingIntegrationTests$TestController.lambda$errors$0(RequestMappingExceptionHandlingIntegrationTests.java:154) ~[test/:?]
		at reactor.core.publisher.FluxMapFuseable$MapFuseableSubscriber.onNext(FluxMapFuseable.java:107) ~[reactor-core-3.4.0-SNAPSHOT.jar:3.4.0-SNAPSHOT]
		at reactor.core.publisher.FluxRange$RangeSubscription.slowPath(FluxRange.java:154) ~[reactor-core-3.4.0-SNAPSHOT.jar:3.4.0-SNAPSHOT]
		at reactor.core.publisher.FluxRange$RangeSubscription.request(FluxRange.java:109) ~[reactor-core-3.4.0-SNAPSHOT.jar:3.4.0-SNAPSHOT]
		at reactor.core.publisher.FluxMapFuseable$MapFuseableSubscriber.request(FluxMapFuseable.java:162) ~[reactor-core-3.4.0-SNAPSHOT.jar:3.4.0-SNAPSHOT]
		at reactor.core.publisher.FluxMapFuseable$MapFuseableSubscriber.request(FluxMapFuseable.java:162) ~[reactor-core-3.4.0-SNAPSHOT.jar:3.4.0-SNAPSHOT]
		at org.springframework.http.server.reactive.ChannelSendOperator$WriteBarrier.request(ChannelSendOperator.java:272) ~[spring-web-5.3.0-SNAPSHOT.jar:5.3.0-SNAPSHOT]
		at reactor.core.publisher.FluxMap$MapSubscriber.request(FluxMap.java:155) ~[reactor-core-3.4.0-SNAPSHOT.jar:3.4.0-SNAPSHOT]
		at reactor.netty.channel.MonoSendMany$SendManyInner.run(MonoSendMany.java:330) [reactor-netty-1.0.0-SNAPSHOT.jar:1.0.0-SNAPSHOT]
		at reactor.netty.channel.MonoSendMany$SendManyInner.trySchedule(MonoSendMany.java:382) [reactor-netty-1.0.0-SNAPSHOT.jar:1.0.0-SNAPSHOT]
		at reactor.netty.channel.MonoSendMany$SendManyInner.trySuccess(MonoSendMany.java:534) [reactor-netty-1.0.0-SNAPSHOT.jar:1.0.0-SNAPSHOT]
		at reactor.netty.channel.MonoSendMany$SendManyInner.trySuccess(MonoSendMany.java:93) [reactor-netty-1.0.0-SNAPSHOT.jar:1.0.0-SNAPSHOT]
		at io.netty.util.concurrent.PromiseCombiner.tryPromise(PromiseCombiner.java:170) [netty-common-4.1.50.Final.jar:4.1.50.Final]
		at io.netty.util.concurrent.PromiseCombiner.access$600(PromiseCombiner.java:35) [netty-common-4.1.50.Final.jar:4.1.50.Final]
		at io.netty.util.concurrent.PromiseCombiner$1.operationComplete0(PromiseCombiner.java:62) [netty-common-4.1.50.Final.jar:4.1.50.Final]
		at io.netty.util.concurrent.PromiseCombiner$1.operationComplete(PromiseCombiner.java:44) [netty-common-4.1.50.Final.jar:4.1.50.Final]
		at io.netty.util.concurrent.DefaultPromise.notifyListener0(DefaultPromise.java:577) [netty-common-4.1.50.Final.jar:4.1.50.Final]
		at io.netty.util.concurrent.DefaultPromise.notifyListenersNow(DefaultPromise.java:551) [netty-common-4.1.50.Final.jar:4.1.50.Final]
		at io.netty.util.concurrent.DefaultPromise.notifyListeners(DefaultPromise.java:490) [netty-common-4.1.50.Final.jar:4.1.50.Final]
		at io.netty.util.concurrent.DefaultPromise.setValue0(DefaultPromise.java:615) [netty-common-4.1.50.Final.jar:4.1.50.Final]
		at io.netty.util.concurrent.DefaultPromise.setSuccess0(DefaultPromise.java:604) [netty-common-4.1.50.Final.jar:4.1.50.Final]
		at io.netty.util.concurrent.DefaultPromise.trySuccess(DefaultPromise.java:104) [netty-common-4.1.50.Final.jar:4.1.50.Final]
		at io.netty.util.internal.PromiseNotificationUtil.trySuccess(PromiseNotificationUtil.java:48) [netty-common-4.1.50.Final.jar:4.1.50.Final]
		at io.netty.channel.ChannelOutboundBuffer.safeSuccess(ChannelOutboundBuffer.java:717) [netty-transport-4.1.50.Final.jar:4.1.50.Final]
		at io.netty.channel.ChannelOutboundBuffer.remove(ChannelOutboundBuffer.java:272) [netty-transport-4.1.50.Final.jar:4.1.50.Final]
		at io.netty.channel.ChannelOutboundBuffer.removeBytes(ChannelOutboundBuffer.java:352) [netty-transport-4.1.50.Final.jar:4.1.50.Final]
		at io.netty.channel.socket.nio.NioSocketChannel.doWrite(NioSocketChannel.java:431) [netty-transport-4.1.50.Final.jar:4.1.50.Final]
		at io.netty.channel.AbstractChannel$AbstractUnsafe.flush0(AbstractChannel.java:930) [netty-transport-4.1.50.Final.jar:4.1.50.Final]
		at io.netty.channel.nio.AbstractNioChannel$AbstractNioUnsafe.flush0(AbstractNioChannel.java:354) [netty-transport-4.1.50.Final.jar:4.1.50.Final]
		at io.netty.channel.AbstractChannel$AbstractUnsafe.flush(AbstractChannel.java:897) [netty-transport-4.1.50.Final.jar:4.1.50.Final]
		at io.netty.channel.DefaultChannelPipeline$HeadContext.flush(DefaultChannelPipeline.java:1372) [netty-transport-4.1.50.Final.jar:4.1.50.Final]
		at io.netty.channel.AbstractChannelHandlerContext.invokeFlush0(AbstractChannelHandlerContext.java:750) [netty-transport-4.1.50.Final.jar:4.1.50.Final]
		at io.netty.channel.AbstractChannelHandlerContext.invokeFlush(AbstractChannelHandlerContext.java:742) [netty-transport-4.1.50.Final.jar:4.1.50.Final]
		at io.netty.channel.AbstractChannelHandlerContext.flush(AbstractChannelHandlerContext.java:728) [netty-transport-4.1.50.Final.jar:4.1.50.Final]
		at io.netty.channel.CombinedChannelDuplexHandler$DelegatingChannelHandlerContext.flush(CombinedChannelDuplexHandler.java:531) [netty-transport-4.1.50.Final.jar:4.1.50.Final]
		at io.netty.channel.ChannelOutboundHandlerAdapter.flush(ChannelOutboundHandlerAdapter.java:125) [netty-transport-4.1.50.Final.jar:4.1.50.Final]
		at io.netty.channel.CombinedChannelDuplexHandler.flush(CombinedChannelDuplexHandler.java:356) [netty-transport-4.1.50.Final.jar:4.1.50.Final]
		at io.netty.channel.AbstractChannelHandlerContext.invokeFlush0(AbstractChannelHandlerContext.java:750) [netty-transport-4.1.50.Final.jar:4.1.50.Final]
		at io.netty.channel.AbstractChannelHandlerContext.invokeFlush(AbstractChannelHandlerContext.java:742) [netty-transport-4.1.50.Final.jar:4.1.50.Final]
		at io.netty.channel.AbstractChannelHandlerContext.flush(AbstractChannelHandlerContext.java:728) [netty-transport-4.1.50.Final.jar:4.1.50.Final]
		at reactor.netty.channel.MonoSendMany$SendManyInner$AsyncFlush.run(MonoSendMany.java:632) [reactor-netty-1.0.0-SNAPSHOT.jar:1.0.0-SNAPSHOT]
		at io.netty.util.concurrent.AbstractEventExecutor.safeExecute(AbstractEventExecutor.java:164) [netty-common-4.1.50.Final.jar:4.1.50.Final]
		at io.netty.util.concurrent.SingleThreadEventExecutor.runAllTasks(SingleThreadEventExecutor.java:472) [netty-common-4.1.50.Final.jar:4.1.50.Final]
		at io.netty.channel.nio.NioEventLoop.run(NioEventLoop.java:497) [netty-transport-4.1.50.Final.jar:4.1.50.Final]
		at io.netty.util.concurrent.SingleThreadEventExecutor$4.run(SingleThreadEventExecutor.java:989) [netty-common-4.1.50.Final.jar:4.1.50.Final]
		at io.netty.util.internal.ThreadExecutorMap$2.run(ThreadExecutorMap.java:74) [netty-common-4.1.50.Final.jar:4.1.50.Final]
		at io.netty.util.concurrent.FastThreadLocalRunnable.run(FastThreadLocalRunnable.java:30) [netty-common-4.1.50.Final.jar:4.1.50.Final]
		at java.lang.Thread.run(Thread.java:745) [?:1.8.0_73]
14:07:40.002 [Test worker] DEBUG o.s.w.t.h.s.r.b.ReactorHttpServer - Stopping ReactorHttpServer...
14:07:40.003 [Test worker] DEBUG o.s.w.t.h.s.r.b.ReactorHttpServer - Server stopped (0 millis).
14:07:40.051 [Test worker] DEBUG o.s.w.r.r.m.a.RequestMappingHandlerMapping - 6 mappings in 'requestMappingHandlerMapping'
14:07:40.073 [Test worker] DEBUG o.s.w.r.r.m.a.ControllerMethodResolver - ControllerAdvice beans: none
14:07:40.091 [Test worker] DEBUG o.s.w.s.a.HttpWebHandlerAdapter - enableLoggingRequestDetails='false': form data and headers will be masked to prevent unsafe logging of potentially sensitive data
14:07:40.092 [Test worker] DEBUG o.s.w.t.h.s.r.b.TomcatHttpServer - Starting TomcatHttpServer...
14:07:40.101 [Test worker] DEBUG o.s.w.t.h.s.r.b.TomcatHttpServer - Server started on port 60786(0 millis).
14:07:40.102 [Test worker] DEBUG o.s.w.c.RestTemplate - HTTP GET http://localhost:60786/SPR-16051
14:07:40.102 [Test worker] DEBUG o.s.w.c.RestTemplate - Accept=[text/plain, application/json, application/x-jackson-smile, application/*+json, */*]
14:07:40.106 [http-nio-auto-15-exec-1] DEBUG o.s.w.s.a.HttpWebHandlerAdapter - [df4dd4f] HTTP GET "/SPR-16051"
14:07:40.106 [http-nio-auto-15-exec-1] DEBUG o.s.w.r.r.m.a.RequestMappingHandlerMapping - [df4dd4f] Mapped to org.springframework.web.reactive.result.method.annotation.RequestMappingExceptionHandlingIntegrationTests$TestController#errors()
14:07:40.107 [http-nio-auto-15-exec-1] DEBUG o.s.w.r.r.m.a.ResponseBodyResultHandler - Using 'text/plain;charset=UTF-8' given [text/plain, application/json, application/x-jackson-smile, application/*+json, */*] and supported [text/plain;charset=UTF-8, text/event-stream, text/plain;charset=UTF-8, */*]
14:07:40.107 [http-nio-auto-15-exec-1] DEBUG o.s.w.r.r.m.a.ResponseBodyResultHandler - [df4dd4f] 0..N [java.lang.String]
14:07:40.107 [http-nio-auto-15-exec-1] DEBUG o.s.c.c.CharSequenceEncoder - [df4dd4f] Writing "1. foo bar"
14:07:40.108 [http-nio-auto-15-exec-1] DEBUG o.s.c.c.CharSequenceEncoder - [df4dd4f] Writing "2. foo bar"
14:07:40.108 [http-nio-auto-15-exec-1] DEBUG o.s.c.c.CharSequenceEncoder - [df4dd4f] Writing "3. foo bar"
14:07:40.108 [http-nio-auto-15-exec-1] DEBUG o.s.c.c.CharSequenceEncoder - [df4dd4f] Writing "4. foo bar"
14:07:40.108 [http-nio-auto-15-exec-1] DEBUG o.s.c.c.CharSequenceEncoder - [df4dd4f] Writing "5. foo bar"
14:07:40.108 [http-nio-auto-15-exec-1] DEBUG o.s.c.c.CharSequenceEncoder - [df4dd4f] Writing "6. foo bar"
14:07:40.108 [http-nio-auto-15-exec-1] DEBUG o.s.c.c.CharSequenceEncoder - [df4dd4f] Writing "7. foo bar"
14:07:40.108 [http-nio-auto-15-exec-1] DEBUG o.s.c.c.CharSequenceEncoder - [df4dd4f] Writing "8. foo bar"
14:07:40.108 [http-nio-auto-15-exec-1] DEBUG o.s.c.c.CharSequenceEncoder - [df4dd4f] Writing "9. foo bar"
14:07:40.108 [http-nio-auto-15-exec-1] DEBUG o.s.c.c.CharSequenceEncoder - [df4dd4f] Writing "10. foo bar"
14:07:40.108 [http-nio-auto-15-exec-1] DEBUG o.s.c.c.CharSequenceEncoder - [df4dd4f] Writing "11. foo bar"
14:07:40.108 [http-nio-auto-15-exec-1] DEBUG o.s.c.c.CharSequenceEncoder - [df4dd4f] Writing "12. foo bar"
14:07:40.108 [http-nio-auto-15-exec-1] DEBUG o.s.c.c.CharSequenceEncoder - [df4dd4f] Writing "13. foo bar"
14:07:40.108 [http-nio-auto-15-exec-1] DEBUG o.s.c.c.CharSequenceEncoder - [df4dd4f] Writing "14. foo bar"
14:07:40.108 [http-nio-auto-15-exec-1] DEBUG o.s.c.c.CharSequenceEncoder - [df4dd4f] Writing "15. foo bar"
14:07:40.108 [http-nio-auto-15-exec-1] DEBUG o.s.c.c.CharSequenceEncoder - [df4dd4f] Writing "16. foo bar"
14:07:40.108 [http-nio-auto-15-exec-1] DEBUG o.s.c.c.CharSequenceEncoder - [df4dd4f] Writing "17. foo bar"
14:07:40.108 [http-nio-auto-15-exec-1] DEBUG o.s.c.c.CharSequenceEncoder - [df4dd4f] Writing "18. foo bar"
14:07:40.108 [http-nio-auto-15-exec-1] DEBUG o.s.c.c.CharSequenceEncoder - [df4dd4f] Writing "19. foo bar"
14:07:40.108 [http-nio-auto-15-exec-1] DEBUG o.s.c.c.CharSequenceEncoder - [df4dd4f] Writing "20. foo bar"
14:07:40.109 [http-nio-auto-15-exec-1] DEBUG o.s.c.c.CharSequenceEncoder - [df4dd4f] Writing "21. foo bar"
14:07:40.109 [http-nio-auto-15-exec-1] DEBUG o.s.c.c.CharSequenceEncoder - [df4dd4f] Writing "22. foo bar"
14:07:40.109 [http-nio-auto-15-exec-1] DEBUG o.s.c.c.CharSequenceEncoder - [df4dd4f] Writing "23. foo bar"
14:07:40.109 [http-nio-auto-15-exec-1] DEBUG o.s.c.c.CharSequenceEncoder - [df4dd4f] Writing "24. foo bar"
14:07:40.109 [http-nio-auto-15-exec-1] DEBUG o.s.c.c.CharSequenceEncoder - [df4dd4f] Writing "25. foo bar"
14:07:40.109 [http-nio-auto-15-exec-1] DEBUG o.s.c.c.CharSequenceEncoder - [df4dd4f] Writing "26. foo bar"
14:07:40.109 [http-nio-auto-15-exec-1] DEBUG o.s.c.c.CharSequenceEncoder - [df4dd4f] Writing "27. foo bar"
14:07:40.109 [http-nio-auto-15-exec-1] DEBUG o.s.c.c.CharSequenceEncoder - [df4dd4f] Writing "28. foo bar"
14:07:40.109 [http-nio-auto-15-exec-1] DEBUG o.s.c.c.CharSequenceEncoder - [df4dd4f] Writing "29. foo bar"
14:07:40.109 [http-nio-auto-15-exec-1] DEBUG o.s.c.c.CharSequenceEncoder - [df4dd4f] Writing "30. foo bar"
14:07:40.109 [http-nio-auto-15-exec-1] DEBUG o.s.c.c.CharSequenceEncoder - [df4dd4f] Writing "31. foo bar"
14:07:40.109 [http-nio-auto-15-exec-1] DEBUG o.s.c.c.CharSequenceEncoder - [df4dd4f] Writing "32. foo bar"
14:07:40.109 [http-nio-auto-15-exec-1] DEBUG o.s.c.c.CharSequenceEncoder - [df4dd4f] Writing "33. foo bar"
14:07:40.109 [http-nio-auto-15-exec-1] DEBUG o.s.c.c.CharSequenceEncoder - [df4dd4f] Writing "34. foo bar"
14:07:40.109 [http-nio-auto-15-exec-1] DEBUG o.s.c.c.CharSequenceEncoder - [df4dd4f] Writing "35. foo bar"
14:07:40.109 [http-nio-auto-15-exec-1] DEBUG o.s.c.c.CharSequenceEncoder - [df4dd4f] Writing "36. foo bar"
14:07:40.109 [http-nio-auto-15-exec-1] DEBUG o.s.c.c.CharSequenceEncoder - [df4dd4f] Writing "37. foo bar"
14:07:40.109 [http-nio-auto-15-exec-1] DEBUG o.s.c.c.CharSequenceEncoder - [df4dd4f] Writing "38. foo bar"
14:07:40.110 [http-nio-auto-15-exec-1] DEBUG o.s.c.c.CharSequenceEncoder - [df4dd4f] Writing "39. foo bar"
14:07:40.110 [http-nio-auto-15-exec-1] DEBUG o.s.c.c.CharSequenceEncoder - [df4dd4f] Writing "40. foo bar"
14:07:40.110 [http-nio-auto-15-exec-1] DEBUG o.s.c.c.CharSequenceEncoder - [df4dd4f] Writing "41. foo bar"
14:07:40.110 [http-nio-auto-15-exec-1] DEBUG o.s.c.c.CharSequenceEncoder - [df4dd4f] Writing "42. foo bar"
14:07:40.110 [http-nio-auto-15-exec-1] DEBUG o.s.c.c.CharSequenceEncoder - [df4dd4f] Writing "43. foo bar"
14:07:40.110 [http-nio-auto-15-exec-1] DEBUG o.s.c.c.CharSequenceEncoder - [df4dd4f] Writing "44. foo bar"
14:07:40.110 [http-nio-auto-15-exec-1] DEBUG o.s.c.c.CharSequenceEncoder - [df4dd4f] Writing "45. foo bar"
14:07:40.110 [http-nio-auto-15-exec-1] DEBUG o.s.c.c.CharSequenceEncoder - [df4dd4f] Writing "46. foo bar"
14:07:40.110 [http-nio-auto-15-exec-1] DEBUG o.s.c.c.CharSequenceEncoder - [df4dd4f] Writing "47. foo bar"
14:07:40.110 [http-nio-auto-15-exec-1] DEBUG o.s.c.c.CharSequenceEncoder - [df4dd4f] Writing "48. foo bar"
14:07:40.110 [http-nio-auto-15-exec-1] DEBUG o.s.c.c.CharSequenceEncoder - [df4dd4f] Writing "49. foo bar"
14:07:40.110 [http-nio-auto-15-exec-1] DEBUG o.s.c.c.CharSequenceEncoder - [df4dd4f] Writing "50. foo bar"
14:07:40.110 [http-nio-auto-15-exec-1] DEBUG o.s.c.c.CharSequenceEncoder - [df4dd4f] Writing "51. foo bar"
14:07:40.110 [http-nio-auto-15-exec-1] DEBUG o.s.c.c.CharSequenceEncoder - [df4dd4f] Writing "52. foo bar"
14:07:40.110 [http-nio-auto-15-exec-1] DEBUG o.s.c.c.CharSequenceEncoder - [df4dd4f] Writing "53. foo bar"
14:07:40.110 [http-nio-auto-15-exec-1] DEBUG o.s.c.c.CharSequenceEncoder - [df4dd4f] Writing "54. foo bar"
14:07:40.110 [http-nio-auto-15-exec-1] DEBUG o.s.c.c.CharSequenceEncoder - [df4dd4f] Writing "55. foo bar"
14:07:40.111 [http-nio-auto-15-exec-1] DEBUG o.s.c.c.CharSequenceEncoder - [df4dd4f] Writing "56. foo bar"
14:07:40.111 [http-nio-auto-15-exec-1] DEBUG o.s.c.c.CharSequenceEncoder - [df4dd4f] Writing "57. foo bar"
14:07:40.111 [http-nio-auto-15-exec-1] DEBUG o.s.c.c.CharSequenceEncoder - [df4dd4f] Writing "58. foo bar"
14:07:40.111 [http-nio-auto-15-exec-1] DEBUG o.s.c.c.CharSequenceEncoder - [df4dd4f] Writing "59. foo bar"
14:07:40.111 [http-nio-auto-15-exec-1] DEBUG o.s.c.c.CharSequenceEncoder - [df4dd4f] Writing "60. foo bar"
14:07:40.111 [http-nio-auto-15-exec-1] DEBUG o.s.c.c.CharSequenceEncoder - [df4dd4f] Writing "61. foo bar"
14:07:40.111 [http-nio-auto-15-exec-1] DEBUG o.s.c.c.CharSequenceEncoder - [df4dd4f] Writing "62. foo bar"
14:07:40.111 [http-nio-auto-15-exec-1] DEBUG o.s.c.c.CharSequenceEncoder - [df4dd4f] Writing "63. foo bar"
14:07:40.111 [http-nio-auto-15-exec-1] DEBUG o.s.c.c.CharSequenceEncoder - [df4dd4f] Writing "64. foo bar"
14:07:40.111 [http-nio-auto-15-exec-1] DEBUG o.s.c.c.CharSequenceEncoder - [df4dd4f] Writing "65. foo bar"
14:07:40.111 [http-nio-auto-15-exec-1] DEBUG o.s.c.c.CharSequenceEncoder - [df4dd4f] Writing "66. foo bar"
14:07:40.111 [http-nio-auto-15-exec-1] DEBUG o.s.c.c.CharSequenceEncoder - [df4dd4f] Writing "67. foo bar"
14:07:40.111 [http-nio-auto-15-exec-1] DEBUG o.s.c.c.CharSequenceEncoder - [df4dd4f] Writing "68. foo bar"
14:07:40.111 [http-nio-auto-15-exec-1] DEBUG o.s.c.c.CharSequenceEncoder - [df4dd4f] Writing "69. foo bar"
14:07:40.111 [http-nio-auto-15-exec-1] DEBUG o.s.c.c.CharSequenceEncoder - [df4dd4f] Writing "70. foo bar"
14:07:40.111 [http-nio-auto-15-exec-1] DEBUG o.s.c.c.CharSequenceEncoder - [df4dd4f] Writing "71. foo bar"
14:07:40.111 [http-nio-auto-15-exec-1] DEBUG o.s.c.c.CharSequenceEncoder - [df4dd4f] Writing "72. foo bar"
14:07:40.112 [http-nio-auto-15-exec-1] DEBUG o.s.c.c.CharSequenceEncoder - [df4dd4f] Writing "73. foo bar"
14:07:40.112 [http-nio-auto-15-exec-1] DEBUG o.s.c.c.CharSequenceEncoder - [df4dd4f] Writing "74. foo bar"
14:07:40.112 [http-nio-auto-15-exec-1] DEBUG o.s.c.c.CharSequenceEncoder - [df4dd4f] Writing "75. foo bar"
14:07:40.112 [http-nio-auto-15-exec-1] DEBUG o.s.c.c.CharSequenceEncoder - [df4dd4f] Writing "76. foo bar"
14:07:40.112 [http-nio-auto-15-exec-1] DEBUG o.s.c.c.CharSequenceEncoder - [df4dd4f] Writing "77. foo bar"
14:07:40.112 [http-nio-auto-15-exec-1] DEBUG o.s.c.c.CharSequenceEncoder - [df4dd4f] Writing "78. foo bar"
14:07:40.112 [http-nio-auto-15-exec-1] DEBUG o.s.c.c.CharSequenceEncoder - [df4dd4f] Writing "79. foo bar"
14:07:40.112 [http-nio-auto-15-exec-1] DEBUG o.s.c.c.CharSequenceEncoder - [df4dd4f] Writing "80. foo bar"
14:07:40.112 [http-nio-auto-15-exec-1] DEBUG o.s.c.c.CharSequenceEncoder - [df4dd4f] Writing "81. foo bar"
14:07:40.112 [http-nio-auto-15-exec-1] DEBUG o.s.c.c.CharSequenceEncoder - [df4dd4f] Writing "82. foo bar"
14:07:40.112 [http-nio-auto-15-exec-1] DEBUG o.s.c.c.CharSequenceEncoder - [df4dd4f] Writing "83. foo bar"
14:07:40.112 [http-nio-auto-15-exec-1] DEBUG o.s.c.c.CharSequenceEncoder - [df4dd4f] Writing "84. foo bar"
14:07:40.112 [http-nio-auto-15-exec-1] DEBUG o.s.c.c.CharSequenceEncoder - [df4dd4f] Writing "85. foo bar"
14:07:40.112 [http-nio-auto-15-exec-1] DEBUG o.s.c.c.CharSequenceEncoder - [df4dd4f] Writing "86. foo bar"
14:07:40.112 [http-nio-auto-15-exec-1] DEBUG o.s.c.c.CharSequenceEncoder - [df4dd4f] Writing "87. foo bar"
14:07:40.112 [http-nio-auto-15-exec-1] DEBUG o.s.c.c.CharSequenceEncoder - [df4dd4f] Writing "88. foo bar"
14:07:40.112 [http-nio-auto-15-exec-1] DEBUG o.s.c.c.CharSequenceEncoder - [df4dd4f] Writing "89. foo bar"
14:07:40.112 [http-nio-auto-15-exec-1] DEBUG o.s.c.c.CharSequenceEncoder - [df4dd4f] Writing "90. foo bar"
14:07:40.113 [http-nio-auto-15-exec-1] DEBUG o.s.c.c.CharSequenceEncoder - [df4dd4f] Writing "91. foo bar"
14:07:40.113 [http-nio-auto-15-exec-1] DEBUG o.s.c.c.CharSequenceEncoder - [df4dd4f] Writing "92. foo bar"
14:07:40.113 [http-nio-auto-15-exec-1] DEBUG o.s.c.c.CharSequenceEncoder - [df4dd4f] Writing "93. foo bar"
14:07:40.113 [http-nio-auto-15-exec-1] DEBUG o.s.c.c.CharSequenceEncoder - [df4dd4f] Writing "94. foo bar"
14:07:40.113 [http-nio-auto-15-exec-1] DEBUG o.s.c.c.CharSequenceEncoder - [df4dd4f] Writing "95. foo bar"
14:07:40.113 [http-nio-auto-15-exec-1] DEBUG o.s.c.c.CharSequenceEncoder - [df4dd4f] Writing "96. foo bar"
14:07:40.113 [http-nio-auto-15-exec-1] DEBUG o.s.c.c.CharSequenceEncoder - [df4dd4f] Writing "97. foo bar"
14:07:40.113 [http-nio-auto-15-exec-1] DEBUG o.s.c.c.CharSequenceEncoder - [df4dd4f] Writing "98. foo bar"
14:07:40.113 [http-nio-auto-15-exec-1] DEBUG o.s.c.c.CharSequenceEncoder - [df4dd4f] Writing "99. foo bar"
14:07:40.113 [http-nio-auto-15-exec-1] DEBUG o.s.c.c.CharSequenceEncoder - [df4dd4f] Writing "100. foo bar"
14:07:40.113 [http-nio-auto-15-exec-1] DEBUG o.s.c.c.CharSequenceEncoder - [df4dd4f] Writing "101. foo bar"
14:07:40.113 [http-nio-auto-15-exec-1] DEBUG o.s.c.c.CharSequenceEncoder - [df4dd4f] Writing "102. foo bar"
14:07:40.113 [http-nio-auto-15-exec-1] DEBUG o.s.c.c.CharSequenceEncoder - [df4dd4f] Writing "103. foo bar"
14:07:40.113 [http-nio-auto-15-exec-1] DEBUG o.s.c.c.CharSequenceEncoder - [df4dd4f] Writing "104. foo bar"
14:07:40.113 [http-nio-auto-15-exec-1] DEBUG o.s.c.c.CharSequenceEncoder - [df4dd4f] Writing "105. foo bar"
14:07:40.113 [http-nio-auto-15-exec-1] DEBUG o.s.c.c.CharSequenceEncoder - [df4dd4f] Writing "106. foo bar"
14:07:40.113 [http-nio-auto-15-exec-1] DEBUG o.s.c.c.CharSequenceEncoder - [df4dd4f] Writing "107. foo bar"
14:07:40.114 [http-nio-auto-15-exec-1] DEBUG o.s.c.c.CharSequenceEncoder - [df4dd4f] Writing "108. foo bar"
14:07:40.114 [http-nio-auto-15-exec-1] DEBUG o.s.c.c.CharSequenceEncoder - [df4dd4f] Writing "109. foo bar"
14:07:40.114 [http-nio-auto-15-exec-1] DEBUG o.s.c.c.CharSequenceEncoder - [df4dd4f] Writing "110. foo bar"
14:07:40.114 [http-nio-auto-15-exec-1] DEBUG o.s.c.c.CharSequenceEncoder - [df4dd4f] Writing "111. foo bar"
14:07:40.114 [http-nio-auto-15-exec-1] DEBUG o.s.c.c.CharSequenceEncoder - [df4dd4f] Writing "112. foo bar"
14:07:40.114 [http-nio-auto-15-exec-1] DEBUG o.s.c.c.CharSequenceEncoder - [df4dd4f] Writing "113. foo bar"
14:07:40.114 [http-nio-auto-15-exec-1] DEBUG o.s.c.c.CharSequenceEncoder - [df4dd4f] Writing "114. foo bar"
14:07:40.114 [http-nio-auto-15-exec-1] DEBUG o.s.c.c.CharSequenceEncoder - [df4dd4f] Writing "115. foo bar"
14:07:40.114 [http-nio-auto-15-exec-1] DEBUG o.s.c.c.CharSequenceEncoder - [df4dd4f] Writing "116. foo bar"
14:07:40.114 [http-nio-auto-15-exec-1] DEBUG o.s.c.c.CharSequenceEncoder - [df4dd4f] Writing "117. foo bar"
14:07:40.114 [http-nio-auto-15-exec-1] DEBUG o.s.c.c.CharSequenceEncoder - [df4dd4f] Writing "118. foo bar"
14:07:40.114 [http-nio-auto-15-exec-1] DEBUG o.s.c.c.CharSequenceEncoder - [df4dd4f] Writing "119. foo bar"
14:07:40.114 [http-nio-auto-15-exec-1] DEBUG o.s.c.c.CharSequenceEncoder - [df4dd4f] Writing "120. foo bar"
14:07:40.114 [http-nio-auto-15-exec-1] DEBUG o.s.c.c.CharSequenceEncoder - [df4dd4f] Writing "121. foo bar"
14:07:40.114 [http-nio-auto-15-exec-1] DEBUG o.s.c.c.CharSequenceEncoder - [df4dd4f] Writing "122. foo bar"
14:07:40.114 [http-nio-auto-15-exec-1] DEBUG o.s.c.c.CharSequenceEncoder - [df4dd4f] Writing "123. foo bar"
14:07:40.114 [http-nio-auto-15-exec-1] DEBUG o.s.c.c.CharSequenceEncoder - [df4dd4f] Writing "124. foo bar"
14:07:40.114 [http-nio-auto-15-exec-1] DEBUG o.s.c.c.CharSequenceEncoder - [df4dd4f] Writing "125. foo bar"
14:07:40.114 [http-nio-auto-15-exec-1] DEBUG o.s.c.c.CharSequenceEncoder - [df4dd4f] Writing "126. foo bar"
14:07:40.115 [http-nio-auto-15-exec-1] DEBUG o.s.c.c.CharSequenceEncoder - [df4dd4f] Writing "127. foo bar"
14:07:40.115 [http-nio-auto-15-exec-1] DEBUG o.s.c.c.CharSequenceEncoder - [df4dd4f] Writing "128. foo bar"
14:07:40.115 [http-nio-auto-15-exec-1] DEBUG o.s.c.c.CharSequenceEncoder - [df4dd4f] Writing "129. foo bar"
14:07:40.115 [http-nio-auto-15-exec-1] DEBUG o.s.c.c.CharSequenceEncoder - [df4dd4f] Writing "130. foo bar"
14:07:40.115 [http-nio-auto-15-exec-1] DEBUG o.s.c.c.CharSequenceEncoder - [df4dd4f] Writing "131. foo bar"
14:07:40.115 [http-nio-auto-15-exec-1] DEBUG o.s.c.c.CharSequenceEncoder - [df4dd4f] Writing "132. foo bar"
14:07:40.115 [http-nio-auto-15-exec-1] DEBUG o.s.c.c.CharSequenceEncoder - [df4dd4f] Writing "133. foo bar"
14:07:40.115 [http-nio-auto-15-exec-1] DEBUG o.s.c.c.CharSequenceEncoder - [df4dd4f] Writing "134. foo bar"
14:07:40.115 [http-nio-auto-15-exec-1] DEBUG o.s.c.c.CharSequenceEncoder - [df4dd4f] Writing "135. foo bar"
14:07:40.115 [http-nio-auto-15-exec-1] DEBUG o.s.c.c.CharSequenceEncoder - [df4dd4f] Writing "136. foo bar"
14:07:40.115 [http-nio-auto-15-exec-1] DEBUG o.s.c.c.CharSequenceEncoder - [df4dd4f] Writing "137. foo bar"
14:07:40.115 [http-nio-auto-15-exec-1] DEBUG o.s.c.c.CharSequenceEncoder - [df4dd4f] Writing "138. foo bar"
14:07:40.115 [http-nio-auto-15-exec-1] DEBUG o.s.c.c.CharSequenceEncoder - [df4dd4f] Writing "139. foo bar"
14:07:40.115 [http-nio-auto-15-exec-1] DEBUG o.s.c.c.CharSequenceEncoder - [df4dd4f] Writing "140. foo bar"
14:07:40.115 [http-nio-auto-15-exec-1] DEBUG o.s.c.c.CharSequenceEncoder - [df4dd4f] Writing "141. foo bar"
14:07:40.115 [http-nio-auto-15-exec-1] DEBUG o.s.c.c.CharSequenceEncoder - [df4dd4f] Writing "142. foo bar"
14:07:40.115 [http-nio-auto-15-exec-1] DEBUG o.s.c.c.CharSequenceEncoder - [df4dd4f] Writing "143. foo bar"
14:07:40.115 [http-nio-auto-15-exec-1] DEBUG o.s.c.c.CharSequenceEncoder - [df4dd4f] Writing "144. foo bar"
14:07:40.116 [http-nio-auto-15-exec-1] DEBUG o.s.c.c.CharSequenceEncoder - [df4dd4f] Writing "145. foo bar"
14:07:40.116 [http-nio-auto-15-exec-1] DEBUG o.s.c.c.CharSequenceEncoder - [df4dd4f] Writing "146. foo bar"
14:07:40.116 [http-nio-auto-15-exec-1] DEBUG o.s.c.c.CharSequenceEncoder - [df4dd4f] Writing "147. foo bar"
14:07:40.116 [http-nio-auto-15-exec-1] DEBUG o.s.c.c.CharSequenceEncoder - [df4dd4f] Writing "148. foo bar"
14:07:40.116 [http-nio-auto-15-exec-1] DEBUG o.s.c.c.CharSequenceEncoder - [df4dd4f] Writing "149. foo bar"
14:07:40.116 [http-nio-auto-15-exec-1] DEBUG o.s.c.c.CharSequenceEncoder - [df4dd4f] Writing "150. foo bar"
14:07:40.116 [http-nio-auto-15-exec-1] DEBUG o.s.c.c.CharSequenceEncoder - [df4dd4f] Writing "151. foo bar"
14:07:40.116 [http-nio-auto-15-exec-1] DEBUG o.s.c.c.CharSequenceEncoder - [df4dd4f] Writing "152. foo bar"
14:07:40.116 [http-nio-auto-15-exec-1] DEBUG o.s.c.c.CharSequenceEncoder - [df4dd4f] Writing "153. foo bar"
14:07:40.116 [http-nio-auto-15-exec-1] DEBUG o.s.c.c.CharSequenceEncoder - [df4dd4f] Writing "154. foo bar"
14:07:40.116 [http-nio-auto-15-exec-1] DEBUG o.s.c.c.CharSequenceEncoder - [df4dd4f] Writing "155. foo bar"
14:07:40.116 [http-nio-auto-15-exec-1] DEBUG o.s.c.c.CharSequenceEncoder - [df4dd4f] Writing "156. foo bar"
14:07:40.116 [http-nio-auto-15-exec-1] DEBUG o.s.c.c.CharSequenceEncoder - [df4dd4f] Writing "157. foo bar"
14:07:40.116 [http-nio-auto-15-exec-1] DEBUG o.s.c.c.CharSequenceEncoder - [df4dd4f] Writing "158. foo bar"
14:07:40.116 [http-nio-auto-15-exec-1] DEBUG o.s.c.c.CharSequenceEncoder - [df4dd4f] Writing "159. foo bar"
14:07:40.116 [http-nio-auto-15-exec-1] DEBUG o.s.c.c.CharSequenceEncoder - [df4dd4f] Writing "160. foo bar"
14:07:40.116 [http-nio-auto-15-exec-1] DEBUG o.s.c.c.CharSequenceEncoder - [df4dd4f] Writing "161. foo bar"
14:07:40.116 [http-nio-auto-15-exec-1] DEBUG o.s.c.c.CharSequenceEncoder - [df4dd4f] Writing "162. foo bar"
14:07:40.116 [http-nio-auto-15-exec-1] DEBUG o.s.c.c.CharSequenceEncoder - [df4dd4f] Writing "163. foo bar"
14:07:40.117 [http-nio-auto-15-exec-1] DEBUG o.s.c.c.CharSequenceEncoder - [df4dd4f] Writing "164. foo bar"
14:07:40.117 [http-nio-auto-15-exec-1] DEBUG o.s.c.c.CharSequenceEncoder - [df4dd4f] Writing "165. foo bar"
14:07:40.117 [http-nio-auto-15-exec-1] DEBUG o.s.c.c.CharSequenceEncoder - [df4dd4f] Writing "166. foo bar"
14:07:40.117 [http-nio-auto-15-exec-1] DEBUG o.s.c.c.CharSequenceEncoder - [df4dd4f] Writing "167. foo bar"
14:07:40.117 [http-nio-auto-15-exec-1] DEBUG o.s.c.c.CharSequenceEncoder - [df4dd4f] Writing "168. foo bar"
14:07:40.117 [http-nio-auto-15-exec-1] DEBUG o.s.c.c.CharSequenceEncoder - [df4dd4f] Writing "169. foo bar"
14:07:40.117 [http-nio-auto-15-exec-1] DEBUG o.s.c.c.CharSequenceEncoder - [df4dd4f] Writing "170. foo bar"
14:07:40.117 [http-nio-auto-15-exec-1] DEBUG o.s.c.c.CharSequenceEncoder - [df4dd4f] Writing "171. foo bar"
14:07:40.117 [http-nio-auto-15-exec-1] DEBUG o.s.c.c.CharSequenceEncoder - [df4dd4f] Writing "172. foo bar"
14:07:40.117 [http-nio-auto-15-exec-1] DEBUG o.s.c.c.CharSequenceEncoder - [df4dd4f] Writing "173. foo bar"
14:07:40.117 [http-nio-auto-15-exec-1] DEBUG o.s.c.c.CharSequenceEncoder - [df4dd4f] Writing "174. foo bar"
14:07:40.117 [http-nio-auto-15-exec-1] DEBUG o.s.c.c.CharSequenceEncoder - [df4dd4f] Writing "175. foo bar"
14:07:40.117 [http-nio-auto-15-exec-1] DEBUG o.s.c.c.CharSequenceEncoder - [df4dd4f] Writing "176. foo bar"
14:07:40.117 [http-nio-auto-15-exec-1] DEBUG o.s.c.c.CharSequenceEncoder - [df4dd4f] Writing "177. foo bar"
14:07:40.117 [http-nio-auto-15-exec-1] DEBUG o.s.c.c.CharSequenceEncoder - [df4dd4f] Writing "178. foo bar"
14:07:40.117 [http-nio-auto-15-exec-1] DEBUG o.s.c.c.CharSequenceEncoder - [df4dd4f] Writing "179. foo bar"
14:07:40.117 [http-nio-auto-15-exec-1] DEBUG o.s.c.c.CharSequenceEncoder - [df4dd4f] Writing "180. foo bar"
14:07:40.117 [http-nio-auto-15-exec-1] DEBUG o.s.c.c.CharSequenceEncoder - [df4dd4f] Writing "181. foo bar"
14:07:40.117 [http-nio-auto-15-exec-1] DEBUG o.s.c.c.CharSequenceEncoder - [df4dd4f] Writing "182. foo bar"
14:07:40.118 [http-nio-auto-15-exec-1] DEBUG o.s.c.c.CharSequenceEncoder - [df4dd4f] Writing "183. foo bar"
14:07:40.118 [http-nio-auto-15-exec-1] DEBUG o.s.c.c.CharSequenceEncoder - [df4dd4f] Writing "184. foo bar"
14:07:40.118 [http-nio-auto-15-exec-1] DEBUG o.s.c.c.CharSequenceEncoder - [df4dd4f] Writing "185. foo bar"
14:07:40.118 [http-nio-auto-15-exec-1] DEBUG o.s.c.c.CharSequenceEncoder - [df4dd4f] Writing "186. foo bar"
14:07:40.118 [http-nio-auto-15-exec-1] DEBUG o.s.c.c.CharSequenceEncoder - [df4dd4f] Writing "187. foo bar"
14:07:40.118 [http-nio-auto-15-exec-1] DEBUG o.s.c.c.CharSequenceEncoder - [df4dd4f] Writing "188. foo bar"
14:07:40.118 [http-nio-auto-15-exec-1] DEBUG o.s.c.c.CharSequenceEncoder - [df4dd4f] Writing "189. foo bar"
14:07:40.118 [http-nio-auto-15-exec-1] DEBUG o.s.c.c.CharSequenceEncoder - [df4dd4f] Writing "190. foo bar"
14:07:40.118 [http-nio-auto-15-exec-1] DEBUG o.s.c.c.CharSequenceEncoder - [df4dd4f] Writing "191. foo bar"
14:07:40.118 [http-nio-auto-15-exec-1] DEBUG o.s.c.c.CharSequenceEncoder - [df4dd4f] Writing "192. foo bar"
14:07:40.118 [http-nio-auto-15-exec-1] DEBUG o.s.c.c.CharSequenceEncoder - [df4dd4f] Writing "193. foo bar"
14:07:40.118 [http-nio-auto-15-exec-1] DEBUG o.s.c.c.CharSequenceEncoder - [df4dd4f] Writing "194. foo bar"
14:07:40.118 [http-nio-auto-15-exec-1] DEBUG o.s.c.c.CharSequenceEncoder - [df4dd4f] Writing "195. foo bar"
14:07:40.118 [http-nio-auto-15-exec-1] DEBUG o.s.c.c.CharSequenceEncoder - [df4dd4f] Writing "196. foo bar"
14:07:40.118 [http-nio-auto-15-exec-1] DEBUG o.s.c.c.CharSequenceEncoder - [df4dd4f] Writing "197. foo bar"
14:07:40.118 [http-nio-auto-15-exec-1] DEBUG o.s.c.c.CharSequenceEncoder - [df4dd4f] Writing "198. foo bar"
14:07:40.118 [http-nio-auto-15-exec-1] DEBUG o.s.c.c.CharSequenceEncoder - [df4dd4f] Writing "199. foo bar"
14:07:40.118 [http-nio-auto-15-exec-1] DEBUG o.s.c.c.CharSequenceEncoder - [df4dd4f] Writing "200. foo bar"
14:07:40.118 [http-nio-auto-15-exec-1] DEBUG o.s.c.c.CharSequenceEncoder - [df4dd4f] Writing "201. foo bar"
14:07:40.118 [http-nio-auto-15-exec-1] DEBUG o.s.c.c.CharSequenceEncoder - [df4dd4f] Writing "202. foo bar"
14:07:40.118 [http-nio-auto-15-exec-1] DEBUG o.s.c.c.CharSequenceEncoder - [df4dd4f] Writing "203. foo bar"
14:07:40.118 [http-nio-auto-15-exec-1] DEBUG o.s.c.c.CharSequenceEncoder - [df4dd4f] Writing "204. foo bar"
14:07:40.118 [http-nio-auto-15-exec-1] DEBUG o.s.c.c.CharSequenceEncoder - [df4dd4f] Writing "205. foo bar"
14:07:40.118 [http-nio-auto-15-exec-1] DEBUG o.s.c.c.CharSequenceEncoder - [df4dd4f] Writing "206. foo bar"
14:07:40.118 [http-nio-auto-15-exec-1] DEBUG o.s.c.c.CharSequenceEncoder - [df4dd4f] Writing "207. foo bar"
14:07:40.119 [http-nio-auto-15-exec-1] DEBUG o.s.c.c.CharSequenceEncoder - [df4dd4f] Writing "208. foo bar"
14:07:40.119 [http-nio-auto-15-exec-1] DEBUG o.s.c.c.CharSequenceEncoder - [df4dd4f] Writing "209. foo bar"
14:07:40.119 [http-nio-auto-15-exec-1] DEBUG o.s.c.c.CharSequenceEncoder - [df4dd4f] Writing "210. foo bar"
14:07:40.119 [http-nio-auto-15-exec-1] DEBUG o.s.c.c.CharSequenceEncoder - [df4dd4f] Writing "211. foo bar"
14:07:40.119 [http-nio-auto-15-exec-1] DEBUG o.s.c.c.CharSequenceEncoder - [df4dd4f] Writing "212. foo bar"
14:07:40.119 [http-nio-auto-15-exec-1] DEBUG o.s.c.c.CharSequenceEncoder - [df4dd4f] Writing "213. foo bar"
14:07:40.119 [http-nio-auto-15-exec-1] DEBUG o.s.c.c.CharSequenceEncoder - [df4dd4f] Writing "214. foo bar"
14:07:40.119 [http-nio-auto-15-exec-1] DEBUG o.s.c.c.CharSequenceEncoder - [df4dd4f] Writing "215. foo bar"
14:07:40.119 [http-nio-auto-15-exec-1] DEBUG o.s.c.c.CharSequenceEncoder - [df4dd4f] Writing "216. foo bar"
14:07:40.119 [http-nio-auto-15-exec-1] DEBUG o.s.c.c.CharSequenceEncoder - [df4dd4f] Writing "217. foo bar"
14:07:40.119 [http-nio-auto-15-exec-1] DEBUG o.s.c.c.CharSequenceEncoder - [df4dd4f] Writing "218. foo bar"
14:07:40.119 [http-nio-auto-15-exec-1] DEBUG o.s.c.c.CharSequenceEncoder - [df4dd4f] Writing "219. foo bar"
14:07:40.119 [http-nio-auto-15-exec-1] DEBUG o.s.c.c.CharSequenceEncoder - [df4dd4f] Writing "220. foo bar"
14:07:40.119 [http-nio-auto-15-exec-1] DEBUG o.s.c.c.CharSequenceEncoder - [df4dd4f] Writing "221. foo bar"
14:07:40.119 [http-nio-auto-15-exec-1] DEBUG o.s.c.c.CharSequenceEncoder - [df4dd4f] Writing "222. foo bar"
14:07:40.119 [http-nio-auto-15-exec-1] DEBUG o.s.c.c.CharSequenceEncoder - [df4dd4f] Writing "223. foo bar"
14:07:40.119 [http-nio-auto-15-exec-1] DEBUG o.s.c.c.CharSequenceEncoder - [df4dd4f] Writing "224. foo bar"
14:07:40.119 [http-nio-auto-15-exec-1] DEBUG o.s.c.c.CharSequenceEncoder - [df4dd4f] Writing "225. foo bar"
14:07:40.119 [http-nio-auto-15-exec-1] DEBUG o.s.c.c.CharSequenceEncoder - [df4dd4f] Writing "226. foo bar"
14:07:40.120 [http-nio-auto-15-exec-1] DEBUG o.s.c.c.CharSequenceEncoder - [df4dd4f] Writing "227. foo bar"
14:07:40.120 [http-nio-auto-15-exec-1] DEBUG o.s.c.c.CharSequenceEncoder - [df4dd4f] Writing "228. foo bar"
14:07:40.120 [http-nio-auto-15-exec-1] DEBUG o.s.c.c.CharSequenceEncoder - [df4dd4f] Writing "229. foo bar"
14:07:40.120 [http-nio-auto-15-exec-1] DEBUG o.s.c.c.CharSequenceEncoder - [df4dd4f] Writing "230. foo bar"
14:07:40.120 [http-nio-auto-15-exec-1] DEBUG o.s.c.c.CharSequenceEncoder - [df4dd4f] Writing "231. foo bar"
14:07:40.120 [http-nio-auto-15-exec-1] DEBUG o.s.c.c.CharSequenceEncoder - [df4dd4f] Writing "232. foo bar"
14:07:40.120 [http-nio-auto-15-exec-1] DEBUG o.s.c.c.CharSequenceEncoder - [df4dd4f] Writing "233. foo bar"
14:07:40.120 [http-nio-auto-15-exec-1] DEBUG o.s.c.c.CharSequenceEncoder - [df4dd4f] Writing "234. foo bar"
14:07:40.120 [http-nio-auto-15-exec-1] DEBUG o.s.c.c.CharSequenceEncoder - [df4dd4f] Writing "235. foo bar"
14:07:40.120 [http-nio-auto-15-exec-1] DEBUG o.s.c.c.CharSequenceEncoder - [df4dd4f] Writing "236. foo bar"
14:07:40.120 [http-nio-auto-15-exec-1] DEBUG o.s.c.c.CharSequenceEncoder - [df4dd4f] Writing "237. foo bar"
14:07:40.120 [http-nio-auto-15-exec-1] DEBUG o.s.c.c.CharSequenceEncoder - [df4dd4f] Writing "238. foo bar"
14:07:40.120 [http-nio-auto-15-exec-1] DEBUG o.s.c.c.CharSequenceEncoder - [df4dd4f] Writing "239. foo bar"
14:07:40.120 [http-nio-auto-15-exec-1] DEBUG o.s.c.c.CharSequenceEncoder - [df4dd4f] Writing "240. foo bar"
14:07:40.120 [http-nio-auto-15-exec-1] DEBUG o.s.c.c.CharSequenceEncoder - [df4dd4f] Writing "241. foo bar"
14:07:40.120 [http-nio-auto-15-exec-1] DEBUG o.s.c.c.CharSequenceEncoder - [df4dd4f] Writing "242. foo bar"
14:07:40.120 [http-nio-auto-15-exec-1] DEBUG o.s.c.c.CharSequenceEncoder - [df4dd4f] Writing "243. foo bar"
14:07:40.120 [http-nio-auto-15-exec-1] DEBUG o.s.c.c.CharSequenceEncoder - [df4dd4f] Writing "244. foo bar"
14:07:40.120 [http-nio-auto-15-exec-1] DEBUG o.s.c.c.CharSequenceEncoder - [df4dd4f] Writing "245. foo bar"
14:07:40.120 [http-nio-auto-15-exec-1] DEBUG o.s.c.c.CharSequenceEncoder - [df4dd4f] Writing "246. foo bar"
14:07:40.120 [http-nio-auto-15-exec-1] DEBUG o.s.c.c.CharSequenceEncoder - [df4dd4f] Writing "247. foo bar"
14:07:40.120 [http-nio-auto-15-exec-1] DEBUG o.s.c.c.CharSequenceEncoder - [df4dd4f] Writing "248. foo bar"
14:07:40.120 [http-nio-auto-15-exec-1] DEBUG o.s.c.c.CharSequenceEncoder - [df4dd4f] Writing "249. foo bar"
14:07:40.120 [http-nio-auto-15-exec-1] DEBUG o.s.c.c.CharSequenceEncoder - [df4dd4f] Writing "250. foo bar"
14:07:40.120 [http-nio-auto-15-exec-1] DEBUG o.s.c.c.CharSequenceEncoder - [df4dd4f] Writing "251. foo bar"
14:07:40.120 [http-nio-auto-15-exec-1] DEBUG o.s.c.c.CharSequenceEncoder - [df4dd4f] Writing "252. foo bar"
14:07:40.121 [http-nio-auto-15-exec-1] DEBUG o.s.c.c.CharSequenceEncoder - [df4dd4f] Writing "253. foo bar"
14:07:40.121 [http-nio-auto-15-exec-1] DEBUG o.s.c.c.CharSequenceEncoder - [df4dd4f] Writing "254. foo bar"
14:07:40.121 [http-nio-auto-15-exec-1] DEBUG o.s.c.c.CharSequenceEncoder - [df4dd4f] Writing "255. foo bar"
14:07:40.121 [http-nio-auto-15-exec-1] DEBUG o.s.c.c.CharSequenceEncoder - [df4dd4f] Writing "256. foo bar"
14:07:40.121 [http-nio-auto-15-exec-1] DEBUG o.s.c.c.CharSequenceEncoder - [df4dd4f] Writing "257. foo bar"
14:07:40.121 [http-nio-auto-15-exec-1] DEBUG o.s.c.c.CharSequenceEncoder - [df4dd4f] Writing "258. foo bar"
14:07:40.121 [http-nio-auto-15-exec-1] DEBUG o.s.c.c.CharSequenceEncoder - [df4dd4f] Writing "259. foo bar"
14:07:40.121 [http-nio-auto-15-exec-1] DEBUG o.s.c.c.CharSequenceEncoder - [df4dd4f] Writing "260. foo bar"
14:07:40.121 [http-nio-auto-15-exec-1] DEBUG o.s.c.c.CharSequenceEncoder - [df4dd4f] Writing "261. foo bar"
14:07:40.121 [http-nio-auto-15-exec-1] DEBUG o.s.c.c.CharSequenceEncoder - [df4dd4f] Writing "262. foo bar"
14:07:40.121 [http-nio-auto-15-exec-1] DEBUG o.s.c.c.CharSequenceEncoder - [df4dd4f] Writing "263. foo bar"
14:07:40.121 [http-nio-auto-15-exec-1] DEBUG o.s.c.c.CharSequenceEncoder - [df4dd4f] Writing "264. foo bar"
14:07:40.121 [http-nio-auto-15-exec-1] DEBUG o.s.c.c.CharSequenceEncoder - [df4dd4f] Writing "265. foo bar"
14:07:40.121 [http-nio-auto-15-exec-1] DEBUG o.s.c.c.CharSequenceEncoder - [df4dd4f] Writing "266. foo bar"
14:07:40.121 [http-nio-auto-15-exec-1] DEBUG o.s.c.c.CharSequenceEncoder - [df4dd4f] Writing "267. foo bar"
14:07:40.121 [http-nio-auto-15-exec-1] DEBUG o.s.c.c.CharSequenceEncoder - [df4dd4f] Writing "268. foo bar"
14:07:40.121 [http-nio-auto-15-exec-1] DEBUG o.s.c.c.CharSequenceEncoder - [df4dd4f] Writing "269. foo bar"
14:07:40.121 [http-nio-auto-15-exec-1] DEBUG o.s.c.c.CharSequenceEncoder - [df4dd4f] Writing "270. foo bar"
14:07:40.121 [http-nio-auto-15-exec-1] DEBUG o.s.c.c.CharSequenceEncoder - [df4dd4f] Writing "271. foo bar"
14:07:40.121 [http-nio-auto-15-exec-1] DEBUG o.s.c.c.CharSequenceEncoder - [df4dd4f] Writing "272. foo bar"
14:07:40.121 [http-nio-auto-15-exec-1] DEBUG o.s.c.c.CharSequenceEncoder - [df4dd4f] Writing "273. foo bar"
14:07:40.121 [http-nio-auto-15-exec-1] DEBUG o.s.c.c.CharSequenceEncoder - [df4dd4f] Writing "274. foo bar"
14:07:40.121 [http-nio-auto-15-exec-1] DEBUG o.s.c.c.CharSequenceEncoder - [df4dd4f] Writing "275. foo bar"
14:07:40.121 [http-nio-auto-15-exec-1] DEBUG o.s.c.c.CharSequenceEncoder - [df4dd4f] Writing "276. foo bar"
14:07:40.121 [http-nio-auto-15-exec-1] DEBUG o.s.c.c.CharSequenceEncoder - [df4dd4f] Writing "277. foo bar"
14:07:40.122 [http-nio-auto-15-exec-1] DEBUG o.s.c.c.CharSequenceEncoder - [df4dd4f] Writing "278. foo bar"
14:07:40.122 [http-nio-auto-15-exec-1] DEBUG o.s.c.c.CharSequenceEncoder - [df4dd4f] Writing "279. foo bar"
14:07:40.122 [http-nio-auto-15-exec-1] DEBUG o.s.c.c.CharSequenceEncoder - [df4dd4f] Writing "280. foo bar"
14:07:40.122 [http-nio-auto-15-exec-1] DEBUG o.s.c.c.CharSequenceEncoder - [df4dd4f] Writing "281. foo bar"
14:07:40.122 [http-nio-auto-15-exec-1] DEBUG o.s.c.c.CharSequenceEncoder - [df4dd4f] Writing "282. foo bar"
14:07:40.122 [http-nio-auto-15-exec-1] DEBUG o.s.c.c.CharSequenceEncoder - [df4dd4f] Writing "283. foo bar"
14:07:40.122 [http-nio-auto-15-exec-1] DEBUG o.s.c.c.CharSequenceEncoder - [df4dd4f] Writing "284. foo bar"
14:07:40.122 [http-nio-auto-15-exec-1] DEBUG o.s.c.c.CharSequenceEncoder - [df4dd4f] Writing "285. foo bar"
14:07:40.122 [http-nio-auto-15-exec-1] DEBUG o.s.c.c.CharSequenceEncoder - [df4dd4f] Writing "286. foo bar"
14:07:40.122 [http-nio-auto-15-exec-1] DEBUG o.s.c.c.CharSequenceEncoder - [df4dd4f] Writing "287. foo bar"
14:07:40.122 [http-nio-auto-15-exec-1] DEBUG o.s.c.c.CharSequenceEncoder - [df4dd4f] Writing "288. foo bar"
14:07:40.122 [http-nio-auto-15-exec-1] DEBUG o.s.c.c.CharSequenceEncoder - [df4dd4f] Writing "289. foo bar"
14:07:40.122 [http-nio-auto-15-exec-1] DEBUG o.s.c.c.CharSequenceEncoder - [df4dd4f] Writing "290. foo bar"
14:07:40.122 [http-nio-auto-15-exec-1] DEBUG o.s.c.c.CharSequenceEncoder - [df4dd4f] Writing "291. foo bar"
14:07:40.122 [http-nio-auto-15-exec-1] DEBUG o.s.c.c.CharSequenceEncoder - [df4dd4f] Writing "292. foo bar"
14:07:40.122 [http-nio-auto-15-exec-1] DEBUG o.s.c.c.CharSequenceEncoder - [df4dd4f] Writing "293. foo bar"
14:07:40.122 [http-nio-auto-15-exec-1] DEBUG o.s.c.c.CharSequenceEncoder - [df4dd4f] Writing "294. foo bar"
14:07:40.122 [http-nio-auto-15-exec-1] DEBUG o.s.c.c.CharSequenceEncoder - [df4dd4f] Writing "295. foo bar"
14:07:40.122 [http-nio-auto-15-exec-1] DEBUG o.s.c.c.CharSequenceEncoder - [df4dd4f] Writing "296. foo bar"
14:07:40.122 [http-nio-auto-15-exec-1] DEBUG o.s.c.c.CharSequenceEncoder - [df4dd4f] Writing "297. foo bar"
14:07:40.122 [http-nio-auto-15-exec-1] DEBUG o.s.c.c.CharSequenceEncoder - [df4dd4f] Writing "298. foo bar"
14:07:40.122 [http-nio-auto-15-exec-1] DEBUG o.s.c.c.CharSequenceEncoder - [df4dd4f] Writing "299. foo bar"
14:07:40.122 [http-nio-auto-15-exec-1] DEBUG o.s.c.c.CharSequenceEncoder - [df4dd4f] Writing "300. foo bar"
14:07:40.122 [http-nio-auto-15-exec-1] DEBUG o.s.c.c.CharSequenceEncoder - [df4dd4f] Writing "301. foo bar"
14:07:40.123 [http-nio-auto-15-exec-1] DEBUG o.s.c.c.CharSequenceEncoder - [df4dd4f] Writing "302. foo bar"
14:07:40.123 [http-nio-auto-15-exec-1] DEBUG o.s.c.c.CharSequenceEncoder - [df4dd4f] Writing "303. foo bar"
14:07:40.123 [http-nio-auto-15-exec-1] DEBUG o.s.c.c.CharSequenceEncoder - [df4dd4f] Writing "304. foo bar"
14:07:40.123 [http-nio-auto-15-exec-1] DEBUG o.s.c.c.CharSequenceEncoder - [df4dd4f] Writing "305. foo bar"
14:07:40.123 [http-nio-auto-15-exec-1] DEBUG o.s.c.c.CharSequenceEncoder - [df4dd4f] Writing "306. foo bar"
14:07:40.123 [http-nio-auto-15-exec-1] DEBUG o.s.c.c.CharSequenceEncoder - [df4dd4f] Writing "307. foo bar"
14:07:40.123 [http-nio-auto-15-exec-1] DEBUG o.s.c.c.CharSequenceEncoder - [df4dd4f] Writing "308. foo bar"
14:07:40.123 [http-nio-auto-15-exec-1] DEBUG o.s.c.c.CharSequenceEncoder - [df4dd4f] Writing "309. foo bar"
14:07:40.123 [http-nio-auto-15-exec-1] DEBUG o.s.c.c.CharSequenceEncoder - [df4dd4f] Writing "310. foo bar"
14:07:40.123 [http-nio-auto-15-exec-1] DEBUG o.s.c.c.CharSequenceEncoder - [df4dd4f] Writing "311. foo bar"
14:07:40.123 [http-nio-auto-15-exec-1] DEBUG o.s.c.c.CharSequenceEncoder - [df4dd4f] Writing "312. foo bar"
14:07:40.123 [http-nio-auto-15-exec-1] DEBUG o.s.c.c.CharSequenceEncoder - [df4dd4f] Writing "313. foo bar"
14:07:40.123 [http-nio-auto-15-exec-1] DEBUG o.s.c.c.CharSequenceEncoder - [df4dd4f] Writing "314. foo bar"
14:07:40.123 [http-nio-auto-15-exec-1] DEBUG o.s.c.c.CharSequenceEncoder - [df4dd4f] Writing "315. foo bar"
14:07:40.123 [http-nio-auto-15-exec-1] DEBUG o.s.c.c.CharSequenceEncoder - [df4dd4f] Writing "316. foo bar"
14:07:40.123 [http-nio-auto-15-exec-1] DEBUG o.s.c.c.CharSequenceEncoder - [df4dd4f] Writing "317. foo bar"
14:07:40.123 [http-nio-auto-15-exec-1] DEBUG o.s.c.c.CharSequenceEncoder - [df4dd4f] Writing "318. foo bar"
14:07:40.123 [http-nio-auto-15-exec-1] DEBUG o.s.c.c.CharSequenceEncoder - [df4dd4f] Writing "319. foo bar"
14:07:40.123 [http-nio-auto-15-exec-1] DEBUG o.s.c.c.CharSequenceEncoder - [df4dd4f] Writing "320. foo bar"
14:07:40.124 [http-nio-auto-15-exec-1] DEBUG o.s.c.c.CharSequenceEncoder - [df4dd4f] Writing "321. foo bar"
14:07:40.124 [http-nio-auto-15-exec-1] DEBUG o.s.c.c.CharSequenceEncoder - [df4dd4f] Writing "322. foo bar"
14:07:40.124 [http-nio-auto-15-exec-1] DEBUG o.s.c.c.CharSequenceEncoder - [df4dd4f] Writing "323. foo bar"
14:07:40.124 [http-nio-auto-15-exec-1] DEBUG o.s.c.c.CharSequenceEncoder - [df4dd4f] Writing "324. foo bar"
14:07:40.124 [http-nio-auto-15-exec-1] DEBUG o.s.c.c.CharSequenceEncoder - [df4dd4f] Writing "325. foo bar"
14:07:40.124 [http-nio-auto-15-exec-1] DEBUG o.s.c.c.CharSequenceEncoder - [df4dd4f] Writing "326. foo bar"
14:07:40.124 [http-nio-auto-15-exec-1] DEBUG o.s.c.c.CharSequenceEncoder - [df4dd4f] Writing "327. foo bar"
14:07:40.124 [http-nio-auto-15-exec-1] DEBUG o.s.c.c.CharSequenceEncoder - [df4dd4f] Writing "328. foo bar"
14:07:40.124 [http-nio-auto-15-exec-1] DEBUG o.s.c.c.CharSequenceEncoder - [df4dd4f] Writing "329. foo bar"
14:07:40.124 [http-nio-auto-15-exec-1] DEBUG o.s.c.c.CharSequenceEncoder - [df4dd4f] Writing "330. foo bar"
14:07:40.124 [http-nio-auto-15-exec-1] DEBUG o.s.c.c.CharSequenceEncoder - [df4dd4f] Writing "331. foo bar"
14:07:40.124 [http-nio-auto-15-exec-1] DEBUG o.s.c.c.CharSequenceEncoder - [df4dd4f] Writing "332. foo bar"
14:07:40.124 [http-nio-auto-15-exec-1] DEBUG o.s.c.c.CharSequenceEncoder - [df4dd4f] Writing "333. foo bar"
14:07:40.124 [http-nio-auto-15-exec-1] DEBUG o.s.c.c.CharSequenceEncoder - [df4dd4f] Writing "334. foo bar"
14:07:40.124 [http-nio-auto-15-exec-1] DEBUG o.s.c.c.CharSequenceEncoder - [df4dd4f] Writing "335. foo bar"
14:07:40.124 [http-nio-auto-15-exec-1] DEBUG o.s.c.c.CharSequenceEncoder - [df4dd4f] Writing "336. foo bar"
14:07:40.125 [http-nio-auto-15-exec-1] DEBUG o.s.c.c.CharSequenceEncoder - [df4dd4f] Writing "337. foo bar"
14:07:40.125 [http-nio-auto-15-exec-1] DEBUG o.s.c.c.CharSequenceEncoder - [df4dd4f] Writing "338. foo bar"
14:07:40.125 [http-nio-auto-15-exec-1] DEBUG o.s.c.c.CharSequenceEncoder - [df4dd4f] Writing "339. foo bar"
14:07:40.125 [http-nio-auto-15-exec-1] DEBUG o.s.c.c.CharSequenceEncoder - [df4dd4f] Writing "340. foo bar"
14:07:40.125 [http-nio-auto-15-exec-1] DEBUG o.s.c.c.CharSequenceEncoder - [df4dd4f] Writing "341. foo bar"
14:07:40.125 [http-nio-auto-15-exec-1] DEBUG o.s.c.c.CharSequenceEncoder - [df4dd4f] Writing "342. foo bar"
14:07:40.125 [http-nio-auto-15-exec-1] DEBUG o.s.c.c.CharSequenceEncoder - [df4dd4f] Writing "343. foo bar"
14:07:40.125 [http-nio-auto-15-exec-1] DEBUG o.s.c.c.CharSequenceEncoder - [df4dd4f] Writing "344. foo bar"
14:07:40.125 [http-nio-auto-15-exec-1] DEBUG o.s.c.c.CharSequenceEncoder - [df4dd4f] Writing "345. foo bar"
14:07:40.125 [http-nio-auto-15-exec-1] DEBUG o.s.c.c.CharSequenceEncoder - [df4dd4f] Writing "346. foo bar"
14:07:40.125 [http-nio-auto-15-exec-1] DEBUG o.s.c.c.CharSequenceEncoder - [df4dd4f] Writing "347. foo bar"
14:07:40.125 [http-nio-auto-15-exec-1] DEBUG o.s.c.c.CharSequenceEncoder - [df4dd4f] Writing "348. foo bar"
14:07:40.125 [http-nio-auto-15-exec-1] DEBUG o.s.c.c.CharSequenceEncoder - [df4dd4f] Writing "349. foo bar"
14:07:40.125 [http-nio-auto-15-exec-1] DEBUG o.s.c.c.CharSequenceEncoder - [df4dd4f] Writing "350. foo bar"
14:07:40.125 [http-nio-auto-15-exec-1] DEBUG o.s.c.c.CharSequenceEncoder - [df4dd4f] Writing "351. foo bar"
14:07:40.125 [http-nio-auto-15-exec-1] DEBUG o.s.c.c.CharSequenceEncoder - [df4dd4f] Writing "352. foo bar"
14:07:40.125 [http-nio-auto-15-exec-1] DEBUG o.s.c.c.CharSequenceEncoder - [df4dd4f] Writing "353. foo bar"
14:07:40.125 [http-nio-auto-15-exec-1] DEBUG o.s.c.c.CharSequenceEncoder - [df4dd4f] Writing "354. foo bar"
14:07:40.125 [http-nio-auto-15-exec-1] DEBUG o.s.c.c.CharSequenceEncoder - [df4dd4f] Writing "355. foo bar"
14:07:40.125 [http-nio-auto-15-exec-1] DEBUG o.s.c.c.CharSequenceEncoder - [df4dd4f] Writing "356. foo bar"
14:07:40.125 [http-nio-auto-15-exec-1] DEBUG o.s.c.c.CharSequenceEncoder - [df4dd4f] Writing "357. foo bar"
14:07:40.125 [http-nio-auto-15-exec-1] DEBUG o.s.c.c.CharSequenceEncoder - [df4dd4f] Writing "358. foo bar"
14:07:40.126 [http-nio-auto-15-exec-1] DEBUG o.s.c.c.CharSequenceEncoder - [df4dd4f] Writing "359. foo bar"
14:07:40.126 [http-nio-auto-15-exec-1] DEBUG o.s.c.c.CharSequenceEncoder - [df4dd4f] Writing "360. foo bar"
14:07:40.126 [http-nio-auto-15-exec-1] DEBUG o.s.c.c.CharSequenceEncoder - [df4dd4f] Writing "361. foo bar"
14:07:40.126 [http-nio-auto-15-exec-1] DEBUG o.s.c.c.CharSequenceEncoder - [df4dd4f] Writing "362. foo bar"
14:07:40.126 [http-nio-auto-15-exec-1] DEBUG o.s.c.c.CharSequenceEncoder - [df4dd4f] Writing "363. foo bar"
14:07:40.126 [http-nio-auto-15-exec-1] DEBUG o.s.c.c.CharSequenceEncoder - [df4dd4f] Writing "364. foo bar"
14:07:40.126 [http-nio-auto-15-exec-1] DEBUG o.s.c.c.CharSequenceEncoder - [df4dd4f] Writing "365. foo bar"
14:07:40.126 [http-nio-auto-15-exec-1] DEBUG o.s.c.c.CharSequenceEncoder - [df4dd4f] Writing "366. foo bar"
14:07:40.126 [http-nio-auto-15-exec-1] DEBUG o.s.c.c.CharSequenceEncoder - [df4dd4f] Writing "367. foo bar"
14:07:40.126 [http-nio-auto-15-exec-1] DEBUG o.s.c.c.CharSequenceEncoder - [df4dd4f] Writing "368. foo bar"
14:07:40.126 [http-nio-auto-15-exec-1] DEBUG o.s.c.c.CharSequenceEncoder - [df4dd4f] Writing "369. foo bar"
14:07:40.126 [http-nio-auto-15-exec-1] DEBUG o.s.c.c.CharSequenceEncoder - [df4dd4f] Writing "370. foo bar"
14:07:40.126 [http-nio-auto-15-exec-1] DEBUG o.s.c.c.CharSequenceEncoder - [df4dd4f] Writing "371. foo bar"
14:07:40.126 [http-nio-auto-15-exec-1] DEBUG o.s.c.c.CharSequenceEncoder - [df4dd4f] Writing "372. foo bar"
14:07:40.126 [http-nio-auto-15-exec-1] DEBUG o.s.c.c.CharSequenceEncoder - [df4dd4f] Writing "373. foo bar"
14:07:40.126 [http-nio-auto-15-exec-1] DEBUG o.s.c.c.CharSequenceEncoder - [df4dd4f] Writing "374. foo bar"
14:07:40.126 [http-nio-auto-15-exec-1] DEBUG o.s.c.c.CharSequenceEncoder - [df4dd4f] Writing "375. foo bar"
14:07:40.126 [http-nio-auto-15-exec-1] DEBUG o.s.c.c.CharSequenceEncoder - [df4dd4f] Writing "376. foo bar"
14:07:40.126 [http-nio-auto-15-exec-1] DEBUG o.s.c.c.CharSequenceEncoder - [df4dd4f] Writing "377. foo bar"
14:07:40.126 [http-nio-auto-15-exec-1] DEBUG o.s.c.c.CharSequenceEncoder - [df4dd4f] Writing "378. foo bar"
14:07:40.126 [http-nio-auto-15-exec-1] DEBUG o.s.c.c.CharSequenceEncoder - [df4dd4f] Writing "379. foo bar"
14:07:40.126 [http-nio-auto-15-exec-1] DEBUG o.s.c.c.CharSequenceEncoder - [df4dd4f] Writing "380. foo bar"
14:07:40.126 [http-nio-auto-15-exec-1] DEBUG o.s.c.c.CharSequenceEncoder - [df4dd4f] Writing "381. foo bar"
14:07:40.126 [http-nio-auto-15-exec-1] DEBUG o.s.c.c.CharSequenceEncoder - [df4dd4f] Writing "382. foo bar"
14:07:40.126 [http-nio-auto-15-exec-1] DEBUG o.s.c.c.CharSequenceEncoder - [df4dd4f] Writing "383. foo bar"
14:07:40.127 [http-nio-auto-15-exec-1] DEBUG o.s.c.c.CharSequenceEncoder - [df4dd4f] Writing "384. foo bar"
14:07:40.127 [http-nio-auto-15-exec-1] DEBUG o.s.c.c.CharSequenceEncoder - [df4dd4f] Writing "385. foo bar"
14:07:40.127 [http-nio-auto-15-exec-1] DEBUG o.s.c.c.CharSequenceEncoder - [df4dd4f] Writing "386. foo bar"
14:07:40.127 [http-nio-auto-15-exec-1] DEBUG o.s.c.c.CharSequenceEncoder - [df4dd4f] Writing "387. foo bar"
14:07:40.127 [http-nio-auto-15-exec-1] DEBUG o.s.c.c.CharSequenceEncoder - [df4dd4f] Writing "388. foo bar"
14:07:40.127 [http-nio-auto-15-exec-1] DEBUG o.s.c.c.CharSequenceEncoder - [df4dd4f] Writing "389. foo bar"
14:07:40.127 [http-nio-auto-15-exec-1] DEBUG o.s.c.c.CharSequenceEncoder - [df4dd4f] Writing "390. foo bar"
14:07:40.127 [http-nio-auto-15-exec-1] DEBUG o.s.c.c.CharSequenceEncoder - [df4dd4f] Writing "391. foo bar"
14:07:40.127 [http-nio-auto-15-exec-1] DEBUG o.s.c.c.CharSequenceEncoder - [df4dd4f] Writing "392. foo bar"
14:07:40.127 [http-nio-auto-15-exec-1] DEBUG o.s.c.c.CharSequenceEncoder - [df4dd4f] Writing "393. foo bar"
14:07:40.127 [http-nio-auto-15-exec-1] DEBUG o.s.c.c.CharSequenceEncoder - [df4dd4f] Writing "394. foo bar"
14:07:40.127 [http-nio-auto-15-exec-1] DEBUG o.s.c.c.CharSequenceEncoder - [df4dd4f] Writing "395. foo bar"
14:07:40.127 [http-nio-auto-15-exec-1] DEBUG o.s.c.c.CharSequenceEncoder - [df4dd4f] Writing "396. foo bar"
14:07:40.127 [http-nio-auto-15-exec-1] DEBUG o.s.c.c.CharSequenceEncoder - [df4dd4f] Writing "397. foo bar"
14:07:40.127 [http-nio-auto-15-exec-1] DEBUG o.s.c.c.CharSequenceEncoder - [df4dd4f] Writing "398. foo bar"
14:07:40.127 [http-nio-auto-15-exec-1] DEBUG o.s.c.c.CharSequenceEncoder - [df4dd4f] Writing "399. foo bar"
14:07:40.127 [http-nio-auto-15-exec-1] DEBUG o.s.c.c.CharSequenceEncoder - [df4dd4f] Writing "400. foo bar"
14:07:40.127 [http-nio-auto-15-exec-1] DEBUG o.s.c.c.CharSequenceEncoder - [df4dd4f] Writing "401. foo bar"
14:07:40.127 [http-nio-auto-15-exec-1] DEBUG o.s.c.c.CharSequenceEncoder - [df4dd4f] Writing "402. foo bar"
14:07:40.127 [http-nio-auto-15-exec-1] DEBUG o.s.c.c.CharSequenceEncoder - [df4dd4f] Writing "403. foo bar"
14:07:40.127 [http-nio-auto-15-exec-1] DEBUG o.s.c.c.CharSequenceEncoder - [df4dd4f] Writing "404. foo bar"
14:07:40.127 [http-nio-auto-15-exec-1] DEBUG o.s.c.c.CharSequenceEncoder - [df4dd4f] Writing "405. foo bar"
14:07:40.127 [http-nio-auto-15-exec-1] DEBUG o.s.c.c.CharSequenceEncoder - [df4dd4f] Writing "406. foo bar"
14:07:40.127 [http-nio-auto-15-exec-1] DEBUG o.s.c.c.CharSequenceEncoder - [df4dd4f] Writing "407. foo bar"
14:07:40.127 [http-nio-auto-15-exec-1] DEBUG o.s.c.c.CharSequenceEncoder - [df4dd4f] Writing "408. foo bar"
14:07:40.128 [http-nio-auto-15-exec-1] DEBUG o.s.c.c.CharSequenceEncoder - [df4dd4f] Writing "409. foo bar"
14:07:40.128 [http-nio-auto-15-exec-1] DEBUG o.s.c.c.CharSequenceEncoder - [df4dd4f] Writing "410. foo bar"
14:07:40.128 [http-nio-auto-15-exec-1] DEBUG o.s.c.c.CharSequenceEncoder - [df4dd4f] Writing "411. foo bar"
14:07:40.128 [http-nio-auto-15-exec-1] DEBUG o.s.c.c.CharSequenceEncoder - [df4dd4f] Writing "412. foo bar"
14:07:40.128 [http-nio-auto-15-exec-1] DEBUG o.s.c.c.CharSequenceEncoder - [df4dd4f] Writing "413. foo bar"
14:07:40.128 [http-nio-auto-15-exec-1] DEBUG o.s.c.c.CharSequenceEncoder - [df4dd4f] Writing "414. foo bar"
14:07:40.128 [http-nio-auto-15-exec-1] DEBUG o.s.c.c.CharSequenceEncoder - [df4dd4f] Writing "415. foo bar"
14:07:40.128 [http-nio-auto-15-exec-1] DEBUG o.s.c.c.CharSequenceEncoder - [df4dd4f] Writing "416. foo bar"
14:07:40.128 [http-nio-auto-15-exec-1] DEBUG o.s.c.c.CharSequenceEncoder - [df4dd4f] Writing "417. foo bar"
14:07:40.128 [http-nio-auto-15-exec-1] DEBUG o.s.c.c.CharSequenceEncoder - [df4dd4f] Writing "418. foo bar"
14:07:40.128 [http-nio-auto-15-exec-1] DEBUG o.s.c.c.CharSequenceEncoder - [df4dd4f] Writing "419. foo bar"
14:07:40.128 [http-nio-auto-15-exec-1] DEBUG o.s.c.c.CharSequenceEncoder - [df4dd4f] Writing "420. foo bar"
14:07:40.128 [http-nio-auto-15-exec-1] DEBUG o.s.c.c.CharSequenceEncoder - [df4dd4f] Writing "421. foo bar"
14:07:40.128 [http-nio-auto-15-exec-1] DEBUG o.s.c.c.CharSequenceEncoder - [df4dd4f] Writing "422. foo bar"
14:07:40.128 [http-nio-auto-15-exec-1] DEBUG o.s.c.c.CharSequenceEncoder - [df4dd4f] Writing "423. foo bar"
14:07:40.128 [http-nio-auto-15-exec-1] DEBUG o.s.c.c.CharSequenceEncoder - [df4dd4f] Writing "424. foo bar"
14:07:40.128 [http-nio-auto-15-exec-1] DEBUG o.s.c.c.CharSequenceEncoder - [df4dd4f] Writing "425. foo bar"
14:07:40.128 [http-nio-auto-15-exec-1] DEBUG o.s.c.c.CharSequenceEncoder - [df4dd4f] Writing "426. foo bar"
14:07:40.128 [http-nio-auto-15-exec-1] DEBUG o.s.c.c.CharSequenceEncoder - [df4dd4f] Writing "427. foo bar"
14:07:40.128 [http-nio-auto-15-exec-1] DEBUG o.s.c.c.CharSequenceEncoder - [df4dd4f] Writing "428. foo bar"
14:07:40.128 [http-nio-auto-15-exec-1] DEBUG o.s.c.c.CharSequenceEncoder - [df4dd4f] Writing "429. foo bar"
14:07:40.128 [http-nio-auto-15-exec-1] DEBUG o.s.c.c.CharSequenceEncoder - [df4dd4f] Writing "430. foo bar"
14:07:40.128 [http-nio-auto-15-exec-1] DEBUG o.s.c.c.CharSequenceEncoder - [df4dd4f] Writing "431. foo bar"
14:07:40.129 [http-nio-auto-15-exec-1] DEBUG o.s.c.c.CharSequenceEncoder - [df4dd4f] Writing "432. foo bar"
14:07:40.129 [http-nio-auto-15-exec-1] DEBUG o.s.c.c.CharSequenceEncoder - [df4dd4f] Writing "433. foo bar"
14:07:40.129 [http-nio-auto-15-exec-1] DEBUG o.s.c.c.CharSequenceEncoder - [df4dd4f] Writing "434. foo bar"
14:07:40.129 [http-nio-auto-15-exec-1] DEBUG o.s.c.c.CharSequenceEncoder - [df4dd4f] Writing "435. foo bar"
14:07:40.129 [http-nio-auto-15-exec-1] DEBUG o.s.c.c.CharSequenceEncoder - [df4dd4f] Writing "436. foo bar"
14:07:40.129 [http-nio-auto-15-exec-1] DEBUG o.s.c.c.CharSequenceEncoder - [df4dd4f] Writing "437. foo bar"
14:07:40.129 [http-nio-auto-15-exec-1] DEBUG o.s.c.c.CharSequenceEncoder - [df4dd4f] Writing "438. foo bar"
14:07:40.129 [http-nio-auto-15-exec-1] DEBUG o.s.c.c.CharSequenceEncoder - [df4dd4f] Writing "439. foo bar"
14:07:40.129 [http-nio-auto-15-exec-1] DEBUG o.s.c.c.CharSequenceEncoder - [df4dd4f] Writing "440. foo bar"
14:07:40.129 [http-nio-auto-15-exec-1] DEBUG o.s.c.c.CharSequenceEncoder - [df4dd4f] Writing "441. foo bar"
14:07:40.129 [http-nio-auto-15-exec-1] DEBUG o.s.c.c.CharSequenceEncoder - [df4dd4f] Writing "442. foo bar"
14:07:40.129 [http-nio-auto-15-exec-1] DEBUG o.s.c.c.CharSequenceEncoder - [df4dd4f] Writing "443. foo bar"
14:07:40.129 [http-nio-auto-15-exec-1] DEBUG o.s.c.c.CharSequenceEncoder - [df4dd4f] Writing "444. foo bar"
14:07:40.129 [http-nio-auto-15-exec-1] DEBUG o.s.c.c.CharSequenceEncoder - [df4dd4f] Writing "445. foo bar"
14:07:40.129 [http-nio-auto-15-exec-1] DEBUG o.s.c.c.CharSequenceEncoder - [df4dd4f] Writing "446. foo bar"
14:07:40.129 [http-nio-auto-15-exec-1] DEBUG o.s.c.c.CharSequenceEncoder - [df4dd4f] Writing "447. foo bar"
14:07:40.129 [http-nio-auto-15-exec-1] DEBUG o.s.c.c.CharSequenceEncoder - [df4dd4f] Writing "448. foo bar"
14:07:40.129 [http-nio-auto-15-exec-1] DEBUG o.s.c.c.CharSequenceEncoder - [df4dd4f] Writing "449. foo bar"
14:07:40.129 [http-nio-auto-15-exec-1] DEBUG o.s.c.c.CharSequenceEncoder - [df4dd4f] Writing "450. foo bar"
14:07:40.129 [http-nio-auto-15-exec-1] DEBUG o.s.c.c.CharSequenceEncoder - [df4dd4f] Writing "451. foo bar"
14:07:40.129 [http-nio-auto-15-exec-1] DEBUG o.s.c.c.CharSequenceEncoder - [df4dd4f] Writing "452. foo bar"
14:07:40.129 [http-nio-auto-15-exec-1] DEBUG o.s.c.c.CharSequenceEncoder - [df4dd4f] Writing "453. foo bar"
14:07:40.130 [http-nio-auto-15-exec-1] DEBUG o.s.c.c.CharSequenceEncoder - [df4dd4f] Writing "454. foo bar"
14:07:40.130 [http-nio-auto-15-exec-1] DEBUG o.s.c.c.CharSequenceEncoder - [df4dd4f] Writing "455. foo bar"
14:07:40.130 [http-nio-auto-15-exec-1] DEBUG o.s.c.c.CharSequenceEncoder - [df4dd4f] Writing "456. foo bar"
14:07:40.130 [http-nio-auto-15-exec-1] DEBUG o.s.c.c.CharSequenceEncoder - [df4dd4f] Writing "457. foo bar"
14:07:40.130 [http-nio-auto-15-exec-1] DEBUG o.s.c.c.CharSequenceEncoder - [df4dd4f] Writing "458. foo bar"
14:07:40.130 [http-nio-auto-15-exec-1] DEBUG o.s.c.c.CharSequenceEncoder - [df4dd4f] Writing "459. foo bar"
14:07:40.130 [http-nio-auto-15-exec-1] DEBUG o.s.c.c.CharSequenceEncoder - [df4dd4f] Writing "460. foo bar"
14:07:40.130 [http-nio-auto-15-exec-1] DEBUG o.s.c.c.CharSequenceEncoder - [df4dd4f] Writing "461. foo bar"
14:07:40.130 [http-nio-auto-15-exec-1] DEBUG o.s.c.c.CharSequenceEncoder - [df4dd4f] Writing "462. foo bar"
14:07:40.130 [http-nio-auto-15-exec-1] DEBUG o.s.c.c.CharSequenceEncoder - [df4dd4f] Writing "463. foo bar"
14:07:40.130 [http-nio-auto-15-exec-1] DEBUG o.s.c.c.CharSequenceEncoder - [df4dd4f] Writing "464. foo bar"
14:07:40.130 [http-nio-auto-15-exec-1] DEBUG o.s.c.c.CharSequenceEncoder - [df4dd4f] Writing "465. foo bar"
14:07:40.130 [http-nio-auto-15-exec-1] DEBUG o.s.c.c.CharSequenceEncoder - [df4dd4f] Writing "466. foo bar"
14:07:40.130 [http-nio-auto-15-exec-1] DEBUG o.s.c.c.CharSequenceEncoder - [df4dd4f] Writing "467. foo bar"
14:07:40.130 [http-nio-auto-15-exec-1] DEBUG o.s.c.c.CharSequenceEncoder - [df4dd4f] Writing "468. foo bar"
14:07:40.130 [http-nio-auto-15-exec-1] DEBUG o.s.c.c.CharSequenceEncoder - [df4dd4f] Writing "469. foo bar"
14:07:40.130 [http-nio-auto-15-exec-1] DEBUG o.s.c.c.CharSequenceEncoder - [df4dd4f] Writing "470. foo bar"
14:07:40.131 [http-nio-auto-15-exec-1] DEBUG o.s.c.c.CharSequenceEncoder - [df4dd4f] Writing "471. foo bar"
14:07:40.131 [http-nio-auto-15-exec-1] DEBUG o.s.c.c.CharSequenceEncoder - [df4dd4f] Writing "472. foo bar"
14:07:40.131 [http-nio-auto-15-exec-1] DEBUG o.s.c.c.CharSequenceEncoder - [df4dd4f] Writing "473. foo bar"
14:07:40.131 [http-nio-auto-15-exec-1] DEBUG o.s.c.c.CharSequenceEncoder - [df4dd4f] Writing "474. foo bar"
14:07:40.131 [http-nio-auto-15-exec-1] DEBUG o.s.c.c.CharSequenceEncoder - [df4dd4f] Writing "475. foo bar"
14:07:40.131 [http-nio-auto-15-exec-1] DEBUG o.s.c.c.CharSequenceEncoder - [df4dd4f] Writing "476. foo bar"
14:07:40.131 [http-nio-auto-15-exec-1] DEBUG o.s.c.c.CharSequenceEncoder - [df4dd4f] Writing "477. foo bar"
14:07:40.131 [http-nio-auto-15-exec-1] DEBUG o.s.c.c.CharSequenceEncoder - [df4dd4f] Writing "478. foo bar"
14:07:40.131 [http-nio-auto-15-exec-1] DEBUG o.s.c.c.CharSequenceEncoder - [df4dd4f] Writing "479. foo bar"
14:07:40.131 [http-nio-auto-15-exec-1] DEBUG o.s.c.c.CharSequenceEncoder - [df4dd4f] Writing "480. foo bar"
14:07:40.131 [http-nio-auto-15-exec-1] DEBUG o.s.c.c.CharSequenceEncoder - [df4dd4f] Writing "481. foo bar"
14:07:40.131 [http-nio-auto-15-exec-1] DEBUG o.s.c.c.CharSequenceEncoder - [df4dd4f] Writing "482. foo bar"
14:07:40.131 [http-nio-auto-15-exec-1] DEBUG o.s.c.c.CharSequenceEncoder - [df4dd4f] Writing "483. foo bar"
14:07:40.131 [http-nio-auto-15-exec-1] DEBUG o.s.c.c.CharSequenceEncoder - [df4dd4f] Writing "484. foo bar"
14:07:40.131 [http-nio-auto-15-exec-1] DEBUG o.s.c.c.CharSequenceEncoder - [df4dd4f] Writing "485. foo bar"
14:07:40.131 [http-nio-auto-15-exec-1] DEBUG o.s.c.c.CharSequenceEncoder - [df4dd4f] Writing "486. foo bar"
14:07:40.131 [http-nio-auto-15-exec-1] DEBUG o.s.c.c.CharSequenceEncoder - [df4dd4f] Writing "487. foo bar"
14:07:40.132 [http-nio-auto-15-exec-1] DEBUG o.s.c.c.CharSequenceEncoder - [df4dd4f] Writing "488. foo bar"
14:07:40.132 [http-nio-auto-15-exec-1] DEBUG o.s.c.c.CharSequenceEncoder - [df4dd4f] Writing "489. foo bar"
14:07:40.132 [http-nio-auto-15-exec-1] DEBUG o.s.c.c.CharSequenceEncoder - [df4dd4f] Writing "490. foo bar"
14:07:40.132 [http-nio-auto-15-exec-1] DEBUG o.s.c.c.CharSequenceEncoder - [df4dd4f] Writing "491. foo bar"
14:07:40.132 [http-nio-auto-15-exec-1] DEBUG o.s.c.c.CharSequenceEncoder - [df4dd4f] Writing "492. foo bar"
14:07:40.132 [http-nio-auto-15-exec-1] DEBUG o.s.c.c.CharSequenceEncoder - [df4dd4f] Writing "493. foo bar"
14:07:40.132 [http-nio-auto-15-exec-1] DEBUG o.s.c.c.CharSequenceEncoder - [df4dd4f] Writing "494. foo bar"
14:07:40.132 [http-nio-auto-15-exec-1] DEBUG o.s.c.c.CharSequenceEncoder - [df4dd4f] Writing "495. foo bar"
14:07:40.132 [http-nio-auto-15-exec-1] DEBUG o.s.c.c.CharSequenceEncoder - [df4dd4f] Writing "496. foo bar"
14:07:40.132 [http-nio-auto-15-exec-1] DEBUG o.s.c.c.CharSequenceEncoder - [df4dd4f] Writing "497. foo bar"
14:07:40.132 [http-nio-auto-15-exec-1] DEBUG o.s.c.c.CharSequenceEncoder - [df4dd4f] Writing "498. foo bar"
14:07:40.132 [http-nio-auto-15-exec-1] DEBUG o.s.c.c.CharSequenceEncoder - [df4dd4f] Writing "499. foo bar"
14:07:40.132 [http-nio-auto-15-exec-1] DEBUG o.s.c.c.CharSequenceEncoder - [df4dd4f] Writing "500. foo bar"
14:07:40.132 [http-nio-auto-15-exec-1] DEBUG o.s.c.c.CharSequenceEncoder - [df4dd4f] Writing "501. foo bar"
14:07:40.132 [http-nio-auto-15-exec-1] DEBUG o.s.c.c.CharSequenceEncoder - [df4dd4f] Writing "502. foo bar"
14:07:40.132 [http-nio-auto-15-exec-1] DEBUG o.s.c.c.CharSequenceEncoder - [df4dd4f] Writing "503. foo bar"
14:07:40.133 [http-nio-auto-15-exec-1] DEBUG o.s.c.c.CharSequenceEncoder - [df4dd4f] Writing "504. foo bar"
14:07:40.133 [http-nio-auto-15-exec-1] DEBUG o.s.c.c.CharSequenceEncoder - [df4dd4f] Writing "505. foo bar"
14:07:40.133 [http-nio-auto-15-exec-1] DEBUG o.s.c.c.CharSequenceEncoder - [df4dd4f] Writing "506. foo bar"
14:07:40.133 [http-nio-auto-15-exec-1] DEBUG o.s.c.c.CharSequenceEncoder - [df4dd4f] Writing "507. foo bar"
14:07:40.133 [http-nio-auto-15-exec-1] DEBUG o.s.c.c.CharSequenceEncoder - [df4dd4f] Writing "508. foo bar"
14:07:40.133 [http-nio-auto-15-exec-1] DEBUG o.s.c.c.CharSequenceEncoder - [df4dd4f] Writing "509. foo bar"
14:07:40.133 [http-nio-auto-15-exec-1] DEBUG o.s.c.c.CharSequenceEncoder - [df4dd4f] Writing "510. foo bar"
14:07:40.133 [http-nio-auto-15-exec-1] DEBUG o.s.c.c.CharSequenceEncoder - [df4dd4f] Writing "511. foo bar"
14:07:40.133 [http-nio-auto-15-exec-1] DEBUG o.s.c.c.CharSequenceEncoder - [df4dd4f] Writing "512. foo bar"
14:07:40.133 [http-nio-auto-15-exec-1] DEBUG o.s.c.c.CharSequenceEncoder - [df4dd4f] Writing "513. foo bar"
14:07:40.133 [http-nio-auto-15-exec-1] DEBUG o.s.c.c.CharSequenceEncoder - [df4dd4f] Writing "514. foo bar"
14:07:40.133 [http-nio-auto-15-exec-1] DEBUG o.s.c.c.CharSequenceEncoder - [df4dd4f] Writing "515. foo bar"
14:07:40.133 [http-nio-auto-15-exec-1] DEBUG o.s.c.c.CharSequenceEncoder - [df4dd4f] Writing "516. foo bar"
14:07:40.133 [http-nio-auto-15-exec-1] DEBUG o.s.c.c.CharSequenceEncoder - [df4dd4f] Writing "517. foo bar"
14:07:40.133 [http-nio-auto-15-exec-1] DEBUG o.s.c.c.CharSequenceEncoder - [df4dd4f] Writing "518. foo bar"
14:07:40.134 [http-nio-auto-15-exec-1] DEBUG o.s.c.c.CharSequenceEncoder - [df4dd4f] Writing "519. foo bar"
14:07:40.134 [http-nio-auto-15-exec-1] DEBUG o.s.c.c.CharSequenceEncoder - [df4dd4f] Writing "520. foo bar"
14:07:40.134 [http-nio-auto-15-exec-1] DEBUG o.s.c.c.CharSequenceEncoder - [df4dd4f] Writing "521. foo bar"
14:07:40.134 [http-nio-auto-15-exec-1] DEBUG o.s.c.c.CharSequenceEncoder - [df4dd4f] Writing "522. foo bar"
14:07:40.134 [http-nio-auto-15-exec-1] DEBUG o.s.c.c.CharSequenceEncoder - [df4dd4f] Writing "523. foo bar"
14:07:40.134 [http-nio-auto-15-exec-1] DEBUG o.s.c.c.CharSequenceEncoder - [df4dd4f] Writing "524. foo bar"
14:07:40.134 [http-nio-auto-15-exec-1] DEBUG o.s.c.c.CharSequenceEncoder - [df4dd4f] Writing "525. foo bar"
14:07:40.134 [http-nio-auto-15-exec-1] DEBUG o.s.c.c.CharSequenceEncoder - [df4dd4f] Writing "526. foo bar"
14:07:40.134 [http-nio-auto-15-exec-1] DEBUG o.s.c.c.CharSequenceEncoder - [df4dd4f] Writing "527. foo bar"
14:07:40.134 [http-nio-auto-15-exec-1] DEBUG o.s.c.c.CharSequenceEncoder - [df4dd4f] Writing "528. foo bar"
14:07:40.134 [http-nio-auto-15-exec-1] DEBUG o.s.c.c.CharSequenceEncoder - [df4dd4f] Writing "529. foo bar"
14:07:40.134 [http-nio-auto-15-exec-1] DEBUG o.s.c.c.CharSequenceEncoder - [df4dd4f] Writing "530. foo bar"
14:07:40.134 [http-nio-auto-15-exec-1] DEBUG o.s.c.c.CharSequenceEncoder - [df4dd4f] Writing "531. foo bar"
14:07:40.134 [http-nio-auto-15-exec-1] DEBUG o.s.c.c.CharSequenceEncoder - [df4dd4f] Writing "532. foo bar"
14:07:40.134 [http-nio-auto-15-exec-1] DEBUG o.s.c.c.CharSequenceEncoder - [df4dd4f] Writing "533. foo bar"
14:07:40.134 [http-nio-auto-15-exec-1] DEBUG o.s.c.c.CharSequenceEncoder - [df4dd4f] Writing "534. foo bar"
14:07:40.134 [http-nio-auto-15-exec-1] DEBUG o.s.c.c.CharSequenceEncoder - [df4dd4f] Writing "535. foo bar"
14:07:40.134 [http-nio-auto-15-exec-1] DEBUG o.s.c.c.CharSequenceEncoder - [df4dd4f] Writing "536. foo bar"
14:07:40.135 [http-nio-auto-15-exec-1] DEBUG o.s.c.c.CharSequenceEncoder - [df4dd4f] Writing "537. foo bar"
14:07:40.135 [http-nio-auto-15-exec-1] DEBUG o.s.c.c.CharSequenceEncoder - [df4dd4f] Writing "538. foo bar"
14:07:40.135 [http-nio-auto-15-exec-1] DEBUG o.s.c.c.CharSequenceEncoder - [df4dd4f] Writing "539. foo bar"
14:07:40.135 [http-nio-auto-15-exec-1] DEBUG o.s.c.c.CharSequenceEncoder - [df4dd4f] Writing "540. foo bar"
14:07:40.135 [http-nio-auto-15-exec-1] DEBUG o.s.c.c.CharSequenceEncoder - [df4dd4f] Writing "541. foo bar"
14:07:40.135 [http-nio-auto-15-exec-1] DEBUG o.s.c.c.CharSequenceEncoder - [df4dd4f] Writing "542. foo bar"
14:07:40.135 [http-nio-auto-15-exec-1] DEBUG o.s.c.c.CharSequenceEncoder - [df4dd4f] Writing "543. foo bar"
14:07:40.135 [http-nio-auto-15-exec-1] DEBUG o.s.c.c.CharSequenceEncoder - [df4dd4f] Writing "544. foo bar"
14:07:40.135 [http-nio-auto-15-exec-1] DEBUG o.s.c.c.CharSequenceEncoder - [df4dd4f] Writing "545. foo bar"
14:07:40.135 [http-nio-auto-15-exec-1] DEBUG o.s.c.c.CharSequenceEncoder - [df4dd4f] Writing "546. foo bar"
14:07:40.135 [http-nio-auto-15-exec-1] DEBUG o.s.c.c.CharSequenceEncoder - [df4dd4f] Writing "547. foo bar"
14:07:40.135 [http-nio-auto-15-exec-1] DEBUG o.s.c.c.CharSequenceEncoder - [df4dd4f] Writing "548. foo bar"
14:07:40.135 [http-nio-auto-15-exec-1] DEBUG o.s.c.c.CharSequenceEncoder - [df4dd4f] Writing "549. foo bar"
14:07:40.135 [http-nio-auto-15-exec-1] DEBUG o.s.c.c.CharSequenceEncoder - [df4dd4f] Writing "550. foo bar"
14:07:40.135 [http-nio-auto-15-exec-1] DEBUG o.s.c.c.CharSequenceEncoder - [df4dd4f] Writing "551. foo bar"
14:07:40.135 [http-nio-auto-15-exec-1] DEBUG o.s.c.c.CharSequenceEncoder - [df4dd4f] Writing "552. foo bar"
14:07:40.135 [http-nio-auto-15-exec-1] DEBUG o.s.c.c.CharSequenceEncoder - [df4dd4f] Writing "553. foo bar"
14:07:40.135 [http-nio-auto-15-exec-1] DEBUG o.s.c.c.CharSequenceEncoder - [df4dd4f] Writing "554. foo bar"
14:07:40.135 [http-nio-auto-15-exec-1] DEBUG o.s.c.c.CharSequenceEncoder - [df4dd4f] Writing "555. foo bar"
14:07:40.135 [http-nio-auto-15-exec-1] DEBUG o.s.c.c.CharSequenceEncoder - [df4dd4f] Writing "556. foo bar"
14:07:40.135 [http-nio-auto-15-exec-1] DEBUG o.s.c.c.CharSequenceEncoder - [df4dd4f] Writing "557. foo bar"
14:07:40.135 [http-nio-auto-15-exec-1] DEBUG o.s.c.c.CharSequenceEncoder - [df4dd4f] Writing "558. foo bar"
14:07:40.136 [http-nio-auto-15-exec-1] DEBUG o.s.c.c.CharSequenceEncoder - [df4dd4f] Writing "559. foo bar"
14:07:40.136 [http-nio-auto-15-exec-1] DEBUG o.s.c.c.CharSequenceEncoder - [df4dd4f] Writing "560. foo bar"
14:07:40.136 [http-nio-auto-15-exec-1] DEBUG o.s.c.c.CharSequenceEncoder - [df4dd4f] Writing "561. foo bar"
14:07:40.136 [http-nio-auto-15-exec-1] DEBUG o.s.c.c.CharSequenceEncoder - [df4dd4f] Writing "562. foo bar"
14:07:40.136 [http-nio-auto-15-exec-1] DEBUG o.s.c.c.CharSequenceEncoder - [df4dd4f] Writing "563. foo bar"
14:07:40.136 [http-nio-auto-15-exec-1] DEBUG o.s.c.c.CharSequenceEncoder - [df4dd4f] Writing "564. foo bar"
14:07:40.136 [http-nio-auto-15-exec-1] DEBUG o.s.c.c.CharSequenceEncoder - [df4dd4f] Writing "565. foo bar"
14:07:40.136 [http-nio-auto-15-exec-1] DEBUG o.s.c.c.CharSequenceEncoder - [df4dd4f] Writing "566. foo bar"
14:07:40.136 [http-nio-auto-15-exec-1] DEBUG o.s.c.c.CharSequenceEncoder - [df4dd4f] Writing "567. foo bar"
14:07:40.136 [http-nio-auto-15-exec-1] DEBUG o.s.c.c.CharSequenceEncoder - [df4dd4f] Writing "568. foo bar"
14:07:40.136 [http-nio-auto-15-exec-1] DEBUG o.s.c.c.CharSequenceEncoder - [df4dd4f] Writing "569. foo bar"
14:07:40.136 [http-nio-auto-15-exec-1] DEBUG o.s.c.c.CharSequenceEncoder - [df4dd4f] Writing "570. foo bar"
14:07:40.136 [http-nio-auto-15-exec-1] DEBUG o.s.c.c.CharSequenceEncoder - [df4dd4f] Writing "571. foo bar"
14:07:40.136 [http-nio-auto-15-exec-1] DEBUG o.s.c.c.CharSequenceEncoder - [df4dd4f] Writing "572. foo bar"
14:07:40.136 [http-nio-auto-15-exec-1] DEBUG o.s.c.c.CharSequenceEncoder - [df4dd4f] Writing "573. foo bar"
14:07:40.136 [http-nio-auto-15-exec-1] DEBUG o.s.c.c.CharSequenceEncoder - [df4dd4f] Writing "574. foo bar"
14:07:40.136 [http-nio-auto-15-exec-1] DEBUG o.s.c.c.CharSequenceEncoder - [df4dd4f] Writing "575. foo bar"
14:07:40.136 [http-nio-auto-15-exec-1] DEBUG o.s.c.c.CharSequenceEncoder - [df4dd4f] Writing "576. foo bar"
14:07:40.136 [http-nio-auto-15-exec-1] DEBUG o.s.c.c.CharSequenceEncoder - [df4dd4f] Writing "577. foo bar"
14:07:40.136 [http-nio-auto-15-exec-1] DEBUG o.s.c.c.CharSequenceEncoder - [df4dd4f] Writing "578. foo bar"
14:07:40.136 [http-nio-auto-15-exec-1] DEBUG o.s.c.c.CharSequenceEncoder - [df4dd4f] Writing "579. foo bar"
14:07:40.136 [http-nio-auto-15-exec-1] DEBUG o.s.c.c.CharSequenceEncoder - [df4dd4f] Writing "580. foo bar"
14:07:40.136 [http-nio-auto-15-exec-1] DEBUG o.s.c.c.CharSequenceEncoder - [df4dd4f] Writing "581. foo bar"
14:07:40.136 [http-nio-auto-15-exec-1] DEBUG o.s.c.c.CharSequenceEncoder - [df4dd4f] Writing "582. foo bar"
14:07:40.136 [http-nio-auto-15-exec-1] DEBUG o.s.c.c.CharSequenceEncoder - [df4dd4f] Writing "583. foo bar"
14:07:40.136 [http-nio-auto-15-exec-1] DEBUG o.s.c.c.CharSequenceEncoder - [df4dd4f] Writing "584. foo bar"
14:07:40.136 [http-nio-auto-15-exec-1] DEBUG o.s.c.c.CharSequenceEncoder - [df4dd4f] Writing "585. foo bar"
14:07:40.137 [http-nio-auto-15-exec-1] DEBUG o.s.c.c.CharSequenceEncoder - [df4dd4f] Writing "586. foo bar"
14:07:40.137 [http-nio-auto-15-exec-1] DEBUG o.s.c.c.CharSequenceEncoder - [df4dd4f] Writing "587. foo bar"
14:07:40.137 [http-nio-auto-15-exec-1] DEBUG o.s.c.c.CharSequenceEncoder - [df4dd4f] Writing "588. foo bar"
14:07:40.137 [http-nio-auto-15-exec-1] DEBUG o.s.c.c.CharSequenceEncoder - [df4dd4f] Writing "589. foo bar"
14:07:40.137 [http-nio-auto-15-exec-1] DEBUG o.s.c.c.CharSequenceEncoder - [df4dd4f] Writing "590. foo bar"
14:07:40.137 [http-nio-auto-15-exec-1] DEBUG o.s.c.c.CharSequenceEncoder - [df4dd4f] Writing "591. foo bar"
14:07:40.137 [http-nio-auto-15-exec-1] DEBUG o.s.c.c.CharSequenceEncoder - [df4dd4f] Writing "592. foo bar"
14:07:40.137 [http-nio-auto-15-exec-1] DEBUG o.s.c.c.CharSequenceEncoder - [df4dd4f] Writing "593. foo bar"
14:07:40.137 [http-nio-auto-15-exec-1] DEBUG o.s.c.c.CharSequenceEncoder - [df4dd4f] Writing "594. foo bar"
14:07:40.137 [http-nio-auto-15-exec-1] DEBUG o.s.c.c.CharSequenceEncoder - [df4dd4f] Writing "595. foo bar"
14:07:40.137 [http-nio-auto-15-exec-1] DEBUG o.s.c.c.CharSequenceEncoder - [df4dd4f] Writing "596. foo bar"
14:07:40.137 [http-nio-auto-15-exec-1] DEBUG o.s.c.c.CharSequenceEncoder - [df4dd4f] Writing "597. foo bar"
14:07:40.137 [http-nio-auto-15-exec-1] DEBUG o.s.c.c.CharSequenceEncoder - [df4dd4f] Writing "598. foo bar"
14:07:40.137 [http-nio-auto-15-exec-1] DEBUG o.s.c.c.CharSequenceEncoder - [df4dd4f] Writing "599. foo bar"
14:07:40.137 [http-nio-auto-15-exec-1] DEBUG o.s.c.c.CharSequenceEncoder - [df4dd4f] Writing "600. foo bar"
14:07:40.137 [http-nio-auto-15-exec-1] DEBUG o.s.c.c.CharSequenceEncoder - [df4dd4f] Writing "601. foo bar"
14:07:40.137 [http-nio-auto-15-exec-1] DEBUG o.s.c.c.CharSequenceEncoder - [df4dd4f] Writing "602. foo bar"
14:07:40.137 [http-nio-auto-15-exec-1] DEBUG o.s.c.c.CharSequenceEncoder - [df4dd4f] Writing "603. foo bar"
14:07:40.137 [http-nio-auto-15-exec-1] DEBUG o.s.c.c.CharSequenceEncoder - [df4dd4f] Writing "604. foo bar"
14:07:40.137 [http-nio-auto-15-exec-1] DEBUG o.s.c.c.CharSequenceEncoder - [df4dd4f] Writing "605. foo bar"
14:07:40.137 [http-nio-auto-15-exec-1] DEBUG o.s.c.c.CharSequenceEncoder - [df4dd4f] Writing "606. foo bar"
14:07:40.137 [http-nio-auto-15-exec-1] DEBUG o.s.c.c.CharSequenceEncoder - [df4dd4f] Writing "607. foo bar"
14:07:40.137 [http-nio-auto-15-exec-1] DEBUG o.s.c.c.CharSequenceEncoder - [df4dd4f] Writing "608. foo bar"
14:07:40.137 [http-nio-auto-15-exec-1] DEBUG o.s.c.c.CharSequenceEncoder - [df4dd4f] Writing "609. foo bar"
14:07:40.137 [http-nio-auto-15-exec-1] DEBUG o.s.c.c.CharSequenceEncoder - [df4dd4f] Writing "610. foo bar"
14:07:40.137 [http-nio-auto-15-exec-1] DEBUG o.s.c.c.CharSequenceEncoder - [df4dd4f] Writing "611. foo bar"
14:07:40.138 [http-nio-auto-15-exec-1] DEBUG o.s.c.c.CharSequenceEncoder - [df4dd4f] Writing "612. foo bar"
14:07:40.138 [http-nio-auto-15-exec-1] DEBUG o.s.c.c.CharSequenceEncoder - [df4dd4f] Writing "613. foo bar"
14:07:40.138 [http-nio-auto-15-exec-1] DEBUG o.s.c.c.CharSequenceEncoder - [df4dd4f] Writing "614. foo bar"
14:07:40.138 [http-nio-auto-15-exec-1] DEBUG o.s.c.c.CharSequenceEncoder - [df4dd4f] Writing "615. foo bar"
14:07:40.138 [http-nio-auto-15-exec-1] DEBUG o.s.c.c.CharSequenceEncoder - [df4dd4f] Writing "616. foo bar"
14:07:40.138 [http-nio-auto-15-exec-1] DEBUG o.s.c.c.CharSequenceEncoder - [df4dd4f] Writing "617. foo bar"
14:07:40.138 [http-nio-auto-15-exec-1] DEBUG o.s.c.c.CharSequenceEncoder - [df4dd4f] Writing "618. foo bar"
14:07:40.138 [http-nio-auto-15-exec-1] DEBUG o.s.c.c.CharSequenceEncoder - [df4dd4f] Writing "619. foo bar"
14:07:40.138 [http-nio-auto-15-exec-1] DEBUG o.s.c.c.CharSequenceEncoder - [df4dd4f] Writing "620. foo bar"
14:07:40.138 [http-nio-auto-15-exec-1] DEBUG o.s.c.c.CharSequenceEncoder - [df4dd4f] Writing "621. foo bar"
14:07:40.138 [http-nio-auto-15-exec-1] DEBUG o.s.c.c.CharSequenceEncoder - [df4dd4f] Writing "622. foo bar"
14:07:40.138 [http-nio-auto-15-exec-1] DEBUG o.s.c.c.CharSequenceEncoder - [df4dd4f] Writing "623. foo bar"
14:07:40.138 [http-nio-auto-15-exec-1] DEBUG o.s.c.c.CharSequenceEncoder - [df4dd4f] Writing "624. foo bar"
14:07:40.138 [http-nio-auto-15-exec-1] DEBUG o.s.c.c.CharSequenceEncoder - [df4dd4f] Writing "625. foo bar"
14:07:40.138 [http-nio-auto-15-exec-1] DEBUG o.s.c.c.CharSequenceEncoder - [df4dd4f] Writing "626. foo bar"
14:07:40.138 [http-nio-auto-15-exec-1] DEBUG o.s.c.c.CharSequenceEncoder - [df4dd4f] Writing "627. foo bar"
14:07:40.138 [http-nio-auto-15-exec-1] DEBUG o.s.c.c.CharSequenceEncoder - [df4dd4f] Writing "628. foo bar"
14:07:40.138 [http-nio-auto-15-exec-1] DEBUG o.s.c.c.CharSequenceEncoder - [df4dd4f] Writing "629. foo bar"
14:07:40.138 [http-nio-auto-15-exec-1] DEBUG o.s.c.c.CharSequenceEncoder - [df4dd4f] Writing "630. foo bar"
14:07:40.138 [http-nio-auto-15-exec-1] DEBUG o.s.c.c.CharSequenceEncoder - [df4dd4f] Writing "631. foo bar"
14:07:40.138 [http-nio-auto-15-exec-1] DEBUG o.s.c.c.CharSequenceEncoder - [df4dd4f] Writing "632. foo bar"
14:07:40.138 [http-nio-auto-15-exec-1] DEBUG o.s.c.c.CharSequenceEncoder - [df4dd4f] Writing "633. foo bar"
14:07:40.139 [http-nio-auto-15-exec-1] DEBUG o.s.c.c.CharSequenceEncoder - [df4dd4f] Writing "634. foo bar"
14:07:40.139 [http-nio-auto-15-exec-1] DEBUG o.s.c.c.CharSequenceEncoder - [df4dd4f] Writing "635. foo bar"
14:07:40.139 [http-nio-auto-15-exec-1] DEBUG o.s.c.c.CharSequenceEncoder - [df4dd4f] Writing "636. foo bar"
14:07:40.139 [http-nio-auto-15-exec-1] DEBUG o.s.c.c.CharSequenceEncoder - [df4dd4f] Writing "637. foo bar"
14:07:40.139 [http-nio-auto-15-exec-1] DEBUG o.s.c.c.CharSequenceEncoder - [df4dd4f] Writing "638. foo bar"
14:07:40.139 [http-nio-auto-15-exec-1] DEBUG o.s.c.c.CharSequenceEncoder - [df4dd4f] Writing "639. foo bar"
14:07:40.139 [http-nio-auto-15-exec-1] DEBUG o.s.c.c.CharSequenceEncoder - [df4dd4f] Writing "640. foo bar"
14:07:40.139 [http-nio-auto-15-exec-1] DEBUG o.s.c.c.CharSequenceEncoder - [df4dd4f] Writing "641. foo bar"
14:07:40.139 [http-nio-auto-15-exec-1] DEBUG o.s.c.c.CharSequenceEncoder - [df4dd4f] Writing "642. foo bar"
14:07:40.139 [http-nio-auto-15-exec-1] DEBUG o.s.c.c.CharSequenceEncoder - [df4dd4f] Writing "643. foo bar"
14:07:40.139 [http-nio-auto-15-exec-1] DEBUG o.s.c.c.CharSequenceEncoder - [df4dd4f] Writing "644. foo bar"
14:07:40.139 [http-nio-auto-15-exec-1] DEBUG o.s.c.c.CharSequenceEncoder - [df4dd4f] Writing "645. foo bar"
14:07:40.139 [http-nio-auto-15-exec-1] DEBUG o.s.c.c.CharSequenceEncoder - [df4dd4f] Writing "646. foo bar"
14:07:40.139 [http-nio-auto-15-exec-1] DEBUG o.s.c.c.CharSequenceEncoder - [df4dd4f] Writing "647. foo bar"
14:07:40.139 [http-nio-auto-15-exec-1] DEBUG o.s.c.c.CharSequenceEncoder - [df4dd4f] Writing "648. foo bar"
14:07:40.139 [http-nio-auto-15-exec-1] DEBUG o.s.c.c.CharSequenceEncoder - [df4dd4f] Writing "649. foo bar"
14:07:40.139 [http-nio-auto-15-exec-1] DEBUG o.s.c.c.CharSequenceEncoder - [df4dd4f] Writing "650. foo bar"
14:07:40.139 [http-nio-auto-15-exec-1] DEBUG o.s.c.c.CharSequenceEncoder - [df4dd4f] Writing "651. foo bar"
14:07:40.139 [http-nio-auto-15-exec-1] DEBUG o.s.c.c.CharSequenceEncoder - [df4dd4f] Writing "652. foo bar"
14:07:40.139 [http-nio-auto-15-exec-1] DEBUG o.s.c.c.CharSequenceEncoder - [df4dd4f] Writing "653. foo bar"
14:07:40.139 [http-nio-auto-15-exec-1] DEBUG o.s.c.c.CharSequenceEncoder - [df4dd4f] Writing "654. foo bar"
14:07:40.139 [http-nio-auto-15-exec-1] DEBUG o.s.c.c.CharSequenceEncoder - [df4dd4f] Writing "655. foo bar"
14:07:40.139 [http-nio-auto-15-exec-1] DEBUG o.s.c.c.CharSequenceEncoder - [df4dd4f] Writing "656. foo bar"
14:07:40.139 [http-nio-auto-15-exec-1] DEBUG o.s.c.c.CharSequenceEncoder - [df4dd4f] Writing "657. foo bar"
14:07:40.139 [http-nio-auto-15-exec-1] DEBUG o.s.c.c.CharSequenceEncoder - [df4dd4f] Writing "658. foo bar"
14:07:40.139 [http-nio-auto-15-exec-1] DEBUG o.s.c.c.CharSequenceEncoder - [df4dd4f] Writing "659. foo bar"
14:07:40.139 [http-nio-auto-15-exec-1] DEBUG o.s.c.c.CharSequenceEncoder - [df4dd4f] Writing "660. foo bar"
14:07:40.139 [http-nio-auto-15-exec-1] DEBUG o.s.c.c.CharSequenceEncoder - [df4dd4f] Writing "661. foo bar"
14:07:40.139 [http-nio-auto-15-exec-1] DEBUG o.s.c.c.CharSequenceEncoder - [df4dd4f] Writing "662. foo bar"
14:07:40.139 [http-nio-auto-15-exec-1] DEBUG o.s.c.c.CharSequenceEncoder - [df4dd4f] Writing "663. foo bar"
14:07:40.139 [http-nio-auto-15-exec-1] DEBUG o.s.c.c.CharSequenceEncoder - [df4dd4f] Writing "664. foo bar"
14:07:40.139 [http-nio-auto-15-exec-1] DEBUG o.s.c.c.CharSequenceEncoder - [df4dd4f] Writing "665. foo bar"
14:07:40.139 [http-nio-auto-15-exec-1] DEBUG o.s.c.c.CharSequenceEncoder - [df4dd4f] Writing "666. foo bar"
14:07:40.140 [http-nio-auto-15-exec-1] DEBUG o.s.c.c.CharSequenceEncoder - [df4dd4f] Writing "667. foo bar"
14:07:40.140 [http-nio-auto-15-exec-1] DEBUG o.s.c.c.CharSequenceEncoder - [df4dd4f] Writing "668. foo bar"
14:07:40.140 [http-nio-auto-15-exec-1] DEBUG o.s.c.c.CharSequenceEncoder - [df4dd4f] Writing "669. foo bar"
14:07:40.140 [http-nio-auto-15-exec-1] DEBUG o.s.c.c.CharSequenceEncoder - [df4dd4f] Writing "670. foo bar"
14:07:40.140 [http-nio-auto-15-exec-1] DEBUG o.s.c.c.CharSequenceEncoder - [df4dd4f] Writing "671. foo bar"
14:07:40.140 [http-nio-auto-15-exec-1] DEBUG o.s.c.c.CharSequenceEncoder - [df4dd4f] Writing "672. foo bar"
14:07:40.140 [http-nio-auto-15-exec-1] DEBUG o.s.c.c.CharSequenceEncoder - [df4dd4f] Writing "673. foo bar"
14:07:40.140 [http-nio-auto-15-exec-1] DEBUG o.s.c.c.CharSequenceEncoder - [df4dd4f] Writing "674. foo bar"
14:07:40.140 [http-nio-auto-15-exec-1] DEBUG o.s.c.c.CharSequenceEncoder - [df4dd4f] Writing "675. foo bar"
14:07:40.140 [http-nio-auto-15-exec-1] DEBUG o.s.c.c.CharSequenceEncoder - [df4dd4f] Writing "676. foo bar"
14:07:40.140 [http-nio-auto-15-exec-1] DEBUG o.s.c.c.CharSequenceEncoder - [df4dd4f] Writing "677. foo bar"
14:07:40.140 [http-nio-auto-15-exec-1] DEBUG o.s.c.c.CharSequenceEncoder - [df4dd4f] Writing "678. foo bar"
14:07:40.140 [http-nio-auto-15-exec-1] DEBUG o.s.c.c.CharSequenceEncoder - [df4dd4f] Writing "679. foo bar"
14:07:40.140 [http-nio-auto-15-exec-1] DEBUG o.s.c.c.CharSequenceEncoder - [df4dd4f] Writing "680. foo bar"
14:07:40.140 [http-nio-auto-15-exec-1] DEBUG o.s.c.c.CharSequenceEncoder - [df4dd4f] Writing "681. foo bar"
14:07:40.140 [http-nio-auto-15-exec-1] DEBUG o.s.c.c.CharSequenceEncoder - [df4dd4f] Writing "682. foo bar"
14:07:40.140 [http-nio-auto-15-exec-1] DEBUG o.s.c.c.CharSequenceEncoder - [df4dd4f] Writing "683. foo bar"
14:07:40.140 [http-nio-auto-15-exec-1] DEBUG o.s.c.c.CharSequenceEncoder - [df4dd4f] Writing "684. foo bar"
14:07:40.140 [http-nio-auto-15-exec-1] DEBUG o.s.c.c.CharSequenceEncoder - [df4dd4f] Writing "685. foo bar"
14:07:40.140 [http-nio-auto-15-exec-1] DEBUG o.s.c.c.CharSequenceEncoder - [df4dd4f] Writing "686. foo bar"
14:07:40.140 [http-nio-auto-15-exec-1] DEBUG o.s.c.c.CharSequenceEncoder - [df4dd4f] Writing "687. foo bar"
14:07:40.140 [http-nio-auto-15-exec-1] DEBUG o.s.c.c.CharSequenceEncoder - [df4dd4f] Writing "688. foo bar"
14:07:40.140 [http-nio-auto-15-exec-1] DEBUG o.s.c.c.CharSequenceEncoder - [df4dd4f] Writing "689. foo bar"
14:07:40.140 [http-nio-auto-15-exec-1] DEBUG o.s.c.c.CharSequenceEncoder - [df4dd4f] Writing "690. foo bar"
14:07:40.140 [http-nio-auto-15-exec-1] DEBUG o.s.c.c.CharSequenceEncoder - [df4dd4f] Writing "691. foo bar"
14:07:40.140 [http-nio-auto-15-exec-1] DEBUG o.s.c.c.CharSequenceEncoder - [df4dd4f] Writing "692. foo bar"
14:07:40.141 [http-nio-auto-15-exec-1] DEBUG o.s.c.c.CharSequenceEncoder - [df4dd4f] Writing "693. foo bar"
14:07:40.142 [Test worker] DEBUG o.s.w.c.RestTemplate - Response 200 OK
14:07:40.142 [http-nio-auto-15-exec-2] DEBUG o.s.c.c.CharSequenceEncoder - [df4dd4f] Writing "694. foo bar"
14:07:40.142 [http-nio-auto-15-exec-2] DEBUG o.s.c.c.CharSequenceEncoder - [df4dd4f] Writing "695. foo bar"
14:07:40.142 [http-nio-auto-15-exec-2] DEBUG o.s.c.c.CharSequenceEncoder - [df4dd4f] Writing "696. foo bar"
14:07:40.142 [http-nio-auto-15-exec-2] DEBUG o.s.c.c.CharSequenceEncoder - [df4dd4f] Writing "697. foo bar"
14:07:40.142 [http-nio-auto-15-exec-2] DEBUG o.s.c.c.CharSequenceEncoder - [df4dd4f] Writing "698. foo bar"
14:07:40.142 [http-nio-auto-15-exec-2] DEBUG o.s.c.c.CharSequenceEncoder - [df4dd4f] Writing "699. foo bar"
14:07:40.142 [http-nio-auto-15-exec-2] DEBUG o.s.c.c.CharSequenceEncoder - [df4dd4f] Writing "700. foo bar"
14:07:40.142 [http-nio-auto-15-exec-2] DEBUG o.s.c.c.CharSequenceEncoder - [df4dd4f] Writing "701. foo bar"
14:07:40.142 [http-nio-auto-15-exec-2] DEBUG o.s.c.c.CharSequenceEncoder - [df4dd4f] Writing "702. foo bar"
14:07:40.142 [http-nio-auto-15-exec-2] DEBUG o.s.c.c.CharSequenceEncoder - [df4dd4f] Writing "703. foo bar"
14:07:40.143 [http-nio-auto-15-exec-2] DEBUG o.s.c.c.CharSequenceEncoder - [df4dd4f] Writing "704. foo bar"
14:07:40.143 [http-nio-auto-15-exec-2] DEBUG o.s.c.c.CharSequenceEncoder - [df4dd4f] Writing "705. foo bar"
14:07:40.143 [http-nio-auto-15-exec-2] DEBUG o.s.c.c.CharSequenceEncoder - [df4dd4f] Writing "706. foo bar"
14:07:40.143 [Test worker] DEBUG o.s.w.c.RestTemplate - Reading to [java.lang.String] as "text/plain;charset=UTF-8"
14:07:40.143 [http-nio-auto-15-exec-2] DEBUG o.s.c.c.CharSequenceEncoder - [df4dd4f] Writing "707. foo bar"
14:07:40.143 [http-nio-auto-15-exec-2] DEBUG o.s.c.c.CharSequenceEncoder - [df4dd4f] Writing "708. foo bar"
14:07:40.143 [http-nio-auto-15-exec-2] DEBUG o.s.c.c.CharSequenceEncoder - [df4dd4f] Writing "709. foo bar"
14:07:40.143 [http-nio-auto-15-exec-2] DEBUG o.s.c.c.CharSequenceEncoder - [df4dd4f] Writing "710. foo bar"
14:07:40.143 [http-nio-auto-15-exec-2] DEBUG o.s.c.c.CharSequenceEncoder - [df4dd4f] Writing "711. foo bar"
14:07:40.143 [http-nio-auto-15-exec-2] DEBUG o.s.c.c.CharSequenceEncoder - [df4dd4f] Writing "712. foo bar"
14:07:40.143 [http-nio-auto-15-exec-2] DEBUG o.s.c.c.CharSequenceEncoder - [df4dd4f] Writing "713. foo bar"
14:07:40.143 [http-nio-auto-15-exec-2] DEBUG o.s.c.c.CharSequenceEncoder - [df4dd4f] Writing "714. foo bar"
14:07:40.143 [http-nio-auto-15-exec-2] DEBUG o.s.c.c.CharSequenceEncoder - [df4dd4f] Writing "715. foo bar"
14:07:40.143 [http-nio-auto-15-exec-2] DEBUG o.s.c.c.CharSequenceEncoder - [df4dd4f] Writing "716. foo bar"
14:07:40.143 [http-nio-auto-15-exec-2] DEBUG o.s.c.c.CharSequenceEncoder - [df4dd4f] Writing "717. foo bar"
14:07:40.143 [http-nio-auto-15-exec-2] DEBUG o.s.c.c.CharSequenceEncoder - [df4dd4f] Writing "718. foo bar"
14:07:40.143 [http-nio-auto-15-exec-2] DEBUG o.s.c.c.CharSequenceEncoder - [df4dd4f] Writing "719. foo bar"
14:07:40.143 [http-nio-auto-15-exec-2] DEBUG o.s.c.c.CharSequenceEncoder - [df4dd4f] Writing "720. foo bar"
14:07:40.143 [http-nio-auto-15-exec-2] DEBUG o.s.c.c.CharSequenceEncoder - [df4dd4f] Writing "721. foo bar"
14:07:40.143 [http-nio-auto-15-exec-2] DEBUG o.s.c.c.CharSequenceEncoder - [df4dd4f] Writing "722. foo bar"
14:07:40.143 [http-nio-auto-15-exec-2] DEBUG o.s.c.c.CharSequenceEncoder - [df4dd4f] Writing "723. foo bar"
14:07:40.144 [http-nio-auto-15-exec-2] DEBUG o.s.c.c.CharSequenceEncoder - [df4dd4f] Writing "724. foo bar"
14:07:40.144 [http-nio-auto-15-exec-2] DEBUG o.s.c.c.CharSequenceEncoder - [df4dd4f] Writing "725. foo bar"
14:07:40.144 [http-nio-auto-15-exec-2] DEBUG o.s.c.c.CharSequenceEncoder - [df4dd4f] Writing "726. foo bar"
14:07:40.144 [http-nio-auto-15-exec-2] DEBUG o.s.c.c.CharSequenceEncoder - [df4dd4f] Writing "727. foo bar"
14:07:40.144 [http-nio-auto-15-exec-2] DEBUG o.s.c.c.CharSequenceEncoder - [df4dd4f] Writing "728. foo bar"
14:07:40.144 [http-nio-auto-15-exec-2] DEBUG o.s.c.c.CharSequenceEncoder - [df4dd4f] Writing "729. foo bar"
14:07:40.144 [http-nio-auto-15-exec-2] DEBUG o.s.c.c.CharSequenceEncoder - [df4dd4f] Writing "730. foo bar"
14:07:40.144 [http-nio-auto-15-exec-2] DEBUG o.s.c.c.CharSequenceEncoder - [df4dd4f] Writing "731. foo bar"
14:07:40.144 [http-nio-auto-15-exec-2] DEBUG o.s.c.c.CharSequenceEncoder - [df4dd4f] Writing "732. foo bar"
14:07:40.144 [http-nio-auto-15-exec-2] DEBUG o.s.c.c.CharSequenceEncoder - [df4dd4f] Writing "733. foo bar"
14:07:40.144 [http-nio-auto-15-exec-2] DEBUG o.s.c.c.CharSequenceEncoder - [df4dd4f] Writing "734. foo bar"
14:07:40.144 [http-nio-auto-15-exec-2] DEBUG o.s.c.c.CharSequenceEncoder - [df4dd4f] Writing "735. foo bar"
14:07:40.144 [http-nio-auto-15-exec-2] DEBUG o.s.c.c.CharSequenceEncoder - [df4dd4f] Writing "736. foo bar"
14:07:40.144 [http-nio-auto-15-exec-2] DEBUG o.s.c.c.CharSequenceEncoder - [df4dd4f] Writing "737. foo bar"
14:07:40.144 [http-nio-auto-15-exec-2] DEBUG o.s.c.c.CharSequenceEncoder - [df4dd4f] Writing "738. foo bar"
14:07:40.144 [http-nio-auto-15-exec-2] DEBUG o.s.c.c.CharSequenceEncoder - [df4dd4f] Writing "739. foo bar"
14:07:40.144 [http-nio-auto-15-exec-2] DEBUG o.s.c.c.CharSequenceEncoder - [df4dd4f] Writing "740. foo bar"
14:07:40.144 [http-nio-auto-15-exec-2] DEBUG o.s.c.c.CharSequenceEncoder - [df4dd4f] Writing "741. foo bar"
14:07:40.144 [http-nio-auto-15-exec-2] DEBUG o.s.c.c.CharSequenceEncoder - [df4dd4f] Writing "742. foo bar"
14:07:40.144 [http-nio-auto-15-exec-2] DEBUG o.s.c.c.CharSequenceEncoder - [df4dd4f] Writing "743. foo bar"
14:07:40.145 [http-nio-auto-15-exec-2] DEBUG o.s.c.c.CharSequenceEncoder - [df4dd4f] Writing "744. foo bar"
14:07:40.145 [http-nio-auto-15-exec-2] DEBUG o.s.c.c.CharSequenceEncoder - [df4dd4f] Writing "745. foo bar"
14:07:40.145 [http-nio-auto-15-exec-2] DEBUG o.s.c.c.CharSequenceEncoder - [df4dd4f] Writing "746. foo bar"
14:07:40.145 [http-nio-auto-15-exec-2] DEBUG o.s.c.c.CharSequenceEncoder - [df4dd4f] Writing "747. foo bar"
14:07:40.145 [http-nio-auto-15-exec-2] DEBUG o.s.c.c.CharSequenceEncoder - [df4dd4f] Writing "748. foo bar"
14:07:40.145 [http-nio-auto-15-exec-2] DEBUG o.s.c.c.CharSequenceEncoder - [df4dd4f] Writing "749. foo bar"
14:07:40.145 [http-nio-auto-15-exec-2] DEBUG o.s.c.c.CharSequenceEncoder - [df4dd4f] Writing "750. foo bar"
14:07:40.145 [http-nio-auto-15-exec-2] DEBUG o.s.c.c.CharSequenceEncoder - [df4dd4f] Writing "751. foo bar"
14:07:40.145 [http-nio-auto-15-exec-2] DEBUG o.s.c.c.CharSequenceEncoder - [df4dd4f] Writing "752. foo bar"
14:07:40.145 [http-nio-auto-15-exec-2] DEBUG o.s.c.c.CharSequenceEncoder - [df4dd4f] Writing "753. foo bar"
14:07:40.145 [http-nio-auto-15-exec-2] DEBUG o.s.c.c.CharSequenceEncoder - [df4dd4f] Writing "754. foo bar"
14:07:40.145 [http-nio-auto-15-exec-2] DEBUG o.s.c.c.CharSequenceEncoder - [df4dd4f] Writing "755. foo bar"
14:07:40.145 [http-nio-auto-15-exec-2] DEBUG o.s.c.c.CharSequenceEncoder - [df4dd4f] Writing "756. foo bar"
14:07:40.145 [http-nio-auto-15-exec-2] DEBUG o.s.c.c.CharSequenceEncoder - [df4dd4f] Writing "757. foo bar"
14:07:40.145 [http-nio-auto-15-exec-2] DEBUG o.s.c.c.CharSequenceEncoder - [df4dd4f] Writing "758. foo bar"
14:07:40.145 [http-nio-auto-15-exec-2] DEBUG o.s.c.c.CharSequenceEncoder - [df4dd4f] Writing "759. foo bar"
14:07:40.145 [http-nio-auto-15-exec-2] DEBUG o.s.c.c.CharSequenceEncoder - [df4dd4f] Writing "760. foo bar"
14:07:40.145 [http-nio-auto-15-exec-2] DEBUG o.s.c.c.CharSequenceEncoder - [df4dd4f] Writing "761. foo bar"
14:07:40.145 [http-nio-auto-15-exec-2] DEBUG o.s.c.c.CharSequenceEncoder - [df4dd4f] Writing "762. foo bar"
14:07:40.145 [http-nio-auto-15-exec-2] DEBUG o.s.c.c.CharSequenceEncoder - [df4dd4f] Writing "763. foo bar"
14:07:40.145 [http-nio-auto-15-exec-2] DEBUG o.s.c.c.CharSequenceEncoder - [df4dd4f] Writing "764. foo bar"
14:07:40.145 [http-nio-auto-15-exec-2] DEBUG o.s.c.c.CharSequenceEncoder - [df4dd4f] Writing "765. foo bar"
14:07:40.145 [http-nio-auto-15-exec-2] DEBUG o.s.c.c.CharSequenceEncoder - [df4dd4f] Writing "766. foo bar"
14:07:40.145 [http-nio-auto-15-exec-2] DEBUG o.s.c.c.CharSequenceEncoder - [df4dd4f] Writing "767. foo bar"
14:07:40.145 [http-nio-auto-15-exec-2] DEBUG o.s.c.c.CharSequenceEncoder - [df4dd4f] Writing "768. foo bar"
14:07:40.146 [http-nio-auto-15-exec-2] DEBUG o.s.c.c.CharSequenceEncoder - [df4dd4f] Writing "769. foo bar"
14:07:40.146 [http-nio-auto-15-exec-2] DEBUG o.s.c.c.CharSequenceEncoder - [df4dd4f] Writing "770. foo bar"
14:07:40.146 [http-nio-auto-15-exec-2] DEBUG o.s.c.c.CharSequenceEncoder - [df4dd4f] Writing "771. foo bar"
14:07:40.146 [http-nio-auto-15-exec-2] DEBUG o.s.c.c.CharSequenceEncoder - [df4dd4f] Writing "772. foo bar"
14:07:40.146 [http-nio-auto-15-exec-2] DEBUG o.s.c.c.CharSequenceEncoder - [df4dd4f] Writing "773. foo bar"
14:07:40.146 [http-nio-auto-15-exec-2] DEBUG o.s.c.c.CharSequenceEncoder - [df4dd4f] Writing "774. foo bar"
14:07:40.146 [http-nio-auto-15-exec-2] DEBUG o.s.c.c.CharSequenceEncoder - [df4dd4f] Writing "775. foo bar"
14:07:40.146 [http-nio-auto-15-exec-2] DEBUG o.s.c.c.CharSequenceEncoder - [df4dd4f] Writing "776. foo bar"
14:07:40.146 [http-nio-auto-15-exec-2] DEBUG o.s.c.c.CharSequenceEncoder - [df4dd4f] Writing "777. foo bar"
14:07:40.146 [http-nio-auto-15-exec-2] DEBUG o.s.c.c.CharSequenceEncoder - [df4dd4f] Writing "778. foo bar"
14:07:40.146 [http-nio-auto-15-exec-2] DEBUG o.s.c.c.CharSequenceEncoder - [df4dd4f] Writing "779. foo bar"
14:07:40.146 [http-nio-auto-15-exec-2] DEBUG o.s.c.c.CharSequenceEncoder - [df4dd4f] Writing "780. foo bar"
14:07:40.146 [http-nio-auto-15-exec-2] DEBUG o.s.c.c.CharSequenceEncoder - [df4dd4f] Writing "781. foo bar"
14:07:40.146 [http-nio-auto-15-exec-2] DEBUG o.s.c.c.CharSequenceEncoder - [df4dd4f] Writing "782. foo bar"
14:07:40.146 [http-nio-auto-15-exec-2] DEBUG o.s.c.c.CharSequenceEncoder - [df4dd4f] Writing "783. foo bar"
14:07:40.146 [http-nio-auto-15-exec-2] DEBUG o.s.c.c.CharSequenceEncoder - [df4dd4f] Writing "784. foo bar"
14:07:40.146 [http-nio-auto-15-exec-2] DEBUG o.s.c.c.CharSequenceEncoder - [df4dd4f] Writing "785. foo bar"
14:07:40.146 [http-nio-auto-15-exec-2] DEBUG o.s.c.c.CharSequenceEncoder - [df4dd4f] Writing "786. foo bar"
14:07:40.146 [http-nio-auto-15-exec-2] DEBUG o.s.c.c.CharSequenceEncoder - [df4dd4f] Writing "787. foo bar"
14:07:40.146 [http-nio-auto-15-exec-2] DEBUG o.s.c.c.CharSequenceEncoder - [df4dd4f] Writing "788. foo bar"
14:07:40.146 [http-nio-auto-15-exec-2] DEBUG o.s.c.c.CharSequenceEncoder - [df4dd4f] Writing "789. foo bar"
14:07:40.146 [http-nio-auto-15-exec-2] DEBUG o.s.c.c.CharSequenceEncoder - [df4dd4f] Writing "790. foo bar"
14:07:40.146 [http-nio-auto-15-exec-2] DEBUG o.s.c.c.CharSequenceEncoder - [df4dd4f] Writing "791. foo bar"
14:07:40.146 [http-nio-auto-15-exec-2] DEBUG o.s.c.c.CharSequenceEncoder - [df4dd4f] Writing "792. foo bar"
14:07:40.147 [http-nio-auto-15-exec-2] DEBUG o.s.c.c.CharSequenceEncoder - [df4dd4f] Writing "793. foo bar"
14:07:40.147 [http-nio-auto-15-exec-2] DEBUG o.s.c.c.CharSequenceEncoder - [df4dd4f] Writing "794. foo bar"
14:07:40.147 [http-nio-auto-15-exec-2] DEBUG o.s.c.c.CharSequenceEncoder - [df4dd4f] Writing "795. foo bar"
14:07:40.147 [http-nio-auto-15-exec-2] DEBUG o.s.c.c.CharSequenceEncoder - [df4dd4f] Writing "796. foo bar"
14:07:40.147 [http-nio-auto-15-exec-2] DEBUG o.s.c.c.CharSequenceEncoder - [df4dd4f] Writing "797. foo bar"
14:07:40.147 [http-nio-auto-15-exec-2] DEBUG o.s.c.c.CharSequenceEncoder - [df4dd4f] Writing "798. foo bar"
14:07:40.147 [http-nio-auto-15-exec-2] DEBUG o.s.c.c.CharSequenceEncoder - [df4dd4f] Writing "799. foo bar"
14:07:40.147 [http-nio-auto-15-exec-2] DEBUG o.s.c.c.CharSequenceEncoder - [df4dd4f] Writing "800. foo bar"
14:07:40.147 [http-nio-auto-15-exec-2] DEBUG o.s.c.c.CharSequenceEncoder - [df4dd4f] Writing "801. foo bar"
14:07:40.147 [http-nio-auto-15-exec-2] DEBUG o.s.c.c.CharSequenceEncoder - [df4dd4f] Writing "802. foo bar"
14:07:40.147 [http-nio-auto-15-exec-2] DEBUG o.s.c.c.CharSequenceEncoder - [df4dd4f] Writing "803. foo bar"
14:07:40.147 [http-nio-auto-15-exec-2] DEBUG o.s.c.c.CharSequenceEncoder - [df4dd4f] Writing "804. foo bar"
14:07:40.147 [http-nio-auto-15-exec-2] DEBUG o.s.c.c.CharSequenceEncoder - [df4dd4f] Writing "805. foo bar"
14:07:40.147 [http-nio-auto-15-exec-2] DEBUG o.s.c.c.CharSequenceEncoder - [df4dd4f] Writing "806. foo bar"
14:07:40.147 [http-nio-auto-15-exec-2] DEBUG o.s.c.c.CharSequenceEncoder - [df4dd4f] Writing "807. foo bar"
14:07:40.147 [http-nio-auto-15-exec-2] DEBUG o.s.c.c.CharSequenceEncoder - [df4dd4f] Writing "808. foo bar"
14:07:40.147 [http-nio-auto-15-exec-2] DEBUG o.s.c.c.CharSequenceEncoder - [df4dd4f] Writing "809. foo bar"
14:07:40.147 [http-nio-auto-15-exec-2] DEBUG o.s.c.c.CharSequenceEncoder - [df4dd4f] Writing "810. foo bar"
14:07:40.147 [http-nio-auto-15-exec-2] DEBUG o.s.c.c.CharSequenceEncoder - [df4dd4f] Writing "811. foo bar"
14:07:40.147 [http-nio-auto-15-exec-2] DEBUG o.s.c.c.CharSequenceEncoder - [df4dd4f] Writing "812. foo bar"
14:07:40.147 [http-nio-auto-15-exec-2] DEBUG o.s.c.c.CharSequenceEncoder - [df4dd4f] Writing "813. foo bar"
14:07:40.147 [http-nio-auto-15-exec-2] DEBUG o.s.c.c.CharSequenceEncoder - [df4dd4f] Writing "814. foo bar"
14:07:40.147 [http-nio-auto-15-exec-2] DEBUG o.s.c.c.CharSequenceEncoder - [df4dd4f] Writing "815. foo bar"
14:07:40.148 [http-nio-auto-15-exec-2] DEBUG o.s.c.c.CharSequenceEncoder - [df4dd4f] Writing "816. foo bar"
14:07:40.148 [http-nio-auto-15-exec-2] DEBUG o.s.c.c.CharSequenceEncoder - [df4dd4f] Writing "817. foo bar"
14:07:40.148 [http-nio-auto-15-exec-2] DEBUG o.s.c.c.CharSequenceEncoder - [df4dd4f] Writing "818. foo bar"
14:07:40.148 [http-nio-auto-15-exec-2] DEBUG o.s.c.c.CharSequenceEncoder - [df4dd4f] Writing "819. foo bar"
14:07:40.148 [http-nio-auto-15-exec-2] DEBUG o.s.c.c.CharSequenceEncoder - [df4dd4f] Writing "820. foo bar"
14:07:40.148 [http-nio-auto-15-exec-2] DEBUG o.s.c.c.CharSequenceEncoder - [df4dd4f] Writing "821. foo bar"
14:07:40.148 [http-nio-auto-15-exec-2] DEBUG o.s.c.c.CharSequenceEncoder - [df4dd4f] Writing "822. foo bar"
14:07:40.148 [http-nio-auto-15-exec-2] DEBUG o.s.c.c.CharSequenceEncoder - [df4dd4f] Writing "823. foo bar"
14:07:40.148 [http-nio-auto-15-exec-2] DEBUG o.s.c.c.CharSequenceEncoder - [df4dd4f] Writing "824. foo bar"
14:07:40.148 [http-nio-auto-15-exec-2] DEBUG o.s.c.c.CharSequenceEncoder - [df4dd4f] Writing "825. foo bar"
14:07:40.148 [http-nio-auto-15-exec-2] DEBUG o.s.c.c.CharSequenceEncoder - [df4dd4f] Writing "826. foo bar"
14:07:40.148 [http-nio-auto-15-exec-2] DEBUG o.s.c.c.CharSequenceEncoder - [df4dd4f] Writing "827. foo bar"
14:07:40.148 [http-nio-auto-15-exec-2] DEBUG o.s.c.c.CharSequenceEncoder - [df4dd4f] Writing "828. foo bar"
14:07:40.148 [http-nio-auto-15-exec-2] DEBUG o.s.c.c.CharSequenceEncoder - [df4dd4f] Writing "829. foo bar"
14:07:40.148 [http-nio-auto-15-exec-2] DEBUG o.s.c.c.CharSequenceEncoder - [df4dd4f] Writing "830. foo bar"
14:07:40.148 [http-nio-auto-15-exec-2] DEBUG o.s.c.c.CharSequenceEncoder - [df4dd4f] Writing "831. foo bar"
14:07:40.148 [http-nio-auto-15-exec-2] DEBUG o.s.c.c.CharSequenceEncoder - [df4dd4f] Writing "832. foo bar"
14:07:40.148 [http-nio-auto-15-exec-2] DEBUG o.s.c.c.CharSequenceEncoder - [df4dd4f] Writing "833. foo bar"
14:07:40.148 [http-nio-auto-15-exec-2] DEBUG o.s.c.c.CharSequenceEncoder - [df4dd4f] Writing "834. foo bar"
14:07:40.148 [http-nio-auto-15-exec-2] DEBUG o.s.c.c.CharSequenceEncoder - [df4dd4f] Writing "835. foo bar"
14:07:40.148 [http-nio-auto-15-exec-2] DEBUG o.s.c.c.CharSequenceEncoder - [df4dd4f] Writing "836. foo bar"
14:07:40.148 [http-nio-auto-15-exec-2] DEBUG o.s.c.c.CharSequenceEncoder - [df4dd4f] Writing "837. foo bar"
14:07:40.148 [http-nio-auto-15-exec-2] DEBUG o.s.c.c.CharSequenceEncoder - [df4dd4f] Writing "838. foo bar"
14:07:40.149 [http-nio-auto-15-exec-2] DEBUG o.s.c.c.CharSequenceEncoder - [df4dd4f] Writing "839. foo bar"
14:07:40.149 [http-nio-auto-15-exec-2] DEBUG o.s.c.c.CharSequenceEncoder - [df4dd4f] Writing "840. foo bar"
14:07:40.149 [http-nio-auto-15-exec-2] DEBUG o.s.c.c.CharSequenceEncoder - [df4dd4f] Writing "841. foo bar"
14:07:40.149 [http-nio-auto-15-exec-2] DEBUG o.s.c.c.CharSequenceEncoder - [df4dd4f] Writing "842. foo bar"
14:07:40.149 [http-nio-auto-15-exec-2] DEBUG o.s.c.c.CharSequenceEncoder - [df4dd4f] Writing "843. foo bar"
14:07:40.149 [http-nio-auto-15-exec-2] DEBUG o.s.c.c.CharSequenceEncoder - [df4dd4f] Writing "844. foo bar"
14:07:40.149 [http-nio-auto-15-exec-2] DEBUG o.s.c.c.CharSequenceEncoder - [df4dd4f] Writing "845. foo bar"
14:07:40.149 [http-nio-auto-15-exec-2] DEBUG o.s.c.c.CharSequenceEncoder - [df4dd4f] Writing "846. foo bar"
14:07:40.149 [http-nio-auto-15-exec-2] DEBUG o.s.c.c.CharSequenceEncoder - [df4dd4f] Writing "847. foo bar"
14:07:40.149 [http-nio-auto-15-exec-2] DEBUG o.s.c.c.CharSequenceEncoder - [df4dd4f] Writing "848. foo bar"
14:07:40.149 [http-nio-auto-15-exec-2] DEBUG o.s.c.c.CharSequenceEncoder - [df4dd4f] Writing "849. foo bar"
14:07:40.149 [http-nio-auto-15-exec-2] DEBUG o.s.c.c.CharSequenceEncoder - [df4dd4f] Writing "850. foo bar"
14:07:40.149 [http-nio-auto-15-exec-2] DEBUG o.s.c.c.CharSequenceEncoder - [df4dd4f] Writing "851. foo bar"
14:07:40.149 [http-nio-auto-15-exec-2] DEBUG o.s.c.c.CharSequenceEncoder - [df4dd4f] Writing "852. foo bar"
14:07:40.149 [http-nio-auto-15-exec-2] DEBUG o.s.c.c.CharSequenceEncoder - [df4dd4f] Writing "853. foo bar"
14:07:40.149 [http-nio-auto-15-exec-2] DEBUG o.s.c.c.CharSequenceEncoder - [df4dd4f] Writing "854. foo bar"
14:07:40.149 [http-nio-auto-15-exec-2] DEBUG o.s.c.c.CharSequenceEncoder - [df4dd4f] Writing "855. foo bar"
14:07:40.149 [http-nio-auto-15-exec-2] DEBUG o.s.c.c.CharSequenceEncoder - [df4dd4f] Writing "856. foo bar"
14:07:40.149 [http-nio-auto-15-exec-2] DEBUG o.s.c.c.CharSequenceEncoder - [df4dd4f] Writing "857. foo bar"
14:07:40.149 [http-nio-auto-15-exec-2] DEBUG o.s.c.c.CharSequenceEncoder - [df4dd4f] Writing "858. foo bar"
14:07:40.150 [http-nio-auto-15-exec-2] DEBUG o.s.c.c.CharSequenceEncoder - [df4dd4f] Writing "859. foo bar"
14:07:40.150 [http-nio-auto-15-exec-2] DEBUG o.s.c.c.CharSequenceEncoder - [df4dd4f] Writing "860. foo bar"
14:07:40.150 [http-nio-auto-15-exec-2] DEBUG o.s.c.c.CharSequenceEncoder - [df4dd4f] Writing "861. foo bar"
14:07:40.150 [http-nio-auto-15-exec-2] DEBUG o.s.c.c.CharSequenceEncoder - [df4dd4f] Writing "862. foo bar"
14:07:40.150 [http-nio-auto-15-exec-2] DEBUG o.s.c.c.CharSequenceEncoder - [df4dd4f] Writing "863. foo bar"
14:07:40.150 [http-nio-auto-15-exec-2] DEBUG o.s.c.c.CharSequenceEncoder - [df4dd4f] Writing "864. foo bar"
14:07:40.150 [http-nio-auto-15-exec-2] DEBUG o.s.c.c.CharSequenceEncoder - [df4dd4f] Writing "865. foo bar"
14:07:40.150 [http-nio-auto-15-exec-2] DEBUG o.s.c.c.CharSequenceEncoder - [df4dd4f] Writing "866. foo bar"
14:07:40.150 [http-nio-auto-15-exec-2] DEBUG o.s.c.c.CharSequenceEncoder - [df4dd4f] Writing "867. foo bar"
14:07:40.150 [http-nio-auto-15-exec-2] DEBUG o.s.c.c.CharSequenceEncoder - [df4dd4f] Writing "868. foo bar"
14:07:40.150 [http-nio-auto-15-exec-2] DEBUG o.s.c.c.CharSequenceEncoder - [df4dd4f] Writing "869. foo bar"
14:07:40.150 [http-nio-auto-15-exec-2] DEBUG o.s.c.c.CharSequenceEncoder - [df4dd4f] Writing "870. foo bar"
14:07:40.150 [http-nio-auto-15-exec-2] DEBUG o.s.c.c.CharSequenceEncoder - [df4dd4f] Writing "871. foo bar"
14:07:40.150 [http-nio-auto-15-exec-2] DEBUG o.s.c.c.CharSequenceEncoder - [df4dd4f] Writing "872. foo bar"
14:07:40.150 [http-nio-auto-15-exec-2] DEBUG o.s.c.c.CharSequenceEncoder - [df4dd4f] Writing "873. foo bar"
14:07:40.150 [http-nio-auto-15-exec-2] DEBUG o.s.c.c.CharSequenceEncoder - [df4dd4f] Writing "874. foo bar"
14:07:40.150 [http-nio-auto-15-exec-2] DEBUG o.s.c.c.CharSequenceEncoder - [df4dd4f] Writing "875. foo bar"
14:07:40.150 [http-nio-auto-15-exec-2] DEBUG o.s.c.c.CharSequenceEncoder - [df4dd4f] Writing "876. foo bar"
14:07:40.150 [http-nio-auto-15-exec-2] DEBUG o.s.c.c.CharSequenceEncoder - [df4dd4f] Writing "877. foo bar"
14:07:40.150 [http-nio-auto-15-exec-2] DEBUG o.s.c.c.CharSequenceEncoder - [df4dd4f] Writing "878. foo bar"
14:07:40.150 [http-nio-auto-15-exec-2] DEBUG o.s.c.c.CharSequenceEncoder - [df4dd4f] Writing "879. foo bar"
14:07:40.150 [http-nio-auto-15-exec-2] DEBUG o.s.c.c.CharSequenceEncoder - [df4dd4f] Writing "880. foo bar"
14:07:40.150 [http-nio-auto-15-exec-2] DEBUG o.s.c.c.CharSequenceEncoder - [df4dd4f] Writing "881. foo bar"
14:07:40.151 [http-nio-auto-15-exec-2] DEBUG o.s.c.c.CharSequenceEncoder - [df4dd4f] Writing "882. foo bar"
14:07:40.151 [http-nio-auto-15-exec-2] DEBUG o.s.c.c.CharSequenceEncoder - [df4dd4f] Writing "883. foo bar"
14:07:40.151 [http-nio-auto-15-exec-2] DEBUG o.s.c.c.CharSequenceEncoder - [df4dd4f] Writing "884. foo bar"
14:07:40.151 [http-nio-auto-15-exec-2] DEBUG o.s.c.c.CharSequenceEncoder - [df4dd4f] Writing "885. foo bar"
14:07:40.151 [http-nio-auto-15-exec-2] DEBUG o.s.c.c.CharSequenceEncoder - [df4dd4f] Writing "886. foo bar"
14:07:40.151 [http-nio-auto-15-exec-2] DEBUG o.s.c.c.CharSequenceEncoder - [df4dd4f] Writing "887. foo bar"
14:07:40.151 [http-nio-auto-15-exec-2] DEBUG o.s.c.c.CharSequenceEncoder - [df4dd4f] Writing "888. foo bar"
14:07:40.151 [http-nio-auto-15-exec-2] DEBUG o.s.c.c.CharSequenceEncoder - [df4dd4f] Writing "889. foo bar"
14:07:40.151 [http-nio-auto-15-exec-2] DEBUG o.s.c.c.CharSequenceEncoder - [df4dd4f] Writing "890. foo bar"
14:07:40.151 [http-nio-auto-15-exec-2] DEBUG o.s.c.c.CharSequenceEncoder - [df4dd4f] Writing "891. foo bar"
14:07:40.151 [http-nio-auto-15-exec-2] DEBUG o.s.c.c.CharSequenceEncoder - [df4dd4f] Writing "892. foo bar"
14:07:40.151 [http-nio-auto-15-exec-2] DEBUG o.s.c.c.CharSequenceEncoder - [df4dd4f] Writing "893. foo bar"
14:07:40.151 [http-nio-auto-15-exec-2] DEBUG o.s.c.c.CharSequenceEncoder - [df4dd4f] Writing "894. foo bar"
14:07:40.151 [http-nio-auto-15-exec-2] DEBUG o.s.c.c.CharSequenceEncoder - [df4dd4f] Writing "895. foo bar"
14:07:40.151 [http-nio-auto-15-exec-2] DEBUG o.s.c.c.CharSequenceEncoder - [df4dd4f] Writing "896. foo bar"
14:07:40.151 [http-nio-auto-15-exec-2] DEBUG o.s.c.c.CharSequenceEncoder - [df4dd4f] Writing "897. foo bar"
14:07:40.151 [http-nio-auto-15-exec-2] DEBUG o.s.c.c.CharSequenceEncoder - [df4dd4f] Writing "898. foo bar"
14:07:40.151 [http-nio-auto-15-exec-2] DEBUG o.s.c.c.CharSequenceEncoder - [df4dd4f] Writing "899. foo bar"
14:07:40.151 [http-nio-auto-15-exec-2] DEBUG o.s.c.c.CharSequenceEncoder - [df4dd4f] Writing "900. foo bar"
14:07:40.151 [http-nio-auto-15-exec-2] DEBUG o.s.c.c.CharSequenceEncoder - [df4dd4f] Writing "901. foo bar"
14:07:40.151 [http-nio-auto-15-exec-2] DEBUG o.s.c.c.CharSequenceEncoder - [df4dd4f] Writing "902. foo bar"
14:07:40.151 [http-nio-auto-15-exec-2] DEBUG o.s.c.c.CharSequenceEncoder - [df4dd4f] Writing "903. foo bar"
14:07:40.152 [http-nio-auto-15-exec-2] DEBUG o.s.c.c.CharSequenceEncoder - [df4dd4f] Writing "904. foo bar"
14:07:40.152 [http-nio-auto-15-exec-2] DEBUG o.s.c.c.CharSequenceEncoder - [df4dd4f] Writing "905. foo bar"
14:07:40.152 [http-nio-auto-15-exec-2] DEBUG o.s.c.c.CharSequenceEncoder - [df4dd4f] Writing "906. foo bar"
14:07:40.152 [http-nio-auto-15-exec-2] DEBUG o.s.c.c.CharSequenceEncoder - [df4dd4f] Writing "907. foo bar"
14:07:40.152 [http-nio-auto-15-exec-2] DEBUG o.s.c.c.CharSequenceEncoder - [df4dd4f] Writing "908. foo bar"
14:07:40.152 [http-nio-auto-15-exec-2] DEBUG o.s.c.c.CharSequenceEncoder - [df4dd4f] Writing "909. foo bar"
14:07:40.152 [http-nio-auto-15-exec-2] DEBUG o.s.c.c.CharSequenceEncoder - [df4dd4f] Writing "910. foo bar"
14:07:40.152 [http-nio-auto-15-exec-2] DEBUG o.s.c.c.CharSequenceEncoder - [df4dd4f] Writing "911. foo bar"
14:07:40.152 [http-nio-auto-15-exec-2] DEBUG o.s.c.c.CharSequenceEncoder - [df4dd4f] Writing "912. foo bar"
14:07:40.152 [http-nio-auto-15-exec-2] DEBUG o.s.c.c.CharSequenceEncoder - [df4dd4f] Writing "913. foo bar"
14:07:40.152 [http-nio-auto-15-exec-2] DEBUG o.s.c.c.CharSequenceEncoder - [df4dd4f] Writing "914. foo bar"
14:07:40.152 [http-nio-auto-15-exec-2] DEBUG o.s.c.c.CharSequenceEncoder - [df4dd4f] Writing "915. foo bar"
14:07:40.152 [http-nio-auto-15-exec-2] DEBUG o.s.c.c.CharSequenceEncoder - [df4dd4f] Writing "916. foo bar"
14:07:40.152 [http-nio-auto-15-exec-2] DEBUG o.s.c.c.CharSequenceEncoder - [df4dd4f] Writing "917. foo bar"
14:07:40.152 [http-nio-auto-15-exec-2] DEBUG o.s.c.c.CharSequenceEncoder - [df4dd4f] Writing "918. foo bar"
14:07:40.152 [http-nio-auto-15-exec-2] DEBUG o.s.c.c.CharSequenceEncoder - [df4dd4f] Writing "919. foo bar"
14:07:40.152 [http-nio-auto-15-exec-2] DEBUG o.s.c.c.CharSequenceEncoder - [df4dd4f] Writing "920. foo bar"
14:07:40.152 [http-nio-auto-15-exec-2] DEBUG o.s.c.c.CharSequenceEncoder - [df4dd4f] Writing "921. foo bar"
14:07:40.152 [http-nio-auto-15-exec-2] DEBUG o.s.c.c.CharSequenceEncoder - [df4dd4f] Writing "922. foo bar"
14:07:40.152 [http-nio-auto-15-exec-2] DEBUG o.s.c.c.CharSequenceEncoder - [df4dd4f] Writing "923. foo bar"
14:07:40.152 [http-nio-auto-15-exec-2] DEBUG o.s.c.c.CharSequenceEncoder - [df4dd4f] Writing "924. foo bar"
14:07:40.152 [http-nio-auto-15-exec-2] DEBUG o.s.c.c.CharSequenceEncoder - [df4dd4f] Writing "925. foo bar"
14:07:40.153 [http-nio-auto-15-exec-2] DEBUG o.s.c.c.CharSequenceEncoder - [df4dd4f] Writing "926. foo bar"
14:07:40.153 [http-nio-auto-15-exec-2] DEBUG o.s.c.c.CharSequenceEncoder - [df4dd4f] Writing "927. foo bar"
14:07:40.153 [http-nio-auto-15-exec-2] DEBUG o.s.c.c.CharSequenceEncoder - [df4dd4f] Writing "928. foo bar"
14:07:40.153 [http-nio-auto-15-exec-2] DEBUG o.s.c.c.CharSequenceEncoder - [df4dd4f] Writing "929. foo bar"
14:07:40.153 [http-nio-auto-15-exec-2] DEBUG o.s.c.c.CharSequenceEncoder - [df4dd4f] Writing "930. foo bar"
14:07:40.153 [http-nio-auto-15-exec-2] DEBUG o.s.c.c.CharSequenceEncoder - [df4dd4f] Writing "931. foo bar"
14:07:40.153 [http-nio-auto-15-exec-2] DEBUG o.s.c.c.CharSequenceEncoder - [df4dd4f] Writing "932. foo bar"
14:07:40.153 [http-nio-auto-15-exec-2] DEBUG o.s.c.c.CharSequenceEncoder - [df4dd4f] Writing "933. foo bar"
14:07:40.153 [http-nio-auto-15-exec-2] DEBUG o.s.c.c.CharSequenceEncoder - [df4dd4f] Writing "934. foo bar"
14:07:40.153 [http-nio-auto-15-exec-2] DEBUG o.s.c.c.CharSequenceEncoder - [df4dd4f] Writing "935. foo bar"
14:07:40.153 [http-nio-auto-15-exec-2] DEBUG o.s.c.c.CharSequenceEncoder - [df4dd4f] Writing "936. foo bar"
14:07:40.153 [http-nio-auto-15-exec-2] DEBUG o.s.c.c.CharSequenceEncoder - [df4dd4f] Writing "937. foo bar"
14:07:40.153 [http-nio-auto-15-exec-2] DEBUG o.s.c.c.CharSequenceEncoder - [df4dd4f] Writing "938. foo bar"
14:07:40.153 [http-nio-auto-15-exec-2] DEBUG o.s.c.c.CharSequenceEncoder - [df4dd4f] Writing "939. foo bar"
14:07:40.153 [http-nio-auto-15-exec-2] DEBUG o.s.c.c.CharSequenceEncoder - [df4dd4f] Writing "940. foo bar"
14:07:40.153 [http-nio-auto-15-exec-2] DEBUG o.s.c.c.CharSequenceEncoder - [df4dd4f] Writing "941. foo bar"
14:07:40.153 [http-nio-auto-15-exec-2] DEBUG o.s.c.c.CharSequenceEncoder - [df4dd4f] Writing "942. foo bar"
14:07:40.153 [http-nio-auto-15-exec-2] DEBUG o.s.c.c.CharSequenceEncoder - [df4dd4f] Writing "943. foo bar"
14:07:40.153 [http-nio-auto-15-exec-2] DEBUG o.s.c.c.CharSequenceEncoder - [df4dd4f] Writing "944. foo bar"
14:07:40.153 [http-nio-auto-15-exec-2] DEBUG o.s.c.c.CharSequenceEncoder - [df4dd4f] Writing "945. foo bar"
14:07:40.153 [http-nio-auto-15-exec-2] DEBUG o.s.c.c.CharSequenceEncoder - [df4dd4f] Writing "946. foo bar"
14:07:40.153 [http-nio-auto-15-exec-2] DEBUG o.s.c.c.CharSequenceEncoder - [df4dd4f] Writing "947. foo bar"
14:07:40.154 [http-nio-auto-15-exec-2] DEBUG o.s.c.c.CharSequenceEncoder - [df4dd4f] Writing "948. foo bar"
14:07:40.154 [http-nio-auto-15-exec-2] DEBUG o.s.c.c.CharSequenceEncoder - [df4dd4f] Writing "949. foo bar"
14:07:40.154 [http-nio-auto-15-exec-2] DEBUG o.s.c.c.CharSequenceEncoder - [df4dd4f] Writing "950. foo bar"
14:07:40.154 [http-nio-auto-15-exec-2] DEBUG o.s.c.c.CharSequenceEncoder - [df4dd4f] Writing "951. foo bar"
14:07:40.154 [http-nio-auto-15-exec-2] DEBUG o.s.c.c.CharSequenceEncoder - [df4dd4f] Writing "952. foo bar"
14:07:40.154 [http-nio-auto-15-exec-2] DEBUG o.s.c.c.CharSequenceEncoder - [df4dd4f] Writing "953. foo bar"
14:07:40.154 [http-nio-auto-15-exec-2] DEBUG o.s.c.c.CharSequenceEncoder - [df4dd4f] Writing "954. foo bar"
14:07:40.154 [http-nio-auto-15-exec-2] DEBUG o.s.c.c.CharSequenceEncoder - [df4dd4f] Writing "955. foo bar"
14:07:40.154 [http-nio-auto-15-exec-2] DEBUG o.s.c.c.CharSequenceEncoder - [df4dd4f] Writing "956. foo bar"
14:07:40.154 [http-nio-auto-15-exec-2] DEBUG o.s.c.c.CharSequenceEncoder - [df4dd4f] Writing "957. foo bar"
14:07:40.154 [http-nio-auto-15-exec-2] DEBUG o.s.c.c.CharSequenceEncoder - [df4dd4f] Writing "958. foo bar"
14:07:40.154 [http-nio-auto-15-exec-2] DEBUG o.s.c.c.CharSequenceEncoder - [df4dd4f] Writing "959. foo bar"
14:07:40.154 [http-nio-auto-15-exec-2] DEBUG o.s.c.c.CharSequenceEncoder - [df4dd4f] Writing "960. foo bar"
14:07:40.154 [http-nio-auto-15-exec-2] DEBUG o.s.c.c.CharSequenceEncoder - [df4dd4f] Writing "961. foo bar"
14:07:40.154 [http-nio-auto-15-exec-2] DEBUG o.s.c.c.CharSequenceEncoder - [df4dd4f] Writing "962. foo bar"
14:07:40.154 [http-nio-auto-15-exec-2] DEBUG o.s.c.c.CharSequenceEncoder - [df4dd4f] Writing "963. foo bar"
14:07:40.154 [http-nio-auto-15-exec-2] DEBUG o.s.c.c.CharSequenceEncoder - [df4dd4f] Writing "964. foo bar"
14:07:40.154 [http-nio-auto-15-exec-2] DEBUG o.s.c.c.CharSequenceEncoder - [df4dd4f] Writing "965. foo bar"
14:07:40.154 [http-nio-auto-15-exec-2] DEBUG o.s.c.c.CharSequenceEncoder - [df4dd4f] Writing "966. foo bar"
14:07:40.154 [http-nio-auto-15-exec-2] DEBUG o.s.c.c.CharSequenceEncoder - [df4dd4f] Writing "967. foo bar"
14:07:40.154 [http-nio-auto-15-exec-2] DEBUG o.s.c.c.CharSequenceEncoder - [df4dd4f] Writing "968. foo bar"
14:07:40.154 [http-nio-auto-15-exec-2] DEBUG o.s.c.c.CharSequenceEncoder - [df4dd4f] Writing "969. foo bar"
14:07:40.154 [http-nio-auto-15-exec-2] DEBUG o.s.c.c.CharSequenceEncoder - [df4dd4f] Writing "970. foo bar"
14:07:40.154 [http-nio-auto-15-exec-2] DEBUG o.s.c.c.CharSequenceEncoder - [df4dd4f] Writing "971. foo bar"
14:07:40.154 [http-nio-auto-15-exec-2] DEBUG o.s.c.c.CharSequenceEncoder - [df4dd4f] Writing "972. foo bar"
14:07:40.154 [http-nio-auto-15-exec-2] DEBUG o.s.c.c.CharSequenceEncoder - [df4dd4f] Writing "973. foo bar"
14:07:40.154 [http-nio-auto-15-exec-2] DEBUG o.s.c.c.CharSequenceEncoder - [df4dd4f] Writing "974. foo bar"
14:07:40.155 [http-nio-auto-15-exec-2] DEBUG o.s.c.c.CharSequenceEncoder - [df4dd4f] Writing "975. foo bar"
14:07:40.155 [http-nio-auto-15-exec-2] DEBUG o.s.c.c.CharSequenceEncoder - [df4dd4f] Writing "976. foo bar"
14:07:40.155 [http-nio-auto-15-exec-2] DEBUG o.s.c.c.CharSequenceEncoder - [df4dd4f] Writing "977. foo bar"
14:07:40.155 [http-nio-auto-15-exec-2] DEBUG o.s.c.c.CharSequenceEncoder - [df4dd4f] Writing "978. foo bar"
14:07:40.155 [http-nio-auto-15-exec-2] DEBUG o.s.c.c.CharSequenceEncoder - [df4dd4f] Writing "979. foo bar"
14:07:40.155 [http-nio-auto-15-exec-2] DEBUG o.s.c.c.CharSequenceEncoder - [df4dd4f] Writing "980. foo bar"
14:07:40.155 [http-nio-auto-15-exec-2] DEBUG o.s.c.c.CharSequenceEncoder - [df4dd4f] Writing "981. foo bar"
14:07:40.155 [http-nio-auto-15-exec-2] DEBUG o.s.c.c.CharSequenceEncoder - [df4dd4f] Writing "982. foo bar"
14:07:40.155 [http-nio-auto-15-exec-2] DEBUG o.s.c.c.CharSequenceEncoder - [df4dd4f] Writing "983. foo bar"
14:07:40.155 [http-nio-auto-15-exec-2] DEBUG o.s.c.c.CharSequenceEncoder - [df4dd4f] Writing "984. foo bar"
14:07:40.155 [http-nio-auto-15-exec-2] DEBUG o.s.c.c.CharSequenceEncoder - [df4dd4f] Writing "985. foo bar"
14:07:40.155 [http-nio-auto-15-exec-2] DEBUG o.s.c.c.CharSequenceEncoder - [df4dd4f] Writing "986. foo bar"
14:07:40.155 [http-nio-auto-15-exec-2] DEBUG o.s.c.c.CharSequenceEncoder - [df4dd4f] Writing "987. foo bar"
14:07:40.155 [http-nio-auto-15-exec-2] DEBUG o.s.c.c.CharSequenceEncoder - [df4dd4f] Writing "988. foo bar"
14:07:40.155 [http-nio-auto-15-exec-2] DEBUG o.s.c.c.CharSequenceEncoder - [df4dd4f] Writing "989. foo bar"
14:07:40.155 [http-nio-auto-15-exec-2] DEBUG o.s.c.c.CharSequenceEncoder - [df4dd4f] Writing "990. foo bar"
14:07:40.155 [http-nio-auto-15-exec-2] DEBUG o.s.c.c.CharSequenceEncoder - [df4dd4f] Writing "991. foo bar"
14:07:40.155 [http-nio-auto-15-exec-2] DEBUG o.s.c.c.CharSequenceEncoder - [df4dd4f] Writing "992. foo bar"
14:07:40.155 [http-nio-auto-15-exec-2] DEBUG o.s.c.c.CharSequenceEncoder - [df4dd4f] Writing "993. foo bar"
14:07:40.155 [http-nio-auto-15-exec-2] DEBUG o.s.c.c.CharSequenceEncoder - [df4dd4f] Writing "994. foo bar"
14:07:40.155 [http-nio-auto-15-exec-2] DEBUG o.s.c.c.CharSequenceEncoder - [df4dd4f] Writing "995. foo bar"
14:07:40.155 [http-nio-auto-15-exec-2] DEBUG o.s.c.c.CharSequenceEncoder - [df4dd4f] Writing "996. foo bar"
14:07:40.155 [http-nio-auto-15-exec-2] DEBUG o.s.c.c.CharSequenceEncoder - [df4dd4f] Writing "997. foo bar"
14:07:40.155 [http-nio-auto-15-exec-2] DEBUG o.s.c.c.CharSequenceEncoder - [df4dd4f] Writing "998. foo bar"
14:07:40.156 [http-nio-auto-15-exec-2] DEBUG o.s.c.c.CharSequenceEncoder - [df4dd4f] Writing "999. foo bar"
14:07:40.156 [http-nio-auto-15-exec-2] ERROR o.s.w.s.a.HttpWebHandlerAdapter - [df4dd4f] Error [java.lang.RuntimeException: Random error] for HTTP GET "/SPR-16051", but ServerHttpResponse already committed (200 OK)
14:07:40.164 [http-nio-auto-15-exec-2] DEBUG o.s.h.s.r.ServletHttpHandlerAdapter - [df4dd4f] Error notification: javax.servlet.ServletException: Failed to create response content
14:07:40.166 [Test worker] DEBUG o.s.w.t.h.s.r.b.TomcatHttpServer - Stopping TomcatHttpServer...
14:07:40.183 [Test worker] DEBUG o.s.w.t.h.s.r.b.TomcatHttpServer - Server stopped (0 millis).
14:07:40.336 [Test worker] DEBUG o.s.w.r.r.m.a.RequestMappingHandlerMapping - 6 mappings in 'requestMappingHandlerMapping'
14:07:40.396 [Test worker] DEBUG o.s.w.r.r.m.a.ControllerMethodResolver - ControllerAdvice beans: none
14:07:40.430 [Test worker] DEBUG o.s.w.s.a.HttpWebHandlerAdapter - enableLoggingRequestDetails='false': form data and headers will be masked to prevent unsafe logging of potentially sensitive data
14:07:40.430 [Test worker] DEBUG o.s.w.t.h.s.r.b.UndertowHttpServer - Starting UndertowHttpServer...
14:07:40.430 [Test worker] INFO  i.undertow - starting server: Undertow - 2.1.3.Final
14:07:40.473 [Test worker] DEBUG o.s.w.t.h.s.r.b.UndertowHttpServer - Server started on port 60791(0 millis).
14:07:40.473 [Test worker] DEBUG o.s.w.c.RestTemplate - HTTP GET http://localhost:60791/SPR-16051
14:07:40.473 [Test worker] DEBUG o.s.w.c.RestTemplate - Accept=[text/plain, application/json, application/x-jackson-smile, application/*+json, */*]
14:07:40.476 [XNIO-15 I/O-3] DEBUG o.s.w.s.a.HttpWebHandlerAdapter - [522fa640] HTTP GET "/SPR-16051"
14:07:40.477 [XNIO-15 I/O-3] DEBUG o.s.w.r.r.m.a.RequestMappingHandlerMapping - [522fa640] Mapped to org.springframework.web.reactive.result.method.annotation.RequestMappingExceptionHandlingIntegrationTests$TestController#errors()
14:07:40.478 [XNIO-15 I/O-3] DEBUG o.s.w.r.r.m.a.ResponseBodyResultHandler - Using 'text/plain;charset=UTF-8' given [text/plain, application/json, application/x-jackson-smile, application/*+json, */*] and supported [text/plain;charset=UTF-8, text/event-stream, text/plain;charset=UTF-8, */*]
14:07:40.478 [XNIO-15 I/O-3] DEBUG o.s.w.r.r.m.a.ResponseBodyResultHandler - [522fa640] 0..N [java.lang.String]
14:07:40.478 [XNIO-15 I/O-3] DEBUG o.s.c.c.CharSequenceEncoder - [522fa640] Writing "1. foo bar"
14:07:40.478 [XNIO-15 I/O-3] DEBUG o.s.c.c.CharSequenceEncoder - [522fa640] Writing "2. foo bar"
14:07:40.478 [XNIO-15 I/O-3] DEBUG o.s.c.c.CharSequenceEncoder - [522fa640] Writing "3. foo bar"
14:07:40.478 [Test worker] DEBUG o.s.w.c.RestTemplate - Response 200 OK
14:07:40.479 [XNIO-15 I/O-3] DEBUG o.s.c.c.CharSequenceEncoder - [522fa640] Writing "4. foo bar"
14:07:40.479 [Test worker] DEBUG o.s.w.c.RestTemplate - Reading to [java.lang.String] as "text/plain;charset=UTF-8"
14:07:40.479 [XNIO-15 I/O-3] DEBUG o.s.c.c.CharSequenceEncoder - [522fa640] Writing "5. foo bar"
14:07:40.479 [XNIO-15 I/O-3] DEBUG o.s.c.c.CharSequenceEncoder - [522fa640] Writing "6. foo bar"
14:07:40.479 [XNIO-15 I/O-3] DEBUG o.s.c.c.CharSequenceEncoder - [522fa640] Writing "7. foo bar"
14:07:40.479 [XNIO-15 I/O-3] DEBUG o.s.c.c.CharSequenceEncoder - [522fa640] Writing "8. foo bar"
14:07:40.479 [XNIO-15 I/O-3] DEBUG o.s.c.c.CharSequenceEncoder - [522fa640] Writing "9. foo bar"
14:07:40.479 [XNIO-15 I/O-3] DEBUG o.s.c.c.CharSequenceEncoder - [522fa640] Writing "10. foo bar"
14:07:40.479 [XNIO-15 I/O-3] DEBUG o.s.c.c.CharSequenceEncoder - [522fa640] Writing "11. foo bar"
14:07:40.479 [XNIO-15 I/O-3] DEBUG o.s.c.c.CharSequenceEncoder - [522fa640] Writing "12. foo bar"
14:07:40.479 [XNIO-15 I/O-3] DEBUG o.s.c.c.CharSequenceEncoder - [522fa640] Writing "13. foo bar"
14:07:40.479 [XNIO-15 I/O-3] DEBUG o.s.c.c.CharSequenceEncoder - [522fa640] Writing "14. foo bar"
14:07:40.479 [XNIO-15 I/O-3] DEBUG o.s.c.c.CharSequenceEncoder - [522fa640] Writing "15. foo bar"
14:07:40.479 [XNIO-15 I/O-3] DEBUG o.s.c.c.CharSequenceEncoder - [522fa640] Writing "16. foo bar"
14:07:40.479 [XNIO-15 I/O-3] DEBUG o.s.c.c.CharSequenceEncoder - [522fa640] Writing "17. foo bar"
14:07:40.480 [XNIO-15 I/O-3] DEBUG o.s.c.c.CharSequenceEncoder - [522fa640] Writing "18. foo bar"
14:07:40.480 [XNIO-15 I/O-3] DEBUG o.s.c.c.CharSequenceEncoder - [522fa640] Writing "19. foo bar"
14:07:40.480 [XNIO-15 I/O-3] DEBUG o.s.c.c.CharSequenceEncoder - [522fa640] Writing "20. foo bar"
14:07:40.480 [XNIO-15 I/O-3] DEBUG o.s.c.c.CharSequenceEncoder - [522fa640] Writing "21. foo bar"
14:07:40.480 [XNIO-15 I/O-3] DEBUG o.s.c.c.CharSequenceEncoder - [522fa640] Writing "22. foo bar"
14:07:40.480 [XNIO-15 I/O-3] DEBUG o.s.c.c.CharSequenceEncoder - [522fa640] Writing "23. foo bar"
14:07:40.480 [XNIO-15 I/O-3] DEBUG o.s.c.c.CharSequenceEncoder - [522fa640] Writing "24. foo bar"
14:07:40.480 [XNIO-15 I/O-3] DEBUG o.s.c.c.CharSequenceEncoder - [522fa640] Writing "25. foo bar"
14:07:40.480 [XNIO-15 I/O-3] DEBUG o.s.c.c.CharSequenceEncoder - [522fa640] Writing "26. foo bar"
14:07:40.480 [XNIO-15 I/O-3] DEBUG o.s.c.c.CharSequenceEncoder - [522fa640] Writing "27. foo bar"
14:07:40.480 [XNIO-15 I/O-3] DEBUG o.s.c.c.CharSequenceEncoder - [522fa640] Writing "28. foo bar"
14:07:40.480 [XNIO-15 I/O-3] DEBUG o.s.c.c.CharSequenceEncoder - [522fa640] Writing "29. foo bar"
14:07:40.480 [XNIO-15 I/O-3] DEBUG o.s.c.c.CharSequenceEncoder - [522fa640] Writing "30. foo bar"
14:07:40.480 [XNIO-15 I/O-3] DEBUG o.s.c.c.CharSequenceEncoder - [522fa640] Writing "31. foo bar"
14:07:40.480 [XNIO-15 I/O-3] DEBUG o.s.c.c.CharSequenceEncoder - [522fa640] Writing "32. foo bar"
14:07:40.480 [XNIO-15 I/O-3] DEBUG o.s.c.c.CharSequenceEncoder - [522fa640] Writing "33. foo bar"
14:07:40.481 [XNIO-15 I/O-3] DEBUG o.s.c.c.CharSequenceEncoder - [522fa640] Writing "34. foo bar"
14:07:40.481 [XNIO-15 I/O-3] DEBUG o.s.c.c.CharSequenceEncoder - [522fa640] Writing "35. foo bar"
14:07:40.481 [XNIO-15 I/O-3] DEBUG o.s.c.c.CharSequenceEncoder - [522fa640] Writing "36. foo bar"
14:07:40.481 [XNIO-15 I/O-3] DEBUG o.s.c.c.CharSequenceEncoder - [522fa640] Writing "37. foo bar"
14:07:40.481 [XNIO-15 I/O-3] DEBUG o.s.c.c.CharSequenceEncoder - [522fa640] Writing "38. foo bar"
14:07:40.481 [XNIO-15 I/O-3] DEBUG o.s.c.c.CharSequenceEncoder - [522fa640] Writing "39. foo bar"
14:07:40.481 [XNIO-15 I/O-3] DEBUG o.s.c.c.CharSequenceEncoder - [522fa640] Writing "40. foo bar"
14:07:40.481 [XNIO-15 I/O-3] DEBUG o.s.c.c.CharSequenceEncoder - [522fa640] Writing "41. foo bar"
14:07:40.481 [XNIO-15 I/O-3] DEBUG o.s.c.c.CharSequenceEncoder - [522fa640] Writing "42. foo bar"
14:07:40.481 [XNIO-15 I/O-3] DEBUG o.s.c.c.CharSequenceEncoder - [522fa640] Writing "43. foo bar"
14:07:40.481 [XNIO-15 I/O-3] DEBUG o.s.c.c.CharSequenceEncoder - [522fa640] Writing "44. foo bar"
14:07:40.481 [XNIO-15 I/O-3] DEBUG o.s.c.c.CharSequenceEncoder - [522fa640] Writing "45. foo bar"
14:07:40.481 [XNIO-15 I/O-3] DEBUG o.s.c.c.CharSequenceEncoder - [522fa640] Writing "46. foo bar"
14:07:40.481 [XNIO-15 I/O-3] DEBUG o.s.c.c.CharSequenceEncoder - [522fa640] Writing "47. foo bar"
14:07:40.482 [XNIO-15 I/O-3] DEBUG o.s.c.c.CharSequenceEncoder - [522fa640] Writing "48. foo bar"
14:07:40.482 [XNIO-15 I/O-3] DEBUG o.s.c.c.CharSequenceEncoder - [522fa640] Writing "49. foo bar"
14:07:40.482 [XNIO-15 I/O-3] DEBUG o.s.c.c.CharSequenceEncoder - [522fa640] Writing "50. foo bar"
14:07:40.482 [XNIO-15 I/O-3] DEBUG o.s.c.c.CharSequenceEncoder - [522fa640] Writing "51. foo bar"
14:07:40.482 [XNIO-15 I/O-3] DEBUG o.s.c.c.CharSequenceEncoder - [522fa640] Writing "52. foo bar"
14:07:40.482 [XNIO-15 I/O-3] DEBUG o.s.c.c.CharSequenceEncoder - [522fa640] Writing "53. foo bar"
14:07:40.482 [XNIO-15 I/O-3] DEBUG o.s.c.c.CharSequenceEncoder - [522fa640] Writing "54. foo bar"
14:07:40.482 [XNIO-15 I/O-3] DEBUG o.s.c.c.CharSequenceEncoder - [522fa640] Writing "55. foo bar"
14:07:40.482 [XNIO-15 I/O-3] DEBUG o.s.c.c.CharSequenceEncoder - [522fa640] Writing "56. foo bar"
14:07:40.482 [XNIO-15 I/O-3] DEBUG o.s.c.c.CharSequenceEncoder - [522fa640] Writing "57. foo bar"
14:07:40.482 [XNIO-15 I/O-3] DEBUG o.s.c.c.CharSequenceEncoder - [522fa640] Writing "58. foo bar"
14:07:40.482 [XNIO-15 I/O-3] DEBUG o.s.c.c.CharSequenceEncoder - [522fa640] Writing "59. foo bar"
14:07:40.482 [XNIO-15 I/O-3] DEBUG o.s.c.c.CharSequenceEncoder - [522fa640] Writing "60. foo bar"
14:07:40.482 [XNIO-15 I/O-3] DEBUG o.s.c.c.CharSequenceEncoder - [522fa640] Writing "61. foo bar"
14:07:40.483 [XNIO-15 I/O-3] DEBUG o.s.c.c.CharSequenceEncoder - [522fa640] Writing "62. foo bar"
14:07:40.483 [XNIO-15 I/O-3] DEBUG o.s.c.c.CharSequenceEncoder - [522fa640] Writing "63. foo bar"
14:07:40.483 [XNIO-15 I/O-3] DEBUG o.s.c.c.CharSequenceEncoder - [522fa640] Writing "64. foo bar"
14:07:40.483 [XNIO-15 I/O-3] DEBUG o.s.c.c.CharSequenceEncoder - [522fa640] Writing "65. foo bar"
14:07:40.483 [XNIO-15 I/O-3] DEBUG o.s.c.c.CharSequenceEncoder - [522fa640] Writing "66. foo bar"
14:07:40.483 [XNIO-15 I/O-3] DEBUG o.s.c.c.CharSequenceEncoder - [522fa640] Writing "67. foo bar"
14:07:40.483 [XNIO-15 I/O-3] DEBUG o.s.c.c.CharSequenceEncoder - [522fa640] Writing "68. foo bar"
14:07:40.483 [XNIO-15 I/O-3] DEBUG o.s.c.c.CharSequenceEncoder - [522fa640] Writing "69. foo bar"
14:07:40.483 [XNIO-15 I/O-3] DEBUG o.s.c.c.CharSequenceEncoder - [522fa640] Writing "70. foo bar"
14:07:40.483 [XNIO-15 I/O-3] DEBUG o.s.c.c.CharSequenceEncoder - [522fa640] Writing "71. foo bar"
14:07:40.483 [XNIO-15 I/O-3] DEBUG o.s.c.c.CharSequenceEncoder - [522fa640] Writing "72. foo bar"
14:07:40.483 [XNIO-15 I/O-3] DEBUG o.s.c.c.CharSequenceEncoder - [522fa640] Writing "73. foo bar"
14:07:40.483 [XNIO-15 I/O-3] DEBUG o.s.c.c.CharSequenceEncoder - [522fa640] Writing "74. foo bar"
14:07:40.484 [XNIO-15 I/O-3] DEBUG o.s.c.c.CharSequenceEncoder - [522fa640] Writing "75. foo bar"
14:07:40.484 [XNIO-15 I/O-3] DEBUG o.s.c.c.CharSequenceEncoder - [522fa640] Writing "76. foo bar"
14:07:40.484 [XNIO-15 I/O-3] DEBUG o.s.c.c.CharSequenceEncoder - [522fa640] Writing "77. foo bar"
14:07:40.484 [XNIO-15 I/O-3] DEBUG o.s.c.c.CharSequenceEncoder - [522fa640] Writing "78. foo bar"
14:07:40.484 [XNIO-15 I/O-3] DEBUG o.s.c.c.CharSequenceEncoder - [522fa640] Writing "79. foo bar"
14:07:40.484 [XNIO-15 I/O-3] DEBUG o.s.c.c.CharSequenceEncoder - [522fa640] Writing "80. foo bar"
14:07:40.484 [XNIO-15 I/O-3] DEBUG o.s.c.c.CharSequenceEncoder - [522fa640] Writing "81. foo bar"
14:07:40.484 [XNIO-15 I/O-3] DEBUG o.s.c.c.CharSequenceEncoder - [522fa640] Writing "82. foo bar"
14:07:40.484 [XNIO-15 I/O-3] DEBUG o.s.c.c.CharSequenceEncoder - [522fa640] Writing "83. foo bar"
14:07:40.484 [XNIO-15 I/O-3] DEBUG o.s.c.c.CharSequenceEncoder - [522fa640] Writing "84. foo bar"
14:07:40.484 [XNIO-15 I/O-3] DEBUG o.s.c.c.CharSequenceEncoder - [522fa640] Writing "85. foo bar"
14:07:40.484 [XNIO-15 I/O-3] DEBUG o.s.c.c.CharSequenceEncoder - [522fa640] Writing "86. foo bar"
14:07:40.485 [XNIO-15 I/O-3] DEBUG o.s.c.c.CharSequenceEncoder - [522fa640] Writing "87. foo bar"
14:07:40.485 [XNIO-15 I/O-3] DEBUG o.s.c.c.CharSequenceEncoder - [522fa640] Writing "88. foo bar"
14:07:40.485 [XNIO-15 I/O-3] DEBUG o.s.c.c.CharSequenceEncoder - [522fa640] Writing "89. foo bar"
14:07:40.485 [XNIO-15 I/O-3] DEBUG o.s.c.c.CharSequenceEncoder - [522fa640] Writing "90. foo bar"
14:07:40.485 [XNIO-15 I/O-3] DEBUG o.s.c.c.CharSequenceEncoder - [522fa640] Writing "91. foo bar"
14:07:40.485 [XNIO-15 I/O-3] DEBUG o.s.c.c.CharSequenceEncoder - [522fa640] Writing "92. foo bar"
14:07:40.485 [XNIO-15 I/O-3] DEBUG o.s.c.c.CharSequenceEncoder - [522fa640] Writing "93. foo bar"
14:07:40.485 [XNIO-15 I/O-3] DEBUG o.s.c.c.CharSequenceEncoder - [522fa640] Writing "94. foo bar"
14:07:40.485 [XNIO-15 I/O-3] DEBUG o.s.c.c.CharSequenceEncoder - [522fa640] Writing "95. foo bar"
14:07:40.485 [XNIO-15 I/O-3] DEBUG o.s.c.c.CharSequenceEncoder - [522fa640] Writing "96. foo bar"
14:07:40.485 [XNIO-15 I/O-3] DEBUG o.s.c.c.CharSequenceEncoder - [522fa640] Writing "97. foo bar"
14:07:40.485 [XNIO-15 I/O-3] DEBUG o.s.c.c.CharSequenceEncoder - [522fa640] Writing "98. foo bar"
14:07:40.485 [XNIO-15 I/O-3] DEBUG o.s.c.c.CharSequenceEncoder - [522fa640] Writing "99. foo bar"
14:07:40.485 [XNIO-15 I/O-3] DEBUG o.s.c.c.CharSequenceEncoder - [522fa640] Writing "100. foo bar"
14:07:40.486 [XNIO-15 I/O-3] DEBUG o.s.c.c.CharSequenceEncoder - [522fa640] Writing "101. foo bar"
14:07:40.486 [XNIO-15 I/O-3] DEBUG o.s.c.c.CharSequenceEncoder - [522fa640] Writing "102. foo bar"
14:07:40.486 [XNIO-15 I/O-3] DEBUG o.s.c.c.CharSequenceEncoder - [522fa640] Writing "103. foo bar"
14:07:40.486 [XNIO-15 I/O-3] DEBUG o.s.c.c.CharSequenceEncoder - [522fa640] Writing "104. foo bar"
14:07:40.486 [XNIO-15 I/O-3] DEBUG o.s.c.c.CharSequenceEncoder - [522fa640] Writing "105. foo bar"
14:07:40.486 [XNIO-15 I/O-3] DEBUG o.s.c.c.CharSequenceEncoder - [522fa640] Writing "106. foo bar"
14:07:40.486 [XNIO-15 I/O-3] DEBUG o.s.c.c.CharSequenceEncoder - [522fa640] Writing "107. foo bar"
14:07:40.486 [XNIO-15 I/O-3] DEBUG o.s.c.c.CharSequenceEncoder - [522fa640] Writing "108. foo bar"
14:07:40.486 [XNIO-15 I/O-3] DEBUG o.s.c.c.CharSequenceEncoder - [522fa640] Writing "109. foo bar"
14:07:40.486 [XNIO-15 I/O-3] DEBUG o.s.c.c.CharSequenceEncoder - [522fa640] Writing "110. foo bar"
14:07:40.486 [XNIO-15 I/O-3] DEBUG o.s.c.c.CharSequenceEncoder - [522fa640] Writing "111. foo bar"
14:07:40.486 [XNIO-15 I/O-3] DEBUG o.s.c.c.CharSequenceEncoder - [522fa640] Writing "112. foo bar"
14:07:40.487 [XNIO-15 I/O-3] DEBUG o.s.c.c.CharSequenceEncoder - [522fa640] Writing "113. foo bar"
14:07:40.487 [XNIO-15 I/O-3] DEBUG o.s.c.c.CharSequenceEncoder - [522fa640] Writing "114. foo bar"
14:07:40.487 [XNIO-15 I/O-3] DEBUG o.s.c.c.CharSequenceEncoder - [522fa640] Writing "115. foo bar"
14:07:40.487 [XNIO-15 I/O-3] DEBUG o.s.c.c.CharSequenceEncoder - [522fa640] Writing "116. foo bar"
14:07:40.487 [XNIO-15 I/O-3] DEBUG o.s.c.c.CharSequenceEncoder - [522fa640] Writing "117. foo bar"
14:07:40.487 [XNIO-15 I/O-3] DEBUG o.s.c.c.CharSequenceEncoder - [522fa640] Writing "118. foo bar"
14:07:40.487 [XNIO-15 I/O-3] DEBUG o.s.c.c.CharSequenceEncoder - [522fa640] Writing "119. foo bar"
14:07:40.487 [XNIO-15 I/O-3] DEBUG o.s.c.c.CharSequenceEncoder - [522fa640] Writing "120. foo bar"
14:07:40.487 [XNIO-15 I/O-3] DEBUG o.s.c.c.CharSequenceEncoder - [522fa640] Writing "121. foo bar"
14:07:40.487 [XNIO-15 I/O-3] DEBUG o.s.c.c.CharSequenceEncoder - [522fa640] Writing "122. foo bar"
14:07:40.487 [XNIO-15 I/O-3] DEBUG o.s.c.c.CharSequenceEncoder - [522fa640] Writing "123. foo bar"
14:07:40.487 [XNIO-15 I/O-3] DEBUG o.s.c.c.CharSequenceEncoder - [522fa640] Writing "124. foo bar"
14:07:40.487 [XNIO-15 I/O-3] DEBUG o.s.c.c.CharSequenceEncoder - [522fa640] Writing "125. foo bar"
14:07:40.488 [XNIO-15 I/O-3] DEBUG o.s.c.c.CharSequenceEncoder - [522fa640] Writing "126. foo bar"
14:07:40.488 [XNIO-15 I/O-3] DEBUG o.s.c.c.CharSequenceEncoder - [522fa640] Writing "127. foo bar"
14:07:40.488 [XNIO-15 I/O-3] DEBUG o.s.c.c.CharSequenceEncoder - [522fa640] Writing "128. foo bar"
14:07:40.488 [XNIO-15 I/O-3] DEBUG o.s.c.c.CharSequenceEncoder - [522fa640] Writing "129. foo bar"
14:07:40.488 [XNIO-15 I/O-3] DEBUG o.s.c.c.CharSequenceEncoder - [522fa640] Writing "130. foo bar"
14:07:40.488 [XNIO-15 I/O-3] DEBUG o.s.c.c.CharSequenceEncoder - [522fa640] Writing "131. foo bar"
14:07:40.488 [XNIO-15 I/O-3] DEBUG o.s.c.c.CharSequenceEncoder - [522fa640] Writing "132. foo bar"
14:07:40.488 [XNIO-15 I/O-3] DEBUG o.s.c.c.CharSequenceEncoder - [522fa640] Writing "133. foo bar"
14:07:40.488 [XNIO-15 I/O-3] DEBUG o.s.c.c.CharSequenceEncoder - [522fa640] Writing "134. foo bar"
14:07:40.488 [XNIO-15 I/O-3] DEBUG o.s.c.c.CharSequenceEncoder - [522fa640] Writing "135. foo bar"
14:07:40.488 [XNIO-15 I/O-3] DEBUG o.s.c.c.CharSequenceEncoder - [522fa640] Writing "136. foo bar"
14:07:40.488 [XNIO-15 I/O-3] DEBUG o.s.c.c.CharSequenceEncoder - [522fa640] Writing "137. foo bar"
14:07:40.489 [XNIO-15 I/O-3] DEBUG o.s.c.c.CharSequenceEncoder - [522fa640] Writing "138. foo bar"
14:07:40.489 [XNIO-15 I/O-3] DEBUG o.s.c.c.CharSequenceEncoder - [522fa640] Writing "139. foo bar"
14:07:40.489 [XNIO-15 I/O-3] DEBUG o.s.c.c.CharSequenceEncoder - [522fa640] Writing "140. foo bar"
14:07:40.489 [XNIO-15 I/O-3] DEBUG o.s.c.c.CharSequenceEncoder - [522fa640] Writing "141. foo bar"
14:07:40.489 [XNIO-15 I/O-3] DEBUG o.s.c.c.CharSequenceEncoder - [522fa640] Writing "142. foo bar"
14:07:40.489 [XNIO-15 I/O-3] DEBUG o.s.c.c.CharSequenceEncoder - [522fa640] Writing "143. foo bar"
14:07:40.489 [XNIO-15 I/O-3] DEBUG o.s.c.c.CharSequenceEncoder - [522fa640] Writing "144. foo bar"
14:07:40.489 [XNIO-15 I/O-3] DEBUG o.s.c.c.CharSequenceEncoder - [522fa640] Writing "145. foo bar"
14:07:40.489 [XNIO-15 I/O-3] DEBUG o.s.c.c.CharSequenceEncoder - [522fa640] Writing "146. foo bar"
14:07:40.489 [XNIO-15 I/O-3] DEBUG o.s.c.c.CharSequenceEncoder - [522fa640] Writing "147. foo bar"
14:07:40.489 [XNIO-15 I/O-3] DEBUG o.s.c.c.CharSequenceEncoder - [522fa640] Writing "148. foo bar"
14:07:40.489 [XNIO-15 I/O-3] DEBUG o.s.c.c.CharSequenceEncoder - [522fa640] Writing "149. foo bar"
14:07:40.489 [XNIO-15 I/O-3] DEBUG o.s.c.c.CharSequenceEncoder - [522fa640] Writing "150. foo bar"
14:07:40.490 [XNIO-15 I/O-3] DEBUG o.s.c.c.CharSequenceEncoder - [522fa640] Writing "151. foo bar"
14:07:40.490 [XNIO-15 I/O-3] DEBUG o.s.c.c.CharSequenceEncoder - [522fa640] Writing "152. foo bar"
14:07:40.490 [XNIO-15 I/O-3] DEBUG o.s.c.c.CharSequenceEncoder - [522fa640] Writing "153. foo bar"
14:07:40.490 [XNIO-15 I/O-3] DEBUG o.s.c.c.CharSequenceEncoder - [522fa640] Writing "154. foo bar"
14:07:40.490 [XNIO-15 I/O-3] DEBUG o.s.c.c.CharSequenceEncoder - [522fa640] Writing "155. foo bar"
14:07:40.490 [XNIO-15 I/O-3] DEBUG o.s.c.c.CharSequenceEncoder - [522fa640] Writing "156. foo bar"
14:07:40.490 [XNIO-15 I/O-3] DEBUG o.s.c.c.CharSequenceEncoder - [522fa640] Writing "157. foo bar"
14:07:40.490 [XNIO-15 I/O-3] DEBUG o.s.c.c.CharSequenceEncoder - [522fa640] Writing "158. foo bar"
14:07:40.490 [XNIO-15 I/O-3] DEBUG o.s.c.c.CharSequenceEncoder - [522fa640] Writing "159. foo bar"
14:07:40.490 [XNIO-15 I/O-3] DEBUG o.s.c.c.CharSequenceEncoder - [522fa640] Writing "160. foo bar"
14:07:40.490 [XNIO-15 I/O-3] DEBUG o.s.c.c.CharSequenceEncoder - [522fa640] Writing "161. foo bar"
14:07:40.490 [XNIO-15 I/O-3] DEBUG o.s.c.c.CharSequenceEncoder - [522fa640] Writing "162. foo bar"
14:07:40.490 [XNIO-15 I/O-3] DEBUG o.s.c.c.CharSequenceEncoder - [522fa640] Writing "163. foo bar"
14:07:40.491 [XNIO-15 I/O-3] DEBUG o.s.c.c.CharSequenceEncoder - [522fa640] Writing "164. foo bar"
14:07:40.491 [XNIO-15 I/O-3] DEBUG o.s.c.c.CharSequenceEncoder - [522fa640] Writing "165. foo bar"
14:07:40.491 [XNIO-15 I/O-3] DEBUG o.s.c.c.CharSequenceEncoder - [522fa640] Writing "166. foo bar"
14:07:40.491 [XNIO-15 I/O-3] DEBUG o.s.c.c.CharSequenceEncoder - [522fa640] Writing "167. foo bar"
14:07:40.491 [XNIO-15 I/O-3] DEBUG o.s.c.c.CharSequenceEncoder - [522fa640] Writing "168. foo bar"
14:07:40.491 [XNIO-15 I/O-3] DEBUG o.s.c.c.CharSequenceEncoder - [522fa640] Writing "169. foo bar"
14:07:40.491 [XNIO-15 I/O-3] DEBUG o.s.c.c.CharSequenceEncoder - [522fa640] Writing "170. foo bar"
14:07:40.491 [XNIO-15 I/O-3] DEBUG o.s.c.c.CharSequenceEncoder - [522fa640] Writing "171. foo bar"
14:07:40.491 [XNIO-15 I/O-3] DEBUG o.s.c.c.CharSequenceEncoder - [522fa640] Writing "172. foo bar"
14:07:40.491 [XNIO-15 I/O-3] DEBUG o.s.c.c.CharSequenceEncoder - [522fa640] Writing "173. foo bar"
14:07:40.491 [XNIO-15 I/O-3] DEBUG o.s.c.c.CharSequenceEncoder - [522fa640] Writing "174. foo bar"
14:07:40.491 [XNIO-15 I/O-3] DEBUG o.s.c.c.CharSequenceEncoder - [522fa640] Writing "175. foo bar"
14:07:40.491 [XNIO-15 I/O-3] DEBUG o.s.c.c.CharSequenceEncoder - [522fa640] Writing "176. foo bar"
14:07:40.491 [XNIO-15 I/O-3] DEBUG o.s.c.c.CharSequenceEncoder - [522fa640] Writing "177. foo bar"
14:07:40.492 [XNIO-15 I/O-3] DEBUG o.s.c.c.CharSequenceEncoder - [522fa640] Writing "178. foo bar"
14:07:40.492 [XNIO-15 I/O-3] DEBUG o.s.c.c.CharSequenceEncoder - [522fa640] Writing "179. foo bar"
14:07:40.492 [XNIO-15 I/O-3] DEBUG o.s.c.c.CharSequenceEncoder - [522fa640] Writing "180. foo bar"
14:07:40.492 [XNIO-15 I/O-3] DEBUG o.s.c.c.CharSequenceEncoder - [522fa640] Writing "181. foo bar"
14:07:40.492 [XNIO-15 I/O-3] DEBUG o.s.c.c.CharSequenceEncoder - [522fa640] Writing "182. foo bar"
14:07:40.492 [XNIO-15 I/O-3] DEBUG o.s.c.c.CharSequenceEncoder - [522fa640] Writing "183. foo bar"
14:07:40.492 [XNIO-15 I/O-3] DEBUG o.s.c.c.CharSequenceEncoder - [522fa640] Writing "184. foo bar"
14:07:40.492 [XNIO-15 I/O-3] DEBUG o.s.c.c.CharSequenceEncoder - [522fa640] Writing "185. foo bar"
14:07:40.492 [XNIO-15 I/O-3] DEBUG o.s.c.c.CharSequenceEncoder - [522fa640] Writing "186. foo bar"
14:07:40.492 [XNIO-15 I/O-3] DEBUG o.s.c.c.CharSequenceEncoder - [522fa640] Writing "187. foo bar"
14:07:40.492 [XNIO-15 I/O-3] DEBUG o.s.c.c.CharSequenceEncoder - [522fa640] Writing "188. foo bar"
14:07:40.492 [XNIO-15 I/O-3] DEBUG o.s.c.c.CharSequenceEncoder - [522fa640] Writing "189. foo bar"
14:07:40.492 [XNIO-15 I/O-3] DEBUG o.s.c.c.CharSequenceEncoder - [522fa640] Writing "190. foo bar"
14:07:40.492 [XNIO-15 I/O-3] DEBUG o.s.c.c.CharSequenceEncoder - [522fa640] Writing "191. foo bar"
14:07:40.492 [XNIO-15 I/O-3] DEBUG o.s.c.c.CharSequenceEncoder - [522fa640] Writing "192. foo bar"
14:07:40.493 [XNIO-15 I/O-3] DEBUG o.s.c.c.CharSequenceEncoder - [522fa640] Writing "193. foo bar"
14:07:40.493 [XNIO-15 I/O-3] DEBUG o.s.c.c.CharSequenceEncoder - [522fa640] Writing "194. foo bar"
14:07:40.493 [XNIO-15 I/O-3] DEBUG o.s.c.c.CharSequenceEncoder - [522fa640] Writing "195. foo bar"
14:07:40.493 [XNIO-15 I/O-3] DEBUG o.s.c.c.CharSequenceEncoder - [522fa640] Writing "196. foo bar"
14:07:40.493 [XNIO-15 I/O-3] DEBUG o.s.c.c.CharSequenceEncoder - [522fa640] Writing "197. foo bar"
14:07:40.493 [XNIO-15 I/O-3] DEBUG o.s.c.c.CharSequenceEncoder - [522fa640] Writing "198. foo bar"
14:07:40.493 [XNIO-15 I/O-3] DEBUG o.s.c.c.CharSequenceEncoder - [522fa640] Writing "199. foo bar"
14:07:40.493 [XNIO-15 I/O-3] DEBUG o.s.c.c.CharSequenceEncoder - [522fa640] Writing "200. foo bar"
14:07:40.493 [XNIO-15 I/O-3] DEBUG o.s.c.c.CharSequenceEncoder - [522fa640] Writing "201. foo bar"
14:07:40.493 [XNIO-15 I/O-3] DEBUG o.s.c.c.CharSequenceEncoder - [522fa640] Writing "202. foo bar"
14:07:40.493 [XNIO-15 I/O-3] DEBUG o.s.c.c.CharSequenceEncoder - [522fa640] Writing "203. foo bar"
14:07:40.493 [XNIO-15 I/O-3] DEBUG o.s.c.c.CharSequenceEncoder - [522fa640] Writing "204. foo bar"
14:07:40.493 [XNIO-15 I/O-3] DEBUG o.s.c.c.CharSequenceEncoder - [522fa640] Writing "205. foo bar"
14:07:40.494 [XNIO-15 I/O-3] DEBUG o.s.c.c.CharSequenceEncoder - [522fa640] Writing "206. foo bar"
14:07:40.494 [XNIO-15 I/O-3] DEBUG o.s.c.c.CharSequenceEncoder - [522fa640] Writing "207. foo bar"
14:07:40.494 [XNIO-15 I/O-3] DEBUG o.s.c.c.CharSequenceEncoder - [522fa640] Writing "208. foo bar"
14:07:40.494 [XNIO-15 I/O-3] DEBUG o.s.c.c.CharSequenceEncoder - [522fa640] Writing "209. foo bar"
14:07:40.494 [XNIO-15 I/O-3] DEBUG o.s.c.c.CharSequenceEncoder - [522fa640] Writing "210. foo bar"
14:07:40.494 [XNIO-15 I/O-3] DEBUG o.s.c.c.CharSequenceEncoder - [522fa640] Writing "211. foo bar"
14:07:40.494 [XNIO-15 I/O-3] DEBUG o.s.c.c.CharSequenceEncoder - [522fa640] Writing "212. foo bar"
14:07:40.494 [XNIO-15 I/O-3] DEBUG o.s.c.c.CharSequenceEncoder - [522fa640] Writing "213. foo bar"
14:07:40.494 [XNIO-15 I/O-3] DEBUG o.s.c.c.CharSequenceEncoder - [522fa640] Writing "214. foo bar"
14:07:40.494 [XNIO-15 I/O-3] DEBUG o.s.c.c.CharSequenceEncoder - [522fa640] Writing "215. foo bar"
14:07:40.494 [XNIO-15 I/O-3] DEBUG o.s.c.c.CharSequenceEncoder - [522fa640] Writing "216. foo bar"
14:07:40.494 [XNIO-15 I/O-3] DEBUG o.s.c.c.CharSequenceEncoder - [522fa640] Writing "217. foo bar"
14:07:40.495 [XNIO-15 I/O-3] DEBUG o.s.c.c.CharSequenceEncoder - [522fa640] Writing "218. foo bar"
14:07:40.495 [XNIO-15 I/O-3] DEBUG o.s.c.c.CharSequenceEncoder - [522fa640] Writing "219. foo bar"
14:07:40.495 [XNIO-15 I/O-3] DEBUG o.s.c.c.CharSequenceEncoder - [522fa640] Writing "220. foo bar"
14:07:40.495 [XNIO-15 I/O-3] DEBUG o.s.c.c.CharSequenceEncoder - [522fa640] Writing "221. foo bar"
14:07:40.495 [XNIO-15 I/O-3] DEBUG o.s.c.c.CharSequenceEncoder - [522fa640] Writing "222. foo bar"
14:07:40.495 [XNIO-15 I/O-3] DEBUG o.s.c.c.CharSequenceEncoder - [522fa640] Writing "223. foo bar"
14:07:40.495 [XNIO-15 I/O-3] DEBUG o.s.c.c.CharSequenceEncoder - [522fa640] Writing "224. foo bar"
14:07:40.495 [XNIO-15 I/O-3] DEBUG o.s.c.c.CharSequenceEncoder - [522fa640] Writing "225. foo bar"
14:07:40.495 [XNIO-15 I/O-3] DEBUG o.s.c.c.CharSequenceEncoder - [522fa640] Writing "226. foo bar"
14:07:40.495 [XNIO-15 I/O-3] DEBUG o.s.c.c.CharSequenceEncoder - [522fa640] Writing "227. foo bar"
14:07:40.495 [XNIO-15 I/O-3] DEBUG o.s.c.c.CharSequenceEncoder - [522fa640] Writing "228. foo bar"
14:07:40.495 [XNIO-15 I/O-3] DEBUG o.s.c.c.CharSequenceEncoder - [522fa640] Writing "229. foo bar"
14:07:40.495 [XNIO-15 I/O-3] DEBUG o.s.c.c.CharSequenceEncoder - [522fa640] Writing "230. foo bar"
14:07:40.496 [XNIO-15 I/O-3] DEBUG o.s.c.c.CharSequenceEncoder - [522fa640] Writing "231. foo bar"
14:07:40.496 [XNIO-15 I/O-3] DEBUG o.s.c.c.CharSequenceEncoder - [522fa640] Writing "232. foo bar"
14:07:40.496 [XNIO-15 I/O-3] DEBUG o.s.c.c.CharSequenceEncoder - [522fa640] Writing "233. foo bar"
14:07:40.496 [XNIO-15 I/O-3] DEBUG o.s.c.c.CharSequenceEncoder - [522fa640] Writing "234. foo bar"
14:07:40.496 [XNIO-15 I/O-3] DEBUG o.s.c.c.CharSequenceEncoder - [522fa640] Writing "235. foo bar"
14:07:40.496 [XNIO-15 I/O-3] DEBUG o.s.c.c.CharSequenceEncoder - [522fa640] Writing "236. foo bar"
14:07:40.496 [XNIO-15 I/O-3] DEBUG o.s.c.c.CharSequenceEncoder - [522fa640] Writing "237. foo bar"
14:07:40.496 [XNIO-15 I/O-3] DEBUG o.s.c.c.CharSequenceEncoder - [522fa640] Writing "238. foo bar"
14:07:40.496 [XNIO-15 I/O-3] DEBUG o.s.c.c.CharSequenceEncoder - [522fa640] Writing "239. foo bar"
14:07:40.496 [XNIO-15 I/O-3] DEBUG o.s.c.c.CharSequenceEncoder - [522fa640] Writing "240. foo bar"
14:07:40.496 [XNIO-15 I/O-3] DEBUG o.s.c.c.CharSequenceEncoder - [522fa640] Writing "241. foo bar"
14:07:40.496 [XNIO-15 I/O-3] DEBUG o.s.c.c.CharSequenceEncoder - [522fa640] Writing "242. foo bar"
14:07:40.496 [XNIO-15 I/O-3] DEBUG o.s.c.c.CharSequenceEncoder - [522fa640] Writing "243. foo bar"
14:07:40.497 [XNIO-15 I/O-3] DEBUG o.s.c.c.CharSequenceEncoder - [522fa640] Writing "244. foo bar"
14:07:40.497 [XNIO-15 I/O-3] DEBUG o.s.c.c.CharSequenceEncoder - [522fa640] Writing "245. foo bar"
14:07:40.497 [XNIO-15 I/O-3] DEBUG o.s.c.c.CharSequenceEncoder - [522fa640] Writing "246. foo bar"
14:07:40.497 [XNIO-15 I/O-3] DEBUG o.s.c.c.CharSequenceEncoder - [522fa640] Writing "247. foo bar"
14:07:40.497 [XNIO-15 I/O-3] DEBUG o.s.c.c.CharSequenceEncoder - [522fa640] Writing "248. foo bar"
14:07:40.497 [XNIO-15 I/O-3] DEBUG o.s.c.c.CharSequenceEncoder - [522fa640] Writing "249. foo bar"
14:07:40.497 [XNIO-15 I/O-3] DEBUG o.s.c.c.CharSequenceEncoder - [522fa640] Writing "250. foo bar"
14:07:40.497 [XNIO-15 I/O-3] DEBUG o.s.c.c.CharSequenceEncoder - [522fa640] Writing "251. foo bar"
14:07:40.497 [XNIO-15 I/O-3] DEBUG o.s.c.c.CharSequenceEncoder - [522fa640] Writing "252. foo bar"
14:07:40.497 [XNIO-15 I/O-3] DEBUG o.s.c.c.CharSequenceEncoder - [522fa640] Writing "253. foo bar"
14:07:40.497 [XNIO-15 I/O-3] DEBUG o.s.c.c.CharSequenceEncoder - [522fa640] Writing "254. foo bar"
14:07:40.497 [XNIO-15 I/O-3] DEBUG o.s.c.c.CharSequenceEncoder - [522fa640] Writing "255. foo bar"
14:07:40.497 [XNIO-15 I/O-3] DEBUG o.s.c.c.CharSequenceEncoder - [522fa640] Writing "256. foo bar"
14:07:40.498 [XNIO-15 I/O-3] DEBUG o.s.c.c.CharSequenceEncoder - [522fa640] Writing "257. foo bar"
14:07:40.498 [XNIO-15 I/O-3] DEBUG o.s.c.c.CharSequenceEncoder - [522fa640] Writing "258. foo bar"
14:07:40.498 [XNIO-15 I/O-3] DEBUG o.s.c.c.CharSequenceEncoder - [522fa640] Writing "259. foo bar"
14:07:40.498 [XNIO-15 I/O-3] DEBUG o.s.c.c.CharSequenceEncoder - [522fa640] Writing "260. foo bar"
14:07:40.498 [XNIO-15 I/O-3] DEBUG o.s.c.c.CharSequenceEncoder - [522fa640] Writing "261. foo bar"
14:07:40.498 [XNIO-15 I/O-3] DEBUG o.s.c.c.CharSequenceEncoder - [522fa640] Writing "262. foo bar"
14:07:40.498 [XNIO-15 I/O-3] DEBUG o.s.c.c.CharSequenceEncoder - [522fa640] Writing "263. foo bar"
14:07:40.498 [XNIO-15 I/O-3] DEBUG o.s.c.c.CharSequenceEncoder - [522fa640] Writing "264. foo bar"
14:07:40.498 [XNIO-15 I/O-3] DEBUG o.s.c.c.CharSequenceEncoder - [522fa640] Writing "265. foo bar"
14:07:40.498 [XNIO-15 I/O-3] DEBUG o.s.c.c.CharSequenceEncoder - [522fa640] Writing "266. foo bar"
14:07:40.498 [XNIO-15 I/O-3] DEBUG o.s.c.c.CharSequenceEncoder - [522fa640] Writing "267. foo bar"
14:07:40.498 [XNIO-15 I/O-3] DEBUG o.s.c.c.CharSequenceEncoder - [522fa640] Writing "268. foo bar"
14:07:40.499 [XNIO-15 I/O-3] DEBUG o.s.c.c.CharSequenceEncoder - [522fa640] Writing "269. foo bar"
14:07:40.499 [XNIO-15 I/O-3] DEBUG o.s.c.c.CharSequenceEncoder - [522fa640] Writing "270. foo bar"
14:07:40.499 [XNIO-15 I/O-3] DEBUG o.s.c.c.CharSequenceEncoder - [522fa640] Writing "271. foo bar"
14:07:40.499 [XNIO-15 I/O-3] DEBUG o.s.c.c.CharSequenceEncoder - [522fa640] Writing "272. foo bar"
14:07:40.499 [XNIO-15 I/O-3] DEBUG o.s.c.c.CharSequenceEncoder - [522fa640] Writing "273. foo bar"
14:07:40.499 [XNIO-15 I/O-3] DEBUG o.s.c.c.CharSequenceEncoder - [522fa640] Writing "274. foo bar"
14:07:40.499 [XNIO-15 I/O-3] DEBUG o.s.c.c.CharSequenceEncoder - [522fa640] Writing "275. foo bar"
14:07:40.499 [XNIO-15 I/O-3] DEBUG o.s.c.c.CharSequenceEncoder - [522fa640] Writing "276. foo bar"
14:07:40.499 [XNIO-15 I/O-3] DEBUG o.s.c.c.CharSequenceEncoder - [522fa640] Writing "277. foo bar"
14:07:40.499 [XNIO-15 I/O-3] DEBUG o.s.c.c.CharSequenceEncoder - [522fa640] Writing "278. foo bar"
14:07:40.499 [XNIO-15 I/O-3] DEBUG o.s.c.c.CharSequenceEncoder - [522fa640] Writing "279. foo bar"
14:07:40.499 [XNIO-15 I/O-3] DEBUG o.s.c.c.CharSequenceEncoder - [522fa640] Writing "280. foo bar"
14:07:40.500 [XNIO-15 I/O-3] DEBUG o.s.c.c.CharSequenceEncoder - [522fa640] Writing "281. foo bar"
14:07:40.500 [XNIO-15 I/O-3] DEBUG o.s.c.c.CharSequenceEncoder - [522fa640] Writing "282. foo bar"
14:07:40.500 [XNIO-15 I/O-3] DEBUG o.s.c.c.CharSequenceEncoder - [522fa640] Writing "283. foo bar"
14:07:40.500 [XNIO-15 I/O-3] DEBUG o.s.c.c.CharSequenceEncoder - [522fa640] Writing "284. foo bar"
14:07:40.500 [XNIO-15 I/O-3] DEBUG o.s.c.c.CharSequenceEncoder - [522fa640] Writing "285. foo bar"
14:07:40.500 [XNIO-15 I/O-3] DEBUG o.s.c.c.CharSequenceEncoder - [522fa640] Writing "286. foo bar"
14:07:40.500 [XNIO-15 I/O-3] DEBUG o.s.c.c.CharSequenceEncoder - [522fa640] Writing "287. foo bar"
14:07:40.500 [XNIO-15 I/O-3] DEBUG o.s.c.c.CharSequenceEncoder - [522fa640] Writing "288. foo bar"
14:07:40.500 [XNIO-15 I/O-3] DEBUG o.s.c.c.CharSequenceEncoder - [522fa640] Writing "289. foo bar"
14:07:40.500 [XNIO-15 I/O-3] DEBUG o.s.c.c.CharSequenceEncoder - [522fa640] Writing "290. foo bar"
14:07:40.500 [XNIO-15 I/O-3] DEBUG o.s.c.c.CharSequenceEncoder - [522fa640] Writing "291. foo bar"
14:07:40.501 [XNIO-15 I/O-3] DEBUG o.s.c.c.CharSequenceEncoder - [522fa640] Writing "292. foo bar"
14:07:40.501 [XNIO-15 I/O-3] DEBUG o.s.c.c.CharSequenceEncoder - [522fa640] Writing "293. foo bar"
14:07:40.501 [XNIO-15 I/O-3] DEBUG o.s.c.c.CharSequenceEncoder - [522fa640] Writing "294. foo bar"
14:07:40.501 [XNIO-15 I/O-3] DEBUG o.s.c.c.CharSequenceEncoder - [522fa640] Writing "295. foo bar"
14:07:40.501 [XNIO-15 I/O-3] DEBUG o.s.c.c.CharSequenceEncoder - [522fa640] Writing "296. foo bar"
14:07:40.501 [XNIO-15 I/O-3] DEBUG o.s.c.c.CharSequenceEncoder - [522fa640] Writing "297. foo bar"
14:07:40.501 [XNIO-15 I/O-3] DEBUG o.s.c.c.CharSequenceEncoder - [522fa640] Writing "298. foo bar"
14:07:40.501 [XNIO-15 I/O-3] DEBUG o.s.c.c.CharSequenceEncoder - [522fa640] Writing "299. foo bar"
14:07:40.501 [XNIO-15 I/O-3] DEBUG o.s.c.c.CharSequenceEncoder - [522fa640] Writing "300. foo bar"
14:07:40.501 [XNIO-15 I/O-3] DEBUG o.s.c.c.CharSequenceEncoder - [522fa640] Writing "301. foo bar"
14:07:40.501 [XNIO-15 I/O-3] DEBUG o.s.c.c.CharSequenceEncoder - [522fa640] Writing "302. foo bar"
14:07:40.501 [XNIO-15 I/O-3] DEBUG o.s.c.c.CharSequenceEncoder - [522fa640] Writing "303. foo bar"
14:07:40.501 [XNIO-15 I/O-3] DEBUG o.s.c.c.CharSequenceEncoder - [522fa640] Writing "304. foo bar"
14:07:40.502 [XNIO-15 I/O-3] DEBUG o.s.c.c.CharSequenceEncoder - [522fa640] Writing "305. foo bar"
14:07:40.502 [XNIO-15 I/O-3] DEBUG o.s.c.c.CharSequenceEncoder - [522fa640] Writing "306. foo bar"
14:07:40.502 [XNIO-15 I/O-3] DEBUG o.s.c.c.CharSequenceEncoder - [522fa640] Writing "307. foo bar"
14:07:40.502 [XNIO-15 I/O-3] DEBUG o.s.c.c.CharSequenceEncoder - [522fa640] Writing "308. foo bar"
14:07:40.502 [XNIO-15 I/O-3] DEBUG o.s.c.c.CharSequenceEncoder - [522fa640] Writing "309. foo bar"
14:07:40.502 [XNIO-15 I/O-3] DEBUG o.s.c.c.CharSequenceEncoder - [522fa640] Writing "310. foo bar"
14:07:40.502 [XNIO-15 I/O-3] DEBUG o.s.c.c.CharSequenceEncoder - [522fa640] Writing "311. foo bar"
14:07:40.502 [XNIO-15 I/O-3] DEBUG o.s.c.c.CharSequenceEncoder - [522fa640] Writing "312. foo bar"
14:07:40.502 [XNIO-15 I/O-3] DEBUG o.s.c.c.CharSequenceEncoder - [522fa640] Writing "313. foo bar"
14:07:40.502 [XNIO-15 I/O-3] DEBUG o.s.c.c.CharSequenceEncoder - [522fa640] Writing "314. foo bar"
14:07:40.502 [XNIO-15 I/O-3] DEBUG o.s.c.c.CharSequenceEncoder - [522fa640] Writing "315. foo bar"
14:07:40.502 [XNIO-15 I/O-3] DEBUG o.s.c.c.CharSequenceEncoder - [522fa640] Writing "316. foo bar"
14:07:40.502 [XNIO-15 I/O-3] DEBUG o.s.c.c.CharSequenceEncoder - [522fa640] Writing "317. foo bar"
14:07:40.502 [XNIO-15 I/O-3] DEBUG o.s.c.c.CharSequenceEncoder - [522fa640] Writing "318. foo bar"
14:07:40.503 [XNIO-15 I/O-3] DEBUG o.s.c.c.CharSequenceEncoder - [522fa640] Writing "319. foo bar"
14:07:40.503 [XNIO-15 I/O-3] DEBUG o.s.c.c.CharSequenceEncoder - [522fa640] Writing "320. foo bar"
14:07:40.503 [XNIO-15 I/O-3] DEBUG o.s.c.c.CharSequenceEncoder - [522fa640] Writing "321. foo bar"
14:07:40.503 [XNIO-15 I/O-3] DEBUG o.s.c.c.CharSequenceEncoder - [522fa640] Writing "322. foo bar"
14:07:40.503 [XNIO-15 I/O-3] DEBUG o.s.c.c.CharSequenceEncoder - [522fa640] Writing "323. foo bar"
14:07:40.503 [XNIO-15 I/O-3] DEBUG o.s.c.c.CharSequenceEncoder - [522fa640] Writing "324. foo bar"
14:07:40.503 [XNIO-15 I/O-3] DEBUG o.s.c.c.CharSequenceEncoder - [522fa640] Writing "325. foo bar"
14:07:40.503 [XNIO-15 I/O-3] DEBUG o.s.c.c.CharSequenceEncoder - [522fa640] Writing "326. foo bar"
14:07:40.503 [XNIO-15 I/O-3] DEBUG o.s.c.c.CharSequenceEncoder - [522fa640] Writing "327. foo bar"
14:07:40.503 [XNIO-15 I/O-3] DEBUG o.s.c.c.CharSequenceEncoder - [522fa640] Writing "328. foo bar"
14:07:40.503 [XNIO-15 I/O-3] DEBUG o.s.c.c.CharSequenceEncoder - [522fa640] Writing "329. foo bar"
14:07:40.503 [XNIO-15 I/O-3] DEBUG o.s.c.c.CharSequenceEncoder - [522fa640] Writing "330. foo bar"
14:07:40.503 [XNIO-15 I/O-3] DEBUG o.s.c.c.CharSequenceEncoder - [522fa640] Writing "331. foo bar"
14:07:40.504 [XNIO-15 I/O-3] DEBUG o.s.c.c.CharSequenceEncoder - [522fa640] Writing "332. foo bar"
14:07:40.504 [XNIO-15 I/O-3] DEBUG o.s.c.c.CharSequenceEncoder - [522fa640] Writing "333. foo bar"
14:07:40.504 [XNIO-15 I/O-3] DEBUG o.s.c.c.CharSequenceEncoder - [522fa640] Writing "334. foo bar"
14:07:40.504 [XNIO-15 I/O-3] DEBUG o.s.c.c.CharSequenceEncoder - [522fa640] Writing "335. foo bar"
14:07:40.504 [XNIO-15 I/O-3] DEBUG o.s.c.c.CharSequenceEncoder - [522fa640] Writing "336. foo bar"
14:07:40.504 [XNIO-15 I/O-3] DEBUG o.s.c.c.CharSequenceEncoder - [522fa640] Writing "337. foo bar"
14:07:40.504 [XNIO-15 I/O-3] DEBUG o.s.c.c.CharSequenceEncoder - [522fa640] Writing "338. foo bar"
14:07:40.504 [XNIO-15 I/O-3] DEBUG o.s.c.c.CharSequenceEncoder - [522fa640] Writing "339. foo bar"
14:07:40.504 [XNIO-15 I/O-3] DEBUG o.s.c.c.CharSequenceEncoder - [522fa640] Writing "340. foo bar"
14:07:40.504 [XNIO-15 I/O-3] DEBUG o.s.c.c.CharSequenceEncoder - [522fa640] Writing "341. foo bar"
14:07:40.504 [XNIO-15 I/O-3] DEBUG o.s.c.c.CharSequenceEncoder - [522fa640] Writing "342. foo bar"
14:07:40.504 [XNIO-15 I/O-3] DEBUG o.s.c.c.CharSequenceEncoder - [522fa640] Writing "343. foo bar"
14:07:40.504 [XNIO-15 I/O-3] DEBUG o.s.c.c.CharSequenceEncoder - [522fa640] Writing "344. foo bar"
14:07:40.504 [XNIO-15 I/O-3] DEBUG o.s.c.c.CharSequenceEncoder - [522fa640] Writing "345. foo bar"
14:07:40.505 [XNIO-15 I/O-3] DEBUG o.s.c.c.CharSequenceEncoder - [522fa640] Writing "346. foo bar"
14:07:40.505 [XNIO-15 I/O-3] DEBUG o.s.c.c.CharSequenceEncoder - [522fa640] Writing "347. foo bar"
14:07:40.505 [XNIO-15 I/O-3] DEBUG o.s.c.c.CharSequenceEncoder - [522fa640] Writing "348. foo bar"
14:07:40.505 [XNIO-15 I/O-3] DEBUG o.s.c.c.CharSequenceEncoder - [522fa640] Writing "349. foo bar"
14:07:40.505 [XNIO-15 I/O-3] DEBUG o.s.c.c.CharSequenceEncoder - [522fa640] Writing "350. foo bar"
14:07:40.505 [XNIO-15 I/O-3] DEBUG o.s.c.c.CharSequenceEncoder - [522fa640] Writing "351. foo bar"
14:07:40.505 [XNIO-15 I/O-3] DEBUG o.s.c.c.CharSequenceEncoder - [522fa640] Writing "352. foo bar"
14:07:40.505 [XNIO-15 I/O-3] DEBUG o.s.c.c.CharSequenceEncoder - [522fa640] Writing "353. foo bar"
14:07:40.505 [XNIO-15 I/O-3] DEBUG o.s.c.c.CharSequenceEncoder - [522fa640] Writing "354. foo bar"
14:07:40.505 [XNIO-15 I/O-3] DEBUG o.s.c.c.CharSequenceEncoder - [522fa640] Writing "355. foo bar"
14:07:40.505 [XNIO-15 I/O-3] DEBUG o.s.c.c.CharSequenceEncoder - [522fa640] Writing "356. foo bar"
14:07:40.505 [XNIO-15 I/O-3] DEBUG o.s.c.c.CharSequenceEncoder - [522fa640] Writing "357. foo bar"
14:07:40.506 [XNIO-15 I/O-3] DEBUG o.s.c.c.CharSequenceEncoder - [522fa640] Writing "358. foo bar"
14:07:40.506 [XNIO-15 I/O-3] DEBUG o.s.c.c.CharSequenceEncoder - [522fa640] Writing "359. foo bar"
14:07:40.506 [XNIO-15 I/O-3] DEBUG o.s.c.c.CharSequenceEncoder - [522fa640] Writing "360. foo bar"
14:07:40.506 [XNIO-15 I/O-3] DEBUG o.s.c.c.CharSequenceEncoder - [522fa640] Writing "361. foo bar"
14:07:40.506 [XNIO-15 I/O-3] DEBUG o.s.c.c.CharSequenceEncoder - [522fa640] Writing "362. foo bar"
14:07:40.506 [XNIO-15 I/O-3] DEBUG o.s.c.c.CharSequenceEncoder - [522fa640] Writing "363. foo bar"
14:07:40.506 [XNIO-15 I/O-3] DEBUG o.s.c.c.CharSequenceEncoder - [522fa640] Writing "364. foo bar"
14:07:40.506 [XNIO-15 I/O-3] DEBUG o.s.c.c.CharSequenceEncoder - [522fa640] Writing "365. foo bar"
14:07:40.506 [XNIO-15 I/O-3] DEBUG o.s.c.c.CharSequenceEncoder - [522fa640] Writing "366. foo bar"
14:07:40.506 [XNIO-15 I/O-3] DEBUG o.s.c.c.CharSequenceEncoder - [522fa640] Writing "367. foo bar"
14:07:40.506 [XNIO-15 I/O-3] DEBUG o.s.c.c.CharSequenceEncoder - [522fa640] Writing "368. foo bar"
14:07:40.506 [XNIO-15 I/O-3] DEBUG o.s.c.c.CharSequenceEncoder - [522fa640] Writing "369. foo bar"
14:07:40.506 [XNIO-15 I/O-3] DEBUG o.s.c.c.CharSequenceEncoder - [522fa640] Writing "370. foo bar"
14:07:40.506 [XNIO-15 I/O-3] DEBUG o.s.c.c.CharSequenceEncoder - [522fa640] Writing "371. foo bar"
14:07:40.507 [XNIO-15 I/O-3] DEBUG o.s.c.c.CharSequenceEncoder - [522fa640] Writing "372. foo bar"
14:07:40.507 [XNIO-15 I/O-3] DEBUG o.s.c.c.CharSequenceEncoder - [522fa640] Writing "373. foo bar"
14:07:40.507 [XNIO-15 I/O-3] DEBUG o.s.c.c.CharSequenceEncoder - [522fa640] Writing "374. foo bar"
14:07:40.507 [XNIO-15 I/O-3] DEBUG o.s.c.c.CharSequenceEncoder - [522fa640] Writing "375. foo bar"
14:07:40.507 [XNIO-15 I/O-3] DEBUG o.s.c.c.CharSequenceEncoder - [522fa640] Writing "376. foo bar"
14:07:40.507 [XNIO-15 I/O-3] DEBUG o.s.c.c.CharSequenceEncoder - [522fa640] Writing "377. foo bar"
14:07:40.507 [XNIO-15 I/O-3] DEBUG o.s.c.c.CharSequenceEncoder - [522fa640] Writing "378. foo bar"
14:07:40.507 [XNIO-15 I/O-3] DEBUG o.s.c.c.CharSequenceEncoder - [522fa640] Writing "379. foo bar"
14:07:40.507 [XNIO-15 I/O-3] DEBUG o.s.c.c.CharSequenceEncoder - [522fa640] Writing "380. foo bar"
14:07:40.507 [XNIO-15 I/O-3] DEBUG o.s.c.c.CharSequenceEncoder - [522fa640] Writing "381. foo bar"
14:07:40.507 [XNIO-15 I/O-3] DEBUG o.s.c.c.CharSequenceEncoder - [522fa640] Writing "382. foo bar"
14:07:40.507 [XNIO-15 I/O-3] DEBUG o.s.c.c.CharSequenceEncoder - [522fa640] Writing "383. foo bar"
14:07:40.507 [XNIO-15 I/O-3] DEBUG o.s.c.c.CharSequenceEncoder - [522fa640] Writing "384. foo bar"
14:07:40.507 [XNIO-15 I/O-3] DEBUG o.s.c.c.CharSequenceEncoder - [522fa640] Writing "385. foo bar"
14:07:40.508 [XNIO-15 I/O-3] DEBUG o.s.c.c.CharSequenceEncoder - [522fa640] Writing "386. foo bar"
14:07:40.508 [XNIO-15 I/O-3] DEBUG o.s.c.c.CharSequenceEncoder - [522fa640] Writing "387. foo bar"
14:07:40.508 [XNIO-15 I/O-3] DEBUG o.s.c.c.CharSequenceEncoder - [522fa640] Writing "388. foo bar"
14:07:40.508 [XNIO-15 I/O-3] DEBUG o.s.c.c.CharSequenceEncoder - [522fa640] Writing "389. foo bar"
14:07:40.508 [XNIO-15 I/O-3] DEBUG o.s.c.c.CharSequenceEncoder - [522fa640] Writing "390. foo bar"
14:07:40.508 [XNIO-15 I/O-3] DEBUG o.s.c.c.CharSequenceEncoder - [522fa640] Writing "391. foo bar"
14:07:40.508 [XNIO-15 I/O-3] DEBUG o.s.c.c.CharSequenceEncoder - [522fa640] Writing "392. foo bar"
14:07:40.508 [XNIO-15 I/O-3] DEBUG o.s.c.c.CharSequenceEncoder - [522fa640] Writing "393. foo bar"
14:07:40.508 [XNIO-15 I/O-3] DEBUG o.s.c.c.CharSequenceEncoder - [522fa640] Writing "394. foo bar"
14:07:40.508 [XNIO-15 I/O-3] DEBUG o.s.c.c.CharSequenceEncoder - [522fa640] Writing "395. foo bar"
14:07:40.509 [XNIO-15 I/O-3] DEBUG o.s.c.c.CharSequenceEncoder - [522fa640] Writing "396. foo bar"
14:07:40.509 [XNIO-15 I/O-3] DEBUG o.s.c.c.CharSequenceEncoder - [522fa640] Writing "397. foo bar"
14:07:40.509 [XNIO-15 I/O-3] DEBUG o.s.c.c.CharSequenceEncoder - [522fa640] Writing "398. foo bar"
14:07:40.509 [XNIO-15 I/O-3] DEBUG o.s.c.c.CharSequenceEncoder - [522fa640] Writing "399. foo bar"
14:07:40.509 [XNIO-15 I/O-3] DEBUG o.s.c.c.CharSequenceEncoder - [522fa640] Writing "400. foo bar"
14:07:40.509 [XNIO-15 I/O-3] DEBUG o.s.c.c.CharSequenceEncoder - [522fa640] Writing "401. foo bar"
14:07:40.509 [XNIO-15 I/O-3] DEBUG o.s.c.c.CharSequenceEncoder - [522fa640] Writing "402. foo bar"
14:07:40.509 [XNIO-15 I/O-3] DEBUG o.s.c.c.CharSequenceEncoder - [522fa640] Writing "403. foo bar"
14:07:40.509 [XNIO-15 I/O-3] DEBUG o.s.c.c.CharSequenceEncoder - [522fa640] Writing "404. foo bar"
14:07:40.509 [XNIO-15 I/O-3] DEBUG o.s.c.c.CharSequenceEncoder - [522fa640] Writing "405. foo bar"
14:07:40.510 [XNIO-15 I/O-3] DEBUG o.s.c.c.CharSequenceEncoder - [522fa640] Writing "406. foo bar"
14:07:40.510 [XNIO-15 I/O-3] DEBUG o.s.c.c.CharSequenceEncoder - [522fa640] Writing "407. foo bar"
14:07:40.510 [XNIO-15 I/O-3] DEBUG o.s.c.c.CharSequenceEncoder - [522fa640] Writing "408. foo bar"
14:07:40.510 [XNIO-15 I/O-3] DEBUG o.s.c.c.CharSequenceEncoder - [522fa640] Writing "409. foo bar"
14:07:40.510 [XNIO-15 I/O-3] DEBUG o.s.c.c.CharSequenceEncoder - [522fa640] Writing "410. foo bar"
14:07:40.510 [XNIO-15 I/O-3] DEBUG o.s.c.c.CharSequenceEncoder - [522fa640] Writing "411. foo bar"
14:07:40.510 [XNIO-15 I/O-3] DEBUG o.s.c.c.CharSequenceEncoder - [522fa640] Writing "412. foo bar"
14:07:40.510 [XNIO-15 I/O-3] DEBUG o.s.c.c.CharSequenceEncoder - [522fa640] Writing "413. foo bar"
14:07:40.510 [XNIO-15 I/O-3] DEBUG o.s.c.c.CharSequenceEncoder - [522fa640] Writing "414. foo bar"
14:07:40.510 [XNIO-15 I/O-3] DEBUG o.s.c.c.CharSequenceEncoder - [522fa640] Writing "415. foo bar"
14:07:40.510 [XNIO-15 I/O-3] DEBUG o.s.c.c.CharSequenceEncoder - [522fa640] Writing "416. foo bar"
14:07:40.510 [XNIO-15 I/O-3] DEBUG o.s.c.c.CharSequenceEncoder - [522fa640] Writing "417. foo bar"
14:07:40.510 [XNIO-15 I/O-3] DEBUG o.s.c.c.CharSequenceEncoder - [522fa640] Writing "418. foo bar"
14:07:40.511 [XNIO-15 I/O-3] DEBUG o.s.c.c.CharSequenceEncoder - [522fa640] Writing "419. foo bar"
14:07:40.511 [XNIO-15 I/O-3] DEBUG o.s.c.c.CharSequenceEncoder - [522fa640] Writing "420. foo bar"
14:07:40.511 [XNIO-15 I/O-3] DEBUG o.s.c.c.CharSequenceEncoder - [522fa640] Writing "421. foo bar"
14:07:40.511 [XNIO-15 I/O-3] DEBUG o.s.c.c.CharSequenceEncoder - [522fa640] Writing "422. foo bar"
14:07:40.511 [XNIO-15 I/O-3] DEBUG o.s.c.c.CharSequenceEncoder - [522fa640] Writing "423. foo bar"
14:07:40.511 [XNIO-15 I/O-3] DEBUG o.s.c.c.CharSequenceEncoder - [522fa640] Writing "424. foo bar"
14:07:40.511 [XNIO-15 I/O-3] DEBUG o.s.c.c.CharSequenceEncoder - [522fa640] Writing "425. foo bar"
14:07:40.511 [XNIO-15 I/O-3] DEBUG o.s.c.c.CharSequenceEncoder - [522fa640] Writing "426. foo bar"
14:07:40.511 [XNIO-15 I/O-3] DEBUG o.s.c.c.CharSequenceEncoder - [522fa640] Writing "427. foo bar"
14:07:40.511 [XNIO-15 I/O-3] DEBUG o.s.c.c.CharSequenceEncoder - [522fa640] Writing "428. foo bar"
14:07:40.511 [XNIO-15 I/O-3] DEBUG o.s.c.c.CharSequenceEncoder - [522fa640] Writing "429. foo bar"
14:07:40.511 [XNIO-15 I/O-3] DEBUG o.s.c.c.CharSequenceEncoder - [522fa640] Writing "430. foo bar"
14:07:40.511 [XNIO-15 I/O-3] DEBUG o.s.c.c.CharSequenceEncoder - [522fa640] Writing "431. foo bar"
14:07:40.511 [XNIO-15 I/O-3] DEBUG o.s.c.c.CharSequenceEncoder - [522fa640] Writing "432. foo bar"
14:07:40.512 [XNIO-15 I/O-3] DEBUG o.s.c.c.CharSequenceEncoder - [522fa640] Writing "433. foo bar"
14:07:40.512 [XNIO-15 I/O-3] DEBUG o.s.c.c.CharSequenceEncoder - [522fa640] Writing "434. foo bar"
14:07:40.512 [XNIO-15 I/O-3] DEBUG o.s.c.c.CharSequenceEncoder - [522fa640] Writing "435. foo bar"
14:07:40.512 [XNIO-15 I/O-3] DEBUG o.s.c.c.CharSequenceEncoder - [522fa640] Writing "436. foo bar"
14:07:40.512 [XNIO-15 I/O-3] DEBUG o.s.c.c.CharSequenceEncoder - [522fa640] Writing "437. foo bar"
14:07:40.512 [XNIO-15 I/O-3] DEBUG o.s.c.c.CharSequenceEncoder - [522fa640] Writing "438. foo bar"
14:07:40.512 [XNIO-15 I/O-3] DEBUG o.s.c.c.CharSequenceEncoder - [522fa640] Writing "439. foo bar"
14:07:40.512 [XNIO-15 I/O-3] DEBUG o.s.c.c.CharSequenceEncoder - [522fa640] Writing "440. foo bar"
14:07:40.512 [XNIO-15 I/O-3] DEBUG o.s.c.c.CharSequenceEncoder - [522fa640] Writing "441. foo bar"
14:07:40.512 [XNIO-15 I/O-3] DEBUG o.s.c.c.CharSequenceEncoder - [522fa640] Writing "442. foo bar"
14:07:40.512 [XNIO-15 I/O-3] DEBUG o.s.c.c.CharSequenceEncoder - [522fa640] Writing "443. foo bar"
14:07:40.512 [XNIO-15 I/O-3] DEBUG o.s.c.c.CharSequenceEncoder - [522fa640] Writing "444. foo bar"
14:07:40.512 [XNIO-15 I/O-3] DEBUG o.s.c.c.CharSequenceEncoder - [522fa640] Writing "445. foo bar"
14:07:40.513 [XNIO-15 I/O-3] DEBUG o.s.c.c.CharSequenceEncoder - [522fa640] Writing "446. foo bar"
14:07:40.513 [XNIO-15 I/O-3] DEBUG o.s.c.c.CharSequenceEncoder - [522fa640] Writing "447. foo bar"
14:07:40.513 [XNIO-15 I/O-3] DEBUG o.s.c.c.CharSequenceEncoder - [522fa640] Writing "448. foo bar"
14:07:40.513 [XNIO-15 I/O-3] DEBUG o.s.c.c.CharSequenceEncoder - [522fa640] Writing "449. foo bar"
14:07:40.513 [XNIO-15 I/O-3] DEBUG o.s.c.c.CharSequenceEncoder - [522fa640] Writing "450. foo bar"
14:07:40.513 [XNIO-15 I/O-3] DEBUG o.s.c.c.CharSequenceEncoder - [522fa640] Writing "451. foo bar"
14:07:40.513 [XNIO-15 I/O-3] DEBUG o.s.c.c.CharSequenceEncoder - [522fa640] Writing "452. foo bar"
14:07:40.513 [XNIO-15 I/O-3] DEBUG o.s.c.c.CharSequenceEncoder - [522fa640] Writing "453. foo bar"
14:07:40.513 [XNIO-15 I/O-3] DEBUG o.s.c.c.CharSequenceEncoder - [522fa640] Writing "454. foo bar"
14:07:40.513 [XNIO-15 I/O-3] DEBUG o.s.c.c.CharSequenceEncoder - [522fa640] Writing "455. foo bar"
14:07:40.513 [XNIO-15 I/O-3] DEBUG o.s.c.c.CharSequenceEncoder - [522fa640] Writing "456. foo bar"
14:07:40.513 [XNIO-15 I/O-3] DEBUG o.s.c.c.CharSequenceEncoder - [522fa640] Writing "457. foo bar"
14:07:40.513 [XNIO-15 I/O-3] DEBUG o.s.c.c.CharSequenceEncoder - [522fa640] Writing "458. foo bar"
14:07:40.513 [XNIO-15 I/O-3] DEBUG o.s.c.c.CharSequenceEncoder - [522fa640] Writing "459. foo bar"
14:07:40.514 [XNIO-15 I/O-3] DEBUG o.s.c.c.CharSequenceEncoder - [522fa640] Writing "460. foo bar"
14:07:40.514 [XNIO-15 I/O-3] DEBUG o.s.c.c.CharSequenceEncoder - [522fa640] Writing "461. foo bar"
14:07:40.514 [XNIO-15 I/O-3] DEBUG o.s.c.c.CharSequenceEncoder - [522fa640] Writing "462. foo bar"
14:07:40.514 [XNIO-15 I/O-3] DEBUG o.s.c.c.CharSequenceEncoder - [522fa640] Writing "463. foo bar"
14:07:40.514 [XNIO-15 I/O-3] DEBUG o.s.c.c.CharSequenceEncoder - [522fa640] Writing "464. foo bar"
14:07:40.514 [XNIO-15 I/O-3] DEBUG o.s.c.c.CharSequenceEncoder - [522fa640] Writing "465. foo bar"
14:07:40.514 [XNIO-15 I/O-3] DEBUG o.s.c.c.CharSequenceEncoder - [522fa640] Writing "466. foo bar"
14:07:40.514 [XNIO-15 I/O-3] DEBUG o.s.c.c.CharSequenceEncoder - [522fa640] Writing "467. foo bar"
14:07:40.514 [XNIO-15 I/O-3] DEBUG o.s.c.c.CharSequenceEncoder - [522fa640] Writing "468. foo bar"
14:07:40.514 [XNIO-15 I/O-3] DEBUG o.s.c.c.CharSequenceEncoder - [522fa640] Writing "469. foo bar"
14:07:40.514 [XNIO-15 I/O-3] DEBUG o.s.c.c.CharSequenceEncoder - [522fa640] Writing "470. foo bar"
14:07:40.514 [XNIO-15 I/O-3] DEBUG o.s.c.c.CharSequenceEncoder - [522fa640] Writing "471. foo bar"
14:07:40.514 [XNIO-15 I/O-3] DEBUG o.s.c.c.CharSequenceEncoder - [522fa640] Writing "472. foo bar"
14:07:40.514 [XNIO-15 I/O-3] DEBUG o.s.c.c.CharSequenceEncoder - [522fa640] Writing "473. foo bar"
14:07:40.515 [XNIO-15 I/O-3] DEBUG o.s.c.c.CharSequenceEncoder - [522fa640] Writing "474. foo bar"
14:07:40.515 [XNIO-15 I/O-3] DEBUG o.s.c.c.CharSequenceEncoder - [522fa640] Writing "475. foo bar"
14:07:40.515 [XNIO-15 I/O-3] DEBUG o.s.c.c.CharSequenceEncoder - [522fa640] Writing "476. foo bar"
14:07:40.515 [XNIO-15 I/O-3] DEBUG o.s.c.c.CharSequenceEncoder - [522fa640] Writing "477. foo bar"
14:07:40.515 [XNIO-15 I/O-3] DEBUG o.s.c.c.CharSequenceEncoder - [522fa640] Writing "478. foo bar"
14:07:40.515 [XNIO-15 I/O-3] DEBUG o.s.c.c.CharSequenceEncoder - [522fa640] Writing "479. foo bar"
14:07:40.515 [XNIO-15 I/O-3] DEBUG o.s.c.c.CharSequenceEncoder - [522fa640] Writing "480. foo bar"
14:07:40.515 [XNIO-15 I/O-3] DEBUG o.s.c.c.CharSequenceEncoder - [522fa640] Writing "481. foo bar"
14:07:40.515 [XNIO-15 I/O-3] DEBUG o.s.c.c.CharSequenceEncoder - [522fa640] Writing "482. foo bar"
14:07:40.515 [XNIO-15 I/O-3] DEBUG o.s.c.c.CharSequenceEncoder - [522fa640] Writing "483. foo bar"
14:07:40.515 [XNIO-15 I/O-3] DEBUG o.s.c.c.CharSequenceEncoder - [522fa640] Writing "484. foo bar"
14:07:40.515 [XNIO-15 I/O-3] DEBUG o.s.c.c.CharSequenceEncoder - [522fa640] Writing "485. foo bar"
14:07:40.515 [XNIO-15 I/O-3] DEBUG o.s.c.c.CharSequenceEncoder - [522fa640] Writing "486. foo bar"
14:07:40.516 [XNIO-15 I/O-3] DEBUG o.s.c.c.CharSequenceEncoder - [522fa640] Writing "487. foo bar"
14:07:40.516 [XNIO-15 I/O-3] DEBUG o.s.c.c.CharSequenceEncoder - [522fa640] Writing "488. foo bar"
14:07:40.516 [XNIO-15 I/O-3] DEBUG o.s.c.c.CharSequenceEncoder - [522fa640] Writing "489. foo bar"
14:07:40.516 [XNIO-15 I/O-3] DEBUG o.s.c.c.CharSequenceEncoder - [522fa640] Writing "490. foo bar"
14:07:40.516 [XNIO-15 I/O-3] DEBUG o.s.c.c.CharSequenceEncoder - [522fa640] Writing "491. foo bar"
14:07:40.516 [XNIO-15 I/O-3] DEBUG o.s.c.c.CharSequenceEncoder - [522fa640] Writing "492. foo bar"
14:07:40.516 [XNIO-15 I/O-3] DEBUG o.s.c.c.CharSequenceEncoder - [522fa640] Writing "493. foo bar"
14:07:40.516 [XNIO-15 I/O-3] DEBUG o.s.c.c.CharSequenceEncoder - [522fa640] Writing "494. foo bar"
14:07:40.516 [XNIO-15 I/O-3] DEBUG o.s.c.c.CharSequenceEncoder - [522fa640] Writing "495. foo bar"
14:07:40.516 [XNIO-15 I/O-3] DEBUG o.s.c.c.CharSequenceEncoder - [522fa640] Writing "496. foo bar"
14:07:40.516 [XNIO-15 I/O-3] DEBUG o.s.c.c.CharSequenceEncoder - [522fa640] Writing "497. foo bar"
14:07:40.516 [XNIO-15 I/O-3] DEBUG o.s.c.c.CharSequenceEncoder - [522fa640] Writing "498. foo bar"
14:07:40.516 [XNIO-15 I/O-3] DEBUG o.s.c.c.CharSequenceEncoder - [522fa640] Writing "499. foo bar"
14:07:40.517 [XNIO-15 I/O-3] DEBUG o.s.c.c.CharSequenceEncoder - [522fa640] Writing "500. foo bar"
14:07:40.517 [XNIO-15 I/O-3] DEBUG o.s.c.c.CharSequenceEncoder - [522fa640] Writing "501. foo bar"
14:07:40.517 [XNIO-15 I/O-3] DEBUG o.s.c.c.CharSequenceEncoder - [522fa640] Writing "502. foo bar"
14:07:40.517 [XNIO-15 I/O-3] DEBUG o.s.c.c.CharSequenceEncoder - [522fa640] Writing "503. foo bar"
14:07:40.517 [XNIO-15 I/O-3] DEBUG o.s.c.c.CharSequenceEncoder - [522fa640] Writing "504. foo bar"
14:07:40.517 [XNIO-15 I/O-3] DEBUG o.s.c.c.CharSequenceEncoder - [522fa640] Writing "505. foo bar"
14:07:40.517 [XNIO-15 I/O-3] DEBUG o.s.c.c.CharSequenceEncoder - [522fa640] Writing "506. foo bar"
14:07:40.517 [XNIO-15 I/O-3] DEBUG o.s.c.c.CharSequenceEncoder - [522fa640] Writing "507. foo bar"
14:07:40.517 [XNIO-15 I/O-3] DEBUG o.s.c.c.CharSequenceEncoder - [522fa640] Writing "508. foo bar"
14:07:40.517 [XNIO-15 I/O-3] DEBUG o.s.c.c.CharSequenceEncoder - [522fa640] Writing "509. foo bar"
14:07:40.517 [XNIO-15 I/O-3] DEBUG o.s.c.c.CharSequenceEncoder - [522fa640] Writing "510. foo bar"
14:07:40.517 [XNIO-15 I/O-3] DEBUG o.s.c.c.CharSequenceEncoder - [522fa640] Writing "511. foo bar"
14:07:40.518 [XNIO-15 I/O-3] DEBUG o.s.c.c.CharSequenceEncoder - [522fa640] Writing "512. foo bar"
14:07:40.518 [XNIO-15 I/O-3] DEBUG o.s.c.c.CharSequenceEncoder - [522fa640] Writing "513. foo bar"
14:07:40.518 [XNIO-15 I/O-3] DEBUG o.s.c.c.CharSequenceEncoder - [522fa640] Writing "514. foo bar"
14:07:40.518 [XNIO-15 I/O-3] DEBUG o.s.c.c.CharSequenceEncoder - [522fa640] Writing "515. foo bar"
14:07:40.518 [XNIO-15 I/O-3] DEBUG o.s.c.c.CharSequenceEncoder - [522fa640] Writing "516. foo bar"
14:07:40.518 [XNIO-15 I/O-3] DEBUG o.s.c.c.CharSequenceEncoder - [522fa640] Writing "517. foo bar"
14:07:40.518 [XNIO-15 I/O-3] DEBUG o.s.c.c.CharSequenceEncoder - [522fa640] Writing "518. foo bar"
14:07:40.518 [XNIO-15 I/O-3] DEBUG o.s.c.c.CharSequenceEncoder - [522fa640] Writing "519. foo bar"
14:07:40.518 [XNIO-15 I/O-3] DEBUG o.s.c.c.CharSequenceEncoder - [522fa640] Writing "520. foo bar"
14:07:40.518 [XNIO-15 I/O-3] DEBUG o.s.c.c.CharSequenceEncoder - [522fa640] Writing "521. foo bar"
14:07:40.518 [XNIO-15 I/O-3] DEBUG o.s.c.c.CharSequenceEncoder - [522fa640] Writing "522. foo bar"
14:07:40.518 [XNIO-15 I/O-3] DEBUG o.s.c.c.CharSequenceEncoder - [522fa640] Writing "523. foo bar"
14:07:40.518 [XNIO-15 I/O-3] DEBUG o.s.c.c.CharSequenceEncoder - [522fa640] Writing "524. foo bar"
14:07:40.518 [XNIO-15 I/O-3] DEBUG o.s.c.c.CharSequenceEncoder - [522fa640] Writing "525. foo bar"
14:07:40.519 [XNIO-15 I/O-3] DEBUG o.s.c.c.CharSequenceEncoder - [522fa640] Writing "526. foo bar"
14:07:40.519 [XNIO-15 I/O-3] DEBUG o.s.c.c.CharSequenceEncoder - [522fa640] Writing "527. foo bar"
14:07:40.519 [XNIO-15 I/O-3] DEBUG o.s.c.c.CharSequenceEncoder - [522fa640] Writing "528. foo bar"
14:07:40.519 [XNIO-15 I/O-3] DEBUG o.s.c.c.CharSequenceEncoder - [522fa640] Writing "529. foo bar"
14:07:40.519 [XNIO-15 I/O-3] DEBUG o.s.c.c.CharSequenceEncoder - [522fa640] Writing "530. foo bar"
14:07:40.519 [XNIO-15 I/O-3] DEBUG o.s.c.c.CharSequenceEncoder - [522fa640] Writing "531. foo bar"
14:07:40.519 [XNIO-15 I/O-3] DEBUG o.s.c.c.CharSequenceEncoder - [522fa640] Writing "532. foo bar"
14:07:40.519 [XNIO-15 I/O-3] DEBUG o.s.c.c.CharSequenceEncoder - [522fa640] Writing "533. foo bar"
14:07:40.519 [XNIO-15 I/O-3] DEBUG o.s.c.c.CharSequenceEncoder - [522fa640] Writing "534. foo bar"
14:07:40.519 [XNIO-15 I/O-3] DEBUG o.s.c.c.CharSequenceEncoder - [522fa640] Writing "535. foo bar"
14:07:40.520 [XNIO-15 I/O-3] DEBUG o.s.c.c.CharSequenceEncoder - [522fa640] Writing "536. foo bar"
14:07:40.520 [XNIO-15 I/O-3] DEBUG o.s.c.c.CharSequenceEncoder - [522fa640] Writing "537. foo bar"
14:07:40.520 [XNIO-15 I/O-3] DEBUG o.s.c.c.CharSequenceEncoder - [522fa640] Writing "538. foo bar"
14:07:40.520 [XNIO-15 I/O-3] DEBUG o.s.c.c.CharSequenceEncoder - [522fa640] Writing "539. foo bar"
14:07:40.520 [XNIO-15 I/O-3] DEBUG o.s.c.c.CharSequenceEncoder - [522fa640] Writing "540. foo bar"
14:07:40.520 [XNIO-15 I/O-3] DEBUG o.s.c.c.CharSequenceEncoder - [522fa640] Writing "541. foo bar"
14:07:40.520 [XNIO-15 I/O-3] DEBUG o.s.c.c.CharSequenceEncoder - [522fa640] Writing "542. foo bar"
14:07:40.520 [XNIO-15 I/O-3] DEBUG o.s.c.c.CharSequenceEncoder - [522fa640] Writing "543. foo bar"
14:07:40.520 [XNIO-15 I/O-3] DEBUG o.s.c.c.CharSequenceEncoder - [522fa640] Writing "544. foo bar"
14:07:40.520 [XNIO-15 I/O-3] DEBUG o.s.c.c.CharSequenceEncoder - [522fa640] Writing "545. foo bar"
14:07:40.521 [XNIO-15 I/O-3] DEBUG o.s.c.c.CharSequenceEncoder - [522fa640] Writing "546. foo bar"
14:07:40.521 [XNIO-15 I/O-3] DEBUG o.s.c.c.CharSequenceEncoder - [522fa640] Writing "547. foo bar"
14:07:40.521 [XNIO-15 I/O-3] DEBUG o.s.c.c.CharSequenceEncoder - [522fa640] Writing "548. foo bar"
14:07:40.521 [XNIO-15 I/O-3] DEBUG o.s.c.c.CharSequenceEncoder - [522fa640] Writing "549. foo bar"
14:07:40.521 [XNIO-15 I/O-3] DEBUG o.s.c.c.CharSequenceEncoder - [522fa640] Writing "550. foo bar"
14:07:40.521 [XNIO-15 I/O-3] DEBUG o.s.c.c.CharSequenceEncoder - [522fa640] Writing "551. foo bar"
14:07:40.521 [XNIO-15 I/O-3] DEBUG o.s.c.c.CharSequenceEncoder - [522fa640] Writing "552. foo bar"
14:07:40.521 [XNIO-15 I/O-3] DEBUG o.s.c.c.CharSequenceEncoder - [522fa640] Writing "553. foo bar"
14:07:40.521 [XNIO-15 I/O-3] DEBUG o.s.c.c.CharSequenceEncoder - [522fa640] Writing "554. foo bar"
14:07:40.521 [XNIO-15 I/O-3] DEBUG o.s.c.c.CharSequenceEncoder - [522fa640] Writing "555. foo bar"
14:07:40.521 [XNIO-15 I/O-3] DEBUG o.s.c.c.CharSequenceEncoder - [522fa640] Writing "556. foo bar"
14:07:40.521 [XNIO-15 I/O-3] DEBUG o.s.c.c.CharSequenceEncoder - [522fa640] Writing "557. foo bar"
14:07:40.521 [XNIO-15 I/O-3] DEBUG o.s.c.c.CharSequenceEncoder - [522fa640] Writing "558. foo bar"
14:07:40.522 [XNIO-15 I/O-3] DEBUG o.s.c.c.CharSequenceEncoder - [522fa640] Writing "559. foo bar"
14:07:40.522 [XNIO-15 I/O-3] DEBUG o.s.c.c.CharSequenceEncoder - [522fa640] Writing "560. foo bar"
14:07:40.522 [XNIO-15 I/O-3] DEBUG o.s.c.c.CharSequenceEncoder - [522fa640] Writing "561. foo bar"
14:07:40.522 [XNIO-15 I/O-3] DEBUG o.s.c.c.CharSequenceEncoder - [522fa640] Writing "562. foo bar"
14:07:40.522 [XNIO-15 I/O-3] DEBUG o.s.c.c.CharSequenceEncoder - [522fa640] Writing "563. foo bar"
14:07:40.522 [XNIO-15 I/O-3] DEBUG o.s.c.c.CharSequenceEncoder - [522fa640] Writing "564. foo bar"
14:07:40.522 [XNIO-15 I/O-3] DEBUG o.s.c.c.CharSequenceEncoder - [522fa640] Writing "565. foo bar"
14:07:40.522 [XNIO-15 I/O-3] DEBUG o.s.c.c.CharSequenceEncoder - [522fa640] Writing "566. foo bar"
14:07:40.522 [XNIO-15 I/O-3] DEBUG o.s.c.c.CharSequenceEncoder - [522fa640] Writing "567. foo bar"
14:07:40.522 [XNIO-15 I/O-3] DEBUG o.s.c.c.CharSequenceEncoder - [522fa640] Writing "568. foo bar"
14:07:40.522 [XNIO-15 I/O-3] DEBUG o.s.c.c.CharSequenceEncoder - [522fa640] Writing "569. foo bar"
14:07:40.523 [XNIO-15 I/O-3] DEBUG o.s.c.c.CharSequenceEncoder - [522fa640] Writing "570. foo bar"
14:07:40.523 [XNIO-15 I/O-3] DEBUG o.s.c.c.CharSequenceEncoder - [522fa640] Writing "571. foo bar"
14:07:40.523 [XNIO-15 I/O-3] DEBUG o.s.c.c.CharSequenceEncoder - [522fa640] Writing "572. foo bar"
14:07:40.523 [XNIO-15 I/O-3] DEBUG o.s.c.c.CharSequenceEncoder - [522fa640] Writing "573. foo bar"
14:07:40.523 [XNIO-15 I/O-3] DEBUG o.s.c.c.CharSequenceEncoder - [522fa640] Writing "574. foo bar"
14:07:40.523 [XNIO-15 I/O-3] DEBUG o.s.c.c.CharSequenceEncoder - [522fa640] Writing "575. foo bar"
14:07:40.523 [XNIO-15 I/O-3] DEBUG o.s.c.c.CharSequenceEncoder - [522fa640] Writing "576. foo bar"
14:07:40.523 [XNIO-15 I/O-3] DEBUG o.s.c.c.CharSequenceEncoder - [522fa640] Writing "577. foo bar"
14:07:40.523 [XNIO-15 I/O-3] DEBUG o.s.c.c.CharSequenceEncoder - [522fa640] Writing "578. foo bar"
14:07:40.523 [XNIO-15 I/O-3] DEBUG o.s.c.c.CharSequenceEncoder - [522fa640] Writing "579. foo bar"
14:07:40.523 [XNIO-15 I/O-3] DEBUG o.s.c.c.CharSequenceEncoder - [522fa640] Writing "580. foo bar"
14:07:40.523 [XNIO-15 I/O-3] DEBUG o.s.c.c.CharSequenceEncoder - [522fa640] Writing "581. foo bar"
14:07:40.524 [XNIO-15 I/O-3] DEBUG o.s.c.c.CharSequenceEncoder - [522fa640] Writing "582. foo bar"
14:07:40.524 [XNIO-15 I/O-3] DEBUG o.s.c.c.CharSequenceEncoder - [522fa640] Writing "583. foo bar"
14:07:40.524 [XNIO-15 I/O-3] DEBUG o.s.c.c.CharSequenceEncoder - [522fa640] Writing "584. foo bar"
14:07:40.524 [XNIO-15 I/O-3] DEBUG o.s.c.c.CharSequenceEncoder - [522fa640] Writing "585. foo bar"
14:07:40.524 [XNIO-15 I/O-3] DEBUG o.s.c.c.CharSequenceEncoder - [522fa640] Writing "586. foo bar"
14:07:40.524 [XNIO-15 I/O-3] DEBUG o.s.c.c.CharSequenceEncoder - [522fa640] Writing "587. foo bar"
14:07:40.524 [XNIO-15 I/O-3] DEBUG o.s.c.c.CharSequenceEncoder - [522fa640] Writing "588. foo bar"
14:07:40.524 [XNIO-15 I/O-3] DEBUG o.s.c.c.CharSequenceEncoder - [522fa640] Writing "589. foo bar"
14:07:40.524 [XNIO-15 I/O-3] DEBUG o.s.c.c.CharSequenceEncoder - [522fa640] Writing "590. foo bar"
14:07:40.524 [XNIO-15 I/O-3] DEBUG o.s.c.c.CharSequenceEncoder - [522fa640] Writing "591. foo bar"
14:07:40.524 [XNIO-15 I/O-3] DEBUG o.s.c.c.CharSequenceEncoder - [522fa640] Writing "592. foo bar"
14:07:40.525 [XNIO-15 I/O-3] DEBUG o.s.c.c.CharSequenceEncoder - [522fa640] Writing "593. foo bar"
14:07:40.525 [XNIO-15 I/O-3] DEBUG o.s.c.c.CharSequenceEncoder - [522fa640] Writing "594. foo bar"
14:07:40.532 [XNIO-15 I/O-3] DEBUG o.s.c.c.CharSequenceEncoder - [522fa640] Writing "595. foo bar"
14:07:40.533 [XNIO-15 I/O-3] DEBUG o.s.c.c.CharSequenceEncoder - [522fa640] Writing "596. foo bar"
14:07:40.533 [XNIO-15 I/O-3] DEBUG o.s.c.c.CharSequenceEncoder - [522fa640] Writing "597. foo bar"
14:07:40.534 [XNIO-15 I/O-3] DEBUG o.s.c.c.CharSequenceEncoder - [522fa640] Writing "598. foo bar"
14:07:40.534 [XNIO-15 I/O-3] DEBUG o.s.c.c.CharSequenceEncoder - [522fa640] Writing "599. foo bar"
14:07:40.534 [XNIO-15 I/O-3] DEBUG o.s.c.c.CharSequenceEncoder - [522fa640] Writing "600. foo bar"
14:07:40.535 [XNIO-15 I/O-3] DEBUG o.s.c.c.CharSequenceEncoder - [522fa640] Writing "601. foo bar"
14:07:40.535 [XNIO-15 I/O-3] DEBUG o.s.c.c.CharSequenceEncoder - [522fa640] Writing "602. foo bar"
14:07:40.535 [XNIO-15 I/O-3] DEBUG o.s.c.c.CharSequenceEncoder - [522fa640] Writing "603. foo bar"
14:07:40.535 [XNIO-15 I/O-3] DEBUG o.s.c.c.CharSequenceEncoder - [522fa640] Writing "604. foo bar"
14:07:40.535 [XNIO-15 I/O-3] DEBUG o.s.c.c.CharSequenceEncoder - [522fa640] Writing "605. foo bar"
14:07:40.535 [XNIO-15 I/O-3] DEBUG o.s.c.c.CharSequenceEncoder - [522fa640] Writing "606. foo bar"
14:07:40.535 [XNIO-15 I/O-3] DEBUG o.s.c.c.CharSequenceEncoder - [522fa640] Writing "607. foo bar"
14:07:40.535 [XNIO-15 I/O-3] DEBUG o.s.c.c.CharSequenceEncoder - [522fa640] Writing "608. foo bar"
14:07:40.535 [XNIO-15 I/O-3] DEBUG o.s.c.c.CharSequenceEncoder - [522fa640] Writing "609. foo bar"
14:07:40.535 [XNIO-15 I/O-3] DEBUG o.s.c.c.CharSequenceEncoder - [522fa640] Writing "610. foo bar"
14:07:40.535 [XNIO-15 I/O-3] DEBUG o.s.c.c.CharSequenceEncoder - [522fa640] Writing "611. foo bar"
14:07:40.535 [XNIO-15 I/O-3] DEBUG o.s.c.c.CharSequenceEncoder - [522fa640] Writing "612. foo bar"
14:07:40.536 [XNIO-15 I/O-3] DEBUG o.s.c.c.CharSequenceEncoder - [522fa640] Writing "613. foo bar"
14:07:40.536 [XNIO-15 I/O-3] DEBUG o.s.c.c.CharSequenceEncoder - [522fa640] Writing "614. foo bar"
14:07:40.536 [XNIO-15 I/O-3] DEBUG o.s.c.c.CharSequenceEncoder - [522fa640] Writing "615. foo bar"
14:07:40.536 [XNIO-15 I/O-3] DEBUG o.s.c.c.CharSequenceEncoder - [522fa640] Writing "616. foo bar"
14:07:40.536 [XNIO-15 I/O-3] DEBUG o.s.c.c.CharSequenceEncoder - [522fa640] Writing "617. foo bar"
14:07:40.536 [XNIO-15 I/O-3] DEBUG o.s.c.c.CharSequenceEncoder - [522fa640] Writing "618. foo bar"
14:07:40.536 [XNIO-15 I/O-3] DEBUG o.s.c.c.CharSequenceEncoder - [522fa640] Writing "619. foo bar"
14:07:40.536 [XNIO-15 I/O-3] DEBUG o.s.c.c.CharSequenceEncoder - [522fa640] Writing "620. foo bar"
14:07:40.536 [XNIO-15 I/O-3] DEBUG o.s.c.c.CharSequenceEncoder - [522fa640] Writing "621. foo bar"
14:07:40.536 [XNIO-15 I/O-3] DEBUG o.s.c.c.CharSequenceEncoder - [522fa640] Writing "622. foo bar"
14:07:40.536 [XNIO-15 I/O-3] DEBUG o.s.c.c.CharSequenceEncoder - [522fa640] Writing "623. foo bar"
14:07:40.536 [XNIO-15 I/O-3] DEBUG o.s.c.c.CharSequenceEncoder - [522fa640] Writing "624. foo bar"
14:07:40.536 [XNIO-15 I/O-3] DEBUG o.s.c.c.CharSequenceEncoder - [522fa640] Writing "625. foo bar"
14:07:40.536 [XNIO-15 I/O-3] DEBUG o.s.c.c.CharSequenceEncoder - [522fa640] Writing "626. foo bar"
14:07:40.536 [XNIO-15 I/O-3] DEBUG o.s.c.c.CharSequenceEncoder - [522fa640] Writing "627. foo bar"
14:07:40.536 [XNIO-15 I/O-3] DEBUG o.s.c.c.CharSequenceEncoder - [522fa640] Writing "628. foo bar"
14:07:40.537 [XNIO-15 I/O-3] DEBUG o.s.c.c.CharSequenceEncoder - [522fa640] Writing "629. foo bar"
14:07:40.537 [XNIO-15 I/O-3] DEBUG o.s.c.c.CharSequenceEncoder - [522fa640] Writing "630. foo bar"
14:07:40.537 [XNIO-15 I/O-3] DEBUG o.s.c.c.CharSequenceEncoder - [522fa640] Writing "631. foo bar"
14:07:40.537 [XNIO-15 I/O-3] DEBUG o.s.c.c.CharSequenceEncoder - [522fa640] Writing "632. foo bar"
14:07:40.537 [XNIO-15 I/O-3] DEBUG o.s.c.c.CharSequenceEncoder - [522fa640] Writing "633. foo bar"
14:07:40.537 [XNIO-15 I/O-3] DEBUG o.s.c.c.CharSequenceEncoder - [522fa640] Writing "634. foo bar"
14:07:40.537 [XNIO-15 I/O-3] DEBUG o.s.c.c.CharSequenceEncoder - [522fa640] Writing "635. foo bar"
14:07:40.537 [XNIO-15 I/O-3] DEBUG o.s.c.c.CharSequenceEncoder - [522fa640] Writing "636. foo bar"
14:07:40.537 [XNIO-15 I/O-3] DEBUG o.s.c.c.CharSequenceEncoder - [522fa640] Writing "637. foo bar"
14:07:40.537 [XNIO-15 I/O-3] DEBUG o.s.c.c.CharSequenceEncoder - [522fa640] Writing "638. foo bar"
14:07:40.537 [XNIO-15 I/O-3] DEBUG o.s.c.c.CharSequenceEncoder - [522fa640] Writing "639. foo bar"
14:07:40.537 [XNIO-15 I/O-3] DEBUG o.s.c.c.CharSequenceEncoder - [522fa640] Writing "640. foo bar"
14:07:40.537 [XNIO-15 I/O-3] DEBUG o.s.c.c.CharSequenceEncoder - [522fa640] Writing "641. foo bar"
14:07:40.537 [XNIO-15 I/O-3] DEBUG o.s.c.c.CharSequenceEncoder - [522fa640] Writing "642. foo bar"
14:07:40.537 [XNIO-15 I/O-3] DEBUG o.s.c.c.CharSequenceEncoder - [522fa640] Writing "643. foo bar"
14:07:40.537 [XNIO-15 I/O-3] DEBUG o.s.c.c.CharSequenceEncoder - [522fa640] Writing "644. foo bar"
14:07:40.538 [XNIO-15 I/O-3] DEBUG o.s.c.c.CharSequenceEncoder - [522fa640] Writing "645. foo bar"
14:07:40.538 [XNIO-15 I/O-3] DEBUG o.s.c.c.CharSequenceEncoder - [522fa640] Writing "646. foo bar"
14:07:40.538 [XNIO-15 I/O-3] DEBUG o.s.c.c.CharSequenceEncoder - [522fa640] Writing "647. foo bar"
14:07:40.538 [XNIO-15 I/O-3] DEBUG o.s.c.c.CharSequenceEncoder - [522fa640] Writing "648. foo bar"
14:07:40.538 [XNIO-15 I/O-3] DEBUG o.s.c.c.CharSequenceEncoder - [522fa640] Writing "649. foo bar"
14:07:40.538 [XNIO-15 I/O-3] DEBUG o.s.c.c.CharSequenceEncoder - [522fa640] Writing "650. foo bar"
14:07:40.538 [XNIO-15 I/O-3] DEBUG o.s.c.c.CharSequenceEncoder - [522fa640] Writing "651. foo bar"
14:07:40.538 [XNIO-15 I/O-3] DEBUG o.s.c.c.CharSequenceEncoder - [522fa640] Writing "652. foo bar"
14:07:40.538 [XNIO-15 I/O-3] DEBUG o.s.c.c.CharSequenceEncoder - [522fa640] Writing "653. foo bar"
14:07:40.538 [XNIO-15 I/O-3] DEBUG o.s.c.c.CharSequenceEncoder - [522fa640] Writing "654. foo bar"
14:07:40.538 [XNIO-15 I/O-3] DEBUG o.s.c.c.CharSequenceEncoder - [522fa640] Writing "655. foo bar"
14:07:40.538 [XNIO-15 I/O-3] DEBUG o.s.c.c.CharSequenceEncoder - [522fa640] Writing "656. foo bar"
14:07:40.538 [XNIO-15 I/O-3] DEBUG o.s.c.c.CharSequenceEncoder - [522fa640] Writing "657. foo bar"
14:07:40.538 [XNIO-15 I/O-3] DEBUG o.s.c.c.CharSequenceEncoder - [522fa640] Writing "658. foo bar"
14:07:40.538 [XNIO-15 I/O-3] DEBUG o.s.c.c.CharSequenceEncoder - [522fa640] Writing "659. foo bar"
14:07:40.539 [XNIO-15 I/O-3] DEBUG o.s.c.c.CharSequenceEncoder - [522fa640] Writing "660. foo bar"
14:07:40.539 [XNIO-15 I/O-3] DEBUG o.s.c.c.CharSequenceEncoder - [522fa640] Writing "661. foo bar"
14:07:40.539 [XNIO-15 I/O-3] DEBUG o.s.c.c.CharSequenceEncoder - [522fa640] Writing "662. foo bar"
14:07:40.539 [XNIO-15 I/O-3] DEBUG o.s.c.c.CharSequenceEncoder - [522fa640] Writing "663. foo bar"
14:07:40.539 [XNIO-15 I/O-3] DEBUG o.s.c.c.CharSequenceEncoder - [522fa640] Writing "664. foo bar"
14:07:40.539 [XNIO-15 I/O-3] DEBUG o.s.c.c.CharSequenceEncoder - [522fa640] Writing "665. foo bar"
14:07:40.539 [XNIO-15 I/O-3] DEBUG o.s.c.c.CharSequenceEncoder - [522fa640] Writing "666. foo bar"
14:07:40.539 [XNIO-15 I/O-3] DEBUG o.s.c.c.CharSequenceEncoder - [522fa640] Writing "667. foo bar"
14:07:40.539 [XNIO-15 I/O-3] DEBUG o.s.c.c.CharSequenceEncoder - [522fa640] Writing "668. foo bar"
14:07:40.539 [XNIO-15 I/O-3] DEBUG o.s.c.c.CharSequenceEncoder - [522fa640] Writing "669. foo bar"
14:07:40.539 [XNIO-15 I/O-3] DEBUG o.s.c.c.CharSequenceEncoder - [522fa640] Writing "670. foo bar"
14:07:40.539 [XNIO-15 I/O-3] DEBUG o.s.c.c.CharSequenceEncoder - [522fa640] Writing "671. foo bar"
14:07:40.539 [XNIO-15 I/O-3] DEBUG o.s.c.c.CharSequenceEncoder - [522fa640] Writing "672. foo bar"
14:07:40.539 [XNIO-15 I/O-3] DEBUG o.s.c.c.CharSequenceEncoder - [522fa640] Writing "673. foo bar"
14:07:40.539 [XNIO-15 I/O-3] DEBUG o.s.c.c.CharSequenceEncoder - [522fa640] Writing "674. foo bar"
14:07:40.540 [XNIO-15 I/O-3] DEBUG o.s.c.c.CharSequenceEncoder - [522fa640] Writing "675. foo bar"
14:07:40.540 [XNIO-15 I/O-3] DEBUG o.s.c.c.CharSequenceEncoder - [522fa640] Writing "676. foo bar"
14:07:40.540 [XNIO-15 I/O-3] DEBUG o.s.c.c.CharSequenceEncoder - [522fa640] Writing "677. foo bar"
14:07:40.540 [XNIO-15 I/O-3] DEBUG o.s.c.c.CharSequenceEncoder - [522fa640] Writing "678. foo bar"
14:07:40.540 [XNIO-15 I/O-3] DEBUG o.s.c.c.CharSequenceEncoder - [522fa640] Writing "679. foo bar"
14:07:40.540 [XNIO-15 I/O-3] DEBUG o.s.c.c.CharSequenceEncoder - [522fa640] Writing "680. foo bar"
14:07:40.540 [XNIO-15 I/O-3] DEBUG o.s.c.c.CharSequenceEncoder - [522fa640] Writing "681. foo bar"
14:07:40.540 [XNIO-15 I/O-3] DEBUG o.s.c.c.CharSequenceEncoder - [522fa640] Writing "682. foo bar"
14:07:40.540 [XNIO-15 I/O-3] DEBUG o.s.c.c.CharSequenceEncoder - [522fa640] Writing "683. foo bar"
14:07:40.540 [XNIO-15 I/O-3] DEBUG o.s.c.c.CharSequenceEncoder - [522fa640] Writing "684. foo bar"
14:07:40.540 [XNIO-15 I/O-3] DEBUG o.s.c.c.CharSequenceEncoder - [522fa640] Writing "685. foo bar"
14:07:40.540 [XNIO-15 I/O-3] DEBUG o.s.c.c.CharSequenceEncoder - [522fa640] Writing "686. foo bar"
14:07:40.540 [XNIO-15 I/O-3] DEBUG o.s.c.c.CharSequenceEncoder - [522fa640] Writing "687. foo bar"
14:07:40.540 [XNIO-15 I/O-3] DEBUG o.s.c.c.CharSequenceEncoder - [522fa640] Writing "688. foo bar"
14:07:40.540 [XNIO-15 I/O-3] DEBUG o.s.c.c.CharSequenceEncoder - [522fa640] Writing "689. foo bar"
14:07:40.541 [XNIO-15 I/O-3] DEBUG o.s.c.c.CharSequenceEncoder - [522fa640] Writing "690. foo bar"
14:07:40.541 [XNIO-15 I/O-3] DEBUG o.s.c.c.CharSequenceEncoder - [522fa640] Writing "691. foo bar"
14:07:40.541 [XNIO-15 I/O-3] DEBUG o.s.c.c.CharSequenceEncoder - [522fa640] Writing "692. foo bar"
14:07:40.541 [XNIO-15 I/O-3] DEBUG o.s.c.c.CharSequenceEncoder - [522fa640] Writing "693. foo bar"
14:07:40.541 [XNIO-15 I/O-3] DEBUG o.s.c.c.CharSequenceEncoder - [522fa640] Writing "694. foo bar"
14:07:40.541 [XNIO-15 I/O-3] DEBUG o.s.c.c.CharSequenceEncoder - [522fa640] Writing "695. foo bar"
14:07:40.541 [XNIO-15 I/O-3] DEBUG o.s.c.c.CharSequenceEncoder - [522fa640] Writing "696. foo bar"
14:07:40.541 [XNIO-15 I/O-3] DEBUG o.s.c.c.CharSequenceEncoder - [522fa640] Writing "697. foo bar"
14:07:40.541 [XNIO-15 I/O-3] DEBUG o.s.c.c.CharSequenceEncoder - [522fa640] Writing "698. foo bar"
14:07:40.541 [XNIO-15 I/O-3] DEBUG o.s.c.c.CharSequenceEncoder - [522fa640] Writing "699. foo bar"
14:07:40.541 [XNIO-15 I/O-3] DEBUG o.s.c.c.CharSequenceEncoder - [522fa640] Writing "700. foo bar"
14:07:40.541 [XNIO-15 I/O-3] DEBUG o.s.c.c.CharSequenceEncoder - [522fa640] Writing "701. foo bar"
14:07:40.541 [XNIO-15 I/O-3] DEBUG o.s.c.c.CharSequenceEncoder - [522fa640] Writing "702. foo bar"
14:07:40.541 [XNIO-15 I/O-3] DEBUG o.s.c.c.CharSequenceEncoder - [522fa640] Writing "703. foo bar"
14:07:40.541 [XNIO-15 I/O-3] DEBUG o.s.c.c.CharSequenceEncoder - [522fa640] Writing "704. foo bar"
14:07:40.541 [XNIO-15 I/O-3] DEBUG o.s.c.c.CharSequenceEncoder - [522fa640] Writing "705. foo bar"
14:07:40.542 [XNIO-15 I/O-3] DEBUG o.s.c.c.CharSequenceEncoder - [522fa640] Writing "706. foo bar"
14:07:40.542 [XNIO-15 I/O-3] DEBUG o.s.c.c.CharSequenceEncoder - [522fa640] Writing "707. foo bar"
14:07:40.542 [XNIO-15 I/O-3] DEBUG o.s.c.c.CharSequenceEncoder - [522fa640] Writing "708. foo bar"
14:07:40.542 [XNIO-15 I/O-3] DEBUG o.s.c.c.CharSequenceEncoder - [522fa640] Writing "709. foo bar"
14:07:40.542 [XNIO-15 I/O-3] DEBUG o.s.c.c.CharSequenceEncoder - [522fa640] Writing "710. foo bar"
14:07:40.542 [XNIO-15 I/O-3] DEBUG o.s.c.c.CharSequenceEncoder - [522fa640] Writing "711. foo bar"
14:07:40.542 [XNIO-15 I/O-3] DEBUG o.s.c.c.CharSequenceEncoder - [522fa640] Writing "712. foo bar"
14:07:40.542 [XNIO-15 I/O-3] DEBUG o.s.c.c.CharSequenceEncoder - [522fa640] Writing "713. foo bar"
14:07:40.542 [XNIO-15 I/O-3] DEBUG o.s.c.c.CharSequenceEncoder - [522fa640] Writing "714. foo bar"
14:07:40.542 [XNIO-15 I/O-3] DEBUG o.s.c.c.CharSequenceEncoder - [522fa640] Writing "715. foo bar"
14:07:40.543 [XNIO-15 I/O-3] DEBUG o.s.c.c.CharSequenceEncoder - [522fa640] Writing "716. foo bar"
14:07:40.543 [XNIO-15 I/O-3] DEBUG o.s.c.c.CharSequenceEncoder - [522fa640] Writing "717. foo bar"
14:07:40.543 [XNIO-15 I/O-3] DEBUG o.s.c.c.CharSequenceEncoder - [522fa640] Writing "718. foo bar"
14:07:40.543 [XNIO-15 I/O-3] DEBUG o.s.c.c.CharSequenceEncoder - [522fa640] Writing "719. foo bar"
14:07:40.543 [XNIO-15 I/O-3] DEBUG o.s.c.c.CharSequenceEncoder - [522fa640] Writing "720. foo bar"
14:07:40.543 [XNIO-15 I/O-3] DEBUG o.s.c.c.CharSequenceEncoder - [522fa640] Writing "721. foo bar"
14:07:40.543 [XNIO-15 I/O-3] DEBUG o.s.c.c.CharSequenceEncoder - [522fa640] Writing "722. foo bar"
14:07:40.543 [XNIO-15 I/O-3] DEBUG o.s.c.c.CharSequenceEncoder - [522fa640] Writing "723. foo bar"
14:07:40.543 [XNIO-15 I/O-3] DEBUG o.s.c.c.CharSequenceEncoder - [522fa640] Writing "724. foo bar"
14:07:40.543 [XNIO-15 I/O-3] DEBUG o.s.c.c.CharSequenceEncoder - [522fa640] Writing "725. foo bar"
14:07:40.543 [XNIO-15 I/O-3] DEBUG o.s.c.c.CharSequenceEncoder - [522fa640] Writing "726. foo bar"
14:07:40.543 [XNIO-15 I/O-3] DEBUG o.s.c.c.CharSequenceEncoder - [522fa640] Writing "727. foo bar"
14:07:40.543 [XNIO-15 I/O-3] DEBUG o.s.c.c.CharSequenceEncoder - [522fa640] Writing "728. foo bar"
14:07:40.544 [XNIO-15 I/O-3] DEBUG o.s.c.c.CharSequenceEncoder - [522fa640] Writing "729. foo bar"
14:07:40.544 [XNIO-15 I/O-3] DEBUG o.s.c.c.CharSequenceEncoder - [522fa640] Writing "730. foo bar"
14:07:40.544 [XNIO-15 I/O-3] DEBUG o.s.c.c.CharSequenceEncoder - [522fa640] Writing "731. foo bar"
14:07:40.544 [XNIO-15 I/O-3] DEBUG o.s.c.c.CharSequenceEncoder - [522fa640] Writing "732. foo bar"
14:07:40.544 [XNIO-15 I/O-3] DEBUG o.s.c.c.CharSequenceEncoder - [522fa640] Writing "733. foo bar"
14:07:40.544 [XNIO-15 I/O-3] DEBUG o.s.c.c.CharSequenceEncoder - [522fa640] Writing "734. foo bar"
14:07:40.544 [XNIO-15 I/O-3] DEBUG o.s.c.c.CharSequenceEncoder - [522fa640] Writing "735. foo bar"
14:07:40.544 [XNIO-15 I/O-3] DEBUG o.s.c.c.CharSequenceEncoder - [522fa640] Writing "736. foo bar"
14:07:40.544 [XNIO-15 I/O-3] DEBUG o.s.c.c.CharSequenceEncoder - [522fa640] Writing "737. foo bar"
14:07:40.544 [XNIO-15 I/O-3] DEBUG o.s.c.c.CharSequenceEncoder - [522fa640] Writing "738. foo bar"
14:07:40.544 [XNIO-15 I/O-3] DEBUG o.s.c.c.CharSequenceEncoder - [522fa640] Writing "739. foo bar"
14:07:40.544 [XNIO-15 I/O-3] DEBUG o.s.c.c.CharSequenceEncoder - [522fa640] Writing "740. foo bar"
14:07:40.544 [XNIO-15 I/O-3] DEBUG o.s.c.c.CharSequenceEncoder - [522fa640] Writing "741. foo bar"
14:07:40.544 [XNIO-15 I/O-3] DEBUG o.s.c.c.CharSequenceEncoder - [522fa640] Writing "742. foo bar"
14:07:40.545 [XNIO-15 I/O-3] DEBUG o.s.c.c.CharSequenceEncoder - [522fa640] Writing "743. foo bar"
14:07:40.545 [XNIO-15 I/O-3] DEBUG o.s.c.c.CharSequenceEncoder - [522fa640] Writing "744. foo bar"
14:07:40.545 [XNIO-15 I/O-3] DEBUG o.s.c.c.CharSequenceEncoder - [522fa640] Writing "745. foo bar"
14:07:40.545 [XNIO-15 I/O-3] DEBUG o.s.c.c.CharSequenceEncoder - [522fa640] Writing "746. foo bar"
14:07:40.545 [XNIO-15 I/O-3] DEBUG o.s.c.c.CharSequenceEncoder - [522fa640] Writing "747. foo bar"
14:07:40.545 [XNIO-15 I/O-3] DEBUG o.s.c.c.CharSequenceEncoder - [522fa640] Writing "748. foo bar"
14:07:40.545 [XNIO-15 I/O-3] DEBUG o.s.c.c.CharSequenceEncoder - [522fa640] Writing "749. foo bar"
14:07:40.545 [XNIO-15 I/O-3] DEBUG o.s.c.c.CharSequenceEncoder - [522fa640] Writing "750. foo bar"
14:07:40.545 [XNIO-15 I/O-3] DEBUG o.s.c.c.CharSequenceEncoder - [522fa640] Writing "751. foo bar"
14:07:40.545 [XNIO-15 I/O-3] DEBUG o.s.c.c.CharSequenceEncoder - [522fa640] Writing "752. foo bar"
14:07:40.545 [XNIO-15 I/O-3] DEBUG o.s.c.c.CharSequenceEncoder - [522fa640] Writing "753. foo bar"
14:07:40.545 [XNIO-15 I/O-3] DEBUG o.s.c.c.CharSequenceEncoder - [522fa640] Writing "754. foo bar"
14:07:40.545 [XNIO-15 I/O-3] DEBUG o.s.c.c.CharSequenceEncoder - [522fa640] Writing "755. foo bar"
14:07:40.545 [XNIO-15 I/O-3] DEBUG o.s.c.c.CharSequenceEncoder - [522fa640] Writing "756. foo bar"
14:07:40.545 [XNIO-15 I/O-3] DEBUG o.s.c.c.CharSequenceEncoder - [522fa640] Writing "757. foo bar"
14:07:40.546 [XNIO-15 I/O-3] DEBUG o.s.c.c.CharSequenceEncoder - [522fa640] Writing "758. foo bar"
14:07:40.546 [XNIO-15 I/O-3] DEBUG o.s.c.c.CharSequenceEncoder - [522fa640] Writing "759. foo bar"
14:07:40.546 [XNIO-15 I/O-3] DEBUG o.s.c.c.CharSequenceEncoder - [522fa640] Writing "760. foo bar"
14:07:40.547 [XNIO-15 I/O-3] DEBUG o.s.c.c.CharSequenceEncoder - [522fa640] Writing "761. foo bar"
14:07:40.547 [XNIO-15 I/O-3] DEBUG o.s.c.c.CharSequenceEncoder - [522fa640] Writing "762. foo bar"
14:07:40.547 [XNIO-15 I/O-3] DEBUG o.s.c.c.CharSequenceEncoder - [522fa640] Writing "763. foo bar"
14:07:40.547 [XNIO-15 I/O-3] DEBUG o.s.c.c.CharSequenceEncoder - [522fa640] Writing "764. foo bar"
14:07:40.547 [XNIO-15 I/O-3] DEBUG o.s.c.c.CharSequenceEncoder - [522fa640] Writing "765. foo bar"
14:07:40.547 [XNIO-15 I/O-3] DEBUG o.s.c.c.CharSequenceEncoder - [522fa640] Writing "766. foo bar"
14:07:40.547 [XNIO-15 I/O-3] DEBUG o.s.c.c.CharSequenceEncoder - [522fa640] Writing "767. foo bar"
14:07:40.547 [XNIO-15 I/O-3] DEBUG o.s.c.c.CharSequenceEncoder - [522fa640] Writing "768. foo bar"
14:07:40.547 [XNIO-15 I/O-3] DEBUG o.s.c.c.CharSequenceEncoder - [522fa640] Writing "769. foo bar"
14:07:40.547 [XNIO-15 I/O-3] DEBUG o.s.c.c.CharSequenceEncoder - [522fa640] Writing "770. foo bar"
14:07:40.547 [XNIO-15 I/O-3] DEBUG o.s.c.c.CharSequenceEncoder - [522fa640] Writing "771. foo bar"
14:07:40.548 [XNIO-15 I/O-3] DEBUG o.s.c.c.CharSequenceEncoder - [522fa640] Writing "772. foo bar"
14:07:40.548 [XNIO-15 I/O-3] DEBUG o.s.c.c.CharSequenceEncoder - [522fa640] Writing "773. foo bar"
14:07:40.548 [XNIO-15 I/O-3] DEBUG o.s.c.c.CharSequenceEncoder - [522fa640] Writing "774. foo bar"
14:07:40.548 [XNIO-15 I/O-3] DEBUG o.s.c.c.CharSequenceEncoder - [522fa640] Writing "775. foo bar"
14:07:40.548 [XNIO-15 I/O-3] DEBUG o.s.c.c.CharSequenceEncoder - [522fa640] Writing "776. foo bar"
14:07:40.548 [XNIO-15 I/O-3] DEBUG o.s.c.c.CharSequenceEncoder - [522fa640] Writing "777. foo bar"
14:07:40.548 [XNIO-15 I/O-3] DEBUG o.s.c.c.CharSequenceEncoder - [522fa640] Writing "778. foo bar"
14:07:40.548 [XNIO-15 I/O-3] DEBUG o.s.c.c.CharSequenceEncoder - [522fa640] Writing "779. foo bar"
14:07:40.548 [XNIO-15 I/O-3] DEBUG o.s.c.c.CharSequenceEncoder - [522fa640] Writing "780. foo bar"
14:07:40.548 [XNIO-15 I/O-3] DEBUG o.s.c.c.CharSequenceEncoder - [522fa640] Writing "781. foo bar"
14:07:40.548 [XNIO-15 I/O-3] DEBUG o.s.c.c.CharSequenceEncoder - [522fa640] Writing "782. foo bar"
14:07:40.548 [XNIO-15 I/O-3] DEBUG o.s.c.c.CharSequenceEncoder - [522fa640] Writing "783. foo bar"
14:07:40.549 [XNIO-15 I/O-3] DEBUG o.s.c.c.CharSequenceEncoder - [522fa640] Writing "784. foo bar"
14:07:40.549 [XNIO-15 I/O-3] DEBUG o.s.c.c.CharSequenceEncoder - [522fa640] Writing "785. foo bar"
14:07:40.549 [XNIO-15 I/O-3] DEBUG o.s.c.c.CharSequenceEncoder - [522fa640] Writing "786. foo bar"
14:07:40.549 [XNIO-15 I/O-3] DEBUG o.s.c.c.CharSequenceEncoder - [522fa640] Writing "787. foo bar"
14:07:40.549 [XNIO-15 I/O-3] DEBUG o.s.c.c.CharSequenceEncoder - [522fa640] Writing "788. foo bar"
14:07:40.549 [XNIO-15 I/O-3] DEBUG o.s.c.c.CharSequenceEncoder - [522fa640] Writing "789. foo bar"
14:07:40.549 [XNIO-15 I/O-3] DEBUG o.s.c.c.CharSequenceEncoder - [522fa640] Writing "790. foo bar"
14:07:40.549 [XNIO-15 I/O-3] DEBUG o.s.c.c.CharSequenceEncoder - [522fa640] Writing "791. foo bar"
14:07:40.549 [XNIO-15 I/O-3] DEBUG o.s.c.c.CharSequenceEncoder - [522fa640] Writing "792. foo bar"
14:07:40.549 [XNIO-15 I/O-3] DEBUG o.s.c.c.CharSequenceEncoder - [522fa640] Writing "793. foo bar"
14:07:40.549 [XNIO-15 I/O-3] DEBUG o.s.c.c.CharSequenceEncoder - [522fa640] Writing "794. foo bar"
14:07:40.550 [XNIO-15 I/O-3] DEBUG o.s.c.c.CharSequenceEncoder - [522fa640] Writing "795. foo bar"
14:07:40.550 [XNIO-15 I/O-3] DEBUG o.s.c.c.CharSequenceEncoder - [522fa640] Writing "796. foo bar"
14:07:40.550 [XNIO-15 I/O-3] DEBUG o.s.c.c.CharSequenceEncoder - [522fa640] Writing "797. foo bar"
14:07:40.550 [XNIO-15 I/O-3] DEBUG o.s.c.c.CharSequenceEncoder - [522fa640] Writing "798. foo bar"
14:07:40.550 [XNIO-15 I/O-3] DEBUG o.s.c.c.CharSequenceEncoder - [522fa640] Writing "799. foo bar"
14:07:40.550 [XNIO-15 I/O-3] DEBUG o.s.c.c.CharSequenceEncoder - [522fa640] Writing "800. foo bar"
14:07:40.550 [XNIO-15 I/O-3] DEBUG o.s.c.c.CharSequenceEncoder - [522fa640] Writing "801. foo bar"
14:07:40.550 [XNIO-15 I/O-3] DEBUG o.s.c.c.CharSequenceEncoder - [522fa640] Writing "802. foo bar"
14:07:40.550 [XNIO-15 I/O-3] DEBUG o.s.c.c.CharSequenceEncoder - [522fa640] Writing "803. foo bar"
14:07:40.551 [XNIO-15 I/O-3] DEBUG o.s.c.c.CharSequenceEncoder - [522fa640] Writing "804. foo bar"
14:07:40.551 [XNIO-15 I/O-3] DEBUG o.s.c.c.CharSequenceEncoder - [522fa640] Writing "805. foo bar"
14:07:40.551 [XNIO-15 I/O-3] DEBUG o.s.c.c.CharSequenceEncoder - [522fa640] Writing "806. foo bar"
14:07:40.551 [XNIO-15 I/O-3] DEBUG o.s.c.c.CharSequenceEncoder - [522fa640] Writing "807. foo bar"
14:07:40.551 [XNIO-15 I/O-3] DEBUG o.s.c.c.CharSequenceEncoder - [522fa640] Writing "808. foo bar"
14:07:40.551 [XNIO-15 I/O-3] DEBUG o.s.c.c.CharSequenceEncoder - [522fa640] Writing "809. foo bar"
14:07:40.551 [XNIO-15 I/O-3] DEBUG o.s.c.c.CharSequenceEncoder - [522fa640] Writing "810. foo bar"
14:07:40.551 [XNIO-15 I/O-3] DEBUG o.s.c.c.CharSequenceEncoder - [522fa640] Writing "811. foo bar"
14:07:40.551 [XNIO-15 I/O-3] DEBUG o.s.c.c.CharSequenceEncoder - [522fa640] Writing "812. foo bar"
14:07:40.551 [XNIO-15 I/O-3] DEBUG o.s.c.c.CharSequenceEncoder - [522fa640] Writing "813. foo bar"
14:07:40.552 [XNIO-15 I/O-3] DEBUG o.s.c.c.CharSequenceEncoder - [522fa640] Writing "814. foo bar"
14:07:40.552 [XNIO-15 I/O-3] DEBUG o.s.c.c.CharSequenceEncoder - [522fa640] Writing "815. foo bar"
14:07:40.552 [XNIO-15 I/O-3] DEBUG o.s.c.c.CharSequenceEncoder - [522fa640] Writing "816. foo bar"
14:07:40.552 [XNIO-15 I/O-3] DEBUG o.s.c.c.CharSequenceEncoder - [522fa640] Writing "817. foo bar"
14:07:40.552 [XNIO-15 I/O-3] DEBUG o.s.c.c.CharSequenceEncoder - [522fa640] Writing "818. foo bar"
14:07:40.552 [XNIO-15 I/O-3] DEBUG o.s.c.c.CharSequenceEncoder - [522fa640] Writing "819. foo bar"
14:07:40.552 [XNIO-15 I/O-3] DEBUG o.s.c.c.CharSequenceEncoder - [522fa640] Writing "820. foo bar"
14:07:40.552 [XNIO-15 I/O-3] DEBUG o.s.c.c.CharSequenceEncoder - [522fa640] Writing "821. foo bar"
14:07:40.552 [XNIO-15 I/O-3] DEBUG o.s.c.c.CharSequenceEncoder - [522fa640] Writing "822. foo bar"
14:07:40.552 [XNIO-15 I/O-3] DEBUG o.s.c.c.CharSequenceEncoder - [522fa640] Writing "823. foo bar"
14:07:40.552 [XNIO-15 I/O-3] DEBUG o.s.c.c.CharSequenceEncoder - [522fa640] Writing "824. foo bar"
14:07:40.553 [XNIO-15 I/O-3] DEBUG o.s.c.c.CharSequenceEncoder - [522fa640] Writing "825. foo bar"
14:07:40.553 [XNIO-15 I/O-3] DEBUG o.s.c.c.CharSequenceEncoder - [522fa640] Writing "826. foo bar"
14:07:40.553 [XNIO-15 I/O-3] DEBUG o.s.c.c.CharSequenceEncoder - [522fa640] Writing "827. foo bar"
14:07:40.553 [XNIO-15 I/O-3] DEBUG o.s.c.c.CharSequenceEncoder - [522fa640] Writing "828. foo bar"
14:07:40.553 [XNIO-15 I/O-3] DEBUG o.s.c.c.CharSequenceEncoder - [522fa640] Writing "829. foo bar"
14:07:40.553 [XNIO-15 I/O-3] DEBUG o.s.c.c.CharSequenceEncoder - [522fa640] Writing "830. foo bar"
14:07:40.553 [XNIO-15 I/O-3] DEBUG o.s.c.c.CharSequenceEncoder - [522fa640] Writing "831. foo bar"
14:07:40.553 [XNIO-15 I/O-3] DEBUG o.s.c.c.CharSequenceEncoder - [522fa640] Writing "832. foo bar"
14:07:40.553 [XNIO-15 I/O-3] DEBUG o.s.c.c.CharSequenceEncoder - [522fa640] Writing "833. foo bar"
14:07:40.553 [XNIO-15 I/O-3] DEBUG o.s.c.c.CharSequenceEncoder - [522fa640] Writing "834. foo bar"
14:07:40.553 [XNIO-15 I/O-3] DEBUG o.s.c.c.CharSequenceEncoder - [522fa640] Writing "835. foo bar"
14:07:40.554 [XNIO-15 I/O-3] DEBUG o.s.c.c.CharSequenceEncoder - [522fa640] Writing "836. foo bar"
14:07:40.554 [XNIO-15 I/O-3] DEBUG o.s.c.c.CharSequenceEncoder - [522fa640] Writing "837. foo bar"
14:07:40.554 [XNIO-15 I/O-3] DEBUG o.s.c.c.CharSequenceEncoder - [522fa640] Writing "838. foo bar"
14:07:40.554 [XNIO-15 I/O-3] DEBUG o.s.c.c.CharSequenceEncoder - [522fa640] Writing "839. foo bar"
14:07:40.554 [XNIO-15 I/O-3] DEBUG o.s.c.c.CharSequenceEncoder - [522fa640] Writing "840. foo bar"
14:07:40.554 [XNIO-15 I/O-3] DEBUG o.s.c.c.CharSequenceEncoder - [522fa640] Writing "841. foo bar"
14:07:40.554 [XNIO-15 I/O-3] DEBUG o.s.c.c.CharSequenceEncoder - [522fa640] Writing "842. foo bar"
14:07:40.554 [XNIO-15 I/O-3] DEBUG o.s.c.c.CharSequenceEncoder - [522fa640] Writing "843. foo bar"
14:07:40.554 [XNIO-15 I/O-3] DEBUG o.s.c.c.CharSequenceEncoder - [522fa640] Writing "844. foo bar"
14:07:40.554 [XNIO-15 I/O-3] DEBUG o.s.c.c.CharSequenceEncoder - [522fa640] Writing "845. foo bar"
14:07:40.554 [XNIO-15 I/O-3] DEBUG o.s.c.c.CharSequenceEncoder - [522fa640] Writing "846. foo bar"
14:07:40.555 [XNIO-15 I/O-3] DEBUG o.s.c.c.CharSequenceEncoder - [522fa640] Writing "847. foo bar"
14:07:40.555 [XNIO-15 I/O-3] DEBUG o.s.c.c.CharSequenceEncoder - [522fa640] Writing "848. foo bar"
14:07:40.555 [XNIO-15 I/O-3] DEBUG o.s.c.c.CharSequenceEncoder - [522fa640] Writing "849. foo bar"
14:07:40.555 [XNIO-15 I/O-3] DEBUG o.s.c.c.CharSequenceEncoder - [522fa640] Writing "850. foo bar"
14:07:40.555 [XNIO-15 I/O-3] DEBUG o.s.c.c.CharSequenceEncoder - [522fa640] Writing "851. foo bar"
14:07:40.555 [XNIO-15 I/O-3] DEBUG o.s.c.c.CharSequenceEncoder - [522fa640] Writing "852. foo bar"
14:07:40.555 [XNIO-15 I/O-3] DEBUG o.s.c.c.CharSequenceEncoder - [522fa640] Writing "853. foo bar"
14:07:40.555 [XNIO-15 I/O-3] DEBUG o.s.c.c.CharSequenceEncoder - [522fa640] Writing "854. foo bar"
14:07:40.555 [XNIO-15 I/O-3] DEBUG o.s.c.c.CharSequenceEncoder - [522fa640] Writing "855. foo bar"
14:07:40.555 [XNIO-15 I/O-3] DEBUG o.s.c.c.CharSequenceEncoder - [522fa640] Writing "856. foo bar"
14:07:40.555 [XNIO-15 I/O-3] DEBUG o.s.c.c.CharSequenceEncoder - [522fa640] Writing "857. foo bar"
14:07:40.556 [XNIO-15 I/O-3] DEBUG o.s.c.c.CharSequenceEncoder - [522fa640] Writing "858. foo bar"
14:07:40.556 [XNIO-15 I/O-3] DEBUG o.s.c.c.CharSequenceEncoder - [522fa640] Writing "859. foo bar"
14:07:40.556 [XNIO-15 I/O-3] DEBUG o.s.c.c.CharSequenceEncoder - [522fa640] Writing "860. foo bar"
14:07:40.556 [XNIO-15 I/O-3] DEBUG o.s.c.c.CharSequenceEncoder - [522fa640] Writing "861. foo bar"
14:07:40.556 [XNIO-15 I/O-3] DEBUG o.s.c.c.CharSequenceEncoder - [522fa640] Writing "862. foo bar"
14:07:40.556 [XNIO-15 I/O-3] DEBUG o.s.c.c.CharSequenceEncoder - [522fa640] Writing "863. foo bar"
14:07:40.556 [XNIO-15 I/O-3] DEBUG o.s.c.c.CharSequenceEncoder - [522fa640] Writing "864. foo bar"
14:07:40.556 [XNIO-15 I/O-3] DEBUG o.s.c.c.CharSequenceEncoder - [522fa640] Writing "865. foo bar"
14:07:40.556 [XNIO-15 I/O-3] DEBUG o.s.c.c.CharSequenceEncoder - [522fa640] Writing "866. foo bar"
14:07:40.556 [XNIO-15 I/O-3] DEBUG o.s.c.c.CharSequenceEncoder - [522fa640] Writing "867. foo bar"
14:07:40.556 [XNIO-15 I/O-3] DEBUG o.s.c.c.CharSequenceEncoder - [522fa640] Writing "868. foo bar"
14:07:40.556 [XNIO-15 I/O-3] DEBUG o.s.c.c.CharSequenceEncoder - [522fa640] Writing "869. foo bar"
14:07:40.556 [XNIO-15 I/O-3] DEBUG o.s.c.c.CharSequenceEncoder - [522fa640] Writing "870. foo bar"
14:07:40.557 [XNIO-15 I/O-3] DEBUG o.s.c.c.CharSequenceEncoder - [522fa640] Writing "871. foo bar"
14:07:40.557 [XNIO-15 I/O-3] DEBUG o.s.c.c.CharSequenceEncoder - [522fa640] Writing "872. foo bar"
14:07:40.557 [XNIO-15 I/O-3] DEBUG o.s.c.c.CharSequenceEncoder - [522fa640] Writing "873. foo bar"
14:07:40.557 [XNIO-15 I/O-3] DEBUG o.s.c.c.CharSequenceEncoder - [522fa640] Writing "874. foo bar"
14:07:40.557 [XNIO-15 I/O-3] DEBUG o.s.c.c.CharSequenceEncoder - [522fa640] Writing "875. foo bar"
14:07:40.557 [XNIO-15 I/O-3] DEBUG o.s.c.c.CharSequenceEncoder - [522fa640] Writing "876. foo bar"
14:07:40.557 [XNIO-15 I/O-3] DEBUG o.s.c.c.CharSequenceEncoder - [522fa640] Writing "877. foo bar"
14:07:40.557 [XNIO-15 I/O-3] DEBUG o.s.c.c.CharSequenceEncoder - [522fa640] Writing "878. foo bar"
14:07:40.557 [XNIO-15 I/O-3] DEBUG o.s.c.c.CharSequenceEncoder - [522fa640] Writing "879. foo bar"
14:07:40.557 [XNIO-15 I/O-3] DEBUG o.s.c.c.CharSequenceEncoder - [522fa640] Writing "880. foo bar"
14:07:40.557 [XNIO-15 I/O-3] DEBUG o.s.c.c.CharSequenceEncoder - [522fa640] Writing "881. foo bar"
14:07:40.557 [XNIO-15 I/O-3] DEBUG o.s.c.c.CharSequenceEncoder - [522fa640] Writing "882. foo bar"
14:07:40.558 [XNIO-15 I/O-3] DEBUG o.s.c.c.CharSequenceEncoder - [522fa640] Writing "883. foo bar"
14:07:40.558 [XNIO-15 I/O-3] DEBUG o.s.c.c.CharSequenceEncoder - [522fa640] Writing "884. foo bar"
14:07:40.558 [XNIO-15 I/O-3] DEBUG o.s.c.c.CharSequenceEncoder - [522fa640] Writing "885. foo bar"
14:07:40.558 [XNIO-15 I/O-3] DEBUG o.s.c.c.CharSequenceEncoder - [522fa640] Writing "886. foo bar"
14:07:40.558 [XNIO-15 I/O-3] DEBUG o.s.c.c.CharSequenceEncoder - [522fa640] Writing "887. foo bar"
14:07:40.558 [XNIO-15 I/O-3] DEBUG o.s.c.c.CharSequenceEncoder - [522fa640] Writing "888. foo bar"
14:07:40.558 [XNIO-15 I/O-3] DEBUG o.s.c.c.CharSequenceEncoder - [522fa640] Writing "889. foo bar"
14:07:40.558 [XNIO-15 I/O-3] DEBUG o.s.c.c.CharSequenceEncoder - [522fa640] Writing "890. foo bar"
14:07:40.559 [XNIO-15 I/O-3] DEBUG o.s.c.c.CharSequenceEncoder - [522fa640] Writing "891. foo bar"
14:07:40.559 [XNIO-15 I/O-3] DEBUG o.s.c.c.CharSequenceEncoder - [522fa640] Writing "892. foo bar"
14:07:40.559 [XNIO-15 I/O-3] DEBUG o.s.c.c.CharSequenceEncoder - [522fa640] Writing "893. foo bar"
14:07:40.559 [XNIO-15 I/O-3] DEBUG o.s.c.c.CharSequenceEncoder - [522fa640] Writing "894. foo bar"
14:07:40.559 [XNIO-15 I/O-3] DEBUG o.s.c.c.CharSequenceEncoder - [522fa640] Writing "895. foo bar"
14:07:40.559 [XNIO-15 I/O-3] DEBUG o.s.c.c.CharSequenceEncoder - [522fa640] Writing "896. foo bar"
14:07:40.559 [XNIO-15 I/O-3] DEBUG o.s.c.c.CharSequenceEncoder - [522fa640] Writing "897. foo bar"
14:07:40.559 [XNIO-15 I/O-3] DEBUG o.s.c.c.CharSequenceEncoder - [522fa640] Writing "898. foo bar"
14:07:40.559 [XNIO-15 I/O-3] DEBUG o.s.c.c.CharSequenceEncoder - [522fa640] Writing "899. foo bar"
14:07:40.559 [XNIO-15 I/O-3] DEBUG o.s.c.c.CharSequenceEncoder - [522fa640] Writing "900. foo bar"
14:07:40.559 [XNIO-15 I/O-3] DEBUG o.s.c.c.CharSequenceEncoder - [522fa640] Writing "901. foo bar"
14:07:40.560 [XNIO-15 I/O-3] DEBUG o.s.c.c.CharSequenceEncoder - [522fa640] Writing "902. foo bar"
14:07:40.560 [XNIO-15 I/O-3] DEBUG o.s.c.c.CharSequenceEncoder - [522fa640] Writing "903. foo bar"
14:07:40.560 [XNIO-15 I/O-3] DEBUG o.s.c.c.CharSequenceEncoder - [522fa640] Writing "904. foo bar"
14:07:40.560 [XNIO-15 I/O-3] DEBUG o.s.c.c.CharSequenceEncoder - [522fa640] Writing "905. foo bar"
14:07:40.560 [XNIO-15 I/O-3] DEBUG o.s.c.c.CharSequenceEncoder - [522fa640] Writing "906. foo bar"
14:07:40.560 [XNIO-15 I/O-3] DEBUG o.s.c.c.CharSequenceEncoder - [522fa640] Writing "907. foo bar"
14:07:40.560 [XNIO-15 I/O-3] DEBUG o.s.c.c.CharSequenceEncoder - [522fa640] Writing "908. foo bar"
14:07:40.560 [XNIO-15 I/O-3] DEBUG o.s.c.c.CharSequenceEncoder - [522fa640] Writing "909. foo bar"
14:07:40.560 [XNIO-15 I/O-3] DEBUG o.s.c.c.CharSequenceEncoder - [522fa640] Writing "910. foo bar"
14:07:40.560 [XNIO-15 I/O-3] DEBUG o.s.c.c.CharSequenceEncoder - [522fa640] Writing "911. foo bar"
14:07:40.560 [XNIO-15 I/O-3] DEBUG o.s.c.c.CharSequenceEncoder - [522fa640] Writing "912. foo bar"
14:07:40.560 [XNIO-15 I/O-3] DEBUG o.s.c.c.CharSequenceEncoder - [522fa640] Writing "913. foo bar"
14:07:40.560 [XNIO-15 I/O-3] DEBUG o.s.c.c.CharSequenceEncoder - [522fa640] Writing "914. foo bar"
14:07:40.560 [XNIO-15 I/O-3] DEBUG o.s.c.c.CharSequenceEncoder - [522fa640] Writing "915. foo bar"
14:07:40.560 [XNIO-15 I/O-3] DEBUG o.s.c.c.CharSequenceEncoder - [522fa640] Writing "916. foo bar"
14:07:40.561 [XNIO-15 I/O-3] DEBUG o.s.c.c.CharSequenceEncoder - [522fa640] Writing "917. foo bar"
14:07:40.561 [XNIO-15 I/O-3] DEBUG o.s.c.c.CharSequenceEncoder - [522fa640] Writing "918. foo bar"
14:07:40.561 [XNIO-15 I/O-3] DEBUG o.s.c.c.CharSequenceEncoder - [522fa640] Writing "919. foo bar"
14:07:40.561 [XNIO-15 I/O-3] DEBUG o.s.c.c.CharSequenceEncoder - [522fa640] Writing "920. foo bar"
14:07:40.561 [XNIO-15 I/O-3] DEBUG o.s.c.c.CharSequenceEncoder - [522fa640] Writing "921. foo bar"
14:07:40.561 [XNIO-15 I/O-3] DEBUG o.s.c.c.CharSequenceEncoder - [522fa640] Writing "922. foo bar"
14:07:40.561 [XNIO-15 I/O-3] DEBUG o.s.c.c.CharSequenceEncoder - [522fa640] Writing "923. foo bar"
14:07:40.561 [XNIO-15 I/O-3] DEBUG o.s.c.c.CharSequenceEncoder - [522fa640] Writing "924. foo bar"
14:07:40.561 [XNIO-15 I/O-3] DEBUG o.s.c.c.CharSequenceEncoder - [522fa640] Writing "925. foo bar"
14:07:40.561 [XNIO-15 I/O-3] DEBUG o.s.c.c.CharSequenceEncoder - [522fa640] Writing "926. foo bar"
14:07:40.561 [XNIO-15 I/O-3] DEBUG o.s.c.c.CharSequenceEncoder - [522fa640] Writing "927. foo bar"
14:07:40.561 [XNIO-15 I/O-3] DEBUG o.s.c.c.CharSequenceEncoder - [522fa640] Writing "928. foo bar"
14:07:40.562 [XNIO-15 I/O-3] DEBUG o.s.c.c.CharSequenceEncoder - [522fa640] Writing "929. foo bar"
14:07:40.562 [XNIO-15 I/O-3] DEBUG o.s.c.c.CharSequenceEncoder - [522fa640] Writing "930. foo bar"
14:07:40.562 [XNIO-15 I/O-3] DEBUG o.s.c.c.CharSequenceEncoder - [522fa640] Writing "931. foo bar"
14:07:40.562 [XNIO-15 I/O-3] DEBUG o.s.c.c.CharSequenceEncoder - [522fa640] Writing "932. foo bar"
14:07:40.562 [XNIO-15 I/O-3] DEBUG o.s.c.c.CharSequenceEncoder - [522fa640] Writing "933. foo bar"
14:07:40.562 [XNIO-15 I/O-3] DEBUG o.s.c.c.CharSequenceEncoder - [522fa640] Writing "934. foo bar"
14:07:40.562 [XNIO-15 I/O-3] DEBUG o.s.c.c.CharSequenceEncoder - [522fa640] Writing "935. foo bar"
14:07:40.562 [XNIO-15 I/O-3] DEBUG o.s.c.c.CharSequenceEncoder - [522fa640] Writing "936. foo bar"
14:07:40.562 [XNIO-15 I/O-3] DEBUG o.s.c.c.CharSequenceEncoder - [522fa640] Writing "937. foo bar"
14:07:40.562 [XNIO-15 I/O-3] DEBUG o.s.c.c.CharSequenceEncoder - [522fa640] Writing "938. foo bar"
14:07:40.562 [XNIO-15 I/O-3] DEBUG o.s.c.c.CharSequenceEncoder - [522fa640] Writing "939. foo bar"
14:07:40.562 [XNIO-15 I/O-3] DEBUG o.s.c.c.CharSequenceEncoder - [522fa640] Writing "940. foo bar"
14:07:40.562 [XNIO-15 I/O-3] DEBUG o.s.c.c.CharSequenceEncoder - [522fa640] Writing "941. foo bar"
14:07:40.562 [XNIO-15 I/O-3] DEBUG o.s.c.c.CharSequenceEncoder - [522fa640] Writing "942. foo bar"
14:07:40.563 [XNIO-15 I/O-3] DEBUG o.s.c.c.CharSequenceEncoder - [522fa640] Writing "943. foo bar"
14:07:40.563 [XNIO-15 I/O-3] DEBUG o.s.c.c.CharSequenceEncoder - [522fa640] Writing "944. foo bar"
14:07:40.563 [XNIO-15 I/O-3] DEBUG o.s.c.c.CharSequenceEncoder - [522fa640] Writing "945. foo bar"
14:07:40.563 [XNIO-15 I/O-3] DEBUG o.s.c.c.CharSequenceEncoder - [522fa640] Writing "946. foo bar"
14:07:40.563 [XNIO-15 I/O-3] DEBUG o.s.c.c.CharSequenceEncoder - [522fa640] Writing "947. foo bar"
14:07:40.563 [XNIO-15 I/O-3] DEBUG o.s.c.c.CharSequenceEncoder - [522fa640] Writing "948. foo bar"
14:07:40.563 [XNIO-15 I/O-3] DEBUG o.s.c.c.CharSequenceEncoder - [522fa640] Writing "949. foo bar"
14:07:40.563 [XNIO-15 I/O-3] DEBUG o.s.c.c.CharSequenceEncoder - [522fa640] Writing "950. foo bar"
14:07:40.563 [XNIO-15 I/O-3] DEBUG o.s.c.c.CharSequenceEncoder - [522fa640] Writing "951. foo bar"
14:07:40.563 [XNIO-15 I/O-3] DEBUG o.s.c.c.CharSequenceEncoder - [522fa640] Writing "952. foo bar"
14:07:40.563 [XNIO-15 I/O-3] DEBUG o.s.c.c.CharSequenceEncoder - [522fa640] Writing "953. foo bar"
14:07:40.563 [XNIO-15 I/O-3] DEBUG o.s.c.c.CharSequenceEncoder - [522fa640] Writing "954. foo bar"
14:07:40.563 [XNIO-15 I/O-3] DEBUG o.s.c.c.CharSequenceEncoder - [522fa640] Writing "955. foo bar"
14:07:40.563 [XNIO-15 I/O-3] DEBUG o.s.c.c.CharSequenceEncoder - [522fa640] Writing "956. foo bar"
14:07:40.563 [XNIO-15 I/O-3] DEBUG o.s.c.c.CharSequenceEncoder - [522fa640] Writing "957. foo bar"
14:07:40.563 [XNIO-15 I/O-3] DEBUG o.s.c.c.CharSequenceEncoder - [522fa640] Writing "958. foo bar"
14:07:40.564 [XNIO-15 I/O-3] DEBUG o.s.c.c.CharSequenceEncoder - [522fa640] Writing "959. foo bar"
14:07:40.564 [XNIO-15 I/O-3] DEBUG o.s.c.c.CharSequenceEncoder - [522fa640] Writing "960. foo bar"
14:07:40.564 [XNIO-15 I/O-3] DEBUG o.s.c.c.CharSequenceEncoder - [522fa640] Writing "961. foo bar"
14:07:40.564 [XNIO-15 I/O-3] DEBUG o.s.c.c.CharSequenceEncoder - [522fa640] Writing "962. foo bar"
14:07:40.564 [XNIO-15 I/O-3] DEBUG o.s.c.c.CharSequenceEncoder - [522fa640] Writing "963. foo bar"
14:07:40.564 [XNIO-15 I/O-3] DEBUG o.s.c.c.CharSequenceEncoder - [522fa640] Writing "964. foo bar"
14:07:40.564 [XNIO-15 I/O-3] DEBUG o.s.c.c.CharSequenceEncoder - [522fa640] Writing "965. foo bar"
14:07:40.564 [XNIO-15 I/O-3] DEBUG o.s.c.c.CharSequenceEncoder - [522fa640] Writing "966. foo bar"
14:07:40.564 [XNIO-15 I/O-3] DEBUG o.s.c.c.CharSequenceEncoder - [522fa640] Writing "967. foo bar"
14:07:40.564 [XNIO-15 I/O-3] DEBUG o.s.c.c.CharSequenceEncoder - [522fa640] Writing "968. foo bar"
14:07:40.564 [XNIO-15 I/O-3] DEBUG o.s.c.c.CharSequenceEncoder - [522fa640] Writing "969. foo bar"
14:07:40.564 [XNIO-15 I/O-3] DEBUG o.s.c.c.CharSequenceEncoder - [522fa640] Writing "970. foo bar"
14:07:40.564 [XNIO-15 I/O-3] DEBUG o.s.c.c.CharSequenceEncoder - [522fa640] Writing "971. foo bar"
14:07:40.564 [XNIO-15 I/O-3] DEBUG o.s.c.c.CharSequenceEncoder - [522fa640] Writing "972. foo bar"
14:07:40.564 [XNIO-15 I/O-3] DEBUG o.s.c.c.CharSequenceEncoder - [522fa640] Writing "973. foo bar"
14:07:40.565 [XNIO-15 I/O-3] DEBUG o.s.c.c.CharSequenceEncoder - [522fa640] Writing "974. foo bar"
14:07:40.565 [XNIO-15 I/O-3] DEBUG o.s.c.c.CharSequenceEncoder - [522fa640] Writing "975. foo bar"
14:07:40.565 [XNIO-15 I/O-3] DEBUG o.s.c.c.CharSequenceEncoder - [522fa640] Writing "976. foo bar"
14:07:40.565 [XNIO-15 I/O-3] DEBUG o.s.c.c.CharSequenceEncoder - [522fa640] Writing "977. foo bar"
14:07:40.565 [XNIO-15 I/O-3] DEBUG o.s.c.c.CharSequenceEncoder - [522fa640] Writing "978. foo bar"
14:07:40.565 [XNIO-15 I/O-3] DEBUG o.s.c.c.CharSequenceEncoder - [522fa640] Writing "979. foo bar"
14:07:40.565 [XNIO-15 I/O-3] DEBUG o.s.c.c.CharSequenceEncoder - [522fa640] Writing "980. foo bar"
14:07:40.565 [XNIO-15 I/O-3] DEBUG o.s.c.c.CharSequenceEncoder - [522fa640] Writing "981. foo bar"
14:07:40.565 [XNIO-15 I/O-3] DEBUG o.s.c.c.CharSequenceEncoder - [522fa640] Writing "982. foo bar"
14:07:40.565 [XNIO-15 I/O-3] DEBUG o.s.c.c.CharSequenceEncoder - [522fa640] Writing "983. foo bar"
14:07:40.565 [XNIO-15 I/O-3] DEBUG o.s.c.c.CharSequenceEncoder - [522fa640] Writing "984. foo bar"
14:07:40.565 [XNIO-15 I/O-3] DEBUG o.s.c.c.CharSequenceEncoder - [522fa640] Writing "985. foo bar"
14:07:40.566 [XNIO-15 I/O-3] DEBUG o.s.c.c.CharSequenceEncoder - [522fa640] Writing "986. foo bar"
14:07:40.566 [XNIO-15 I/O-3] DEBUG o.s.c.c.CharSequenceEncoder - [522fa640] Writing "987. foo bar"
14:07:40.566 [XNIO-15 I/O-3] DEBUG o.s.c.c.CharSequenceEncoder - [522fa640] Writing "988. foo bar"
14:07:40.566 [XNIO-15 I/O-3] DEBUG o.s.c.c.CharSequenceEncoder - [522fa640] Writing "989. foo bar"
14:07:40.566 [XNIO-15 I/O-3] DEBUG o.s.c.c.CharSequenceEncoder - [522fa640] Writing "990. foo bar"
14:07:40.566 [XNIO-15 I/O-3] DEBUG o.s.c.c.CharSequenceEncoder - [522fa640] Writing "991. foo bar"
14:07:40.566 [XNIO-15 I/O-3] DEBUG o.s.c.c.CharSequenceEncoder - [522fa640] Writing "992. foo bar"
14:07:40.566 [XNIO-15 I/O-3] DEBUG o.s.c.c.CharSequenceEncoder - [522fa640] Writing "993. foo bar"
14:07:40.566 [XNIO-15 I/O-3] DEBUG o.s.c.c.CharSequenceEncoder - [522fa640] Writing "994. foo bar"
14:07:40.566 [XNIO-15 I/O-3] DEBUG o.s.c.c.CharSequenceEncoder - [522fa640] Writing "995. foo bar"
14:07:40.566 [XNIO-15 I/O-3] DEBUG o.s.c.c.CharSequenceEncoder - [522fa640] Writing "996. foo bar"
14:07:40.566 [XNIO-15 I/O-3] DEBUG o.s.c.c.CharSequenceEncoder - [522fa640] Writing "997. foo bar"
14:07:40.566 [XNIO-15 I/O-3] DEBUG o.s.c.c.CharSequenceEncoder - [522fa640] Writing "998. foo bar"
14:07:40.567 [XNIO-15 I/O-3] DEBUG o.s.c.c.CharSequenceEncoder - [522fa640] Writing "999. foo bar"
14:07:40.567 [XNIO-15 I/O-3] ERROR o.s.w.s.a.HttpWebHandlerAdapter - [522fa640] Error [java.lang.RuntimeException: Random error] for HTTP GET "/SPR-16051", but ServerHttpResponse already committed (200 OK)
14:07:40.567 [XNIO-15 I/O-3] DEBUG o.s.h.s.r.UndertowHttpHandlerAdapter - [522fa640] Closing connection
14:07:40.568 [Test worker] DEBUG o.s.w.t.h.s.r.b.UndertowHttpServer - Stopping UndertowHttpServer...
14:07:40.568 [Test worker] INFO  i.undertow - stopping server: Undertow - 2.1.3.Final
14:07:40.570 [Test worker] DEBUG o.s.w.t.h.s.r.b.UndertowHttpServer - Server stopped (0 millis).
14:07:40.722 [Test worker] DEBUG o.s.w.r.r.m.a.RequestMappingHandlerMapping - 6 mappings in 'requestMappingHandlerMapping'
14:07:40.779 [Test worker] DEBUG o.s.w.r.r.m.a.ControllerMethodResolver - ControllerAdvice beans: none
14:07:40.851 [Test worker] DEBUG o.s.w.s.a.HttpWebHandlerAdapter - enableLoggingRequestDetails='false': form data and headers will be masked to prevent unsafe logging of potentially sensitive data
14:07:40.851 [Test worker] WARN  o.e.j.s.h.ContextHandler - Empty contextPath
14:07:40.852 [Test worker] INFO  o.e.j.s.h.ContextHandler - Started o.e.j.s.ServletContextHandler@6fd7730{/,null,AVAILABLE}
14:07:40.852 [Test worker] DEBUG o.s.w.t.h.s.r.b.JettyHttpServer - Starting JettyHttpServer...
14:07:40.852 [Test worker] INFO  o.e.j.s.Server - jetty-9.4.30.v20200611; built: 2020-06-11T12:34:51.929Z; git: 271836e4c1f4612f12b7bb13ef5a92a927634b0d; jvm 1.8.0_73-b02
14:07:40.858 [Test worker] INFO  o.e.j.s.AbstractConnector - Started ServerConnector@33cb81f6{HTTP/1.1, (http/1.1)}{0.0.0.0:60795}
14:07:40.858 [Test worker] INFO  o.e.j.s.Server - Started @60582ms
14:07:40.858 [Test worker] DEBUG o.s.w.t.h.s.r.b.JettyHttpServer - Server started on port 60795(0 millis).
14:07:40.858 [Test worker] DEBUG o.s.w.c.RestTemplate - HTTP GET http://localhost:60795/thrown-exception-with-cause
14:07:40.858 [Test worker] DEBUG o.s.w.c.RestTemplate - Accept=[text/plain, application/json, application/x-jackson-smile, application/*+json, */*]
14:07:40.861 [qtp66187469-646] DEBUG o.s.w.s.a.HttpWebHandlerAdapter - [28330a62] HTTP GET "/thrown-exception-with-cause"
14:07:40.861 [qtp66187469-646] DEBUG o.s.w.r.r.m.a.RequestMappingHandlerMapping - [28330a62] Mapped to org.springframework.web.reactive.result.method.annotation.RequestMappingExceptionHandlingIntegrationTests$TestController#handleAndThrowExceptionWithCause()
14:07:40.862 [qtp66187469-646] DEBUG o.s.w.r.r.m.a.RequestMappingHandlerAdapter - [28330a62] Using @ExceptionHandler org.springframework.web.reactive.result.method.annotation.RequestMappingExceptionHandlingIntegrationTests$TestController#handleStateException(IllegalStateException)
14:07:40.863 [qtp66187469-646] DEBUG o.s.w.r.r.m.a.ResponseEntityResultHandler - Using 'text/plain;charset=UTF-8' given [text/plain, application/json, application/x-jackson-smile, application/*+json, */*] and supported [text/plain;charset=UTF-8, text/event-stream, text/plain;charset=UTF-8, */*]
14:07:40.863 [qtp66187469-646] DEBUG o.s.w.r.r.m.a.ResponseEntityResultHandler - [28330a62] 0..1 [java.lang.String]
14:07:40.863 [qtp66187469-646] DEBUG o.s.c.c.CharSequenceEncoder - [28330a62] Writing "Recovered from error: State"
14:07:40.864 [Test worker] DEBUG o.s.w.c.RestTemplate - Response 200 OK
14:07:40.864 [qtp66187469-646] DEBUG o.s.w.s.a.HttpWebHandlerAdapter - [28330a62] Completed 200 OK
14:07:40.864 [Test worker] DEBUG o.s.w.c.RestTemplate - Reading to [java.lang.String] as "text/plain;charset=utf-8"
14:07:40.864 [Test worker] DEBUG o.s.w.t.h.s.r.b.JettyHttpServer - Stopping JettyHttpServer...
14:07:40.864 [Test worker] INFO  o.e.j.s.h.ContextHandler - Stopped o.e.j.s.ServletContextHandler@6fd7730{/,null,UNAVAILABLE}
14:07:40.865 [Test worker] INFO  o.e.j.s.AbstractConnector - Stopped ServerConnector@33cb81f6{HTTP/1.1, (http/1.1)}{0.0.0.0:0}
14:07:40.876 [Test worker] DEBUG o.s.w.t.h.s.r.b.JettyHttpServer - Server stopped (0 millis).
14:07:41.074 [Test worker] DEBUG o.s.w.r.r.m.a.RequestMappingHandlerMapping - 6 mappings in 'requestMappingHandlerMapping'
14:07:41.122 [Test worker] DEBUG o.s.w.r.r.m.a.ControllerMethodResolver - ControllerAdvice beans: none
14:07:41.185 [Test worker] DEBUG o.s.w.s.a.HttpWebHandlerAdapter - enableLoggingRequestDetails='false': form data and headers will be masked to prevent unsafe logging of potentially sensitive data
14:07:41.185 [Test worker] DEBUG o.s.w.t.h.s.r.b.ReactorHttpServer - Starting ReactorHttpServer...
14:07:41.192 [Test worker] DEBUG o.s.w.t.h.s.r.b.ReactorHttpServer - Server started on port 60799(0 millis).
14:07:41.192 [Test worker] DEBUG o.s.w.c.RestTemplate - HTTP GET http://localhost:60799/thrown-exception-with-cause
14:07:41.193 [Test worker] DEBUG o.s.w.c.RestTemplate - Accept=[text/plain, application/json, application/x-jackson-smile, application/*+json, */*]
14:07:41.197 [reactor-http-nio-8] DEBUG o.s.w.s.a.HttpWebHandlerAdapter - [9b98201d-16] HTTP GET "/thrown-exception-with-cause"
14:07:41.197 [reactor-http-nio-8] DEBUG o.s.w.r.r.m.a.RequestMappingHandlerMapping - [9b98201d-16] Mapped to org.springframework.web.reactive.result.method.annotation.RequestMappingExceptionHandlingIntegrationTests$TestController#handleAndThrowExceptionWithCause()
14:07:41.198 [reactor-http-nio-8] DEBUG o.s.w.r.r.m.a.RequestMappingHandlerAdapter - [9b98201d-16] Using @ExceptionHandler org.springframework.web.reactive.result.method.annotation.RequestMappingExceptionHandlingIntegrationTests$TestController#handleStateException(IllegalStateException)
14:07:41.199 [reactor-http-nio-8] DEBUG o.s.w.r.r.m.a.ResponseEntityResultHandler - Using 'text/plain;charset=UTF-8' given [text/plain, application/json, application/x-jackson-smile, application/*+json, */*] and supported [text/plain;charset=UTF-8, text/event-stream, text/plain;charset=UTF-8, */*]
14:07:41.199 [reactor-http-nio-8] DEBUG o.s.w.r.r.m.a.ResponseEntityResultHandler - [9b98201d-16] 0..1 [java.lang.String]
14:07:41.199 [reactor-http-nio-8] DEBUG o.s.c.c.CharSequenceEncoder - [9b98201d-16] Writing "Recovered from error: State"
14:07:41.200 [reactor-http-nio-8] DEBUG o.s.w.s.a.HttpWebHandlerAdapter - [9b98201d-16] Completed 200 OK
14:07:41.201 [Test worker] DEBUG o.s.w.c.RestTemplate - Response 200 OK
14:07:41.201 [Test worker] DEBUG o.s.w.c.RestTemplate - Reading to [java.lang.String] as "text/plain;charset=UTF-8"
14:07:41.201 [Test worker] DEBUG o.s.w.t.h.s.r.b.ReactorHttpServer - Stopping ReactorHttpServer...
14:07:41.201 [Test worker] DEBUG o.s.w.t.h.s.r.b.ReactorHttpServer - Server stopped (0 millis).
14:07:41.363 [Test worker] DEBUG o.s.w.r.r.m.a.RequestMappingHandlerMapping - 6 mappings in 'requestMappingHandlerMapping'
14:07:41.422 [Test worker] DEBUG o.s.w.r.r.m.a.ControllerMethodResolver - ControllerAdvice beans: none
14:07:41.484 [Test worker] DEBUG o.s.w.s.a.HttpWebHandlerAdapter - enableLoggingRequestDetails='false': form data and headers will be masked to prevent unsafe logging of potentially sensitive data
14:07:41.485 [Test worker] DEBUG o.s.w.t.h.s.r.b.TomcatHttpServer - Starting TomcatHttpServer...
14:07:41.528 [Test worker] DEBUG o.s.w.t.h.s.r.b.TomcatHttpServer - Server started on port 60805(0 millis).
14:07:41.529 [Test worker] DEBUG o.s.w.c.RestTemplate - HTTP GET http://localhost:60805/thrown-exception-with-cause
14:07:41.529 [Test worker] DEBUG o.s.w.c.RestTemplate - Accept=[text/plain, application/json, application/x-jackson-smile, application/*+json, */*]
14:07:41.536 [http-nio-auto-16-exec-1] DEBUG o.s.w.s.a.HttpWebHandlerAdapter - [426e9bf3] HTTP GET "/thrown-exception-with-cause"
14:07:41.536 [http-nio-auto-16-exec-1] DEBUG o.s.w.r.r.m.a.RequestMappingHandlerMapping - [426e9bf3] Mapped to org.springframework.web.reactive.result.method.annotation.RequestMappingExceptionHandlingIntegrationTests$TestController#handleAndThrowExceptionWithCause()
14:07:41.538 [http-nio-auto-16-exec-1] DEBUG o.s.w.r.r.m.a.RequestMappingHandlerAdapter - [426e9bf3] Using @ExceptionHandler org.springframework.web.reactive.result.method.annotation.RequestMappingExceptionHandlingIntegrationTests$TestController#handleStateException(IllegalStateException)
14:07:41.538 [http-nio-auto-16-exec-1] DEBUG o.s.w.r.r.m.a.ResponseEntityResultHandler - Using 'text/plain;charset=UTF-8' given [text/plain, application/json, application/x-jackson-smile, application/*+json, */*] and supported [text/plain;charset=UTF-8, text/event-stream, text/plain;charset=UTF-8, */*]
14:07:41.538 [http-nio-auto-16-exec-1] DEBUG o.s.w.r.r.m.a.ResponseEntityResultHandler - [426e9bf3] 0..1 [java.lang.String]
14:07:41.538 [http-nio-auto-16-exec-1] DEBUG o.s.c.c.CharSequenceEncoder - [426e9bf3] Writing "Recovered from error: State"
14:07:41.539 [http-nio-auto-16-exec-1] DEBUG o.s.w.s.a.HttpWebHandlerAdapter - [426e9bf3] Completed 200 OK
14:07:41.539 [Test worker] DEBUG o.s.w.c.RestTemplate - Response 200 OK
14:07:41.540 [Test worker] DEBUG o.s.w.c.RestTemplate - Reading to [java.lang.String] as "text/plain;charset=UTF-8"
14:07:41.540 [Test worker] DEBUG o.s.w.t.h.s.r.b.TomcatHttpServer - Stopping TomcatHttpServer...
14:07:41.589 [Test worker] DEBUG o.s.w.t.h.s.r.b.TomcatHttpServer - Server stopped (0 millis).
14:07:41.766 [Test worker] DEBUG o.s.w.r.r.m.a.RequestMappingHandlerMapping - 6 mappings in 'requestMappingHandlerMapping'
14:07:41.886 [Test worker] DEBUG o.s.w.r.r.m.a.ControllerMethodResolver - ControllerAdvice beans: none
14:07:41.961 [Test worker] DEBUG o.s.w.s.a.HttpWebHandlerAdapter - enableLoggingRequestDetails='false': form data and headers will be masked to prevent unsafe logging of potentially sensitive data
14:07:41.962 [Test worker] DEBUG o.s.w.t.h.s.r.b.UndertowHttpServer - Starting UndertowHttpServer...
14:07:41.962 [Test worker] INFO  i.undertow - starting server: Undertow - 2.1.3.Final
14:07:41.968 [Test worker] DEBUG o.s.w.t.h.s.r.b.UndertowHttpServer - Server started on port 60810(0 millis).
14:07:41.968 [Test worker] DEBUG o.s.w.c.RestTemplate - HTTP GET http://localhost:60810/thrown-exception-with-cause
14:07:41.968 [Test worker] DEBUG o.s.w.c.RestTemplate - Accept=[text/plain, application/json, application/x-jackson-smile, application/*+json, */*]
14:07:41.971 [XNIO-16 I/O-1] DEBUG o.s.w.s.a.HttpWebHandlerAdapter - [24553be9] HTTP GET "/thrown-exception-with-cause"
14:07:41.971 [XNIO-16 I/O-1] DEBUG o.s.w.r.r.m.a.RequestMappingHandlerMapping - [24553be9] Mapped to org.springframework.web.reactive.result.method.annotation.RequestMappingExceptionHandlingIntegrationTests$TestController#handleAndThrowExceptionWithCause()
14:07:41.972 [XNIO-16 I/O-1] DEBUG o.s.w.r.r.m.a.RequestMappingHandlerAdapter - [24553be9] Using @ExceptionHandler org.springframework.web.reactive.result.method.annotation.RequestMappingExceptionHandlingIntegrationTests$TestController#handleStateException(IllegalStateException)
14:07:41.973 [XNIO-16 I/O-1] DEBUG o.s.w.r.r.m.a.ResponseEntityResultHandler - Using 'text/plain;charset=UTF-8' given [text/plain, application/json, application/x-jackson-smile, application/*+json, */*] and supported [text/plain;charset=UTF-8, text/event-stream, text/plain;charset=UTF-8, */*]
14:07:41.973 [XNIO-16 I/O-1] DEBUG o.s.w.r.r.m.a.ResponseEntityResultHandler - [24553be9] 0..1 [java.lang.String]
14:07:41.973 [XNIO-16 I/O-1] DEBUG o.s.c.c.CharSequenceEncoder - [24553be9] Writing "Recovered from error: State"
14:07:41.973 [XNIO-16 I/O-1] DEBUG o.s.w.s.a.HttpWebHandlerAdapter - [24553be9] Completed 200 OK
14:07:41.973 [Test worker] DEBUG o.s.w.c.RestTemplate - Response 200 OK
14:07:41.974 [Test worker] DEBUG o.s.w.c.RestTemplate - Reading to [java.lang.String] as "text/plain;charset=UTF-8"
14:07:41.974 [Test worker] DEBUG o.s.w.t.h.s.r.b.UndertowHttpServer - Stopping UndertowHttpServer...
14:07:41.974 [Test worker] INFO  i.undertow - stopping server: Undertow - 2.1.3.Final
14:07:41.975 [Test worker] DEBUG o.s.w.t.h.s.r.b.UndertowHttpServer - Server stopped (0 millis).
]]></system-out>
  <system-err><![CDATA[]]></system-err>
</testsuite>
