<?xml version="1.0" encoding="UTF-8"?>
<testsuite name="org.springframework.web.reactive.result.method.annotation.InitBinderBindingContextTests" tests="7" skipped="0" failures="0" errors="0" timestamp="2020-06-22T06:07:31" hostname="aiguoxindeMacBook-Pro.local" time="0.165">
  <properties/>
  <testcase name="createBinderNullAttrName()" classname="org.springframework.web.reactive.result.method.annotation.InitBinderBindingContextTests" time="0.071"/>
  <testcase name="createBinderWithAttrNameNoMatch()" classname="org.springframework.web.reactive.result.method.annotation.InitBinderBindingContextTests" time="0.002"/>
  <testcase name="createBinderWithGlobalInitialization()" classname="org.springframework.web.reactive.result.method.annotation.InitBinderBindingContextTests" time="0.007"/>
  <testcase name="createBinderTypeConversion()" classname="org.springframework.web.reactive.result.method.annotation.InitBinderBindingContextTests" time="0.018"/>
  <testcase name="returnValueNotExpected()" classname="org.springframework.web.reactive.result.method.annotation.InitBinderBindingContextTests" time="0.063"/>
  <testcase name="createBinder()" classname="org.springframework.web.reactive.result.method.annotation.InitBinderBindingContextTests" time="0.001"/>
  <testcase name="createBinderWithAttrName()" classname="org.springframework.web.reactive.result.method.annotation.InitBinderBindingContextTests" time="0.001"/>
  <system-out><![CDATA[]]></system-out>
  <system-err><![CDATA[]]></system-err>
</testsuite>
