<?xml version="1.0" encoding="UTF-8"?>
<testsuite name="org.springframework.web.reactive.result.view.script.ScriptTemplateViewResolverTests" tests="1" skipped="0" failures="0" errors="0" timestamp="2020-06-22T06:07:39" hostname="aiguoxindeMacBook-Pro.local" time="0.005">
  <properties/>
  <testcase name="viewClass()" classname="org.springframework.web.reactive.result.view.script.ScriptTemplateViewResolverTests" time="0.005"/>
  <system-out><![CDATA[]]></system-out>
  <system-err><![CDATA[]]></system-err>
</testsuite>
