<?xml version="1.0" encoding="UTF-8"?>
<testsuite name="org.springframework.web.reactive.resource.CssLinkResourceTransformerTests" tests="6" skipped="0" failures="0" errors="0" timestamp="2020-06-22T06:07:28" hostname="aiguoxindeMacBook-Pro.local" time="0.212">
  <properties/>
  <testcase name="transformSkippedForNonCssResource()" classname="org.springframework.web.reactive.resource.CssLinkResourceTransformerTests" time="0.017"/>
  <testcase name="transformEmptyUrlFunction()" classname="org.springframework.web.reactive.resource.CssLinkResourceTransformerTests" time="0.014"/>
  <testcase name="transformSkippedForGzippedResource(GzippedFiles)" classname="org.springframework.web.reactive.resource.CssLinkResourceTransformerTests" time="0.068"/>
  <testcase name="transformNoLinks()" classname="org.springframework.web.reactive.resource.CssLinkResourceTransformerTests" time="0.013"/>
  <testcase name="transformExtLinksNotAllowed()" classname="org.springframework.web.reactive.resource.CssLinkResourceTransformerTests" time="0.058"/>
  <testcase name="transform()" classname="org.springframework.web.reactive.resource.CssLinkResourceTransformerTests" time="0.041"/>
  <system-out><![CDATA[]]></system-out>
  <system-err><![CDATA[]]></system-err>
</testsuite>
