<?xml version="1.0" encoding="UTF-8"?>
<testsuite name="org.springframework.web.reactive.function.server.PathResourceLookupFunctionTests" tests="4" skipped="0" failures="0" errors="0" timestamp="2020-06-22T06:07:05" hostname="aiguoxindeMacBook-Pro.local" time="0.062">
  <properties/>
  <testcase name="subPath()" classname="org.springframework.web.reactive.function.server.PathResourceLookupFunctionTests" time="0.053"/>
  <testcase name="normal()" classname="org.springframework.web.reactive.function.server.PathResourceLookupFunctionTests" time="0.003"/>
  <testcase name="composeResourceLookupFunction()" classname="org.springframework.web.reactive.function.server.PathResourceLookupFunctionTests" time="0.003"/>
  <testcase name="notFound()" classname="org.springframework.web.reactive.function.server.PathResourceLookupFunctionTests" time="0.001"/>
  <system-out><![CDATA[]]></system-out>
  <system-err><![CDATA[]]></system-err>
</testsuite>
