<?xml version="1.0" encoding="UTF-8"?>
<testsuite name="org.springframework.web.reactive.result.SimpleUrlHandlerMappingIntegrationTests" tests="16" skipped="0" failures="0" errors="0" timestamp="2020-06-22T06:08:54" hostname="aiguoxindeMacBook-Pro.local" time="0.789">
  <properties/>
  <testcase name="testHandlerNotFound(HttpServer)[1]" classname="org.springframework.web.reactive.result.SimpleUrlHandlerMappingIntegrationTests" time="0.08"/>
  <testcase name="testHandlerNotFound(HttpServer)[2]" classname="org.springframework.web.reactive.result.SimpleUrlHandlerMappingIntegrationTests" time="0.035"/>
  <testcase name="testHandlerNotFound(HttpServer)[3]" classname="org.springframework.web.reactive.result.SimpleUrlHandlerMappingIntegrationTests" time="0.04"/>
  <testcase name="testHandlerNotFound(HttpServer)[4]" classname="org.springframework.web.reactive.result.SimpleUrlHandlerMappingIntegrationTests" time="0.029"/>
  <testcase name="testRequestToFooHandler(HttpServer)[1]" classname="org.springframework.web.reactive.result.SimpleUrlHandlerMappingIntegrationTests" time="0.065"/>
  <testcase name="testRequestToFooHandler(HttpServer)[2]" classname="org.springframework.web.reactive.result.SimpleUrlHandlerMappingIntegrationTests" time="0.043"/>
  <testcase name="testRequestToFooHandler(HttpServer)[3]" classname="org.springframework.web.reactive.result.SimpleUrlHandlerMappingIntegrationTests" time="0.109"/>
  <testcase name="testRequestToFooHandler(HttpServer)[4]" classname="org.springframework.web.reactive.result.SimpleUrlHandlerMappingIntegrationTests" time="0.031"/>
  <testcase name="testRequestToHeaderSettingHandler(HttpServer)[1]" classname="org.springframework.web.reactive.result.SimpleUrlHandlerMappingIntegrationTests" time="0.068"/>
  <testcase name="testRequestToHeaderSettingHandler(HttpServer)[2]" classname="org.springframework.web.reactive.result.SimpleUrlHandlerMappingIntegrationTests" time="0.024"/>
  <testcase name="testRequestToHeaderSettingHandler(HttpServer)[3]" classname="org.springframework.web.reactive.result.SimpleUrlHandlerMappingIntegrationTests" time="0.057"/>
  <testcase name="testRequestToHeaderSettingHandler(HttpServer)[4]" classname="org.springframework.web.reactive.result.SimpleUrlHandlerMappingIntegrationTests" time="0.047"/>
  <testcase name="testRequestToBarHandler(HttpServer)[1]" classname="org.springframework.web.reactive.result.SimpleUrlHandlerMappingIntegrationTests" time="0.047"/>
  <testcase name="testRequestToBarHandler(HttpServer)[2]" classname="org.springframework.web.reactive.result.SimpleUrlHandlerMappingIntegrationTests" time="0.033"/>
  <testcase name="testRequestToBarHandler(HttpServer)[3]" classname="org.springframework.web.reactive.result.SimpleUrlHandlerMappingIntegrationTests" time="0.037"/>
  <testcase name="testRequestToBarHandler(HttpServer)[4]" classname="org.springframework.web.reactive.result.SimpleUrlHandlerMappingIntegrationTests" time="0.03"/>
  <system-out><![CDATA[14:08:54.574 [Test worker] DEBUG o.s.w.r.h.SimpleUrlHandlerMapping - Patterns [/foo, /bar, /header] in 'handlerMapping'
14:08:54.575 [Test worker] DEBUG o.s.w.s.a.HttpWebHandlerAdapter - enableLoggingRequestDetails='false': form data and headers will be masked to prevent unsafe logging of potentially sensitive data
14:08:54.576 [Test worker] WARN  o.e.j.s.h.ContextHandler - Empty contextPath
14:08:54.577 [Test worker] INFO  o.e.j.s.h.ContextHandler - Started o.e.j.s.ServletContextHandler@5af88053{/,null,AVAILABLE}
14:08:54.577 [Test worker] DEBUG o.s.w.t.h.s.r.b.JettyHttpServer - Starting JettyHttpServer...
14:08:54.577 [Test worker] INFO  o.e.j.s.Server - jetty-9.4.30.v20200611; built: 2020-06-11T12:34:51.929Z; git: 271836e4c1f4612f12b7bb13ef5a92a927634b0d; jvm 1.8.0_73-b02
14:08:54.588 [Test worker] INFO  o.e.j.s.AbstractConnector - Started ServerConnector@ff380df{HTTP/1.1, (http/1.1)}{0.0.0.0:61937}
14:08:54.589 [Test worker] INFO  o.e.j.s.Server - Started @134302ms
14:08:54.591 [Test worker] DEBUG o.s.w.t.h.s.r.b.JettyHttpServer - Server started on port 61937(0 millis).
14:08:54.605 [Test worker] DEBUG o.s.w.c.RestTemplate - HTTP GET http://localhost:61937/oops
14:08:54.605 [Test worker] DEBUG o.s.w.c.RestTemplate - Accept=[application/octet-stream, application/json, application/x-jackson-smile, application/*+json, */*]
14:08:54.608 [qtp1622944324-2285] DEBUG o.s.w.s.a.HttpWebHandlerAdapter - [4a2bfdc5] HTTP GET "/oops"
14:08:54.613 [qtp1622944324-2285] DEBUG o.s.w.s.h.ResponseStatusExceptionHandler - [4a2bfdc5] Resolved [ResponseStatusException: 404 NOT_FOUND "No matching handler"] for HTTP GET /oops
14:08:54.613 [qtp1622944324-2285] DEBUG o.s.w.s.a.HttpWebHandlerAdapter - [4a2bfdc5] Completed 404 NOT_FOUND
14:08:54.614 [Test worker] DEBUG o.s.w.c.RestTemplate - Response 404 NOT_FOUND
14:08:54.623 [Test worker] DEBUG o.s.w.t.h.s.r.b.JettyHttpServer - Stopping JettyHttpServer...
14:08:54.623 [Test worker] INFO  o.e.j.s.h.ContextHandler - Stopped o.e.j.s.ServletContextHandler@5af88053{/,null,UNAVAILABLE}
14:08:54.624 [Test worker] INFO  o.e.j.s.AbstractConnector - Stopped ServerConnector@ff380df{HTTP/1.1, (http/1.1)}{0.0.0.0:0}
14:08:54.635 [Test worker] DEBUG o.s.w.t.h.s.r.b.JettyHttpServer - Server stopped (0 millis).
14:08:54.648 [Test worker] DEBUG o.s.w.r.h.SimpleUrlHandlerMapping - Patterns [/foo, /bar, /header] in 'handlerMapping'
14:08:54.648 [Test worker] DEBUG o.s.w.s.a.HttpWebHandlerAdapter - enableLoggingRequestDetails='false': form data and headers will be masked to prevent unsafe logging of potentially sensitive data
14:08:54.649 [Test worker] DEBUG o.s.w.t.h.s.r.b.ReactorHttpServer - Starting ReactorHttpServer...
14:08:54.650 [Test worker] DEBUG o.s.w.t.h.s.r.b.ReactorHttpServer - Server started on port 61939(0 millis).
14:08:54.665 [Test worker] DEBUG o.s.w.c.RestTemplate - HTTP GET http://localhost:61939/oops
14:08:54.666 [Test worker] DEBUG o.s.w.c.RestTemplate - Accept=[application/octet-stream, application/json, application/x-jackson-smile, application/*+json, */*]
14:08:54.667 [reactor-http-nio-6] DEBUG o.s.w.s.a.HttpWebHandlerAdapter - [6a4005d1-72] HTTP GET "/oops"
14:08:54.668 [reactor-http-nio-6] DEBUG o.s.w.s.h.ResponseStatusExceptionHandler - [6a4005d1-72] Resolved [ResponseStatusException: 404 NOT_FOUND "No matching handler"] for HTTP GET /oops
14:08:54.668 [reactor-http-nio-6] DEBUG o.s.w.s.a.HttpWebHandlerAdapter - [6a4005d1-72] Completed 404 NOT_FOUND
14:08:54.669 [Test worker] DEBUG o.s.w.c.RestTemplate - Response 404 NOT_FOUND
14:08:54.670 [Test worker] DEBUG o.s.w.t.h.s.r.b.ReactorHttpServer - Stopping ReactorHttpServer...
14:08:54.670 [Test worker] DEBUG o.s.w.t.h.s.r.b.ReactorHttpServer - Server stopped (0 millis).
14:08:54.675 [Test worker] DEBUG o.s.w.r.h.SimpleUrlHandlerMapping - Patterns [/foo, /bar, /header] in 'handlerMapping'
14:08:54.676 [Test worker] DEBUG o.s.w.s.a.HttpWebHandlerAdapter - enableLoggingRequestDetails='false': form data and headers will be masked to prevent unsafe logging of potentially sensitive data
14:08:54.676 [Test worker] DEBUG o.s.w.t.h.s.r.b.TomcatHttpServer - Starting TomcatHttpServer...
14:08:54.685 [Test worker] DEBUG o.s.w.t.h.s.r.b.TomcatHttpServer - Server started on port 61941(0 millis).
14:08:54.696 [Test worker] DEBUG o.s.w.c.RestTemplate - HTTP GET http://localhost:61941/oops
14:08:54.696 [Test worker] DEBUG o.s.w.c.RestTemplate - Accept=[application/octet-stream, application/json, application/x-jackson-smile, application/*+json, */*]
14:08:54.699 [http-nio-auto-69-exec-1] DEBUG o.s.w.s.a.HttpWebHandlerAdapter - [2e7ee901] HTTP GET "/oops"
14:08:54.700 [http-nio-auto-69-exec-1] DEBUG o.s.w.s.h.ResponseStatusExceptionHandler - [2e7ee901] Resolved [ResponseStatusException: 404 NOT_FOUND "No matching handler"] for HTTP GET /oops
14:08:54.700 [http-nio-auto-69-exec-1] DEBUG o.s.w.s.a.HttpWebHandlerAdapter - [2e7ee901] Completed 404 NOT_FOUND
14:08:54.701 [Test worker] DEBUG o.s.w.c.RestTemplate - Response 404 NOT_FOUND
14:08:54.701 [Test worker] DEBUG o.s.w.t.h.s.r.b.TomcatHttpServer - Stopping TomcatHttpServer...
14:08:54.710 [Test worker] DEBUG o.s.w.t.h.s.r.b.TomcatHttpServer - Server stopped (0 millis).
14:08:54.716 [Test worker] DEBUG o.s.w.r.h.SimpleUrlHandlerMapping - Patterns [/foo, /bar, /header] in 'handlerMapping'
14:08:54.718 [Test worker] DEBUG o.s.w.s.a.HttpWebHandlerAdapter - enableLoggingRequestDetails='false': form data and headers will be masked to prevent unsafe logging of potentially sensitive data
14:08:54.718 [Test worker] DEBUG o.s.w.t.h.s.r.b.UndertowHttpServer - Starting UndertowHttpServer...
14:08:54.718 [Test worker] INFO  i.undertow - starting server: Undertow - 2.1.3.Final
14:08:54.723 [Test worker] DEBUG o.s.w.t.h.s.r.b.UndertowHttpServer - Server started on port 61944(0 millis).
14:08:54.736 [Test worker] DEBUG o.s.w.c.RestTemplate - HTTP GET http://localhost:61944/oops
14:08:54.736 [Test worker] DEBUG o.s.w.c.RestTemplate - Accept=[application/octet-stream, application/json, application/x-jackson-smile, application/*+json, */*]
14:08:54.738 [XNIO-69 I/O-1] DEBUG o.s.w.s.a.HttpWebHandlerAdapter - [29088cf2] HTTP GET "/oops"
14:08:54.738 [XNIO-69 I/O-1] DEBUG o.s.w.s.h.ResponseStatusExceptionHandler - [29088cf2] Resolved [ResponseStatusException: 404 NOT_FOUND "No matching handler"] for HTTP GET /oops
14:08:54.738 [XNIO-69 I/O-1] DEBUG o.s.w.s.a.HttpWebHandlerAdapter - [29088cf2] Completed 404 NOT_FOUND
14:08:54.739 [Test worker] DEBUG o.s.w.c.RestTemplate - Response 404 NOT_FOUND
14:08:54.740 [Test worker] DEBUG o.s.w.t.h.s.r.b.UndertowHttpServer - Stopping UndertowHttpServer...
14:08:54.740 [Test worker] INFO  i.undertow - stopping server: Undertow - 2.1.3.Final
14:08:54.740 [Test worker] DEBUG o.s.w.t.h.s.r.b.UndertowHttpServer - Server stopped (0 millis).
14:08:54.746 [Test worker] DEBUG o.s.w.r.h.SimpleUrlHandlerMapping - Patterns [/foo, /bar, /header] in 'handlerMapping'
14:08:54.747 [Test worker] DEBUG o.s.w.s.a.HttpWebHandlerAdapter - enableLoggingRequestDetails='false': form data and headers will be masked to prevent unsafe logging of potentially sensitive data
14:08:54.747 [Test worker] WARN  o.e.j.s.h.ContextHandler - Empty contextPath
14:08:54.747 [Test worker] INFO  o.e.j.s.h.ContextHandler - Started o.e.j.s.ServletContextHandler@674cb2c6{/,null,AVAILABLE}
14:08:54.747 [Test worker] DEBUG o.s.w.t.h.s.r.b.JettyHttpServer - Starting JettyHttpServer...
14:08:54.748 [Test worker] INFO  o.e.j.s.Server - jetty-9.4.30.v20200611; built: 2020-06-11T12:34:51.929Z; git: 271836e4c1f4612f12b7bb13ef5a92a927634b0d; jvm 1.8.0_73-b02
14:08:54.750 [Test worker] INFO  o.e.j.s.AbstractConnector - Started ServerConnector@5bbd1928{HTTP/1.1, (http/1.1)}{0.0.0.0:61946}
14:08:54.750 [Test worker] INFO  o.e.j.s.Server - Started @134463ms
14:08:54.750 [Test worker] DEBUG o.s.w.t.h.s.r.b.JettyHttpServer - Server started on port 61946(0 millis).
14:08:54.784 [Test worker] DEBUG o.s.w.c.RestTemplate - HTTP GET http://localhost:61946/foo
14:08:54.784 [Test worker] DEBUG o.s.w.c.RestTemplate - Accept=[application/octet-stream, application/json, application/x-jackson-smile, application/*+json, */*]
14:08:54.787 [qtp518053897-2318] DEBUG o.s.w.s.a.HttpWebHandlerAdapter - [636f1a84] HTTP GET "/foo"
14:08:54.787 [qtp518053897-2318] DEBUG o.s.w.r.h.SimpleUrlHandlerMapping - [636f1a84] Mapped to org.springframework.web.reactive.result.SimpleUrlHandlerMappingIntegrationTests$WebConfig$$Lambda$1324/1126289685@6da8e899
14:08:54.787 [qtp518053897-2318] DEBUG o.s.w.s.a.HttpWebHandlerAdapter - [636f1a84] Completed 200 OK
14:08:54.788 [Test worker] DEBUG o.s.w.c.RestTemplate - Response 200 OK
14:08:54.788 [Test worker] DEBUG o.s.w.c.RestTemplate - Reading to [[B] as "application/octet-stream"
14:08:54.788 [Test worker] DEBUG o.s.w.t.h.s.r.b.JettyHttpServer - Stopping JettyHttpServer...
14:08:54.791 [Test worker] INFO  o.e.j.s.h.ContextHandler - Stopped o.e.j.s.ServletContextHandler@674cb2c6{/,null,UNAVAILABLE}
14:08:54.793 [Test worker] INFO  o.e.j.s.AbstractConnector - Stopped ServerConnector@5bbd1928{HTTP/1.1, (http/1.1)}{0.0.0.0:0}
14:08:54.806 [Test worker] DEBUG o.s.w.t.h.s.r.b.JettyHttpServer - Server stopped (0 millis).
14:08:54.817 [Test worker] DEBUG o.s.w.r.h.SimpleUrlHandlerMapping - Patterns [/foo, /bar, /header] in 'handlerMapping'
14:08:54.817 [Test worker] DEBUG o.s.w.s.a.HttpWebHandlerAdapter - enableLoggingRequestDetails='false': form data and headers will be masked to prevent unsafe logging of potentially sensitive data
14:08:54.817 [Test worker] DEBUG o.s.w.t.h.s.r.b.ReactorHttpServer - Starting ReactorHttpServer...
14:08:54.819 [Test worker] DEBUG o.s.w.t.h.s.r.b.ReactorHttpServer - Server started on port 61948(0 millis).
14:08:54.845 [Test worker] DEBUG o.s.w.c.RestTemplate - HTTP GET http://localhost:61948/foo
14:08:54.845 [Test worker] DEBUG o.s.w.c.RestTemplate - Accept=[application/octet-stream, application/json, application/x-jackson-smile, application/*+json, */*]
14:08:54.847 [reactor-http-nio-8] DEBUG o.s.w.s.a.HttpWebHandlerAdapter - [e179d1ea-73] HTTP GET "/foo"
14:08:54.847 [reactor-http-nio-8] DEBUG o.s.w.r.h.SimpleUrlHandlerMapping - [e179d1ea-73] Mapped to org.springframework.web.reactive.result.SimpleUrlHandlerMappingIntegrationTests$WebConfig$$Lambda$1324/1126289685@6da8e899
14:08:54.849 [reactor-http-nio-8] DEBUG o.s.w.s.a.HttpWebHandlerAdapter - [e179d1ea-73] Completed 200 OK
14:08:54.850 [Test worker] DEBUG o.s.w.c.RestTemplate - Response 200 OK
14:08:54.850 [Test worker] DEBUG o.s.w.c.RestTemplate - Reading to [[B] as "application/octet-stream"
14:08:54.850 [Test worker] DEBUG o.s.w.t.h.s.r.b.ReactorHttpServer - Stopping ReactorHttpServer...
14:08:54.850 [Test worker] DEBUG o.s.w.t.h.s.r.b.ReactorHttpServer - Server stopped (0 millis).
14:08:54.857 [Test worker] DEBUG o.s.w.r.h.SimpleUrlHandlerMapping - Patterns [/foo, /bar, /header] in 'handlerMapping'
14:08:54.858 [Test worker] DEBUG o.s.w.s.a.HttpWebHandlerAdapter - enableLoggingRequestDetails='false': form data and headers will be masked to prevent unsafe logging of potentially sensitive data
14:08:54.858 [Test worker] DEBUG o.s.w.t.h.s.r.b.TomcatHttpServer - Starting TomcatHttpServer...
14:08:54.868 [Test worker] DEBUG o.s.w.t.h.s.r.b.TomcatHttpServer - Server started on port 61950(0 millis).
14:08:54.931 [Test worker] DEBUG o.s.w.c.RestTemplate - HTTP GET http://localhost:61950/foo
14:08:54.933 [Test worker] DEBUG o.s.w.c.RestTemplate - Accept=[application/octet-stream, application/json, application/x-jackson-smile, application/*+json, */*]
14:08:54.946 [http-nio-auto-70-exec-1] DEBUG o.s.w.s.a.HttpWebHandlerAdapter - [13fce9ae] HTTP GET "/foo"
14:08:54.946 [http-nio-auto-70-exec-1] DEBUG o.s.w.r.h.SimpleUrlHandlerMapping - [13fce9ae] Mapped to org.springframework.web.reactive.result.SimpleUrlHandlerMappingIntegrationTests$WebConfig$$Lambda$1324/1126289685@6da8e899
14:08:54.947 [http-nio-auto-70-exec-1] DEBUG o.s.w.s.a.HttpWebHandlerAdapter - [13fce9ae] Completed 200 OK
14:08:54.947 [Test worker] DEBUG o.s.w.c.RestTemplate - Response 200 OK
14:08:54.948 [Test worker] DEBUG o.s.w.c.RestTemplate - Reading to [[B] as "application/octet-stream"
14:08:54.949 [Test worker] DEBUG o.s.w.t.h.s.r.b.TomcatHttpServer - Stopping TomcatHttpServer...
14:08:54.959 [Test worker] DEBUG o.s.w.t.h.s.r.b.TomcatHttpServer - Server stopped (0 millis).
14:08:54.966 [Test worker] DEBUG o.s.w.r.h.SimpleUrlHandlerMapping - Patterns [/foo, /bar, /header] in 'handlerMapping'
14:08:54.967 [Test worker] DEBUG o.s.w.s.a.HttpWebHandlerAdapter - enableLoggingRequestDetails='false': form data and headers will be masked to prevent unsafe logging of potentially sensitive data
14:08:54.967 [Test worker] DEBUG o.s.w.t.h.s.r.b.UndertowHttpServer - Starting UndertowHttpServer...
14:08:54.967 [Test worker] INFO  i.undertow - starting server: Undertow - 2.1.3.Final
14:08:54.970 [Test worker] DEBUG o.s.w.t.h.s.r.b.UndertowHttpServer - Server started on port 61954(0 millis).
14:08:54.984 [Test worker] DEBUG o.s.w.c.RestTemplate - HTTP GET http://localhost:61954/foo
14:08:54.985 [Test worker] DEBUG o.s.w.c.RestTemplate - Accept=[application/octet-stream, application/json, application/x-jackson-smile, application/*+json, */*]
14:08:54.987 [XNIO-70 I/O-5] DEBUG o.s.w.s.a.HttpWebHandlerAdapter - [4f35e8a6] HTTP GET "/foo"
14:08:54.987 [XNIO-70 I/O-5] DEBUG o.s.w.r.h.SimpleUrlHandlerMapping - [4f35e8a6] Mapped to org.springframework.web.reactive.result.SimpleUrlHandlerMappingIntegrationTests$WebConfig$$Lambda$1324/1126289685@6da8e899
14:08:54.987 [XNIO-70 I/O-5] DEBUG o.s.w.s.a.HttpWebHandlerAdapter - [4f35e8a6] Completed 200 OK
14:08:54.988 [Test worker] DEBUG o.s.w.c.RestTemplate - Response 200 OK
14:08:54.989 [Test worker] DEBUG o.s.w.c.RestTemplate - Reading to [[B] as "application/octet-stream"
14:08:54.990 [Test worker] DEBUG o.s.w.t.h.s.r.b.UndertowHttpServer - Stopping UndertowHttpServer...
14:08:54.990 [Test worker] INFO  i.undertow - stopping server: Undertow - 2.1.3.Final
14:08:54.991 [Test worker] DEBUG o.s.w.t.h.s.r.b.UndertowHttpServer - Server stopped (0 millis).
14:08:54.997 [Test worker] DEBUG o.s.w.r.h.SimpleUrlHandlerMapping - Patterns [/foo, /bar, /header] in 'handlerMapping'
14:08:54.997 [Test worker] DEBUG o.s.w.s.a.HttpWebHandlerAdapter - enableLoggingRequestDetails='false': form data and headers will be masked to prevent unsafe logging of potentially sensitive data
14:08:54.998 [Test worker] WARN  o.e.j.s.h.ContextHandler - Empty contextPath
14:08:54.999 [Test worker] INFO  o.e.j.s.h.ContextHandler - Started o.e.j.s.ServletContextHandler@c035eb{/,null,AVAILABLE}
14:08:54.999 [Test worker] DEBUG o.s.w.t.h.s.r.b.JettyHttpServer - Starting JettyHttpServer...
14:08:54.999 [Test worker] INFO  o.e.j.s.Server - jetty-9.4.30.v20200611; built: 2020-06-11T12:34:51.929Z; git: 271836e4c1f4612f12b7bb13ef5a92a927634b0d; jvm 1.8.0_73-b02
14:08:55.001 [Test worker] INFO  o.e.j.s.AbstractConnector - Started ServerConnector@1a469c62{HTTP/1.1, (http/1.1)}{0.0.0.0:61956}
14:08:55.002 [Test worker] INFO  o.e.j.s.Server - Started @134715ms
14:08:55.002 [Test worker] DEBUG o.s.w.t.h.s.r.b.JettyHttpServer - Server started on port 61956(0 millis).
14:08:55.037 [Test worker] DEBUG o.s.w.c.RestTemplate - HTTP GET http://localhost:61956/header
14:08:55.037 [Test worker] DEBUG o.s.w.c.RestTemplate - Accept=[application/octet-stream, application/json, application/x-jackson-smile, application/*+json, */*]
14:08:55.042 [qtp966351803-2351] DEBUG o.s.w.s.a.HttpWebHandlerAdapter - [4d78fda1] HTTP GET "/header"
14:08:55.043 [qtp966351803-2351] DEBUG o.s.w.r.h.SimpleUrlHandlerMapping - [4d78fda1] Mapped to org.springframework.web.reactive.result.SimpleUrlHandlerMappingIntegrationTests$WebConfig$$Lambda$1326/1181902214@43bf0a7e
14:08:55.043 [qtp966351803-2351] DEBUG o.s.w.s.a.HttpWebHandlerAdapter - [4d78fda1] Completed 200 OK
14:08:55.044 [Test worker] DEBUG o.s.w.c.RestTemplate - Response 200 OK
14:08:55.044 [Test worker] DEBUG o.s.w.t.h.s.r.b.JettyHttpServer - Stopping JettyHttpServer...
14:08:55.044 [Test worker] INFO  o.e.j.s.h.ContextHandler - Stopped o.e.j.s.ServletContextHandler@c035eb{/,null,UNAVAILABLE}
14:08:55.046 [Test worker] INFO  o.e.j.s.AbstractConnector - Stopped ServerConnector@1a469c62{HTTP/1.1, (http/1.1)}{0.0.0.0:0}
14:08:55.060 [Test worker] DEBUG o.s.w.t.h.s.r.b.JettyHttpServer - Server stopped (0 millis).
14:08:55.067 [Test worker] DEBUG o.s.w.r.h.SimpleUrlHandlerMapping - Patterns [/foo, /bar, /header] in 'handlerMapping'
14:08:55.068 [Test worker] DEBUG o.s.w.s.a.HttpWebHandlerAdapter - enableLoggingRequestDetails='false': form data and headers will be masked to prevent unsafe logging of potentially sensitive data
14:08:55.068 [Test worker] DEBUG o.s.w.t.h.s.r.b.ReactorHttpServer - Starting ReactorHttpServer...
14:08:55.069 [Test worker] DEBUG o.s.w.t.h.s.r.b.ReactorHttpServer - Server started on port 61958(0 millis).
14:08:55.081 [Test worker] DEBUG o.s.w.c.RestTemplate - HTTP GET http://localhost:61958/header
14:08:55.081 [Test worker] DEBUG o.s.w.c.RestTemplate - Accept=[application/octet-stream, application/json, application/x-jackson-smile, application/*+json, */*]
14:08:55.084 [reactor-http-nio-2] DEBUG o.s.w.s.a.HttpWebHandlerAdapter - [282a4efe-74] HTTP GET "/header"
14:08:55.085 [reactor-http-nio-2] DEBUG o.s.w.r.h.SimpleUrlHandlerMapping - [282a4efe-74] Mapped to org.springframework.web.reactive.result.SimpleUrlHandlerMappingIntegrationTests$WebConfig$$Lambda$1326/1181902214@43bf0a7e
14:08:55.085 [reactor-http-nio-2] DEBUG o.s.w.s.a.HttpWebHandlerAdapter - [282a4efe-74] Completed 200 OK
14:08:55.085 [Test worker] DEBUG o.s.w.c.RestTemplate - Response 200 OK
14:08:55.085 [Test worker] DEBUG o.s.w.t.h.s.r.b.ReactorHttpServer - Stopping ReactorHttpServer...
14:08:55.086 [Test worker] DEBUG o.s.w.t.h.s.r.b.ReactorHttpServer - Server stopped (0 millis).
14:08:55.090 [Test worker] DEBUG o.s.w.r.h.SimpleUrlHandlerMapping - Patterns [/foo, /bar, /header] in 'handlerMapping'
14:08:55.091 [Test worker] DEBUG o.s.w.s.a.HttpWebHandlerAdapter - enableLoggingRequestDetails='false': form data and headers will be masked to prevent unsafe logging of potentially sensitive data
14:08:55.091 [Test worker] DEBUG o.s.w.t.h.s.r.b.TomcatHttpServer - Starting TomcatHttpServer...
14:08:55.105 [Test worker] DEBUG o.s.w.t.h.s.r.b.TomcatHttpServer - Server started on port 61960(0 millis).
14:08:55.126 [Test worker] DEBUG o.s.w.c.RestTemplate - HTTP GET http://localhost:61960/header
14:08:55.126 [Test worker] DEBUG o.s.w.c.RestTemplate - Accept=[application/octet-stream, application/json, application/x-jackson-smile, application/*+json, */*]
14:08:55.131 [http-nio-auto-71-exec-1] DEBUG o.s.w.s.a.HttpWebHandlerAdapter - [70564891] HTTP GET "/header"
14:08:55.131 [http-nio-auto-71-exec-1] DEBUG o.s.w.r.h.SimpleUrlHandlerMapping - [70564891] Mapped to org.springframework.web.reactive.result.SimpleUrlHandlerMappingIntegrationTests$WebConfig$$Lambda$1326/1181902214@43bf0a7e
14:08:55.131 [http-nio-auto-71-exec-1] DEBUG o.s.w.s.a.HttpWebHandlerAdapter - [70564891] Completed 200 OK
14:08:55.134 [Test worker] DEBUG o.s.w.c.RestTemplate - Response 200 OK
14:08:55.135 [Test worker] DEBUG o.s.w.t.h.s.r.b.TomcatHttpServer - Stopping TomcatHttpServer...
14:08:55.144 [Test worker] DEBUG o.s.w.t.h.s.r.b.TomcatHttpServer - Server stopped (0 millis).
14:08:55.150 [Test worker] DEBUG o.s.w.r.h.SimpleUrlHandlerMapping - Patterns [/foo, /bar, /header] in 'handlerMapping'
14:08:55.151 [Test worker] DEBUG o.s.w.s.a.HttpWebHandlerAdapter - enableLoggingRequestDetails='false': form data and headers will be masked to prevent unsafe logging of potentially sensitive data
14:08:55.151 [Test worker] DEBUG o.s.w.t.h.s.r.b.UndertowHttpServer - Starting UndertowHttpServer...
14:08:55.151 [Test worker] INFO  i.undertow - starting server: Undertow - 2.1.3.Final
14:08:55.164 [Test worker] DEBUG o.s.w.t.h.s.r.b.UndertowHttpServer - Server started on port 61963(0 millis).
14:08:55.178 [Test worker] DEBUG o.s.w.c.RestTemplate - HTTP GET http://localhost:61963/header
14:08:55.178 [Test worker] DEBUG o.s.w.c.RestTemplate - Accept=[application/octet-stream, application/json, application/x-jackson-smile, application/*+json, */*]
14:08:55.191 [XNIO-71 I/O-5] DEBUG o.s.w.s.a.HttpWebHandlerAdapter - [3597615] HTTP GET "/header"
14:08:55.191 [XNIO-71 I/O-5] DEBUG o.s.w.r.h.SimpleUrlHandlerMapping - [3597615] Mapped to org.springframework.web.reactive.result.SimpleUrlHandlerMappingIntegrationTests$WebConfig$$Lambda$1326/1181902214@43bf0a7e
14:08:55.191 [XNIO-71 I/O-5] DEBUG o.s.w.s.a.HttpWebHandlerAdapter - [3597615] Completed 200 OK
14:08:55.191 [Test worker] DEBUG o.s.w.c.RestTemplate - Response 200 OK
14:08:55.192 [Test worker] DEBUG o.s.w.t.h.s.r.b.UndertowHttpServer - Stopping UndertowHttpServer...
14:08:55.192 [Test worker] INFO  i.undertow - stopping server: Undertow - 2.1.3.Final
14:08:55.193 [Test worker] DEBUG o.s.w.t.h.s.r.b.UndertowHttpServer - Server stopped (0 millis).
14:08:55.198 [Test worker] DEBUG o.s.w.r.h.SimpleUrlHandlerMapping - Patterns [/foo, /bar, /header] in 'handlerMapping'
14:08:55.199 [Test worker] DEBUG o.s.w.s.a.HttpWebHandlerAdapter - enableLoggingRequestDetails='false': form data and headers will be masked to prevent unsafe logging of potentially sensitive data
14:08:55.199 [Test worker] WARN  o.e.j.s.h.ContextHandler - Empty contextPath
14:08:55.199 [Test worker] INFO  o.e.j.s.h.ContextHandler - Started o.e.j.s.ServletContextHandler@4c0c5bfe{/,null,AVAILABLE}
14:08:55.200 [Test worker] DEBUG o.s.w.t.h.s.r.b.JettyHttpServer - Starting JettyHttpServer...
14:08:55.200 [Test worker] INFO  o.e.j.s.Server - jetty-9.4.30.v20200611; built: 2020-06-11T12:34:51.929Z; git: 271836e4c1f4612f12b7bb13ef5a92a927634b0d; jvm 1.8.0_73-b02
14:08:55.206 [Test worker] INFO  o.e.j.s.AbstractConnector - Started ServerConnector@4d99c05{HTTP/1.1, (http/1.1)}{0.0.0.0:61965}
14:08:55.207 [Test worker] INFO  o.e.j.s.Server - Started @134920ms
14:08:55.207 [Test worker] DEBUG o.s.w.t.h.s.r.b.JettyHttpServer - Server started on port 61965(0 millis).
14:08:55.219 [Test worker] DEBUG o.s.w.c.RestTemplate - HTTP GET http://localhost:61965/bar
14:08:55.220 [Test worker] DEBUG o.s.w.c.RestTemplate - Accept=[application/octet-stream, application/json, application/x-jackson-smile, application/*+json, */*]
14:08:55.223 [qtp2026391096-2384] DEBUG o.s.w.s.a.HttpWebHandlerAdapter - [69e900ae] HTTP GET "/bar"
14:08:55.223 [qtp2026391096-2384] DEBUG o.s.w.r.h.SimpleUrlHandlerMapping - [69e900ae] Mapped to org.springframework.web.reactive.result.SimpleUrlHandlerMappingIntegrationTests$WebConfig$$Lambda$1325/1387572323@672ee3e3
14:08:55.224 [qtp2026391096-2384] DEBUG o.s.w.s.a.HttpWebHandlerAdapter - [69e900ae] Completed 200 OK
14:08:55.224 [Test worker] DEBUG o.s.w.c.RestTemplate - Response 200 OK
14:08:55.224 [Test worker] DEBUG o.s.w.c.RestTemplate - Reading to [[B] as "application/octet-stream"
14:08:55.224 [Test worker] DEBUG o.s.w.t.h.s.r.b.JettyHttpServer - Stopping JettyHttpServer...
14:08:55.224 [Test worker] INFO  o.e.j.s.h.ContextHandler - Stopped o.e.j.s.ServletContextHandler@4c0c5bfe{/,null,UNAVAILABLE}
14:08:55.226 [Test worker] INFO  o.e.j.s.AbstractConnector - Stopped ServerConnector@4d99c05{HTTP/1.1, (http/1.1)}{0.0.0.0:0}
14:08:55.240 [Test worker] DEBUG o.s.w.t.h.s.r.b.JettyHttpServer - Server stopped (0 millis).
14:08:55.255 [Test worker] DEBUG o.s.w.r.h.SimpleUrlHandlerMapping - Patterns [/foo, /bar, /header] in 'handlerMapping'
14:08:55.256 [Test worker] DEBUG o.s.w.s.a.HttpWebHandlerAdapter - enableLoggingRequestDetails='false': form data and headers will be masked to prevent unsafe logging of potentially sensitive data
14:08:55.256 [Test worker] DEBUG o.s.w.t.h.s.r.b.ReactorHttpServer - Starting ReactorHttpServer...
14:08:55.257 [Test worker] DEBUG o.s.w.t.h.s.r.b.ReactorHttpServer - Server started on port 61967(0 millis).
14:08:55.269 [Test worker] DEBUG o.s.w.c.RestTemplate - HTTP GET http://localhost:61967/bar
14:08:55.270 [Test worker] DEBUG o.s.w.c.RestTemplate - Accept=[application/octet-stream, application/json, application/x-jackson-smile, application/*+json, */*]
14:08:55.272 [reactor-http-nio-4] DEBUG o.s.w.s.a.HttpWebHandlerAdapter - [8bd89112-75] HTTP GET "/bar"
14:08:55.272 [reactor-http-nio-4] DEBUG o.s.w.r.h.SimpleUrlHandlerMapping - [8bd89112-75] Mapped to org.springframework.web.reactive.result.SimpleUrlHandlerMappingIntegrationTests$WebConfig$$Lambda$1325/1387572323@672ee3e3
14:08:55.273 [Test worker] DEBUG o.s.w.c.RestTemplate - Response 200 OK
14:08:55.274 [Test worker] DEBUG o.s.w.c.RestTemplate - Reading to [[B] as "application/octet-stream"
14:08:55.274 [reactor-http-nio-4] DEBUG o.s.w.s.a.HttpWebHandlerAdapter - [8bd89112-75] Completed 200 OK
14:08:55.274 [Test worker] DEBUG o.s.w.t.h.s.r.b.ReactorHttpServer - Stopping ReactorHttpServer...
14:08:55.274 [Test worker] DEBUG o.s.w.t.h.s.r.b.ReactorHttpServer - Server stopped (0 millis).
14:08:55.280 [Test worker] DEBUG o.s.w.r.h.SimpleUrlHandlerMapping - Patterns [/foo, /bar, /header] in 'handlerMapping'
14:08:55.280 [Test worker] DEBUG o.s.w.s.a.HttpWebHandlerAdapter - enableLoggingRequestDetails='false': form data and headers will be masked to prevent unsafe logging of potentially sensitive data
14:08:55.281 [Test worker] DEBUG o.s.w.t.h.s.r.b.TomcatHttpServer - Starting TomcatHttpServer...
14:08:55.290 [Test worker] DEBUG o.s.w.t.h.s.r.b.TomcatHttpServer - Server started on port 61969(0 millis).
14:08:55.301 [Test worker] DEBUG o.s.w.c.RestTemplate - HTTP GET http://localhost:61969/bar
14:08:55.301 [Test worker] DEBUG o.s.w.c.RestTemplate - Accept=[application/octet-stream, application/json, application/x-jackson-smile, application/*+json, */*]
14:08:55.304 [http-nio-auto-72-exec-1] DEBUG o.s.w.s.a.HttpWebHandlerAdapter - [598aa305] HTTP GET "/bar"
14:08:55.304 [http-nio-auto-72-exec-1] DEBUG o.s.w.r.h.SimpleUrlHandlerMapping - [598aa305] Mapped to org.springframework.web.reactive.result.SimpleUrlHandlerMappingIntegrationTests$WebConfig$$Lambda$1325/1387572323@672ee3e3
14:08:55.305 [http-nio-auto-72-exec-1] DEBUG o.s.w.s.a.HttpWebHandlerAdapter - [598aa305] Completed 200 OK
14:08:55.305 [Test worker] DEBUG o.s.w.c.RestTemplate - Response 200 OK
14:08:55.305 [Test worker] DEBUG o.s.w.c.RestTemplate - Reading to [[B] as "application/octet-stream"
14:08:55.306 [Test worker] DEBUG o.s.w.t.h.s.r.b.TomcatHttpServer - Stopping TomcatHttpServer...
14:08:55.313 [Test worker] DEBUG o.s.w.t.h.s.r.b.TomcatHttpServer - Server stopped (0 millis).
14:08:55.320 [Test worker] DEBUG o.s.w.r.h.SimpleUrlHandlerMapping - Patterns [/foo, /bar, /header] in 'handlerMapping'
14:08:55.321 [Test worker] DEBUG o.s.w.s.a.HttpWebHandlerAdapter - enableLoggingRequestDetails='false': form data and headers will be masked to prevent unsafe logging of potentially sensitive data
14:08:55.321 [Test worker] DEBUG o.s.w.t.h.s.r.b.UndertowHttpServer - Starting UndertowHttpServer...
14:08:55.321 [Test worker] INFO  i.undertow - starting server: Undertow - 2.1.3.Final
14:08:55.325 [Test worker] DEBUG o.s.w.t.h.s.r.b.UndertowHttpServer - Server started on port 61972(0 millis).
14:08:55.337 [Test worker] DEBUG o.s.w.c.RestTemplate - HTTP GET http://localhost:61972/bar
14:08:55.338 [Test worker] DEBUG o.s.w.c.RestTemplate - Accept=[application/octet-stream, application/json, application/x-jackson-smile, application/*+json, */*]
14:08:55.341 [XNIO-72 I/O-8] DEBUG o.s.w.s.a.HttpWebHandlerAdapter - [59a1a2ab] HTTP GET "/bar"
14:08:55.341 [XNIO-72 I/O-8] DEBUG o.s.w.r.h.SimpleUrlHandlerMapping - [59a1a2ab] Mapped to org.springframework.web.reactive.result.SimpleUrlHandlerMappingIntegrationTests$WebConfig$$Lambda$1325/1387572323@672ee3e3
14:08:55.342 [XNIO-72 I/O-8] DEBUG o.s.w.s.a.HttpWebHandlerAdapter - [59a1a2ab] Completed 200 OK
14:08:55.342 [Test worker] DEBUG o.s.w.c.RestTemplate - Response 200 OK
14:08:55.342 [Test worker] DEBUG o.s.w.c.RestTemplate - Reading to [[B] as "application/octet-stream"
14:08:55.343 [Test worker] DEBUG o.s.w.t.h.s.r.b.UndertowHttpServer - Stopping UndertowHttpServer...
14:08:55.343 [Test worker] INFO  i.undertow - stopping server: Undertow - 2.1.3.Final
14:08:55.343 [Test worker] DEBUG o.s.w.t.h.s.r.b.UndertowHttpServer - Server stopped (0 millis).
]]></system-out>
  <system-err><![CDATA[]]></system-err>
</testsuite>
