<?xml version="1.0" encoding="UTF-8"?>
<testsuite name="org.springframework.web.reactive.result.method.annotation.MessageWriterResultHandlerTests" tests="7" skipped="0" failures="0" errors="0" timestamp="2020-06-22T06:08:01" hostname="aiguoxindeMacBook-Pro.local" time="0.72">
  <properties/>
  <testcase name="useDefaultContentType()" classname="org.springframework.web.reactive.result.method.annotation.MessageWriterResultHandlerTests" time="0.174"/>
  <testcase name="jacksonTypeWithSubTypeOfListElement()" classname="org.springframework.web.reactive.result.method.annotation.MessageWriterResultHandlerTests" time="0.009"/>
  <testcase name="voidReturnType()" classname="org.springframework.web.reactive.result.method.annotation.MessageWriterResultHandlerTests" time="0.146"/>
  <testcase name="jacksonTypeOfListElement()" classname="org.springframework.web.reactive.result.method.annotation.MessageWriterResultHandlerTests" time="0.178"/>
  <testcase name="jacksonTypeWithSubType()" classname="org.springframework.web.reactive.result.method.annotation.MessageWriterResultHandlerTests" time="0.005"/>
  <testcase name="useDefaultCharset()" classname="org.springframework.web.reactive.result.method.annotation.MessageWriterResultHandlerTests" time="0.001"/>
  <testcase name="unsupportedReturnType()" classname="org.springframework.web.reactive.result.method.annotation.MessageWriterResultHandlerTests" time="0.002"/>
  <system-out><![CDATA[14:08:01.517 [parallel-4] DEBUG o.s.h.c.j.Jackson2JsonEncoder - [35209c57] Encoding [Person{name='foo 2'}]
14:08:01.553 [Test worker] DEBUG o.s.w.r.r.m.a.MessageWriterResultHandlerTests$1 - Using 'application/octet-stream' given [*/*] and supported [application/octet-stream, */*, application/json, application/*+json]
14:08:01.553 [Test worker] DEBUG o.s.w.r.r.m.a.MessageWriterResultHandlerTests$1 - [209ae434] 0..1 [org.springframework.core.io.Resource]
14:08:01.628 [Test worker] DEBUG o.s.h.c.ResourceHttpMessageWriter - [209ae434] Resource associated with 'image/png'
14:08:01.630 [Test worker] DEBUG o.s.c.c.ResourceEncoder - [209ae434] Writing [class path resource [org/springframework/web/reactive/result/method/annotation/logo.png]]
14:08:01.646 [Test worker] DEBUG o.s.w.r.r.m.a.MessageWriterResultHandlerTests$1 - Using 'application/json' given [*/*] and supported [application/json, application/*+json]
14:08:01.647 [Test worker] DEBUG o.s.w.r.r.m.a.MessageWriterResultHandlerTests$1 - [7250b42c] 0..1 [java.util.List<org.springframework.web.reactive.result.method.annotation.MessageWriterResultHandlerTests$Identifiable>]
14:08:01.648 [Test worker] DEBUG o.s.h.c.j.Jackson2JsonEncoder - [7250b42c] Encoding [[org.springframework.web.reactive.result.method.annotation.MessageWriterResultHandlerTests$SimpleBea (truncated)...]
14:08:01.905 [Test worker] DEBUG o.s.w.r.r.m.a.MessageWriterResultHandlerTests$1 - Using 'application/json' given [*/*] and supported [application/json, application/*+json]
14:08:01.905 [Test worker] DEBUG o.s.w.r.r.m.a.MessageWriterResultHandlerTests$1 - [670219c5] 0..1 [java.util.List<org.springframework.web.reactive.result.method.annotation.MessageWriterResultHandlerTests$ParentClass>]
14:08:02.024 [Test worker] DEBUG o.s.h.c.j.Jackson2JsonEncoder - [670219c5] Encoding [[org.springframework.web.reactive.result.method.annotation.MessageWriterResultHandlerTests$Foo@1f614 (truncated)...]
14:08:02.107 [Test worker] DEBUG o.s.w.r.r.m.a.MessageWriterResultHandlerTests$1 - Using 'application/json' given [*/*] and supported [application/json, application/*+json]
14:08:02.107 [Test worker] DEBUG o.s.w.r.r.m.a.MessageWriterResultHandlerTests$1 - [29178c2b] 0..1 [org.springframework.web.reactive.result.method.annotation.MessageWriterResultHandlerTests$Identifiable]
14:08:02.108 [Test worker] DEBUG o.s.h.c.j.Jackson2JsonEncoder - [29178c2b] Encoding [org.springframework.web.reactive.result.method.annotation.MessageWriterResultHandlerTests$SimpleBean (truncated)...]
14:08:02.113 [Test worker] DEBUG o.s.w.r.r.m.a.MessageWriterResultHandlerTests$1 - Using 'application/json' given [*/*] and supported [application/json]
14:08:02.113 [Test worker] DEBUG o.s.w.r.r.m.a.MessageWriterResultHandlerTests$1 - [7ae3ed33] 0..1 [java.lang.String]
14:08:02.113 [Test worker] DEBUG o.s.c.c.CharSequenceEncoder - [7ae3ed33] Writing "foo"
14:08:02.186 [Test worker] DEBUG o.s.w.r.r.m.a.MessageWriterResultHandlerTests$1 - [369035ab] No match for [*/*], supported: []
]]></system-out>
  <system-err><![CDATA[]]></system-err>
</testsuite>
