<?xml version="1.0" encoding="UTF-8"?>
<testsuite name="org.springframework.web.reactive.result.method.annotation.ResponseBodyResultHandlerTests" tests="3" skipped="0" failures="0" errors="0" timestamp="2020-06-22T06:07:54" hostname="aiguoxindeMacBook-Pro.local" time="0.012">
  <properties/>
  <testcase name="supports()" classname="org.springframework.web.reactive.result.method.annotation.ResponseBodyResultHandlerTests" time="0.005"/>
  <testcase name="defaultOrder()" classname="org.springframework.web.reactive.result.method.annotation.ResponseBodyResultHandlerTests" time="0.003"/>
  <testcase name="supportsRestController()" classname="org.springframework.web.reactive.result.method.annotation.ResponseBodyResultHandlerTests" time="0.004"/>
  <system-out><![CDATA[]]></system-out>
  <system-err><![CDATA[]]></system-err>
</testsuite>
