<?xml version="1.0" encoding="UTF-8"?>
<testsuite name="org.springframework.web.reactive.result.method.annotation.WebSessionMethodArgumentResolverTests" tests="2" skipped="0" failures="0" errors="0" timestamp="2020-06-22T06:08:54" hostname="aiguoxindeMacBook-Pro.local" time="0.005">
  <properties/>
  <testcase name="resolverArgument()" classname="org.springframework.web.reactive.result.method.annotation.WebSessionMethodArgumentResolverTests" time="0.002"/>
  <testcase name="supportsParameter()" classname="org.springframework.web.reactive.result.method.annotation.WebSessionMethodArgumentResolverTests" time="0.001"/>
  <system-out><![CDATA[]]></system-out>
  <system-err><![CDATA[]]></system-err>
</testsuite>
