<?xml version="1.0" encoding="UTF-8"?>
<testsuite name="org.springframework.web.reactive.function.server.RequestPredicateTests" tests="3" skipped="0" failures="0" errors="0" timestamp="2020-06-22T06:07:27" hostname="aiguoxindeMacBook-Pro.local" time="0.005">
  <properties/>
  <testcase name="negate()" classname="org.springframework.web.reactive.function.server.RequestPredicateTests" time="0.002"/>
  <testcase name="or()" classname="org.springframework.web.reactive.function.server.RequestPredicateTests" time="0.002"/>
  <testcase name="and()" classname="org.springframework.web.reactive.function.server.RequestPredicateTests" time="0.001"/>
  <system-out><![CDATA[]]></system-out>
  <system-err><![CDATA[]]></system-err>
</testsuite>
