<?xml version="1.0" encoding="UTF-8"?>
<testsuite name="org.springframework.web.reactive.accept.ParameterContentTypeResolverTests" tests="5" skipped="0" failures="0" errors="0" timestamp="2020-06-22T06:06:46" hostname="aiguoxindeMacBook-Pro.local" time="7.051">
  <properties/>
  <testcase name="noMatchForKey()" classname="org.springframework.web.reactive.accept.ParameterContentTypeResolverTests" time="6.957"/>
  <testcase name="resolveKeyThroughMediaTypeFactory()" classname="org.springframework.web.reactive.accept.ParameterContentTypeResolverTests" time="0.04"/>
  <testcase name="noKey()" classname="org.springframework.web.reactive.accept.ParameterContentTypeResolverTests" time="0.002"/>
  <testcase name="resolveKeyFromRegistrations()" classname="org.springframework.web.reactive.accept.ParameterContentTypeResolverTests" time="0.002"/>
  <testcase name="resolveKeyIsCaseInsensitive()" classname="org.springframework.web.reactive.accept.ParameterContentTypeResolverTests" time="0.001"/>
  <system-out><![CDATA[]]></system-out>
  <system-err><![CDATA[]]></system-err>
</testsuite>
