<?xml version="1.0" encoding="UTF-8"?>
<!-- Generated by org.testng.reporters.JUnitReportReporter -->
<testsuite skipped="0" hostname="aiguoxindeMacBook-Pro.local" name="org.springframework.test.context.cache.ClassLevelDirtiesContextTestNGTests$CleanTestCase" tests="1" failures="0" timestamp="2020-06-22T14:39:30 CST" time="0.001" errors="0">
  <testcase name="verifyContextWasAutowired" time="0.001" classname="org.springframework.test.context.cache.ClassLevelDirtiesContextTestNGTests$CleanTestCase"/>
  <system-out/>
</testsuite> <!-- org.springframework.test.context.cache.ClassLevelDirtiesContextTestNGTests$CleanTestCase -->
