<?xml version="1.0" encoding="UTF-8"?>
<testsuite name="org.springframework.mail.javamail.ConfigurableMimeFileTypeMapTests" tests="4" skipped="0" failures="0" errors="0" timestamp="2020-06-22T06:04:37" hostname="aiguoxindeMacBook-Pro.local" time="0.231">
  <properties/>
  <testcase name="withCustomMappingLocation()" classname="org.springframework.mail.javamail.ConfigurableMimeFileTypeMapTests" time="0.196"/>
  <testcase name="withAdditionalMappings()" classname="org.springframework.mail.javamail.ConfigurableMimeFileTypeMapTests" time="0.009"/>
  <testcase name="againstDefaultConfigurationWithFilePath()" classname="org.springframework.mail.javamail.ConfigurableMimeFileTypeMapTests" time="0.015"/>
  <testcase name="againstDefaultConfiguration()" classname="org.springframework.mail.javamail.ConfigurableMimeFileTypeMapTests" time="0.004"/>
  <system-out><![CDATA[]]></system-out>
  <system-err><![CDATA[]]></system-err>
</testsuite>
