<?xml version="1.0" encoding="UTF-8"?>
<testsuite name="org.springframework.cache.jcache.JCacheEhCacheApiTests" tests="13" skipped="0" failures="0" errors="0" timestamp="2020-06-22T06:04:36" hostname="aiguoxindeMacBook-Pro.local" time="0.251">
  <properties/>
  <testcase name="testCacheGetCallableNotInvokedWithHitNull()" classname="org.springframework.cache.jcache.JCacheEhCacheApiTests" time="0.017"/>
  <testcase name="testCacheGetSynchronized()" classname="org.springframework.cache.jcache.JCacheEhCacheApiTests" time="0.1"/>
  <testcase name="testCachePutIfAbsent()" classname="org.springframework.cache.jcache.JCacheEhCacheApiTests" time="0.016"/>
  <testcase name="testCacheClear()" classname="org.springframework.cache.jcache.JCacheEhCacheApiTests" time="0.01"/>
  <testcase name="testCacheRemove()" classname="org.springframework.cache.jcache.JCacheEhCacheApiTests" time="0.009"/>
  <testcase name="testCacheGetCallableNotInvokedWithHit()" classname="org.springframework.cache.jcache.JCacheEhCacheApiTests" time="0.01"/>
  <testcase name="testCacheName()" classname="org.springframework.cache.jcache.JCacheEhCacheApiTests" time="0.01"/>
  <testcase name="testCachePut()" classname="org.springframework.cache.jcache.JCacheEhCacheApiTests" time="0.019"/>
  <testcase name="testCacheGetCallable()" classname="org.springframework.cache.jcache.JCacheEhCacheApiTests" time="0.011"/>
  <testcase name="testNativeCache()" classname="org.springframework.cache.jcache.JCacheEhCacheApiTests" time="0.01"/>
  <testcase name="testCacheGetCallableFail()" classname="org.springframework.cache.jcache.JCacheEhCacheApiTests" time="0.012"/>
  <testcase name="testCacheGetCallableWithNull()" classname="org.springframework.cache.jcache.JCacheEhCacheApiTests" time="0.01"/>
  <testcase name="testCachePutNullValueAllowNullFalse()" classname="org.springframework.cache.jcache.JCacheEhCacheApiTests" time="0.011"/>
  <system-out><![CDATA[]]></system-out>
  <system-err><![CDATA[]]></system-err>
</testsuite>
