<?xml version="1.0" encoding="UTF-8"?>
<testsuite name="org.springframework.scheduling.quartz.QuartzSchedulerLifecycleTests" tests="2" skipped="0" failures="0" errors="0" timestamp="2020-06-22T06:04:42" hostname="aiguoxindeMacBook-Pro.local" time="0.607">
  <properties/>
  <testcase name="destroyLazyInitSchedulerWithCustomShutdownOrderDoesNotHang()" classname="org.springframework.scheduling.quartz.QuartzSchedulerLifecycleTests" time="0.487"/>
  <testcase name="destroyLazyInitSchedulerWithDefaultShutdownOrderDoesNotHang()" classname="org.springframework.scheduling.quartz.QuartzSchedulerLifecycleTests" time="0.119"/>
  <system-out><![CDATA[]]></system-out>
  <system-err><![CDATA[]]></system-err>
</testsuite>
