<?xml version="1.0" encoding="UTF-8"?>
<testsuite name="org.springframework.cache.jcache.config.JCacheCustomInterceptorTests" tests="3" skipped="0" failures="0" errors="0" timestamp="2020-06-22T06:04:21" hostname="aiguoxindeMacBook-Pro.local" time="0.679">
  <properties/>
  <testcase name="customInterceptorAppliesWithCheckedException()" classname="org.springframework.cache.jcache.config.JCacheCustomInterceptorTests" time="0.602"/>
  <testcase name="customInterceptorAppliesWithRuntimeException()" classname="org.springframework.cache.jcache.config.JCacheCustomInterceptorTests" time="0.043"/>
  <testcase name="onlyOneInterceptorIsAvailable()" classname="org.springframework.cache.jcache.config.JCacheCustomInterceptorTests" time="0.033"/>
  <system-out><![CDATA[]]></system-out>
  <system-err><![CDATA[]]></system-err>
</testsuite>
