<?xml version="1.0" encoding="UTF-8"?>
<testsuite name="org.springframework.ui.freemarker.FreeMarkerConfigurationFactoryBeanTests" tests="4" skipped="0" failures="0" errors="0" timestamp="2020-06-22T06:04:46" hostname="aiguoxindeMacBook-Pro.local" time="0.748">
  <properties/>
  <testcase name="freeMarkerConfigurationFactoryBeanWithResourceLoaderPath()" classname="org.springframework.ui.freemarker.FreeMarkerConfigurationFactoryBeanTests" time="0.37"/>
  <testcase name="freeMarkerConfigurationAsBean()" classname="org.springframework.ui.freemarker.FreeMarkerConfigurationFactoryBeanTests" time="0.022"/>
  <testcase name="freeMarkerConfigurationFactoryBeanWithConfigLocation()" classname="org.springframework.ui.freemarker.FreeMarkerConfigurationFactoryBeanTests" time="0.062"/>
  <testcase name="freeMarkerConfigurationFactoryBeanWithNonFileResourceLoaderPath()" classname="org.springframework.ui.freemarker.FreeMarkerConfigurationFactoryBeanTests" time="0.293"/>
  <system-out><![CDATA[]]></system-out>
  <system-err><![CDATA[]]></system-err>
</testsuite>
