<?xml version="1.0" encoding="UTF-8"?>
<testsuite name="org.springframework.validation.beanvalidation2.BeanValidationPostProcessorTests" tests="5" skipped="0" failures="0" errors="0" timestamp="2020-06-22T06:04:47" hostname="aiguoxindeMacBook-Pro.local" time="1.729">
  <properties/>
  <testcase name="testSizeConstraintSatisfied()" classname="org.springframework.validation.beanvalidation2.BeanValidationPostProcessorTests" time="1.614"/>
  <testcase name="testNotNullConstraintAfterInitialization()" classname="org.springframework.validation.beanvalidation2.BeanValidationPostProcessorTests" time="0.015"/>
  <testcase name="testNotNullConstraintSatisfied()" classname="org.springframework.validation.beanvalidation2.BeanValidationPostProcessorTests" time="0.03"/>
  <testcase name="testSizeConstraint()" classname="org.springframework.validation.beanvalidation2.BeanValidationPostProcessorTests" time="0.053"/>
  <testcase name="testNotNullConstraint()" classname="org.springframework.validation.beanvalidation2.BeanValidationPostProcessorTests" time="0.014"/>
  <system-out><![CDATA[]]></system-out>
  <system-err><![CDATA[]]></system-err>
</testsuite>
