<?xml version="1.0" encoding="UTF-8"?>
<testsuite name="org.springframework.cache.jcache.interceptor.CacheRemoveOperationTests" tests="2" skipped="0" failures="0" errors="0" timestamp="2020-06-22T06:04:25" hostname="aiguoxindeMacBook-Pro.local" time="0.002">
  <properties/>
  <testcase name="simple()" classname="org.springframework.cache.jcache.interceptor.CacheRemoveOperationTests" time="0.001"/>
  <testcase name="simpleRemove()" classname="org.springframework.cache.jcache.interceptor.CacheRemoveOperationTests" time="0.001"/>
  <system-out><![CDATA[]]></system-out>
  <system-err><![CDATA[]]></system-err>
</testsuite>
