<?xml version="1.0" encoding="UTF-8"?>
<testsuite name="org.springframework.web.servlet.tags.ArgumentTagTests" tests="5" skipped="0" failures="0" errors="0" timestamp="2020-06-22T06:08:46" hostname="aiguoxindeMacBook-Pro.local" time="0.09">
  <properties/>
  <testcase name="argumentWithImplicitNullValue()" classname="org.springframework.web.servlet.tags.ArgumentTagTests" time="0.009"/>
  <testcase name="argumentWithExplicitNullValue()" classname="org.springframework.web.servlet.tags.ArgumentTagTests" time="0.003"/>
  <testcase name="argumentWithStringValue()" classname="org.springframework.web.servlet.tags.ArgumentTagTests" time="0.006"/>
  <testcase name="argumentWithValueThenReleaseThenBodyValue()" classname="org.springframework.web.servlet.tags.ArgumentTagTests" time="0.066"/>
  <testcase name="argumentWithBodyValue()" classname="org.springframework.web.servlet.tags.ArgumentTagTests" time="0.004"/>
  <system-out><![CDATA[]]></system-out>
  <system-err><![CDATA[]]></system-err>
</testsuite>
