<?xml version="1.0" encoding="UTF-8"?>
<testsuite name="org.springframework.web.servlet.config.annotation.DefaultServletHandlerConfigurerTests" tests="3" skipped="0" failures="0" errors="0" timestamp="2020-06-22T06:07:09" hostname="aiguoxindeMacBook-Pro.local" time="0.028">
  <properties/>
  <testcase name="enableWithServletName()" classname="org.springframework.web.servlet.config.annotation.DefaultServletHandlerConfigurerTests" time="0.003"/>
  <testcase name="enable()" classname="org.springframework.web.servlet.config.annotation.DefaultServletHandlerConfigurerTests" time="0.007"/>
  <testcase name="notEnabled()" classname="org.springframework.web.servlet.config.annotation.DefaultServletHandlerConfigurerTests" time="0.0"/>
  <system-out><![CDATA[]]></system-out>
  <system-err><![CDATA[]]></system-err>
</testsuite>
