<?xml version="1.0" encoding="UTF-8"?>
<testsuite name="org.springframework.web.servlet.view.ContentNegotiatingViewResolverTests" tests="17" skipped="0" failures="0" errors="0" timestamp="2020-06-22T06:08:51" hostname="aiguoxindeMacBook-Pro.local" time="0.103">
  <properties/>
  <testcase name="resolveViewNameWithRequestParameter()" classname="org.springframework.web.servlet.view.ContentNegotiatingViewResolverTests" time="0.049"/>
  <testcase name="resolveViewNameRedirectView()" classname="org.springframework.web.servlet.view.ContentNegotiatingViewResolverTests" time="0.001"/>
  <testcase name="resolveViewNameAcceptHeaderWithSuffix()" classname="org.springframework.web.servlet.view.ContentNegotiatingViewResolverTests" time="0.001"/>
  <testcase name="resolveViewNameAcceptHeaderDefaultView()" classname="org.springframework.web.servlet.view.ContentNegotiatingViewResolverTests" time="0.002"/>
  <testcase name="resolveViewNoMatch()" classname="org.springframework.web.servlet.view.ContentNegotiatingViewResolverTests" time="0.001"/>
  <testcase name="resolveViewNameAcceptHeader()" classname="org.springframework.web.servlet.view.ContentNegotiatingViewResolverTests" time="0.002"/>
  <testcase name="resolveViewContentTypeNull()" classname="org.springframework.web.servlet.view.ContentNegotiatingViewResolverTests" time="0.001"/>
  <testcase name="resolveViewNameWithInvalidAcceptHeader()" classname="org.springframework.web.servlet.view.ContentNegotiatingViewResolverTests" time="0.0"/>
  <testcase name="resolveViewNoMatchUseUnacceptableStatus()" classname="org.springframework.web.servlet.view.ContentNegotiatingViewResolverTests" time="0.009"/>
  <testcase name="resolveViewNameWithAcceptHeader()" classname="org.springframework.web.servlet.view.ContentNegotiatingViewResolverTests" time="0.001"/>
  <testcase name="resolveViewNameFilenameDefaultView()" classname="org.springframework.web.servlet.view.ContentNegotiatingViewResolverTests" time="0.002"/>
  <testcase name="resolveViewNameWithPathExtension()" classname="org.springframework.web.servlet.view.ContentNegotiatingViewResolverTests" time="0.002"/>
  <testcase name="nestedViewResolverIsNotSpringBean()" classname="org.springframework.web.servlet.view.ContentNegotiatingViewResolverTests" time="0.0"/>
  <testcase name="resolveViewNameFilename()" classname="org.springframework.web.servlet.view.ContentNegotiatingViewResolverTests" time="0.001"/>
  <testcase name="getMediaTypeAcceptHeaderWithProduces()" classname="org.springframework.web.servlet.view.ContentNegotiatingViewResolverTests" time="0.001"/>
  <testcase name="resolveViewNameAcceptHeaderSortByQuality()" classname="org.springframework.web.servlet.view.ContentNegotiatingViewResolverTests" time="0.023"/>
  <testcase name="resolveViewNameWithDefaultContentType()" classname="org.springframework.web.servlet.view.ContentNegotiatingViewResolverTests" time="0.002"/>
  <system-out><![CDATA[14:08:51.790 [Test worker] WARN  o.s.w.s.v.ContentNegotiatingViewResolver - No ViewResolvers configured
]]></system-out>
  <system-err><![CDATA[]]></system-err>
</testsuite>
