<?xml version="1.0" encoding="UTF-8"?>
<testsuite name="org.springframework.web.servlet.mvc.condition.RequestConditionHolderTests" tests="9" skipped="0" failures="0" errors="0" timestamp="2020-06-22T06:08:08" hostname="aiguoxindeMacBook-Pro.local" time="0.014">
  <properties/>
  <testcase name="compareIncompatible()" classname="org.springframework.web.servlet.mvc.condition.RequestConditionHolderTests" time="0.005"/>
  <testcase name="compareEmpty()" classname="org.springframework.web.servlet.mvc.condition.RequestConditionHolderTests" time="0.0"/>
  <testcase name="match()" classname="org.springframework.web.servlet.mvc.condition.RequestConditionHolderTests" time="0.001"/>
  <testcase name="combine()" classname="org.springframework.web.servlet.mvc.condition.RequestConditionHolderTests" time="0.004"/>
  <testcase name="compare()" classname="org.springframework.web.servlet.mvc.condition.RequestConditionHolderTests" time="0.001"/>
  <testcase name="combineEmpty()" classname="org.springframework.web.servlet.mvc.condition.RequestConditionHolderTests" time="0.0"/>
  <testcase name="matchEmpty()" classname="org.springframework.web.servlet.mvc.condition.RequestConditionHolderTests" time="0.0"/>
  <testcase name="combineIncompatible()" classname="org.springframework.web.servlet.mvc.condition.RequestConditionHolderTests" time="0.0"/>
  <testcase name="noMatch()" classname="org.springframework.web.servlet.mvc.condition.RequestConditionHolderTests" time="0.001"/>
  <system-out><![CDATA[]]></system-out>
  <system-err><![CDATA[]]></system-err>
</testsuite>
