<?xml version="1.0" encoding="UTF-8"?>
<testsuite name="org.springframework.web.servlet.mvc.method.annotation.ServletRequestMethodArgumentResolverTests" tests="15" skipped="0" failures="0" errors="0" timestamp="2020-06-22T06:08:39" hostname="aiguoxindeMacBook-Pro.local" time="0.037">
  <properties/>
  <testcase name="timeZone()" classname="org.springframework.web.servlet.mvc.method.annotation.ServletRequestMethodArgumentResolverTests" time="0.001"/>
  <testcase name="principal()" classname="org.springframework.web.servlet.mvc.method.annotation.ServletRequestMethodArgumentResolverTests" time="0.0"/>
  <testcase name="timeZoneFromResolver()" classname="org.springframework.web.servlet.mvc.method.annotation.ServletRequestMethodArgumentResolverTests" time="0.001"/>
  <testcase name="locale()" classname="org.springframework.web.servlet.mvc.method.annotation.ServletRequestMethodArgumentResolverTests" time="0.0"/>
  <testcase name="reader()" classname="org.springframework.web.servlet.mvc.method.annotation.ServletRequestMethodArgumentResolverTests" time="0.0"/>
  <testcase name="principalAsNull()" classname="org.springframework.web.servlet.mvc.method.annotation.ServletRequestMethodArgumentResolverTests" time="0.0"/>
  <testcase name="zoneId()" classname="org.springframework.web.servlet.mvc.method.annotation.ServletRequestMethodArgumentResolverTests" time="0.0"/>
  <testcase name="servletRequest()" classname="org.springframework.web.servlet.mvc.method.annotation.ServletRequestMethodArgumentResolverTests" time="0.001"/>
  <testcase name="inputStream()" classname="org.springframework.web.servlet.mvc.method.annotation.ServletRequestMethodArgumentResolverTests" time="0.0"/>
  <testcase name="localeFromResolver()" classname="org.springframework.web.servlet.mvc.method.annotation.ServletRequestMethodArgumentResolverTests" time="0.0"/>
  <testcase name="zoneIdFromResolver()" classname="org.springframework.web.servlet.mvc.method.annotation.ServletRequestMethodArgumentResolverTests" time="0.004"/>
  <testcase name="pushBuilder()" classname="org.springframework.web.servlet.mvc.method.annotation.ServletRequestMethodArgumentResolverTests" time="0.026"/>
  <testcase name="httpMethod()" classname="org.springframework.web.servlet.mvc.method.annotation.ServletRequestMethodArgumentResolverTests" time="0.0"/>
  <testcase name="webRequest()" classname="org.springframework.web.servlet.mvc.method.annotation.ServletRequestMethodArgumentResolverTests" time="0.001"/>
  <testcase name="session()" classname="org.springframework.web.servlet.mvc.method.annotation.ServletRequestMethodArgumentResolverTests" time="0.0"/>
  <system-out><![CDATA[]]></system-out>
  <system-err><![CDATA[]]></system-err>
</testsuite>
