<?xml version="1.0" encoding="UTF-8"?>
<testsuite name="org.springframework.web.servlet.mvc.method.annotation.DeferredResultReturnValueHandlerTests" tests="8" skipped="0" failures="0" errors="0" timestamp="2020-06-22T06:08:08" hostname="aiguoxindeMacBook-Pro.local" time="0.058">
  <properties/>
  <testcase name="doesNotSupportReturnType()" classname="org.springframework.web.servlet.mvc.method.annotation.DeferredResultReturnValueHandlerTests" time="0.007"/>
  <testcase name="completableFuture()" classname="org.springframework.web.servlet.mvc.method.annotation.DeferredResultReturnValueHandlerTests" time="0.038"/>
  <testcase name="listenableFutureWithError()" classname="org.springframework.web.servlet.mvc.method.annotation.DeferredResultReturnValueHandlerTests" time="0.007"/>
  <testcase name="listenableFuture()" classname="org.springframework.web.servlet.mvc.method.annotation.DeferredResultReturnValueHandlerTests" time="0.0"/>
  <testcase name="deferredResult()" classname="org.springframework.web.servlet.mvc.method.annotation.DeferredResultReturnValueHandlerTests" time="0.0"/>
  <testcase name="deferredResultWithError()" classname="org.springframework.web.servlet.mvc.method.annotation.DeferredResultReturnValueHandlerTests" time="0.0"/>
  <testcase name="completableFutureWithError()" classname="org.springframework.web.servlet.mvc.method.annotation.DeferredResultReturnValueHandlerTests" time="0.001"/>
  <testcase name="supportsReturnType()" classname="org.springframework.web.servlet.mvc.method.annotation.DeferredResultReturnValueHandlerTests" time="0.001"/>
  <system-out><![CDATA[]]></system-out>
  <system-err><![CDATA[]]></system-err>
</testsuite>
