<?xml version="1.0" encoding="UTF-8"?>
<testsuite name="org.springframework.web.servlet.function.RequestPredicateTests" tests="3" skipped="0" failures="0" errors="0" timestamp="2020-06-22T06:08:02" hostname="aiguoxindeMacBook-Pro.local" time="0.118">
  <properties/>
  <testcase name="negate()" classname="org.springframework.web.servlet.function.RequestPredicateTests" time="0.002"/>
  <testcase name="or()" classname="org.springframework.web.servlet.function.RequestPredicateTests" time="0.002"/>
  <testcase name="and()" classname="org.springframework.web.servlet.function.RequestPredicateTests" time="0.114"/>
  <system-out><![CDATA[]]></system-out>
  <system-err><![CDATA[]]></system-err>
</testsuite>
