<?xml version="1.0" encoding="UTF-8"?>
<testsuite name="org.springframework.web.servlet.function.RouterFunctionTests" tests="4" skipped="0" failures="0" errors="0" timestamp="2020-06-22T06:08:02" hostname="aiguoxindeMacBook-Pro.local" time="0.01">
  <properties/>
  <testcase name="filter()" classname="org.springframework.web.servlet.function.RouterFunctionTests" time="0.003"/>
  <testcase name="andOther()" classname="org.springframework.web.servlet.function.RouterFunctionTests" time="0.003"/>
  <testcase name="andRoute()" classname="org.springframework.web.servlet.function.RouterFunctionTests" time="0.001"/>
  <testcase name="and()" classname="org.springframework.web.servlet.function.RouterFunctionTests" time="0.001"/>
  <system-out><![CDATA[]]></system-out>
  <system-err><![CDATA[]]></system-err>
</testsuite>
