<?xml version="1.0" encoding="UTF-8"?>
<testsuite name="org.springframework.web.servlet.mvc.annotation.CglibProxyControllerTests" tests="3" skipped="0" failures="0" errors="0" timestamp="2020-06-22T06:08:05" hostname="aiguoxindeMacBook-Pro.local" time="1.176">
  <properties/>
  <testcase name="methodLevel()" classname="org.springframework.web.servlet.mvc.annotation.CglibProxyControllerTests" time="0.712"/>
  <testcase name="typeLevel()" classname="org.springframework.web.servlet.mvc.annotation.CglibProxyControllerTests" time="0.162"/>
  <testcase name="typeAndMethodLevel()" classname="org.springframework.web.servlet.mvc.annotation.CglibProxyControllerTests" time="0.302"/>
  <system-out><![CDATA[]]></system-out>
  <system-err><![CDATA[]]></system-err>
</testsuite>
