<?xml version="1.0" encoding="UTF-8"?>
<testsuite name="org.springframework.web.servlet.support.RequestContextTests" tests="4" skipped="0" failures="0" errors="0" timestamp="2020-06-22T06:08:46" hostname="aiguoxindeMacBook-Pro.local" time="0.004">
  <properties/>
  <testcase name="testGetContextUrlWithMap()" classname="org.springframework.web.servlet.support.RequestContextTests" time="0.001"/>
  <testcase name="testPathToServlet()" classname="org.springframework.web.servlet.support.RequestContextTests" time="0.0"/>
  <testcase name="testGetContextUrlWithMapEscaping()" classname="org.springframework.web.servlet.support.RequestContextTests" time="0.001"/>
  <testcase name="testGetContextUrl()" classname="org.springframework.web.servlet.support.RequestContextTests" time="0.001"/>
  <system-out><![CDATA[]]></system-out>
  <system-err><![CDATA[]]></system-err>
</testsuite>
