<?xml version="1.0" encoding="UTF-8"?>
<testsuite name="org.springframework.web.servlet.handler.HandlerMappingTests" tests="2" skipped="0" failures="0" errors="0" timestamp="2020-06-22T06:08:03" hostname="aiguoxindeMacBook-Pro.local" time="0.116">
  <properties/>
  <testcase name="orderedInterceptors(TestHandlerMapping, Function)[1]" classname="org.springframework.web.servlet.handler.HandlerMappingTests" time="0.001"/>
  <testcase name="orderedInterceptors(TestHandlerMapping, Function)[2]" classname="org.springframework.web.servlet.handler.HandlerMappingTests" time="0.002"/>
  <system-out><![CDATA[]]></system-out>
  <system-err><![CDATA[]]></system-err>
</testsuite>
