<?xml version="1.0" encoding="UTF-8"?>
<testsuite name="org.springframework.web.servlet.config.annotation.ResourceHandlerRegistryTests" tests="11" skipped="0" failures="0" errors="0" timestamp="2020-06-22T06:07:16" hostname="aiguoxindeMacBook-Pro.local" time="3.769">
  <properties/>
  <testcase name="resourceChainWithVersionResolver()" classname="org.springframework.web.servlet.config.annotation.ResourceHandlerRegistryTests" time="0.992"/>
  <testcase name="cacheControl()" classname="org.springframework.web.servlet.config.annotation.ResourceHandlerRegistryTests" time="0.002"/>
  <testcase name="hasMappingForPattern()" classname="org.springframework.web.servlet.config.annotation.ResourceHandlerRegistryTests" time="0.001"/>
  <testcase name="noResourceHandlers()" classname="org.springframework.web.servlet.config.annotation.ResourceHandlerRegistryTests" time="0.001"/>
  <testcase name="urlResourceWithCharset()" classname="org.springframework.web.servlet.config.annotation.ResourceHandlerRegistryTests" time="0.602"/>
  <testcase name="mapPathToLocation()" classname="org.springframework.web.servlet.config.annotation.ResourceHandlerRegistryTests" time="0.026"/>
  <testcase name="resourceChainWithOverrides()" classname="org.springframework.web.servlet.config.annotation.ResourceHandlerRegistryTests" time="0.249"/>
  <testcase name="order()" classname="org.springframework.web.servlet.config.annotation.ResourceHandlerRegistryTests" time="0.001"/>
  <testcase name="cachePeriod()" classname="org.springframework.web.servlet.config.annotation.ResourceHandlerRegistryTests" time="0.0"/>
  <testcase name="resourceChainWithoutCaching()" classname="org.springframework.web.servlet.config.annotation.ResourceHandlerRegistryTests" time="0.711"/>
  <testcase name="resourceChain()" classname="org.springframework.web.servlet.config.annotation.ResourceHandlerRegistryTests" time="1.18"/>
  <system-out><![CDATA[]]></system-out>
  <system-err><![CDATA[]]></system-err>
</testsuite>
