<?xml version="1.0" encoding="UTF-8"?>
<testsuite name="org.springframework.web.servlet.tags.form.ButtonTagTests" tests="2" skipped="0" failures="0" errors="0" timestamp="2020-06-22T06:08:47" hostname="aiguoxindeMacBook-Pro.local" time="0.085">
  <properties/>
  <testcase name="buttonTag()" classname="org.springframework.web.servlet.tags.form.ButtonTagTests" time="0.082"/>
  <testcase name="disabled()" classname="org.springframework.web.servlet.tags.form.ButtonTagTests" time="0.003"/>
  <system-out><![CDATA[]]></system-out>
  <system-err><![CDATA[]]></system-err>
</testsuite>
