<?xml version="1.0" encoding="UTF-8"?>
<testsuite name="org.springframework.web.context.support.WebApplicationObjectSupportTests" tests="2" skipped="0" failures="0" errors="0" timestamp="2020-06-22T06:07:04" hostname="aiguoxindeMacBook-Pro.local" time="0.055">
  <properties/>
  <testcase name="testWebApplicationObjectSupportWithWrongContext()" classname="org.springframework.web.context.support.WebApplicationObjectSupportTests" time="0.002"/>
  <testcase name="testWebApplicationObjectSupport()" classname="org.springframework.web.context.support.WebApplicationObjectSupportTests" time="0.053"/>
  <system-out><![CDATA[]]></system-out>
  <system-err><![CDATA[]]></system-err>
</testsuite>
