<?xml version="1.0" encoding="UTF-8"?>
<testsuite name="org.springframework.web.servlet.mvc.condition.ConsumesRequestConditionTests" tests="15" skipped="0" failures="0" errors="0" timestamp="2020-06-22T06:08:07" hostname="aiguoxindeMacBook-Pro.local" time="0.011">
  <properties/>
  <testcase name="combineWithDefault()" classname="org.springframework.web.servlet.mvc.condition.ConsumesRequestConditionTests" time="0.0"/>
  <testcase name="parseConsumesAndHeaders()" classname="org.springframework.web.servlet.mvc.condition.ConsumesRequestConditionTests" time="0.001"/>
  <testcase name="consumesNoContent()" classname="org.springframework.web.servlet.mvc.condition.ConsumesRequestConditionTests" time="0.001"/>
  <testcase name="getMatchingCondition()" classname="org.springframework.web.servlet.mvc.condition.ConsumesRequestConditionTests" time="0.0"/>
  <testcase name="consumesMultipleMatch()" classname="org.springframework.web.servlet.mvc.condition.ConsumesRequestConditionTests" time="0.001"/>
  <testcase name="compareToSingle()" classname="org.springframework.web.servlet.mvc.condition.ConsumesRequestConditionTests" time="0.001"/>
  <testcase name="consumesMatch()" classname="org.springframework.web.servlet.mvc.condition.ConsumesRequestConditionTests" time="0.0"/>
  <testcase name="consumesSingleNoMatch()" classname="org.springframework.web.servlet.mvc.condition.ConsumesRequestConditionTests" time="0.0"/>
  <testcase name="consumesWildcardMatch()" classname="org.springframework.web.servlet.mvc.condition.ConsumesRequestConditionTests" time="0.0"/>
  <testcase name="consumesParseError()" classname="org.springframework.web.servlet.mvc.condition.ConsumesRequestConditionTests" time="0.001"/>
  <testcase name="combine()" classname="org.springframework.web.servlet.mvc.condition.ConsumesRequestConditionTests" time="0.0"/>
  <testcase name="compareToMultiple()" classname="org.springframework.web.servlet.mvc.condition.ConsumesRequestConditionTests" time="0.001"/>
  <testcase name="negatedConsumesMatch()" classname="org.springframework.web.servlet.mvc.condition.ConsumesRequestConditionTests" time="0.001"/>
  <testcase name="getConsumableMediaTypesNegatedExpression()" classname="org.springframework.web.servlet.mvc.condition.ConsumesRequestConditionTests" time="0.0"/>
  <testcase name="consumesParseErrorWithNegation()" classname="org.springframework.web.servlet.mvc.condition.ConsumesRequestConditionTests" time="0.001"/>
  <system-out><![CDATA[]]></system-out>
  <system-err><![CDATA[]]></system-err>
</testsuite>
