<?xml version="1.0" encoding="UTF-8"?>
<testsuite name="org.springframework.web.servlet.tags.form.RadioButtonTagTests" tests="10" skipped="0" failures="0" errors="0" timestamp="2020-06-22T06:08:49" hostname="aiguoxindeMacBook-Pro.local" time="0.225">
  <properties/>
  <testcase name="collectionOfPets()" classname="org.springframework.web.servlet.tags.form.RadioButtonTagTests" time="0.005"/>
  <testcase name="withCheckedObjectValueAndEditor()" classname="org.springframework.web.servlet.tags.form.RadioButtonTagTests" time="0.004"/>
  <testcase name="withCheckedObjectValue()" classname="org.springframework.web.servlet.tags.form.RadioButtonTagTests" time="0.004"/>
  <testcase name="withUncheckedValue()" classname="org.springframework.web.servlet.tags.form.RadioButtonTagTests" time="0.004"/>
  <testcase name="dynamicTypeAttribute()" classname="org.springframework.web.servlet.tags.form.RadioButtonTagTests" time="0.013"/>
  <testcase name="collectionOfPetsNotSelected()" classname="org.springframework.web.servlet.tags.form.RadioButtonTagTests" time="0.004"/>
  <testcase name="withUncheckedObjectValue()" classname="org.springframework.web.servlet.tags.form.RadioButtonTagTests" time="0.031"/>
  <testcase name="withCheckedValueAndDynamicAttributes()" classname="org.springframework.web.servlet.tags.form.RadioButtonTagTests" time="0.021"/>
  <testcase name="collectionOfPetsWithEditor()" classname="org.springframework.web.servlet.tags.form.RadioButtonTagTests" time="0.127"/>
  <testcase name="withCheckedValue()" classname="org.springframework.web.servlet.tags.form.RadioButtonTagTests" time="0.009"/>
  <system-out><![CDATA[]]></system-out>
  <system-err><![CDATA[]]></system-err>
</testsuite>
