<?xml version="1.0" encoding="UTF-8"?>
<testsuite name="org.springframework.web.servlet.view.json.MappingJackson2JsonViewTests" tests="16" skipped="0" failures="0" errors="0" timestamp="2020-06-22T06:09:01" hostname="aiguoxindeMacBook-Pro.local" time="0.66">
  <properties/>
  <testcase name="renderSimpleBean()" classname="org.springframework.web.servlet.view.json.MappingJackson2JsonViewTests" time="0.459"/>
  <testcase name="renderOnlyIncludedAttributes()" classname="org.springframework.web.servlet.view.json.MappingJackson2JsonViewTests" time="0.007"/>
  <testcase name="renderSimpleBeanWithFilters()" classname="org.springframework.web.servlet.view.json.MappingJackson2JsonViewTests" time="0.019"/>
  <testcase name="renderSimpleBeanWithJsonView()" classname="org.springframework.web.servlet.view.json.MappingJackson2JsonViewTests" time="0.009"/>
  <testcase name="renderCaching()" classname="org.springframework.web.servlet.view.json.MappingJackson2JsonViewTests" time="0.007"/>
  <testcase name="renderSimpleMapPrefixed()" classname="org.springframework.web.servlet.view.json.MappingJackson2JsonViewTests" time="0.009"/>
  <testcase name="isExposePathVars()" classname="org.springframework.web.servlet.view.json.MappingJackson2JsonViewTests" time="0.003"/>
  <testcase name="filterSingleKeyModel()" classname="org.springframework.web.servlet.view.json.MappingJackson2JsonViewTests" time="0.003"/>
  <testcase name="renderWithSelectedContentType()" classname="org.springframework.web.servlet.view.json.MappingJackson2JsonViewTests" time="0.025"/>
  <testcase name="renderSimpleMap()" classname="org.springframework.web.servlet.view.json.MappingJackson2JsonViewTests" time="0.006"/>
  <testcase name="filterTwoKeyModel()" classname="org.springframework.web.servlet.view.json.MappingJackson2JsonViewTests" time="0.017"/>
  <testcase name="renderWithCustomSerializerLocatedByFactory()" classname="org.springframework.web.servlet.view.json.MappingJackson2JsonViewTests" time="0.022"/>
  <testcase name="renderWithCustomSerializerLocatedByAnnotation()" classname="org.springframework.web.servlet.view.json.MappingJackson2JsonViewTests" time="0.025"/>
  <testcase name="renderSimpleBeanPrefixed()" classname="org.springframework.web.servlet.view.json.MappingJackson2JsonViewTests" time="0.018"/>
  <testcase name="renderWithPrettyPrint()" classname="org.springframework.web.servlet.view.json.MappingJackson2JsonViewTests" time="0.008"/>
  <testcase name="renderSimpleBeanNotPrefixed()" classname="org.springframework.web.servlet.view.json.MappingJackson2JsonViewTests" time="0.02"/>
  <system-out><![CDATA[]]></system-out>
  <system-err><![CDATA[]]></system-err>
</testsuite>
