<?xml version="1.0" encoding="UTF-8"?>
<testsuite name="org.springframework.web.servlet.view.script.KotlinScriptTemplateTests" tests="3" skipped="0" failures="0" errors="0" timestamp="2020-06-22T06:09:08" hostname="aiguoxindeMacBook-Pro.local" time="10.566">
  <properties/>
  <testcase name="renderTemplateWithFrenchLocale()" classname="org.springframework.web.servlet.view.script.KotlinScriptTemplateTests" time="8.69"/>
  <testcase name="renderTemplateWithoutRenderFunction()" classname="org.springframework.web.servlet.view.script.KotlinScriptTemplateTests" time="0.416"/>
  <testcase name="renderTemplateWithEnglishLocale()" classname="org.springframework.web.servlet.view.script.KotlinScriptTemplateTests" time="1.459"/>
  <system-out><![CDATA[]]></system-out>
  <system-err><![CDATA[]]></system-err>
</testsuite>
