<?xml version="1.0" encoding="UTF-8"?>
<testsuite name="org.springframework.web.servlet.resource.CssLinkResourceTransformerTests" tests="6" skipped="0" failures="0" errors="0" timestamp="2020-06-22T06:08:41" hostname="aiguoxindeMacBook-Pro.local" time="0.08">
  <properties/>
  <testcase name="transformSkippedForNonCssResource()" classname="org.springframework.web.servlet.resource.CssLinkResourceTransformerTests" time="0.001"/>
  <testcase name="transformEmptyUrlFunction()" classname="org.springframework.web.servlet.resource.CssLinkResourceTransformerTests" time="0.02"/>
  <testcase name="transformSkippedForGzippedResource(GzippedFiles)" classname="org.springframework.web.servlet.resource.CssLinkResourceTransformerTests" time="0.019"/>
  <testcase name="transformNoLinks()" classname="org.springframework.web.servlet.resource.CssLinkResourceTransformerTests" time="0.001"/>
  <testcase name="transformExtLinksNotAllowed()" classname="org.springframework.web.servlet.resource.CssLinkResourceTransformerTests" time="0.026"/>
  <testcase name="transform()" classname="org.springframework.web.servlet.resource.CssLinkResourceTransformerTests" time="0.008"/>
  <system-out><![CDATA[]]></system-out>
  <system-err><![CDATA[]]></system-err>
</testsuite>
