<?xml version="1.0" encoding="UTF-8"?>
<testsuite name="org.springframework.web.servlet.function.DefaultRenderingResponseTests" tests="10" skipped="0" failures="0" errors="0" timestamp="2020-06-22T06:08:00" hostname="aiguoxindeMacBook-Pro.local" time="0.048">
  <properties/>
  <testcase name="notModifiedEtag()" classname="org.springframework.web.servlet.function.DefaultRenderingResponseTests" time="0.004"/>
  <testcase name="create()" classname="org.springframework.web.servlet.function.DefaultRenderingResponseTests" time="0.001"/>
  <testcase name="modelAttributes()" classname="org.springframework.web.servlet.function.DefaultRenderingResponseTests" time="0.001"/>
  <testcase name="status()" classname="org.springframework.web.servlet.function.DefaultRenderingResponseTests" time="0.0"/>
  <testcase name="modelAttribute()" classname="org.springframework.web.servlet.function.DefaultRenderingResponseTests" time="0.0"/>
  <testcase name="modelAttributesConventions()" classname="org.springframework.web.servlet.function.DefaultRenderingResponseTests" time="0.035"/>
  <testcase name="notModifiedLastModified()" classname="org.springframework.web.servlet.function.DefaultRenderingResponseTests" time="0.002"/>
  <testcase name="headers()" classname="org.springframework.web.servlet.function.DefaultRenderingResponseTests" time="0.0"/>
  <testcase name="cookies()" classname="org.springframework.web.servlet.function.DefaultRenderingResponseTests" time="0.001"/>
  <testcase name="modelAttributeConventions()" classname="org.springframework.web.servlet.function.DefaultRenderingResponseTests" time="0.0"/>
  <system-out><![CDATA[]]></system-out>
  <system-err><![CDATA[]]></system-err>
</testsuite>
