<?xml version="1.0" encoding="UTF-8"?>
<testsuite name="org.springframework.web.servlet.mvc.method.annotation.MatrixVariablesMapMethodArgumentResolverTests" tests="5" skipped="0" failures="0" errors="0" timestamp="2020-06-22T06:08:12" hostname="aiguoxindeMacBook-Pro.local" time="0.082">
  <properties/>
  <testcase name="resolveArgumentNoMatch()" classname="org.springframework.web.servlet.mvc.method.annotation.MatrixVariablesMapMethodArgumentResolverTests" time="0.06"/>
  <testcase name="resolveArgumentPathVariable()" classname="org.springframework.web.servlet.mvc.method.annotation.MatrixVariablesMapMethodArgumentResolverTests" time="0.003"/>
  <testcase name="resolveArgumentNoParams()" classname="org.springframework.web.servlet.mvc.method.annotation.MatrixVariablesMapMethodArgumentResolverTests" time="0.002"/>
  <testcase name="resolveArgument()" classname="org.springframework.web.servlet.mvc.method.annotation.MatrixVariablesMapMethodArgumentResolverTests" time="0.01"/>
  <testcase name="supportsParameter()" classname="org.springframework.web.servlet.mvc.method.annotation.MatrixVariablesMapMethodArgumentResolverTests" time="0.003"/>
  <system-out><![CDATA[]]></system-out>
  <system-err><![CDATA[]]></system-err>
</testsuite>
