<?xml version="1.0" encoding="UTF-8"?>
<testsuite name="org.springframework.web.servlet.view.xml.MarshallingViewTests" tests="11" skipped="0" failures="0" errors="0" timestamp="2020-06-22T06:09:19" hostname="aiguoxindeMacBook-Pro.local" time="0.011">
  <properties/>
  <testcase name="renderModelKeyUnsupported()" classname="org.springframework.web.servlet.view.xml.MarshallingViewTests" time="0.005"/>
  <testcase name="renderInvalidModelKey()" classname="org.springframework.web.servlet.view.xml.MarshallingViewTests" time="0.001"/>
  <testcase name="getContentType()" classname="org.springframework.web.servlet.view.xml.MarshallingViewTests" time="0.0"/>
  <testcase name="isExposePathVarsDefaultConstructor()" classname="org.springframework.web.servlet.view.xml.MarshallingViewTests" time="0.0"/>
  <testcase name="isExposePathVars()" classname="org.springframework.web.servlet.view.xml.MarshallingViewTests" time="0.0"/>
  <testcase name="renderNoModelKey()" classname="org.springframework.web.servlet.view.xml.MarshallingViewTests" time="0.0"/>
  <testcase name="renderNullModelValue()" classname="org.springframework.web.servlet.view.xml.MarshallingViewTests" time="0.001"/>
  <testcase name="renderModelKeyWithJaxbElement()" classname="org.springframework.web.servlet.view.xml.MarshallingViewTests" time="0.001"/>
  <testcase name="testRenderUnsupportedModel()" classname="org.springframework.web.servlet.view.xml.MarshallingViewTests" time="0.001"/>
  <testcase name="renderNoModelKeyAndBindingResultFirst()" classname="org.springframework.web.servlet.view.xml.MarshallingViewTests" time="0.001"/>
  <testcase name="renderModelKey()" classname="org.springframework.web.servlet.view.xml.MarshallingViewTests" time="0.0"/>
  <system-out><![CDATA[]]></system-out>
  <system-err><![CDATA[]]></system-err>
</testsuite>
