<?xml version="1.0" encoding="UTF-8"?>
<testsuite name="org.springframework.web.servlet.tags.EvalTagTests" tests="10" skipped="0" failures="0" errors="0" timestamp="2020-06-22T06:08:47" hostname="aiguoxindeMacBook-Pro.local" time="0.192">
  <properties/>
  <testcase name="printHtmlEscapedAttributeResult()" classname="org.springframework.web.servlet.tags.EvalTagTests" time="0.046"/>
  <testcase name="environmentAccess()" classname="org.springframework.web.servlet.tags.EvalTagTests" time="0.021"/>
  <testcase name="mapAccess()" classname="org.springframework.web.servlet.tags.EvalTagTests" time="0.005"/>
  <testcase name="printJavaScriptEscapedAttributeResult()" classname="org.springframework.web.servlet.tags.EvalTagTests" time="0.024"/>
  <testcase name="printScopedAttributeResult()" classname="org.springframework.web.servlet.tags.EvalTagTests" time="0.003"/>
  <testcase name="nestedPropertyWithAttributeName()" classname="org.springframework.web.servlet.tags.EvalTagTests" time="0.004"/>
  <testcase name="setFormattedScopedAttributeResult()" classname="org.springframework.web.servlet.tags.EvalTagTests" time="0.06"/>
  <testcase name="printNullAsEmptyString()" classname="org.springframework.web.servlet.tags.EvalTagTests" time="0.007"/>
  <testcase name="printFormattedScopedAttributeResult()" classname="org.springframework.web.servlet.tags.EvalTagTests" time="0.012"/>
  <testcase name="accessUsingBeanSyntax()" classname="org.springframework.web.servlet.tags.EvalTagTests" time="0.006"/>
  <system-out><![CDATA[]]></system-out>
  <system-err><![CDATA[]]></system-err>
</testsuite>
