<?xml version="1.0" encoding="UTF-8"?>
<testsuite name="org.springframework.web.servlet.mvc.support.RedirectAttributesModelMapTests" tests="9" skipped="0" failures="0" errors="0" timestamp="2020-06-22T06:08:41" hostname="aiguoxindeMacBook-Pro.local" time="0.007">
  <properties/>
  <testcase name="addAttributesMap()" classname="org.springframework.web.servlet.mvc.support.RedirectAttributesModelMapTests" time="0.001"/>
  <testcase name="addAllAttributesList()" classname="org.springframework.web.servlet.mvc.support.RedirectAttributesModelMapTests" time="0.001"/>
  <testcase name="putAll()" classname="org.springframework.web.servlet.mvc.support.RedirectAttributesModelMapTests" time="0.001"/>
  <testcase name="addAttributePrimitiveType()" classname="org.springframework.web.servlet.mvc.support.RedirectAttributesModelMapTests" time="0.001"/>
  <testcase name="mergeAttributes()" classname="org.springframework.web.servlet.mvc.support.RedirectAttributesModelMapTests" time="0.0"/>
  <testcase name="put()" classname="org.springframework.web.servlet.mvc.support.RedirectAttributesModelMapTests" time="0.0"/>
  <testcase name="addAttributeValue()" classname="org.springframework.web.servlet.mvc.support.RedirectAttributesModelMapTests" time="0.001"/>
  <testcase name="addAttributeCustomType()" classname="org.springframework.web.servlet.mvc.support.RedirectAttributesModelMapTests" time="0.0"/>
  <testcase name="addAttributeToString()" classname="org.springframework.web.servlet.mvc.support.RedirectAttributesModelMapTests" time="0.0"/>
  <system-out><![CDATA[]]></system-out>
  <system-err><![CDATA[]]></system-err>
</testsuite>
