<?xml version="1.0" encoding="UTF-8"?>
<testsuite name="org.springframework.web.servlet.view.BaseViewTests" tests="12" skipped="0" failures="0" errors="0" timestamp="2020-06-22T06:08:51" hostname="aiguoxindeMacBook-Pro.local" time="0.047">
  <properties/>
  <testcase name="renderWithStaticAttributesNoCollision()" classname="org.springframework.web.servlet.view.BaseViewTests" time="0.041"/>
  <testcase name="attributeCSVParsingInvalid()" classname="org.springframework.web.servlet.view.BaseViewTests" time="0.002"/>
  <testcase name="ignoresNullAttributes()" classname="org.springframework.web.servlet.view.BaseViewTests" time="0.0"/>
  <testcase name="renderWithoutStaticAttributes()" classname="org.springframework.web.servlet.view.BaseViewTests" time="0.001"/>
  <testcase name="attributeCSVParsingValidWithWeirdCharacters()" classname="org.springframework.web.servlet.view.BaseViewTests" time="0.0"/>
  <testcase name="attributeCSVParsingValid()" classname="org.springframework.web.servlet.view.BaseViewTests" time="0.0"/>
  <testcase name="attributeCSVParsingIgnoresTrailingComma()" classname="org.springframework.web.servlet.view.BaseViewTests" time="0.0"/>
  <testcase name="pathVarsOverrideStaticAttributes()" classname="org.springframework.web.servlet.view.BaseViewTests" time="0.001"/>
  <testcase name="attributeCSVParsingIgnoresEmptyString()" classname="org.springframework.web.servlet.view.BaseViewTests" time="0.0"/>
  <testcase name="dynamicModelOverridesStaticAttributesIfCollision()" classname="org.springframework.web.servlet.view.BaseViewTests" time="0.001"/>
  <testcase name="dynamicModelOverridesPathVariables()" classname="org.springframework.web.servlet.view.BaseViewTests" time="0.0"/>
  <testcase name="attributeCSVParsingIgnoresNull()" classname="org.springframework.web.servlet.view.BaseViewTests" time="0.0"/>
  <system-out><![CDATA[]]></system-out>
  <system-err><![CDATA[]]></system-err>
</testsuite>
