<?xml version="1.0" encoding="UTF-8"?>
<testsuite name="org.springframework.web.servlet.view.groovy.GroovyMarkupViewResolverTests" tests="2" skipped="0" failures="0" errors="0" timestamp="2020-06-22T06:09:00" hostname="aiguoxindeMacBook-Pro.local" time="0.0">
  <properties/>
  <testcase name="viewClass()" classname="org.springframework.web.servlet.view.groovy.GroovyMarkupViewResolverTests" time="0.0"/>
  <testcase name="cacheKey()" classname="org.springframework.web.servlet.view.groovy.GroovyMarkupViewResolverTests" time="0.0"/>
  <system-out><![CDATA[]]></system-out>
  <system-err><![CDATA[]]></system-err>
</testsuite>
