<?xml version="1.0" encoding="UTF-8"?>
<testsuite name="org.springframework.web.servlet.resource.CachingResourceResolverTests" tests="9" skipped="0" failures="0" errors="0" timestamp="2020-06-22T06:08:41" hostname="aiguoxindeMacBook-Pro.local" time="0.041">
  <properties/>
  <testcase name="resolveResourceMatchingEncoding()" classname="org.springframework.web.servlet.resource.CachingResourceResolverTests" time="0.03"/>
  <testcase name="resolveResourceInternal()" classname="org.springframework.web.servlet.resource.CachingResourceResolverTests" time="0.001"/>
  <testcase name="resolverUrlPathNoMatch()" classname="org.springframework.web.servlet.resource.CachingResourceResolverTests" time="0.001"/>
  <testcase name="resolverUrlPath()" classname="org.springframework.web.servlet.resource.CachingResourceResolverTests" time="0.0"/>
  <testcase name="resolverUrlPathFromCache()" classname="org.springframework.web.servlet.resource.CachingResourceResolverTests" time="0.0"/>
  <testcase name="resolveResourceInternalNoMatch()" classname="org.springframework.web.servlet.resource.CachingResourceResolverTests" time="0.0"/>
  <testcase name="resolveResourceNoAcceptEncoding()" classname="org.springframework.web.servlet.resource.CachingResourceResolverTests" time="0.001"/>
  <testcase name="resolveResourceAcceptEncodingInCacheKey(GzippedFiles)" classname="org.springframework.web.servlet.resource.CachingResourceResolverTests" time="0.006"/>
  <testcase name="resolveResourceInternalFromCache()" classname="org.springframework.web.servlet.resource.CachingResourceResolverTests" time="0.0"/>
  <system-out><![CDATA[]]></system-out>
  <system-err><![CDATA[]]></system-err>
</testsuite>
