<?xml version="1.0" encoding="UTF-8"?>
<testsuite name="org.springframework.web.servlet.tags.ParamTests" tests="3" skipped="0" failures="0" errors="0" timestamp="2020-06-22T06:08:51" hostname="aiguoxindeMacBook-Pro.local" time="0.001">
  <properties/>
  <testcase name="name()" classname="org.springframework.web.servlet.tags.ParamTests" time="0.0"/>
  <testcase name="value()" classname="org.springframework.web.servlet.tags.ParamTests" time="0.001"/>
  <testcase name="nullDefaults()" classname="org.springframework.web.servlet.tags.ParamTests" time="0.0"/>
  <system-out><![CDATA[]]></system-out>
  <system-err><![CDATA[]]></system-err>
</testsuite>
