<?xml version="1.0" encoding="UTF-8"?>
<testsuite name="org.springframework.web.servlet.i18n.LocaleResolverTests" tests="4" skipped="0" failures="0" errors="0" timestamp="2020-06-22T06:08:05" hostname="aiguoxindeMacBook-Pro.local" time="0.004">
  <properties/>
  <testcase name="testSessionLocaleResolver()" classname="org.springframework.web.servlet.i18n.LocaleResolverTests" time="0.0"/>
  <testcase name="testCookieLocaleResolver()" classname="org.springframework.web.servlet.i18n.LocaleResolverTests" time="0.0"/>
  <testcase name="testAcceptHeaderLocaleResolver()" classname="org.springframework.web.servlet.i18n.LocaleResolverTests" time="0.0"/>
  <testcase name="testFixedLocaleResolver()" classname="org.springframework.web.servlet.i18n.LocaleResolverTests" time="0.001"/>
  <system-out><![CDATA[]]></system-out>
  <system-err><![CDATA[]]></system-err>
</testsuite>
