<?xml version="1.0" encoding="UTF-8"?>
<testsuite name="org.springframework.web.servlet.view.xslt.XsltViewResolverTests" tests="1" skipped="0" failures="0" errors="0" timestamp="2020-06-22T06:09:19" hostname="aiguoxindeMacBook-Pro.local" time="0.002">
  <properties/>
  <testcase name="resolveView()" classname="org.springframework.web.servlet.view.xslt.XsltViewResolverTests" time="0.002"/>
  <system-out><![CDATA[]]></system-out>
  <system-err><![CDATA[]]></system-err>
</testsuite>
