<?xml version="1.0" encoding="UTF-8"?>
<testsuite name="org.springframework.web.servlet.mvc.method.annotation.RequestAttributeMethodArgumentResolverTests" tests="5" skipped="0" failures="0" errors="0" timestamp="2020-06-22T06:08:14" hostname="aiguoxindeMacBook-Pro.local" time="0.117">
  <properties/>
  <testcase name="resolveOptional()" classname="org.springframework.web.servlet.mvc.method.annotation.RequestAttributeMethodArgumentResolverTests" time="0.111"/>
  <testcase name="resolve()" classname="org.springframework.web.servlet.mvc.method.annotation.RequestAttributeMethodArgumentResolverTests" time="0.001"/>
  <testcase name="resolveNotRequired()" classname="org.springframework.web.servlet.mvc.method.annotation.RequestAttributeMethodArgumentResolverTests" time="0.0"/>
  <testcase name="resolveWithName()" classname="org.springframework.web.servlet.mvc.method.annotation.RequestAttributeMethodArgumentResolverTests" time="0.001"/>
  <testcase name="supportsParameter()" classname="org.springframework.web.servlet.mvc.method.annotation.RequestAttributeMethodArgumentResolverTests" time="0.0"/>
  <system-out><![CDATA[]]></system-out>
  <system-err><![CDATA[]]></system-err>
</testsuite>
