<?xml version="1.0" encoding="UTF-8"?>
<testsuite name="org.springframework.web.servlet.function.ServerResponseExtensionsTests" tests="1" skipped="0" failures="0" errors="0" timestamp="2020-06-22T06:09:22" hostname="aiguoxindeMacBook-Pro.local" time="0.296">
  <properties/>
  <testcase name="bodyWithType()" classname="org.springframework.web.servlet.function.ServerResponseExtensionsTests" time="0.296"/>
  <system-out><![CDATA[]]></system-out>
  <system-err><![CDATA[]]></system-err>
</testsuite>
