<?xml version="1.0" encoding="UTF-8"?>
<testsuite name="org.springframework.web.servlet.resource.PathResourceResolverTests" tests="10" skipped="0" failures="0" errors="0" timestamp="2020-06-22T06:08:42" hostname="aiguoxindeMacBook-Pro.local" time="0.014">
  <properties/>
  <testcase name="checkFileLocation()" classname="org.springframework.web.servlet.resource.PathResourceResolverTests" time="0.001"/>
  <testcase name="ignoreInvalidEscapeSequence()" classname="org.springframework.web.servlet.resource.PathResourceResolverTests" time="0.001"/>
  <testcase name="checkResourceWithAllowedLocations()" classname="org.springframework.web.servlet.resource.PathResourceResolverTests" time="0.001"/>
  <testcase name="resolveFromClasspathRoot()" classname="org.springframework.web.servlet.resource.PathResourceResolverTests" time="0.0"/>
  <testcase name="checkServletContextResource()" classname="org.springframework.web.servlet.resource.PathResourceResolverTests" time="0.0"/>
  <testcase name="resolveFromClasspath()" classname="org.springframework.web.servlet.resource.PathResourceResolverTests" time="0.0"/>
  <testcase name="relativePathEncodedForUrlResource()" classname="org.springframework.web.servlet.resource.PathResourceResolverTests" time="0.001"/>
  <testcase name="resolvePathRootResource()" classname="org.springframework.web.servlet.resource.PathResourceResolverTests" time="0.001"/>
  <testcase name="checkRelativeLocation()" classname="org.springframework.web.servlet.resource.PathResourceResolverTests" time="0.0"/>
  <testcase name="checkResource()" classname="org.springframework.web.servlet.resource.PathResourceResolverTests" time="0.005"/>
  <system-out><![CDATA[14:08:42.036 [Test worker] WARN  o.s.w.s.r.PathResourceResolver - Resource path "../testsecret/secret.txt" was successfully resolved but resource "file:/Volumes/work/aiguoxin/spring-framework/spring-webmvc/build/resources/test/org/springframework/web/servlet/resource/testsecret/secret.txt" is neither under the current location "file:/Volumes/work/aiguoxin/spring-framework/spring-webmvc/build/resources/test/org/springframework/web/servlet/resource/test/" nor under any of the allowed locations []
14:08:42.037 [Test worker] WARN  o.s.w.s.r.PathResourceResolver - Resource path "test/../../testsecret/secret.txt" was successfully resolved but resource "file:/Volumes/work/aiguoxin/spring-framework/spring-webmvc/build/resources/test/org/springframework/web/servlet/resource/testsecret/secret.txt" is neither under the current location "file:/Volumes/work/aiguoxin/spring-framework/spring-webmvc/build/resources/test/org/springframework/web/servlet/resource/test/" nor under any of the allowed locations []
14:08:42.038 [Test worker] WARN  o.s.w.s.r.PathResourceResolver - Resource path "file:/Volumes/work/aiguoxin/spring-framework/spring-webmvc/build/resources/test/org/springframework/web/servlet/resource/testsecret/secret.txt" was successfully resolved but resource "file:/Volumes/work/aiguoxin/spring-framework/spring-webmvc/build/resources/test/org/springframework/web/servlet/resource/testsecret/secret.txt" is neither under the current location "file:/Volumes/work/aiguoxin/spring-framework/spring-webmvc/build/resources/test/org/springframework/web/servlet/resource/test/" nor under any of the allowed locations []
14:08:42.038 [Test worker] WARN  o.s.w.s.r.PathResourceResolver - Resource path "/file:/Volumes/work/aiguoxin/spring-framework/spring-webmvc/build/resources/test/org/springframework/web/servlet/resource/testsecret/secret.txt" was successfully resolved but resource "file:/Volumes/work/aiguoxin/spring-framework/spring-webmvc/build/resources/test/org/springframework/web/servlet/resource/testsecret/secret.txt" is neither under the current location "file:/Volumes/work/aiguoxin/spring-framework/spring-webmvc/build/resources/test/org/springframework/web/servlet/resource/test/" nor under any of the allowed locations []
14:08:42.038 [Test worker] WARN  o.s.w.s.r.PathResourceResolver - Resource path "//Volumes/work/aiguoxin/spring-framework/spring-webmvc/build/resources/test/org/springframework/web/servlet/resource/testsecret/secret.txt" was successfully resolved but resource "file:/Volumes/work/aiguoxin/spring-framework/spring-webmvc/build/resources/test/org/springframework/web/servlet/resource/testsecret/secret.txt" is neither under the current location "file:/Volumes/work/aiguoxin/spring-framework/spring-webmvc/build/resources/test/org/springframework/web/servlet/resource/test/" nor under any of the allowed locations []
14:08:42.039 [Test worker] WARN  o.s.w.s.r.PathResourceResolver - Resource path "////../../Volumes/work/aiguoxin/spring-framework/spring-webmvc/build/resources/test/org/springframework/web/servlet/resource/testsecret/secret.txt" was successfully resolved but resource "file:/../../Volumes/work/aiguoxin/spring-framework/spring-webmvc/build/resources/test/org/springframework/web/servlet/resource/testsecret/secret.txt" is neither under the current location "file:/Volumes/work/aiguoxin/spring-framework/spring-webmvc/build/resources/test/org/springframework/web/servlet/resource/test/" nor under any of the allowed locations []
14:08:42.039 [Test worker] WARN  o.s.w.s.r.PathResourceResolver - Resolved resource path contains encoded "../" or "..\": file:/Volumes/work/aiguoxin/spring-framework/spring-webmvc/build/resources/test/org/springframework/web/servlet/resource/test/%2E%2E/testsecret/secret.txt
14:08:42.039 [Test worker] WARN  o.s.w.s.r.PathResourceResolver - Resource path "/%2E%2E/testsecret/secret.txt" was successfully resolved but resource "file:/Volumes/work/aiguoxin/spring-framework/spring-webmvc/build/resources/test/org/springframework/web/servlet/resource/test/%2E%2E/testsecret/secret.txt" is neither under the current location "file:/Volumes/work/aiguoxin/spring-framework/spring-webmvc/build/resources/test/org/springframework/web/servlet/resource/test/" nor under any of the allowed locations []
14:08:42.040 [Test worker] WARN  o.s.w.s.r.PathResourceResolver - Resolved resource path contains encoded "../" or "..\": file:/Volumes/work/aiguoxin/spring-framework/spring-webmvc/build/resources/test/org/springframework/web/servlet/resource/test/%2e%2e/testsecret/secret.txt
14:08:42.040 [Test worker] WARN  o.s.w.s.r.PathResourceResolver - Resource path "/%2e%2e/testsecret/secret.txt" was successfully resolved but resource "file:/Volumes/work/aiguoxin/spring-framework/spring-webmvc/build/resources/test/org/springframework/web/servlet/resource/test/%2e%2e/testsecret/secret.txt" is neither under the current location "file:/Volumes/work/aiguoxin/spring-framework/spring-webmvc/build/resources/test/org/springframework/web/servlet/resource/test/" nor under any of the allowed locations []
14:08:42.040 [Test worker] WARN  o.s.w.s.r.PathResourceResolver - Resource path " /Volumes/work/aiguoxin/spring-framework/spring-webmvc/build/resources/test/org/springframework/web/servlet/resource/testsecret/secret.txt" was successfully resolved but resource "file:/Volumes/work/aiguoxin/spring-framework/spring-webmvc/build/resources/test/org/springframework/web/servlet/resource/testsecret/secret.txt" is neither under the current location "file:/Volumes/work/aiguoxin/spring-framework/spring-webmvc/build/resources/test/org/springframework/web/servlet/resource/test/" nor under any of the allowed locations []
14:08:42.040 [Test worker] WARN  o.s.w.s.r.PathResourceResolver - Resource path "/  /Volumes/work/aiguoxin/spring-framework/spring-webmvc/build/resources/test/org/springframework/web/servlet/resource/testsecret/secret.txt" was successfully resolved but resource "file:/Volumes/work/aiguoxin/spring-framework/spring-webmvc/build/resources/test/org/springframework/web/servlet/resource/testsecret/secret.txt" is neither under the current location "file:/Volumes/work/aiguoxin/spring-framework/spring-webmvc/build/resources/test/org/springframework/web/servlet/resource/test/" nor under any of the allowed locations []
14:08:42.040 [Test worker] WARN  o.s.w.s.r.PathResourceResolver - Resource path "url:/Volumes/work/aiguoxin/spring-framework/spring-webmvc/build/resources/test/org/springframework/web/servlet/resource/testsecret/secret.txt" was successfully resolved but resource "file:/Volumes/work/aiguoxin/spring-framework/spring-webmvc/build/resources/test/org/springframework/web/servlet/resource/testsecret/secret.txt" is neither under the current location "file:/Volumes/work/aiguoxin/spring-framework/spring-webmvc/build/resources/test/org/springframework/web/servlet/resource/test/" nor under any of the allowed locations []
]]></system-out>
  <system-err><![CDATA[]]></system-err>
</testsuite>
