<?xml version="1.0" encoding="UTF-8"?>
<testsuite name="org.springframework.web.servlet.HandlerExecutionChainTests" tests="6" skipped="0" failures="0" errors="0" timestamp="2020-06-22T06:08:05" hostname="aiguoxindeMacBook-Pro.local" time="0.156">
  <properties/>
  <testcase name="exceptionBeforePreHandle()" classname="org.springframework.web.servlet.HandlerExecutionChainTests" time="0.016"/>
  <testcase name="successAsyncScenario()" classname="org.springframework.web.servlet.HandlerExecutionChainTests" time="0.004"/>
  <testcase name="successScenario()" classname="org.springframework.web.servlet.HandlerExecutionChainTests" time="0.003"/>
  <testcase name="exceptionDuringPreHandle()" classname="org.springframework.web.servlet.HandlerExecutionChainTests" time="0.127"/>
  <testcase name="earlyExitInPreHandle()" classname="org.springframework.web.servlet.HandlerExecutionChainTests" time="0.002"/>
  <testcase name="exceptionAfterPreHandle()" classname="org.springframework.web.servlet.HandlerExecutionChainTests" time="0.002"/>
  <system-out><![CDATA[]]></system-out>
  <system-err><![CDATA[]]></system-err>
</testsuite>
