<?xml version="1.0" encoding="UTF-8"?>
<testsuite name="org.springframework.web.context.XmlWebApplicationContextTests" tests="42" skipped="0" failures="0" errors="0" timestamp="2020-06-22T06:07:04" hostname="aiguoxindeMacBook-Pro.local" time="4.935">
  <properties/>
  <testcase name="factoryIsInitialized()" classname="org.springframework.web.context.XmlWebApplicationContextTests" time="0.144"/>
  <testcase name="inheritance()" classname="org.springframework.web.context.XmlWebApplicationContextTests" time="0.194"/>
  <testcase name="factorySingleton()" classname="org.springframework.web.context.XmlWebApplicationContextTests" time="0.197"/>
  <testcase name="getSharedInstanceByMatchingClassNoCatch()" classname="org.springframework.web.context.XmlWebApplicationContextTests" time="0.119"/>
  <testcase name="getSharedInstanceByMatchingClass()" classname="org.springframework.web.context.XmlWebApplicationContextTests" time="0.116"/>
  <testcase name="getSharedInstanceByNonmatchingClass()" classname="org.springframework.web.context.XmlWebApplicationContextTests" time="0.143"/>
  <testcase name="prototypeInstancesAreIndependent()" classname="org.springframework.web.context.XmlWebApplicationContextTests" time="0.12"/>
  <testcase name="factoryPrototype()" classname="org.springframework.web.context.XmlWebApplicationContextTests" time="0.101"/>
  <testcase name="lifecycleCallbacks()" classname="org.springframework.web.context.XmlWebApplicationContextTests" time="0.075"/>
  <testcase name="typeMismatch()" classname="org.springframework.web.context.XmlWebApplicationContextTests" time="0.238"/>
  <testcase name="grandparentDefinitionFoundInBeanFactory()" classname="org.springframework.web.context.XmlWebApplicationContextTests" time="0.224"/>
  <testcase name="validEmpty()" classname="org.springframework.web.context.XmlWebApplicationContextTests" time="0.151"/>
  <testcase name="findsValidInstance()" classname="org.springframework.web.context.XmlWebApplicationContextTests" time="0.279"/>
  <testcase name="getFactoryItself()" classname="org.springframework.web.context.XmlWebApplicationContextTests" time="0.143"/>
  <testcase name="getInstanceByMatchingClass()" classname="org.springframework.web.context.XmlWebApplicationContextTests" time="0.177"/>
  <testcase name="getInstanceByNonmatchingClass()" classname="org.springframework.web.context.XmlWebApplicationContextTests" time="0.109"/>
  <testcase name="getBeanWithNullArg()" classname="org.springframework.web.context.XmlWebApplicationContextTests" time="0.104"/>
  <testcase name="rejectsFactoryGetOnNormalBean()" classname="org.springframework.web.context.XmlWebApplicationContextTests" time="0.097"/>
  <testcase name="sharedInstancesAreEqual()" classname="org.springframework.web.context.XmlWebApplicationContextTests" time="0.119"/>
  <testcase name="notThere()" classname="org.springframework.web.context.XmlWebApplicationContextTests" time="0.121"/>
  <testcase name="aliasing()" classname="org.springframework.web.context.XmlWebApplicationContextTests" time="0.065"/>
  <testcase name="initializingBeanCallback()" classname="org.springframework.web.context.XmlWebApplicationContextTests" time="0.125"/>
  <testcase name="containsBeanDefinition()" classname="org.springframework.web.context.XmlWebApplicationContextTests" time="0.085"/>
  <testcase name="getDefinitionsForNoSuchClass()" classname="org.springframework.web.context.XmlWebApplicationContextTests" time="0.113"/>
  <testcase name="getCountForFactoryClass()" classname="org.springframework.web.context.XmlWebApplicationContextTests" time="0.096"/>
  <testcase name="closeTriggersDestroy()" classname="org.springframework.web.context.XmlWebApplicationContextTests" time="0.097"/>
  <testcase name="grandparentNull()" classname="org.springframework.web.context.XmlWebApplicationContextTests" time="0.078"/>
  <testcase name="eventsWithNoSource()" classname="org.springframework.web.context.XmlWebApplicationContextTests" time="0.081"/>
  <testcase name="parentNonNull()" classname="org.springframework.web.context.XmlWebApplicationContextTests" time="0.09"/>
  <testcase name="grandparentDefinitionFound()" classname="org.springframework.web.context.XmlWebApplicationContextTests" time="0.086"/>
  <testcase name="messageSource()" classname="org.springframework.web.context.XmlWebApplicationContextTests" time="0.11"/>
  <testcase name="events()" classname="org.springframework.web.context.XmlWebApplicationContextTests" time="0.082"/>
  <testcase name="contextAwareSingletonWasCalledBack()" classname="org.springframework.web.context.XmlWebApplicationContextTests" time="0.078"/>
  <testcase name="contextAwarePrototypeWasCalledBack()" classname="org.springframework.web.context.XmlWebApplicationContextTests" time="0.078"/>
  <testcase name="overrideWorked()" classname="org.springframework.web.context.XmlWebApplicationContextTests" time="0.076"/>
  <testcase name="beanAutomaticallyHearsEvents()" classname="org.springframework.web.context.XmlWebApplicationContextTests" time="0.058"/>
  <testcase name="grandparentTypedDefinitionFound()" classname="org.springframework.web.context.XmlWebApplicationContextTests" time="0.082"/>
  <testcase name="initializingBeanAndInitMethod()" classname="org.springframework.web.context.XmlWebApplicationContextTests" time="0.086"/>
  <testcase name="withoutMessageSource()" classname="org.springframework.web.context.XmlWebApplicationContextTests" time="0.086"/>
  <testcase name="count()" classname="org.springframework.web.context.XmlWebApplicationContextTests" time="0.058"/>
  <testcase name="environmentMerge()" classname="org.springframework.web.context.XmlWebApplicationContextTests" time="0.104"/>
  <testcase name="contextNesting()" classname="org.springframework.web.context.XmlWebApplicationContextTests" time="0.051"/>
  <system-out><![CDATA[]]></system-out>
  <system-err><![CDATA[]]></system-err>
</testsuite>
