<?xml version="1.0" encoding="UTF-8"?>
<testsuite name="org.springframework.web.servlet.mvc.method.annotation.ModelAndViewResolverMethodReturnValueHandlerTests" tests="5" skipped="0" failures="0" errors="0" timestamp="2020-06-22T06:08:13" hostname="aiguoxindeMacBook-Pro.local" time="0.012">
  <properties/>
  <testcase name="handleNonSimpleType()" classname="org.springframework.web.servlet.mvc.method.annotation.ModelAndViewResolverMethodReturnValueHandlerTests" time="0.002"/>
  <testcase name="handleSimpleType()" classname="org.springframework.web.servlet.mvc.method.annotation.ModelAndViewResolverMethodReturnValueHandlerTests" time="0.001"/>
  <testcase name="modelAndViewResolverUnresolved()" classname="org.springframework.web.servlet.mvc.method.annotation.ModelAndViewResolverMethodReturnValueHandlerTests" time="0.002"/>
  <testcase name="handleNull()" classname="org.springframework.web.servlet.mvc.method.annotation.ModelAndViewResolverMethodReturnValueHandlerTests" time="0.005"/>
  <testcase name="modelAndViewResolver()" classname="org.springframework.web.servlet.mvc.method.annotation.ModelAndViewResolverMethodReturnValueHandlerTests" time="0.0"/>
  <system-out><![CDATA[]]></system-out>
  <system-err><![CDATA[]]></system-err>
</testsuite>
