<?xml version="1.0" encoding="UTF-8"?>
<testsuite name="org.springframework.web.servlet.handler.SimpleUrlHandlerMappingTests" tests="5" skipped="0" failures="0" errors="0" timestamp="2020-06-22T06:08:05" hostname="aiguoxindeMacBook-Pro.local" time="0.331">
  <properties/>
  <testcase name="checkMappings(String)[1]" classname="org.springframework.web.servlet.handler.SimpleUrlHandlerMappingTests" time="0.021"/>
  <testcase name="checkMappings(String)[2]" classname="org.springframework.web.servlet.handler.SimpleUrlHandlerMappingTests" time="0.187"/>
  <testcase name="checkMappings(String)[3]" classname="org.springframework.web.servlet.handler.SimpleUrlHandlerMappingTests" time="0.035"/>
  <testcase name="testNewlineInRequest()" classname="org.springframework.web.servlet.handler.SimpleUrlHandlerMappingTests" time="0.001"/>
  <testcase name="handlerBeanNotFound()" classname="org.springframework.web.servlet.handler.SimpleUrlHandlerMappingTests" time="0.058"/>
  <system-out><![CDATA[]]></system-out>
  <system-err><![CDATA[]]></system-err>
</testsuite>
