<?xml version="1.0" encoding="UTF-8"?>
<testsuite name="org.springframework.web.servlet.handler.HandlerMappingIntrospectorTests" tests="7" skipped="0" failures="0" errors="0" timestamp="2020-06-22T06:08:03" hostname="aiguoxindeMacBook-Pro.local" time="0.202">
  <properties/>
  <testcase name="getMatchableWhereHandlerMappingDoesNotImplementMatchableInterface()" classname="org.springframework.web.servlet.handler.HandlerMappingIntrospectorTests" time="0.057"/>
  <testcase name="getCorsConfigurationPreFlight()" classname="org.springframework.web.servlet.handler.HandlerMappingIntrospectorTests" time="0.127"/>
  <testcase name="detectHandlerMappings()" classname="org.springframework.web.servlet.handler.HandlerMappingIntrospectorTests" time="0.002"/>
  <testcase name="getMatchable(boolean)[1]" classname="org.springframework.web.servlet.handler.HandlerMappingIntrospectorTests" time="0.002"/>
  <testcase name="getMatchable(boolean)[2]" classname="org.springframework.web.servlet.handler.HandlerMappingIntrospectorTests" time="0.001"/>
  <testcase name="detectHandlerMappingsOrdered()" classname="org.springframework.web.servlet.handler.HandlerMappingIntrospectorTests" time="0.003"/>
  <testcase name="getCorsConfigurationActual()" classname="org.springframework.web.servlet.handler.HandlerMappingIntrospectorTests" time="0.008"/>
  <system-out><![CDATA[]]></system-out>
  <system-err><![CDATA[]]></system-err>
</testsuite>
