<?xml version="1.0" encoding="UTF-8"?>
<testsuite name="org.springframework.web.servlet.tags.form.InputTagTests" tests="14" skipped="0" failures="0" errors="0" timestamp="2020-06-22T06:08:48" hostname="aiguoxindeMacBook-Pro.local" time="0.112">
  <properties/>
  <testcase name="dynamicTypeCheckboxAttribute()" classname="org.springframework.web.servlet.tags.form.InputTagTests" time="0.011"/>
  <testcase name="simpleBind()" classname="org.springframework.web.servlet.tags.form.InputTagTests" time="0.006"/>
  <testcase name="withAllAttributes()" classname="org.springframework.web.servlet.tags.form.InputTagTests" time="0.009"/>
  <testcase name="dynamicTypeAttribute()" classname="org.springframework.web.servlet.tags.form.InputTagTests" time="0.01"/>
  <testcase name="simpleBindTagWithinForm()" classname="org.springframework.web.servlet.tags.form.InputTagTests" time="0.005"/>
  <testcase name="disabledFalse()" classname="org.springframework.web.servlet.tags.form.InputTagTests" time="0.003"/>
  <testcase name="readOnlyAttributeRenderingWhenReadonlyIsTrue()" classname="org.springframework.web.servlet.tags.form.InputTagTests" time="0.011"/>
  <testcase name="withCustomBinder()" classname="org.springframework.web.servlet.tags.form.InputTagTests" time="0.004"/>
  <testcase name="simpleBindWithHtmlEscaping()" classname="org.springframework.web.servlet.tags.form.InputTagTests" time="0.004"/>
  <testcase name="withNestedBind()" classname="org.springframework.web.servlet.tags.form.InputTagTests" time="0.003"/>
  <testcase name="complexBind()" classname="org.springframework.web.servlet.tags.form.InputTagTests" time="0.015"/>
  <testcase name="withNestedBindTagWithinForm()" classname="org.springframework.web.servlet.tags.form.InputTagTests" time="0.006"/>
  <testcase name="withErrors()" classname="org.springframework.web.servlet.tags.form.InputTagTests" time="0.005"/>
  <testcase name="dynamicTypeRadioAttribute()" classname="org.springframework.web.servlet.tags.form.InputTagTests" time="0.014"/>
  <system-out><![CDATA[]]></system-out>
  <system-err><![CDATA[]]></system-err>
</testsuite>
