<?xml version="1.0" encoding="UTF-8"?>
<testsuite name="org.springframework.web.servlet.tags.form.ErrorsTagTests" tests="20" skipped="0" failures="0" errors="0" timestamp="2020-06-22T06:08:48" hostname="aiguoxindeMacBook-Pro.local" time="0.206">
  <properties/>
  <testcase name="withErrorsAndCustomElement()" classname="org.springframework.web.servlet.tags.form.ErrorsTagTests" time="0.021"/>
  <testcase name="withExplicitNonWhitespaceBodyContent()" classname="org.springframework.web.servlet.tags.form.ErrorsTagTests" time="0.026"/>
  <testcase name="omittedPathMatchesObjectErrorsOnly()" classname="org.springframework.web.servlet.tags.form.ErrorsTagTests" time="0.01"/>
  <testcase name="withExplicitEmptyWhitespaceBodyContent()" classname="org.springframework.web.servlet.tags.form.ErrorsTagTests" time="0.004"/>
  <testcase name="withoutErrors()" classname="org.springframework.web.servlet.tags.form.ErrorsTagTests" time="0.011"/>
  <testcase name="asBodyTagWithNoErrorsAndExistingMessagesAttributeInPageScopeAreNotClobbered()" classname="org.springframework.web.servlet.tags.form.ErrorsTagTests" time="0.003"/>
  <testcase name="starMatchesAllErrors()" classname="org.springframework.web.servlet.tags.form.ErrorsTagTests" time="0.008"/>
  <testcase name="asBodyTagWithErrorsAndExistingMessagesAttributeInNonPageScopeAreNotClobbered()" classname="org.springframework.web.servlet.tags.form.ErrorsTagTests" time="0.01"/>
  <testcase name="withErrorsAndDynamicAttributes()" classname="org.springframework.web.servlet.tags.form.ErrorsTagTests" time="0.01"/>
  <testcase name="specificPathMatchesSpecificFieldOnly()" classname="org.springframework.web.servlet.tags.form.ErrorsTagTests" time="0.004"/>
  <testcase name="withExplicitWhitespaceBodyContent()" classname="org.springframework.web.servlet.tags.form.ErrorsTagTests" time="0.006"/>
  <testcase name="asBodyTag()" classname="org.springframework.web.servlet.tags.form.ErrorsTagTests" time="0.004"/>
  <testcase name="asBodyTagWithNoErrorsAndExistingMessagesAttributeInRequestScopeAreNotClobbered()" classname="org.springframework.web.servlet.tags.form.ErrorsTagTests" time="0.022"/>
  <testcase name="withoutErrorsInstance()" classname="org.springframework.web.servlet.tags.form.ErrorsTagTests" time="0.004"/>
  <testcase name="asBodyTagWithExistingMessagesAttribute()" classname="org.springframework.web.servlet.tags.form.ErrorsTagTests" time="0.004"/>
  <testcase name="asBodyTagWithNoErrorsAndExistingMessagesAttributeInSessionScopeAreNotClobbered()" classname="org.springframework.web.servlet.tags.form.ErrorsTagTests" time="0.004"/>
  <testcase name="withEscapedErrors()" classname="org.springframework.web.servlet.tags.form.ErrorsTagTests" time="0.004"/>
  <testcase name="withErrors()" classname="org.springframework.web.servlet.tags.form.ErrorsTagTests" time="0.013"/>
  <testcase name="asBodyTagWithNoErrorsAndExistingMessagesAttributeInApplicationScopeAreNotClobbered()" classname="org.springframework.web.servlet.tags.form.ErrorsTagTests" time="0.008"/>
  <testcase name="withNonEscapedErrors()" classname="org.springframework.web.servlet.tags.form.ErrorsTagTests" time="0.019"/>
  <system-out><![CDATA[]]></system-out>
  <system-err><![CDATA[]]></system-err>
</testsuite>
