<?xml version="1.0" encoding="UTF-8"?>
<testsuite name="org.springframework.web.servlet.view.freemarker.FreeMarkerConfigurerTests" tests="3" skipped="0" failures="0" errors="0" timestamp="2020-06-22T06:08:59" hostname="aiguoxindeMacBook-Pro.local" time="0.009">
  <properties/>
  <testcase name="freeMarkerConfigurerWithResourceLoaderPath()" classname="org.springframework.web.servlet.view.freemarker.FreeMarkerConfigurerTests" time="0.002"/>
  <testcase name="freeMarkerConfigurerWithConfigLocation()" classname="org.springframework.web.servlet.view.freemarker.FreeMarkerConfigurerTests" time="0.004"/>
  <testcase name="freeMarkerConfigurerWithNonFileResourceLoaderPath()" classname="org.springframework.web.servlet.view.freemarker.FreeMarkerConfigurerTests" time="0.003"/>
  <system-out><![CDATA[]]></system-out>
  <system-err><![CDATA[]]></system-err>
</testsuite>
