<?xml version="1.0" encoding="UTF-8"?>
<testsuite name="org.springframework.web.servlet.config.annotation.CorsRegistryTests" tests="3" skipped="0" failures="0" errors="0" timestamp="2020-06-22T06:07:09" hostname="aiguoxindeMacBook-Pro.local" time="0.005">
  <properties/>
  <testcase name="customizedMapping()" classname="org.springframework.web.servlet.config.annotation.CorsRegistryTests" time="0.003"/>
  <testcase name="noMapping()" classname="org.springframework.web.servlet.config.annotation.CorsRegistryTests" time="0.0"/>
  <testcase name="multipleMappings()" classname="org.springframework.web.servlet.config.annotation.CorsRegistryTests" time="0.001"/>
  <system-out><![CDATA[]]></system-out>
  <system-err><![CDATA[]]></system-err>
</testsuite>
