<?xml version="1.0" encoding="UTF-8"?>
<testsuite name="org.springframework.web.servlet.resource.AppCacheManifestTransformerTests" tests="3" skipped="0" failures="0" errors="0" timestamp="2020-06-22T06:08:41" hostname="aiguoxindeMacBook-Pro.local" time="0.059">
  <properties/>
  <testcase name="noTransformIfExtensionDoesNotMatch()" classname="org.springframework.web.servlet.resource.AppCacheManifestTransformerTests" time="0.001"/>
  <testcase name="transformManifest()" classname="org.springframework.web.servlet.resource.AppCacheManifestTransformerTests" time="0.056"/>
  <testcase name="syntaxErrorInManifest()" classname="org.springframework.web.servlet.resource.AppCacheManifestTransformerTests" time="0.001"/>
  <system-out><![CDATA[]]></system-out>
  <system-err><![CDATA[]]></system-err>
</testsuite>
