<?xml version="1.0" encoding="UTF-8"?>
<testsuite name="org.springframework.web.servlet.view.script.NashornScriptTemplateTests" tests="2" skipped="0" failures="0" errors="0" timestamp="2020-06-22T06:09:18" hostname="aiguoxindeMacBook-Pro.local" time="0.7">
  <properties/>
  <testcase name="renderTemplateWithUrl()" classname="org.springframework.web.servlet.view.script.NashornScriptTemplateTests" time="0.668"/>
  <testcase name="renderTemplate()" classname="org.springframework.web.servlet.view.script.NashornScriptTemplateTests" time="0.031"/>
  <system-out><![CDATA[]]></system-out>
  <system-err><![CDATA[]]></system-err>
</testsuite>
