<?xml version="1.0" encoding="UTF-8"?>
<testsuite name="org.springframework.web.servlet.view.ResourceBundleViewResolverNoCacheTests" tests="8" skipped="1" failures="0" errors="0" timestamp="2020-06-22T06:09:02" hostname="aiguoxindeMacBook-Pro.local" time="0.035">
  <properties/>
  <testcase name="parentsAreAbstract()" classname="org.springframework.web.servlet.view.ResourceBundleViewResolverNoCacheTests" time="0.008"/>
  <testcase name="debugViewFrench()" classname="org.springframework.web.servlet.view.ResourceBundleViewResolverNoCacheTests" time="0.003"/>
  <testcase name="onSetContextCalledOnce()" classname="org.springframework.web.servlet.view.ResourceBundleViewResolverNoCacheTests" time="0.003"/>
  <testcase name="debugViewEnglish()" classname="org.springframework.web.servlet.view.ResourceBundleViewResolverNoCacheTests" time="0.002"/>
  <testcase name="sameBundleOnlyCachedOnce()" classname="org.springframework.web.servlet.view.ResourceBundleViewResolverNoCacheTests" time="0.006">
    <skipped/>
  </testcase>
  <testcase name="noSuchViewEnglish()" classname="org.springframework.web.servlet.view.ResourceBundleViewResolverNoCacheTests" time="0.001"/>
  <testcase name="noSuchBasename()" classname="org.springframework.web.servlet.view.ResourceBundleViewResolverNoCacheTests" time="0.009"/>
  <testcase name="eagerInitialization()" classname="org.springframework.web.servlet.view.ResourceBundleViewResolverNoCacheTests" time="0.001"/>
  <system-out><![CDATA[]]></system-out>
  <system-err><![CDATA[]]></system-err>
</testsuite>
