<?xml version="1.0" encoding="UTF-8"?>
<testsuite name="org.springframework.core.env.EnvironmentSystemIntegrationTests" tests="30" skipped="0" failures="0" errors="0" timestamp="2020-06-22T06:06:09" hostname="aiguoxindeMacBook-Pro.local" time="0.382">
  <properties/>
  <testcase name="annotatedBeanDefinitionReader_inheritsEnvironmentFromEnvironmentCapableBDR()" classname="org.springframework.core.env.EnvironmentSystemIntegrationTests" time="0.087"/>
  <testcase name="annotationConfigApplicationContext_withProfileExpressionMatchOr()" classname="org.springframework.core.env.EnvironmentSystemIntegrationTests" time="0.011"/>
  <testcase name="annotationConfigApplicationContext_withProdEnvAndDevConfigClass()" classname="org.springframework.core.env.EnvironmentSystemIntegrationTests" time="0.004"/>
  <testcase name="annotationConfigWebApplicationContext()" classname="org.springframework.core.env.EnvironmentSystemIntegrationTests" time="0.005"/>
  <testcase name="genericXmlApplicationContext()" classname="org.springframework.core.env.EnvironmentSystemIntegrationTests" time="0.026"/>
  <testcase name="xmlWebApplicationContext()" classname="org.springframework.core.env.EnvironmentSystemIntegrationTests" time="0.023"/>
  <testcase name="mostSpecificDerivedClassDrivesEnvironment_withDevEnvAndDerivedDevConfigClass()" classname="org.springframework.core.env.EnvironmentSystemIntegrationTests" time="0.004"/>
  <testcase name="webApplicationContext()" classname="org.springframework.core.env.EnvironmentSystemIntegrationTests" time="0.002"/>
  <testcase name="staticApplicationContext()" classname="org.springframework.core.env.EnvironmentSystemIntegrationTests" time="0.003"/>
  <testcase name="abstractApplicationContextValidatesRequiredPropertiesOnRefresh()" classname="org.springframework.core.env.EnvironmentSystemIntegrationTests" time="0.007"/>
  <testcase name="resourceAdapterApplicationContext()" classname="org.springframework.core.env.EnvironmentSystemIntegrationTests" time="0.007"/>
  <testcase name="genericApplicationContext_standardEnv()" classname="org.springframework.core.env.EnvironmentSystemIntegrationTests" time="0.001"/>
  <testcase name="xmlBeanDefinitionReader_inheritsEnvironmentFromEnvironmentCapableBDR()" classname="org.springframework.core.env.EnvironmentSystemIntegrationTests" time="0.026"/>
  <testcase name="annotationConfigApplicationContext_withImportedConfigClasses()" classname="org.springframework.core.env.EnvironmentSystemIntegrationTests" time="0.006"/>
  <testcase name="annotationConfigApplicationContext_withProdEnvAndProdConfigClass()" classname="org.springframework.core.env.EnvironmentSystemIntegrationTests" time="0.005"/>
  <testcase name="mostSpecificDerivedClassDrivesEnvironment_withDerivedDevEnvAndDerivedDevConfigClass()" classname="org.springframework.core.env.EnvironmentSystemIntegrationTests" time="0.014"/>
  <testcase name="classPathXmlApplicationContext()" classname="org.springframework.core.env.EnvironmentSystemIntegrationTests" time="0.045"/>
  <testcase name="genericApplicationContext_customEnv()" classname="org.springframework.core.env.EnvironmentSystemIntegrationTests" time="0.001"/>
  <testcase name="fileSystemXmlApplicationContext()" classname="org.springframework.core.env.EnvironmentSystemIntegrationTests" time="0.032"/>
  <testcase name="classPathBeanDefinitionScanner_inheritsEnvironmentFromEnvironmentCapableBDR_scanProfileAnnotatedConfigClasses()" classname="org.springframework.core.env.EnvironmentSystemIntegrationTests" time="0.016"/>
  <testcase name="annotationConfigApplicationContext_withProfileExpressionNoMatchNone()" classname="org.springframework.core.env.EnvironmentSystemIntegrationTests" time="0.003"/>
  <testcase name="registerServletParamPropertySources_AbstractRefreshableWebApplicationContext()" classname="org.springframework.core.env.EnvironmentSystemIntegrationTests" time="0.006"/>
  <testcase name="registerServletParamPropertySources_GenericWebApplicationContext()" classname="org.springframework.core.env.EnvironmentSystemIntegrationTests" time="0.001"/>
  <testcase name="annotationConfigApplicationContext_withProfileExpressionMatchAnd()" classname="org.springframework.core.env.EnvironmentSystemIntegrationTests" time="0.006"/>
  <testcase name="classPathBeanDefinitionScanner_inheritsEnvironmentFromEnvironmentCapableBDR_scanProfileAnnotatedComponents()" classname="org.springframework.core.env.EnvironmentSystemIntegrationTests" time="0.006"/>
  <testcase name="annotationConfigApplicationContext_withPojos()" classname="org.springframework.core.env.EnvironmentSystemIntegrationTests" time="0.003"/>
  <testcase name="annotationConfigApplicationContext_withDevEnvAndDevConfigClass()" classname="org.springframework.core.env.EnvironmentSystemIntegrationTests" time="0.008"/>
  <testcase name="annotationConfigApplicationContext_withProfileExpressionNoMatchAnd()" classname="org.springframework.core.env.EnvironmentSystemIntegrationTests" time="0.003"/>
  <testcase name="registerServletParamPropertySources_StaticWebApplicationContext()" classname="org.springframework.core.env.EnvironmentSystemIntegrationTests" time="0.002"/>
  <testcase name="staticWebApplicationContext()" classname="org.springframework.core.env.EnvironmentSystemIntegrationTests" time="0.001"/>
  <system-out><![CDATA[14:06:09.224 [Test worker] DEBUG o.s.c.e.StandardEnvironment - Activating profiles [prod]
14:06:09.224 [Test worker] DEBUG o.s.c.e.StandardEnvironment - Activating profiles [dev]
14:06:09.224 [Test worker] DEBUG o.s.w.c.s.StandardServletEnvironment - Activating profiles [prod]
14:06:09.225 [Test worker] DEBUG o.s.c.s.GenericApplicationContext - Refreshing org.springframework.context.support.GenericApplicationContext@48741b1b
14:06:09.225 [Test worker] DEBUG o.s.b.f.s.DefaultListableBeanFactory - Creating shared instance of singleton bean 'org.springframework.context.annotation.internalConfigurationAnnotationProcessor'
14:06:09.239 [Test worker] DEBUG o.s.b.f.s.DefaultListableBeanFactory - Creating shared instance of singleton bean 'org.springframework.context.event.internalEventListenerProcessor'
14:06:09.239 [Test worker] DEBUG o.s.b.f.s.DefaultListableBeanFactory - Creating shared instance of singleton bean 'org.springframework.context.event.internalEventListenerFactory'
14:06:09.240 [Test worker] DEBUG o.s.b.f.s.DefaultListableBeanFactory - Creating shared instance of singleton bean 'org.springframework.context.annotation.internalAutowiredAnnotationProcessor'
14:06:09.240 [Test worker] DEBUG o.s.b.f.s.DefaultListableBeanFactory - Creating shared instance of singleton bean 'org.springframework.context.annotation.internalCommonAnnotationProcessor'
14:06:09.240 [Test worker] DEBUG o.s.b.f.s.DefaultListableBeanFactory - Creating shared instance of singleton bean 'org.springframework.context.annotation.internalPersistenceAnnotationProcessor'
14:06:09.240 [Test worker] DEBUG o.s.b.f.s.DefaultListableBeanFactory - Creating shared instance of singleton bean 'environmentSystemIntegrationTests.Config'
14:06:09.240 [Test worker] DEBUG o.s.b.f.s.DefaultListableBeanFactory - Creating shared instance of singleton bean 'org.springframework.core.env.EnvironmentSystemIntegrationTests$ProdConfig'
14:06:09.241 [Test worker] DEBUG o.s.b.f.s.DefaultListableBeanFactory - Creating shared instance of singleton bean 'prodBean'
14:06:09.243 [Test worker] DEBUG o.s.b.f.s.DefaultListableBeanFactory - Creating shared instance of singleton bean 'envAwareBean'
14:06:09.312 [Test worker] DEBUG o.s.c.e.StandardEnvironment - Activating profiles [prod]
14:06:09.312 [Test worker] DEBUG o.s.c.e.StandardEnvironment - Activating profiles [dev]
14:06:09.312 [Test worker] DEBUG o.s.w.c.s.StandardServletEnvironment - Activating profiles [prod]
14:06:09.313 [Test worker] DEBUG o.s.c.e.StandardEnvironment - Activating profiles [p3]
14:06:09.315 [Test worker] DEBUG o.s.c.a.AnnotationConfigApplicationContext - Refreshing org.springframework.context.annotation.AnnotationConfigApplicationContext@1e337b28
14:06:09.316 [Test worker] DEBUG o.s.b.f.s.DefaultListableBeanFactory - Creating shared instance of singleton bean 'org.springframework.context.annotation.internalConfigurationAnnotationProcessor'
14:06:09.319 [Test worker] DEBUG o.s.b.f.s.DefaultListableBeanFactory - Creating shared instance of singleton bean 'org.springframework.context.event.internalEventListenerProcessor'
14:06:09.319 [Test worker] DEBUG o.s.b.f.s.DefaultListableBeanFactory - Creating shared instance of singleton bean 'org.springframework.context.event.internalEventListenerFactory'
14:06:09.319 [Test worker] DEBUG o.s.b.f.s.DefaultListableBeanFactory - Creating shared instance of singleton bean 'org.springframework.context.annotation.internalAutowiredAnnotationProcessor'
14:06:09.319 [Test worker] DEBUG o.s.b.f.s.DefaultListableBeanFactory - Creating shared instance of singleton bean 'org.springframework.context.annotation.internalCommonAnnotationProcessor'
14:06:09.319 [Test worker] DEBUG o.s.b.f.s.DefaultListableBeanFactory - Creating shared instance of singleton bean 'org.springframework.context.annotation.internalPersistenceAnnotationProcessor'
14:06:09.320 [Test worker] DEBUG o.s.b.f.s.DefaultListableBeanFactory - Creating shared instance of singleton bean 'environmentSystemIntegrationTests.ProfileExpressionConfig'
14:06:09.320 [Test worker] DEBUG o.s.b.f.s.DefaultListableBeanFactory - Creating shared instance of singleton bean 'expressionBean'
14:06:09.323 [Test worker] DEBUG o.s.c.e.StandardEnvironment - Activating profiles [prod]
14:06:09.323 [Test worker] DEBUG o.s.c.e.StandardEnvironment - Activating profiles [dev]
14:06:09.324 [Test worker] DEBUG o.s.w.c.s.StandardServletEnvironment - Activating profiles [prod]
14:06:09.325 [Test worker] DEBUG o.s.c.a.AnnotationConfigApplicationContext - Refreshing org.springframework.context.annotation.AnnotationConfigApplicationContext@c5aa3c7
14:06:09.325 [Test worker] DEBUG o.s.b.f.s.DefaultListableBeanFactory - Creating shared instance of singleton bean 'org.springframework.context.annotation.internalConfigurationAnnotationProcessor'
14:06:09.326 [Test worker] DEBUG o.s.b.f.s.DefaultListableBeanFactory - Creating shared instance of singleton bean 'org.springframework.context.event.internalEventListenerProcessor'
14:06:09.326 [Test worker] DEBUG o.s.b.f.s.DefaultListableBeanFactory - Creating shared instance of singleton bean 'org.springframework.context.event.internalEventListenerFactory'
14:06:09.326 [Test worker] DEBUG o.s.b.f.s.DefaultListableBeanFactory - Creating shared instance of singleton bean 'org.springframework.context.annotation.internalAutowiredAnnotationProcessor'
14:06:09.326 [Test worker] DEBUG o.s.b.f.s.DefaultListableBeanFactory - Creating shared instance of singleton bean 'org.springframework.context.annotation.internalCommonAnnotationProcessor'
14:06:09.326 [Test worker] DEBUG o.s.b.f.s.DefaultListableBeanFactory - Creating shared instance of singleton bean 'org.springframework.context.annotation.internalPersistenceAnnotationProcessor'
14:06:09.327 [Test worker] DEBUG o.s.c.e.StandardEnvironment - Activating profiles [prod]
14:06:09.327 [Test worker] DEBUG o.s.c.e.StandardEnvironment - Activating profiles [dev]
14:06:09.327 [Test worker] DEBUG o.s.w.c.s.StandardServletEnvironment - Activating profiles [prod]
14:06:09.328 [Test worker] DEBUG o.s.w.c.s.AnnotationConfigWebApplicationContext - Refreshing Root WebApplicationContext
14:06:09.330 [Test worker] DEBUG o.s.b.f.s.DefaultListableBeanFactory - Creating shared instance of singleton bean 'org.springframework.context.annotation.internalConfigurationAnnotationProcessor'
14:06:09.330 [Test worker] DEBUG o.s.b.f.s.DefaultListableBeanFactory - Creating shared instance of singleton bean 'org.springframework.context.event.internalEventListenerProcessor'
14:06:09.330 [Test worker] DEBUG o.s.b.f.s.DefaultListableBeanFactory - Creating shared instance of singleton bean 'org.springframework.context.event.internalEventListenerFactory'
14:06:09.330 [Test worker] DEBUG o.s.b.f.s.DefaultListableBeanFactory - Creating shared instance of singleton bean 'org.springframework.context.annotation.internalAutowiredAnnotationProcessor'
14:06:09.330 [Test worker] DEBUG o.s.b.f.s.DefaultListableBeanFactory - Creating shared instance of singleton bean 'org.springframework.context.annotation.internalCommonAnnotationProcessor'
14:06:09.331 [Test worker] DEBUG o.s.b.f.s.DefaultListableBeanFactory - Creating shared instance of singleton bean 'org.springframework.context.annotation.internalPersistenceAnnotationProcessor'
14:06:09.331 [Test worker] DEBUG o.s.u.c.s.UiApplicationContextUtils - Unable to locate ThemeSource with name 'themeSource': using default [org.springframework.ui.context.support.ResourceBundleThemeSource@1a9c8f6a]
14:06:09.331 [Test worker] DEBUG o.s.b.f.s.DefaultListableBeanFactory - Creating shared instance of singleton bean 'environmentSystemIntegrationTests.EnvironmentAwareBean'
14:06:09.333 [Test worker] DEBUG o.s.c.e.StandardEnvironment - Activating profiles [prod]
14:06:09.333 [Test worker] DEBUG o.s.c.e.StandardEnvironment - Activating profiles [dev]
14:06:09.333 [Test worker] DEBUG o.s.w.c.s.StandardServletEnvironment - Activating profiles [prod]
14:06:09.351 [Test worker] DEBUG o.s.b.f.x.DefaultBeanDefinitionDocumentReader - Skipped XML bean definition file due to specified profiles [dev] not matching: class path resource [org/springframework/core/env/EnvironmentSystemIntegrationTests-context-dev.xml]
14:06:09.352 [Test worker] DEBUG o.s.b.f.x.XmlBeanDefinitionReader - Loaded 0 bean definitions from class path resource [org/springframework/core/env/EnvironmentSystemIntegrationTests-context-dev.xml]
14:06:09.358 [Test worker] DEBUG o.s.b.f.x.XmlBeanDefinitionReader - Loaded 1 bean definitions from class path resource [org/springframework/core/env/EnvironmentSystemIntegrationTests-context-prod.xml]
14:06:09.358 [Test worker] DEBUG o.s.b.f.x.XmlBeanDefinitionReader - Loaded 2 bean definitions from class path resource [org/springframework/core/env/EnvironmentSystemIntegrationTests-context.xml]
14:06:09.358 [Test worker] DEBUG o.s.c.s.GenericXmlApplicationContext - Refreshing org.springframework.context.support.GenericXmlApplicationContext@c39f17f
14:06:09.358 [Test worker] DEBUG o.s.b.f.s.DefaultListableBeanFactory - Creating shared instance of singleton bean 'envAwareBean'
14:06:09.358 [Test worker] DEBUG o.s.b.f.s.DefaultListableBeanFactory - Creating shared instance of singleton bean 'prodBean'
14:06:09.359 [Test worker] DEBUG o.s.c.e.StandardEnvironment - Activating profiles [prod]
14:06:09.360 [Test worker] DEBUG o.s.c.e.StandardEnvironment - Activating profiles [dev]
14:06:09.360 [Test worker] DEBUG o.s.w.c.s.StandardServletEnvironment - Activating profiles [prod]
14:06:09.360 [Test worker] DEBUG o.s.w.c.s.XmlWebApplicationContext - Refreshing Root WebApplicationContext
14:06:09.375 [Test worker] DEBUG o.s.b.f.x.DefaultBeanDefinitionDocumentReader - Skipped XML bean definition file due to specified profiles [dev] not matching: class path resource [org/springframework/core/env/EnvironmentSystemIntegrationTests-context-dev.xml]
14:06:09.375 [Test worker] DEBUG o.s.b.f.x.XmlBeanDefinitionReader - Loaded 0 bean definitions from class path resource [org/springframework/core/env/EnvironmentSystemIntegrationTests-context-dev.xml]
14:06:09.380 [Test worker] DEBUG o.s.b.f.x.XmlBeanDefinitionReader - Loaded 1 bean definitions from class path resource [org/springframework/core/env/EnvironmentSystemIntegrationTests-context-prod.xml]
14:06:09.380 [Test worker] DEBUG o.s.b.f.x.XmlBeanDefinitionReader - Loaded 2 bean definitions from class path resource [org/springframework/core/env/EnvironmentSystemIntegrationTests-context.xml]
14:06:09.381 [Test worker] DEBUG o.s.u.c.s.UiApplicationContextUtils - Unable to locate ThemeSource with name 'themeSource': using default [org.springframework.ui.context.support.ResourceBundleThemeSource@d5928f0]
14:06:09.381 [Test worker] DEBUG o.s.b.f.s.DefaultListableBeanFactory - Creating shared instance of singleton bean 'envAwareBean'
14:06:09.381 [Test worker] DEBUG o.s.b.f.s.DefaultListableBeanFactory - Creating shared instance of singleton bean 'prodBean'
14:06:09.382 [Test worker] DEBUG o.s.c.e.StandardEnvironment - Activating profiles [prod]
14:06:09.382 [Test worker] DEBUG o.s.c.e.StandardEnvironment - Activating profiles [dev]
14:06:09.383 [Test worker] DEBUG o.s.w.c.s.StandardServletEnvironment - Activating profiles [prod]
14:06:09.384 [Test worker] DEBUG o.s.c.a.AnnotationConfigApplicationContext - Refreshing org.springframework.context.annotation.AnnotationConfigApplicationContext@729f712c
14:06:09.384 [Test worker] DEBUG o.s.b.f.s.DefaultListableBeanFactory - Creating shared instance of singleton bean 'org.springframework.context.annotation.internalConfigurationAnnotationProcessor'
14:06:09.385 [Test worker] DEBUG o.s.b.f.s.DefaultListableBeanFactory - Creating shared instance of singleton bean 'org.springframework.context.event.internalEventListenerProcessor'
14:06:09.385 [Test worker] DEBUG o.s.b.f.s.DefaultListableBeanFactory - Creating shared instance of singleton bean 'org.springframework.context.event.internalEventListenerFactory'
14:06:09.385 [Test worker] DEBUG o.s.b.f.s.DefaultListableBeanFactory - Creating shared instance of singleton bean 'org.springframework.context.annotation.internalAutowiredAnnotationProcessor'
14:06:09.385 [Test worker] DEBUG o.s.b.f.s.DefaultListableBeanFactory - Creating shared instance of singleton bean 'org.springframework.context.annotation.internalCommonAnnotationProcessor'
14:06:09.385 [Test worker] DEBUG o.s.b.f.s.DefaultListableBeanFactory - Creating shared instance of singleton bean 'org.springframework.context.annotation.internalPersistenceAnnotationProcessor'
14:06:09.386 [Test worker] DEBUG o.s.c.e.StandardEnvironment - Activating profiles [prod]
14:06:09.386 [Test worker] DEBUG o.s.c.e.StandardEnvironment - Activating profiles [dev]
14:06:09.386 [Test worker] DEBUG o.s.w.c.s.StandardServletEnvironment - Activating profiles [prod]
14:06:09.387 [Test worker] DEBUG o.s.w.c.s.GenericWebApplicationContext - Refreshing org.springframework.web.context.support.GenericWebApplicationContext@51018971
14:06:09.387 [Test worker] DEBUG o.s.u.c.s.UiApplicationContextUtils - Unable to locate ThemeSource with name 'themeSource': using default [org.springframework.ui.context.support.ResourceBundleThemeSource@40b49975]
14:06:09.387 [Test worker] DEBUG o.s.b.f.s.DefaultListableBeanFactory - Creating shared instance of singleton bean 'envAwareBean'
14:06:09.388 [Test worker] DEBUG o.s.c.e.StandardEnvironment - Activating profiles [prod]
14:06:09.388 [Test worker] DEBUG o.s.c.e.StandardEnvironment - Activating profiles [dev]
14:06:09.388 [Test worker] DEBUG o.s.w.c.s.StandardServletEnvironment - Activating profiles [prod]
14:06:09.390 [Test worker] DEBUG o.s.c.s.StaticApplicationContext - Refreshing org.springframework.context.support.StaticApplicationContext@7433b573
14:06:09.390 [Test worker] DEBUG o.s.b.f.s.DefaultListableBeanFactory - Creating shared instance of singleton bean 'envAwareBean'
14:06:09.391 [Test worker] DEBUG o.s.c.e.StandardEnvironment - Activating profiles [prod]
14:06:09.391 [Test worker] DEBUG o.s.c.e.StandardEnvironment - Activating profiles [dev]
14:06:09.391 [Test worker] DEBUG o.s.w.c.s.StandardServletEnvironment - Activating profiles [prod]
14:06:09.392 [Test worker] DEBUG o.s.c.a.AnnotationConfigApplicationContext - Refreshing org.springframework.context.annotation.AnnotationConfigApplicationContext@71dd89f1
14:06:09.392 [Test worker] DEBUG o.s.b.f.s.DefaultListableBeanFactory - Creating shared instance of singleton bean 'org.springframework.context.annotation.internalConfigurationAnnotationProcessor'
14:06:09.392 [Test worker] DEBUG o.s.b.f.s.DefaultListableBeanFactory - Creating shared instance of singleton bean 'org.springframework.context.event.internalEventListenerProcessor'
14:06:09.393 [Test worker] DEBUG o.s.b.f.s.DefaultListableBeanFactory - Creating shared instance of singleton bean 'org.springframework.context.event.internalEventListenerFactory'
14:06:09.393 [Test worker] DEBUG o.s.b.f.s.DefaultListableBeanFactory - Creating shared instance of singleton bean 'org.springframework.context.annotation.internalAutowiredAnnotationProcessor'
14:06:09.393 [Test worker] DEBUG o.s.b.f.s.DefaultListableBeanFactory - Creating shared instance of singleton bean 'org.springframework.context.annotation.internalCommonAnnotationProcessor'
14:06:09.393 [Test worker] DEBUG o.s.b.f.s.DefaultListableBeanFactory - Creating shared instance of singleton bean 'org.springframework.context.annotation.internalPersistenceAnnotationProcessor'
14:06:09.395 [Test worker] DEBUG o.s.c.a.AnnotationConfigApplicationContext - Refreshing org.springframework.context.annotation.AnnotationConfigApplicationContext@64e25016
14:06:09.397 [Test worker] DEBUG o.s.c.a.AnnotationConfigApplicationContext - Refreshing org.springframework.context.annotation.AnnotationConfigApplicationContext@682a3b73
14:06:09.397 [Test worker] DEBUG o.s.b.f.s.DefaultListableBeanFactory - Creating shared instance of singleton bean 'org.springframework.context.annotation.internalConfigurationAnnotationProcessor'
14:06:09.397 [Test worker] DEBUG o.s.b.f.s.DefaultListableBeanFactory - Creating shared instance of singleton bean 'org.springframework.context.event.internalEventListenerProcessor'
14:06:09.397 [Test worker] DEBUG o.s.b.f.s.DefaultListableBeanFactory - Creating shared instance of singleton bean 'org.springframework.context.event.internalEventListenerFactory'
14:06:09.397 [Test worker] DEBUG o.s.b.f.s.DefaultListableBeanFactory - Creating shared instance of singleton bean 'org.springframework.context.annotation.internalAutowiredAnnotationProcessor'
14:06:09.397 [Test worker] DEBUG o.s.b.f.s.DefaultListableBeanFactory - Creating shared instance of singleton bean 'org.springframework.context.annotation.internalCommonAnnotationProcessor'
14:06:09.398 [Test worker] DEBUG o.s.b.f.s.DefaultListableBeanFactory - Creating shared instance of singleton bean 'org.springframework.context.annotation.internalPersistenceAnnotationProcessor'
14:06:09.399 [Test worker] DEBUG o.s.c.e.StandardEnvironment - Activating profiles [prod]
14:06:09.399 [Test worker] DEBUG o.s.c.e.StandardEnvironment - Activating profiles [dev]
14:06:09.399 [Test worker] DEBUG o.s.w.c.s.StandardServletEnvironment - Activating profiles [prod]
14:06:09.404 [Test worker] DEBUG o.s.j.c.ResourceAdapterApplicationContext - Refreshing org.springframework.jca.context.ResourceAdapterApplicationContext@faed52f
14:06:09.405 [Test worker] DEBUG o.s.b.f.s.DefaultListableBeanFactory - Creating shared instance of singleton bean 'envAwareBean'
14:06:09.407 [Test worker] DEBUG o.s.c.e.StandardEnvironment - Activating profiles [prod]
14:06:09.407 [Test worker] DEBUG o.s.c.e.StandardEnvironment - Activating profiles [dev]
14:06:09.407 [Test worker] DEBUG o.s.w.c.s.StandardServletEnvironment - Activating profiles [prod]
14:06:09.407 [Test worker] DEBUG o.s.c.s.GenericApplicationContext - Refreshing org.springframework.context.support.GenericApplicationContext@242be419
14:06:09.407 [Test worker] DEBUG o.s.b.f.s.DefaultListableBeanFactory - Creating shared instance of singleton bean 'envAwareBean'
14:06:09.408 [Test worker] DEBUG o.s.c.e.StandardEnvironment - Activating profiles [prod]
14:06:09.408 [Test worker] DEBUG o.s.c.e.StandardEnvironment - Activating profiles [dev]
14:06:09.409 [Test worker] DEBUG o.s.w.c.s.StandardServletEnvironment - Activating profiles [prod]
14:06:09.425 [Test worker] DEBUG o.s.b.f.x.DefaultBeanDefinitionDocumentReader - Skipped XML bean definition file due to specified profiles [dev] not matching: class path resource [org/springframework/core/env/EnvironmentSystemIntegrationTests-context-dev.xml]
14:06:09.426 [Test worker] DEBUG o.s.b.f.x.XmlBeanDefinitionReader - Loaded 0 bean definitions from class path resource [org/springframework/core/env/EnvironmentSystemIntegrationTests-context-dev.xml]
14:06:09.433 [Test worker] DEBUG o.s.b.f.x.XmlBeanDefinitionReader - Loaded 1 bean definitions from class path resource [org/springframework/core/env/EnvironmentSystemIntegrationTests-context-prod.xml]
14:06:09.433 [Test worker] DEBUG o.s.b.f.x.XmlBeanDefinitionReader - Loaded 2 bean definitions from class path resource [org/springframework/core/env/EnvironmentSystemIntegrationTests-context.xml]
14:06:09.433 [Test worker] DEBUG o.s.c.s.GenericApplicationContext - Refreshing org.springframework.context.support.GenericApplicationContext@1713dfd0
14:06:09.433 [Test worker] DEBUG o.s.b.f.s.DefaultListableBeanFactory - Creating shared instance of singleton bean 'envAwareBean'
14:06:09.434 [Test worker] DEBUG o.s.b.f.s.DefaultListableBeanFactory - Creating shared instance of singleton bean 'prodBean'
14:06:09.435 [Test worker] DEBUG o.s.c.e.StandardEnvironment - Activating profiles [prod]
14:06:09.435 [Test worker] DEBUG o.s.c.e.StandardEnvironment - Activating profiles [dev]
14:06:09.435 [Test worker] DEBUG o.s.w.c.s.StandardServletEnvironment - Activating profiles [prod]
14:06:09.436 [Test worker] DEBUG o.s.c.a.AnnotationConfigApplicationContext - Refreshing org.springframework.context.annotation.AnnotationConfigApplicationContext@2636dd48
14:06:09.436 [Test worker] DEBUG o.s.b.f.s.DefaultListableBeanFactory - Creating shared instance of singleton bean 'org.springframework.context.annotation.internalConfigurationAnnotationProcessor'
14:06:09.438 [Test worker] DEBUG o.s.b.f.s.DefaultListableBeanFactory - Creating shared instance of singleton bean 'org.springframework.context.event.internalEventListenerProcessor'
14:06:09.438 [Test worker] DEBUG o.s.b.f.s.DefaultListableBeanFactory - Creating shared instance of singleton bean 'org.springframework.context.event.internalEventListenerFactory'
14:06:09.439 [Test worker] DEBUG o.s.b.f.s.DefaultListableBeanFactory - Creating shared instance of singleton bean 'org.springframework.context.annotation.internalAutowiredAnnotationProcessor'
14:06:09.439 [Test worker] DEBUG o.s.b.f.s.DefaultListableBeanFactory - Creating shared instance of singleton bean 'org.springframework.context.annotation.internalCommonAnnotationProcessor'
14:06:09.439 [Test worker] DEBUG o.s.b.f.s.DefaultListableBeanFactory - Creating shared instance of singleton bean 'org.springframework.context.annotation.internalPersistenceAnnotationProcessor'
14:06:09.439 [Test worker] DEBUG o.s.b.f.s.DefaultListableBeanFactory - Creating shared instance of singleton bean 'environmentSystemIntegrationTests.Config'
14:06:09.440 [Test worker] DEBUG o.s.b.f.s.DefaultListableBeanFactory - Creating shared instance of singleton bean 'org.springframework.core.env.EnvironmentSystemIntegrationTests$ProdConfig'
14:06:09.440 [Test worker] DEBUG o.s.b.f.s.DefaultListableBeanFactory - Creating shared instance of singleton bean 'prodBean'
14:06:09.440 [Test worker] DEBUG o.s.b.f.s.DefaultListableBeanFactory - Creating shared instance of singleton bean 'envAwareBean'
14:06:09.442 [Test worker] DEBUG o.s.c.e.StandardEnvironment - Activating profiles [prod]
14:06:09.442 [Test worker] DEBUG o.s.c.e.StandardEnvironment - Activating profiles [dev]
14:06:09.442 [Test worker] DEBUG o.s.w.c.s.StandardServletEnvironment - Activating profiles [prod]
14:06:09.443 [Test worker] DEBUG o.s.c.a.AnnotationConfigApplicationContext - Refreshing org.springframework.context.annotation.AnnotationConfigApplicationContext@f1deb3e
14:06:09.443 [Test worker] DEBUG o.s.b.f.s.DefaultListableBeanFactory - Creating shared instance of singleton bean 'org.springframework.context.annotation.internalConfigurationAnnotationProcessor'
14:06:09.445 [Test worker] DEBUG o.s.b.f.s.DefaultListableBeanFactory - Creating shared instance of singleton bean 'org.springframework.context.event.internalEventListenerProcessor'
14:06:09.445 [Test worker] DEBUG o.s.b.f.s.DefaultListableBeanFactory - Creating shared instance of singleton bean 'org.springframework.context.event.internalEventListenerFactory'
14:06:09.445 [Test worker] DEBUG o.s.b.f.s.DefaultListableBeanFactory - Creating shared instance of singleton bean 'org.springframework.context.annotation.internalAutowiredAnnotationProcessor'
14:06:09.445 [Test worker] DEBUG o.s.b.f.s.DefaultListableBeanFactory - Creating shared instance of singleton bean 'org.springframework.context.annotation.internalCommonAnnotationProcessor'
14:06:09.446 [Test worker] DEBUG o.s.b.f.s.DefaultListableBeanFactory - Creating shared instance of singleton bean 'org.springframework.context.annotation.internalPersistenceAnnotationProcessor'
14:06:09.446 [Test worker] DEBUG o.s.b.f.s.DefaultListableBeanFactory - Creating shared instance of singleton bean 'environmentSystemIntegrationTests.ProdConfig'
14:06:09.446 [Test worker] DEBUG o.s.b.f.s.DefaultListableBeanFactory - Creating shared instance of singleton bean 'prodBean'
14:06:09.448 [Test worker] DEBUG o.s.c.e.StandardEnvironment - Activating profiles [prod]
14:06:09.448 [Test worker] DEBUG o.s.c.e.StandardEnvironment - Activating profiles [dev]
14:06:09.448 [Test worker] DEBUG o.s.w.c.s.StandardServletEnvironment - Activating profiles [prod]
14:06:09.449 [Test worker] DEBUG o.s.c.e.StandardEnvironment - Activating profiles [derivedDev]
14:06:09.450 [Test worker] DEBUG o.s.c.a.AnnotationConfigApplicationContext - Refreshing org.springframework.context.annotation.AnnotationConfigApplicationContext@1b0ff08
14:06:09.450 [Test worker] DEBUG o.s.b.f.s.DefaultListableBeanFactory - Creating shared instance of singleton bean 'org.springframework.context.annotation.internalConfigurationAnnotationProcessor'
14:06:09.454 [Test worker] DEBUG o.s.b.f.s.DefaultListableBeanFactory - Creating shared instance of singleton bean 'org.springframework.context.event.internalEventListenerProcessor'
14:06:09.454 [Test worker] DEBUG o.s.b.f.s.DefaultListableBeanFactory - Creating shared instance of singleton bean 'org.springframework.context.event.internalEventListenerFactory'
14:06:09.455 [Test worker] DEBUG o.s.b.f.s.DefaultListableBeanFactory - Creating shared instance of singleton bean 'org.springframework.context.annotation.internalAutowiredAnnotationProcessor'
14:06:09.455 [Test worker] DEBUG o.s.b.f.s.DefaultListableBeanFactory - Creating shared instance of singleton bean 'org.springframework.context.annotation.internalCommonAnnotationProcessor'
14:06:09.456 [Test worker] DEBUG o.s.b.f.s.DefaultListableBeanFactory - Creating shared instance of singleton bean 'org.springframework.context.annotation.internalPersistenceAnnotationProcessor'
14:06:09.456 [Test worker] DEBUG o.s.b.f.s.DefaultListableBeanFactory - Creating shared instance of singleton bean 'environmentSystemIntegrationTests.DerivedDevConfig'
14:06:09.457 [Test worker] DEBUG o.s.b.f.s.DefaultListableBeanFactory - Creating shared instance of singleton bean 'org.springframework.core.env.EnvironmentSystemIntegrationTests$TransitiveConfig'
14:06:09.457 [Test worker] DEBUG o.s.b.f.s.DefaultListableBeanFactory - Creating shared instance of singleton bean 'transitiveBean'
14:06:09.459 [Test worker] DEBUG o.s.b.f.s.DefaultListableBeanFactory - Creating shared instance of singleton bean 'derivedDevBean'
14:06:09.460 [Test worker] DEBUG o.s.b.f.s.DefaultListableBeanFactory - Creating shared instance of singleton bean 'devBean'
14:06:09.463 [Test worker] DEBUG o.s.c.e.StandardEnvironment - Activating profiles [prod]
14:06:09.463 [Test worker] DEBUG o.s.c.e.StandardEnvironment - Activating profiles [dev]
14:06:09.463 [Test worker] DEBUG o.s.w.c.s.StandardServletEnvironment - Activating profiles [prod]
14:06:09.463 [Test worker] DEBUG o.s.c.s.ClassPathXmlApplicationContext - Refreshing org.springframework.context.support.ClassPathXmlApplicationContext@5fcb20d8
14:06:09.480 [Test worker] DEBUG o.s.b.f.x.DefaultBeanDefinitionDocumentReader - Skipped XML bean definition file due to specified profiles [dev] not matching: class path resource [org/springframework/core/env/EnvironmentSystemIntegrationTests-context-dev.xml]
14:06:09.480 [Test worker] DEBUG o.s.b.f.x.XmlBeanDefinitionReader - Loaded 0 bean definitions from class path resource [org/springframework/core/env/EnvironmentSystemIntegrationTests-context-dev.xml]
14:06:09.488 [Test worker] DEBUG o.s.b.f.x.DefaultBeanDefinitionDocumentReader - Skipped XML bean definition file due to specified profiles [prod] not matching: class path resource [org/springframework/core/env/EnvironmentSystemIntegrationTests-context-prod.xml]
14:06:09.488 [Test worker] DEBUG o.s.b.f.x.XmlBeanDefinitionReader - Loaded 0 bean definitions from class path resource [org/springframework/core/env/EnvironmentSystemIntegrationTests-context-prod.xml]
14:06:09.488 [Test worker] DEBUG o.s.b.f.x.XmlBeanDefinitionReader - Loaded 1 bean definitions from class path resource [org/springframework/core/env/EnvironmentSystemIntegrationTests-context.xml]
14:06:09.489 [Test worker] DEBUG o.s.b.f.s.DefaultListableBeanFactory - Creating shared instance of singleton bean 'envAwareBean'
14:06:09.489 [Test worker] DEBUG o.s.c.s.ClassPathXmlApplicationContext - Refreshing org.springframework.context.support.ClassPathXmlApplicationContext@5fcb20d8
14:06:09.501 [Test worker] DEBUG o.s.b.f.x.DefaultBeanDefinitionDocumentReader - Skipped XML bean definition file due to specified profiles [dev] not matching: class path resource [org/springframework/core/env/EnvironmentSystemIntegrationTests-context-dev.xml]
14:06:09.501 [Test worker] DEBUG o.s.b.f.x.XmlBeanDefinitionReader - Loaded 0 bean definitions from class path resource [org/springframework/core/env/EnvironmentSystemIntegrationTests-context-dev.xml]
14:06:09.507 [Test worker] DEBUG o.s.b.f.x.XmlBeanDefinitionReader - Loaded 1 bean definitions from class path resource [org/springframework/core/env/EnvironmentSystemIntegrationTests-context-prod.xml]
14:06:09.507 [Test worker] DEBUG o.s.b.f.x.XmlBeanDefinitionReader - Loaded 2 bean definitions from class path resource [org/springframework/core/env/EnvironmentSystemIntegrationTests-context.xml]
14:06:09.507 [Test worker] DEBUG o.s.b.f.s.DefaultListableBeanFactory - Creating shared instance of singleton bean 'envAwareBean'
14:06:09.508 [Test worker] DEBUG o.s.b.f.s.DefaultListableBeanFactory - Creating shared instance of singleton bean 'prodBean'
14:06:09.509 [Test worker] DEBUG o.s.c.e.StandardEnvironment - Activating profiles [prod]
14:06:09.509 [Test worker] DEBUG o.s.c.e.StandardEnvironment - Activating profiles [dev]
14:06:09.509 [Test worker] DEBUG o.s.w.c.s.StandardServletEnvironment - Activating profiles [prod]
14:06:09.509 [Test worker] DEBUG o.s.c.s.GenericApplicationContext - Refreshing org.springframework.context.support.GenericApplicationContext@76dc226e
14:06:09.510 [Test worker] DEBUG o.s.b.f.s.DefaultListableBeanFactory - Creating shared instance of singleton bean 'envAwareBean'
14:06:09.510 [Test worker] DEBUG o.s.c.e.StandardEnvironment - Activating profiles [prod]
14:06:09.511 [Test worker] DEBUG o.s.c.e.StandardEnvironment - Activating profiles [dev]
14:06:09.511 [Test worker] DEBUG o.s.w.c.s.StandardServletEnvironment - Activating profiles [prod]
14:06:09.514 [Test worker] DEBUG o.s.c.s.FileSystemXmlApplicationContext - Refreshing org.springframework.context.support.FileSystemXmlApplicationContext@4bcc0d08
14:06:09.534 [Test worker] DEBUG o.s.b.f.x.DefaultBeanDefinitionDocumentReader - Skipped XML bean definition file due to specified profiles [dev] not matching: class path resource [org/springframework/core/env/EnvironmentSystemIntegrationTests-context-dev.xml]
14:06:09.534 [Test worker] DEBUG o.s.b.f.x.XmlBeanDefinitionReader - Loaded 0 bean definitions from class path resource [org/springframework/core/env/EnvironmentSystemIntegrationTests-context-dev.xml]
14:06:09.541 [Test worker] DEBUG o.s.b.f.x.XmlBeanDefinitionReader - Loaded 1 bean definitions from class path resource [org/springframework/core/env/EnvironmentSystemIntegrationTests-context-prod.xml]
14:06:09.541 [Test worker] DEBUG o.s.b.f.x.XmlBeanDefinitionReader - Loaded 2 bean definitions from URL [file:/var/folders/5_/dkz6wc1x2z3b8p2gs5wcpggr0000gn/T/test5784324269794940505xml]
14:06:09.542 [Test worker] DEBUG o.s.b.f.s.DefaultListableBeanFactory - Creating shared instance of singleton bean 'envAwareBean'
14:06:09.542 [Test worker] DEBUG o.s.b.f.s.DefaultListableBeanFactory - Creating shared instance of singleton bean 'prodBean'
14:06:09.544 [Test worker] DEBUG o.s.c.e.StandardEnvironment - Activating profiles [prod]
14:06:09.544 [Test worker] DEBUG o.s.c.e.StandardEnvironment - Activating profiles [dev]
14:06:09.544 [Test worker] DEBUG o.s.w.c.s.StandardServletEnvironment - Activating profiles [prod]
14:06:09.546 [Test worker] DEBUG o.s.c.a.ClassPathBeanDefinitionScanner - Identified candidate component class: file [/Volumes/work/aiguoxin/spring-framework/integration-tests/build/classes/java/test/org/springframework/core/env/scan1/Config.class]
14:06:09.547 [Test worker] DEBUG o.s.c.a.ClassPathBeanDefinitionScanner - Identified candidate component class: file [/Volumes/work/aiguoxin/spring-framework/integration-tests/build/classes/java/test/org/springframework/core/env/scan1/ProdConfig.class]
14:06:09.548 [Test worker] DEBUG o.s.c.s.GenericApplicationContext - Refreshing org.springframework.context.support.GenericApplicationContext@147ac60f
14:06:09.548 [Test worker] DEBUG o.s.b.f.s.DefaultListableBeanFactory - Creating shared instance of singleton bean 'org.springframework.context.annotation.internalConfigurationAnnotationProcessor'
14:06:09.555 [Test worker] DEBUG o.s.b.f.s.DefaultListableBeanFactory - Creating shared instance of singleton bean 'org.springframework.context.event.internalEventListenerProcessor'
14:06:09.555 [Test worker] DEBUG o.s.b.f.s.DefaultListableBeanFactory - Creating shared instance of singleton bean 'org.springframework.context.event.internalEventListenerFactory'
14:06:09.555 [Test worker] DEBUG o.s.b.f.s.DefaultListableBeanFactory - Creating shared instance of singleton bean 'org.springframework.context.annotation.internalAutowiredAnnotationProcessor'
14:06:09.555 [Test worker] DEBUG o.s.b.f.s.DefaultListableBeanFactory - Creating shared instance of singleton bean 'org.springframework.context.annotation.internalCommonAnnotationProcessor'
14:06:09.555 [Test worker] DEBUG o.s.b.f.s.DefaultListableBeanFactory - Creating shared instance of singleton bean 'org.springframework.context.annotation.internalPersistenceAnnotationProcessor'
14:06:09.555 [Test worker] DEBUG o.s.b.f.s.DefaultListableBeanFactory - Creating shared instance of singleton bean 'config'
14:06:09.556 [Test worker] DEBUG o.s.b.f.s.DefaultListableBeanFactory - Creating shared instance of singleton bean 'prodConfig'
14:06:09.556 [Test worker] DEBUG o.s.b.f.s.DefaultListableBeanFactory - Creating shared instance of singleton bean 'prodBean'
14:06:09.561 [Test worker] DEBUG o.s.c.e.StandardEnvironment - Activating profiles [prod]
14:06:09.561 [Test worker] DEBUG o.s.c.e.StandardEnvironment - Activating profiles [dev]
14:06:09.561 [Test worker] DEBUG o.s.w.c.s.StandardServletEnvironment - Activating profiles [prod]
14:06:09.562 [Test worker] DEBUG o.s.c.e.StandardEnvironment - Activating profiles [p4]
14:06:09.562 [Test worker] DEBUG o.s.c.a.AnnotationConfigApplicationContext - Refreshing org.springframework.context.annotation.AnnotationConfigApplicationContext@9300f9b
14:06:09.562 [Test worker] DEBUG o.s.b.f.s.DefaultListableBeanFactory - Creating shared instance of singleton bean 'org.springframework.context.annotation.internalConfigurationAnnotationProcessor'
14:06:09.562 [Test worker] DEBUG o.s.b.f.s.DefaultListableBeanFactory - Creating shared instance of singleton bean 'org.springframework.context.event.internalEventListenerProcessor'
14:06:09.563 [Test worker] DEBUG o.s.b.f.s.DefaultListableBeanFactory - Creating shared instance of singleton bean 'org.springframework.context.event.internalEventListenerFactory'
14:06:09.563 [Test worker] DEBUG o.s.b.f.s.DefaultListableBeanFactory - Creating shared instance of singleton bean 'org.springframework.context.annotation.internalAutowiredAnnotationProcessor'
14:06:09.563 [Test worker] DEBUG o.s.b.f.s.DefaultListableBeanFactory - Creating shared instance of singleton bean 'org.springframework.context.annotation.internalCommonAnnotationProcessor'
14:06:09.563 [Test worker] DEBUG o.s.b.f.s.DefaultListableBeanFactory - Creating shared instance of singleton bean 'org.springframework.context.annotation.internalPersistenceAnnotationProcessor'
14:06:09.564 [Test worker] DEBUG o.s.c.e.StandardEnvironment - Activating profiles [prod]
14:06:09.564 [Test worker] DEBUG o.s.c.e.StandardEnvironment - Activating profiles [dev]
14:06:09.564 [Test worker] DEBUG o.s.w.c.s.StandardServletEnvironment - Activating profiles [prod]
14:06:09.565 [Test worker] DEBUG o.s.w.c.s.AnnotationConfigWebApplicationContext - Refreshing Root WebApplicationContext
14:06:09.566 [Test worker] DEBUG o.s.b.f.s.DefaultListableBeanFactory - Creating shared instance of singleton bean 'org.springframework.context.annotation.internalConfigurationAnnotationProcessor'
14:06:09.567 [Test worker] DEBUG o.s.b.f.s.DefaultListableBeanFactory - Creating shared instance of singleton bean 'org.springframework.context.event.internalEventListenerProcessor'
14:06:09.567 [Test worker] DEBUG o.s.b.f.s.DefaultListableBeanFactory - Creating shared instance of singleton bean 'org.springframework.context.event.internalEventListenerFactory'
14:06:09.567 [Test worker] DEBUG o.s.b.f.s.DefaultListableBeanFactory - Creating shared instance of singleton bean 'org.springframework.context.annotation.internalAutowiredAnnotationProcessor'
14:06:09.567 [Test worker] DEBUG o.s.b.f.s.DefaultListableBeanFactory - Creating shared instance of singleton bean 'org.springframework.context.annotation.internalCommonAnnotationProcessor'
14:06:09.567 [Test worker] DEBUG o.s.b.f.s.DefaultListableBeanFactory - Creating shared instance of singleton bean 'org.springframework.context.annotation.internalPersistenceAnnotationProcessor'
14:06:09.567 [Test worker] DEBUG o.s.u.c.s.UiApplicationContextUtils - Unable to locate ThemeSource with name 'themeSource': using default [org.springframework.ui.context.support.ResourceBundleThemeSource@6cd9f78a]
14:06:09.567 [Test worker] DEBUG o.s.b.f.s.DefaultListableBeanFactory - Creating shared instance of singleton bean 'environmentSystemIntegrationTests.EnvironmentAwareBean'
14:06:09.568 [Test worker] DEBUG o.s.c.e.PropertySourcesPropertyResolver - Found key 'pCommon' in PropertySource 'servletConfigInitParams' with value of type String
14:06:09.570 [Test worker] DEBUG o.s.c.e.PropertySourcesPropertyResolver - Found key 'pContext1' in PropertySource 'servletContextInitParams' with value of type String
14:06:09.570 [Test worker] DEBUG o.s.c.e.PropertySourcesPropertyResolver - Found key 'pConfig1' in PropertySource 'servletConfigInitParams' with value of type String
14:06:09.570 [Test worker] DEBUG o.s.c.e.PropertySourcesPropertyResolver - Found key 'pCommon' in PropertySource 'servletConfigInitParams' with value of type String
14:06:09.570 [Test worker] DEBUG o.s.c.e.PropertySourcesPropertyResolver - Found key 'pSysProps1' in PropertySource 'systemProperties' with value of type String
14:06:09.571 [Test worker] DEBUG o.s.c.e.StandardEnvironment - Activating profiles [prod]
14:06:09.571 [Test worker] DEBUG o.s.c.e.StandardEnvironment - Activating profiles [dev]
14:06:09.571 [Test worker] DEBUG o.s.w.c.s.StandardServletEnvironment - Activating profiles [prod]
14:06:09.571 [Test worker] DEBUG o.s.w.c.s.GenericWebApplicationContext - Refreshing org.springframework.web.context.support.GenericWebApplicationContext@7d49d4b4
14:06:09.571 [Test worker] DEBUG o.s.u.c.s.UiApplicationContextUtils - Unable to locate ThemeSource with name 'themeSource': using default [org.springframework.ui.context.support.ResourceBundleThemeSource@47608339]
14:06:09.572 [Test worker] DEBUG o.s.c.e.PropertySourcesPropertyResolver - Found key 'pCommon' in PropertySource 'servletContextInitParams' with value of type String
14:06:09.572 [Test worker] DEBUG o.s.c.e.PropertySourcesPropertyResolver - Found key 'pContext1' in PropertySource 'servletContextInitParams' with value of type String
14:06:09.572 [Test worker] DEBUG o.s.c.e.PropertySourcesPropertyResolver - Found key 'pCommon' in PropertySource 'servletContextInitParams' with value of type String
14:06:09.572 [Test worker] DEBUG o.s.c.e.PropertySourcesPropertyResolver - Found key 'pSysProps1' in PropertySource 'systemProperties' with value of type String
14:06:09.573 [Test worker] DEBUG o.s.c.e.StandardEnvironment - Activating profiles [prod]
14:06:09.573 [Test worker] DEBUG o.s.c.e.StandardEnvironment - Activating profiles [dev]
14:06:09.573 [Test worker] DEBUG o.s.w.c.s.StandardServletEnvironment - Activating profiles [prod]
14:06:09.574 [Test worker] DEBUG o.s.c.e.StandardEnvironment - Activating profiles [p1, p2]
14:06:09.575 [Test worker] DEBUG o.s.c.a.AnnotationConfigApplicationContext - Refreshing org.springframework.context.annotation.AnnotationConfigApplicationContext@40d7e41c
14:06:09.575 [Test worker] DEBUG o.s.b.f.s.DefaultListableBeanFactory - Creating shared instance of singleton bean 'org.springframework.context.annotation.internalConfigurationAnnotationProcessor'
14:06:09.576 [Test worker] DEBUG o.s.b.f.s.DefaultListableBeanFactory - Creating shared instance of singleton bean 'org.springframework.context.event.internalEventListenerProcessor'
14:06:09.577 [Test worker] DEBUG o.s.b.f.s.DefaultListableBeanFactory - Creating shared instance of singleton bean 'org.springframework.context.event.internalEventListenerFactory'
14:06:09.577 [Test worker] DEBUG o.s.b.f.s.DefaultListableBeanFactory - Creating shared instance of singleton bean 'org.springframework.context.annotation.internalAutowiredAnnotationProcessor'
14:06:09.577 [Test worker] DEBUG o.s.b.f.s.DefaultListableBeanFactory - Creating shared instance of singleton bean 'org.springframework.context.annotation.internalCommonAnnotationProcessor'
14:06:09.577 [Test worker] DEBUG o.s.b.f.s.DefaultListableBeanFactory - Creating shared instance of singleton bean 'org.springframework.context.annotation.internalPersistenceAnnotationProcessor'
14:06:09.577 [Test worker] DEBUG o.s.b.f.s.DefaultListableBeanFactory - Creating shared instance of singleton bean 'environmentSystemIntegrationTests.ProfileExpressionConfig'
14:06:09.578 [Test worker] DEBUG o.s.b.f.s.DefaultListableBeanFactory - Creating shared instance of singleton bean 'expressionBean'
14:06:09.579 [Test worker] DEBUG o.s.c.e.StandardEnvironment - Activating profiles [prod]
14:06:09.579 [Test worker] DEBUG o.s.c.e.StandardEnvironment - Activating profiles [dev]
14:06:09.579 [Test worker] DEBUG o.s.w.c.s.StandardServletEnvironment - Activating profiles [prod]
14:06:09.581 [Test worker] DEBUG o.s.c.a.ClassPathBeanDefinitionScanner - Identified candidate component class: file [/Volumes/work/aiguoxin/spring-framework/integration-tests/build/classes/java/test/org/springframework/core/env/scan2/ProdBean.class]
14:06:09.581 [Test worker] DEBUG o.s.c.s.GenericApplicationContext - Refreshing org.springframework.context.support.GenericApplicationContext@145247a0
14:06:09.581 [Test worker] DEBUG o.s.b.f.s.DefaultListableBeanFactory - Creating shared instance of singleton bean 'org.springframework.context.annotation.internalConfigurationAnnotationProcessor'
14:06:09.583 [Test worker] DEBUG o.s.b.f.s.DefaultListableBeanFactory - Creating shared instance of singleton bean 'org.springframework.context.event.internalEventListenerProcessor'
14:06:09.583 [Test worker] DEBUG o.s.b.f.s.DefaultListableBeanFactory - Creating shared instance of singleton bean 'org.springframework.context.event.internalEventListenerFactory'
14:06:09.584 [Test worker] DEBUG o.s.b.f.s.DefaultListableBeanFactory - Creating shared instance of singleton bean 'org.springframework.context.annotation.internalAutowiredAnnotationProcessor'
14:06:09.584 [Test worker] DEBUG o.s.b.f.s.DefaultListableBeanFactory - Creating shared instance of singleton bean 'org.springframework.context.annotation.internalCommonAnnotationProcessor'
14:06:09.584 [Test worker] DEBUG o.s.b.f.s.DefaultListableBeanFactory - Creating shared instance of singleton bean 'org.springframework.context.annotation.internalPersistenceAnnotationProcessor'
14:06:09.584 [Test worker] DEBUG o.s.b.f.s.DefaultListableBeanFactory - Creating shared instance of singleton bean 'prodBean'
14:06:09.585 [Test worker] DEBUG o.s.c.e.StandardEnvironment - Activating profiles [prod]
14:06:09.585 [Test worker] DEBUG o.s.c.e.StandardEnvironment - Activating profiles [dev]
14:06:09.585 [Test worker] DEBUG o.s.w.c.s.StandardServletEnvironment - Activating profiles [prod]
14:06:09.586 [Test worker] DEBUG o.s.c.a.AnnotationConfigApplicationContext - Refreshing org.springframework.context.annotation.AnnotationConfigApplicationContext@36082122
14:06:09.587 [Test worker] DEBUG o.s.b.f.s.DefaultListableBeanFactory - Creating shared instance of singleton bean 'org.springframework.context.annotation.internalConfigurationAnnotationProcessor'
14:06:09.587 [Test worker] DEBUG o.s.b.f.s.DefaultListableBeanFactory - Creating shared instance of singleton bean 'org.springframework.context.event.internalEventListenerProcessor'
14:06:09.587 [Test worker] DEBUG o.s.b.f.s.DefaultListableBeanFactory - Creating shared instance of singleton bean 'org.springframework.context.event.internalEventListenerFactory'
14:06:09.587 [Test worker] DEBUG o.s.b.f.s.DefaultListableBeanFactory - Creating shared instance of singleton bean 'org.springframework.context.annotation.internalAutowiredAnnotationProcessor'
14:06:09.587 [Test worker] DEBUG o.s.b.f.s.DefaultListableBeanFactory - Creating shared instance of singleton bean 'org.springframework.context.annotation.internalCommonAnnotationProcessor'
14:06:09.587 [Test worker] DEBUG o.s.b.f.s.DefaultListableBeanFactory - Creating shared instance of singleton bean 'org.springframework.context.annotation.internalPersistenceAnnotationProcessor'
14:06:09.587 [Test worker] DEBUG o.s.b.f.s.DefaultListableBeanFactory - Creating shared instance of singleton bean 'environmentSystemIntegrationTests.EnvironmentAwareBean'
14:06:09.589 [Test worker] DEBUG o.s.c.e.StandardEnvironment - Activating profiles [prod]
14:06:09.589 [Test worker] DEBUG o.s.c.e.StandardEnvironment - Activating profiles [dev]
14:06:09.589 [Test worker] DEBUG o.s.w.c.s.StandardServletEnvironment - Activating profiles [prod]
14:06:09.590 [Test worker] DEBUG o.s.c.a.AnnotationConfigApplicationContext - Refreshing org.springframework.context.annotation.AnnotationConfigApplicationContext@2a2ff68f
14:06:09.590 [Test worker] DEBUG o.s.b.f.s.DefaultListableBeanFactory - Creating shared instance of singleton bean 'org.springframework.context.annotation.internalConfigurationAnnotationProcessor'
14:06:09.593 [Test worker] DEBUG o.s.b.f.s.DefaultListableBeanFactory - Creating shared instance of singleton bean 'org.springframework.context.event.internalEventListenerProcessor'
14:06:09.593 [Test worker] DEBUG o.s.b.f.s.DefaultListableBeanFactory - Creating shared instance of singleton bean 'org.springframework.context.event.internalEventListenerFactory'
14:06:09.593 [Test worker] DEBUG o.s.b.f.s.DefaultListableBeanFactory - Creating shared instance of singleton bean 'org.springframework.context.annotation.internalAutowiredAnnotationProcessor'
14:06:09.593 [Test worker] DEBUG o.s.b.f.s.DefaultListableBeanFactory - Creating shared instance of singleton bean 'org.springframework.context.annotation.internalCommonAnnotationProcessor'
14:06:09.594 [Test worker] DEBUG o.s.b.f.s.DefaultListableBeanFactory - Creating shared instance of singleton bean 'org.springframework.context.annotation.internalPersistenceAnnotationProcessor'
14:06:09.594 [Test worker] DEBUG o.s.b.f.s.DefaultListableBeanFactory - Creating shared instance of singleton bean 'environmentSystemIntegrationTests.DevConfig'
14:06:09.595 [Test worker] DEBUG o.s.b.f.s.DefaultListableBeanFactory - Creating shared instance of singleton bean 'org.springframework.core.env.EnvironmentSystemIntegrationTests$TransitiveConfig'
14:06:09.595 [Test worker] DEBUG o.s.b.f.s.DefaultListableBeanFactory - Creating shared instance of singleton bean 'transitiveBean'
14:06:09.595 [Test worker] DEBUG o.s.b.f.s.DefaultListableBeanFactory - Creating shared instance of singleton bean 'devBean'
14:06:09.598 [Test worker] DEBUG o.s.c.e.StandardEnvironment - Activating profiles [prod]
14:06:09.598 [Test worker] DEBUG o.s.c.e.StandardEnvironment - Activating profiles [dev]
14:06:09.598 [Test worker] DEBUG o.s.w.c.s.StandardServletEnvironment - Activating profiles [prod]
14:06:09.599 [Test worker] DEBUG o.s.c.e.StandardEnvironment - Activating profiles [p1]
14:06:09.599 [Test worker] DEBUG o.s.c.a.AnnotationConfigApplicationContext - Refreshing org.springframework.context.annotation.AnnotationConfigApplicationContext@7dff213
14:06:09.600 [Test worker] DEBUG o.s.b.f.s.DefaultListableBeanFactory - Creating shared instance of singleton bean 'org.springframework.context.annotation.internalConfigurationAnnotationProcessor'
14:06:09.600 [Test worker] DEBUG o.s.b.f.s.DefaultListableBeanFactory - Creating shared instance of singleton bean 'org.springframework.context.event.internalEventListenerProcessor'
14:06:09.600 [Test worker] DEBUG o.s.b.f.s.DefaultListableBeanFactory - Creating shared instance of singleton bean 'org.springframework.context.event.internalEventListenerFactory'
14:06:09.600 [Test worker] DEBUG o.s.b.f.s.DefaultListableBeanFactory - Creating shared instance of singleton bean 'org.springframework.context.annotation.internalAutowiredAnnotationProcessor'
14:06:09.600 [Test worker] DEBUG o.s.b.f.s.DefaultListableBeanFactory - Creating shared instance of singleton bean 'org.springframework.context.annotation.internalCommonAnnotationProcessor'
14:06:09.600 [Test worker] DEBUG o.s.b.f.s.DefaultListableBeanFactory - Creating shared instance of singleton bean 'org.springframework.context.annotation.internalPersistenceAnnotationProcessor'
14:06:09.601 [Test worker] DEBUG o.s.c.e.StandardEnvironment - Activating profiles [prod]
14:06:09.602 [Test worker] DEBUG o.s.c.e.StandardEnvironment - Activating profiles [dev]
14:06:09.602 [Test worker] DEBUG o.s.w.c.s.StandardServletEnvironment - Activating profiles [prod]
14:06:09.603 [Test worker] DEBUG o.s.w.c.s.StaticWebApplicationContext - Refreshing Root WebApplicationContext
14:06:09.603 [Test worker] DEBUG o.s.u.c.s.UiApplicationContextUtils - Unable to locate ThemeSource with name 'themeSource': using default [org.springframework.ui.context.support.ResourceBundleThemeSource@5029369]
14:06:09.603 [Test worker] DEBUG o.s.c.e.PropertySourcesPropertyResolver - Found key 'pCommon' in PropertySource 'servletConfigInitParams' with value of type String
14:06:09.604 [Test worker] DEBUG o.s.c.e.PropertySourcesPropertyResolver - Found key 'pContext1' in PropertySource 'servletContextInitParams' with value of type String
14:06:09.604 [Test worker] DEBUG o.s.c.e.PropertySourcesPropertyResolver - Found key 'pConfig1' in PropertySource 'servletConfigInitParams' with value of type String
14:06:09.604 [Test worker] DEBUG o.s.c.e.PropertySourcesPropertyResolver - Found key 'pCommon' in PropertySource 'servletConfigInitParams' with value of type String
14:06:09.604 [Test worker] DEBUG o.s.c.e.PropertySourcesPropertyResolver - Found key 'pSysProps1' in PropertySource 'systemProperties' with value of type String
14:06:09.605 [Test worker] DEBUG o.s.c.e.StandardEnvironment - Activating profiles [prod]
14:06:09.605 [Test worker] DEBUG o.s.c.e.StandardEnvironment - Activating profiles [dev]
14:06:09.605 [Test worker] DEBUG o.s.w.c.s.StandardServletEnvironment - Activating profiles [prod]
14:06:09.605 [Test worker] DEBUG o.s.w.c.s.StaticWebApplicationContext - Refreshing Root WebApplicationContext
14:06:09.605 [Test worker] DEBUG o.s.u.c.s.UiApplicationContextUtils - Unable to locate ThemeSource with name 'themeSource': using default [org.springframework.ui.context.support.ResourceBundleThemeSource@3e7f68b5]
14:06:09.605 [Test worker] DEBUG o.s.b.f.s.DefaultListableBeanFactory - Creating shared instance of singleton bean 'envAwareBean'
]]></system-out>
  <system-err><![CDATA[]]></system-err>
</testsuite>
