<?xml version="1.0" encoding="UTF-8"?>
<testsuite name="org.springframework.aop.framework.autoproxy.AdvisorAutoProxyCreatorIntegrationTests" tests="8" skipped="0" failures="0" errors="0" timestamp="2020-06-22T06:06:08" hostname="aiguoxindeMacBook-Pro.local" time="0.428">
  <properties/>
  <testcase name="testRollbackRulesOnMethodCauseRollback()" classname="org.springframework.aop.framework.autoproxy.AdvisorAutoProxyCreatorIntegrationTests" time="0.24"/>
  <testcase name="testTransactionAttributeOnMethod()" classname="org.springframework.aop.framework.autoproxy.AdvisorAutoProxyCreatorIntegrationTests" time="0.035"/>
  <testcase name="testTxIsProxied()" classname="org.springframework.aop.framework.autoproxy.AdvisorAutoProxyCreatorIntegrationTests" time="0.025"/>
  <testcase name="testRegexpApplied()" classname="org.springframework.aop.framework.autoproxy.AdvisorAutoProxyCreatorIntegrationTests" time="0.022"/>
  <testcase name="testDefaultExclusionPrefix()" classname="org.springframework.aop.framework.autoproxy.AdvisorAutoProxyCreatorIntegrationTests" time="0.024"/>
  <testcase name="testRollbackRulesOnMethodPreventRollback()" classname="org.springframework.aop.framework.autoproxy.AdvisorAutoProxyCreatorIntegrationTests" time="0.037"/>
  <testcase name="testProgrammaticRollback()" classname="org.springframework.aop.framework.autoproxy.AdvisorAutoProxyCreatorIntegrationTests" time="0.021"/>
  <testcase name="testNoProxy()" classname="org.springframework.aop.framework.autoproxy.AdvisorAutoProxyCreatorIntegrationTests" time="0.022"/>
  <system-out><![CDATA[14:06:08.265 [Test worker] DEBUG o.s.c.s.ClassPathXmlApplicationContext - Refreshing org.springframework.context.support.ClassPathXmlApplicationContext@10010d9b
14:06:08.280 [Test worker] DEBUG o.s.b.f.x.XmlBeanDefinitionReader - Loaded 18 bean definitions from class path resource [org/springframework/aop/framework/autoproxy/AdvisorAutoProxyCreatorIntegrationTests-context.xml]
14:06:08.288 [Test worker] DEBUG o.s.b.f.s.DefaultListableBeanFactory - Creating shared instance of singleton bean 'aapc'
14:06:08.289 [Test worker] DEBUG o.s.b.f.s.DefaultListableBeanFactory - Creating shared instance of singleton bean 'orderedBeforeTransaction'
14:06:08.300 [Test worker] DEBUG o.s.b.f.s.DefaultListableBeanFactory - Creating shared instance of singleton bean 'orderedAfterTransaction'
14:06:08.300 [Test worker] DEBUG o.s.b.f.s.DefaultListableBeanFactory - Creating shared instance of singleton bean 'orderedAfterTransaction2'
14:06:08.301 [Test worker] DEBUG o.s.b.f.s.DefaultListableBeanFactory - Creating shared instance of singleton bean 'txManager'
14:06:08.307 [Test worker] DEBUG o.s.b.f.s.DefaultListableBeanFactory - Creating shared instance of singleton bean 'txAdvisor'
14:06:08.310 [Test worker] DEBUG o.s.b.f.s.DefaultListableBeanFactory - Creating shared instance of singleton bean 'txInterceptor'
14:06:08.450 [Test worker] DEBUG o.s.b.f.s.DefaultListableBeanFactory - Creating shared instance of singleton bean 'singletonDependency'
14:06:08.452 [Test worker] DEBUG o.s.b.f.s.DefaultListableBeanFactory - Creating shared instance of singleton bean 'org.springframework.aop.support.RegexpMethodPointcutAdvisor#0'
14:06:08.455 [Test worker] DEBUG o.s.b.f.s.DefaultListableBeanFactory - Creating shared instance of singleton bean 'countingAdvice'
14:06:08.463 [Test worker] DEBUG o.s.b.f.s.DefaultListableBeanFactory - Creating shared instance of singleton bean 'tas'
14:06:08.469 [Test worker] DEBUG o.s.t.i.NameMatchTransactionAttributeSource - Adding transactional method [rollbackOnly] with attribute [PROPAGATION_REQUIRED,ISOLATION_DEFAULT]
14:06:08.469 [Test worker] DEBUG o.s.t.i.NameMatchTransactionAttributeSource - Adding transactional method [setA*] with attribute [PROPAGATION_REQUIRED,ISOLATION_DEFAULT]
14:06:08.469 [Test worker] DEBUG o.s.t.i.NameMatchTransactionAttributeSource - Adding transactional method [echoException] with attribute [PROPAGATION_REQUIRED,ISOLATION_DEFAULT,+javax.servlet.ServletException,-java.lang.Exception]
14:06:08.472 [Test worker] DEBUG o.s.b.f.s.DefaultListableBeanFactory - Creating shared instance of singleton bean 'test'
14:06:08.474 [Test worker] DEBUG o.s.b.f.s.DefaultListableBeanFactory - Creating shared instance of singleton bean 'noSetters'
14:06:08.476 [Test worker] DEBUG o.s.b.f.s.DefaultListableBeanFactory - Creating shared instance of singleton bean 'rollback'
14:06:08.482 [Test worker] DEBUG o.s.b.f.s.DefaultListableBeanFactory - Creating shared instance of singleton bean 'tb'
14:06:08.483 [Test worker] DEBUG o.s.b.f.s.DefaultListableBeanFactory - Creating shared instance of singleton bean 'nullValueReturned'
14:06:08.496 [Test worker] DEBUG o.s.t.t.CallCountingTransactionManager - Creating new transaction with name [org.springframework.aop.framework.autoproxy.Rollback.echoException]: PROPAGATION_REQUIRED,ISOLATION_DEFAULT,+javax.servlet.ServletException,-java.lang.Exception
14:06:08.501 [Test worker] DEBUG o.s.t.t.CallCountingTransactionManager - Initiating transaction commit
14:06:08.502 [Test worker] DEBUG o.s.t.t.CallCountingTransactionManager - Creating new transaction with name [org.springframework.aop.framework.autoproxy.Rollback.echoException]: PROPAGATION_REQUIRED,ISOLATION_DEFAULT,+javax.servlet.ServletException,-java.lang.Exception
14:06:08.502 [Test worker] DEBUG o.s.t.t.CallCountingTransactionManager - Initiating transaction rollback
14:06:08.503 [Test worker] DEBUG o.s.c.s.ClassPathXmlApplicationContext - Refreshing org.springframework.context.support.ClassPathXmlApplicationContext@2caa1ef7
14:06:08.514 [Test worker] DEBUG o.s.b.f.x.XmlBeanDefinitionReader - Loaded 18 bean definitions from class path resource [org/springframework/aop/framework/autoproxy/AdvisorAutoProxyCreatorIntegrationTests-context.xml]
14:06:08.515 [Test worker] DEBUG o.s.b.f.s.DefaultListableBeanFactory - Creating shared instance of singleton bean 'aapc'
14:06:08.516 [Test worker] DEBUG o.s.b.f.s.DefaultListableBeanFactory - Creating shared instance of singleton bean 'orderedBeforeTransaction'
14:06:08.517 [Test worker] DEBUG o.s.b.f.s.DefaultListableBeanFactory - Creating shared instance of singleton bean 'orderedAfterTransaction'
14:06:08.518 [Test worker] DEBUG o.s.b.f.s.DefaultListableBeanFactory - Creating shared instance of singleton bean 'orderedAfterTransaction2'
14:06:08.518 [Test worker] DEBUG o.s.b.f.s.DefaultListableBeanFactory - Creating shared instance of singleton bean 'txManager'
14:06:08.519 [Test worker] DEBUG o.s.b.f.s.DefaultListableBeanFactory - Creating shared instance of singleton bean 'txAdvisor'
14:06:08.519 [Test worker] DEBUG o.s.b.f.s.DefaultListableBeanFactory - Creating shared instance of singleton bean 'txInterceptor'
14:06:08.520 [Test worker] DEBUG o.s.b.f.s.DefaultListableBeanFactory - Creating shared instance of singleton bean 'singletonDependency'
14:06:08.523 [Test worker] DEBUG o.s.b.f.s.DefaultListableBeanFactory - Creating shared instance of singleton bean 'org.springframework.aop.support.RegexpMethodPointcutAdvisor#0'
14:06:08.524 [Test worker] DEBUG o.s.b.f.s.DefaultListableBeanFactory - Creating shared instance of singleton bean 'countingAdvice'
14:06:08.526 [Test worker] DEBUG o.s.b.f.s.DefaultListableBeanFactory - Creating shared instance of singleton bean 'tas'
14:06:08.526 [Test worker] DEBUG o.s.t.i.NameMatchTransactionAttributeSource - Adding transactional method [rollbackOnly] with attribute [PROPAGATION_REQUIRED,ISOLATION_DEFAULT]
14:06:08.526 [Test worker] DEBUG o.s.t.i.NameMatchTransactionAttributeSource - Adding transactional method [setA*] with attribute [PROPAGATION_REQUIRED,ISOLATION_DEFAULT]
14:06:08.527 [Test worker] DEBUG o.s.t.i.NameMatchTransactionAttributeSource - Adding transactional method [echoException] with attribute [PROPAGATION_REQUIRED,ISOLATION_DEFAULT,+javax.servlet.ServletException,-java.lang.Exception]
14:06:08.529 [Test worker] DEBUG o.s.b.f.s.DefaultListableBeanFactory - Creating shared instance of singleton bean 'test'
14:06:08.530 [Test worker] DEBUG o.s.b.f.s.DefaultListableBeanFactory - Creating shared instance of singleton bean 'noSetters'
14:06:08.531 [Test worker] DEBUG o.s.b.f.s.DefaultListableBeanFactory - Creating shared instance of singleton bean 'rollback'
14:06:08.532 [Test worker] DEBUG o.s.b.f.s.DefaultListableBeanFactory - Creating shared instance of singleton bean 'tb'
14:06:08.533 [Test worker] DEBUG o.s.b.f.s.DefaultListableBeanFactory - Creating shared instance of singleton bean 'nullValueReturned'
14:06:08.537 [Test worker] DEBUG o.s.t.t.CallCountingTransactionManager - Creating new transaction with name [org.springframework.beans.testfixture.beans.TestBean.setAge]: PROPAGATION_REQUIRED,ISOLATION_DEFAULT
14:06:08.537 [Test worker] DEBUG o.s.t.t.CallCountingTransactionManager - Initiating transaction commit
14:06:08.538 [Test worker] DEBUG o.s.c.s.ClassPathXmlApplicationContext - Refreshing org.springframework.context.support.ClassPathXmlApplicationContext@4dda0be7
14:06:08.547 [Test worker] DEBUG o.s.b.f.x.XmlBeanDefinitionReader - Loaded 18 bean definitions from class path resource [org/springframework/aop/framework/autoproxy/AdvisorAutoProxyCreatorIntegrationTests-context.xml]
14:06:08.548 [Test worker] DEBUG o.s.b.f.s.DefaultListableBeanFactory - Creating shared instance of singleton bean 'aapc'
14:06:08.548 [Test worker] DEBUG o.s.b.f.s.DefaultListableBeanFactory - Creating shared instance of singleton bean 'orderedBeforeTransaction'
14:06:08.549 [Test worker] DEBUG o.s.b.f.s.DefaultListableBeanFactory - Creating shared instance of singleton bean 'orderedAfterTransaction'
14:06:08.549 [Test worker] DEBUG o.s.b.f.s.DefaultListableBeanFactory - Creating shared instance of singleton bean 'orderedAfterTransaction2'
14:06:08.550 [Test worker] DEBUG o.s.b.f.s.DefaultListableBeanFactory - Creating shared instance of singleton bean 'txManager'
14:06:08.550 [Test worker] DEBUG o.s.b.f.s.DefaultListableBeanFactory - Creating shared instance of singleton bean 'txAdvisor'
14:06:08.550 [Test worker] DEBUG o.s.b.f.s.DefaultListableBeanFactory - Creating shared instance of singleton bean 'txInterceptor'
14:06:08.551 [Test worker] DEBUG o.s.b.f.s.DefaultListableBeanFactory - Creating shared instance of singleton bean 'singletonDependency'
14:06:08.553 [Test worker] DEBUG o.s.b.f.s.DefaultListableBeanFactory - Creating shared instance of singleton bean 'org.springframework.aop.support.RegexpMethodPointcutAdvisor#0'
14:06:08.553 [Test worker] DEBUG o.s.b.f.s.DefaultListableBeanFactory - Creating shared instance of singleton bean 'countingAdvice'
14:06:08.554 [Test worker] DEBUG o.s.b.f.s.DefaultListableBeanFactory - Creating shared instance of singleton bean 'tas'
14:06:08.555 [Test worker] DEBUG o.s.t.i.NameMatchTransactionAttributeSource - Adding transactional method [rollbackOnly] with attribute [PROPAGATION_REQUIRED,ISOLATION_DEFAULT]
14:06:08.555 [Test worker] DEBUG o.s.t.i.NameMatchTransactionAttributeSource - Adding transactional method [setA*] with attribute [PROPAGATION_REQUIRED,ISOLATION_DEFAULT]
14:06:08.556 [Test worker] DEBUG o.s.t.i.NameMatchTransactionAttributeSource - Adding transactional method [echoException] with attribute [PROPAGATION_REQUIRED,ISOLATION_DEFAULT,+javax.servlet.ServletException,-java.lang.Exception]
14:06:08.558 [Test worker] DEBUG o.s.b.f.s.DefaultListableBeanFactory - Creating shared instance of singleton bean 'test'
14:06:08.559 [Test worker] DEBUG o.s.b.f.s.DefaultListableBeanFactory - Creating shared instance of singleton bean 'noSetters'
14:06:08.559 [Test worker] DEBUG o.s.b.f.s.DefaultListableBeanFactory - Creating shared instance of singleton bean 'rollback'
14:06:08.560 [Test worker] DEBUG o.s.b.f.s.DefaultListableBeanFactory - Creating shared instance of singleton bean 'tb'
14:06:08.561 [Test worker] DEBUG o.s.b.f.s.DefaultListableBeanFactory - Creating shared instance of singleton bean 'nullValueReturned'
14:06:08.563 [Test worker] DEBUG o.s.c.s.ClassPathXmlApplicationContext - Refreshing org.springframework.context.support.ClassPathXmlApplicationContext@5457a8d7
14:06:08.571 [Test worker] DEBUG o.s.b.f.x.XmlBeanDefinitionReader - Loaded 18 bean definitions from class path resource [org/springframework/aop/framework/autoproxy/AdvisorAutoProxyCreatorIntegrationTests-context.xml]
14:06:08.571 [Test worker] DEBUG o.s.b.f.s.DefaultListableBeanFactory - Creating shared instance of singleton bean 'aapc'
14:06:08.572 [Test worker] DEBUG o.s.b.f.s.DefaultListableBeanFactory - Creating shared instance of singleton bean 'orderedBeforeTransaction'
14:06:08.572 [Test worker] DEBUG o.s.b.f.s.DefaultListableBeanFactory - Creating shared instance of singleton bean 'orderedAfterTransaction'
14:06:08.573 [Test worker] DEBUG o.s.b.f.s.DefaultListableBeanFactory - Creating shared instance of singleton bean 'orderedAfterTransaction2'
14:06:08.573 [Test worker] DEBUG o.s.b.f.s.DefaultListableBeanFactory - Creating shared instance of singleton bean 'txManager'
14:06:08.574 [Test worker] DEBUG o.s.b.f.s.DefaultListableBeanFactory - Creating shared instance of singleton bean 'txAdvisor'
14:06:08.574 [Test worker] DEBUG o.s.b.f.s.DefaultListableBeanFactory - Creating shared instance of singleton bean 'txInterceptor'
14:06:08.574 [Test worker] DEBUG o.s.b.f.s.DefaultListableBeanFactory - Creating shared instance of singleton bean 'singletonDependency'
14:06:08.576 [Test worker] DEBUG o.s.b.f.s.DefaultListableBeanFactory - Creating shared instance of singleton bean 'org.springframework.aop.support.RegexpMethodPointcutAdvisor#0'
14:06:08.576 [Test worker] DEBUG o.s.b.f.s.DefaultListableBeanFactory - Creating shared instance of singleton bean 'countingAdvice'
14:06:08.578 [Test worker] DEBUG o.s.b.f.s.DefaultListableBeanFactory - Creating shared instance of singleton bean 'tas'
14:06:08.579 [Test worker] DEBUG o.s.t.i.NameMatchTransactionAttributeSource - Adding transactional method [rollbackOnly] with attribute [PROPAGATION_REQUIRED,ISOLATION_DEFAULT]
14:06:08.579 [Test worker] DEBUG o.s.t.i.NameMatchTransactionAttributeSource - Adding transactional method [setA*] with attribute [PROPAGATION_REQUIRED,ISOLATION_DEFAULT]
14:06:08.579 [Test worker] DEBUG o.s.t.i.NameMatchTransactionAttributeSource - Adding transactional method [echoException] with attribute [PROPAGATION_REQUIRED,ISOLATION_DEFAULT,+javax.servlet.ServletException,-java.lang.Exception]
14:06:08.581 [Test worker] DEBUG o.s.b.f.s.DefaultListableBeanFactory - Creating shared instance of singleton bean 'test'
14:06:08.581 [Test worker] DEBUG o.s.b.f.s.DefaultListableBeanFactory - Creating shared instance of singleton bean 'noSetters'
14:06:08.582 [Test worker] DEBUG o.s.b.f.s.DefaultListableBeanFactory - Creating shared instance of singleton bean 'rollback'
14:06:08.583 [Test worker] DEBUG o.s.b.f.s.DefaultListableBeanFactory - Creating shared instance of singleton bean 'tb'
14:06:08.584 [Test worker] DEBUG o.s.b.f.s.DefaultListableBeanFactory - Creating shared instance of singleton bean 'nullValueReturned'
14:06:08.586 [Test worker] DEBUG o.s.c.s.ClassPathXmlApplicationContext - Refreshing org.springframework.context.support.ClassPathXmlApplicationContext@11231f51
14:06:08.593 [Test worker] DEBUG o.s.b.f.x.XmlBeanDefinitionReader - Loaded 18 bean definitions from class path resource [org/springframework/aop/framework/autoproxy/AdvisorAutoProxyCreatorIntegrationTests-context.xml]
14:06:08.594 [Test worker] DEBUG o.s.b.f.s.DefaultListableBeanFactory - Creating shared instance of singleton bean 'aapc'
14:06:08.594 [Test worker] DEBUG o.s.b.f.s.DefaultListableBeanFactory - Creating shared instance of singleton bean 'orderedBeforeTransaction'
14:06:08.595 [Test worker] DEBUG o.s.b.f.s.DefaultListableBeanFactory - Creating shared instance of singleton bean 'orderedAfterTransaction'
14:06:08.595 [Test worker] DEBUG o.s.b.f.s.DefaultListableBeanFactory - Creating shared instance of singleton bean 'orderedAfterTransaction2'
14:06:08.596 [Test worker] DEBUG o.s.b.f.s.DefaultListableBeanFactory - Creating shared instance of singleton bean 'txManager'
14:06:08.596 [Test worker] DEBUG o.s.b.f.s.DefaultListableBeanFactory - Creating shared instance of singleton bean 'txAdvisor'
14:06:08.597 [Test worker] DEBUG o.s.b.f.s.DefaultListableBeanFactory - Creating shared instance of singleton bean 'txInterceptor'
14:06:08.597 [Test worker] DEBUG o.s.b.f.s.DefaultListableBeanFactory - Creating shared instance of singleton bean 'singletonDependency'
14:06:08.599 [Test worker] DEBUG o.s.b.f.s.DefaultListableBeanFactory - Creating shared instance of singleton bean 'org.springframework.aop.support.RegexpMethodPointcutAdvisor#0'
14:06:08.599 [Test worker] DEBUG o.s.b.f.s.DefaultListableBeanFactory - Creating shared instance of singleton bean 'countingAdvice'
14:06:08.601 [Test worker] DEBUG o.s.b.f.s.DefaultListableBeanFactory - Creating shared instance of singleton bean 'tas'
14:06:08.602 [Test worker] DEBUG o.s.t.i.NameMatchTransactionAttributeSource - Adding transactional method [rollbackOnly] with attribute [PROPAGATION_REQUIRED,ISOLATION_DEFAULT]
14:06:08.602 [Test worker] DEBUG o.s.t.i.NameMatchTransactionAttributeSource - Adding transactional method [setA*] with attribute [PROPAGATION_REQUIRED,ISOLATION_DEFAULT]
14:06:08.602 [Test worker] DEBUG o.s.t.i.NameMatchTransactionAttributeSource - Adding transactional method [echoException] with attribute [PROPAGATION_REQUIRED,ISOLATION_DEFAULT,+javax.servlet.ServletException,-java.lang.Exception]
14:06:08.604 [Test worker] DEBUG o.s.b.f.s.DefaultListableBeanFactory - Creating shared instance of singleton bean 'test'
14:06:08.605 [Test worker] DEBUG o.s.b.f.s.DefaultListableBeanFactory - Creating shared instance of singleton bean 'noSetters'
14:06:08.606 [Test worker] DEBUG o.s.b.f.s.DefaultListableBeanFactory - Creating shared instance of singleton bean 'rollback'
14:06:08.607 [Test worker] DEBUG o.s.b.f.s.DefaultListableBeanFactory - Creating shared instance of singleton bean 'tb'
14:06:08.608 [Test worker] DEBUG o.s.b.f.s.DefaultListableBeanFactory - Creating shared instance of singleton bean 'nullValueReturned'
14:06:08.611 [Test worker] DEBUG o.s.c.s.ClassPathXmlApplicationContext - Refreshing org.springframework.context.support.ClassPathXmlApplicationContext@10f920a1
14:06:08.618 [Test worker] DEBUG o.s.b.f.x.XmlBeanDefinitionReader - Loaded 18 bean definitions from class path resource [org/springframework/aop/framework/autoproxy/AdvisorAutoProxyCreatorIntegrationTests-context.xml]
14:06:08.619 [Test worker] DEBUG o.s.b.f.s.DefaultListableBeanFactory - Creating shared instance of singleton bean 'aapc'
14:06:08.620 [Test worker] DEBUG o.s.b.f.s.DefaultListableBeanFactory - Creating shared instance of singleton bean 'orderedBeforeTransaction'
14:06:08.621 [Test worker] DEBUG o.s.b.f.s.DefaultListableBeanFactory - Creating shared instance of singleton bean 'orderedAfterTransaction'
14:06:08.622 [Test worker] DEBUG o.s.b.f.s.DefaultListableBeanFactory - Creating shared instance of singleton bean 'orderedAfterTransaction2'
14:06:08.622 [Test worker] DEBUG o.s.b.f.s.DefaultListableBeanFactory - Creating shared instance of singleton bean 'txManager'
14:06:08.623 [Test worker] DEBUG o.s.b.f.s.DefaultListableBeanFactory - Creating shared instance of singleton bean 'txAdvisor'
14:06:08.624 [Test worker] DEBUG o.s.b.f.s.DefaultListableBeanFactory - Creating shared instance of singleton bean 'txInterceptor'
14:06:08.625 [Test worker] DEBUG o.s.b.f.s.DefaultListableBeanFactory - Creating shared instance of singleton bean 'singletonDependency'
14:06:08.627 [Test worker] DEBUG o.s.b.f.s.DefaultListableBeanFactory - Creating shared instance of singleton bean 'org.springframework.aop.support.RegexpMethodPointcutAdvisor#0'
14:06:08.627 [Test worker] DEBUG o.s.b.f.s.DefaultListableBeanFactory - Creating shared instance of singleton bean 'countingAdvice'
14:06:08.637 [Test worker] DEBUG o.s.b.f.s.DefaultListableBeanFactory - Creating shared instance of singleton bean 'tas'
14:06:08.638 [Test worker] DEBUG o.s.t.i.NameMatchTransactionAttributeSource - Adding transactional method [rollbackOnly] with attribute [PROPAGATION_REQUIRED,ISOLATION_DEFAULT]
14:06:08.638 [Test worker] DEBUG o.s.t.i.NameMatchTransactionAttributeSource - Adding transactional method [setA*] with attribute [PROPAGATION_REQUIRED,ISOLATION_DEFAULT]
14:06:08.638 [Test worker] DEBUG o.s.t.i.NameMatchTransactionAttributeSource - Adding transactional method [echoException] with attribute [PROPAGATION_REQUIRED,ISOLATION_DEFAULT,+javax.servlet.ServletException,-java.lang.Exception]
14:06:08.640 [Test worker] DEBUG o.s.b.f.s.DefaultListableBeanFactory - Creating shared instance of singleton bean 'test'
14:06:08.641 [Test worker] DEBUG o.s.b.f.s.DefaultListableBeanFactory - Creating shared instance of singleton bean 'noSetters'
14:06:08.642 [Test worker] DEBUG o.s.b.f.s.DefaultListableBeanFactory - Creating shared instance of singleton bean 'rollback'
14:06:08.643 [Test worker] DEBUG o.s.b.f.s.DefaultListableBeanFactory - Creating shared instance of singleton bean 'tb'
14:06:08.643 [Test worker] DEBUG o.s.b.f.s.DefaultListableBeanFactory - Creating shared instance of singleton bean 'nullValueReturned'
14:06:08.646 [Test worker] DEBUG o.s.t.t.CallCountingTransactionManager - Creating new transaction with name [org.springframework.aop.framework.autoproxy.Rollback.echoException]: PROPAGATION_REQUIRED,ISOLATION_DEFAULT,+javax.servlet.ServletException,-java.lang.Exception
14:06:08.646 [Test worker] DEBUG o.s.t.t.CallCountingTransactionManager - Initiating transaction commit
14:06:08.647 [Test worker] DEBUG o.s.c.s.ClassPathXmlApplicationContext - Refreshing org.springframework.context.support.ClassPathXmlApplicationContext@6c71ff43
14:06:08.654 [Test worker] DEBUG o.s.b.f.x.XmlBeanDefinitionReader - Loaded 18 bean definitions from class path resource [org/springframework/aop/framework/autoproxy/AdvisorAutoProxyCreatorIntegrationTests-context.xml]
14:06:08.655 [Test worker] DEBUG o.s.b.f.s.DefaultListableBeanFactory - Creating shared instance of singleton bean 'aapc'
14:06:08.655 [Test worker] DEBUG o.s.b.f.s.DefaultListableBeanFactory - Creating shared instance of singleton bean 'orderedBeforeTransaction'
14:06:08.656 [Test worker] DEBUG o.s.b.f.s.DefaultListableBeanFactory - Creating shared instance of singleton bean 'orderedAfterTransaction'
14:06:08.656 [Test worker] DEBUG o.s.b.f.s.DefaultListableBeanFactory - Creating shared instance of singleton bean 'orderedAfterTransaction2'
14:06:08.656 [Test worker] DEBUG o.s.b.f.s.DefaultListableBeanFactory - Creating shared instance of singleton bean 'txManager'
14:06:08.657 [Test worker] DEBUG o.s.b.f.s.DefaultListableBeanFactory - Creating shared instance of singleton bean 'txAdvisor'
14:06:08.657 [Test worker] DEBUG o.s.b.f.s.DefaultListableBeanFactory - Creating shared instance of singleton bean 'txInterceptor'
14:06:08.658 [Test worker] DEBUG o.s.b.f.s.DefaultListableBeanFactory - Creating shared instance of singleton bean 'singletonDependency'
14:06:08.659 [Test worker] DEBUG o.s.b.f.s.DefaultListableBeanFactory - Creating shared instance of singleton bean 'org.springframework.aop.support.RegexpMethodPointcutAdvisor#0'
14:06:08.659 [Test worker] DEBUG o.s.b.f.s.DefaultListableBeanFactory - Creating shared instance of singleton bean 'countingAdvice'
14:06:08.661 [Test worker] DEBUG o.s.b.f.s.DefaultListableBeanFactory - Creating shared instance of singleton bean 'tas'
14:06:08.661 [Test worker] DEBUG o.s.t.i.NameMatchTransactionAttributeSource - Adding transactional method [rollbackOnly] with attribute [PROPAGATION_REQUIRED,ISOLATION_DEFAULT]
14:06:08.661 [Test worker] DEBUG o.s.t.i.NameMatchTransactionAttributeSource - Adding transactional method [setA*] with attribute [PROPAGATION_REQUIRED,ISOLATION_DEFAULT]
14:06:08.661 [Test worker] DEBUG o.s.t.i.NameMatchTransactionAttributeSource - Adding transactional method [echoException] with attribute [PROPAGATION_REQUIRED,ISOLATION_DEFAULT,+javax.servlet.ServletException,-java.lang.Exception]
14:06:08.662 [Test worker] DEBUG o.s.b.f.s.DefaultListableBeanFactory - Creating shared instance of singleton bean 'test'
14:06:08.663 [Test worker] DEBUG o.s.b.f.s.DefaultListableBeanFactory - Creating shared instance of singleton bean 'noSetters'
14:06:08.664 [Test worker] DEBUG o.s.b.f.s.DefaultListableBeanFactory - Creating shared instance of singleton bean 'rollback'
14:06:08.664 [Test worker] DEBUG o.s.b.f.s.DefaultListableBeanFactory - Creating shared instance of singleton bean 'tb'
14:06:08.665 [Test worker] DEBUG o.s.b.f.s.DefaultListableBeanFactory - Creating shared instance of singleton bean 'nullValueReturned'
14:06:08.667 [Test worker] DEBUG o.s.t.t.CallCountingTransactionManager - Creating new transaction with name [org.springframework.aop.framework.autoproxy.Rollback.rollbackOnly]: PROPAGATION_REQUIRED,ISOLATION_DEFAULT
14:06:08.667 [Test worker] DEBUG o.s.t.t.CallCountingTransactionManager - Initiating transaction commit
14:06:08.667 [Test worker] DEBUG o.s.t.t.CallCountingTransactionManager - Creating new transaction with name [org.springframework.aop.framework.autoproxy.Rollback.rollbackOnly]: PROPAGATION_REQUIRED,ISOLATION_DEFAULT
14:06:08.667 [Test worker] DEBUG o.s.t.t.CallCountingTransactionManager - Transactional code has requested rollback
14:06:08.667 [Test worker] DEBUG o.s.t.t.CallCountingTransactionManager - Initiating transaction rollback
14:06:08.669 [Test worker] DEBUG o.s.c.s.ClassPathXmlApplicationContext - Refreshing org.springframework.context.support.ClassPathXmlApplicationContext@4c56b4cb
14:06:08.675 [Test worker] DEBUG o.s.b.f.x.XmlBeanDefinitionReader - Loaded 18 bean definitions from class path resource [org/springframework/aop/framework/autoproxy/AdvisorAutoProxyCreatorIntegrationTests-context.xml]
14:06:08.676 [Test worker] DEBUG o.s.b.f.s.DefaultListableBeanFactory - Creating shared instance of singleton bean 'aapc'
14:06:08.677 [Test worker] DEBUG o.s.b.f.s.DefaultListableBeanFactory - Creating shared instance of singleton bean 'orderedBeforeTransaction'
14:06:08.677 [Test worker] DEBUG o.s.b.f.s.DefaultListableBeanFactory - Creating shared instance of singleton bean 'orderedAfterTransaction'
14:06:08.678 [Test worker] DEBUG o.s.b.f.s.DefaultListableBeanFactory - Creating shared instance of singleton bean 'orderedAfterTransaction2'
14:06:08.679 [Test worker] DEBUG o.s.b.f.s.DefaultListableBeanFactory - Creating shared instance of singleton bean 'txManager'
14:06:08.679 [Test worker] DEBUG o.s.b.f.s.DefaultListableBeanFactory - Creating shared instance of singleton bean 'txAdvisor'
14:06:08.679 [Test worker] DEBUG o.s.b.f.s.DefaultListableBeanFactory - Creating shared instance of singleton bean 'txInterceptor'
14:06:08.680 [Test worker] DEBUG o.s.b.f.s.DefaultListableBeanFactory - Creating shared instance of singleton bean 'singletonDependency'
14:06:08.681 [Test worker] DEBUG o.s.b.f.s.DefaultListableBeanFactory - Creating shared instance of singleton bean 'org.springframework.aop.support.RegexpMethodPointcutAdvisor#0'
14:06:08.682 [Test worker] DEBUG o.s.b.f.s.DefaultListableBeanFactory - Creating shared instance of singleton bean 'countingAdvice'
14:06:08.684 [Test worker] DEBUG o.s.b.f.s.DefaultListableBeanFactory - Creating shared instance of singleton bean 'tas'
14:06:08.685 [Test worker] DEBUG o.s.t.i.NameMatchTransactionAttributeSource - Adding transactional method [rollbackOnly] with attribute [PROPAGATION_REQUIRED,ISOLATION_DEFAULT]
14:06:08.685 [Test worker] DEBUG o.s.t.i.NameMatchTransactionAttributeSource - Adding transactional method [setA*] with attribute [PROPAGATION_REQUIRED,ISOLATION_DEFAULT]
14:06:08.685 [Test worker] DEBUG o.s.t.i.NameMatchTransactionAttributeSource - Adding transactional method [echoException] with attribute [PROPAGATION_REQUIRED,ISOLATION_DEFAULT,+javax.servlet.ServletException,-java.lang.Exception]
14:06:08.686 [Test worker] DEBUG o.s.b.f.s.DefaultListableBeanFactory - Creating shared instance of singleton bean 'test'
14:06:08.687 [Test worker] DEBUG o.s.b.f.s.DefaultListableBeanFactory - Creating shared instance of singleton bean 'noSetters'
14:06:08.688 [Test worker] DEBUG o.s.b.f.s.DefaultListableBeanFactory - Creating shared instance of singleton bean 'rollback'
14:06:08.688 [Test worker] DEBUG o.s.b.f.s.DefaultListableBeanFactory - Creating shared instance of singleton bean 'tb'
14:06:08.689 [Test worker] DEBUG o.s.b.f.s.DefaultListableBeanFactory - Creating shared instance of singleton bean 'nullValueReturned'
]]></system-out>
  <system-err><![CDATA[]]></system-err>
</testsuite>
