<?xml version="1.0" encoding="UTF-8"?>
<testsuite name="org.springframework.aop.config.AopNamespaceHandlerAdviceOrderIntegrationTests$AfterAdviceLastTests" tests="1" skipped="0" failures="0" errors="0" timestamp="2020-06-22T06:06:07" hostname="aiguoxindeMacBook-Pro.local" time="0.091">
  <properties/>
  <testcase name="afterAdviceIsInvokedLast(Echo, InvocationTrackingAspect)" classname="org.springframework.aop.config.AopNamespaceHandlerAdviceOrderIntegrationTests$AfterAdviceLastTests" time="0.091"/>
  <system-out><![CDATA[14:06:07.097 [Test worker] DEBUG o.s.t.c.BootstrapUtils - Instantiating CacheAwareContextLoaderDelegate from class [org.springframework.test.context.cache.DefaultCacheAwareContextLoaderDelegate]
14:06:07.113 [Test worker] DEBUG o.s.t.c.BootstrapUtils - Instantiating BootstrapContext using constructor [public org.springframework.test.context.support.DefaultBootstrapContext(java.lang.Class,org.springframework.test.context.CacheAwareContextLoaderDelegate)]
14:06:07.141 [Test worker] DEBUG o.s.t.c.BootstrapUtils - Instantiating TestContextBootstrapper for test class [org.springframework.aop.config.AopNamespaceHandlerAdviceOrderIntegrationTests$AfterAdviceLastTests] from class [org.springframework.test.context.support.DefaultTestContextBootstrapper]
14:06:07.160 [Test worker] DEBUG o.s.t.c.s.AbstractDelegatingSmartContextLoader - Delegating to GenericXmlContextLoader to process context configuration [ContextConfigurationAttributes@1c7adbe8 declaringClass = 'org.springframework.aop.config.AopNamespaceHandlerAdviceOrderIntegrationTests$AfterAdviceLastTests', classes = '{}', locations = '{AopNamespaceHandlerAdviceOrderIntegrationTests-afterLast.xml}', inheritLocations = true, initializers = '{}', inheritInitializers = true, name = [null], contextLoaderClass = 'org.springframework.test.context.ContextLoader'].
14:06:07.179 [Test worker] DEBUG o.s.t.c.s.ActiveProfilesUtils - Could not find an 'annotation declaring class' for annotation type [org.springframework.test.context.ActiveProfiles] and class [org.springframework.aop.config.AopNamespaceHandlerAdviceOrderIntegrationTests$AfterAdviceLastTests]
14:06:07.179 [Test worker] DEBUG o.s.t.c.s.DefaultTestContextBootstrapper - @TestExecutionListeners is not present for class [org.springframework.aop.config.AopNamespaceHandlerAdviceOrderIntegrationTests$AfterAdviceLastTests]: using defaults.
14:06:07.180 [Test worker] INFO  o.s.t.c.s.DefaultTestContextBootstrapper - Loaded default TestExecutionListener class names from location [META-INF/spring.factories]: [org.springframework.test.context.web.ServletTestExecutionListener, org.springframework.test.context.support.DirtiesContextBeforeModesTestExecutionListener, org.springframework.test.context.support.DependencyInjectionTestExecutionListener, org.springframework.test.context.support.DirtiesContextTestExecutionListener, org.springframework.test.context.transaction.TransactionalTestExecutionListener, org.springframework.test.context.jdbc.SqlScriptsTestExecutionListener, org.springframework.test.context.event.EventPublishingTestExecutionListener]
14:06:07.190 [Test worker] INFO  o.s.t.c.s.DefaultTestContextBootstrapper - Using TestExecutionListeners: [org.springframework.test.context.web.ServletTestExecutionListener@38f881d7, org.springframework.test.context.support.DirtiesContextBeforeModesTestExecutionListener@671047b3, org.springframework.test.context.support.DependencyInjectionTestExecutionListener@26108578, org.springframework.test.context.support.DirtiesContextTestExecutionListener@43a7e3be, org.springframework.test.context.transaction.TransactionalTestExecutionListener@3f2d3424, org.springframework.test.context.jdbc.SqlScriptsTestExecutionListener@5ae5d1ad, org.springframework.test.context.event.EventPublishingTestExecutionListener@787ca4cc]
14:06:07.191 [Test worker] DEBUG o.s.t.c.s.AbstractDirtiesContextTestExecutionListener - Before test class: context [DefaultTestContext@52608ad9 testClass = AopNamespaceHandlerAdviceOrderIntegrationTests.AfterAdviceLastTests, testInstance = [null], testMethod = [null], testException = [null], mergedContextConfiguration = [MergedContextConfiguration@267c4181 testClass = AopNamespaceHandlerAdviceOrderIntegrationTests.AfterAdviceLastTests, locations = '{classpath:/org/springframework/aop/config/AopNamespaceHandlerAdviceOrderIntegrationTests-afterLast.xml}', classes = '{}', contextInitializerClasses = '[]', activeProfiles = '{}', propertySourceLocations = '{}', propertySourceProperties = '{}', contextCustomizers = set[[empty]], contextLoader = 'org.springframework.test.context.support.DelegatingSmartContextLoader', parent = [null]], attributes = map[[empty]]], class annotated with @DirtiesContext [true] with mode [AFTER_CLASS].
14:06:07.200 [Test worker] DEBUG o.s.t.c.s.DependencyInjectionTestExecutionListener - Performing dependency injection for test context [[DefaultTestContext@52608ad9 testClass = AopNamespaceHandlerAdviceOrderIntegrationTests.AfterAdviceLastTests, testInstance = org.springframework.aop.config.AopNamespaceHandlerAdviceOrderIntegrationTests$AfterAdviceLastTests@65864657, testMethod = [null], testException = [null], mergedContextConfiguration = [MergedContextConfiguration@267c4181 testClass = AopNamespaceHandlerAdviceOrderIntegrationTests.AfterAdviceLastTests, locations = '{classpath:/org/springframework/aop/config/AopNamespaceHandlerAdviceOrderIntegrationTests-afterLast.xml}', classes = '{}', contextInitializerClasses = '[]', activeProfiles = '{}', propertySourceLocations = '{}', propertySourceProperties = '{}', contextCustomizers = set[[empty]], contextLoader = 'org.springframework.test.context.support.DelegatingSmartContextLoader', parent = [null]], attributes = map[[empty]]]].
14:06:07.200 [Test worker] DEBUG o.s.t.c.s.AbstractDelegatingSmartContextLoader - Delegating to GenericXmlContextLoader to load context from [MergedContextConfiguration@267c4181 testClass = AopNamespaceHandlerAdviceOrderIntegrationTests.AfterAdviceLastTests, locations = '{classpath:/org/springframework/aop/config/AopNamespaceHandlerAdviceOrderIntegrationTests-afterLast.xml}', classes = '{}', contextInitializerClasses = '[]', activeProfiles = '{}', propertySourceLocations = '{}', propertySourceProperties = '{}', contextCustomizers = set[[empty]], contextLoader = 'org.springframework.test.context.support.DelegatingSmartContextLoader', parent = [null]].
14:06:07.201 [Test worker] DEBUG o.s.t.c.s.AbstractGenericContextLoader - Loading ApplicationContext for merged context configuration [[MergedContextConfiguration@267c4181 testClass = AopNamespaceHandlerAdviceOrderIntegrationTests.AfterAdviceLastTests, locations = '{classpath:/org/springframework/aop/config/AopNamespaceHandlerAdviceOrderIntegrationTests-afterLast.xml}', classes = '{}', contextInitializerClasses = '[]', activeProfiles = '{}', propertySourceLocations = '{}', propertySourceProperties = '{}', contextCustomizers = set[[empty]], contextLoader = 'org.springframework.test.context.support.DelegatingSmartContextLoader', parent = [null]]].
14:06:07.234 [Test worker] DEBUG o.s.c.e.StandardEnvironment - Activating profiles []
14:06:07.378 [Test worker] DEBUG o.s.b.f.x.XmlBeanDefinitionReader - Loaded 9 bean definitions from class path resource [org/springframework/aop/config/AopNamespaceHandlerAdviceOrderIntegrationTests-afterLast.xml]
14:06:07.386 [Test worker] DEBUG o.s.c.s.GenericApplicationContext - Refreshing org.springframework.context.support.GenericApplicationContext@7e2c0595
14:06:07.404 [Test worker] DEBUG o.s.b.f.s.DefaultListableBeanFactory - Creating shared instance of singleton bean 'org.springframework.context.annotation.internalConfigurationAnnotationProcessor'
14:06:07.436 [Test worker] DEBUG o.s.b.f.s.DefaultListableBeanFactory - Creating shared instance of singleton bean 'org.springframework.context.event.internalEventListenerProcessor'
14:06:07.438 [Test worker] DEBUG o.s.b.f.s.DefaultListableBeanFactory - Creating shared instance of singleton bean 'org.springframework.context.event.internalEventListenerFactory'
14:06:07.439 [Test worker] DEBUG o.s.b.f.s.DefaultListableBeanFactory - Creating shared instance of singleton bean 'org.springframework.context.annotation.internalAutowiredAnnotationProcessor'
14:06:07.440 [Test worker] DEBUG o.s.b.f.s.DefaultListableBeanFactory - Creating shared instance of singleton bean 'org.springframework.context.annotation.internalCommonAnnotationProcessor'
14:06:07.443 [Test worker] DEBUG o.s.b.f.s.DefaultListableBeanFactory - Creating shared instance of singleton bean 'org.springframework.context.annotation.internalPersistenceAnnotationProcessor'
14:06:07.444 [Test worker] DEBUG o.s.b.f.s.DefaultListableBeanFactory - Creating shared instance of singleton bean 'org.springframework.aop.config.internalAutoProxyCreator'
14:06:07.488 [Test worker] DEBUG o.s.b.f.s.DefaultListableBeanFactory - Creating shared instance of singleton bean 'echo'
14:06:07.489 [Test worker] DEBUG o.s.b.f.s.DefaultListableBeanFactory - Creating shared instance of singleton bean 'org.springframework.aop.aspectj.AspectJPointcutAdvisor#0'
14:06:07.596 [Test worker] DEBUG o.s.b.f.s.DefaultListableBeanFactory - Creating shared instance of singleton bean 'org.springframework.aop.aspectj.AspectJPointcutAdvisor#1'
14:06:07.603 [Test worker] DEBUG o.s.b.f.s.DefaultListableBeanFactory - Creating shared instance of singleton bean 'org.springframework.aop.aspectj.AspectJPointcutAdvisor#2'
14:06:07.608 [Test worker] DEBUG o.s.b.f.s.DefaultListableBeanFactory - Creating shared instance of singleton bean 'org.springframework.aop.aspectj.AspectJPointcutAdvisor#3'
14:06:07.612 [Test worker] DEBUG o.s.b.f.s.DefaultListableBeanFactory - Creating shared instance of singleton bean 'org.springframework.aop.aspectj.AspectJPointcutAdvisor#4'
14:06:07.709 [Test worker] DEBUG o.s.b.f.s.DefaultListableBeanFactory - Creating shared instance of singleton bean 'invocationTrackingAspect'
14:06:07.718 [Test worker] DEBUG o.s.t.c.c.DefaultCacheAwareContextLoaderDelegate - Storing ApplicationContext [2116814229] in cache under key [[MergedContextConfiguration@267c4181 testClass = AopNamespaceHandlerAdviceOrderIntegrationTests.AfterAdviceLastTests, locations = '{classpath:/org/springframework/aop/config/AopNamespaceHandlerAdviceOrderIntegrationTests-afterLast.xml}', classes = '{}', contextInitializerClasses = '[]', activeProfiles = '{}', propertySourceLocations = '{}', propertySourceProperties = '{}', contextCustomizers = set[[empty]], contextLoader = 'org.springframework.test.context.support.DelegatingSmartContextLoader', parent = [null]]]
14:06:07.718 [Test worker] DEBUG o.s.t.c.cache - Spring test ApplicationContext cache statistics: [DefaultContextCache@252ec327 size = 1, maxSize = 32, parentContextCount = 0, hitCount = 0, missCount = 1]
14:06:07.721 [Test worker] DEBUG o.s.t.c.c.DefaultCacheAwareContextLoaderDelegate - Retrieved ApplicationContext [2116814229] from cache with key [[MergedContextConfiguration@267c4181 testClass = AopNamespaceHandlerAdviceOrderIntegrationTests.AfterAdviceLastTests, locations = '{classpath:/org/springframework/aop/config/AopNamespaceHandlerAdviceOrderIntegrationTests-afterLast.xml}', classes = '{}', contextInitializerClasses = '[]', activeProfiles = '{}', propertySourceLocations = '{}', propertySourceProperties = '{}', contextCustomizers = set[[empty]], contextLoader = 'org.springframework.test.context.support.DelegatingSmartContextLoader', parent = [null]]]
14:06:07.722 [Test worker] DEBUG o.s.t.c.cache - Spring test ApplicationContext cache statistics: [DefaultContextCache@252ec327 size = 1, maxSize = 32, parentContextCount = 0, hitCount = 1, missCount = 1]
14:06:07.728 [Test worker] DEBUG o.s.t.c.s.AbstractDirtiesContextTestExecutionListener - Before test method: context [DefaultTestContext@52608ad9 testClass = AopNamespaceHandlerAdviceOrderIntegrationTests.AfterAdviceLastTests, testInstance = org.springframework.aop.config.AopNamespaceHandlerAdviceOrderIntegrationTests$AfterAdviceLastTests@65864657, testMethod = afterAdviceIsInvokedLast@AopNamespaceHandlerAdviceOrderIntegrationTests.AfterAdviceLastTests, testException = [null], mergedContextConfiguration = [MergedContextConfiguration@267c4181 testClass = AopNamespaceHandlerAdviceOrderIntegrationTests.AfterAdviceLastTests, locations = '{classpath:/org/springframework/aop/config/AopNamespaceHandlerAdviceOrderIntegrationTests-afterLast.xml}', classes = '{}', contextInitializerClasses = '[]', activeProfiles = '{}', propertySourceLocations = '{}', propertySourceProperties = '{}', contextCustomizers = set[[empty]], contextLoader = 'org.springframework.test.context.support.DelegatingSmartContextLoader', parent = [null]], attributes = map[[empty]]], class annotated with @DirtiesContext [true] with mode [AFTER_CLASS], method annotated with @DirtiesContext [false] with mode [null].
14:06:07.732 [Test worker] DEBUG o.s.t.c.c.DefaultCacheAwareContextLoaderDelegate - Retrieved ApplicationContext [2116814229] from cache with key [[MergedContextConfiguration@267c4181 testClass = AopNamespaceHandlerAdviceOrderIntegrationTests.AfterAdviceLastTests, locations = '{classpath:/org/springframework/aop/config/AopNamespaceHandlerAdviceOrderIntegrationTests-afterLast.xml}', classes = '{}', contextInitializerClasses = '[]', activeProfiles = '{}', propertySourceLocations = '{}', propertySourceProperties = '{}', contextCustomizers = set[[empty]], contextLoader = 'org.springframework.test.context.support.DelegatingSmartContextLoader', parent = [null]]]
14:06:07.733 [Test worker] DEBUG o.s.t.c.cache - Spring test ApplicationContext cache statistics: [DefaultContextCache@252ec327 size = 1, maxSize = 32, parentContextCount = 0, hitCount = 2, missCount = 1]
14:06:07.734 [Test worker] DEBUG o.s.t.c.c.DefaultCacheAwareContextLoaderDelegate - Retrieved ApplicationContext [2116814229] from cache with key [[MergedContextConfiguration@267c4181 testClass = AopNamespaceHandlerAdviceOrderIntegrationTests.AfterAdviceLastTests, locations = '{classpath:/org/springframework/aop/config/AopNamespaceHandlerAdviceOrderIntegrationTests-afterLast.xml}', classes = '{}', contextInitializerClasses = '[]', activeProfiles = '{}', propertySourceLocations = '{}', propertySourceProperties = '{}', contextCustomizers = set[[empty]], contextLoader = 'org.springframework.test.context.support.DelegatingSmartContextLoader', parent = [null]]]
14:06:07.735 [Test worker] DEBUG o.s.t.c.cache - Spring test ApplicationContext cache statistics: [DefaultContextCache@252ec327 size = 1, maxSize = 32, parentContextCount = 0, hitCount = 3, missCount = 1]
14:06:07.740 [Test worker] DEBUG o.s.t.c.c.DefaultCacheAwareContextLoaderDelegate - Retrieved ApplicationContext [2116814229] from cache with key [[MergedContextConfiguration@267c4181 testClass = AopNamespaceHandlerAdviceOrderIntegrationTests.AfterAdviceLastTests, locations = '{classpath:/org/springframework/aop/config/AopNamespaceHandlerAdviceOrderIntegrationTests-afterLast.xml}', classes = '{}', contextInitializerClasses = '[]', activeProfiles = '{}', propertySourceLocations = '{}', propertySourceProperties = '{}', contextCustomizers = set[[empty]], contextLoader = 'org.springframework.test.context.support.DelegatingSmartContextLoader', parent = [null]]]
14:06:07.740 [Test worker] DEBUG o.s.t.c.cache - Spring test ApplicationContext cache statistics: [DefaultContextCache@252ec327 size = 1, maxSize = 32, parentContextCount = 0, hitCount = 4, missCount = 1]
14:06:07.745 [Test worker] DEBUG o.s.t.c.c.DefaultCacheAwareContextLoaderDelegate - Retrieved ApplicationContext [2116814229] from cache with key [[MergedContextConfiguration@267c4181 testClass = AopNamespaceHandlerAdviceOrderIntegrationTests.AfterAdviceLastTests, locations = '{classpath:/org/springframework/aop/config/AopNamespaceHandlerAdviceOrderIntegrationTests-afterLast.xml}', classes = '{}', contextInitializerClasses = '[]', activeProfiles = '{}', propertySourceLocations = '{}', propertySourceProperties = '{}', contextCustomizers = set[[empty]], contextLoader = 'org.springframework.test.context.support.DelegatingSmartContextLoader', parent = [null]]]
14:06:07.746 [Test worker] DEBUG o.s.t.c.cache - Spring test ApplicationContext cache statistics: [DefaultContextCache@252ec327 size = 1, maxSize = 32, parentContextCount = 0, hitCount = 5, missCount = 1]
14:06:07.808 [Test worker] DEBUG o.s.t.c.c.DefaultCacheAwareContextLoaderDelegate - Retrieved ApplicationContext [2116814229] from cache with key [[MergedContextConfiguration@267c4181 testClass = AopNamespaceHandlerAdviceOrderIntegrationTests.AfterAdviceLastTests, locations = '{classpath:/org/springframework/aop/config/AopNamespaceHandlerAdviceOrderIntegrationTests-afterLast.xml}', classes = '{}', contextInitializerClasses = '[]', activeProfiles = '{}', propertySourceLocations = '{}', propertySourceProperties = '{}', contextCustomizers = set[[empty]], contextLoader = 'org.springframework.test.context.support.DelegatingSmartContextLoader', parent = [null]]]
14:06:07.808 [Test worker] DEBUG o.s.t.c.cache - Spring test ApplicationContext cache statistics: [DefaultContextCache@252ec327 size = 1, maxSize = 32, parentContextCount = 0, hitCount = 6, missCount = 1]
14:06:07.809 [Test worker] DEBUG o.s.t.c.c.DefaultCacheAwareContextLoaderDelegate - Retrieved ApplicationContext [2116814229] from cache with key [[MergedContextConfiguration@267c4181 testClass = AopNamespaceHandlerAdviceOrderIntegrationTests.AfterAdviceLastTests, locations = '{classpath:/org/springframework/aop/config/AopNamespaceHandlerAdviceOrderIntegrationTests-afterLast.xml}', classes = '{}', contextInitializerClasses = '[]', activeProfiles = '{}', propertySourceLocations = '{}', propertySourceProperties = '{}', contextCustomizers = set[[empty]], contextLoader = 'org.springframework.test.context.support.DelegatingSmartContextLoader', parent = [null]]]
14:06:07.809 [Test worker] DEBUG o.s.t.c.cache - Spring test ApplicationContext cache statistics: [DefaultContextCache@252ec327 size = 1, maxSize = 32, parentContextCount = 0, hitCount = 7, missCount = 1]
14:06:07.810 [Test worker] DEBUG o.s.t.c.s.AbstractDirtiesContextTestExecutionListener - After test method: context [DefaultTestContext@52608ad9 testClass = AopNamespaceHandlerAdviceOrderIntegrationTests.AfterAdviceLastTests, testInstance = org.springframework.aop.config.AopNamespaceHandlerAdviceOrderIntegrationTests$AfterAdviceLastTests@65864657, testMethod = afterAdviceIsInvokedLast@AopNamespaceHandlerAdviceOrderIntegrationTests.AfterAdviceLastTests, testException = [null], mergedContextConfiguration = [MergedContextConfiguration@267c4181 testClass = AopNamespaceHandlerAdviceOrderIntegrationTests.AfterAdviceLastTests, locations = '{classpath:/org/springframework/aop/config/AopNamespaceHandlerAdviceOrderIntegrationTests-afterLast.xml}', classes = '{}', contextInitializerClasses = '[]', activeProfiles = '{}', propertySourceLocations = '{}', propertySourceProperties = '{}', contextCustomizers = set[[empty]], contextLoader = 'org.springframework.test.context.support.DelegatingSmartContextLoader', parent = [null]], attributes = map[[empty]]], class annotated with @DirtiesContext [true] with mode [AFTER_CLASS], method annotated with @DirtiesContext [false] with mode [null].
14:06:07.815 [Test worker] DEBUG o.s.t.c.c.DefaultCacheAwareContextLoaderDelegate - Retrieved ApplicationContext [2116814229] from cache with key [[MergedContextConfiguration@267c4181 testClass = AopNamespaceHandlerAdviceOrderIntegrationTests.AfterAdviceLastTests, locations = '{classpath:/org/springframework/aop/config/AopNamespaceHandlerAdviceOrderIntegrationTests-afterLast.xml}', classes = '{}', contextInitializerClasses = '[]', activeProfiles = '{}', propertySourceLocations = '{}', propertySourceProperties = '{}', contextCustomizers = set[[empty]], contextLoader = 'org.springframework.test.context.support.DelegatingSmartContextLoader', parent = [null]]]
14:06:07.815 [Test worker] DEBUG o.s.t.c.cache - Spring test ApplicationContext cache statistics: [DefaultContextCache@252ec327 size = 1, maxSize = 32, parentContextCount = 0, hitCount = 8, missCount = 1]
14:06:07.816 [Test worker] DEBUG o.s.t.c.s.AbstractDirtiesContextTestExecutionListener - After test class: context [DefaultTestContext@52608ad9 testClass = AopNamespaceHandlerAdviceOrderIntegrationTests.AfterAdviceLastTests, testInstance = [null], testMethod = [null], testException = [null], mergedContextConfiguration = [MergedContextConfiguration@267c4181 testClass = AopNamespaceHandlerAdviceOrderIntegrationTests.AfterAdviceLastTests, locations = '{classpath:/org/springframework/aop/config/AopNamespaceHandlerAdviceOrderIntegrationTests-afterLast.xml}', classes = '{}', contextInitializerClasses = '[]', activeProfiles = '{}', propertySourceLocations = '{}', propertySourceProperties = '{}', contextCustomizers = set[[empty]], contextLoader = 'org.springframework.test.context.support.DelegatingSmartContextLoader', parent = [null]], attributes = map[[empty]]], class annotated with @DirtiesContext [true] with mode [AFTER_CLASS].
14:06:07.819 [Test worker] DEBUG o.s.c.s.GenericApplicationContext - Closing org.springframework.context.support.GenericApplicationContext@7e2c0595, started on Mon Jun 22 14:06:07 CST 2020
]]></system-out>
  <system-err><![CDATA[]]></system-err>
</testsuite>
