<?xml version="1.0" encoding="UTF-8"?>
<testsuite name="org.springframework.core.env.PropertyPlaceholderConfigurerEnvironmentIntegrationTests" tests="1" skipped="0" failures="0" errors="0" timestamp="2020-06-22T06:06:09" hostname="aiguoxindeMacBook-Pro.local" time="0.012">
  <properties/>
  <testcase name="test()" classname="org.springframework.core.env.PropertyPlaceholderConfigurerEnvironmentIntegrationTests" time="0.012"/>
  <system-out><![CDATA[14:06:09.608 [Test worker] DEBUG o.s.c.s.GenericApplicationContext - Refreshing org.springframework.context.support.GenericApplicationContext@706eb0b6
14:06:09.608 [Test worker] DEBUG o.s.b.f.s.DefaultListableBeanFactory - Creating shared instance of singleton bean 'ppc'
14:06:09.619 [Test worker] DEBUG o.s.c.s.GenericApplicationContext - Closing org.springframework.context.support.GenericApplicationContext@706eb0b6, started on Mon Jun 22 14:06:09 CST 2020
]]></system-out>
  <system-err><![CDATA[]]></system-err>
</testsuite>
