<?xml version="1.0" encoding="UTF-8"?>
<testsuite name="org.springframework.context.annotation.scope.ClassPathBeanDefinitionScannerScopeIntegrationTests" tests="9" skipped="0" failures="0" errors="0" timestamp="2020-06-22T06:06:09" hostname="aiguoxindeMacBook-Pro.local" time="0.082">
  <properties/>
  <testcase name="sessionScopeWithNoProxy()" classname="org.springframework.context.annotation.scope.ClassPathBeanDefinitionScannerScopeIntegrationTests" time="0.01"/>
  <testcase name="requestScopeWithNoProxy()" classname="org.springframework.context.annotation.scope.ClassPathBeanDefinitionScannerScopeIntegrationTests" time="0.007"/>
  <testcase name="singletonScopeWithNoProxy()" classname="org.springframework.context.annotation.scope.ClassPathBeanDefinitionScannerScopeIntegrationTests" time="0.005"/>
  <testcase name="sessionScopeWithProxiedTargetClass()" classname="org.springframework.context.annotation.scope.ClassPathBeanDefinitionScannerScopeIntegrationTests" time="0.015"/>
  <testcase name="singletonScopeIgnoresProxyInterfaces()" classname="org.springframework.context.annotation.scope.ClassPathBeanDefinitionScannerScopeIntegrationTests" time="0.009"/>
  <testcase name="requestScopeWithProxiedTargetClass()" classname="org.springframework.context.annotation.scope.ClassPathBeanDefinitionScannerScopeIntegrationTests" time="0.009"/>
  <testcase name="singletonScopeIgnoresProxyTargetClass()" classname="org.springframework.context.annotation.scope.ClassPathBeanDefinitionScannerScopeIntegrationTests" time="0.007"/>
  <testcase name="requestScopeWithProxiedInterfaces()" classname="org.springframework.context.annotation.scope.ClassPathBeanDefinitionScannerScopeIntegrationTests" time="0.007"/>
  <testcase name="sessionScopeWithProxiedInterfaces()" classname="org.springframework.context.annotation.scope.ClassPathBeanDefinitionScannerScopeIntegrationTests" time="0.009"/>
  <system-out><![CDATA[14:06:09.143 [Test worker] DEBUG o.s.c.a.ClassPathBeanDefinitionScanner - Identified candidate component class: file [/Volumes/work/aiguoxin/spring-framework/integration-tests/build/classes/java/test/org/springframework/context/annotation/scope/ClassPathBeanDefinitionScannerScopeIntegrationTests$RequestScopedTestBean.class]
14:06:09.144 [Test worker] DEBUG o.s.c.a.ClassPathBeanDefinitionScanner - Identified candidate component class: file [/Volumes/work/aiguoxin/spring-framework/integration-tests/build/classes/java/test/org/springframework/context/annotation/scope/ClassPathBeanDefinitionScannerScopeIntegrationTests$SessionScopedTestBean.class]
14:06:09.144 [Test worker] DEBUG o.s.c.a.ClassPathBeanDefinitionScanner - Identified candidate component class: file [/Volumes/work/aiguoxin/spring-framework/integration-tests/build/classes/java/test/org/springframework/context/annotation/scope/ClassPathBeanDefinitionScannerScopeIntegrationTests$SingletonScopedTestBean.class]
14:06:09.146 [Test worker] DEBUG o.s.c.a.ClassPathBeanDefinitionScanner - Identified candidate component class: file [/Volumes/work/aiguoxin/spring-framework/integration-tests/build/classes/java/test/org/springframework/context/annotation/scope/ClassPathBeanDefinitionScannerScopeIntegrationTests$RequestScopedTestBean.class]
14:06:09.146 [Test worker] DEBUG o.s.c.a.ClassPathBeanDefinitionScanner - Identified candidate component class: file [/Volumes/work/aiguoxin/spring-framework/integration-tests/build/classes/java/test/org/springframework/context/annotation/scope/ClassPathBeanDefinitionScannerScopeIntegrationTests$SessionScopedTestBean.class]
14:06:09.146 [Test worker] DEBUG o.s.c.a.ClassPathBeanDefinitionScanner - Identified candidate component class: file [/Volumes/work/aiguoxin/spring-framework/integration-tests/build/classes/java/test/org/springframework/context/annotation/scope/ClassPathBeanDefinitionScannerScopeIntegrationTests$SingletonScopedTestBean.class]
14:06:09.147 [Test worker] DEBUG o.s.w.c.s.GenericWebApplicationContext - Refreshing org.springframework.web.context.support.GenericWebApplicationContext@346580
14:06:09.147 [Test worker] DEBUG o.s.u.c.s.UiApplicationContextUtils - Unable to locate ThemeSource with name 'themeSource': using default [org.springframework.ui.context.support.ResourceBundleThemeSource@37e127c6]
14:06:09.147 [Test worker] DEBUG o.s.b.f.s.DefaultListableBeanFactory - Creating shared instance of singleton bean 'singleton'
14:06:09.152 [Test worker] DEBUG o.s.c.a.ClassPathBeanDefinitionScanner - Identified candidate component class: file [/Volumes/work/aiguoxin/spring-framework/integration-tests/build/classes/java/test/org/springframework/context/annotation/scope/ClassPathBeanDefinitionScannerScopeIntegrationTests$RequestScopedTestBean.class]
14:06:09.152 [Test worker] DEBUG o.s.c.a.ClassPathBeanDefinitionScanner - Identified candidate component class: file [/Volumes/work/aiguoxin/spring-framework/integration-tests/build/classes/java/test/org/springframework/context/annotation/scope/ClassPathBeanDefinitionScannerScopeIntegrationTests$SessionScopedTestBean.class]
14:06:09.153 [Test worker] DEBUG o.s.c.a.ClassPathBeanDefinitionScanner - Identified candidate component class: file [/Volumes/work/aiguoxin/spring-framework/integration-tests/build/classes/java/test/org/springframework/context/annotation/scope/ClassPathBeanDefinitionScannerScopeIntegrationTests$SingletonScopedTestBean.class]
14:06:09.154 [Test worker] DEBUG o.s.c.a.ClassPathBeanDefinitionScanner - Identified candidate component class: file [/Volumes/work/aiguoxin/spring-framework/integration-tests/build/classes/java/test/org/springframework/context/annotation/scope/ClassPathBeanDefinitionScannerScopeIntegrationTests$RequestScopedTestBean.class]
14:06:09.154 [Test worker] DEBUG o.s.c.a.ClassPathBeanDefinitionScanner - Identified candidate component class: file [/Volumes/work/aiguoxin/spring-framework/integration-tests/build/classes/java/test/org/springframework/context/annotation/scope/ClassPathBeanDefinitionScannerScopeIntegrationTests$SessionScopedTestBean.class]
14:06:09.154 [Test worker] DEBUG o.s.c.a.ClassPathBeanDefinitionScanner - Identified candidate component class: file [/Volumes/work/aiguoxin/spring-framework/integration-tests/build/classes/java/test/org/springframework/context/annotation/scope/ClassPathBeanDefinitionScannerScopeIntegrationTests$SingletonScopedTestBean.class]
14:06:09.155 [Test worker] DEBUG o.s.w.c.s.GenericWebApplicationContext - Refreshing org.springframework.web.context.support.GenericWebApplicationContext@7be030a3
14:06:09.155 [Test worker] DEBUG o.s.u.c.s.UiApplicationContextUtils - Unable to locate ThemeSource with name 'themeSource': using default [org.springframework.ui.context.support.ResourceBundleThemeSource@1d474f01]
14:06:09.155 [Test worker] DEBUG o.s.b.f.s.DefaultListableBeanFactory - Creating shared instance of singleton bean 'singleton'
14:06:09.160 [Test worker] DEBUG o.s.c.a.ClassPathBeanDefinitionScanner - Identified candidate component class: file [/Volumes/work/aiguoxin/spring-framework/integration-tests/build/classes/java/test/org/springframework/context/annotation/scope/ClassPathBeanDefinitionScannerScopeIntegrationTests$RequestScopedTestBean.class]
14:06:09.160 [Test worker] DEBUG o.s.c.a.ClassPathBeanDefinitionScanner - Identified candidate component class: file [/Volumes/work/aiguoxin/spring-framework/integration-tests/build/classes/java/test/org/springframework/context/annotation/scope/ClassPathBeanDefinitionScannerScopeIntegrationTests$SessionScopedTestBean.class]
14:06:09.160 [Test worker] DEBUG o.s.c.a.ClassPathBeanDefinitionScanner - Identified candidate component class: file [/Volumes/work/aiguoxin/spring-framework/integration-tests/build/classes/java/test/org/springframework/context/annotation/scope/ClassPathBeanDefinitionScannerScopeIntegrationTests$SingletonScopedTestBean.class]
14:06:09.162 [Test worker] DEBUG o.s.c.a.ClassPathBeanDefinitionScanner - Identified candidate component class: file [/Volumes/work/aiguoxin/spring-framework/integration-tests/build/classes/java/test/org/springframework/context/annotation/scope/ClassPathBeanDefinitionScannerScopeIntegrationTests$RequestScopedTestBean.class]
14:06:09.162 [Test worker] DEBUG o.s.c.a.ClassPathBeanDefinitionScanner - Identified candidate component class: file [/Volumes/work/aiguoxin/spring-framework/integration-tests/build/classes/java/test/org/springframework/context/annotation/scope/ClassPathBeanDefinitionScannerScopeIntegrationTests$SessionScopedTestBean.class]
14:06:09.162 [Test worker] DEBUG o.s.c.a.ClassPathBeanDefinitionScanner - Identified candidate component class: file [/Volumes/work/aiguoxin/spring-framework/integration-tests/build/classes/java/test/org/springframework/context/annotation/scope/ClassPathBeanDefinitionScannerScopeIntegrationTests$SingletonScopedTestBean.class]
14:06:09.162 [Test worker] DEBUG o.s.w.c.s.GenericWebApplicationContext - Refreshing org.springframework.web.context.support.GenericWebApplicationContext@3e832930
14:06:09.163 [Test worker] DEBUG o.s.u.c.s.UiApplicationContextUtils - Unable to locate ThemeSource with name 'themeSource': using default [org.springframework.ui.context.support.ResourceBundleThemeSource@26319252]
14:06:09.163 [Test worker] DEBUG o.s.b.f.s.DefaultListableBeanFactory - Creating shared instance of singleton bean 'singleton'
14:06:09.166 [Test worker] DEBUG o.s.c.a.ClassPathBeanDefinitionScanner - Identified candidate component class: file [/Volumes/work/aiguoxin/spring-framework/integration-tests/build/classes/java/test/org/springframework/context/annotation/scope/ClassPathBeanDefinitionScannerScopeIntegrationTests$RequestScopedTestBean.class]
14:06:09.166 [Test worker] DEBUG o.s.c.a.ClassPathBeanDefinitionScanner - Identified candidate component class: file [/Volumes/work/aiguoxin/spring-framework/integration-tests/build/classes/java/test/org/springframework/context/annotation/scope/ClassPathBeanDefinitionScannerScopeIntegrationTests$SessionScopedTestBean.class]
14:06:09.167 [Test worker] DEBUG o.s.c.a.ClassPathBeanDefinitionScanner - Identified candidate component class: file [/Volumes/work/aiguoxin/spring-framework/integration-tests/build/classes/java/test/org/springframework/context/annotation/scope/ClassPathBeanDefinitionScannerScopeIntegrationTests$SingletonScopedTestBean.class]
14:06:09.168 [Test worker] DEBUG o.s.c.a.ClassPathBeanDefinitionScanner - Identified candidate component class: file [/Volumes/work/aiguoxin/spring-framework/integration-tests/build/classes/java/test/org/springframework/context/annotation/scope/ClassPathBeanDefinitionScannerScopeIntegrationTests$RequestScopedTestBean.class]
14:06:09.168 [Test worker] DEBUG o.s.c.a.ClassPathBeanDefinitionScanner - Identified candidate component class: file [/Volumes/work/aiguoxin/spring-framework/integration-tests/build/classes/java/test/org/springframework/context/annotation/scope/ClassPathBeanDefinitionScannerScopeIntegrationTests$SessionScopedTestBean.class]
14:06:09.168 [Test worker] DEBUG o.s.c.a.ClassPathBeanDefinitionScanner - Identified candidate component class: file [/Volumes/work/aiguoxin/spring-framework/integration-tests/build/classes/java/test/org/springframework/context/annotation/scope/ClassPathBeanDefinitionScannerScopeIntegrationTests$SingletonScopedTestBean.class]
14:06:09.169 [Test worker] DEBUG o.s.w.c.s.GenericWebApplicationContext - Refreshing org.springframework.web.context.support.GenericWebApplicationContext@6adfd006
14:06:09.169 [Test worker] DEBUG o.s.u.c.s.UiApplicationContextUtils - Unable to locate ThemeSource with name 'themeSource': using default [org.springframework.ui.context.support.ResourceBundleThemeSource@778f9fd]
14:06:09.169 [Test worker] DEBUG o.s.b.f.s.DefaultListableBeanFactory - Creating shared instance of singleton bean 'request'
14:06:09.173 [Test worker] DEBUG o.s.b.f.s.DefaultListableBeanFactory - Creating shared instance of singleton bean 'session'
14:06:09.175 [Test worker] DEBUG o.s.b.f.s.DefaultListableBeanFactory - Creating shared instance of singleton bean 'singleton'
14:06:09.182 [Test worker] DEBUG o.s.c.a.ClassPathBeanDefinitionScanner - Identified candidate component class: file [/Volumes/work/aiguoxin/spring-framework/integration-tests/build/classes/java/test/org/springframework/context/annotation/scope/ClassPathBeanDefinitionScannerScopeIntegrationTests$RequestScopedTestBean.class]
14:06:09.182 [Test worker] DEBUG o.s.c.a.ClassPathBeanDefinitionScanner - Identified candidate component class: file [/Volumes/work/aiguoxin/spring-framework/integration-tests/build/classes/java/test/org/springframework/context/annotation/scope/ClassPathBeanDefinitionScannerScopeIntegrationTests$SessionScopedTestBean.class]
14:06:09.183 [Test worker] DEBUG o.s.c.a.ClassPathBeanDefinitionScanner - Identified candidate component class: file [/Volumes/work/aiguoxin/spring-framework/integration-tests/build/classes/java/test/org/springframework/context/annotation/scope/ClassPathBeanDefinitionScannerScopeIntegrationTests$SingletonScopedTestBean.class]
14:06:09.184 [Test worker] DEBUG o.s.c.a.ClassPathBeanDefinitionScanner - Identified candidate component class: file [/Volumes/work/aiguoxin/spring-framework/integration-tests/build/classes/java/test/org/springframework/context/annotation/scope/ClassPathBeanDefinitionScannerScopeIntegrationTests$RequestScopedTestBean.class]
14:06:09.185 [Test worker] DEBUG o.s.c.a.ClassPathBeanDefinitionScanner - Identified candidate component class: file [/Volumes/work/aiguoxin/spring-framework/integration-tests/build/classes/java/test/org/springframework/context/annotation/scope/ClassPathBeanDefinitionScannerScopeIntegrationTests$SessionScopedTestBean.class]
14:06:09.185 [Test worker] DEBUG o.s.c.a.ClassPathBeanDefinitionScanner - Identified candidate component class: file [/Volumes/work/aiguoxin/spring-framework/integration-tests/build/classes/java/test/org/springframework/context/annotation/scope/ClassPathBeanDefinitionScannerScopeIntegrationTests$SingletonScopedTestBean.class]
14:06:09.185 [Test worker] DEBUG o.s.w.c.s.GenericWebApplicationContext - Refreshing org.springframework.web.context.support.GenericWebApplicationContext@1429406f
14:06:09.185 [Test worker] DEBUG o.s.u.c.s.UiApplicationContextUtils - Unable to locate ThemeSource with name 'themeSource': using default [org.springframework.ui.context.support.ResourceBundleThemeSource@6b8df53b]
14:06:09.186 [Test worker] DEBUG o.s.b.f.s.DefaultListableBeanFactory - Creating shared instance of singleton bean 'request'
14:06:09.188 [Test worker] DEBUG o.s.b.f.s.DefaultListableBeanFactory - Creating shared instance of singleton bean 'session'
14:06:09.188 [Test worker] DEBUG o.s.b.f.s.DefaultListableBeanFactory - Creating shared instance of singleton bean 'singleton'
14:06:09.191 [Test worker] DEBUG o.s.c.a.ClassPathBeanDefinitionScanner - Identified candidate component class: file [/Volumes/work/aiguoxin/spring-framework/integration-tests/build/classes/java/test/org/springframework/context/annotation/scope/ClassPathBeanDefinitionScannerScopeIntegrationTests$RequestScopedTestBean.class]
14:06:09.191 [Test worker] DEBUG o.s.c.a.ClassPathBeanDefinitionScanner - Identified candidate component class: file [/Volumes/work/aiguoxin/spring-framework/integration-tests/build/classes/java/test/org/springframework/context/annotation/scope/ClassPathBeanDefinitionScannerScopeIntegrationTests$SessionScopedTestBean.class]
14:06:09.192 [Test worker] DEBUG o.s.c.a.ClassPathBeanDefinitionScanner - Identified candidate component class: file [/Volumes/work/aiguoxin/spring-framework/integration-tests/build/classes/java/test/org/springframework/context/annotation/scope/ClassPathBeanDefinitionScannerScopeIntegrationTests$SingletonScopedTestBean.class]
14:06:09.193 [Test worker] DEBUG o.s.c.a.ClassPathBeanDefinitionScanner - Identified candidate component class: file [/Volumes/work/aiguoxin/spring-framework/integration-tests/build/classes/java/test/org/springframework/context/annotation/scope/ClassPathBeanDefinitionScannerScopeIntegrationTests$RequestScopedTestBean.class]
14:06:09.193 [Test worker] DEBUG o.s.c.a.ClassPathBeanDefinitionScanner - Identified candidate component class: file [/Volumes/work/aiguoxin/spring-framework/integration-tests/build/classes/java/test/org/springframework/context/annotation/scope/ClassPathBeanDefinitionScannerScopeIntegrationTests$SessionScopedTestBean.class]
14:06:09.193 [Test worker] DEBUG o.s.c.a.ClassPathBeanDefinitionScanner - Identified candidate component class: file [/Volumes/work/aiguoxin/spring-framework/integration-tests/build/classes/java/test/org/springframework/context/annotation/scope/ClassPathBeanDefinitionScannerScopeIntegrationTests$SingletonScopedTestBean.class]
14:06:09.193 [Test worker] DEBUG o.s.w.c.s.GenericWebApplicationContext - Refreshing org.springframework.web.context.support.GenericWebApplicationContext@310f59fe
14:06:09.194 [Test worker] DEBUG o.s.u.c.s.UiApplicationContextUtils - Unable to locate ThemeSource with name 'themeSource': using default [org.springframework.ui.context.support.ResourceBundleThemeSource@6a6d305c]
14:06:09.194 [Test worker] DEBUG o.s.b.f.s.DefaultListableBeanFactory - Creating shared instance of singleton bean 'request'
14:06:09.194 [Test worker] DEBUG o.s.b.f.s.DefaultListableBeanFactory - Creating shared instance of singleton bean 'session'
14:06:09.195 [Test worker] DEBUG o.s.b.f.s.DefaultListableBeanFactory - Creating shared instance of singleton bean 'singleton'
14:06:09.200 [Test worker] DEBUG o.s.c.a.ClassPathBeanDefinitionScanner - Identified candidate component class: file [/Volumes/work/aiguoxin/spring-framework/integration-tests/build/classes/java/test/org/springframework/context/annotation/scope/ClassPathBeanDefinitionScannerScopeIntegrationTests$RequestScopedTestBean.class]
14:06:09.200 [Test worker] DEBUG o.s.c.a.ClassPathBeanDefinitionScanner - Identified candidate component class: file [/Volumes/work/aiguoxin/spring-framework/integration-tests/build/classes/java/test/org/springframework/context/annotation/scope/ClassPathBeanDefinitionScannerScopeIntegrationTests$SessionScopedTestBean.class]
14:06:09.201 [Test worker] DEBUG o.s.c.a.ClassPathBeanDefinitionScanner - Identified candidate component class: file [/Volumes/work/aiguoxin/spring-framework/integration-tests/build/classes/java/test/org/springframework/context/annotation/scope/ClassPathBeanDefinitionScannerScopeIntegrationTests$SingletonScopedTestBean.class]
14:06:09.202 [Test worker] DEBUG o.s.c.a.ClassPathBeanDefinitionScanner - Identified candidate component class: file [/Volumes/work/aiguoxin/spring-framework/integration-tests/build/classes/java/test/org/springframework/context/annotation/scope/ClassPathBeanDefinitionScannerScopeIntegrationTests$RequestScopedTestBean.class]
14:06:09.202 [Test worker] DEBUG o.s.c.a.ClassPathBeanDefinitionScanner - Identified candidate component class: file [/Volumes/work/aiguoxin/spring-framework/integration-tests/build/classes/java/test/org/springframework/context/annotation/scope/ClassPathBeanDefinitionScannerScopeIntegrationTests$SessionScopedTestBean.class]
14:06:09.202 [Test worker] DEBUG o.s.c.a.ClassPathBeanDefinitionScanner - Identified candidate component class: file [/Volumes/work/aiguoxin/spring-framework/integration-tests/build/classes/java/test/org/springframework/context/annotation/scope/ClassPathBeanDefinitionScannerScopeIntegrationTests$SingletonScopedTestBean.class]
14:06:09.203 [Test worker] DEBUG o.s.w.c.s.GenericWebApplicationContext - Refreshing org.springframework.web.context.support.GenericWebApplicationContext@54bbdbf4
14:06:09.203 [Test worker] DEBUG o.s.u.c.s.UiApplicationContextUtils - Unable to locate ThemeSource with name 'themeSource': using default [org.springframework.ui.context.support.ResourceBundleThemeSource@6a3e92fa]
14:06:09.203 [Test worker] DEBUG o.s.b.f.s.DefaultListableBeanFactory - Creating shared instance of singleton bean 'request'
14:06:09.204 [Test worker] DEBUG o.s.b.f.s.DefaultListableBeanFactory - Creating shared instance of singleton bean 'session'
14:06:09.204 [Test worker] DEBUG o.s.b.f.s.DefaultListableBeanFactory - Creating shared instance of singleton bean 'singleton'
14:06:09.207 [Test worker] DEBUG o.s.c.a.ClassPathBeanDefinitionScanner - Identified candidate component class: file [/Volumes/work/aiguoxin/spring-framework/integration-tests/build/classes/java/test/org/springframework/context/annotation/scope/ClassPathBeanDefinitionScannerScopeIntegrationTests$RequestScopedTestBean.class]
14:06:09.208 [Test worker] DEBUG o.s.c.a.ClassPathBeanDefinitionScanner - Identified candidate component class: file [/Volumes/work/aiguoxin/spring-framework/integration-tests/build/classes/java/test/org/springframework/context/annotation/scope/ClassPathBeanDefinitionScannerScopeIntegrationTests$SessionScopedTestBean.class]
14:06:09.208 [Test worker] DEBUG o.s.c.a.ClassPathBeanDefinitionScanner - Identified candidate component class: file [/Volumes/work/aiguoxin/spring-framework/integration-tests/build/classes/java/test/org/springframework/context/annotation/scope/ClassPathBeanDefinitionScannerScopeIntegrationTests$SingletonScopedTestBean.class]
14:06:09.209 [Test worker] DEBUG o.s.c.a.ClassPathBeanDefinitionScanner - Identified candidate component class: file [/Volumes/work/aiguoxin/spring-framework/integration-tests/build/classes/java/test/org/springframework/context/annotation/scope/ClassPathBeanDefinitionScannerScopeIntegrationTests$RequestScopedTestBean.class]
14:06:09.209 [Test worker] DEBUG o.s.c.a.ClassPathBeanDefinitionScanner - Identified candidate component class: file [/Volumes/work/aiguoxin/spring-framework/integration-tests/build/classes/java/test/org/springframework/context/annotation/scope/ClassPathBeanDefinitionScannerScopeIntegrationTests$SessionScopedTestBean.class]
14:06:09.209 [Test worker] DEBUG o.s.c.a.ClassPathBeanDefinitionScanner - Identified candidate component class: file [/Volumes/work/aiguoxin/spring-framework/integration-tests/build/classes/java/test/org/springframework/context/annotation/scope/ClassPathBeanDefinitionScannerScopeIntegrationTests$SingletonScopedTestBean.class]
14:06:09.210 [Test worker] DEBUG o.s.w.c.s.GenericWebApplicationContext - Refreshing org.springframework.web.context.support.GenericWebApplicationContext@20f22393
14:06:09.210 [Test worker] DEBUG o.s.u.c.s.UiApplicationContextUtils - Unable to locate ThemeSource with name 'themeSource': using default [org.springframework.ui.context.support.ResourceBundleThemeSource@9ee1db4]
14:06:09.210 [Test worker] DEBUG o.s.b.f.s.DefaultListableBeanFactory - Creating shared instance of singleton bean 'request'
14:06:09.211 [Test worker] DEBUG o.s.b.f.s.DefaultListableBeanFactory - Creating shared instance of singleton bean 'session'
14:06:09.211 [Test worker] DEBUG o.s.b.f.s.DefaultListableBeanFactory - Creating shared instance of singleton bean 'singleton'
14:06:09.215 [Test worker] DEBUG o.s.c.a.ClassPathBeanDefinitionScanner - Identified candidate component class: file [/Volumes/work/aiguoxin/spring-framework/integration-tests/build/classes/java/test/org/springframework/context/annotation/scope/ClassPathBeanDefinitionScannerScopeIntegrationTests$RequestScopedTestBean.class]
14:06:09.215 [Test worker] DEBUG o.s.c.a.ClassPathBeanDefinitionScanner - Identified candidate component class: file [/Volumes/work/aiguoxin/spring-framework/integration-tests/build/classes/java/test/org/springframework/context/annotation/scope/ClassPathBeanDefinitionScannerScopeIntegrationTests$SessionScopedTestBean.class]
14:06:09.215 [Test worker] DEBUG o.s.c.a.ClassPathBeanDefinitionScanner - Identified candidate component class: file [/Volumes/work/aiguoxin/spring-framework/integration-tests/build/classes/java/test/org/springframework/context/annotation/scope/ClassPathBeanDefinitionScannerScopeIntegrationTests$SingletonScopedTestBean.class]
14:06:09.217 [Test worker] DEBUG o.s.c.a.ClassPathBeanDefinitionScanner - Identified candidate component class: file [/Volumes/work/aiguoxin/spring-framework/integration-tests/build/classes/java/test/org/springframework/context/annotation/scope/ClassPathBeanDefinitionScannerScopeIntegrationTests$RequestScopedTestBean.class]
14:06:09.217 [Test worker] DEBUG o.s.c.a.ClassPathBeanDefinitionScanner - Identified candidate component class: file [/Volumes/work/aiguoxin/spring-framework/integration-tests/build/classes/java/test/org/springframework/context/annotation/scope/ClassPathBeanDefinitionScannerScopeIntegrationTests$SessionScopedTestBean.class]
14:06:09.218 [Test worker] DEBUG o.s.c.a.ClassPathBeanDefinitionScanner - Identified candidate component class: file [/Volumes/work/aiguoxin/spring-framework/integration-tests/build/classes/java/test/org/springframework/context/annotation/scope/ClassPathBeanDefinitionScannerScopeIntegrationTests$SingletonScopedTestBean.class]
14:06:09.218 [Test worker] DEBUG o.s.w.c.s.GenericWebApplicationContext - Refreshing org.springframework.web.context.support.GenericWebApplicationContext@6c9dec84
14:06:09.218 [Test worker] DEBUG o.s.u.c.s.UiApplicationContextUtils - Unable to locate ThemeSource with name 'themeSource': using default [org.springframework.ui.context.support.ResourceBundleThemeSource@72e97e69]
14:06:09.219 [Test worker] DEBUG o.s.b.f.s.DefaultListableBeanFactory - Creating shared instance of singleton bean 'request'
14:06:09.219 [Test worker] DEBUG o.s.b.f.s.DefaultListableBeanFactory - Creating shared instance of singleton bean 'session'
14:06:09.220 [Test worker] DEBUG o.s.b.f.s.DefaultListableBeanFactory - Creating shared instance of singleton bean 'singleton'
]]></system-out>
  <system-err><![CDATA[]]></system-err>
</testsuite>
