<?xml version="1.0" encoding="UTF-8"?>
<testsuite name="org.springframework.cache.aspectj.AspectJEnableCachingTests" tests="60" skipped="0" failures="0" errors="0" timestamp="2020-06-22T06:06:17" hostname="aiguoxindeMacBook-Pro.local" time="0.748">
  <properties/>
  <testcase name="testMultiConditionalCacheAndEvict()" classname="org.springframework.cache.aspectj.AspectJEnableCachingTests" time="0.029"/>
  <testcase name="testClassEvictWithKeyEarly()" classname="org.springframework.cache.aspectj.AspectJEnableCachingTests" time="0.014"/>
  <testcase name="testClassCheckedExceptionSync()" classname="org.springframework.cache.aspectj.AspectJEnableCachingTests" time="0.017"/>
  <testcase name="testKeyExpression()" classname="org.springframework.cache.aspectj.AspectJEnableCachingTests" time="0.016"/>
  <testcase name="testConditionalUpdate()" classname="org.springframework.cache.aspectj.AspectJEnableCachingTests" time="0.014"/>
  <testcase name="testClassMultiCacheAndEvict()" classname="org.springframework.cache.aspectj.AspectJEnableCachingTests" time="0.015"/>
  <testcase name="testCacheableSyncNull()" classname="org.springframework.cache.aspectj.AspectJEnableCachingTests" time="0.019"/>
  <testcase name="testUnknownCustomKeyGenerator()" classname="org.springframework.cache.aspectj.AspectJEnableCachingTests" time="0.015"/>
  <testcase name="testClassRootVars()" classname="org.springframework.cache.aspectj.AspectJEnableCachingTests" time="0.014"/>
  <testcase name="testMethodName()" classname="org.springframework.cache.aspectj.AspectJEnableCachingTests" time="0.013"/>
  <testcase name="testEvictWithException()" classname="org.springframework.cache.aspectj.AspectJEnableCachingTests" time="0.013"/>
  <testcase name="testClassUpdate()" classname="org.springframework.cache.aspectj.AspectJEnableCachingTests" time="0.013"/>
  <testcase name="testCustomCacheManager()" classname="org.springframework.cache.aspectj.AspectJEnableCachingTests" time="0.014"/>
  <testcase name="testEvict()" classname="org.springframework.cache.aspectj.AspectJEnableCachingTests" time="0.019"/>
  <testcase name="testCheckedExceptionSync()" classname="org.springframework.cache.aspectj.AspectJEnableCachingTests" time="0.015"/>
  <testcase name="testClassEvictEarly()" classname="org.springframework.cache.aspectj.AspectJEnableCachingTests" time="0.015"/>
  <testcase name="testClassNullArg()" classname="org.springframework.cache.aspectj.AspectJEnableCachingTests" time="0.014"/>
  <testcase name="testClassEvictAll()" classname="org.springframework.cache.aspectj.AspectJEnableCachingTests" time="0.022"/>
  <testcase name="testPutRefersToResult()" classname="org.springframework.cache.aspectj.AspectJEnableCachingTests" time="0.009"/>
  <testcase name="testClassCacheUnlessExpression()" classname="org.springframework.cache.aspectj.AspectJEnableCachingTests" time="0.012"/>
  <testcase name="testConditionalExpressionSync()" classname="org.springframework.cache.aspectj.AspectJEnableCachingTests" time="0.015"/>
  <testcase name="testClassConditionalUpdate()" classname="org.springframework.cache.aspectj.AspectJEnableCachingTests" time="0.01"/>
  <testcase name="testConditionalExpression()" classname="org.springframework.cache.aspectj.AspectJEnableCachingTests" time="0.01"/>
  <testcase name="testClassMultiPut()" classname="org.springframework.cache.aspectj.AspectJEnableCachingTests" time="0.011"/>
  <testcase name="testClassUncheckedException()" classname="org.springframework.cache.aspectj.AspectJEnableCachingTests" time="0.012"/>
  <testcase name="testClassCacheEvictWithWKey()" classname="org.springframework.cache.aspectj.AspectJEnableCachingTests" time="0.009"/>
  <testcase name="testClassNullValue()" classname="org.springframework.cache.aspectj.AspectJEnableCachingTests" time="0.01"/>
  <testcase name="testUncheckedExceptionSync()" classname="org.springframework.cache.aspectj.AspectJEnableCachingTests" time="0.01"/>
  <testcase name="testClassUncheckedExceptionSync()" classname="org.springframework.cache.aspectj.AspectJEnableCachingTests" time="0.012"/>
  <testcase name="testClassCacheCacheable()" classname="org.springframework.cache.aspectj.AspectJEnableCachingTests" time="0.014"/>
  <testcase name="testClassMethodName()" classname="org.springframework.cache.aspectj.AspectJEnableCachingTests" time="0.012"/>
  <testcase name="testCustomKeyGenerator()" classname="org.springframework.cache.aspectj.AspectJEnableCachingTests" time="0.01"/>
  <testcase name="testCacheable()" classname="org.springframework.cache.aspectj.AspectJEnableCachingTests" time="0.01"/>
  <testcase name="testCheckedException()" classname="org.springframework.cache.aspectj.AspectJEnableCachingTests" time="0.01"/>
  <testcase name="testClassPutRefersToResult()" classname="org.springframework.cache.aspectj.AspectJEnableCachingTests" time="0.01"/>
  <testcase name="testVarArgsKey()" classname="org.springframework.cache.aspectj.AspectJEnableCachingTests" time="0.008"/>
  <testcase name="testMultiCache()" classname="org.springframework.cache.aspectj.AspectJEnableCachingTests" time="0.01"/>
  <testcase name="testMultiEvict()" classname="org.springframework.cache.aspectj.AspectJEnableCachingTests" time="0.012"/>
  <testcase name="testMultiCacheAndEvict()" classname="org.springframework.cache.aspectj.AspectJEnableCachingTests" time="0.013"/>
  <testcase name="testRootVars()" classname="org.springframework.cache.aspectj.AspectJEnableCachingTests" time="0.01"/>
  <testcase name="testClassMultiConditionalCacheAndEvict()" classname="org.springframework.cache.aspectj.AspectJEnableCachingTests" time="0.008"/>
  <testcase name="testClassEvictWithException()" classname="org.springframework.cache.aspectj.AspectJEnableCachingTests" time="0.008"/>
  <testcase name="testClassCheckedException()" classname="org.springframework.cache.aspectj.AspectJEnableCachingTests" time="0.011"/>
  <testcase name="testClassCacheEvict()" classname="org.springframework.cache.aspectj.AspectJEnableCachingTests" time="0.008"/>
  <testcase name="testEvictWithKey()" classname="org.springframework.cache.aspectj.AspectJEnableCachingTests" time="0.008"/>
  <testcase name="testUnlessExpression()" classname="org.springframework.cache.aspectj.AspectJEnableCachingTests" time="0.01"/>
  <testcase name="testEvictAllEarly()" classname="org.springframework.cache.aspectj.AspectJEnableCachingTests" time="0.011"/>
  <testcase name="testEvictAll()" classname="org.springframework.cache.aspectj.AspectJEnableCachingTests" time="0.013"/>
  <testcase name="testCacheableNull()" classname="org.springframework.cache.aspectj.AspectJEnableCachingTests" time="0.014"/>
  <testcase name="testCacheableSync()" classname="org.springframework.cache.aspectj.AspectJEnableCachingTests" time="0.01"/>
  <testcase name="testEvictWithKeyEarly()" classname="org.springframework.cache.aspectj.AspectJEnableCachingTests" time="0.011"/>
  <testcase name="testMultiPut()" classname="org.springframework.cache.aspectj.AspectJEnableCachingTests" time="0.011"/>
  <testcase name="testUnknownCustomCacheManager()" classname="org.springframework.cache.aspectj.AspectJEnableCachingTests" time="0.009"/>
  <testcase name="testUncheckedException()" classname="org.springframework.cache.aspectj.AspectJEnableCachingTests" time="0.009"/>
  <testcase name="testNullValue()" classname="org.springframework.cache.aspectj.AspectJEnableCachingTests" time="0.01"/>
  <testcase name="testEvictEarly()" classname="org.springframework.cache.aspectj.AspectJEnableCachingTests" time="0.01"/>
  <testcase name="testUpdate()" classname="org.springframework.cache.aspectj.AspectJEnableCachingTests" time="0.012"/>
  <testcase name="testNullArg()" classname="org.springframework.cache.aspectj.AspectJEnableCachingTests" time="0.011"/>
  <testcase name="testClassMultiCache()" classname="org.springframework.cache.aspectj.AspectJEnableCachingTests" time="0.009"/>
  <testcase name="testClassMultiEvict()" classname="org.springframework.cache.aspectj.AspectJEnableCachingTests" time="0.009"/>
  <system-out><![CDATA[]]></system-out>
  <system-err><![CDATA[]]></system-err>
</testsuite>
