<?xml version="1.0" encoding="UTF-8"?>
<testsuite name="org.springframework.context.annotation.aspectj.AnnotationBeanConfigurerTests" tests="1" skipped="0" failures="0" errors="0" timestamp="2020-06-22T06:06:19" hostname="aiguoxindeMacBook-Pro.local" time="0.023">
  <properties/>
  <testcase name="injection()" classname="org.springframework.context.annotation.aspectj.AnnotationBeanConfigurerTests" time="0.023"/>
  <system-out><![CDATA[]]></system-out>
  <system-err><![CDATA[]]></system-err>
</testsuite>
