<?xml version="1.0" encoding="UTF-8"?>
<testsuite name="org.springframework.cache.aspectj.JCacheAspectJNamespaceConfigTests" tests="28" skipped="0" failures="0" errors="0" timestamp="2020-06-22T06:06:19" hostname="aiguoxindeMacBook-Pro.local" time="0.301">
  <properties/>
  <testcase name="earlyPutWithExceptionVetoPut()" classname="org.springframework.cache.aspectj.JCacheAspectJNamespaceConfigTests" time="0.022"/>
  <testcase name="removeWithException()" classname="org.springframework.cache.aspectj.JCacheAspectJNamespaceConfigTests" time="0.01"/>
  <testcase name="cacheExceptionVetoed()" classname="org.springframework.cache.aspectj.JCacheAspectJNamespaceConfigTests" time="0.012"/>
  <testcase name="cacheWithCustomCacheResolver()" classname="org.springframework.cache.aspectj.JCacheAspectJNamespaceConfigTests" time="0.011"/>
  <testcase name="earlyRemove()" classname="org.springframework.cache.aspectj.JCacheAspectJNamespaceConfigTests" time="0.009"/>
  <testcase name="remove()" classname="org.springframework.cache.aspectj.JCacheAspectJNamespaceConfigTests" time="0.01"/>
  <testcase name="earlyPut()" classname="org.springframework.cache.aspectj.JCacheAspectJNamespaceConfigTests" time="0.009"/>
  <testcase name="putWithException()" classname="org.springframework.cache.aspectj.JCacheAspectJNamespaceConfigTests" time="0.011"/>
  <testcase name="removeWithExceptionVetoRemove()" classname="org.springframework.cache.aspectj.JCacheAspectJNamespaceConfigTests" time="0.009"/>
  <testcase name="cacheWithCustomKeyGenerator()" classname="org.springframework.cache.aspectj.JCacheAspectJNamespaceConfigTests" time="0.013"/>
  <testcase name="cacheNull()" classname="org.springframework.cache.aspectj.JCacheAspectJNamespaceConfigTests" time="0.011"/>
  <testcase name="cacheCheckedException()" classname="org.springframework.cache.aspectj.JCacheAspectJNamespaceConfigTests" time="0.01"/>
  <testcase name="earlyRemoveAll()" classname="org.springframework.cache.aspectj.JCacheAspectJNamespaceConfigTests" time="0.01"/>
  <testcase name="put()" classname="org.springframework.cache.aspectj.JCacheAspectJNamespaceConfigTests" time="0.01"/>
  <testcase name="earlyRemoveAllWithExceptionVetoRemove()" classname="org.springframework.cache.aspectj.JCacheAspectJNamespaceConfigTests" time="0.01"/>
  <testcase name="earlyPutWithException()" classname="org.springframework.cache.aspectj.JCacheAspectJNamespaceConfigTests" time="0.009"/>
  <testcase name="cache()" classname="org.springframework.cache.aspectj.JCacheAspectJNamespaceConfigTests" time="0.009"/>
  <testcase name="earlyRemoveAllWithException()" classname="org.springframework.cache.aspectj.JCacheAspectJNamespaceConfigTests" time="0.01"/>
  <testcase name="earlyRemoveWithException()" classname="org.springframework.cache.aspectj.JCacheAspectJNamespaceConfigTests" time="0.011"/>
  <testcase name="cacheAlwaysInvoke()" classname="org.springframework.cache.aspectj.JCacheAspectJNamespaceConfigTests" time="0.014"/>
  <testcase name="removeAllWithExceptionVetoRemove()" classname="org.springframework.cache.aspectj.JCacheAspectJNamespaceConfigTests" time="0.009"/>
  <testcase name="earlyRemoveWithExceptionVetoRemove()" classname="org.springframework.cache.aspectj.JCacheAspectJNamespaceConfigTests" time="0.009"/>
  <testcase name="removeAll()" classname="org.springframework.cache.aspectj.JCacheAspectJNamespaceConfigTests" time="0.009"/>
  <testcase name="removeAllWithException()" classname="org.springframework.cache.aspectj.JCacheAspectJNamespaceConfigTests" time="0.01"/>
  <testcase name="cacheWithPartialKey()" classname="org.springframework.cache.aspectj.JCacheAspectJNamespaceConfigTests" time="0.01"/>
  <testcase name="putWithExceptionVetoPut()" classname="org.springframework.cache.aspectj.JCacheAspectJNamespaceConfigTests" time="0.009"/>
  <testcase name="cacheException()" classname="org.springframework.cache.aspectj.JCacheAspectJNamespaceConfigTests" time="0.009"/>
  <testcase name="cacheExceptionRewriteCallStack()" classname="org.springframework.cache.aspectj.JCacheAspectJNamespaceConfigTests" time="0.012"/>
  <system-out><![CDATA[]]></system-out>
  <system-err><![CDATA[]]></system-err>
</testsuite>
