<?xml version="1.0" encoding="UTF-8"?>
<testsuite name="org.springframework.messaging.simp.annotation.support.SimpAnnotationMethodMessageHandlerKotlinTests" tests="8" skipped="0" failures="0" errors="0" timestamp="2020-06-22T06:05:13" hostname="aiguoxindeMacBook-Pro.local" time="0.159">
  <properties/>
  <testcase name="nonNullableHeaderWithoutHeader()" classname="org.springframework.messaging.simp.annotation.support.SimpAnnotationMethodMessageHandlerKotlinTests" time="0.1"/>
  <testcase name="nullableHeaderNotRequiredWithHeader()" classname="org.springframework.messaging.simp.annotation.support.SimpAnnotationMethodMessageHandlerKotlinTests" time="0.004"/>
  <testcase name="nonNullableHeaderNotRequiredWithoutHeader()" classname="org.springframework.messaging.simp.annotation.support.SimpAnnotationMethodMessageHandlerKotlinTests" time="0.007"/>
  <testcase name="nonNullableHeaderNotRequiredWithHeader()" classname="org.springframework.messaging.simp.annotation.support.SimpAnnotationMethodMessageHandlerKotlinTests" time="0.011"/>
  <testcase name="nonNullableHeaderWithHeader()" classname="org.springframework.messaging.simp.annotation.support.SimpAnnotationMethodMessageHandlerKotlinTests" time="0.019"/>
  <testcase name="nullableHeaderWithoutHeader()" classname="org.springframework.messaging.simp.annotation.support.SimpAnnotationMethodMessageHandlerKotlinTests" time="0.002"/>
  <testcase name="nullableHeaderNotRequiredWithoutHeader()" classname="org.springframework.messaging.simp.annotation.support.SimpAnnotationMethodMessageHandlerKotlinTests" time="0.002"/>
  <testcase name="nullableHeaderWithHeader()" classname="org.springframework.messaging.simp.annotation.support.SimpAnnotationMethodMessageHandlerKotlinTests" time="0.004"/>
  <system-out><![CDATA[]]></system-out>
  <system-err><![CDATA[]]></system-err>
</testsuite>
