<?xml version="1.0" encoding="UTF-8"?>
<testsuite name="org.springframework.messaging.converter.ProtobufMessageConverterTests" tests="8" skipped="0" failures="0" errors="0" timestamp="2020-06-22T06:04:10" hostname="aiguoxindeMacBook-Pro.local" time="0.668">
  <properties/>
  <testcase name="canConvertTo()" classname="org.springframework.messaging.converter.ProtobufMessageConverterTests" time="0.512"/>
  <testcase name="convertFrom()" classname="org.springframework.messaging.converter.ProtobufMessageConverterTests" time="0.042"/>
  <testcase name="convertTo()" classname="org.springframework.messaging.converter.ProtobufMessageConverterTests" time="0.001"/>
  <testcase name="canConvertFrom()" classname="org.springframework.messaging.converter.ProtobufMessageConverterTests" time="0.0"/>
  <testcase name="defaultContentType()" classname="org.springframework.messaging.converter.ProtobufMessageConverterTests" time="0.0"/>
  <testcase name="convertFromNoContentType()" classname="org.springframework.messaging.converter.ProtobufMessageConverterTests" time="0.001"/>
  <testcase name="extensionRegistryNull()" classname="org.springframework.messaging.converter.ProtobufMessageConverterTests" time="0.0"/>
  <testcase name="testJsonWithGoogleProtobuf()" classname="org.springframework.messaging.converter.ProtobufMessageConverterTests" time="0.109"/>
  <system-out><![CDATA[]]></system-out>
  <system-err><![CDATA[]]></system-err>
</testsuite>
