<?xml version="1.0" encoding="UTF-8"?>
<testsuite name="org.springframework.messaging.core.CachingDestinationResolverTests" tests="3" skipped="0" failures="0" errors="0" timestamp="2020-06-22T06:04:11" hostname="aiguoxindeMacBook-Pro.local" time="0.032">
  <properties/>
  <testcase name="nullTargetThroughConstructor()" classname="org.springframework.messaging.core.CachingDestinationResolverTests" time="0.001"/>
  <testcase name="noTargetSet()" classname="org.springframework.messaging.core.CachingDestinationResolverTests" time="0.001"/>
  <testcase name="cachedDestination()" classname="org.springframework.messaging.core.CachingDestinationResolverTests" time="0.03"/>
  <system-out><![CDATA[]]></system-out>
  <system-err><![CDATA[]]></system-err>
</testsuite>
