<?xml version="1.0" encoding="UTF-8"?>
<testsuite name="org.springframework.messaging.converter.GenericMessageConverterTests" tests="3" skipped="0" failures="0" errors="0" timestamp="2020-06-22T06:04:10" hostname="aiguoxindeMacBook-Pro.local" time="0.01">
  <properties/>
  <testcase name="fromMessageWithFailedConversion()" classname="org.springframework.messaging.converter.GenericMessageConverterTests" time="0.006"/>
  <testcase name="fromMessageNoConverter()" classname="org.springframework.messaging.converter.GenericMessageConverterTests" time="0.002"/>
  <testcase name="fromMessageWithConversion()" classname="org.springframework.messaging.converter.GenericMessageConverterTests" time="0.0"/>
  <system-out><![CDATA[]]></system-out>
  <system-err><![CDATA[]]></system-err>
</testsuite>
