<?xml version="1.0" encoding="UTF-8"?>
<testsuite name="org.springframework.messaging.rsocket.DefaultRSocketRequesterBuilderTests" tests="9" skipped="0" failures="0" errors="0" timestamp="2020-06-22T06:04:14" hostname="aiguoxindeMacBook-Pro.local" time="0.156">
  <properties/>
  <testcase name="setupWithAsyncValues()" classname="org.springframework.messaging.rsocket.DefaultRSocketRequesterBuilderTests" time="0.116"/>
  <testcase name="defaultDataMimeTypeWithCustomDecoderRegistered()" classname="org.springframework.messaging.rsocket.DefaultRSocketRequesterBuilderTests" time="0.002"/>
  <testcase name="dataMimeTypeExplicitlySet()" classname="org.springframework.messaging.rsocket.DefaultRSocketRequesterBuilderTests" time="0.002"/>
  <testcase name="mimeTypesCannotBeChangedAtRSocketConnectorLevel()" classname="org.springframework.messaging.rsocket.DefaultRSocketRequesterBuilderTests" time="0.003"/>
  <testcase name="frameDecoderMatchesDataBufferFactory()" classname="org.springframework.messaging.rsocket.DefaultRSocketRequesterBuilderTests" time="0.004"/>
  <testcase name="defaultDataMimeType()" classname="org.springframework.messaging.rsocket.DefaultRSocketRequesterBuilderTests" time="0.001"/>
  <testcase name="rsocketConnectorConfigurer()" classname="org.springframework.messaging.rsocket.DefaultRSocketRequesterBuilderTests" time="0.021"/>
  <testcase name="rsocketConnectorConfigurerAppliesAtSubscription()" classname="org.springframework.messaging.rsocket.DefaultRSocketRequesterBuilderTests" time="0.0"/>
  <testcase name="setupRoute()" classname="org.springframework.messaging.rsocket.DefaultRSocketRequesterBuilderTests" time="0.003"/>
  <system-out><![CDATA[]]></system-out>
  <system-err><![CDATA[]]></system-err>
</testsuite>
