<?xml version="1.0" encoding="UTF-8"?>
<testsuite name="org.springframework.messaging.simp.user.UserRegistryMessageHandlerTests" tests="5" skipped="0" failures="0" errors="0" timestamp="2020-06-22T06:05:03" hostname="aiguoxindeMacBook-Pro.local" time="0.036">
  <properties/>
  <testcase name="brokerUnavailableEvent()" classname="org.springframework.messaging.simp.user.UserRegistryMessageHandlerTests" time="0.002"/>
  <testcase name="broadcastRegistry()" classname="org.springframework.messaging.simp.user.UserRegistryMessageHandlerTests" time="0.01"/>
  <testcase name="handleMessageFromOwnBroadcast()" classname="org.springframework.messaging.simp.user.UserRegistryMessageHandlerTests" time="0.009"/>
  <testcase name="handleMessage()" classname="org.springframework.messaging.simp.user.UserRegistryMessageHandlerTests" time="0.011"/>
  <testcase name="brokerAvailableEvent()" classname="org.springframework.messaging.simp.user.UserRegistryMessageHandlerTests" time="0.002"/>
  <system-out><![CDATA[]]></system-out>
  <system-err><![CDATA[]]></system-err>
</testsuite>
