<?xml version="1.0" encoding="UTF-8"?>
<testsuite name="org.springframework.messaging.handler.annotation.reactive.PayloadMethodArgumentResolverTests" tests="8" skipped="0" failures="0" errors="0" timestamp="2020-06-22T06:04:13" hostname="aiguoxindeMacBook-Pro.local" time="0.072">
  <properties/>
  <testcase name="emptyBodyWhenNotRequired()" classname="org.springframework.messaging.handler.annotation.reactive.PayloadMethodArgumentResolverTests" time="0.007"/>
  <testcase name="stringFlux()" classname="org.springframework.messaging.handler.annotation.reactive.PayloadMethodArgumentResolverTests" time="0.025"/>
  <testcase name="stringMono()" classname="org.springframework.messaging.handler.annotation.reactive.PayloadMethodArgumentResolverTests" time="0.013"/>
  <testcase name="string()" classname="org.springframework.messaging.handler.annotation.reactive.PayloadMethodArgumentResolverTests" time="0.002"/>
  <testcase name="emptyBodyWhenRequired()" classname="org.springframework.messaging.handler.annotation.reactive.PayloadMethodArgumentResolverTests" time="0.004"/>
  <testcase name="validateStringFlux()" classname="org.springframework.messaging.handler.annotation.reactive.PayloadMethodArgumentResolverTests" time="0.013"/>
  <testcase name="validateStringMono()" classname="org.springframework.messaging.handler.annotation.reactive.PayloadMethodArgumentResolverTests" time="0.001"/>
  <testcase name="supportsParameter()" classname="org.springframework.messaging.handler.annotation.reactive.PayloadMethodArgumentResolverTests" time="0.002"/>
  <system-out><![CDATA[]]></system-out>
  <system-err><![CDATA[]]></system-err>
</testsuite>
