<?xml version="1.0" encoding="UTF-8"?>
<testsuite name="org.springframework.messaging.simp.SimpMessageHeaderAccessorTests" tests="4" skipped="0" failures="0" errors="0" timestamp="2020-06-22T06:04:23" hostname="aiguoxindeMacBook-Pro.local" time="0.013">
  <properties/>
  <testcase name="getShortLogMessage()" classname="org.springframework.messaging.simp.SimpMessageHeaderAccessorTests" time="0.0"/>
  <testcase name="userChangeCallback()" classname="org.springframework.messaging.simp.SimpMessageHeaderAccessorTests" time="0.013"/>
  <testcase name="getLogMessageWithValuesSet()" classname="org.springframework.messaging.simp.SimpMessageHeaderAccessorTests" time="0.0"/>
  <testcase name="getDetailedLogMessageWithValuesSet()" classname="org.springframework.messaging.simp.SimpMessageHeaderAccessorTests" time="0.0"/>
  <system-out><![CDATA[]]></system-out>
  <system-err><![CDATA[]]></system-err>
</testsuite>
