<?xml version="1.0" encoding="UTF-8"?>
<testsuite name="org.springframework.messaging.rsocket.annotation.support.RSocketFrameTypeMessageConditionTests" tests="4" skipped="0" failures="0" errors="0" timestamp="2020-06-22T06:04:14" hostname="aiguoxindeMacBook-Pro.local" time="0.007">
  <properties/>
  <testcase name="getMatchingConditionEmpty()" classname="org.springframework.messaging.rsocket.annotation.support.RSocketFrameTypeMessageConditionTests" time="0.0"/>
  <testcase name="compareTo()" classname="org.springframework.messaging.rsocket.annotation.support.RSocketFrameTypeMessageConditionTests" time="0.0"/>
  <testcase name="getMatchingCondition()" classname="org.springframework.messaging.rsocket.annotation.support.RSocketFrameTypeMessageConditionTests" time="0.004"/>
  <testcase name="combine()" classname="org.springframework.messaging.rsocket.annotation.support.RSocketFrameTypeMessageConditionTests" time="0.001"/>
  <system-out><![CDATA[]]></system-out>
  <system-err><![CDATA[]]></system-err>
</testsuite>
