<?xml version="1.0" encoding="UTF-8"?>
<testsuite name="org.springframework.expression.spel.SpelExceptionTests" tests="9" skipped="0" failures="0" errors="0" timestamp="2020-06-22T06:03:05" hostname="aiguoxindeMacBook-Pro.local" time="0.022">
  <properties/>
  <testcase name="spelExpressionListWithVariables()" classname="org.springframework.expression.spel.SpelExceptionTests" time="0.009"/>
  <testcase name="spelExpressionMapNullVariables()" classname="org.springframework.expression.spel.SpelExceptionTests" time="0.001"/>
  <testcase name="spelExpressionListNullVariables()" classname="org.springframework.expression.spel.SpelExceptionTests" time="0.001"/>
  <testcase name="spelExpressionListIndexAccessWithVariables()" classname="org.springframework.expression.spel.SpelExceptionTests" time="0.001"/>
  <testcase name="spelExpressionListIndexAccessNullVariables()" classname="org.springframework.expression.spel.SpelExceptionTests" time="0.0"/>
  <testcase name="spelExpressionMapIndexAccessNullVariables()" classname="org.springframework.expression.spel.SpelExceptionTests" time="0.0"/>
  <testcase name="spelExpressionArrayWithVariables()" classname="org.springframework.expression.spel.SpelExceptionTests" time="0.001"/>
  <testcase name="spelExpressionArrayIndexAccessNullVariables()" classname="org.springframework.expression.spel.SpelExceptionTests" time="0.001"/>
  <testcase name="spelExpressionMapWithVariables()" classname="org.springframework.expression.spel.SpelExceptionTests" time="0.001"/>
  <system-out><![CDATA[]]></system-out>
  <system-err><![CDATA[]]></system-err>
</testsuite>
