<?xml version="1.0" encoding="UTF-8"?>
<testsuite name="org.springframework.expression.spel.ArrayConstructorTests" tests="10" skipped="0" failures="0" errors="0" timestamp="2020-06-22T06:03:00" hostname="aiguoxindeMacBook-Pro.local" time="0.662">
  <properties/>
  <testcase name="typeArrayConstructors()" classname="org.springframework.expression.spel.ArrayConstructorTests" time="0.557"/>
  <testcase name="simpleArrayWithInitializer()" classname="org.springframework.expression.spel.ArrayConstructorTests" time="0.01"/>
  <testcase name="basicArray()" classname="org.springframework.expression.spel.ArrayConstructorTests" time="0.002"/>
  <testcase name="multidimensionalArrays()" classname="org.springframework.expression.spel.ArrayConstructorTests" time="0.002"/>
  <testcase name="primitiveTypeArrayConstructors()" classname="org.springframework.expression.spel.ArrayConstructorTests" time="0.022"/>
  <testcase name="primitiveTypeArrayConstructorsElements()" classname="org.springframework.expression.spel.ArrayConstructorTests" time="0.019"/>
  <testcase name="constructorInvocation03()" classname="org.springframework.expression.spel.ArrayConstructorTests" time="0.002"/>
  <testcase name="multiDimensionalArray()" classname="org.springframework.expression.spel.ArrayConstructorTests" time="0.003"/>
  <testcase name="errorCases()" classname="org.springframework.expression.spel.ArrayConstructorTests" time="0.03"/>
  <testcase name="conversion()" classname="org.springframework.expression.spel.ArrayConstructorTests" time="0.003"/>
  <system-out><![CDATA[]]></system-out>
  <system-err><![CDATA[]]></system-err>
</testsuite>
