<?xml version="1.0" encoding="UTF-8"?>
<testsuite name="org.springframework.expression.spel.support.StandardComponentsTests" tests="4" skipped="0" failures="0" errors="0" timestamp="2020-06-22T06:03:05" hostname="aiguoxindeMacBook-Pro.local" time="0.003">
  <properties/>
  <testcase name="testStandardEvaluationContext()" classname="org.springframework.expression.spel.support.StandardComponentsTests" time="0.001"/>
  <testcase name="testStandardOperatorOverloader()" classname="org.springframework.expression.spel.support.StandardComponentsTests" time="0.001"/>
  <testcase name="testStandardTypeConverter()" classname="org.springframework.expression.spel.support.StandardComponentsTests" time="0.0"/>
  <testcase name="testStandardTypeLocator()" classname="org.springframework.expression.spel.support.StandardComponentsTests" time="0.0"/>
  <system-out><![CDATA[]]></system-out>
  <system-err><![CDATA[]]></system-err>
</testsuite>
