<?xml version="1.0" encoding="UTF-8"?>
<testsuite name="org.springframework.aop.aspectj.annotation.AspectJPointcutAdvisorTests" tests="4" skipped="0" failures="0" errors="0" timestamp="2020-06-22T06:03:10" hostname="aiguoxindeMacBook-Pro.local" time="0.054">
  <properties/>
  <testcase name="testPerCflowBelowTarget()" classname="org.springframework.aop.aspectj.annotation.AspectJPointcutAdvisorTests" time="0.002"/>
  <testcase name="testSingleton()" classname="org.springframework.aop.aspectj.annotation.AspectJPointcutAdvisorTests" time="0.032"/>
  <testcase name="testPerCflowTarget()" classname="org.springframework.aop.aspectj.annotation.AspectJPointcutAdvisorTests" time="0.002"/>
  <testcase name="testPerTarget()" classname="org.springframework.aop.aspectj.annotation.AspectJPointcutAdvisorTests" time="0.013"/>
  <system-out><![CDATA[]]></system-out>
  <system-err><![CDATA[]]></system-err>
</testsuite>
