<?xml version="1.0" encoding="UTF-8"?>
<testsuite name="org.springframework.aop.framework.AopProxyUtilsTests" tests="8" skipped="0" failures="0" errors="0" timestamp="2020-06-22T06:03:15" hostname="aiguoxindeMacBook-Pro.local" time="0.016">
  <properties/>
  <testcase name="testProxiedUserInterfacesWithNoInterface()" classname="org.springframework.aop.framework.AopProxyUtilsTests" time="0.007"/>
  <testcase name="testProxiedUserInterfacesWithMultipleInterfaces()" classname="org.springframework.aop.framework.AopProxyUtilsTests" time="0.006"/>
  <testcase name="testProxiedUserInterfacesWithSingleInterface()" classname="org.springframework.aop.framework.AopProxyUtilsTests" time="0.001"/>
  <testcase name="testCompleteProxiedInterfacesAdvisedNotIncludedOpaque()" classname="org.springframework.aop.framework.AopProxyUtilsTests" time="0.001"/>
  <testcase name="testCompleteProxiedInterfacesWorksWithNull()" classname="org.springframework.aop.framework.AopProxyUtilsTests" time="0.0"/>
  <testcase name="testCompleteProxiedInterfacesAdvisedNotIncluded()" classname="org.springframework.aop.framework.AopProxyUtilsTests" time="0.0"/>
  <testcase name="testCompleteProxiedInterfacesAdvisedIncluded()" classname="org.springframework.aop.framework.AopProxyUtilsTests" time="0.0"/>
  <testcase name="testCompleteProxiedInterfacesWorksWithNullOpaque()" classname="org.springframework.aop.framework.AopProxyUtilsTests" time="0.0"/>
  <system-out><![CDATA[]]></system-out>
  <system-err><![CDATA[]]></system-err>
</testsuite>
