<?xml version="1.0" encoding="UTF-8"?>
<testsuite name="org.springframework.aop.support.ControlFlowPointcutTests" tests="4" skipped="0" failures="0" errors="0" timestamp="2020-06-22T06:03:17" hostname="aiguoxindeMacBook-Pro.local" time="0.006">
  <properties/>
  <testcase name="testToString()" classname="org.springframework.aop.support.ControlFlowPointcutTests" time="0.002"/>
  <testcase name="testSelectiveApplication()" classname="org.springframework.aop.support.ControlFlowPointcutTests" time="0.001"/>
  <testcase name="testMatches()" classname="org.springframework.aop.support.ControlFlowPointcutTests" time="0.002"/>
  <testcase name="testEqualsAndHashCode()" classname="org.springframework.aop.support.ControlFlowPointcutTests" time="0.001"/>
  <system-out><![CDATA[]]></system-out>
  <system-err><![CDATA[]]></system-err>
</testsuite>
