<?xml version="1.0" encoding="UTF-8"?>
<testsuite name="org.springframework.aop.target.ThreadLocalTargetSourceTests" tests="5" skipped="0" failures="0" errors="0" timestamp="2020-06-22T06:03:18" hostname="aiguoxindeMacBook-Pro.local" time="0.085">
  <properties/>
  <testcase name="testUseDifferentManagedInstancesInSameThread()" classname="org.springframework.aop.target.ThreadLocalTargetSourceTests" time="0.047"/>
  <testcase name="testNewThreadHasOwnInstance()" classname="org.springframework.aop.target.ThreadLocalTargetSourceTests" time="0.013"/>
  <testcase name="testReuseDestroyedTarget()" classname="org.springframework.aop.target.ThreadLocalTargetSourceTests" time="0.008"/>
  <testcase name="testReuseInSameThread()" classname="org.springframework.aop.target.ThreadLocalTargetSourceTests" time="0.008"/>
  <testcase name="testCanGetStatsViaMixin()" classname="org.springframework.aop.target.ThreadLocalTargetSourceTests" time="0.008"/>
  <system-out><![CDATA[]]></system-out>
  <system-err><![CDATA[]]></system-err>
</testsuite>
