<?xml version="1.0" encoding="UTF-8"?>
<testsuite name="org.springframework.aop.framework.adapter.ThrowsAdviceInterceptorTests" tests="6" skipped="0" failures="0" errors="0" timestamp="2020-06-22T06:03:14" hostname="aiguoxindeMacBook-Pro.local" time="0.745">
  <properties/>
  <testcase name="testCorrectHandlerUsedForSubclass()" classname="org.springframework.aop.framework.adapter.ThrowsAdviceInterceptorTests" time="0.722"/>
  <testcase name="testCorrectHandlerUsed()" classname="org.springframework.aop.framework.adapter.ThrowsAdviceInterceptorTests" time="0.009"/>
  <testcase name="testNotInvoked()" classname="org.springframework.aop.framework.adapter.ThrowsAdviceInterceptorTests" time="0.001"/>
  <testcase name="testHandlerMethodThrowsException()" classname="org.springframework.aop.framework.adapter.ThrowsAdviceInterceptorTests" time="0.005"/>
  <testcase name="testNoHandlerMethods()" classname="org.springframework.aop.framework.adapter.ThrowsAdviceInterceptorTests" time="0.001"/>
  <testcase name="testNoHandlerMethodForThrowable()" classname="org.springframework.aop.framework.adapter.ThrowsAdviceInterceptorTests" time="0.003"/>
  <system-out><![CDATA[]]></system-out>
  <system-err><![CDATA[]]></system-err>
</testsuite>
