<?xml version="1.0" encoding="UTF-8"?>
<testsuite name="org.springframework.aop.aspectj.annotation.ReflectiveAspectJAdvisorFactoryTests" tests="25" skipped="1" failures="0" errors="0" timestamp="2020-06-22T06:03:11" hostname="aiguoxindeMacBook-Pro.local" time="2.018">
  <properties/>
  <testcase name="rejectsPerCflowAspect()" classname="org.springframework.aop.aspectj.annotation.ReflectiveAspectJAdvisorFactoryTests" time="0.003"/>
  <testcase name="introductionOnTargetNotImplementingInterface()" classname="org.springframework.aop.aspectj.annotation.ReflectiveAspectJAdvisorFactoryTests" time="0.425"/>
  <testcase name="introductionWithArgumentBinding()" classname="org.springframework.aop.aspectj.annotation.ReflectiveAspectJAdvisorFactoryTests" time="0.004">
    <skipped/>
  </testcase>
  <testcase name="multiplePerTargetAspectsWithOrderAnnotation()" classname="org.springframework.aop.aspectj.annotation.ReflectiveAspectJAdvisorFactoryTests" time="0.45"/>
  <testcase name="rejectsPerCflowBelowAspect()" classname="org.springframework.aop.aspectj.annotation.ReflectiveAspectJAdvisorFactoryTests" time="0.001"/>
  <testcase name="bindingWithMultipleArgsDifferentlyOrdered()" classname="org.springframework.aop.aspectj.annotation.ReflectiveAspectJAdvisorFactoryTests" time="0.015"/>
  <testcase name="perThisAspect()" classname="org.springframework.aop.aspectj.annotation.ReflectiveAspectJAdvisorFactoryTests" time="0.178"/>
  <testcase name="failureWithoutExplicitDeclarePrecedence()" classname="org.springframework.aop.aspectj.annotation.ReflectiveAspectJAdvisorFactoryTests" time="0.07"/>
  <testcase name="introductionAdvisorExcludedFromTargetImplementingInterface()" classname="org.springframework.aop.aspectj.annotation.ReflectiveAspectJAdvisorFactoryTests" time="0.008"/>
  <testcase name="namedPointcutFromAspectLibrary()" classname="org.springframework.aop.aspectj.annotation.ReflectiveAspectJAdvisorFactoryTests" time="0.013"/>
  <testcase name="namedPointcutAspectWithFQN()" classname="org.springframework.aop.aspectj.annotation.ReflectiveAspectJAdvisorFactoryTests" time="0.004"/>
  <testcase name="bindingWithSingleArg()" classname="org.springframework.aop.aspectj.annotation.ReflectiveAspectJAdvisorFactoryTests" time="0.032"/>
  <testcase name="aspectMethodThrowsExceptionLegalOnSignature()" classname="org.springframework.aop.aspectj.annotation.ReflectiveAspectJAdvisorFactoryTests" time="0.004"/>
  <testcase name="namedPointcutFromAspectLibraryWithBinding()" classname="org.springframework.aop.aspectj.annotation.ReflectiveAspectJAdvisorFactoryTests" time="0.004"/>
  <testcase name="introductionOnTargetImplementingInterface()" classname="org.springframework.aop.aspectj.annotation.ReflectiveAspectJAdvisorFactoryTests" time="0.021"/>
  <testcase name="introductionOnTargetExcludedByTypePattern()" classname="org.springframework.aop.aspectj.annotation.ReflectiveAspectJAdvisorFactoryTests" time="0.063"/>
  <testcase name="perTypeWithinAspect()" classname="org.springframework.aop.aspectj.annotation.ReflectiveAspectJAdvisorFactoryTests" time="0.273"/>
  <testcase name="introductionBasedOnAnnotationMatch_SPR5307()" classname="org.springframework.aop.aspectj.annotation.ReflectiveAspectJAdvisorFactoryTests" time="0.015"/>
  <testcase name="namedPointcutAspectWithoutFQN()" classname="org.springframework.aop.aspectj.annotation.ReflectiveAspectJAdvisorFactoryTests" time="0.003"/>
  <testcase name="twoAdvicesOnOneAspect()" classname="org.springframework.aop.aspectj.annotation.ReflectiveAspectJAdvisorFactoryTests" time="0.003"/>
  <testcase name="aspectMethodThrowsExceptionIllegalOnSignature()" classname="org.springframework.aop.aspectj.annotation.ReflectiveAspectJAdvisorFactoryTests" time="0.002"/>
  <testcase name="declarePrecedenceNotSupported()" classname="org.springframework.aop.aspectj.annotation.ReflectiveAspectJAdvisorFactoryTests" time="0.003"/>
  <testcase name="perTargetAspect()" classname="org.springframework.aop.aspectj.annotation.ReflectiveAspectJAdvisorFactoryTests" time="0.115"/>
  <testcase name="afterAdviceTypes()" classname="org.springframework.aop.aspectj.annotation.ReflectiveAspectJAdvisorFactoryTests" time="0.156"/>
  <testcase name="multiplePerTargetAspects()" classname="org.springframework.aop.aspectj.annotation.ReflectiveAspectJAdvisorFactoryTests" time="0.124"/>
  <system-out><![CDATA[org.springframework.aop.aspectj.DeclareParentsAdvisor@6237cc67
]]></system-out>
  <system-err><![CDATA[]]></system-err>
</testsuite>
